MPRINT(EM_DIAGRAM):    data _null_;
MPRINT(EM_DIAGRAM):   call symput('NLDATE', strip(put(date(), NLDATE.)));
MPRINT(EM_DIAGRAM):   call symput('NLTIME', strip(put(datetime(), NLTIME.)));
MPRINT(EM_DIAGRAM):   run;
MPRINT(EM_DIAGRAM):   data _null_;
MPRINT(EM_DIAGRAM):   nldate= sasmsg("sashelp.dmine", "log_date_note", 'N', "December 09, 2019" );
MPRINT(EM_DIAGRAM):   nltime= sasmsg("sashelp.dmine", "log_time_note", 'N', "17:30:08" );
MPRINT(EM_DIAGRAM):   put "*------------------------------------------------------------*";
MPRINT(EM_DIAGRAM):   put "* Training Log";
MPRINT(EM_DIAGRAM):   put nldate;
MPRINT(EM_DIAGRAM):   put nltime;
MPRINT(EM_DIAGRAM):   put "*------------------------------------------------------------*";
MPRINT(EM_DIAGRAM):   run;
*------------------------------------------------------------*
* Training Log
Date:                December 09, 2019
Time:                17:30:08
*------------------------------------------------------------*
MPRINT(EM_DIAGRAM):    filename O2VLWAR9 "C:\Users\student\Desktop\AA490\Project\AA490_Project\Modeling\Labor Force Model\Workspaces\EMWS2\Trans\EMTRAIN.out" encoding="UTF-8" NOBOM;
MPRINT(EM_DIAGRAM):   proc printto print=O2VLWAR9 new;
MPRINT(EM_DIAGRAM):   run;
MPRINT(EM_DIAGRAM):    filename _LOG "C:\Users\student\Desktop\AA490\Project\AA490_Project\Modeling\Labor Force Model\Workspaces\EMWS2\Trans\EMLOG.log" encoding="UTF-8" NOBOM;
MPRINT(EM_DIAGRAM):    data _null_;
MPRINT(EM_DIAGRAM):   call symput('NLDATE', strip(put(date(), NLDATE.)));
MPRINT(EM_DIAGRAM):   call symput('NLTIME', strip(put(datetime(), NLTIME.)));
MPRINT(EM_DIAGRAM):   run;
MPRINT(EM_DIAGRAM):   data _null_;
MPRINT(EM_DIAGRAM):   nldate= sasmsg("sashelp.dmine", "log_date_note", 'N', "December 09, 2019" );
MPRINT(EM_DIAGRAM):   nltime= sasmsg("sashelp.dmine", "log_time_note", 'N', "17:30:08" );
MPRINT(EM_DIAGRAM):   file _LOG;
MPRINT(EM_DIAGRAM):   put "*------------------------------------------------------------*";
MPRINT(EM_DIAGRAM):   put "User:                student";
MPRINT(EM_DIAGRAM):   put nldate;
MPRINT(EM_DIAGRAM):   put nltime;
MPRINT(EM_DIAGRAM):   put "Site:                70082322";
MPRINT(EM_DIAGRAM):   put "Platform:            X64_10PRO";
MPRINT(EM_DIAGRAM):   put "Maintenance Release: 9.04.01M4P110916";
MPRINT(EM_DIAGRAM):   put "EM Version:          14.2";
MPRINT(EM_DIAGRAM):   put "* ";
MPRINT(EM_DIAGRAM):   run;
MPRINT(EM_DIAGRAM):    filename _LOGIN "C:\Users\student\Desktop\AA490\Project\AA490_Project\Modeling\Labor Force Model\Workspaces\EMWS2\Trans\EMTRAIN.log" encoding="UTF-8" NOBOM;
MPRINT(EM_COPYFILE):   data _null_;
MPRINT(EM_COPYFILE):   length line $20000;
MPRINT(EM_COPYFILE):   file _LOG MOD lrecl=20000;
MPRINT(EM_COPYFILE):   fid=fopen("_LOGIN",'i',20000,'v');
MPRINT(EM_COPYFILE):   if fid > 0 then do;
MPRINT(EM_COPYFILE):   do while(^fread(fid));
MPRINT(EM_COPYFILE):   rlen = frlen(fid);
MPRINT(EM_COPYFILE):   rc= fget(fid,line,20000);
MPRINT(EM_COPYFILE):   start = length(line)-length(left(line))+1;
MPRINT(EM_COPYFILE):   line=strip(line);
MPRINT(EM_COPYFILE):   put @start line;
MPRINT(EM_COPYFILE):   end;
MPRINT(EM_COPYFILE):   if fid > 0 then rc=fclose(fid);
MPRINT(EM_COPYFILE):   end;
MPRINT(EM_COPYFILE):   run;
MPRINT(EM_DIAGRAM):  ;
MPRINT(EM_DIAGRAM):   filename _LOGIN;
MPRINT(EM_DIAGRAM):    data _null_;
MPRINT(EM_DIAGRAM):   file _LOG mod;
MPRINT(EM_DIAGRAM):   put _page_;
MPRINT(EM_DIAGRAM):   run;
MPRINT(EM_DIAGRAM):   filename _LOGIN "C:\Users\student\Desktop\AA490\Project\AA490_Project\Modeling\Labor Force Model\Workspaces\EMWS2\Trans\EMSCORE.log" encoding="UTF-8" NOBOM;
MPRINT(EM_DIAGRAM):  ;
MPRINT(EM_DIAGRAM):   data _null_;
MPRINT(EM_DIAGRAM):   file _LOG mod;
MPRINT(EM_DIAGRAM):   put _page_;
MPRINT(EM_DIAGRAM):   run;
MPRINT(EM_DIAGRAM):    filename _LOGIN "C:\Users\student\Desktop\AA490\Project\AA490_Project\Modeling\Labor Force Model\Workspaces\EMWS2\Trans\EMREPORT.log" encoding="UTF-8" NOBOM;
MPRINT(EM_DIAGRAM):  ;
MPRINT(EM_DIAGRAM):   filename _LOGIN;
MPRINT(EM_DIAGRAM):    filename _LOG;
MPRINT(EM_DIAGRAM):    filename _OUT "C:\Users\student\Desktop\AA490\Project\AA490_Project\Modeling\Labor Force Model\Workspaces\EMWS2\Trans\EMOUTPUT.out" encoding="UTF-8" NOBOM;
MPRINT(EM_DIAGRAM):    data _null_;
MPRINT(EM_DIAGRAM):   call symput('NLDATE', strip(put(date(), NLDATE.)));
MPRINT(EM_DIAGRAM):   call symput('NLTIME', strip(put(datetime(), NLTIME.)));
MPRINT(EM_DIAGRAM):   run;
MPRINT(EM_DIAGRAM):   data _null_;
MPRINT(EM_DIAGRAM):   nldate= sasmsg("sashelp.dmine", "log_date_note", 'N', "December 09, 2019" );
MPRINT(EM_DIAGRAM):   nltime= sasmsg("sashelp.dmine", "log_time_note", 'N', "17:30:08" );
MPRINT(EM_DIAGRAM):   file _OUT;
MPRINT(EM_DIAGRAM):   put "*------------------------------------------------------------*";
MPRINT(EM_DIAGRAM):   put "User:                student";
MPRINT(EM_DIAGRAM):   put nldate;
MPRINT(EM_DIAGRAM):   put nltime;
MPRINT(EM_DIAGRAM):   put "*------------------------------------------------------------*";
MPRINT(EM_DIAGRAM):   put "* Training Output";
MPRINT(EM_DIAGRAM):   put "*------------------------------------------------------------*";
MPRINT(EM_DIAGRAM):   run;
MPRINT(EM_DIAGRAM):    filename _OUTIN "C:\Users\student\Desktop\AA490\Project\AA490_Project\Modeling\Labor Force Model\Workspaces\EMWS2\Trans\EMTRAIN.out" encoding="UTF-8" NOBOM;
MPRINT(EM_DIAGRAM):   ;
MPRINT(EM_COPYFILE):   data _null_;
MPRINT(EM_COPYFILE):   length line $20000;
MPRINT(EM_COPYFILE):   file _OUT MOD lrecl=20000;
MPRINT(EM_COPYFILE):   fid=fopen("_OUTIN",'i',20000,'v');
MPRINT(EM_COPYFILE):   if fid > 0 then do;
MPRINT(EM_COPYFILE):   do while(^fread(fid));
MPRINT(EM_COPYFILE):   rlen = frlen(fid);
MPRINT(EM_COPYFILE):   rc= fget(fid,line,20000);
MPRINT(EM_COPYFILE):   start = length(line)-length(left(line))+1;
MPRINT(EM_COPYFILE):   line=strip(line);
MPRINT(EM_COPYFILE):   put @start line;
MPRINT(EM_COPYFILE):   end;
MPRINT(EM_COPYFILE):   if fid > 0 then rc=fclose(fid);
MPRINT(EM_COPYFILE):   end;
MPRINT(EM_COPYFILE):   run;
MPRINT(EM_DIAGRAM):  ;
MPRINT(EM_DIAGRAM):   filename _OUTIN;
MPRINT(EM_DIAGRAM):    data _null_;
MPRINT(EM_DIAGRAM):   file _OUT mod;
MPRINT(EM_DIAGRAM):   put _page_;
MPRINT(EM_DIAGRAM):   put // "*------------------------------------------------------------*";
MPRINT(EM_DIAGRAM):   put "* Score Output";
MPRINT(EM_DIAGRAM):   put "*------------------------------------------------------------*";
MPRINT(EM_DIAGRAM):   run;
MPRINT(EM_DIAGRAM):    filename _OUTIN "C:\Users\student\Desktop\AA490\Project\AA490_Project\Modeling\Labor Force Model\Workspaces\EMWS2\Trans\EMSCORE.out" encoding="UTF-8" NOBOM;
MPRINT(EM_DIAGRAM):  ;
MPRINT(EM_DIAGRAM):   filename _OUTIN;
MPRINT(EM_DIAGRAM):    data _null_;
MPRINT(EM_DIAGRAM):   file _OUT mod;
MPRINT(EM_DIAGRAM):   put _page_;
MPRINT(EM_DIAGRAM):   put // "*------------------------------------------------------------*";
MPRINT(EM_DIAGRAM):   put "* Report Output";
MPRINT(EM_DIAGRAM):   put "*------------------------------------------------------------*";
MPRINT(EM_DIAGRAM):   run;
MPRINT(EM_DIAGRAM):    filename _OUTIN "C:\Users\student\Desktop\AA490\Project\AA490_Project\Modeling\Labor Force Model\Workspaces\EMWS2\Trans\EMREPORT.out" encoding="UTF-8" NOBOM;
MPRINT(EM_DIAGRAM):  ;
MPRINT(EM_DIAGRAM):   filename _OUTIN;
MPRINT(EM_DIAGRAM):    filename _OUT;
MPRINT(EM_DIAGRAM):    filename _emtool_ 'C:\Users\student\Desktop\AA490\Project\AA490_Project\Modeling\Labor Force Model\Workspaces\EMWS2\Trans\EMRUNSTATUS.xml' encoding="UTF-8" NOBOM;
22200      proc freq data=EMWS2.Trans_VariableSet noprint;
MPRINT(EM_DIAGRAM):    proc freq data=EMWS2.Trans_VariableSet noprint;
22201      table ROLE*LEVEL/out=WORK.TransMETA;
MPRINT(EM_DIAGRAM):   table ROLE*LEVEL/out=WORK.TransMETA;
22202      run;
MPRINT(EM_DIAGRAM):   run;

NOTE: There were 5 observations read from the data set EMWS2.TRANS_VARIABLESET.
NOTE: The data set WORK.TRANSMETA has 3 observations and 4 variables.
NOTE: PROCEDURE FREQ used (Total process time):
      real time           0.01 seconds
      cpu time            0.01 seconds
      

22203      proc print data=WORK.TransMETA label noobs;
MPRINT(EM_DIAGRAM):   proc print data=WORK.TransMETA label noobs;
22204      var ROLE LEVEL COUNT;
MPRINT(EM_DIAGRAM):   var ROLE LEVEL COUNT;
22205      label ROLE = "%sysfunc(sasmsg(sashelp.dmine, meta_role_vlabel, NOQUOTE))" LEVEL = "%sysfunc(sasmsg(sashelp.dmine, meta_level_vlabel, NOQUOTE))" COUNT = "%sysfunc(sasmsg(sashelp.dmine, rpt_count_vlabel, NOQUOTE))";
MPRINT(EM_DIAGRAM):   label ROLE = "Role" LEVEL = "Measurement Level" COUNT = "Frequency Count";
22206      title9 ' ';
MPRINT(EM_DIAGRAM):   title9 ' ';
22207      title10 "%sysfunc(sasmsg(sashelp.dmine, rpt_varSummary_title  , NOQUOTE))";
MPRINT(EM_DIAGRAM):   title10 "Variable Summary";
MPRINT(EM_DIAGRAM):   run;
22208      run;

NOTE: There were 3 observations read from the data set WORK.TRANSMETA.
NOTE: The PROCEDURE PRINT printed page 1.
NOTE: PROCEDURE PRINT used (Total process time):
      real time           0.01 seconds
      cpu time            0.01 seconds
      

22209      title10;
MPRINT(EM_DIAGRAM):   title10;
22210      data WORK.M1B0PR83;
MPRINT(EM_DIAGRAM):    data WORK.M1B0PR83;
22211      set WORK.M1B0PR83;
MPRINT(EM_DIAGRAM):   set WORK.M1B0PR83;
22212      if (METHOD='NONE' and ROLE ne 'FREQ') or (role = 'REJECTED' and METHOD = 'DEFAULT') then delete;
MPRINT(EM_DIAGRAM):   if (METHOD='NONE' and ROLE ne 'FREQ') or (role = 'REJECTED' and METHOD = 'DEFAULT') then delete;
22213      run;
MPRINT(EM_DIAGRAM):   run;

NOTE: There were 5 observations read from the data set WORK.M1B0PR83.
NOTE: The data set WORK.M1B0PR83 has 5 observations and 22 variables.
NOTE: DATA statement used (Total process time):
      real time           0.01 seconds
      cpu time            0.00 seconds
      

22278      *------------------------------------------------------------*;
MPRINT(EM_DIAGRAM):     *------------------------------------------------------------*;
22279      * Trans: Computing Summary Statistics;
MPRINT(EM_DIAGRAM):   * Trans: Computing Summary Statistics;
22280      *------------------------------------------------------------*;
MPRINT(EM_DIAGRAM):   *------------------------------------------------------------*;
22281      data WORK.M1WEVLLV;
MPRINT(EM_DIAGRAM):   data WORK.M1WEVLLV;
22282      set WORK.M1WEVLLV;
MPRINT(EM_DIAGRAM):   set WORK.M1WEVLLV;
22283      if (role = 'REJECTED') then role = 'INPUT';
MPRINT(EM_DIAGRAM):   if (role = 'REJECTED') then role = 'INPUT';
22284      run;
MPRINT(EM_DIAGRAM):   run;

NOTE: There were 5 observations read from the data set WORK.M1WEVLLV.
NOTE: The data set WORK.M1WEVLLV has 5 observations and 22 variables.
NOTE: DATA statement used (Total process time):
      real time           0.01 seconds
      cpu time            0.01 seconds
      

22285      *------------------------------------------------------------* ;
MPRINT(EM_DIAGRAM):    *------------------------------------------------------------* ;
22286      * EM: DMDBClass Macro ;
MPRINT(EM_DIAGRAM):   * EM: DMDBClass Macro ;
22287      *------------------------------------------------------------* ;
MPRINT(EM_DIAGRAM):   *------------------------------------------------------------* ;
22288      %macro DMDBClass;
22289          Age_group(ASC) Disease(ASC) Gender(ASC)
22290      %mend DMDBClass;
22291      *------------------------------------------------------------* ;
MPRINT(EM_DIAGRAM):   *------------------------------------------------------------* ;
22292      * EM: DMDBVar Macro ;
MPRINT(EM_DIAGRAM):   * EM: DMDBVar Macro ;
22293      *------------------------------------------------------------* ;
MPRINT(EM_DIAGRAM):   *------------------------------------------------------------* ;
22294      %macro DMDBVar;
22295          Cases_in_1000s Population_in_thousands
22296      %mend DMDBVar;
22297      *------------------------------------------------------------*;
MPRINT(EM_DIAGRAM):   *------------------------------------------------------------*;
22298      * EM: Create DMDB;
MPRINT(EM_DIAGRAM):   * EM: Create DMDB;
22299      *------------------------------------------------------------*;
MPRINT(EM_DIAGRAM):   *------------------------------------------------------------*;
22300      proc dmdb batch data=EMWS2.Part_TRAIN
22301      dmdbcat=WORK.EM_DMDB
22302      classout=WORK.Transclassout
22303      maxlevel = 513
22304      ;
MPRINT(EM_DIAGRAM):   proc dmdb batch data=EMWS2.Part_TRAIN dmdbcat=WORK.EM_DMDB classout=WORK.Transclassout maxlevel = 513 ;
MPRINT(EM_DIAGRAM):   class
22305      class %DMDBClass;
MPRINT(DMDBCLASS):   Age_group(ASC) Disease(ASC) Gender(ASC)
MPRINT(EM_DIAGRAM):  ;
MPRINT(EM_DIAGRAM):   var
22306      var %DMDBVar;
MPRINT(DMDBVAR):   Cases_in_1000s Population_in_thousands
MPRINT(EM_DIAGRAM):  ;
22307      target
22308      Cases_in_1000s
22309      ;
MPRINT(EM_DIAGRAM):   target Cases_in_1000s ;
22310      run;
MPRINT(EM_DIAGRAM):   run;

NOTE: Records processed = 500   Memory used = 511K.
NOTE: There were 500 observations read from the data set EMWS2.PART_TRAIN.
NOTE: The data set WORK.TRANSCLASSOUT has 13 observations and 9 variables.
NOTE: PROCEDURE DMDB used (Total process time):
      real time           0.00 seconds
      cpu time            0.00 seconds
      

MPRINT(EM_DIAGRAM):   quit;
MPRINT(EM_DIAGRAM):   *--- end code ---*;
22311      quit;
22312      *--- end code ---*;

22313      data WORK.TransINTERVALMETA;
MPRINT(EM_DIAGRAM):    data WORK.TransINTERVALMETA;
22314      set WORK.M1B0PR83;
MPRINT(EM_DIAGRAM):   set WORK.M1B0PR83;
22315      if LEVEL ne 'INTERVAL' then delete;
MPRINT(EM_DIAGRAM):   if LEVEL ne 'INTERVAL' then delete;
22316      run;
MPRINT(EM_DIAGRAM):   run;

NOTE: There were 5 observations read from the data set WORK.M1B0PR83.
NOTE: The data set WORK.TRANSINTERVALMETA has 2 observations and 22 variables.
NOTE: DATA statement used (Total process time):
      real time           0.00 seconds
      cpu time            0.00 seconds
      

22317      *------------------------------------------------------------*;
MPRINT(EM_DIAGRAM):    *------------------------------------------------------------*;
22318      * Trans: Determining Variables to Scale;
MPRINT(EM_DIAGRAM):   * Trans: Determining Variables to Scale;
22319      *------------------------------------------------------------*;
MPRINT(EM_DIAGRAM):   *------------------------------------------------------------*;
22320      data WORK.M20_M4WI;
MPRINT(EM_DIAGRAM):   data WORK.M20_M4WI;
22321      set WORK.M20_M4WI;
MPRINT(EM_DIAGRAM):   set WORK.M20_M4WI;
22322      where (TYPE="N" and (METHOD in("MAX_NORM", "MAX_CORR", "EQUALIZE", "OP_MAX_NORM", "OP_EQUALIZE"))) or (ROLE eq "FREQ");
MPRINT(EM_DIAGRAM):   where (TYPE="N" and (METHOD in("MAX_NORM", "MAX_CORR", "EQUALIZE", "OP_MAX_NORM", "OP_EQUALIZE"))) or (ROLE eq "FREQ");
22323      run;
MPRINT(EM_DIAGRAM):   run;

NOTE: There were 0 observations read from the data set WORK.M20_M4WI.
      WHERE ((TYPE='N') and METHOD in ('EQUALIZE', 'MAX_CORR', 'MAX_NORM', 'OP_EQUALIZE', 'OP_MAX_NORM')) or (ROLE='FREQ');
NOTE: The data set WORK.M20_M4WI has 0 observations and 22 variables.
NOTE: DATA statement used (Total process time):
      real time           0.00 seconds
      cpu time            0.00 seconds
      

*------------------------------------------------------------* 
*  Trans: Equalize transformation requires a class target variable.  Transformation will be ignored. 
*------------------------------------------------------------* 
*------------------------------------------------------------* 
*  Trans: Optimize equalize max. transformation requires a class target variable.  Transformation will be ignored. 
*------------------------------------------------------------* 
MPRINT(EM_DIAGRAM):      proc printto;
MPRINT(EM_DIAGRAM):   run;
