NOTE: PROCEDURE PRINTTO used (Total process time):
      real time           0.00 seconds
      cpu time            0.00 seconds
      

1 
Traverser: Traverser invoked.  MPCONNECT command is sas. 
Traverser: Beginning flow traversal 
*------------------------------------------------------------* 
* 
* Ids : Beginning Update 
* datetime : 21NOV2019:15:06:27 
* 
*------------------------------------------------------------* 
53085      %let _HPDMGRIDHOST=;
53086      %let _HPDMGRIDINSTALLLOC=;
53087      %let _HPDMGRIDDATASERVER=;
53088      %hpdm_gridSetOPtions;

NOTE: DATA statement used (Total process time):
      real time           0.00 seconds
      cpu time            0.00 seconds
      


*------------------------------------------------------------* 
* 
* Ids : End Update 
* datetime : 21NOV2019:15:06:27 
* 
*------------------------------------------------------------* 
Traverser: WaitingNode "PART" 
Traverser: WaitingNode "CNTRL" 
Traverser: WaitingNode "TRANS" 
traverser_readyNode_note 
*------------------------------------------------------------* 
* 
* Stat : Beginning Update 
* datetime : 21NOV2019:15:06:28 
* 
*------------------------------------------------------------* 
53109      %let _HPDMGRIDHOST=;
53110      %let _HPDMGRIDINSTALLLOC=;
53111      %let _HPDMGRIDDATASERVER=;
53112      %hpdm_gridSetOPtions;

NOTE: DATA statement used (Total process time):
      real time           0.00 seconds
      cpu time            0.01 seconds
      


*------------------------------------------------------------* 
* 
* Stat : End Update 
* datetime : 21NOV2019:15:06:28 
* 
*------------------------------------------------------------* 
Traverser: WaitingNode "CNTRL" 
Traverser: WaitingNode "TRANS" 
traverser_readyNode_note 
*------------------------------------------------------------* 
* 
* Part : Beginning Update 
* datetime : 21NOV2019:15:06:28 
* 
*------------------------------------------------------------* 
53131      %let _HPDMGRIDHOST=;
53132      %let _HPDMGRIDINSTALLLOC=;
53133      %let _HPDMGRIDDATASERVER=;
53134      %hpdm_gridSetOPtions;

NOTE: DATA statement used (Total process time):
      real time           0.00 seconds
      cpu time            0.00 seconds
      


*------------------------------------------------------------* 
* 
* Part : End Update 
* datetime : 21NOV2019:15:06:28 
* 
*------------------------------------------------------------* 
Traverser: WaitingNode "TRANS" 
traverser_readyNode_note 
traverser_readyNode_note 
*------------------------------------------------------------* 
* 
* Trans : Beginning Update 
* datetime : 21NOV2019:15:06:29 
* 
*------------------------------------------------------------* 
53154      %let _HPDMGRIDHOST=;
53155      %let _HPDMGRIDINSTALLLOC=;
53156      %let _HPDMGRIDDATASERVER=;
53157      %hpdm_gridSetOPtions;

NOTE: DATA statement used (Total process time):
      real time           0.00 seconds
      cpu time            0.00 seconds
      


*------------------------------------------------------------* 
* 
* Trans : End Update 
* datetime : 21NOV2019:15:06:29 
* 
*------------------------------------------------------------* 
Traverser: Run Completed 
53158      proc printto;
53159      run;

