 
                                                                                                                                                                                                                                                                
 
 
Fit Statistics

Target=Cases_in_1000s Target Label=' '

   Fit
Statistics    Statistics Label                       Train    Validation          Test

 _AIC_        Akaike's Information Criterion       6475.77           .             .  
 _ASE_        Average Squared Error                5856.64       5916.75       5011.02
 _AVERR_      Average Error Function               5856.64       5916.75       5011.02
 _DFE_        Degrees of Freedom for Error          728.00           .             .  
 _DFM_        Model Degrees of Freedom               15.00           .             .  
 _DFT_        Total Degrees of Freedom              743.00           .             .  
 _DIV_        Divisor for ASE                       743.00        558.00        556.00
 _ERR_        Error Function                    4351486.11    3301544.68    2786126.76
 _FPE_        Final Prediction Error               6097.99           .             .  
 _MAX_        Maximum Absolute Error                420.69        525.79        332.89
 _MSE_        Mean Square Error                    5977.32       5916.75       5011.02
 _NOBS_       Sum of Frequencies                    743.00        558.00        556.00
 _NW_         Number of Estimate Weights             15.00           .             .  
 _RASE_       Root Average Sum of Squares            76.53         76.92         70.79
 _RFPE_       Root Final Prediction Error            78.09           .             .  
 _RMSE_       Root Mean Squared Error                77.31         76.92         70.79
 _SBC_        Schwarz's Bayesian Criterion         6544.93           .             .  
 _SSE_        Sum of Squared Errors             4351486.11    3301544.68    2786126.76
 _SUMW_       Sum of Case Weights Times Freq        743.00        558.00        556.00
 
                                                                                                                                                                                                                                                                
 
 
Assessment Score Rankings

Data Role=TRAIN Target Variable=Cases_in_1000s Target Label=' '

           Number of       Mean        Mean
Depth    Observations     Target    Predicted

   5          40         450.375      281.473
  10          28         223.071      238.860
  15          44         137.227      178.290
  20          35         135.514      148.412
  25          42          69.881      139.872
  30          30          84.067      127.919
  35          39          44.718      113.912
  40          35          25.686      101.857
  45          40          13.400       72.991
  50          39          33.179       50.283
  55          34          63.824       34.607
  60          37          30.027       26.819
  65          40          20.300       19.296
  70          37          19.432        9.311
  75          39          24.308        5.140
  80          36          37.306       -3.423
  85          41           6.488      -10.055
  90          38           9.184      -21.951
  95          32           4.375      -31.292
 100          37           1.270      -49.305


Data Role=VALIDATE Target Variable=Cases_in_1000s Target Label=' '

           Number of        Mean       Mean
Depth    Observations     Target    Predicted

   5          30         368.700      270.871
  10          24         180.375      224.286
  15          27         202.556      160.983
  20          27         100.148      144.964
  25          30          65.067      132.581
  30          31          48.645      120.717
  35          30          33.967      110.904
  40          22          27.864      102.796
  45          32          13.094       76.242
  50          27          37.259       54.655
  55          25          61.080       36.489
  60          34          26.176       28.601
  65          22          15.682       21.040
  70          38          14.605       10.556
  75          20          19.750        5.227
  80          27          23.593       -3.187
  85          29          13.172       -9.547
  90          27          10.000      -19.053
  95          30           2.767      -31.409
 100          26           0.231      -48.878
 
                                                                                                                                                                                                                                                                
 
 
Assessment Score Distribution

Data Role=TRAIN Target Variable=Cases_in_1000s Target Label=' '

    Range for            Mean       Mean        Number of        Model
    Predicted          Target    Predicted    Observations       Score

327.416 -  348.311    627.364      348.311          11         337.864
243.838 -  264.732    323.028      254.072          36         254.285
222.943 -  243.838    266.042      234.961          24         233.391
202.049 -  222.943    105.333      211.168           9         212.496
160.259 -  181.154    161.300      169.759          20         170.707
139.365 -  160.259    112.131      149.412          61         149.812
118.470 -  139.365     75.297      129.558          74         128.917
97.575 -  118.470      29.836      105.623          55         108.023
76.681 -  97.575        2.500       86.019          18          87.128
55.786 -  76.681       21.636       64.683          33          66.233
34.891 -  55.786       31.205       45.513          39          45.339
13.997 -  34.891       38.320       25.689         103          24.444
-6.898 -  13.997       24.485        2.339         132           3.549
-27.793 -  -6.898       7.860      -17.491          50         -17.345
-48.687 -  -27.793      3.016      -33.514          62         -38.240
-69.582 -  -48.687      0.000      -62.914          16         -59.135


Data Role=VALIDATE Target Variable=Cases_in_1000s Target Label=' '

    Range for            Mean       Mean        Number of        Model
    Predicted          Target    Predicted    Observations       Score

327.416 -  348.311    583.000      348.311          5          337.864
264.732 -  285.627    768.500      275.205          2          275.180
243.838 -  264.732    287.348      253.659         23          254.285
222.943 -  243.838    220.923      234.478         13          233.391
202.049 -  222.943    132.455      212.240         11          212.496
160.259 -  181.154    247.357      167.717         14          170.707
139.365 -  160.259    116.472      148.962         36          149.812
118.470 -  139.365     61.612      126.977         67          128.917
97.575 -  118.470      29.620      107.014         50          108.023
76.681 -  97.575        2.200       84.786         15           87.128
55.786 -  76.681       23.750       64.871         32           66.233
34.891 -  55.786       34.875       43.240         24           45.339
13.997 -  34.891       33.025       25.702         80           24.444
-6.898 -  13.997       18.909        1.857         88            3.549
-27.793 -  -6.898      11.698      -17.182         43          -17.345
-48.687 -  -27.793      1.617      -35.630         47          -38.240
-69.582 -  -48.687      0.000      -64.166          8          -59.135
