MPRINT(EM_DIAGRAM):    data _null_;
MPRINT(EM_DIAGRAM):   call symput('NLDATE', strip(put(date(), NLDATE.)));
MPRINT(EM_DIAGRAM):   call symput('NLTIME', strip(put(datetime(), NLTIME.)));
MPRINT(EM_DIAGRAM):   run;
MPRINT(EM_DIAGRAM):   data _null_;
MPRINT(EM_DIAGRAM):   nldate= sasmsg("sashelp.dmine", "log_date_note", 'N', "December 09, 2019" );
MPRINT(EM_DIAGRAM):   nltime= sasmsg("sashelp.dmine", "log_time_note", 'N', "17:23:12" );
MPRINT(EM_DIAGRAM):   put "*------------------------------------------------------------*";
MPRINT(EM_DIAGRAM):   put "* Training Log";
MPRINT(EM_DIAGRAM):   put nldate;
MPRINT(EM_DIAGRAM):   put nltime;
MPRINT(EM_DIAGRAM):   put "*------------------------------------------------------------*";
MPRINT(EM_DIAGRAM):   run;
*------------------------------------------------------------*
* Training Log
Date:                December 09, 2019
Time:                17:23:12
*------------------------------------------------------------*
MPRINT(EM_DIAGRAM):    filename O3D03_Z3 "C:\Users\student\Desktop\AA 490\Final Project\AA490_Project\Base Model\Workspaces\EMWS2\Reg2\EMTRAIN.out" encoding="UTF-8" NOBOM;
MPRINT(EM_DIAGRAM):   proc printto print=O3D03_Z3 new;
MPRINT(EM_DIAGRAM):   run;
MPRINT(EM_DIAGRAM):    filename _LOG "C:\Users\student\Desktop\AA 490\Final Project\AA490_Project\Base Model\Workspaces\EMWS2\Reg2\EMLOG.log" encoding="UTF-8" NOBOM;
MPRINT(EM_DIAGRAM):    data _null_;
MPRINT(EM_DIAGRAM):   call symput('NLDATE', strip(put(date(), NLDATE.)));
MPRINT(EM_DIAGRAM):   call symput('NLTIME', strip(put(datetime(), NLTIME.)));
MPRINT(EM_DIAGRAM):   run;
MPRINT(EM_DIAGRAM):   data _null_;
MPRINT(EM_DIAGRAM):   nldate= sasmsg("sashelp.dmine", "log_date_note", 'N', "December 09, 2019" );
MPRINT(EM_DIAGRAM):   nltime= sasmsg("sashelp.dmine", "log_time_note", 'N', "17:23:12" );
MPRINT(EM_DIAGRAM):   file _LOG;
MPRINT(EM_DIAGRAM):   put "*------------------------------------------------------------*";
MPRINT(EM_DIAGRAM):   put "User:                student";
MPRINT(EM_DIAGRAM):   put nldate;
MPRINT(EM_DIAGRAM):   put nltime;
MPRINT(EM_DIAGRAM):   put "Site:                70082322";
MPRINT(EM_DIAGRAM):   put "Platform:            X64_10PRO";
MPRINT(EM_DIAGRAM):   put "Maintenance Release: 9.04.01M4P110916";
MPRINT(EM_DIAGRAM):   put "EM Version:          14.2";
MPRINT(EM_DIAGRAM):   put "* ";
MPRINT(EM_DIAGRAM):   run;
MPRINT(EM_DIAGRAM):    filename _LOGIN "C:\Users\student\Desktop\AA 490\Final Project\AA490_Project\Base Model\Workspaces\EMWS2\Reg2\EMTRAIN.log" encoding="UTF-8" NOBOM;
MPRINT(EM_COPYFILE):   data _null_;
MPRINT(EM_COPYFILE):   length line $20000;
MPRINT(EM_COPYFILE):   file _LOG MOD lrecl=20000;
MPRINT(EM_COPYFILE):   fid=fopen("_LOGIN",'i',20000,'v');
MPRINT(EM_COPYFILE):   if fid > 0 then do;
MPRINT(EM_COPYFILE):   do while(^fread(fid));
MPRINT(EM_COPYFILE):   rlen = frlen(fid);
MPRINT(EM_COPYFILE):   rc= fget(fid,line,20000);
MPRINT(EM_COPYFILE):   start = length(line)-length(left(line))+1;
MPRINT(EM_COPYFILE):   line=strip(line);
MPRINT(EM_COPYFILE):   put @start line;
MPRINT(EM_COPYFILE):   end;
MPRINT(EM_COPYFILE):   if fid > 0 then rc=fclose(fid);
MPRINT(EM_COPYFILE):   end;
MPRINT(EM_COPYFILE):   run;
MPRINT(EM_DIAGRAM):  ;
MPRINT(EM_DIAGRAM):   filename _LOGIN;
MPRINT(EM_DIAGRAM):    data _null_;
MPRINT(EM_DIAGRAM):   file _LOG mod;
MPRINT(EM_DIAGRAM):   put _page_;
MPRINT(EM_DIAGRAM):   run;
MPRINT(EM_DIAGRAM):   filename _LOGIN "C:\Users\student\Desktop\AA 490\Final Project\AA490_Project\Base Model\Workspaces\EMWS2\Reg2\EMSCORE.log" encoding="UTF-8" NOBOM;
MPRINT(EM_DIAGRAM):  ;
MPRINT(EM_DIAGRAM):   data _null_;
MPRINT(EM_DIAGRAM):   file _LOG mod;
MPRINT(EM_DIAGRAM):   put _page_;
MPRINT(EM_DIAGRAM):   run;
MPRINT(EM_DIAGRAM):    filename _LOGIN "C:\Users\student\Desktop\AA 490\Final Project\AA490_Project\Base Model\Workspaces\EMWS2\Reg2\EMREPORT.log" encoding="UTF-8" NOBOM;
MPRINT(EM_DIAGRAM):  ;
MPRINT(EM_DIAGRAM):   filename _LOGIN;
MPRINT(EM_DIAGRAM):    filename _LOG;
MPRINT(EM_DIAGRAM):    filename _OUT "C:\Users\student\Desktop\AA 490\Final Project\AA490_Project\Base Model\Workspaces\EMWS2\Reg2\EMOUTPUT.out" encoding="UTF-8" NOBOM;
MPRINT(EM_DIAGRAM):    data _null_;
MPRINT(EM_DIAGRAM):   call symput('NLDATE', strip(put(date(), NLDATE.)));
MPRINT(EM_DIAGRAM):   call symput('NLTIME', strip(put(datetime(), NLTIME.)));
MPRINT(EM_DIAGRAM):   run;
MPRINT(EM_DIAGRAM):   data _null_;
MPRINT(EM_DIAGRAM):   nldate= sasmsg("sashelp.dmine", "log_date_note", 'N', "December 09, 2019" );
MPRINT(EM_DIAGRAM):   nltime= sasmsg("sashelp.dmine", "log_time_note", 'N', "17:23:12" );
MPRINT(EM_DIAGRAM):   file _OUT;
MPRINT(EM_DIAGRAM):   put "*------------------------------------------------------------*";
MPRINT(EM_DIAGRAM):   put "User:                student";
MPRINT(EM_DIAGRAM):   put nldate;
MPRINT(EM_DIAGRAM):   put nltime;
MPRINT(EM_DIAGRAM):   put "*------------------------------------------------------------*";
MPRINT(EM_DIAGRAM):   put "* Training Output";
MPRINT(EM_DIAGRAM):   put "*------------------------------------------------------------*";
MPRINT(EM_DIAGRAM):   run;
MPRINT(EM_DIAGRAM):    filename _OUTIN "C:\Users\student\Desktop\AA 490\Final Project\AA490_Project\Base Model\Workspaces\EMWS2\Reg2\EMTRAIN.out" encoding="UTF-8" NOBOM;
MPRINT(EM_DIAGRAM):   ;
MPRINT(EM_COPYFILE):   data _null_;
MPRINT(EM_COPYFILE):   length line $20000;
MPRINT(EM_COPYFILE):   file _OUT MOD lrecl=20000;
MPRINT(EM_COPYFILE):   fid=fopen("_OUTIN",'i',20000,'v');
MPRINT(EM_COPYFILE):   if fid > 0 then do;
MPRINT(EM_COPYFILE):   do while(^fread(fid));
MPRINT(EM_COPYFILE):   rlen = frlen(fid);
MPRINT(EM_COPYFILE):   rc= fget(fid,line,20000);
MPRINT(EM_COPYFILE):   start = length(line)-length(left(line))+1;
MPRINT(EM_COPYFILE):   line=strip(line);
MPRINT(EM_COPYFILE):   put @start line;
MPRINT(EM_COPYFILE):   end;
MPRINT(EM_COPYFILE):   if fid > 0 then rc=fclose(fid);
MPRINT(EM_COPYFILE):   end;
MPRINT(EM_COPYFILE):   run;
MPRINT(EM_DIAGRAM):  ;
MPRINT(EM_DIAGRAM):   filename _OUTIN;
MPRINT(EM_DIAGRAM):    data _null_;
MPRINT(EM_DIAGRAM):   file _OUT mod;
MPRINT(EM_DIAGRAM):   put _page_;
MPRINT(EM_DIAGRAM):   put // "*------------------------------------------------------------*";
MPRINT(EM_DIAGRAM):   put "* Score Output";
MPRINT(EM_DIAGRAM):   put "*------------------------------------------------------------*";
MPRINT(EM_DIAGRAM):   run;
MPRINT(EM_DIAGRAM):    filename _OUTIN "C:\Users\student\Desktop\AA 490\Final Project\AA490_Project\Base Model\Workspaces\EMWS2\Reg2\EMSCORE.out" encoding="UTF-8" NOBOM;
MPRINT(EM_DIAGRAM):  ;
MPRINT(EM_DIAGRAM):   filename _OUTIN;
MPRINT(EM_DIAGRAM):    data _null_;
MPRINT(EM_DIAGRAM):   file _OUT mod;
MPRINT(EM_DIAGRAM):   put _page_;
MPRINT(EM_DIAGRAM):   put // "*------------------------------------------------------------*";
MPRINT(EM_DIAGRAM):   put "* Report Output";
MPRINT(EM_DIAGRAM):   put "*------------------------------------------------------------*";
MPRINT(EM_DIAGRAM):   run;
MPRINT(EM_DIAGRAM):    filename _OUTIN "C:\Users\student\Desktop\AA 490\Final Project\AA490_Project\Base Model\Workspaces\EMWS2\Reg2\EMREPORT.out" encoding="UTF-8" NOBOM;
MPRINT(EM_DIAGRAM):  ;
MPRINT(EM_DIAGRAM):   filename _OUTIN;
MPRINT(EM_DIAGRAM):    filename _OUT;
MPRINT(EM_DIAGRAM):    filename _emtool_ 'C:\Users\student\Desktop\AA 490\Final Project\AA490_Project\Base Model\Workspaces\EMWS2\Reg2\EMRUNSTATUS.xml' encoding="UTF-8" NOBOM;
44373      proc freq data=EMWS2.Reg2_VariableSet noprint;
MPRINT(EM_DIAGRAM):    proc freq data=EMWS2.Reg2_VariableSet noprint;
44374      table ROLE*LEVEL/out=WORK.Reg2META;
MPRINT(EM_DIAGRAM):   table ROLE*LEVEL/out=WORK.Reg2META;
44375      run;
MPRINT(EM_DIAGRAM):   run;

NOTE: There were 5 observations read from the data set EMWS2.REG2_VARIABLESET.
NOTE: The data set WORK.REG2META has 3 observations and 4 variables.
NOTE: PROCEDURE FREQ used (Total process time):
      real time           0.02 seconds
      cpu time            0.01 seconds
      

44376      proc print data=WORK.Reg2META label noobs;
MPRINT(EM_DIAGRAM):   proc print data=WORK.Reg2META label noobs;
44377      var ROLE LEVEL COUNT;
MPRINT(EM_DIAGRAM):   var ROLE LEVEL COUNT;
44378      label ROLE = "%sysfunc(sasmsg(sashelp.dmine, meta_role_vlabel, NOQUOTE))" LEVEL = "%sysfunc(sasmsg(sashelp.dmine, meta_level_vlabel, NOQUOTE))" COUNT = "%sysfunc(sasmsg(sashelp.dmine, rpt_count_vlabel, NOQUOTE))";
MPRINT(EM_DIAGRAM):   label ROLE = "Role" LEVEL = "Measurement Level" COUNT = "Frequency Count";
44379      title9 ' ';
MPRINT(EM_DIAGRAM):   title9 ' ';
44380      title10 "%sysfunc(sasmsg(sashelp.dmine, rpt_varSummary_title  , NOQUOTE))";
MPRINT(EM_DIAGRAM):   title10 "Variable Summary";
MPRINT(EM_DIAGRAM):   run;
44381      run;

NOTE: There were 3 observations read from the data set WORK.REG2META.
NOTE: The PROCEDURE PRINT printed page 9.
NOTE: PROCEDURE PRINT used (Total process time):
      real time           0.00 seconds
      cpu time            0.01 seconds
      

44382      title10;
MPRINT(EM_DIAGRAM):   title10;
44383      %let EMNORLEN = %DMNORLEN;
MPRINT(EM_DIAGRAM):   
EMWS2.Trans_TRAIN EMWS2.Trans_TRAIN 
EMWS2.Trans_TRAIN EMWS2.Trans_TRAIN EMWS2 Trans_TRAIN 
EMWS2.Trans_TRAIN EMWS2.Trans_TRAIN 
EMWS2.Trans_TRAIN EMWS2.Trans_TRAIN EMWS2 Trans_TRAIN 
Executing  SASHELP.EMCORE.EMINFOITERATOR.SCL _INIT >> 
Executing  SASHELP.EMCORE.EMINFOITERATOR.SCL setMetaData >> 
Executing  SASHELP.EMCORE.EMINFOITERATOR.SCL next >> 
Executing  SASHELP.EMCORE.EMINFOITERATOR.SCL setMetaData >> 
Executing  SASHELP.EMCORE.EMINFOITERATOR.SCL next >> 
Executing  SASHELP.EMCORE.EMINFOITERATOR.SCL _term >> 
>>>>>>>>>>>>>> TARGET(   NAME='LG10_Cases_in_1000s' 
                         ROLE='TARGET' 
                         LEVEL='INTERVAL' 
                         ORDER='' 
                         CREATOR='Trans' 
                         FORMATTYPE='' 
                         FAMILY='' 
                         LOWERLIMIT=. 
                         UPPERLIMIT=. 
                         REPORT='N' 
                         DISTRIBUTION='' 
                         COMMENT='log10(Cases_in_1000s  + 1)' 
                         PRICE=. 
                         TYPE='N' 
                         LABEL='Transformed Cases_in_1000s' 
                         FORMAT='' 
                         INFORMAT='' 
                         INDEX='N' 
                         INDEXTYPE='NONE' 
                         LENGTH=8 
                         USE='Y' 
                      )[25819] 
MPRINT(EM_DIAGRAM):   
MPRINT(HPDM_PERFORMANCE):  ;
PERFORMANCE  DETAILS
MPRINT(EM_DIAGRAM):  ;
MPRINT(EM_DIAGRAM):    *------------------------------------------------------------* ;
MPRINT(EM_DIAGRAM):   * EM: DMDBClass Macro ;
MPRINT(EM_DIAGRAM):   *------------------------------------------------------------* ;
MPRINT(EM_DIAGRAM):   *------------------------------------------------------------* ;
MPRINT(EM_DIAGRAM):   * EM: DMDBVar Macro ;
MPRINT(EM_DIAGRAM):   *------------------------------------------------------------* ;
MPRINT(EM_DIAGRAM):   *------------------------------------------------------------*;
MPRINT(EM_DIAGRAM):   * EM: Create DMDB;
MPRINT(EM_DIAGRAM):   *------------------------------------------------------------*;
MPRINT(EM_DIAGRAM):   proc dmdb batch data=EMWS2.Trans_TRAIN dmdbcat=WORK.EM_DMDB maxlevel = 513 ;
MPRINT(EM_DIAGRAM):   var
MPRINT(DMDBVAR):   LG10_Cases_in_1000s
MPRINT(EM_DIAGRAM):  ;
MPRINT(EM_DIAGRAM):   target LG10_Cases_in_1000s ;
MPRINT(EM_DIAGRAM):   run;
MPRINT(EM_DIAGRAM):   quit;
MPRINT(EM_DIAGRAM):   *--- end code ---*;
WORK.EM_DMDB WORK.EM_DMDB 
WORK.EM_DMDB WORK.EM_DMDB WORK EM_DMDB 
MPRINT(EM_DIAGRAM):    proc datasets lib=EMWS2 nolist;
MPRINT(EM_DIAGRAM):   modify Reg2_LG10_Cases_in_10_DD(type=PROFIT label= LG10_Cases_in_1000s);
MPRINT(EM_DIAGRAM):   run;
MPRINT(EM_DIAGRAM):   quit;
MPRINT(EM_DIAGRAM):    *------------------------------------------------------------*;
MPRINT(EM_DIAGRAM):   * Reg2: Determine decision variables for LG10_Cases_in_1000s;
MPRINT(EM_DIAGRAM):   *------------------------------------------------------------*;
MPRINT(EM_DIAGRAM):   data WORK.Reg2_SCORE;
MPRINT(EM_DIAGRAM):   set EMWS2.Trans_TRAIN;
MPRINT(EM_DIAGRAM):   keep LG10_Cases_in_1000s;
MPRINT(EM_DIAGRAM):   keep 'P_LG10_Cases_in_1000s'n;
MPRINT(EM_DIAGRAM):   'P_LG10_Cases_in_1000s'n = 0.5;
MPRINT(EM_DIAGRAM):   if _N_=1 then do;
MPRINT(EM_DIAGRAM):   output;
MPRINT(EM_DIAGRAM):   stop;
MPRINT(EM_DIAGRAM):   end;
MPRINT(EM_DIAGRAM):   run;
MPRINT(EM_DIAGRAM):    data EMWS2.Reg2_LG10_Cases_in_10_DM;
MPRINT(EM_DIAGRAM):   set EMWS2.Reg2_LG10_Cases_in_10_DM;
MPRINT(EM_DIAGRAM):   where _TYPE_ ^in('FREQ', 'BESTPROFIT', 'COMPUTEDPROFIT', 'EXPECTEDPROFIT', 'BESTLOSS', 'COMPUTEDLOSS', 'EXPECTEDLOSS', 'ROI', 'INVESTMENTCOST', 'MODELDECISION');
MPRINT(EM_DIAGRAM):   run;
MPRINT(EM_DIAGRAM):    proc datasets lib=work nolist;
MPRINT(EM_DIAGRAM):   modify LG10_Cases_in_1000s(type=PROFIT label= LG10_Cases_in_1000s);
MPRINT(EM_DIAGRAM):   run;
MPRINT(EM_DIAGRAM):   quit;
MPRINT(EM_DIAGRAM):    data EMWS2.Reg2_LG10_Cases_in_10_DM;
MPRINT(EM_DIAGRAM):   set EMWS2.Reg2_LG10_Cases_in_10_DM end=eof;
MPRINT(EM_DIAGRAM):   output;
MPRINT(EM_DIAGRAM):   if eof then do;
MPRINT(EM_DIAGRAM):   end;
MPRINT(EM_DIAGRAM):   run;
"No decisions defined for target "LG10_Cases_in_1000s"." 
44444      proc print data = EMWS2.Reg2_LG10_Cases_in_10_DM noobs label;
MPRINT(EM_DIAGRAM):    proc print data = EMWS2.Reg2_LG10_Cases_in_10_DM noobs label;
44445      var _type_ variable label;
MPRINT(EM_DIAGRAM):   var _type_ variable label;
44446      where _type_ ^in('MATRIX', 'DECISION', 'TRAINPRIOR', 'DATAPRIOR', 'DECPRIOR');
MPRINT(EM_DIAGRAM):   where _type_ ^in('MATRIX', 'DECISION', 'TRAINPRIOR', 'DATAPRIOR', 'DECPRIOR');
44447      label _TYPE_ = "%sysfunc(sasmsg(sashelp.dmine, rpt_type_vlabel,     NOQUOTE))" VARIABLE = "%sysfunc(sasmsg(sashelp.dmine, rpt_variable_vlabel, NOQUOTE))" LABEL = "%sysfunc(sasmsg(sashelp.dmine, meta_label_vlabel, NOQUOTE))";
MPRINT(EM_DIAGRAM):   label _TYPE_ = "Type" VARIABLE = "Variable" LABEL = "Label";
44448      title9 ' ';
MPRINT(EM_DIAGRAM):   title9 ' ';
44449      title10 "%sysfunc(sasmsg(sashelp.dmine, rpt_predDecVars_title  , NOQUOTE))";
MPRINT(EM_DIAGRAM):   title10 "Predicted and decision variables";
MPRINT(EM_DIAGRAM):   run;
44450      run;

NOTE: There were 3 observations read from the data set EMWS2.REG2_LG10_CASES_IN_10_DM.
      WHERE _type_ not in ('DATAPRIOR', 'DECISION', 'DECPRIOR', 'MATRIX', 'TRAINPRIOR');
NOTE: The PROCEDURE PRINT printed page 10.
NOTE: PROCEDURE PRINT used (Total process time):
      real time           0.01 seconds
      cpu time            0.01 seconds
      

44451      title10;
MPRINT(EM_DIAGRAM):   title10;
MPRINT(EM_DIAGRAM):    *------------------------------------------------------------*;
MPRINT(EM_DIAGRAM):   * Reg2: Preparing metadata for Training *------------------------------------------------------------*;
MPRINT(EM_DIAGRAM):   data WORK.M1U7EMZA;
MPRINT(EM_DIAGRAM):   set WORK.M1U7EMZA;
MPRINT(EM_DIAGRAM):   where use = 'Y' or (role = 'INPUT' and use = 'D') ;
MPRINT(EM_DIAGRAM):   if (role = 'REJECTED') then role = 'INPUT';
MPRINT(EM_DIAGRAM):   if use = 'D' then use = 'Y';
MPRINT(EM_DIAGRAM):   run;
NOTE: There were 3 observations read from the data set EMWS2.REG2_LG10_CASES_IN_10_DD.
NOTE: The data set WORK.LG10_CASES_IN_1000S has 3 observations and 1 variables.
NOTE: There were 3 observations read from the data set EMWS2.REG2_LG10_CASES_IN_10_DD.
NOTE: The data set WORK.LG10_CASES_IN_1000S has 3 observations and 1 variables.
44461      *------------------------------------------------------------*;
MPRINT(EM_DIAGRAM):    *------------------------------------------------------------*;
44462      * Reg2: Create decision matrix;
MPRINT(EM_DIAGRAM):   * Reg2: Create decision matrix;
44463      *------------------------------------------------------------*;
MPRINT(EM_DIAGRAM):   *------------------------------------------------------------*;
44464      data WORK.LG10_Cases_in_1000s(label="LG10_Cases_in_1000s");
MPRINT(EM_DIAGRAM):   data WORK.LG10_Cases_in_1000s(label="LG10_Cases_in_1000s");
44465        length   LG10_Cases_in_1000s                  8
44466                 ;
MPRINT(EM_DIAGRAM):   length LG10_Cases_in_1000s 8 ;
44467      
44468        label    LG10_Cases_in_1000s="Transformed Cases_in_1000s"
44469                 ;
MPRINT(EM_DIAGRAM):   label LG10_Cases_in_1000s= "Transformed Cases_in_1000s" ;
44470       LG10_Cases_in_1000s=0;
MPRINT(EM_DIAGRAM):   LG10_Cases_in_1000s=0;
44471      output;
MPRINT(EM_DIAGRAM):   output;
44472       LG10_Cases_in_1000s=2.62013605497375;
MPRINT(EM_DIAGRAM):   LG10_Cases_in_1000s=2.62013605497375;
44473      output;
MPRINT(EM_DIAGRAM):   output;
44474       LG10_Cases_in_1000s=1.17971457004206;
MPRINT(EM_DIAGRAM):   LG10_Cases_in_1000s=1.17971457004206;
44475      output;
MPRINT(EM_DIAGRAM):   output;
44476      ;
MPRINT(EM_DIAGRAM):   ;
44477      run;
MPRINT(EM_DIAGRAM):   run;

NOTE: The data set WORK.LG10_CASES_IN_1000S has 3 observations and 1 variables.
NOTE: DATA statement used (Total process time):
      real time           0.00 seconds
      cpu time            0.01 seconds
      

44478      proc datasets lib=work nolist;
MPRINT(EM_DIAGRAM):   proc datasets lib=work nolist;
44479      modify LG10_Cases_in_1000s(type=PROFIT label=LG10_Cases_in_1000s);
MPRINT(EM_DIAGRAM):   modify LG10_Cases_in_1000s(type=PROFIT label= LG10_Cases_in_1000s);
MPRINT(EM_DIAGRAM):   run;
44480      run;

NOTE: MODIFY was successful for WORK.LG10_CASES_IN_1000S.DATA.
44481      quit;
MPRINT(EM_DIAGRAM):   quit;

NOTE: PROCEDURE DATASETS used (Total process time):
      real time           0.00 seconds
      cpu time            0.01 seconds
      

44482      data EM_DMREG / view=EM_DMREG;
MPRINT(EM_DIAGRAM):   data EM_DMREG / view=EM_DMREG;
44483      set EMWS2.Trans_TRAIN(keep=
44484      Age_group Disease Gender LG10_Cases_in_1000s LG10_Population_in_thousands);
MPRINT(EM_DIAGRAM):   set EMWS2.Trans_TRAIN(keep= Age_group Disease Gender LG10_Cases_in_1000s LG10_Population_in_thousands);
44485      run;
MPRINT(EM_DIAGRAM):   run;

NOTE: DATA STEP view saved on file WORK.EM_DMREG.
NOTE: A stored DATA STEP view cannot run under a different operating system.
NOTE: View EMWS2.TRANS_TRAIN.VIEW used (Total process time):
      real time           0.05 seconds
      cpu time            0.06 seconds
      
NOTE: DATA statement used (Total process time):
      real time           0.07 seconds
      cpu time            0.06 seconds
      

MPRINT(EM_DIAGRAM):   *------------------------------------------------------------* ;
MPRINT(EM_DIAGRAM):   * Reg2: DMDBClass Macro ;
MPRINT(EM_DIAGRAM):   *------------------------------------------------------------* ;
44486      *------------------------------------------------------------* ;
44487      * Reg2: DMDBClass Macro ;
44488      *------------------------------------------------------------* ;
44489      %macro DMDBClass;
44490          Age_group(ASC) Disease(ASC) Gender(ASC)
44491      %mend DMDBClass;
44492      *------------------------------------------------------------* ;
MPRINT(EM_DIAGRAM):   *------------------------------------------------------------* ;
44493      * Reg2: DMDBVar Macro ;
MPRINT(EM_DIAGRAM):   * Reg2: DMDBVar Macro ;
44494      *------------------------------------------------------------* ;
MPRINT(EM_DIAGRAM):   *------------------------------------------------------------* ;
44495      %macro DMDBVar;
44496          LG10_Cases_in_1000s LG10_Population_in_thousands
44497      %mend DMDBVar;
44498      *------------------------------------------------------------*;
MPRINT(EM_DIAGRAM):   *------------------------------------------------------------*;
44499      * Reg2: Create DMDB;
MPRINT(EM_DIAGRAM):   * Reg2: Create DMDB;
44500      *------------------------------------------------------------*;
MPRINT(EM_DIAGRAM):   *------------------------------------------------------------*;
44501      proc dmdb batch data=WORK.EM_DMREG
44502      dmdbcat=WORK.Reg2_DMDB
44503      maxlevel = 513
44504      ;
MPRINT(EM_DIAGRAM):   proc dmdb batch data=WORK.EM_DMREG dmdbcat=WORK.Reg2_DMDB maxlevel = 513 ;
MPRINT(EM_DIAGRAM):   class
44505      class %DMDBClass;
MPRINT(DMDBCLASS):   Age_group(ASC) Disease(ASC) Gender(ASC)
MPRINT(EM_DIAGRAM):  ;
MPRINT(EM_DIAGRAM):   var
44506      var %DMDBVar;
MPRINT(DMDBVAR):   LG10_Cases_in_1000s LG10_Population_in_thousands
MPRINT(EM_DIAGRAM):  ;
44507      target
44508      LG10_Cases_in_1000s
44509      ;
MPRINT(EM_DIAGRAM):   target LG10_Cases_in_1000s ;
44510      run;
MPRINT(EM_DIAGRAM):   run;

NOTE: Records processed = 875   Memory used = 511K.
NOTE: There were 875 observations read from the data set EMWS2.PART_TRAIN.
NOTE: There were 875 observations read from the data set EMWS2.IMPT_TRAIN.
NOTE: View WORK.EM_DMREG.VIEW used (Total process time):
      real time           0.08 seconds
      cpu time            0.07 seconds
      
NOTE: There were 875 observations read from the data set EMWS2.TRANS_TRAIN.
NOTE: There were 875 observations read from the data set WORK.EM_DMREG.
NOTE: PROCEDURE DMDB used (Total process time):
      real time           0.11 seconds
      cpu time            0.09 seconds
      

MPRINT(EM_DIAGRAM):   quit;
MPRINT(EM_DIAGRAM):   *--- end code ---*;
44511      quit;
44512      *--- end code ---*;

44513      *------------------------------------------------------------*;
MPRINT(EM_DIAGRAM):    *------------------------------------------------------------*;
44514      * Reg2: Run DMREG procedure;
MPRINT(EM_DIAGRAM):   * Reg2: Run DMREG procedure;
44515      *------------------------------------------------------------*;
MPRINT(EM_DIAGRAM):   *------------------------------------------------------------*;
44516      proc dmreg data=EM_DMREG dmdbcat=WORK.Reg2_DMDB
44517      validata = EMWS2.Trans_VALIDATE
44518      outest = EMWS2.Reg2_EMESTIMATE
44519      outterms = EMWS2.Reg2_OUTTERMS
44520      outmap= EMWS2.Reg2_MAPDS namelen=200
44521      ;
MPRINT(EM_DIAGRAM):   proc dmreg data=EM_DMREG dmdbcat=WORK.Reg2_DMDB validata = EMWS2.Trans_VALIDATE outest = EMWS2.Reg2_EMESTIMATE outterms = EMWS2.Reg2_OUTTERMS outmap= EMWS2.Reg2_MAPDS namelen=200 ;
44522      class
44523      Age_group
44524      Disease
44525      Gender
44526      ;
MPRINT(EM_DIAGRAM):   class Age_group Disease Gender ;
44527      model LG10_Cases_in_1000s =
44528      Age_group
44529      Disease
44530      Gender
44531      LG10_Population_in_thousands
44532      /error=normal
44533      coding=DEVIATION
44534      nodesignprint
44535      ;
MPRINT(EM_DIAGRAM):   model LG10_Cases_in_1000s = Age_group Disease Gender LG10_Population_in_thousands /error=normal coding=DEVIATION nodesignprint ;
44536      ;
MPRINT(EM_DIAGRAM):   ;
44537      code file="C:\Users\student\Desktop\AA 490\Final Project\AA490_Project\Base Model\Workspaces\EMWS2\Reg2\EMPUBLISHSCORE.sas"
44538      group=Reg2
44539      ;
MPRINT(EM_DIAGRAM):   code file="C:\Users\student\Desktop\AA 490\Final Project\AA490_Project\Base Model\Workspaces\EMWS2\Reg2\EMPUBLISHSCORE.sas" group=Reg2 ;
44540      code file="C:\Users\student\Desktop\AA 490\Final Project\AA490_Project\Base Model\Workspaces\EMWS2\Reg2\EMFLOWSCORE.sas"
44541      group=Reg2
44542      residual
44543      ;
MPRINT(EM_DIAGRAM):   code file="C:\Users\student\Desktop\AA 490\Final Project\AA490_Project\Base Model\Workspaces\EMWS2\Reg2\EMFLOWSCORE.sas" group=Reg2 residual ;
44544      run;
MPRINT(EM_DIAGRAM):   run;

NOTE: 10 observations in the training data were not used due to missing values in the target or input variables or to invalid frequency values.
NOTE: External file C:\Users\student\Desktop\AA 490\Final Project\AA490_Project\Base Model\Workspaces\EMWS2\Reg2\EMPUBLISHSCORE.sas opened.
NOTE: External file C:\Users\student\Desktop\AA 490\Final Project\AA490_Project\Base Model\Workspaces\EMWS2\Reg2\EMFLOWSCORE.sas opened.
NOTE: There were 375 observations read from the data set EMWS2.PART_VALIDATE.
NOTE: View EMWS2.TRANS_VALIDATE.VIEW used (Total process time):
      real time           0.17 seconds
      cpu time            0.12 seconds
      
NOTE: There were 375 observations read from the data set EMWS2.IMPT_VALIDATE.
NOTE: There were 875 observations read from the data set EMWS2.PART_TRAIN.
NOTE: There were 875 observations read from the data set EMWS2.IMPT_TRAIN.
NOTE: View WORK.EM_DMREG.VIEW used (Total process time):
      real time           0.30 seconds
      cpu time            0.25 seconds
      
NOTE: There were 875 observations read from the data set EMWS2.TRANS_TRAIN.
NOTE: There were 875 observations read from the data set WORK.EM_DMREG.
NOTE: There were 375 observations read from the data set EMWS2.TRANS_VALIDATE.
NOTE: The data set EMWS2.REG2_EMESTIMATE has 3 observations and 44 variables.
NOTE: The data set EMWS2.REG2_OUTTERMS has 12 observations and 6 variables.
NOTE: The data set EMWS2.REG2_MAPDS has 2 observations and 13 variables.
NOTE: The PROCEDURE DMREG printed page 11.
NOTE: PROCEDURE DMREG used (Total process time):
      real time           0.35 seconds
      cpu time            0.29 seconds
      

MPRINT(EM_DIAGRAM):   quit;
44545      quit;

44546      proc datasets lib=WORK nolist;
MPRINT(EM_DIAGRAM):    proc datasets lib=WORK nolist;
44547      delete Reg2_DMDB;
MPRINT(EM_DIAGRAM):   delete Reg2_DMDB;
44548      run;
MPRINT(EM_DIAGRAM):   run;

NOTE: The file WORK.REG2_DMDB (memtype=DATA) was not found, but appears on a DELETE statement.
44549      quit;
MPRINT(EM_DIAGRAM):   quit;

NOTE: PROCEDURE DATASETS used (Total process time):
      real time           0.00 seconds
      cpu time            0.00 seconds
      

44550      proc datasets lib=WORK nolist;
MPRINT(EM_DIAGRAM):    proc datasets lib=WORK nolist;
44551      delete Reg2_DMDB / memtype=catalog;
MPRINT(EM_DIAGRAM):   delete Reg2_DMDB / memtype=catalog;
44552      run;
MPRINT(EM_DIAGRAM):   run;

NOTE: Deleting WORK.REG2_DMDB (memtype=CATALOG).
44553      quit;
MPRINT(EM_DIAGRAM):   quit;

NOTE: PROCEDURE DATASETS used (Total process time):
      real time           0.00 seconds
      cpu time            0.00 seconds
      

44554      data WORK.ESTIMATE;
MPRINT(EM_DIAGRAM):    data WORK.ESTIMATE;
44555      length _NAME_ $32;
MPRINT(EM_DIAGRAM):   length _NAME_ $32;
44556      set EMWS2.Reg2_EMESTIMATE;
MPRINT(EM_DIAGRAM):   set EMWS2.Reg2_EMESTIMATE;
44557      drop _AIC_--_VSUMW_
44558      ;
MPRINT(EM_DIAGRAM):   drop _AIC_--_VSUMW_ ;
44559      where _TYPE_ in('PARMS', 'T', 'P');
MPRINT(EM_DIAGRAM):   where _TYPE_ in('PARMS', 'T', 'P');
44560      select(_TYPE_);
MPRINT(EM_DIAGRAM):   select(_TYPE_);
44561      when('PARMS') _NAME_='Coefficient';
MPRINT(EM_DIAGRAM):   when('PARMS') _NAME_='Coefficient';
44562      when('T') _NAME_='tValue';
MPRINT(EM_DIAGRAM):   when('T') _NAME_='tValue';
44563      when('P') _NAME_='PValue';
MPRINT(EM_DIAGRAM):   when('P') _NAME_='PValue';
44564      otherwise;
MPRINT(EM_DIAGRAM):   otherwise;
44565      end;
MPRINT(EM_DIAGRAM):   end;
44566      run;
MPRINT(EM_DIAGRAM):   run;

NOTE: There were 3 observations read from the data set EMWS2.REG2_EMESTIMATE.
      WHERE _TYPE_ in ('P', 'PARMS', 'T');
NOTE: The data set WORK.ESTIMATE has 3 observations and 14 variables.
NOTE: DATA statement used (Total process time):
      real time           0.00 seconds
      cpu time            0.00 seconds
      

44567      proc transpose data=WORK.ESTIMATE out=WORK.ESTIMATE(rename=(_NAME_=Effect));
MPRINT(EM_DIAGRAM):   proc transpose data=WORK.ESTIMATE out=WORK.ESTIMATE(rename=(_NAME_=Effect));
44568      run;
MPRINT(EM_DIAGRAM):   run;

NOTE: There were 3 observations read from the data set WORK.ESTIMATE.
NOTE: The data set WORK.ESTIMATE has 12 observations and 5 variables.
NOTE: PROCEDURE TRANSPOSE used (Total process time):
      real time           0.01 seconds
      cpu time            0.01 seconds
      

44569      proc transpose data=EMWS2.Reg2_MAPDS out=WORK.MAP(rename=(_NAME_=Effect INPUT=Variable
44570      ));
MPRINT(EM_DIAGRAM):   proc transpose data=EMWS2.Reg2_MAPDS out=WORK.MAP(rename=(_NAME_=Effect INPUT=Variable ));
44571      var 'Age_group0N17'n--'LG10_Population_in_thousands'n;
MPRINT(EM_DIAGRAM):   var 'Age_group0N17'n--'LG10_Population_in_thousands'n;
44572      run;
MPRINT(EM_DIAGRAM):   run;

NOTE: There were 2 observations read from the data set EMWS2.REG2_MAPDS.
NOTE: The data set WORK.MAP has 11 observations and 4 variables.
NOTE: PROCEDURE TRANSPOSE used (Total process time):
      real time           0.01 seconds
      cpu time            0.01 seconds
      

44573      proc sort data=WORK.MAP;
MPRINT(EM_DIAGRAM):   proc sort data=WORK.MAP;
44574      by Effect;
MPRINT(EM_DIAGRAM):   by Effect;
44575      run;
MPRINT(EM_DIAGRAM):   run;

NOTE: There were 11 observations read from the data set WORK.MAP.
NOTE: The data set WORK.MAP has 11 observations and 4 variables.
NOTE: PROCEDURE SORT used (Total process time):
      real time           0.00 seconds
      cpu time            0.01 seconds
      

44576      proc sort data=WORK.ESTIMATE;
MPRINT(EM_DIAGRAM):   proc sort data=WORK.ESTIMATE;
44577      by Effect;
MPRINT(EM_DIAGRAM):   by Effect;
44578      run;
MPRINT(EM_DIAGRAM):   run;

NOTE: There were 12 observations read from the data set WORK.ESTIMATE.
NOTE: The data set WORK.ESTIMATE has 12 observations and 5 variables.
NOTE: PROCEDURE SORT used (Total process time):
      real time           0.00 seconds
      cpu time            0.00 seconds
      

44579      data EMWS2.Reg2_EFFECTS(rename=(_LABEL_=EffectLabel));
MPRINT(EM_DIAGRAM):   data EMWS2.Reg2_EFFECTS(rename=(_LABEL_=EffectLabel));
44580      length Variable ClassLevel $32;
MPRINT(EM_DIAGRAM):   length Variable ClassLevel $32;
44581      merge WORK.ESTIMATE WORK.MAP;
MPRINT(EM_DIAGRAM):   merge WORK.ESTIMATE WORK.MAP;
44582      by Effect;
MPRINT(EM_DIAGRAM):   by Effect;
44583      label Effect = "%sysfunc(sasmsg(sashelp.dmine, rpt_effect_vlabel, NOQUOTE))" Variable = "%sysfunc(sasmsg(sashelp.dmine, rpt_variable_vlabel, NOQUOTE))" Sign = "%sysfunc(sasmsg(sashelp.dmine, rpt_sign_vlabel, NOQUOTE))" ClassLevel =
44584         "%sysfunc(sasmsg(sashelp.dmine, rpt_level_vlabel, NOQUOTE))" Abscoefficient = "%sysfunc(sasmsg(sashelp.dmine, rpt_abscoefficient_vlabel, NOQUOTE))" Coefficient = "%sysfunc(sasmsg(sashelp.dmine, rpt_coefficient_vlabel, NOQUOTE))" _LABEL_ =
44585         "%sysfunc(sasmsg(sashelp.dmine, rpt_effectLabel_vlabel, NOQUOTE))" CODE = "%sysfunc(sasmsg(sashelp.dmine, rpt_scorecodevar_vlabel, NOQUOTE))";
MPRINT(EM_DIAGRAM):   label Effect = "Effect" Variable = "Variable" Sign = "Sign" ClassLevel = "Level" Abscoefficient = "Absolute Coefficient" Coefficient = "Coefficient" _LABEL_ = "Effect Label" CODE = "Score Code Variable";
44586      label tvalue = "%sysfunc(sasmsg(sashelp.dmine, rpt_tvalue_vlabel,         NOQUOTE))" abstvalue = "%sysfunc(sasmsg(sashelp.dmine, rpt_absoluteTvalue_vlabel, NOQUOTE))" PValue = "%sysfunc(sasmsg(sashelp.dmine, rpt_pvalue_vlabel,         NOQUOTE))"
44586    ! ;
MPRINT(EM_DIAGRAM):   label tvalue = "T-value" abstvalue = "Absolute T-value" PValue = "P Value";
44587      abstvalue = abs(tValue);
MPRINT(EM_DIAGRAM):   abstvalue = abs(tValue);
44588      if index(Effect, 'Intercept') then do;
MPRINT(EM_DIAGRAM):   if index(Effect, 'Intercept') then do;
44589      variable = 'Intercept';
MPRINT(EM_DIAGRAM):   variable = 'Intercept';
44590      classLevel = scan(_LABEL_, 2, '=');
MPRINT(EM_DIAGRAM):   classLevel = scan(_LABEL_, 2, '=');
44591      end;
MPRINT(EM_DIAGRAM):   end;
44592      if ^indexc(variable, '*') then do;
MPRINT(EM_DIAGRAM):   if ^indexc(variable, '*') then do;
44593      if length(effect)>length(variable) then classlevel = substr(Effect, length(variable)+1);
MPRINT(EM_DIAGRAM):   if length(effect)>length(variable) then classlevel = substr(Effect, length(variable)+1);
44594      end;
MPRINT(EM_DIAGRAM):   end;
44595      if Effect eq '' then Effect = Variable;
MPRINT(EM_DIAGRAM):   if Effect eq '' then Effect = Variable;
44596      if coefficient < 0 then sign = '-';
MPRINT(EM_DIAGRAM):   if coefficient < 0 then sign = '-';
44597      else sign = '+';
MPRINT(EM_DIAGRAM):   else sign = '+';
44598      abscoefficient = abs(coefficient);
MPRINT(EM_DIAGRAM):   abscoefficient = abs(coefficient);
44599      if _LABEL_ = '' then _LABEL_ = Effect;
MPRINT(EM_DIAGRAM):   if _LABEL_ = '' then _LABEL_ = Effect;
44600      if coefficient ne . then output;
MPRINT(EM_DIAGRAM):   if coefficient ne . then output;
44601      run;
MPRINT(EM_DIAGRAM):   run;

NOTE: There were 12 observations read from the data set WORK.ESTIMATE.
NOTE: There were 11 observations read from the data set WORK.MAP.
NOTE: The data set EMWS2.REG2_EFFECTS has 12 observations and 11 variables.
NOTE: DATA statement used (Total process time):
      real time           0.01 seconds
      cpu time            0.01 seconds
      

44602      proc sort data =EMWS2.Reg2_EFFECTS;
MPRINT(EM_DIAGRAM):    proc sort data =EMWS2.Reg2_EFFECTS;
44603      by
44604      descending abstvalue;
MPRINT(EM_DIAGRAM):   by descending abstvalue;
44605      run;
MPRINT(EM_DIAGRAM):   run;

NOTE: There were 12 observations read from the data set EMWS2.REG2_EFFECTS.
NOTE: The data set EMWS2.REG2_EFFECTS has 12 observations and 11 variables.
NOTE: PROCEDURE SORT used (Total process time):
      real time           0.00 seconds
      cpu time            0.00 seconds
      

44606      data EMWS2.Reg2_EFFECTS;
MPRINT(EM_DIAGRAM):   data EMWS2.Reg2_EFFECTS;
44607      set EMWS2.Reg2_EFFECTS;
MPRINT(EM_DIAGRAM):   set EMWS2.Reg2_EFFECTS;
44608      format TEffectNum 3.;
MPRINT(EM_DIAGRAM):   format TEffectNum 3.;
44609      label TEffectNum = "%sysfunc(sasmsg(sashelp.dmine, rpt_teffectnum_vlabel, NOQUOTE))";
MPRINT(EM_DIAGRAM):   label TEffectNum = "TScore Number";
44610      retain TEffectNum;
MPRINT(EM_DIAGRAM):   retain TEffectNum;
44611      TEffectNum = _N_;
MPRINT(EM_DIAGRAM):   TEffectNum = _N_;
44612      run;
MPRINT(EM_DIAGRAM):   run;

NOTE: There were 12 observations read from the data set EMWS2.REG2_EFFECTS.
NOTE: The data set EMWS2.REG2_EFFECTS has 12 observations and 12 variables.
NOTE: DATA statement used (Total process time):
      real time           0.00 seconds
      cpu time            0.00 seconds
      

44613      proc sort data =EMWS2.Reg2_EFFECTS;
MPRINT(EM_DIAGRAM):    proc sort data =EMWS2.Reg2_EFFECTS;
44614      by
44615      descending absCoefficient;
MPRINT(EM_DIAGRAM):   by descending absCoefficient;
44616      run;
MPRINT(EM_DIAGRAM):   run;

NOTE: There were 12 observations read from the data set EMWS2.REG2_EFFECTS.
NOTE: The data set EMWS2.REG2_EFFECTS has 12 observations and 12 variables.
NOTE: PROCEDURE SORT used (Total process time):
      real time           0.00 seconds
      cpu time            0.00 seconds
      

44617      data EMWS2.Reg2_EFFECTS;
MPRINT(EM_DIAGRAM):   data EMWS2.Reg2_EFFECTS;
44618      set EMWS2.Reg2_EFFECTS;
MPRINT(EM_DIAGRAM):   set EMWS2.Reg2_EFFECTS;
44619      format EffectNum 3.;
MPRINT(EM_DIAGRAM):   format EffectNum 3.;
44620      label EffectNum = "%sysfunc(sasmsg(sashelp.dmine, rpt_effectnum_vlabel, NOQUOTE))";
MPRINT(EM_DIAGRAM):   label EffectNum = "Effect Number";
44621      retain EffectNum;
MPRINT(EM_DIAGRAM):   retain EffectNum;
44622      EffectNum = _N_;
MPRINT(EM_DIAGRAM):   EffectNum = _N_;
44623      run;
MPRINT(EM_DIAGRAM):   run;

NOTE: There were 12 observations read from the data set EMWS2.REG2_EFFECTS.
NOTE: The data set EMWS2.REG2_EFFECTS has 12 observations and 13 variables.
NOTE: DATA statement used (Total process time):
      real time           0.00 seconds
      cpu time            0.00 seconds
      

MPRINT(EM_DIAGRAM):    proc printto;
MPRINT(EM_DIAGRAM):   run;
