 
                                                                                                                                                                                                                                                                
 
 
Variable Summary

          Measurement    Frequency
 Role        Level         Count

INPUT      INTERVAL          1    
INPUT      NOMINAL           2    
TARGET     INTERVAL          1    
 
                                                                                                                                                                                                                                                                
 
 
Predicted and decision variables

Type               Variable                       Label

TARGET       Sum_Labor_Force_Pop                                    
PREDICTED    P_Sum_Labor_Force_Pop    Predicted: Sum_Labor_Force_Pop
RESIDUAL     R_Sum_Labor_Force_Pop    Residual: Sum_Labor_Force_Pop 
 
                                                                                                                                                                                                                                                                
 
 

The DMREG Procedure

                Model Information

Training Data Set             WORK.EM_DMREG.VIEW 
DMDB Catalog                  WORK.REG2_DMDB     
Target Variable               Sum_Labor_Force_Pop
Target Measurement Level      Interval           
Error                         Normal             
Link Function                 Identity           
Number of Model Parameters    18                 
Number of Observations        336                


                             Analysis of Variance
 
                                   Sum of
Source                 DF         Squares     Mean Square    F Value    Pr > F

Model                  17    7.6873973E15    4.5219984E14      22.56    <.0001
Error                 318    6.3754147E15    2.0048474E13                     
Corrected Total       335    1.4062812E16                                     


              Model Fit Statistics

R-Square        0.5466     Adj R-Sq        0.5224
AIC         10308.9024     BIC         10312.9338
SBC         10377.6104     C(p)           18.0000


                    Type 3 Analysis of Effects
 
                                       Sum of
Effect                       DF       Squares    F Value    Pr > F

Age_group                     3    3.50409E15      58.26    <.0001
Date                         13    1.98931E14       0.76    0.6989
Population_in_thousands       1    3.87085E13       1.93    0.1656


                      Analysis of Maximum Likelihood Estimates
 
                                                      Standard
Parameter                           DF    Estimate       Error    t Value    Pr > |t|

Intercept                            1     5860646      691724       8.47      <.0001
Age_group               16 to 24     1    -2764115      484815      -5.70      <.0001
Age_group               25 to 44     1     5768711      498184      11.58      <.0001
Age_group               45 to 64     1     2379679      493201       4.82      <.0001
Date                    2000         1     -144260      826994      -0.17      0.8616
Date                    2001         1      399666      985364       0.41      0.6853
Date                    2002         1    -1505728      990653      -1.52      0.1295
Date                    2003         1      316018      869589       0.36      0.7165
Date                    2004         1     -170070      919825      -0.18      0.8534
Date                    2005         1     -628034      942657      -0.67      0.5057
Date                    2006         1     -727975      937889      -0.78      0.4382
Date                    2007         1     1359086      854240       1.59      0.1126
Date                    2008         1     1523785      963267       1.58      0.1147
Date                    2009         1     -729404      837310      -0.87      0.3843
Date                    2010         1     -637954      865370      -0.74      0.4615
Date                    2011         1      564348      803392       0.70      0.4829
Date                    2012         1      204361      852091       0.24      0.8106
Population_in_thousands              1     22.9298     16.5021       1.39      0.1656
