MPRINT(EM_DIAGRAM):    data _null_;
MPRINT(EM_DIAGRAM):   call symput('NLDATE', strip(put(date(), NLDATE.)));
MPRINT(EM_DIAGRAM):   call symput('NLTIME', strip(put(datetime(), NLTIME.)));
MPRINT(EM_DIAGRAM):   run;
MPRINT(EM_DIAGRAM):   data _null_;
MPRINT(EM_DIAGRAM):   nldate= sasmsg("sashelp.dmine", "log_date_note", 'N', "November 14, 2019" );
MPRINT(EM_DIAGRAM):   nltime= sasmsg("sashelp.dmine", "log_time_note", 'N', "16:19:13" );
MPRINT(EM_DIAGRAM):   put "*------------------------------------------------------------*";
MPRINT(EM_DIAGRAM):   put "* Report Log";
MPRINT(EM_DIAGRAM):   put nldate;
MPRINT(EM_DIAGRAM):   put nltime;
MPRINT(EM_DIAGRAM):   put "*------------------------------------------------------------*";
MPRINT(EM_DIAGRAM):   run;
*------------------------------------------------------------*
* Report Log
Date:                November 14, 2019
Time:                16:19:13
*------------------------------------------------------------*
MPRINT(EM_DIAGRAM):    filename O1BWW2R3 "C:\Users\student\Desktop\AA490\Project\AA490_Project\Modeling\Labor Force\Workspaces\EMWS2\Trans\EMREPORT.out" encoding="UTF-8" NOBOM;
MPRINT(EM_DIAGRAM):   proc printto print=O1BWW2R3 new;
MPRINT(EM_DIAGRAM):   run;
18875      data EMWS2.Trans_EMSCOREVAR;
MPRINT(EM_DIAGRAM):    data EMWS2.Trans_EMSCOREVAR;
18876      length Name $32 formula $300 file $200;
MPRINT(EM_DIAGRAM):   length Name $32 formula $300 file $200;
18877      keep NAME Formula file;
MPRINT(EM_DIAGRAM):   keep NAME Formula file;
18878      run;
MPRINT(EM_DIAGRAM):   run;

NOTE: Variable Name is uninitialized.
NOTE: Variable formula is uninitialized.
NOTE: Variable file is uninitialized.
NOTE: The data set EMWS2.TRANS_EMSCOREVAR has 1 observations and 3 variables.
NOTE: DATA statement used (Total process time):
      real time           0.00 seconds
      cpu time            0.01 seconds
      

MPRINT(EM_DIAGRAM):    proc printto;
MPRINT(EM_DIAGRAM):   run;
