MPRINT(EM_DIAGRAM):    data _null_;
MPRINT(EM_DIAGRAM):   call symput('NLDATE', strip(put(date(), NLDATE.)));
MPRINT(EM_DIAGRAM):   call symput('NLTIME', strip(put(datetime(), NLTIME.)));
MPRINT(EM_DIAGRAM):   run;
MPRINT(EM_DIAGRAM):   data _null_;
MPRINT(EM_DIAGRAM):   nldate= sasmsg("sashelp.dmine", "log_date_note", 'N', "December 09, 2019" );
MPRINT(EM_DIAGRAM):   nltime= sasmsg("sashelp.dmine", "log_time_note", 'N', "16:19:38" );
MPRINT(EM_DIAGRAM):   put "*------------------------------------------------------------*";
MPRINT(EM_DIAGRAM):   put "* Report Log";
MPRINT(EM_DIAGRAM):   put nldate;
MPRINT(EM_DIAGRAM):   put nltime;
MPRINT(EM_DIAGRAM):   put "*------------------------------------------------------------*";
MPRINT(EM_DIAGRAM):   run;
*------------------------------------------------------------*
* Report Log
Date:                December 09, 2019
Time:                16:19:38
*------------------------------------------------------------*
MPRINT(EM_DIAGRAM):    filename O1FOTNF4 "C:\Users\student\Desktop\AA 490\Final Project\AA490_Project\Base Model\Workspaces\EMWS2\Varsel\EMREPORT.out" encoding="UTF-8" NOBOM;
MPRINT(EM_DIAGRAM):   proc printto print=O1FOTNF4 new;
MPRINT(EM_DIAGRAM):   run;
197250     %em_getActionStatus(emlib=EMWS2, nodeid=Varsel);
MPRINT(EM_DIAGRAM):   
MPRINT(EM_GETACTIONSTATUS):   proc display c=sashelp.emutil.getactionstatus.scl;
MPRINT(EM_GETACTIONSTATUS):   run;

197251     %let em_Train = Y;
197252     %let em_Report = Y;
197253     %let em_Score = Y;
197254     %let em_Run = Y;
NOTE: PROCEDURE DISPLAY used (Total process time):
      real time           0.00 seconds
      cpu time            0.00 seconds
      

MPRINT(EM_GETACTIONSTATUS):   
MPRINT(EM_DIAGRAM):  ;

MPRINT(EM_DIAGRAM):    proc printto;
MPRINT(EM_DIAGRAM):   run;
