MPRINT(EM_DIAGRAM):    data _null_;
MPRINT(EM_DIAGRAM):   call symput('NLDATE', strip(put(date(), NLDATE.)));
MPRINT(EM_DIAGRAM):   call symput('NLTIME', strip(put(datetime(), NLTIME.)));
MPRINT(EM_DIAGRAM):   run;
MPRINT(EM_DIAGRAM):   data _null_;
MPRINT(EM_DIAGRAM):   nldate= sasmsg("sashelp.dmine", "log_date_note", 'N', "November 21, 2019" );
MPRINT(EM_DIAGRAM):   nltime= sasmsg("sashelp.dmine", "log_time_note", 'N', "16:18:51" );
MPRINT(EM_DIAGRAM):   put "*------------------------------------------------------------*";
MPRINT(EM_DIAGRAM):   put "* Score Log";
MPRINT(EM_DIAGRAM):   put nldate;
MPRINT(EM_DIAGRAM):   put nltime;
MPRINT(EM_DIAGRAM):   put "*------------------------------------------------------------*";
MPRINT(EM_DIAGRAM):   run;
*------------------------------------------------------------*
* Score Log
Date:                November 21, 2019
Time:                16:18:51
*------------------------------------------------------------*
MPRINT(EM_DIAGRAM):    filename O1DJU9MX "C:\Users\student\Desktop\AA 490\Final Project\AA490_Project\Base Model\Workspaces\EMWS2\Ids\EMSCORE.out" encoding="UTF-8" NOBOM;
MPRINT(EM_DIAGRAM):   proc printto print=O1DJU9MX new;
MPRINT(EM_DIAGRAM):   run;
22689      *------------------------------------------------------------*;
MPRINT(EM_DIAGRAM):    *------------------------------------------------------------*;
22690      * Ids: Computing metadata for DATA data;
MPRINT(EM_DIAGRAM):   * Ids: Computing metadata for DATA data;
22691      *------------------------------------------------------------*;
MPRINT(EM_DIAGRAM):   *------------------------------------------------------------*;

NOTE: View EMWS2.IDS_DATA.VIEW used (Total process time):
      real time           0.03 seconds
      cpu time            0.03 seconds
      
22692      data EMWS2.Ids_EMINFO;
MPRINT(EM_DIAGRAM):    data EMWS2.Ids_EMINFO;
22693      length TARGET KEY $32 DATA $43;
MPRINT(EM_DIAGRAM):   length TARGET KEY $32 DATA $43;
22694      TARGET="";
MPRINT(EM_DIAGRAM):   TARGET="";
22695      KEY="IDSTABLE";
MPRINT(EM_DIAGRAM):   KEY="IDSTABLE";
22696      DATA="DATASET.OG_LABOR_JOIN";
MPRINT(EM_DIAGRAM):   DATA="DATASET.OG_LABOR_JOIN";
22697      output;
MPRINT(EM_DIAGRAM):   output;
22698      TARGET="Sum_Labor_Force_Pop";
MPRINT(EM_DIAGRAM):   TARGET="Sum_Labor_Force_Pop";
22699      KEY="DECDATA";
MPRINT(EM_DIAGRAM):   KEY="DECDATA";
22700      DATA="EMWS2.Ids_Sum_Labor_Force__DD";
MPRINT(EM_DIAGRAM):   DATA="EMWS2.Ids_Sum_Labor_Force__DD";
22701      output;
MPRINT(EM_DIAGRAM):   output;
22702      TARGET="Sum_Labor_Force_Pop";
MPRINT(EM_DIAGRAM):   TARGET="Sum_Labor_Force_Pop";
22703      KEY="DECMETA";
MPRINT(EM_DIAGRAM):   KEY="DECMETA";
22704      DATA="EMWS2.Ids_Sum_Labor_Force__DM";
MPRINT(EM_DIAGRAM):   DATA="EMWS2.Ids_Sum_Labor_Force__DM";
22705      output;
MPRINT(EM_DIAGRAM):   output;
22706      run;
MPRINT(EM_DIAGRAM):   run;

NOTE: The data set EMWS2.IDS_EMINFO has 3 observations and 3 variables.
NOTE: DATA statement used (Total process time):
      real time           0.00 seconds
      cpu time            0.00 seconds
      

NOTE: View EMWS2.IDS_DATA.VIEW used (Total process time):
      real time           0.03 seconds
      cpu time            0.03 seconds
      
22707      data EMWS2.Ids_CMeta_DATA;
MPRINT(EM_DIAGRAM):    data EMWS2.Ids_CMeta_DATA;
22708      set EMWS2.Ids_VariableSet;
MPRINT(EM_DIAGRAM):   set EMWS2.Ids_VariableSet;
22709      drop DROP;
MPRINT(EM_DIAGRAM):   drop DROP;
22710      where DROP='N';
MPRINT(EM_DIAGRAM):   where DROP='N';
22711      run;
MPRINT(EM_DIAGRAM):   run;

NOTE: There were 6 observations read from the data set EMWS2.IDS_VARIABLESET.
      WHERE DROP='N';
NOTE: The data set EMWS2.IDS_CMETA_DATA has 6 observations and 20 variables.
NOTE: DATA statement used (Total process time):
      real time           0.00 seconds
      cpu time            0.00 seconds
      

MPRINT(EM_DIAGRAM):    proc printto;
MPRINT(EM_DIAGRAM):   run;
