NOTE: PROCEDURE PRINTTO used (Total process time):
      real time           0.00 seconds
      cpu time            0.01 seconds
      

Traverser: Traverser invoked.  MPCONNECT command is !sascmdv -nosyntaxcheck -noasynchio -noobjectserver. 
Traverser: Beginning flow traversal 
17151      data _null_;
MPRINT(EM_DIAGRAM):    data _null_;
17152      file emwipmsg;
MPRINT(EM_DIAGRAM):   file emwipmsg;
17153      put '<Node Id="Ids3" Event="Run" Pid="2768" Gridid=""/>';
MPRINT(EM_DIAGRAM):   put '<Node Id="Ids3" Event="Run" Pid="2768" Gridid=""/>';
17154      run;
MPRINT(EM_DIAGRAM):   run;

NOTE: The file EMWIPMSG is:
      Local Host Name=830-5CG9310VLM,
      Local Host IP addr=fe80::dcd6:62d5:d119:4440%7,
      Peer Hostname Name=830-5CG9310VLM,
      Peer IP addr=127.0.0.1,Peer Name=N/A,
      Peer Portno=64222,Lrecl=32767,Recfm=Variable

NOTE: 1 record was written to the file EMWIPMSG.
      The minimum record length was 50.
      The maximum record length was 50.
NOTE: DATA statement used (Total process time):
      real time           0.09 seconds
      cpu time            0.01 seconds
      

17155      %let emloopmode =;
*------------------------------------------------------------* 
* 
* Ids3 : Beginning update before running 
* datetime : 14NOV2019:18:53:22 
* 
*------------------------------------------------------------* 
MPRINT(EM_DIAGRAM):     filename _emtool_ 'C:\Users\student\Desktop\AA 490\Final Project\AA490_Project\Base Model\Workspaces\EMWS1\Ids3\PROPERTIES.xml' encoding="UTF-8" NOBOM;
17157      %let _HPDMGRIDHOST=;
17158      %let _HPDMGRIDINSTALLLOC=;
17159      %let _HPDMGRIDDATASERVER=;
17160      %hpdm_gridSetOPtions;
MPRINT(EM_DIAGRAM):   
MPRINT(HPDM_GRIDSETOPTIONS):   data _null_;
MPRINT(HPDM_GRIDSETOPTIONS):   length optionString string $2000;
MPRINT(HPDM_GRIDSETOPTIONS):   optionString = reverse(getoption('SET'));
MPRINT(HPDM_GRIDSETOPTIONS):   index = index(optionString, reverse('GRIDHOST'));
MPRINT(HPDM_GRIDSETOPTIONS):   if index then do;
MPRINT(HPDM_GRIDSETOPTIONS):   string = reverse(substr(optionString, 1, index-4));
MPRINT(HPDM_GRIDSETOPTIONS):   host = '"'!!strip(tranwrd(scan(string, 1, ']'), '"', ''))!!'"';
MPRINT(HPDM_GRIDSETOPTIONS):   call symput('_HPDMGRIDHOST', strip(host));
MPRINT(HPDM_GRIDSETOPTIONS):   end;
MPRINT(HPDM_GRIDSETOPTIONS):   index = index(optionString, reverse('GRIDINSTALLLOC'));
MPRINT(HPDM_GRIDSETOPTIONS):   if index then do;
MPRINT(HPDM_GRIDSETOPTIONS):   string = reverse(substr(optionString, 1, index-4));
MPRINT(HPDM_GRIDSETOPTIONS):   install = '"'!!strip(tranwrd(scan(string, 1, ']'), '"', ''))!!'"';
MPRINT(HPDM_GRIDSETOPTIONS):   call symput('_HPDMGRIDINSTALLLOC', strip(install));
MPRINT(HPDM_GRIDSETOPTIONS):   end;
MPRINT(HPDM_GRIDSETOPTIONS):   index = index(optionString, reverse('GRIDDATASERVER'));
MPRINT(HPDM_GRIDSETOPTIONS):   if index then do;
MPRINT(HPDM_GRIDSETOPTIONS):   string = reverse(substr(optionString, 1, index-4));
MPRINT(HPDM_GRIDSETOPTIONS):   server = '"'!!strip(tranwrd(scan(string, 1, ']'), '"', ''))!!'"';
MPRINT(HPDM_GRIDSETOPTIONS):   call symput('_HPDMGRIDDATASERVER', strip(server));
MPRINT(HPDM_GRIDSETOPTIONS):   end;
MPRINT(HPDM_GRIDSETOPTIONS):   run;

NOTE: DATA statement used (Total process time):
      real time           0.00 seconds
      cpu time            0.00 seconds
      

MPRINT(EM_DIAGRAM):  ;

*------------------------------------------------------------* 
* 
* Ids3 : End update 
* datetime : 14NOV2019:18:53:22 
* 
*------------------------------------------------------------* 
17161      %em_getactionstatus(emlib =EMWS1, nodeid=Ids3);
MPRINT(EM_DIAGRAM):   
MPRINT(EM_GETACTIONSTATUS):   proc display c=sashelp.emutil.getactionstatus.scl;
MPRINT(EM_GETACTIONSTATUS):   run;

17162      %let em_Train = N;
17163      %let em_Score = N;
17164      %let em_Report = N;
17165      %let em_Run = N;
NOTE: PROCEDURE DISPLAY used (Total process time):
      real time           0.00 seconds
      cpu time            0.01 seconds
      

MPRINT(EM_GETACTIONSTATUS):   
MPRINT(EM_DIAGRAM):  ;

Node "Ids3" has already run. 
Node "Ids3" succeeded. 
17166      data _null_;
MPRINT(EM_DIAGRAM):    data _null_;
17167      file emwipmsg;
MPRINT(EM_DIAGRAM):   file emwipmsg;
17168      put '<Node Id="Ids3" Event="Complete" Pid="2768" Gridid=""/>';
MPRINT(EM_DIAGRAM):   put '<Node Id="Ids3" Event="Complete" Pid="2768" Gridid=""/>';
17169      run;
MPRINT(EM_DIAGRAM):   run;

NOTE: The file EMWIPMSG is:
      Local Host Name=830-5CG9310VLM,
      Local Host IP addr=fe80::dcd6:62d5:d119:4440%7,
      Peer Hostname Name=830-5CG9310VLM,
      Peer IP addr=127.0.0.1,Peer Name=N/A,
      Peer Portno=64222,Lrecl=32767,Recfm=Variable

NOTE: 1 record was written to the file EMWIPMSG.
      The minimum record length was 55.
      The maximum record length was 55.
NOTE: DATA statement used (Total process time):
      real time           0.08 seconds
      cpu time            0.03 seconds
      

Traverser: WaitingNode "SCORE2" 
traverser_readyNode_note 
17170      data _null_;
MPRINT(EM_DIAGRAM):    data _null_;
17171      file emwipmsg;
MPRINT(EM_DIAGRAM):   file emwipmsg;
17172      put '<Node Id="Ids2" Event="Run" Pid="2768" Gridid=""/>';
MPRINT(EM_DIAGRAM):   put '<Node Id="Ids2" Event="Run" Pid="2768" Gridid=""/>';
17173      run;
MPRINT(EM_DIAGRAM):   run;

NOTE: The file EMWIPMSG is:
      Local Host Name=830-5CG9310VLM,
      Local Host IP addr=fe80::dcd6:62d5:d119:4440%7,
      Peer Hostname Name=830-5CG9310VLM,
      Peer IP addr=127.0.0.1,Peer Name=N/A,
      Peer Portno=64222,Lrecl=32767,Recfm=Variable

NOTE: 1 record was written to the file EMWIPMSG.
      The minimum record length was 50.
      The maximum record length was 50.
NOTE: DATA statement used (Total process time):
      real time           0.10 seconds
      cpu time            0.03 seconds
      

17174      %let emloopmode =;
*------------------------------------------------------------* 
* 
* Ids2 : Beginning update before running 
* datetime : 14NOV2019:18:53:23 
* 
*------------------------------------------------------------* 
MPRINT(EM_DIAGRAM):     filename _emtool_ 'C:\Users\student\Desktop\AA 490\Final Project\AA490_Project\Base Model\Workspaces\EMWS1\Ids2\PROPERTIES.xml' encoding="UTF-8" NOBOM;
17176      %let _HPDMGRIDHOST=;
17177      %let _HPDMGRIDINSTALLLOC=;
17178      %let _HPDMGRIDDATASERVER=;
17179      %hpdm_gridSetOPtions;
MPRINT(EM_DIAGRAM):   
MPRINT(HPDM_GRIDSETOPTIONS):   data _null_;
MPRINT(HPDM_GRIDSETOPTIONS):   length optionString string $2000;
MPRINT(HPDM_GRIDSETOPTIONS):   optionString = reverse(getoption('SET'));
MPRINT(HPDM_GRIDSETOPTIONS):   index = index(optionString, reverse('GRIDHOST'));
MPRINT(HPDM_GRIDSETOPTIONS):   if index then do;
MPRINT(HPDM_GRIDSETOPTIONS):   string = reverse(substr(optionString, 1, index-4));
MPRINT(HPDM_GRIDSETOPTIONS):   host = '"'!!strip(tranwrd(scan(string, 1, ']'), '"', ''))!!'"';
MPRINT(HPDM_GRIDSETOPTIONS):   call symput('_HPDMGRIDHOST', strip(host));
MPRINT(HPDM_GRIDSETOPTIONS):   end;
MPRINT(HPDM_GRIDSETOPTIONS):   index = index(optionString, reverse('GRIDINSTALLLOC'));
MPRINT(HPDM_GRIDSETOPTIONS):   if index then do;
MPRINT(HPDM_GRIDSETOPTIONS):   string = reverse(substr(optionString, 1, index-4));
MPRINT(HPDM_GRIDSETOPTIONS):   install = '"'!!strip(tranwrd(scan(string, 1, ']'), '"', ''))!!'"';
MPRINT(HPDM_GRIDSETOPTIONS):   call symput('_HPDMGRIDINSTALLLOC', strip(install));
MPRINT(HPDM_GRIDSETOPTIONS):   end;
MPRINT(HPDM_GRIDSETOPTIONS):   index = index(optionString, reverse('GRIDDATASERVER'));
MPRINT(HPDM_GRIDSETOPTIONS):   if index then do;
MPRINT(HPDM_GRIDSETOPTIONS):   string = reverse(substr(optionString, 1, index-4));
MPRINT(HPDM_GRIDSETOPTIONS):   server = '"'!!strip(tranwrd(scan(string, 1, ']'), '"', ''))!!'"';
MPRINT(HPDM_GRIDSETOPTIONS):   call symput('_HPDMGRIDDATASERVER', strip(server));
MPRINT(HPDM_GRIDSETOPTIONS):   end;
MPRINT(HPDM_GRIDSETOPTIONS):   run;

NOTE: DATA statement used (Total process time):
      real time           0.00 seconds
      cpu time            0.00 seconds
      

MPRINT(EM_DIAGRAM):  ;

*------------------------------------------------------------* 
* 
* Ids2 : End update 
* datetime : 14NOV2019:18:53:23 
* 
*------------------------------------------------------------* 
17180      %em_getactionstatus(emlib =EMWS1, nodeid=Ids2);
MPRINT(EM_DIAGRAM):   
MPRINT(EM_GETACTIONSTATUS):   proc display c=sashelp.emutil.getactionstatus.scl;
MPRINT(EM_GETACTIONSTATUS):   run;

17181      %let em_Train = N;
17182      %let em_Score = N;
17183      %let em_Report = N;
17184      %let em_Run = N;
NOTE: PROCEDURE DISPLAY used (Total process time):
      real time           0.00 seconds
      cpu time            0.00 seconds
      

MPRINT(EM_GETACTIONSTATUS):   
MPRINT(EM_DIAGRAM):  ;

Node "Ids2" has already run. 
Node "Ids2" succeeded. 
17185      data _null_;
MPRINT(EM_DIAGRAM):    data _null_;
17186      file emwipmsg;
MPRINT(EM_DIAGRAM):   file emwipmsg;
17187      put '<Node Id="Ids2" Event="Complete" Pid="2768" Gridid=""/>';
MPRINT(EM_DIAGRAM):   put '<Node Id="Ids2" Event="Complete" Pid="2768" Gridid=""/>';
17188      run;
MPRINT(EM_DIAGRAM):   run;

NOTE: The file EMWIPMSG is:
      Local Host Name=830-5CG9310VLM,
      Local Host IP addr=fe80::dcd6:62d5:d119:4440%7,
      Peer Hostname Name=830-5CG9310VLM,
      Peer IP addr=127.0.0.1,Peer Name=N/A,
      Peer Portno=64222,Lrecl=32767,Recfm=Variable

NOTE: 1 record was written to the file EMWIPMSG.
      The minimum record length was 55.
      The maximum record length was 55.
NOTE: DATA statement used (Total process time):
      real time           0.11 seconds
      cpu time            0.04 seconds
      

traverser_readyNode_note 
17189      data _null_;
MPRINT(EM_DIAGRAM):    data _null_;
17190      file emwipmsg;
MPRINT(EM_DIAGRAM):   file emwipmsg;
17191      put '<Node Id="Score2" Event="Run" Pid="2768" Gridid=""/>';
MPRINT(EM_DIAGRAM):   put '<Node Id="Score2" Event="Run" Pid="2768" Gridid=""/>';
17192      run;
MPRINT(EM_DIAGRAM):   run;

NOTE: The file EMWIPMSG is:
      Local Host Name=830-5CG9310VLM,
      Local Host IP addr=fe80::dcd6:62d5:d119:4440%7,
      Peer Hostname Name=830-5CG9310VLM,
      Peer IP addr=127.0.0.1,Peer Name=N/A,
      Peer Portno=64222,Lrecl=32767,Recfm=Variable

NOTE: 1 record was written to the file EMWIPMSG.
      The minimum record length was 52.
      The maximum record length was 52.
NOTE: DATA statement used (Total process time):
      real time           0.10 seconds
      cpu time            0.03 seconds
      

17193      %let emloopmode =;
*------------------------------------------------------------* 
* 
* Score2 : Beginning update before running 
* datetime : 14NOV2019:18:53:23 
* 
*------------------------------------------------------------* 
MPRINT(EM_DIAGRAM):     data WORK.Score2_FILTERSET;
MPRINT(EM_DIAGRAM):   length PORT $32 USE $1;
MPRINT(EM_DIAGRAM):   DROP DELTACODE APPLYDELTA APPLYSCORE IMPORTPORT;
MPRINT(EM_DIAGRAM):   set EMWS1.Ids2_exportSet EMWS1.Ids3_exportSet ;
MPRINT(EM_DIAGRAM):   PORT = '';
MPRINT(EM_DIAGRAM):   USE = '';
MPRINT(EM_DIAGRAM):   where role in( "RAW" "TRAIN" "VALIDATE" "TEST" "SCORE" ) and EXPORT = 'Y' ;
MPRINT(EM_DIAGRAM):   run;
17214      *------------------------------------------------------------*;
MPRINT(EM_DIAGRAM):    *------------------------------------------------------------*;
17215      * Score2: Update Variables Set;
MPRINT(EM_DIAGRAM):   * Score2: Update Variables Set;
17216      *------------------------------------------------------------*;
MPRINT(EM_DIAGRAM):   *------------------------------------------------------------*;

17217      proc sort data=EMWS1.Ids2_CMeta_DATA out=_SortedVar;
MPRINT(EM_DIAGRAM):    proc sort data=EMWS1.Ids2_CMeta_DATA out=_SortedVar;
17218      by name;
MPRINT(EM_DIAGRAM):   by name;
17219      run;
MPRINT(EM_DIAGRAM):   run;

NOTE: There were 6 observations read from the data set EMWS1.IDS2_CMETA_DATA.
NOTE: The data set WORK._SORTEDVAR has 6 observations and 20 variables.
NOTE: PROCEDURE SORT used (Total process time):
      real time           0.00 seconds
      cpu time            0.00 seconds
      

MPRINT(EM_DIAGRAM):    data _SortedVar;
MPRINT(EM_DIAGRAM):   set _SortedVar;
MPRINT(EM_DIAGRAM):   where ROLE in("TARGET" "SEGMENT" "FREQ");
MPRINT(EM_DIAGRAM):   run;
17224      proc sort data=EMWS1.Score2_VariableSet;
MPRINT(EM_DIAGRAM):    proc sort data=EMWS1.Score2_VariableSet;
17225      by name;
MPRINT(EM_DIAGRAM):   by name;
17226      run;
MPRINT(EM_DIAGRAM):   run;

NOTE: Input data set is empty.
NOTE: The data set EMWS1.SCORE2_VARIABLESET has 0 observations and 21 variables.
NOTE: PROCEDURE SORT used (Total process time):
      real time           0.00 seconds
      cpu time            0.01 seconds
      

17227      data EMWS1.Score2_VariableSet;
MPRINT(EM_DIAGRAM):   data EMWS1.Score2_VariableSet;
17228      merge _SortedVar(in=_a) EMWS1.Score2_VariableSet(in=_b rename=(ROLE = OLDROLE) keep=NAME ROLE USE);
MPRINT(EM_DIAGRAM):   merge _SortedVar(in=_a) EMWS1.Score2_VariableSet(in=_b rename=(ROLE = OLDROLE) keep=NAME ROLE USE);
17229      by name;
MPRINT(EM_DIAGRAM):   by name;
17230      if (OLDROLE = 'TARGET' and use = 'Y') and ROLE = 'REJECTED' then USE = 'D';
MPRINT(EM_DIAGRAM):   if (OLDROLE = 'TARGET' and use = 'Y') and ROLE = 'REJECTED' then USE = 'D';
17231      drop OLDROLE;
MPRINT(EM_DIAGRAM):   drop OLDROLE;
17232      if _b and ^_a then delete;
MPRINT(EM_DIAGRAM):   if _b and ^_a then delete;
17233      run;
MPRINT(EM_DIAGRAM):   run;

NOTE: There were 0 observations read from the data set WORK._SORTEDVAR.
NOTE: There were 0 observations read from the data set EMWS1.SCORE2_VARIABLESET.
NOTE: The data set EMWS1.SCORE2_VARIABLESET has 0 observations and 21 variables.
NOTE: DATA statement used (Total process time):
      real time           0.01 seconds
      cpu time            0.00 seconds
      

17234      %let Modeltarget=;
17235      data _null_;
MPRINT(EM_DIAGRAM):    data _null_;
17236      set EMWS1.Ids2_EMINFO;
MPRINT(EM_DIAGRAM):   set EMWS1.Ids2_EMINFO;
17237      where KEY="MODEL";
MPRINT(EM_DIAGRAM):   where KEY="MODEL";
17238      if _N_=1 then modelTarget = target;
MPRINT(EM_DIAGRAM):   if _N_=1 then modelTarget = target;
17239      if target = "" and target ne '' then modelTarget = target;
MPRINT(EM_DIAGRAM):   if target = "" and target ne '' then modelTarget = target;
17240      call symput('ModelTarget', target);
MPRINT(EM_DIAGRAM):   call symput('ModelTarget', target);
17241      run;
MPRINT(EM_DIAGRAM):   run;

NOTE: There were 0 observations read from the data set EMWS1.IDS2_EMINFO.
      WHERE KEY='MODEL';
NOTE: DATA statement used (Total process time):
      real time           0.00 seconds
      cpu time            0.01 seconds
      

17242      * Score2: End of Update Variables Set;
MPRINT(EM_DIAGRAM):    * Score2: End of Update Variables Set;
17243      *------------------------------------------------------------*;
MPRINT(EM_DIAGRAM):   *------------------------------------------------------------*;

MPRINT(EM_DIAGRAM):    filename _emtool_ 'C:\Users\student\Desktop\AA 490\Final Project\AA490_Project\Base Model\Workspaces\EMWS1\Score2\PROPERTIES.xml' encoding="UTF-8" NOBOM;
17245      %let _HPDMGRIDHOST=;
17246      %let _HPDMGRIDINSTALLLOC=;
17247      %let _HPDMGRIDDATASERVER=;
17248      %hpdm_gridSetOPtions;
MPRINT(EM_DIAGRAM):   
MPRINT(HPDM_GRIDSETOPTIONS):   data _null_;
MPRINT(HPDM_GRIDSETOPTIONS):   length optionString string $2000;
MPRINT(HPDM_GRIDSETOPTIONS):   optionString = reverse(getoption('SET'));
MPRINT(HPDM_GRIDSETOPTIONS):   index = index(optionString, reverse('GRIDHOST'));
MPRINT(HPDM_GRIDSETOPTIONS):   if index then do;
MPRINT(HPDM_GRIDSETOPTIONS):   string = reverse(substr(optionString, 1, index-4));
MPRINT(HPDM_GRIDSETOPTIONS):   host = '"'!!strip(tranwrd(scan(string, 1, ']'), '"', ''))!!'"';
MPRINT(HPDM_GRIDSETOPTIONS):   call symput('_HPDMGRIDHOST', strip(host));
MPRINT(HPDM_GRIDSETOPTIONS):   end;
MPRINT(HPDM_GRIDSETOPTIONS):   index = index(optionString, reverse('GRIDINSTALLLOC'));
MPRINT(HPDM_GRIDSETOPTIONS):   if index then do;
MPRINT(HPDM_GRIDSETOPTIONS):   string = reverse(substr(optionString, 1, index-4));
MPRINT(HPDM_GRIDSETOPTIONS):   install = '"'!!strip(tranwrd(scan(string, 1, ']'), '"', ''))!!'"';
MPRINT(HPDM_GRIDSETOPTIONS):   call symput('_HPDMGRIDINSTALLLOC', strip(install));
MPRINT(HPDM_GRIDSETOPTIONS):   end;
MPRINT(HPDM_GRIDSETOPTIONS):   index = index(optionString, reverse('GRIDDATASERVER'));
MPRINT(HPDM_GRIDSETOPTIONS):   if index then do;
MPRINT(HPDM_GRIDSETOPTIONS):   string = reverse(substr(optionString, 1, index-4));
MPRINT(HPDM_GRIDSETOPTIONS):   server = '"'!!strip(tranwrd(scan(string, 1, ']'), '"', ''))!!'"';
MPRINT(HPDM_GRIDSETOPTIONS):   call symput('_HPDMGRIDDATASERVER', strip(server));
MPRINT(HPDM_GRIDSETOPTIONS):   end;
MPRINT(HPDM_GRIDSETOPTIONS):   run;

NOTE: DATA statement used (Total process time):
      real time           0.00 seconds
      cpu time            0.00 seconds
      

MPRINT(EM_DIAGRAM):  ;

*------------------------------------------------------------* 
* 
* Score2 : End update 
* datetime : 14NOV2019:18:53:24 
* 
*------------------------------------------------------------* 
17249      %em_getactionstatus(emlib =EMWS1, nodeid=Score2);
MPRINT(EM_DIAGRAM):   
MPRINT(EM_GETACTIONSTATUS):   proc display c=sashelp.emutil.getactionstatus.scl;
MPRINT(EM_GETACTIONSTATUS):   run;

17250      %let em_Train = Y;
17251      %let em_Report = Y;
17252      %let em_Score = Y;
17253      %let em_Run = Y;
NOTE: PROCEDURE DISPLAY used (Total process time):
      real time           0.00 seconds
      cpu time            0.01 seconds
      

MPRINT(EM_GETACTIONSTATUS):   
MPRINT(EM_DIAGRAM):  ;

17254      %let emloopmode =;
17255      %let emloopnumber =0;
17256      %let emloopId =Score2;
*------------------------------------------------------------* 
* 
* Score2 : Running 
* datetime : 14NOV2019:18:53:24 
* 
*------------------------------------------------------------* 
17257      %let SYSCC =0;
17258      %let EMGROUPMODE =;
17259      %let EMGROUPID =;
MPRINT(EM_DIAGRAM):      filename temp catalog 'sashelp.emutil.em_vardist.source';
MPRINT(EM_DIAGRAM):   filename temp;
MPRINT(EM_DIAGRAM):   filename temp catalog 'sashelp.emutil.em_classdist.source';
MPRINT(EM_DIAGRAM):   filename temp;
MPRINT(EM_DIAGRAM):   filename temp catalog 'sashelp.emutil.em_checksetinit.source';
MPRINT(EM_DIAGRAM):   filename temp;
MPRINT(EM_DIAGRAM):   filename temp catalog 'sashelp.emutil.em_checkerror.source';
MPRINT(EM_DIAGRAM):   filename temp;
MPRINT(EM_DIAGRAM):   filename temp catalog 'sashelp.emutil.em_odsliston.source';
MPRINT(EM_DIAGRAM):   filename temp;
MPRINT(EM_DIAGRAM):   filename temp catalog 'sashelp.emutil.em_odslistoff.source';
MPRINT(EM_DIAGRAM):   filename temp;
MPRINT(EM_DIAGRAM):   filename temp catalog 'sashelp.emutil.em_getvarname.source';
MPRINT(EM_DIAGRAM):   filename temp;
MPRINT(EM_DIAGRAM):   filename temp catalog 'sashelp.emassmt.em_assess.source';
MPRINT(EM_DIAGRAM):   filename temp;
MPRINT(EM_DIAGRAM):    filename L2CD6XAA "C:\Users\student\Desktop\AA 490\Final Project\AA490_Project\Base Model\Workspaces\EMWS1\Score2\EMTRAIN.log" encoding="UTF-8" NOBOM;
MPRINT(EM_DIAGRAM):   proc printto log=L2CD6XAA new;
MPRINT(EM_DIAGRAM):   run;
