NOTE: PROCEDURE PRINTTO used (Total process time):
      real time           0.00 seconds
      cpu time            0.00 seconds
      

1 
Traverser: Traverser invoked.  MPCONNECT command is sas. 
Traverser: Beginning flow traversal 
*------------------------------------------------------------* 
* 
* Ids3 : Beginning Update 
* datetime : 14NOV2019:15:34:24 
* 
*------------------------------------------------------------* 
16032      %let _HPDMGRIDHOST=;
16033      %let _HPDMGRIDINSTALLLOC=;
16034      %let _HPDMGRIDDATASERVER=;
16035      %hpdm_gridSetOPtions;

NOTE: DATA statement used (Total process time):
      real time           0.00 seconds
      cpu time            0.00 seconds
      


*------------------------------------------------------------* 
* 
* Ids3 : End Update 
* datetime : 14NOV2019:15:34:24 
* 
*------------------------------------------------------------* 
traverser_readyNode_note 
*------------------------------------------------------------* 
* 
* Score2 : Beginning Update 
* datetime : 14NOV2019:15:34:25 
* 
*------------------------------------------------------------* 
*------------------------------------------------------------* 
* 
* Score2 : End Update 
* datetime : 14NOV2019:15:34:25 
* 
*------------------------------------------------------------* 
1 
16058      proc printto;
16059      run;

