 
                                                                                                                                                                                                                                                                
 
Variable Importance

                                                                                    Ratio of
                          Number of                                               Validation
Variable                  Splitting                            Validation        to Training
  Name         Label        Rules           Importance         Importance         Importance

Age_group    Age_group        2                 1.0000             1.0000             1.0000
 
                                                                                                                                                                                                                                                                
 
Tree Leaf Report

Node               Training        Training      Validation      Validation     Training     Validation
 Id     Depth    Observations      Average      Observations      Average       Root ASE      Root ASE

  3       1           254        11422003.94         166        11907433.73    6377384.21    6138777.55
  5       2           131         1107916.03          79         1129936.71     731515.28     692703.83
  4       2           119         3739815.13          91         3878439.56    1755524.41    1924399.16
 
                                                                                                                                                                                                                                                                
 
 
Fit Statistics

Target=Sum_Labor_Force_Pop Target Label=' '

   Fit
Statistics    Statistics Label                    Train     Validation

  _NOBS_      Sum of Frequencies                 504.00         336.00
  _MAX_       Maximum Absolute Error        13654996.06    13654996.06
  _SSE_       Sum of Squared Errors         1.076728E16    6.630551E15
  _ASE_       Average Squared Error         2.136366E13    1.973378E13
  _RASE_      Root Average Squared Error     4622083.70     4442272.10
  _DIV_       Divisor for ASE                    504.00         336.00
  _DFT_       Total Degrees of Freedom           504.00            .  
 
                                                                                                                                                                                                                                                                
 
 
Assessment Score Rankings

Data Role=TRAIN Target Variable=Sum_Labor_Force_Pop Target Label=' '

           Number of                        Mean
Depth    Observations    Mean Target     Predicted

   5          254        11422003.94    11422003.94
  55          119         3739815.13     3739815.13
  75          131         1107916.03     1107916.03


Data Role=VALIDATE Target Variable=Sum_Labor_Force_Pop Target Label=' '

           Number of                        Mean
Depth    Observations    Mean Target     Predicted

   5          166        11907433.73    11422003.94
  50           91         3878439.56     3739815.13
  80           79         1129936.71     1107916.03
 
                                                                                                                                                                                                                                                                
 
 
Assessment Score Distribution

Data Role=TRAIN Target Variable=Sum_Labor_Force_Pop Target Label=' '

                                                  Mean         Number of
    Range for Predicted        Mean Target     Predicted     Observations    Model Score

10906299.542 - 11422003.937    11422003.94    11422003.94         254        11164151.74
 3686438.007 -  4202142.402     3739815.13     3739815.13         119         3944290.20
 1107916.031 -  1623620.426     1107916.03     1107916.03         131         1365768.23


Data Role=VALIDATE Target Variable=Sum_Labor_Force_Pop Target Label=' '

                                                  Mean         Number of
    Range for Predicted        Mean Target     Predicted     Observations    Model Score

10906299.542 - 11422003.937    11907433.73    11422003.94         166        11164151.74
 3686438.007 -  4202142.402     3878439.56     3739815.13          91         3944290.20
 1107916.031 -  1623620.426     1129936.71     1107916.03          79         1365768.23
