MPRINT(EM_DIAGRAM):    data _null_;
MPRINT(EM_DIAGRAM):   call symput('NLDATE', strip(put(date(), NLDATE.)));
MPRINT(EM_DIAGRAM):   call symput('NLTIME', strip(put(datetime(), NLTIME.)));
MPRINT(EM_DIAGRAM):   run;
MPRINT(EM_DIAGRAM):   data _null_;
MPRINT(EM_DIAGRAM):   nldate= sasmsg("sashelp.dmine", "log_date_note", 'N', "November 14, 2019" );
MPRINT(EM_DIAGRAM):   nltime= sasmsg("sashelp.dmine", "log_time_note", 'N', "15:24:12" );
MPRINT(EM_DIAGRAM):   put "*------------------------------------------------------------*";
MPRINT(EM_DIAGRAM):   put "* Score Log";
MPRINT(EM_DIAGRAM):   put nldate;
MPRINT(EM_DIAGRAM):   put nltime;
MPRINT(EM_DIAGRAM):   put "*------------------------------------------------------------*";
MPRINT(EM_DIAGRAM):   run;
*------------------------------------------------------------*
* Score Log
Date:                November 14, 2019
Time:                15:24:12
*------------------------------------------------------------*
MPRINT(EM_DIAGRAM):    filename O0SJMYA9 "C:\Users\student\Desktop\AA490\Project\AA490_Project\Modeling\Labor Force\Workspaces\EMWS2\Ids\EMSCORE.out" encoding="UTF-8" NOBOM;
MPRINT(EM_DIAGRAM):   proc printto print=O0SJMYA9 new;
MPRINT(EM_DIAGRAM):   run;
MPRINT(EM_DIAGRAM):    *------------------------------------------------------------*;
MPRINT(EM_DIAGRAM):   * Ids: Computing metadata for DATA data;
MPRINT(EM_DIAGRAM):   *------------------------------------------------------------*;
MPRINT(EM_DIAGRAM):    data EMWS2.Ids_EMINFO;
MPRINT(EM_DIAGRAM):   length TARGET KEY $32 DATA $43;
MPRINT(EM_DIAGRAM):   TARGET="";
MPRINT(EM_DIAGRAM):   KEY="IDSTABLE";
MPRINT(EM_DIAGRAM):   DATA="SASUSER.LABOR_HISTORIC_FINAL_VARC";
MPRINT(EM_DIAGRAM):   output;
MPRINT(EM_DIAGRAM):   run;
MPRINT(EM_DIAGRAM):    data EMWS2.Ids_CMeta_DATA;
MPRINT(EM_DIAGRAM):   set EMWS2.Ids_VariableSet;
MPRINT(EM_DIAGRAM):   drop DROP;
MPRINT(EM_DIAGRAM):   where DROP='N';
MPRINT(EM_DIAGRAM):   run;
MPRINT(EM_DIAGRAM):    proc printto;
MPRINT(EM_DIAGRAM):   run;
