 
                                                                                                                                                                                                                                                                
 
 
Fit Statistics

Target=Cases_in_1000s Target Label=' '

   Fit
Statistics    Statistics Label                      Train    Validation

 _AIC_        Akaike's Information Criterion      5323.35           .  
 _ASE_        Average Squared Error                428.10        579.10
 _AVERR_      Average Error Function               428.10        579.10
 _DFE_        Degrees of Freedom for Error         824.00           .  
 _DFM_        Model Degrees of Freedom              41.00           .  
 _DFT_        Total Degrees of Freedom             865.00           .  
 _DIV_        Divisor for ASE                      865.00        367.00
 _ERR_        Error Function                    370308.58     212529.44
 _FPE_        Final Prediction Error               470.70           .  
 _MAX_        Maximum Absolute Error               137.38        159.07
 _MSE_        Mean Square Error                    449.40        579.10
 _NOBS_       Sum of Frequencies                   865.00        367.00
 _NW_         Number of Estimate Weights            41.00           .  
 _RASE_       Root Average Sum of Squares           20.69         24.06
 _RFPE_       Root Final Prediction Error           21.70           .  
 _RMSE_       Root Mean Squared Error               21.20         24.06
 _SBC_        Schwarz's Bayesian Criterion        5518.62           .  
 _SSE_        Sum of Squared Errors             370308.58     212529.44
 _SUMW_       Sum of Case Weights Times Freq       865.00        367.00
 
                                                                                                                                                                                                                                                                
 
 
Assessment Score Rankings

Data Role=TRAIN Target Variable=Cases_in_1000s Target Label=' '

           Number of        Mean       Mean
Depth    Observations     Target    Predicted

   5          34         298.353      301.283
  10          44         220.636      207.222
  15          44         122.545      126.216
  20          43          91.372       93.029
  25          44          72.455       72.916
  30          44          50.068       52.419
  35          44          50.227       48.000
  40          43          36.837       38.715
  45          44          23.455       30.991
  50          44          17.523       25.428
  55          44          18.205       21.282
  60          43          15.023       17.965
  65          44          10.023       14.014
  70          44           8.500        9.283
  75          44           4.886        6.097
  80          43           3.884        3.501
  85          44           3.818        1.411
  90          44           2.886       -0.657
  95          44           1.136       -4.058
 100          43           0.674      -12.034


Data Role=VALIDATE Target Variable=Cases_in_1000s Target Label=' '

           Number of        Mean       Mean
Depth    Observations     Target    Predicted

   5          11         297.818      317.911
  10          19         258.789      221.504
  15          19         124.789      133.120
  20          18          92.167       98.361
  25          19          72.263       76.457
  30          19          52.579       54.272
  35          19          49.211       44.842
  40          18          26.722       32.914
  45          19          15.895       25.592
  50          19          22.105       21.596
  55          19          11.053       17.449
  60          18          10.667       14.483
  65          19           9.316       10.628
  70          19           7.316        7.178
  75          19           5.895        5.063
  80          18           6.444        2.233
  85          19           5.474        0.264
  90          19           2.684       -1.747
  95          19           1.421       -4.942
 100          18           0.556      -11.245
 
                                                                                                                                                                                                                                                                
 
 
Assessment Score Distribution

Data Role=TRAIN Target Variable=Cases_in_1000s Target Label=' '

    Range for            Mean       Mean        Number of        Model
    Predicted          Target    Predicted    Observations       Score

312.624 -  330.596    312.077      326.450          13         321.610
294.653 -  312.624    278.857      297.664           7         303.639
276.682 -  294.653    331.750      291.938           8         285.668
258.711 -  276.682    248.800      264.878           5         267.697
240.740 -  258.711    231.167      247.414           6         249.726
222.769 -  240.740    229.000      232.452           8         231.754
204.798 -  222.769    235.000      216.374           9         213.783
186.827 -  204.798    227.462      192.241          13         195.812
168.856 -  186.827    161.000      185.551           6         177.841
150.884 -  168.856    199.667      154.052           9         159.870
132.913 -  150.884    117.700      146.560          10         141.899
114.942 -  132.913    140.333      123.507           9         123.928
96.971 -  114.942      99.516      105.941          31         105.957
79.000 -  96.971       82.762       87.274          42          87.986
61.029 -  79.000       73.290       71.014          31          70.014
43.058 -  61.029       50.128       50.094          94          52.043
25.087 -  43.058       27.224       32.593         107          34.072
7.116 -  25.087        13.055       16.328         199          16.101
-10.856 -  7.116        2.983        0.263         239          -1.870
-28.827 -  -10.856      0.474      -17.662          19         -19.841


Data Role=VALIDATE Target Variable=Cases_in_1000s Target Label=' '

    Range for            Mean       Mean        Number of        Model
    Predicted          Target    Predicted    Observations       Score

313.896 -  331.555    304.000      326.515           8         322.725
296.237 -  313.896    252.000      297.635           1         305.066
278.578 -  296.237    335.000      292.303           5         287.408
243.261 -  260.919    233.000      248.198           2         252.090
225.602 -  243.261    219.000      230.873           3         234.431
207.943 -  225.602    212.000      223.971           1         216.773
190.284 -  207.943    272.167      195.117           6         199.114
172.626 -  190.284    216.500      187.659           4         181.455
154.967 -  172.626    240.000      157.968           1         163.796
137.308 -  154.967    132.556      148.906           9         146.138
119.649 -  137.308    112.500      132.083           2         128.479
101.991 -  119.649     94.438      106.909          16         110.820
84.332 -  101.991      93.000       90.545          11          93.161
66.673 -  84.332       70.438       76.061          16          75.503
49.014 -  66.673       54.048       54.616          21          57.844
31.356 -  49.014       40.581       40.208          31          40.185
13.697 -  31.356       15.506       20.562          79          22.526
-3.962 -  13.697        6.025        3.721         119           4.868
-21.621 -  -3.962       0.750       -8.726          32         -12.791
