MPRINT(EM_DIAGRAM):    data _null_;
MPRINT(EM_DIAGRAM):   call symput('NLDATE', strip(put(date(), NLDATE.)));
MPRINT(EM_DIAGRAM):   call symput('NLTIME', strip(put(datetime(), NLTIME.)));
MPRINT(EM_DIAGRAM):   run;
MPRINT(EM_DIAGRAM):   data _null_;
MPRINT(EM_DIAGRAM):   nldate= sasmsg("sashelp.dmine", "log_date_note", 'N', "December 11, 2019" );
MPRINT(EM_DIAGRAM):   nltime= sasmsg("sashelp.dmine", "log_time_note", 'N', "14:10:38" );
MPRINT(EM_DIAGRAM):   put "*------------------------------------------------------------*";
MPRINT(EM_DIAGRAM):   put "* Score Log";
MPRINT(EM_DIAGRAM):   put nldate;
MPRINT(EM_DIAGRAM):   put nltime;
MPRINT(EM_DIAGRAM):   put "*------------------------------------------------------------*";
MPRINT(EM_DIAGRAM):   run;
*------------------------------------------------------------*
* Score Log
Date:                December 11, 2019
Time:                14:10:38
*------------------------------------------------------------*
MPRINT(EM_DIAGRAM):    filename O2Z7ZHG0 "C:\Users\student\Desktop\AA 490\Final Project\AA490_Project\Base Model\Workspaces\EMWS2\Reg5\EMSCORE.out" encoding="UTF-8" NOBOM;
MPRINT(EM_DIAGRAM):   proc printto print=O2Z7ZHG0 new;
MPRINT(EM_DIAGRAM):   run;
41092      filename emflow "C:\Users\student\Desktop\AA 490\Final Project\AA490_Project\Base Model\Workspaces\EMWS2\Reg5\EMFLOWSCORE.sas";
MPRINT(EM_DIAGRAM):    filename emflow "C:\Users\student\Desktop\AA 490\Final Project\AA490_Project\Base Model\Workspaces\EMWS2\Reg5\EMFLOWSCORE.sas";
MPRINT(EM_DIAGRAM):   *------------------------------------------------------------*;
MPRINT(EM_DIAGRAM):   * Reg5: Scoring DATA data;
MPRINT(EM_DIAGRAM):   *------------------------------------------------------------*;
41093      *------------------------------------------------------------*;
41094      * Reg5: Scoring DATA data;
41095      *------------------------------------------------------------*;
41096      data EMWS2.Reg5_TRAIN
41097      / view=EMWS2.Reg5_TRAIN
41098      ;
MPRINT(EM_DIAGRAM):   data EMWS2.Reg5_TRAIN / view=EMWS2.Reg5_TRAIN ;
41099      set EMWS2.Part_TRAIN
41100      ;
MPRINT(EM_DIAGRAM):   set EMWS2.Part_TRAIN ;
41101      %inc emflow;
MPRINT(EM_DIAGRAM):   *************************************;
MPRINT(EM_DIAGRAM):   *** begin scoring code for regression;
MPRINT(EM_DIAGRAM):   *************************************;
MPRINT(EM_DIAGRAM):   length _WARN_ $4;
MPRINT(EM_DIAGRAM):   label _WARN_ = 'Warnings' ;
MPRINT(EM_DIAGRAM):   drop _Y;
MPRINT(EM_DIAGRAM):   _Y = Cases_in_1000s ;
MPRINT(EM_DIAGRAM):   drop _DM_BAD;
MPRINT(EM_DIAGRAM):   _DM_BAD=0;
MPRINT(EM_DIAGRAM):   *** Check Population_in_thousands for missing values ;
MPRINT(EM_DIAGRAM):   if missing( Population_in_thousands ) then do;
MPRINT(EM_DIAGRAM):   substr(_warn_,1,1) = 'M';
MPRINT(EM_DIAGRAM):   _DM_BAD = 1;
MPRINT(EM_DIAGRAM):   end;
MPRINT(EM_DIAGRAM):   *** Generate dummy variables for Age_group ;
MPRINT(EM_DIAGRAM):   drop _0_0 _0_1 _0_2 _0_3 ;
MPRINT(EM_DIAGRAM):   *** encoding is sparse, initialize to zero;
MPRINT(EM_DIAGRAM):   _0_0 = 0;
MPRINT(EM_DIAGRAM):   _0_1 = 0;
MPRINT(EM_DIAGRAM):   _0_2 = 0;
MPRINT(EM_DIAGRAM):   _0_3 = 0;
MPRINT(EM_DIAGRAM):   if missing( Age_group ) then do;
MPRINT(EM_DIAGRAM):   _0_0 = .;
MPRINT(EM_DIAGRAM):   _0_1 = .;
MPRINT(EM_DIAGRAM):   _0_2 = .;
MPRINT(EM_DIAGRAM):   _0_3 = .;
MPRINT(EM_DIAGRAM):   substr(_warn_,1,1) = 'M';
MPRINT(EM_DIAGRAM):   _DM_BAD = 1;
MPRINT(EM_DIAGRAM):   end;
MPRINT(EM_DIAGRAM):   else do;
MPRINT(EM_DIAGRAM):   length _dm19 $ 19;
MPRINT(EM_DIAGRAM):   drop _dm19 ;
MPRINT(DMNORMCP):   _dm19=dmnorm(Age_group,
MPRINT(DMNORLEN):  32
MPRINT(DMNORMCP):  );
MPRINT(EM_DIAGRAM):   if _dm19 = '85+' then do;
MPRINT(EM_DIAGRAM):   _0_0 = -1;
MPRINT(EM_DIAGRAM):   _0_1 = -1;
MPRINT(EM_DIAGRAM):   _0_2 = -1;
MPRINT(EM_DIAGRAM):   _0_3 = -1;
MPRINT(EM_DIAGRAM):   end;
MPRINT(EM_DIAGRAM):   else if _dm19 = '18-24' then do;
MPRINT(EM_DIAGRAM):   _0_1 = 1;
MPRINT(EM_DIAGRAM):   end;
MPRINT(EM_DIAGRAM):   else if _dm19 = '25-44' then do;
MPRINT(EM_DIAGRAM):   _0_2 = 1;
MPRINT(EM_DIAGRAM):   end;
MPRINT(EM_DIAGRAM):   else if _dm19 = '65-84' then do;
MPRINT(EM_DIAGRAM):   _0_3 = 1;
MPRINT(EM_DIAGRAM):   end;
MPRINT(EM_DIAGRAM):   else if _dm19 = '0-17' then do;
MPRINT(EM_DIAGRAM):   _0_0 = 1;
MPRINT(EM_DIAGRAM):   end;
MPRINT(EM_DIAGRAM):   else do;
MPRINT(EM_DIAGRAM):   _0_0 = .;
MPRINT(EM_DIAGRAM):   _0_1 = .;
MPRINT(EM_DIAGRAM):   _0_2 = .;
MPRINT(EM_DIAGRAM):   _0_3 = .;
MPRINT(EM_DIAGRAM):   substr(_warn_,2,1) = 'U';
MPRINT(EM_DIAGRAM):   _DM_BAD = 1;
MPRINT(EM_DIAGRAM):   end;
MPRINT(EM_DIAGRAM):   end;
MPRINT(EM_DIAGRAM):   *** Generate dummy variables for Disease ;
MPRINT(EM_DIAGRAM):   drop _1_0 _1_1 _1_2 _1_3 ;
MPRINT(EM_DIAGRAM):   *** encoding is sparse, initialize to zero;
MPRINT(EM_DIAGRAM):   _1_0 = 0;
MPRINT(EM_DIAGRAM):   _1_1 = 0;
MPRINT(EM_DIAGRAM):   _1_2 = 0;
MPRINT(EM_DIAGRAM):   _1_3 = 0;
MPRINT(EM_DIAGRAM):   if missing( Disease ) then do;
MPRINT(EM_DIAGRAM):   _1_0 = .;
MPRINT(EM_DIAGRAM):   _1_1 = .;
MPRINT(EM_DIAGRAM):   _1_2 = .;
MPRINT(EM_DIAGRAM):   _1_3 = .;
MPRINT(EM_DIAGRAM):   substr(_warn_,1,1) = 'M';
MPRINT(EM_DIAGRAM):   _DM_BAD = 1;
MPRINT(EM_DIAGRAM):   end;
MPRINT(EM_DIAGRAM):   else do;
MPRINT(EM_DIAGRAM):   length _dm32 $ 32;
MPRINT(EM_DIAGRAM):   drop _dm32 ;
MPRINT(DMNORMCP):   _dm32=dmnorm(Disease,
MPRINT(DMNORLEN):  32
MPRINT(DMNORMCP):  );
MPRINT(EM_DIAGRAM):   if _dm32 = 'SEPTICEMIA' then do;
MPRINT(EM_DIAGRAM):   _1_0 = -1;
MPRINT(EM_DIAGRAM):   _1_1 = -1;
MPRINT(EM_DIAGRAM):   _1_2 = -1;
MPRINT(EM_DIAGRAM):   _1_3 = -1;
MPRINT(EM_DIAGRAM):   end;
MPRINT(EM_DIAGRAM):   else if _dm32 = 'ASTHMA' then do;
MPRINT(EM_DIAGRAM):   _1_0 = 1;
MPRINT(EM_DIAGRAM):   end;
MPRINT(EM_DIAGRAM):   else if _dm32 = 'OSTEOARTHRITIS' then do;
MPRINT(EM_DIAGRAM):   _1_3 = 1;
MPRINT(EM_DIAGRAM):   end;
MPRINT(EM_DIAGRAM):   else if _dm32 = 'DEMENTIA AND ALZHEIMER''S DISEASE' then do;
MPRINT(EM_DIAGRAM):   _1_2 = 1;
MPRINT(EM_DIAGRAM):   end;
MPRINT(EM_DIAGRAM):   else if _dm32 = 'CANCER, ALL' then do;
MPRINT(EM_DIAGRAM):   _1_1 = 1;
MPRINT(EM_DIAGRAM):   end;
MPRINT(EM_DIAGRAM):   else do;
MPRINT(EM_DIAGRAM):   _1_0 = .;
MPRINT(EM_DIAGRAM):   _1_1 = .;
MPRINT(EM_DIAGRAM):   _1_2 = .;
MPRINT(EM_DIAGRAM):   _1_3 = .;
MPRINT(EM_DIAGRAM):   substr(_warn_,2,1) = 'U';
MPRINT(EM_DIAGRAM):   _DM_BAD = 1;
MPRINT(EM_DIAGRAM):   end;
MPRINT(EM_DIAGRAM):   end;
MPRINT(EM_DIAGRAM):   *** Generate dummy variables for Gender ;
MPRINT(EM_DIAGRAM):   drop _2_0 ;
MPRINT(EM_DIAGRAM):   if missing( Gender ) then do;
MPRINT(EM_DIAGRAM):   _2_0 = .;
MPRINT(EM_DIAGRAM):   substr(_warn_,1,1) = 'M';
MPRINT(EM_DIAGRAM):   _DM_BAD = 1;
MPRINT(EM_DIAGRAM):   end;
MPRINT(EM_DIAGRAM):   else do;
MPRINT(EM_DIAGRAM):   length _dm10 $ 10;
MPRINT(EM_DIAGRAM):   drop _dm10 ;
MPRINT(EM_DIAGRAM):   _dm10 = put( Gender , $CHAR10. );
MPRINT(DMNORMIP):   call dmnorm(_dm10,
MPRINT(DMNORLEN):  32
MPRINT(DMNORMIP):  );
MPRINT(EM_DIAGRAM):   if _dm10 = 'FEMALE' then do;
MPRINT(EM_DIAGRAM):   _2_0 = 1;
MPRINT(EM_DIAGRAM):   end;
MPRINT(EM_DIAGRAM):   else if _dm10 = 'MALE' then do;
MPRINT(EM_DIAGRAM):   _2_0 = -1;
MPRINT(EM_DIAGRAM):   end;
MPRINT(EM_DIAGRAM):   else do;
MPRINT(EM_DIAGRAM):   _2_0 = .;
MPRINT(EM_DIAGRAM):   substr(_warn_,2,1) = 'U';
MPRINT(EM_DIAGRAM):   _DM_BAD = 1;
MPRINT(EM_DIAGRAM):   end;
MPRINT(EM_DIAGRAM):   end;
MPRINT(EM_DIAGRAM):   *** If missing inputs, use averages;
MPRINT(EM_DIAGRAM):   if _DM_BAD > 0 then do;
MPRINT(EM_DIAGRAM):   _LP0 = 40.5986013986014;
MPRINT(EM_DIAGRAM):   goto REG5DR1;
MPRINT(EM_DIAGRAM):   end;
MPRINT(EM_DIAGRAM):   *** Compute Linear Predictor;
MPRINT(EM_DIAGRAM):   drop _TEMP;
MPRINT(EM_DIAGRAM):   drop _LP0;
MPRINT(EM_DIAGRAM):   _LP0 = 0;
MPRINT(EM_DIAGRAM):   *** Effect: Age_group ;
MPRINT(EM_DIAGRAM):   _TEMP = 1;
MPRINT(EM_DIAGRAM):   _LP0 = _LP0 + ( -49.4672921197793) * _TEMP * _0_0;
MPRINT(EM_DIAGRAM):   _LP0 = _LP0 + ( -21.7313427121025) * _TEMP * _0_1;
MPRINT(EM_DIAGRAM):   _LP0 = _LP0 + ( -53.6209888643958) * _TEMP * _0_2;
MPRINT(EM_DIAGRAM):   _LP0 = _LP0 + ( 102.502871018983) * _TEMP * _0_3;
MPRINT(EM_DIAGRAM):   *** Effect: Disease ;
MPRINT(EM_DIAGRAM):   _TEMP = 1;
MPRINT(EM_DIAGRAM):   _LP0 = _LP0 + ( -4.46131810261602) * _TEMP * _1_0;
MPRINT(EM_DIAGRAM):   _LP0 = _LP0 + ( 44.6018779092235) * _TEMP * _1_1;
MPRINT(EM_DIAGRAM):   _LP0 = _LP0 + ( -31.499567699561) * _TEMP * _1_2;
MPRINT(EM_DIAGRAM):   _LP0 = _LP0 + ( -0.74252562940894) * _TEMP * _1_3;
MPRINT(EM_DIAGRAM):   *** Effect: Gender ;
MPRINT(EM_DIAGRAM):   _TEMP = 1;
MPRINT(EM_DIAGRAM):   _LP0 = _LP0 + ( 4.83591864146778) * _TEMP * _2_0;
MPRINT(EM_DIAGRAM):   *** Effect: Population_in_thousands ;
MPRINT(EM_DIAGRAM):   _TEMP = Population_in_thousands ;
MPRINT(EM_DIAGRAM):   _LP0 = _LP0 + ( 0.00198409149548 * _TEMP);
MPRINT(EM_DIAGRAM):   *** Effect: Age_group*Disease ;
MPRINT(EM_DIAGRAM):   _TEMP = 1;
MPRINT(EM_DIAGRAM):   _LP0 = _LP0 + ( 71.4273293508684) * _TEMP * _0_0 * _1_0;
MPRINT(EM_DIAGRAM):   _LP0 = _LP0 + ( -53.3097718606966) * _TEMP * _0_0 * _1_1;
MPRINT(EM_DIAGRAM):   _LP0 = _LP0 + ( 9.33786909487515) * _TEMP * _0_0 * _1_2;
MPRINT(EM_DIAGRAM):   _LP0 = _LP0 + ( -20.9612651485176) * _TEMP * _0_0 * _1_3;
MPRINT(EM_DIAGRAM):   _LP0 = _LP0 + ( 10.7796593988599) * _TEMP * _0_1 * _1_0;
MPRINT(EM_DIAGRAM):   _LP0 = _LP0 + ( -42.0138863118082) * _TEMP * _0_1 * _1_1;
MPRINT(EM_DIAGRAM):   _LP0 = _LP0 + ( 28.7461211911806) * _TEMP * _0_1 * _1_2;
MPRINT(EM_DIAGRAM):   _LP0 = _LP0 + ( -3.23521994212167) * _TEMP * _0_1 * _1_3;
MPRINT(EM_DIAGRAM):   _LP0 = _LP0 + ( 19.7458398116809) * _TEMP * _0_2 * _1_0;
MPRINT(EM_DIAGRAM):   _LP0 = _LP0 + ( -10.9477828764849) * _TEMP * _0_2 * _1_1;
MPRINT(EM_DIAGRAM):   _LP0 = _LP0 + ( 5.72008672932023) * _TEMP * _0_2 * _1_2;
MPRINT(EM_DIAGRAM):   _LP0 = _LP0 + ( -11.7636065735945) * _TEMP * _0_2 * _1_3;
MPRINT(EM_DIAGRAM):   _LP0 = _LP0 + ( -88.5356337608595) * _TEMP * _0_3 * _1_0;
MPRINT(EM_DIAGRAM):   _LP0 = _LP0 + ( 132.966100156406) * _TEMP * _0_3 * _1_1;
MPRINT(EM_DIAGRAM):   _LP0 = _LP0 + ( -70.4014518863319) * _TEMP * _0_3 * _1_2;
MPRINT(EM_DIAGRAM):   _LP0 = _LP0 + ( 45.1384291109238) * _TEMP * _0_3 * _1_3;
MPRINT(EM_DIAGRAM):   *** Effect: Age_group*Gender ;
MPRINT(EM_DIAGRAM):   _TEMP = 1;
MPRINT(EM_DIAGRAM):   _LP0 = _LP0 + ( -8.1862991950576) * _TEMP * _0_0 * _2_0;
MPRINT(EM_DIAGRAM):   _LP0 = _LP0 + ( -3.41662890780362) * _TEMP * _0_1 * _2_0;
MPRINT(EM_DIAGRAM):   _LP0 = _LP0 + ( 2.93242200068928) * _TEMP * _0_2 * _2_0;
MPRINT(EM_DIAGRAM):   _LP0 = _LP0 + ( 7.94278094282438) * _TEMP * _0_3 * _2_0;
MPRINT(EM_DIAGRAM):   *** Effect: Disease*Gender ;
MPRINT(EM_DIAGRAM):   _TEMP = 1;
MPRINT(EM_DIAGRAM):   _LP0 = _LP0 + ( -1.41400770960081) * _TEMP * _1_0 * _2_0;
MPRINT(EM_DIAGRAM):   _LP0 = _LP0 + ( 0.16409809193528) * _TEMP * _1_1 * _2_0;
MPRINT(EM_DIAGRAM):   _LP0 = _LP0 + ( -2.88206456532676) * _TEMP * _1_2 * _2_0;
MPRINT(EM_DIAGRAM):   _LP0 = _LP0 + ( 4.51528265380696) * _TEMP * _1_3 * _2_0;
MPRINT(EM_DIAGRAM):   *--- Intercept ---*;
MPRINT(EM_DIAGRAM):   _LP0 = _LP0 + ( -2.5407661803408);
MPRINT(EM_DIAGRAM):   REG5DR1: *** Predicted Value, Error, and Residual;
MPRINT(EM_DIAGRAM):   label P_Cases_in_1000s = 'Predicted: Cases_in_1000s' ;
MPRINT(EM_DIAGRAM):   P_Cases_in_1000s = _LP0;
MPRINT(EM_DIAGRAM):   drop _R;
MPRINT(EM_DIAGRAM):   if _Y = . then do;
MPRINT(EM_DIAGRAM):   R_Cases_in_1000s = .;
MPRINT(EM_DIAGRAM):   end;
MPRINT(EM_DIAGRAM):   else do;
MPRINT(EM_DIAGRAM):   _R = _Y - _LP0;
MPRINT(EM_DIAGRAM):   label R_Cases_in_1000s = 'Residual: Cases_in_1000s' ;
MPRINT(EM_DIAGRAM):   R_Cases_in_1000s = _R;
MPRINT(EM_DIAGRAM):   end;
MPRINT(EM_DIAGRAM):   *************************************;
MPRINT(EM_DIAGRAM):   ***** end scoring code for regression;
MPRINT(EM_DIAGRAM):   *************************************;
MPRINT(EM_DIAGRAM):   run;
41324      run;

NOTE: DATA STEP view saved on file EMWS2.REG5_TRAIN.
NOTE: A stored DATA STEP view cannot run under a different operating system.
NOTE: DATA statement used (Total process time):
      real time           0.02 seconds
      cpu time            0.00 seconds
      

MPRINT(EM_DIAGRAM):   quit;
41325      quit;
41326      filename emflow;
MPRINT(EM_DIAGRAM):   filename emflow;
NOTE: Fileref EMFLOW has been deassigned.
41327      filename emflow "C:\Users\student\Desktop\AA 490\Final Project\AA490_Project\Base Model\Workspaces\EMWS2\Reg5\EMFLOWSCORE.sas";
MPRINT(EM_DIAGRAM):    filename emflow "C:\Users\student\Desktop\AA 490\Final Project\AA490_Project\Base Model\Workspaces\EMWS2\Reg5\EMFLOWSCORE.sas";
MPRINT(EM_DIAGRAM):   *------------------------------------------------------------*;
MPRINT(EM_DIAGRAM):   * Reg5: Scoring VALIDATE data;
MPRINT(EM_DIAGRAM):   *------------------------------------------------------------*;
41328      *------------------------------------------------------------*;
41329      * Reg5: Scoring VALIDATE data;
41330      *------------------------------------------------------------*;
41331      data EMWS2.Reg5_VALIDATE
41332      / view=EMWS2.Reg5_VALIDATE
41333      ;
MPRINT(EM_DIAGRAM):   data EMWS2.Reg5_VALIDATE / view=EMWS2.Reg5_VALIDATE ;
41334      set EMWS2.Part_VALIDATE
41335      ;
MPRINT(EM_DIAGRAM):   set EMWS2.Part_VALIDATE ;
41336      %inc emflow;
MPRINT(EM_DIAGRAM):   *************************************;
MPRINT(EM_DIAGRAM):   *** begin scoring code for regression;
MPRINT(EM_DIAGRAM):   *************************************;
MPRINT(EM_DIAGRAM):   length _WARN_ $4;
MPRINT(EM_DIAGRAM):   label _WARN_ = 'Warnings' ;
MPRINT(EM_DIAGRAM):   drop _Y;
MPRINT(EM_DIAGRAM):   _Y = Cases_in_1000s ;
MPRINT(EM_DIAGRAM):   drop _DM_BAD;
MPRINT(EM_DIAGRAM):   _DM_BAD=0;
MPRINT(EM_DIAGRAM):   *** Check Population_in_thousands for missing values ;
MPRINT(EM_DIAGRAM):   if missing( Population_in_thousands ) then do;
MPRINT(EM_DIAGRAM):   substr(_warn_,1,1) = 'M';
MPRINT(EM_DIAGRAM):   _DM_BAD = 1;
MPRINT(EM_DIAGRAM):   end;
MPRINT(EM_DIAGRAM):   *** Generate dummy variables for Age_group ;
MPRINT(EM_DIAGRAM):   drop _0_0 _0_1 _0_2 _0_3 ;
MPRINT(EM_DIAGRAM):   *** encoding is sparse, initialize to zero;
MPRINT(EM_DIAGRAM):   _0_0 = 0;
MPRINT(EM_DIAGRAM):   _0_1 = 0;
MPRINT(EM_DIAGRAM):   _0_2 = 0;
MPRINT(EM_DIAGRAM):   _0_3 = 0;
MPRINT(EM_DIAGRAM):   if missing( Age_group ) then do;
MPRINT(EM_DIAGRAM):   _0_0 = .;
MPRINT(EM_DIAGRAM):   _0_1 = .;
MPRINT(EM_DIAGRAM):   _0_2 = .;
MPRINT(EM_DIAGRAM):   _0_3 = .;
MPRINT(EM_DIAGRAM):   substr(_warn_,1,1) = 'M';
MPRINT(EM_DIAGRAM):   _DM_BAD = 1;
MPRINT(EM_DIAGRAM):   end;
MPRINT(EM_DIAGRAM):   else do;
MPRINT(EM_DIAGRAM):   length _dm19 $ 19;
MPRINT(EM_DIAGRAM):   drop _dm19 ;
MPRINT(DMNORMCP):   _dm19=dmnorm(Age_group,
MPRINT(DMNORLEN):  32
MPRINT(DMNORMCP):  );
MPRINT(EM_DIAGRAM):   if _dm19 = '85+' then do;
MPRINT(EM_DIAGRAM):   _0_0 = -1;
MPRINT(EM_DIAGRAM):   _0_1 = -1;
MPRINT(EM_DIAGRAM):   _0_2 = -1;
MPRINT(EM_DIAGRAM):   _0_3 = -1;
MPRINT(EM_DIAGRAM):   end;
MPRINT(EM_DIAGRAM):   else if _dm19 = '18-24' then do;
MPRINT(EM_DIAGRAM):   _0_1 = 1;
MPRINT(EM_DIAGRAM):   end;
MPRINT(EM_DIAGRAM):   else if _dm19 = '25-44' then do;
MPRINT(EM_DIAGRAM):   _0_2 = 1;
MPRINT(EM_DIAGRAM):   end;
MPRINT(EM_DIAGRAM):   else if _dm19 = '65-84' then do;
MPRINT(EM_DIAGRAM):   _0_3 = 1;
MPRINT(EM_DIAGRAM):   end;
MPRINT(EM_DIAGRAM):   else if _dm19 = '0-17' then do;
MPRINT(EM_DIAGRAM):   _0_0 = 1;
MPRINT(EM_DIAGRAM):   end;
MPRINT(EM_DIAGRAM):   else do;
MPRINT(EM_DIAGRAM):   _0_0 = .;
MPRINT(EM_DIAGRAM):   _0_1 = .;
MPRINT(EM_DIAGRAM):   _0_2 = .;
MPRINT(EM_DIAGRAM):   _0_3 = .;
MPRINT(EM_DIAGRAM):   substr(_warn_,2,1) = 'U';
MPRINT(EM_DIAGRAM):   _DM_BAD = 1;
MPRINT(EM_DIAGRAM):   end;
MPRINT(EM_DIAGRAM):   end;
MPRINT(EM_DIAGRAM):   *** Generate dummy variables for Disease ;
MPRINT(EM_DIAGRAM):   drop _1_0 _1_1 _1_2 _1_3 ;
MPRINT(EM_DIAGRAM):   *** encoding is sparse, initialize to zero;
MPRINT(EM_DIAGRAM):   _1_0 = 0;
MPRINT(EM_DIAGRAM):   _1_1 = 0;
MPRINT(EM_DIAGRAM):   _1_2 = 0;
MPRINT(EM_DIAGRAM):   _1_3 = 0;
MPRINT(EM_DIAGRAM):   if missing( Disease ) then do;
MPRINT(EM_DIAGRAM):   _1_0 = .;
MPRINT(EM_DIAGRAM):   _1_1 = .;
MPRINT(EM_DIAGRAM):   _1_2 = .;
MPRINT(EM_DIAGRAM):   _1_3 = .;
MPRINT(EM_DIAGRAM):   substr(_warn_,1,1) = 'M';
MPRINT(EM_DIAGRAM):   _DM_BAD = 1;
MPRINT(EM_DIAGRAM):   end;
MPRINT(EM_DIAGRAM):   else do;
MPRINT(EM_DIAGRAM):   length _dm32 $ 32;
MPRINT(EM_DIAGRAM):   drop _dm32 ;
MPRINT(DMNORMCP):   _dm32=dmnorm(Disease,
MPRINT(DMNORLEN):  32
MPRINT(DMNORMCP):  );
MPRINT(EM_DIAGRAM):   if _dm32 = 'SEPTICEMIA' then do;
MPRINT(EM_DIAGRAM):   _1_0 = -1;
MPRINT(EM_DIAGRAM):   _1_1 = -1;
MPRINT(EM_DIAGRAM):   _1_2 = -1;
MPRINT(EM_DIAGRAM):   _1_3 = -1;
MPRINT(EM_DIAGRAM):   end;
MPRINT(EM_DIAGRAM):   else if _dm32 = 'ASTHMA' then do;
MPRINT(EM_DIAGRAM):   _1_0 = 1;
MPRINT(EM_DIAGRAM):   end;
MPRINT(EM_DIAGRAM):   else if _dm32 = 'OSTEOARTHRITIS' then do;
MPRINT(EM_DIAGRAM):   _1_3 = 1;
MPRINT(EM_DIAGRAM):   end;
MPRINT(EM_DIAGRAM):   else if _dm32 = 'DEMENTIA AND ALZHEIMER''S DISEASE' then do;
MPRINT(EM_DIAGRAM):   _1_2 = 1;
MPRINT(EM_DIAGRAM):   end;
MPRINT(EM_DIAGRAM):   else if _dm32 = 'CANCER, ALL' then do;
MPRINT(EM_DIAGRAM):   _1_1 = 1;
MPRINT(EM_DIAGRAM):   end;
MPRINT(EM_DIAGRAM):   else do;
MPRINT(EM_DIAGRAM):   _1_0 = .;
MPRINT(EM_DIAGRAM):   _1_1 = .;
MPRINT(EM_DIAGRAM):   _1_2 = .;
MPRINT(EM_DIAGRAM):   _1_3 = .;
MPRINT(EM_DIAGRAM):   substr(_warn_,2,1) = 'U';
MPRINT(EM_DIAGRAM):   _DM_BAD = 1;
MPRINT(EM_DIAGRAM):   end;
MPRINT(EM_DIAGRAM):   end;
MPRINT(EM_DIAGRAM):   *** Generate dummy variables for Gender ;
MPRINT(EM_DIAGRAM):   drop _2_0 ;
MPRINT(EM_DIAGRAM):   if missing( Gender ) then do;
MPRINT(EM_DIAGRAM):   _2_0 = .;
MPRINT(EM_DIAGRAM):   substr(_warn_,1,1) = 'M';
MPRINT(EM_DIAGRAM):   _DM_BAD = 1;
MPRINT(EM_DIAGRAM):   end;
MPRINT(EM_DIAGRAM):   else do;
MPRINT(EM_DIAGRAM):   length _dm10 $ 10;
MPRINT(EM_DIAGRAM):   drop _dm10 ;
MPRINT(EM_DIAGRAM):   _dm10 = put( Gender , $CHAR10. );
MPRINT(DMNORMIP):   call dmnorm(_dm10,
MPRINT(DMNORLEN):  32
MPRINT(DMNORMIP):  );
MPRINT(EM_DIAGRAM):   if _dm10 = 'FEMALE' then do;
MPRINT(EM_DIAGRAM):   _2_0 = 1;
MPRINT(EM_DIAGRAM):   end;
MPRINT(EM_DIAGRAM):   else if _dm10 = 'MALE' then do;
MPRINT(EM_DIAGRAM):   _2_0 = -1;
MPRINT(EM_DIAGRAM):   end;
MPRINT(EM_DIAGRAM):   else do;
MPRINT(EM_DIAGRAM):   _2_0 = .;
MPRINT(EM_DIAGRAM):   substr(_warn_,2,1) = 'U';
MPRINT(EM_DIAGRAM):   _DM_BAD = 1;
MPRINT(EM_DIAGRAM):   end;
MPRINT(EM_DIAGRAM):   end;
MPRINT(EM_DIAGRAM):   *** If missing inputs, use averages;
MPRINT(EM_DIAGRAM):   if _DM_BAD > 0 then do;
MPRINT(EM_DIAGRAM):   _LP0 = 40.5986013986014;
MPRINT(EM_DIAGRAM):   goto REG5DR1;
MPRINT(EM_DIAGRAM):   end;
MPRINT(EM_DIAGRAM):   *** Compute Linear Predictor;
MPRINT(EM_DIAGRAM):   drop _TEMP;
MPRINT(EM_DIAGRAM):   drop _LP0;
MPRINT(EM_DIAGRAM):   _LP0 = 0;
MPRINT(EM_DIAGRAM):   *** Effect: Age_group ;
MPRINT(EM_DIAGRAM):   _TEMP = 1;
MPRINT(EM_DIAGRAM):   _LP0 = _LP0 + ( -49.4672921197793) * _TEMP * _0_0;
MPRINT(EM_DIAGRAM):   _LP0 = _LP0 + ( -21.7313427121025) * _TEMP * _0_1;
MPRINT(EM_DIAGRAM):   _LP0 = _LP0 + ( -53.6209888643958) * _TEMP * _0_2;
MPRINT(EM_DIAGRAM):   _LP0 = _LP0 + ( 102.502871018983) * _TEMP * _0_3;
MPRINT(EM_DIAGRAM):   *** Effect: Disease ;
MPRINT(EM_DIAGRAM):   _TEMP = 1;
MPRINT(EM_DIAGRAM):   _LP0 = _LP0 + ( -4.46131810261602) * _TEMP * _1_0;
MPRINT(EM_DIAGRAM):   _LP0 = _LP0 + ( 44.6018779092235) * _TEMP * _1_1;
MPRINT(EM_DIAGRAM):   _LP0 = _LP0 + ( -31.499567699561) * _TEMP * _1_2;
MPRINT(EM_DIAGRAM):   _LP0 = _LP0 + ( -0.74252562940894) * _TEMP * _1_3;
MPRINT(EM_DIAGRAM):   *** Effect: Gender ;
MPRINT(EM_DIAGRAM):   _TEMP = 1;
MPRINT(EM_DIAGRAM):   _LP0 = _LP0 + ( 4.83591864146778) * _TEMP * _2_0;
MPRINT(EM_DIAGRAM):   *** Effect: Population_in_thousands ;
MPRINT(EM_DIAGRAM):   _TEMP = Population_in_thousands ;
MPRINT(EM_DIAGRAM):   _LP0 = _LP0 + ( 0.00198409149548 * _TEMP);
MPRINT(EM_DIAGRAM):   *** Effect: Age_group*Disease ;
MPRINT(EM_DIAGRAM):   _TEMP = 1;
MPRINT(EM_DIAGRAM):   _LP0 = _LP0 + ( 71.4273293508684) * _TEMP * _0_0 * _1_0;
MPRINT(EM_DIAGRAM):   _LP0 = _LP0 + ( -53.3097718606966) * _TEMP * _0_0 * _1_1;
MPRINT(EM_DIAGRAM):   _LP0 = _LP0 + ( 9.33786909487515) * _TEMP * _0_0 * _1_2;
MPRINT(EM_DIAGRAM):   _LP0 = _LP0 + ( -20.9612651485176) * _TEMP * _0_0 * _1_3;
MPRINT(EM_DIAGRAM):   _LP0 = _LP0 + ( 10.7796593988599) * _TEMP * _0_1 * _1_0;
MPRINT(EM_DIAGRAM):   _LP0 = _LP0 + ( -42.0138863118082) * _TEMP * _0_1 * _1_1;
MPRINT(EM_DIAGRAM):   _LP0 = _LP0 + ( 28.7461211911806) * _TEMP * _0_1 * _1_2;
MPRINT(EM_DIAGRAM):   _LP0 = _LP0 + ( -3.23521994212167) * _TEMP * _0_1 * _1_3;
MPRINT(EM_DIAGRAM):   _LP0 = _LP0 + ( 19.7458398116809) * _TEMP * _0_2 * _1_0;
MPRINT(EM_DIAGRAM):   _LP0 = _LP0 + ( -10.9477828764849) * _TEMP * _0_2 * _1_1;
MPRINT(EM_DIAGRAM):   _LP0 = _LP0 + ( 5.72008672932023) * _TEMP * _0_2 * _1_2;
MPRINT(EM_DIAGRAM):   _LP0 = _LP0 + ( -11.7636065735945) * _TEMP * _0_2 * _1_3;
MPRINT(EM_DIAGRAM):   _LP0 = _LP0 + ( -88.5356337608595) * _TEMP * _0_3 * _1_0;
MPRINT(EM_DIAGRAM):   _LP0 = _LP0 + ( 132.966100156406) * _TEMP * _0_3 * _1_1;
MPRINT(EM_DIAGRAM):   _LP0 = _LP0 + ( -70.4014518863319) * _TEMP * _0_3 * _1_2;
MPRINT(EM_DIAGRAM):   _LP0 = _LP0 + ( 45.1384291109238) * _TEMP * _0_3 * _1_3;
MPRINT(EM_DIAGRAM):   *** Effect: Age_group*Gender ;
MPRINT(EM_DIAGRAM):   _TEMP = 1;
MPRINT(EM_DIAGRAM):   _LP0 = _LP0 + ( -8.1862991950576) * _TEMP * _0_0 * _2_0;
MPRINT(EM_DIAGRAM):   _LP0 = _LP0 + ( -3.41662890780362) * _TEMP * _0_1 * _2_0;
MPRINT(EM_DIAGRAM):   _LP0 = _LP0 + ( 2.93242200068928) * _TEMP * _0_2 * _2_0;
MPRINT(EM_DIAGRAM):   _LP0 = _LP0 + ( 7.94278094282438) * _TEMP * _0_3 * _2_0;
MPRINT(EM_DIAGRAM):   *** Effect: Disease*Gender ;
MPRINT(EM_DIAGRAM):   _TEMP = 1;
MPRINT(EM_DIAGRAM):   _LP0 = _LP0 + ( -1.41400770960081) * _TEMP * _1_0 * _2_0;
MPRINT(EM_DIAGRAM):   _LP0 = _LP0 + ( 0.16409809193528) * _TEMP * _1_1 * _2_0;
MPRINT(EM_DIAGRAM):   _LP0 = _LP0 + ( -2.88206456532676) * _TEMP * _1_2 * _2_0;
MPRINT(EM_DIAGRAM):   _LP0 = _LP0 + ( 4.51528265380696) * _TEMP * _1_3 * _2_0;
MPRINT(EM_DIAGRAM):   *--- Intercept ---*;
MPRINT(EM_DIAGRAM):   _LP0 = _LP0 + ( -2.5407661803408);
MPRINT(EM_DIAGRAM):   REG5DR1: *** Predicted Value, Error, and Residual;
MPRINT(EM_DIAGRAM):   label P_Cases_in_1000s = 'Predicted: Cases_in_1000s' ;
MPRINT(EM_DIAGRAM):   P_Cases_in_1000s = _LP0;
MPRINT(EM_DIAGRAM):   drop _R;
MPRINT(EM_DIAGRAM):   if _Y = . then do;
MPRINT(EM_DIAGRAM):   R_Cases_in_1000s = .;
MPRINT(EM_DIAGRAM):   end;
MPRINT(EM_DIAGRAM):   else do;
MPRINT(EM_DIAGRAM):   _R = _Y - _LP0;
MPRINT(EM_DIAGRAM):   label R_Cases_in_1000s = 'Residual: Cases_in_1000s' ;
MPRINT(EM_DIAGRAM):   R_Cases_in_1000s = _R;
MPRINT(EM_DIAGRAM):   end;
MPRINT(EM_DIAGRAM):   *************************************;
MPRINT(EM_DIAGRAM):   ***** end scoring code for regression;
MPRINT(EM_DIAGRAM):   *************************************;
41559      run;
MPRINT(EM_DIAGRAM):   run;

NOTE: DATA STEP view saved on file EMWS2.REG5_VALIDATE.
NOTE: A stored DATA STEP view cannot run under a different operating system.
NOTE: DATA statement used (Total process time):
      real time           0.01 seconds
      cpu time            0.01 seconds
      

MPRINT(EM_DIAGRAM):   quit;
41560      quit;
41561      filename emflow;
MPRINT(EM_DIAGRAM):   filename emflow;
NOTE: Fileref EMFLOW has been deassigned.
41562      *------------------------------------------------------------*;
MPRINT(EM_DIAGRAM):    *------------------------------------------------------------*;
41563      * Reg5: Computing metadata for TRAIN data;
MPRINT(EM_DIAGRAM):   * Reg5: Computing metadata for TRAIN data;
41564      *------------------------------------------------------------*;
MPRINT(EM_DIAGRAM):   *------------------------------------------------------------*;

NOTE: View EMWS2.REG5_TRAIN.VIEW used (Total process time):
      real time           0.02 seconds
      cpu time            0.03 seconds
      
MPRINT(EM_DIAGRAM):    *------------------------------------------------------------*;
MPRINT(EM_DIAGRAM):   * &nodeid: Computing Metadata for TRAIN data;
MPRINT(EM_DIAGRAM):   *------------------------------------------------------------*;
MPRINT(EM_DIAGRAM):   filename _delta "C:\Users\student\Desktop\AA 490\Final Project\AA490_Project\Base Model\Workspaces\EMWS2\Reg5\CDELTA_TRAIN.sas";
MPRINT(EMADVISECOLUMNS):   proc display c=sashelp.emmeta.advisecolumns.scl;
MPRINT(EMADVISECOLUMNS):   run;
MPRINT(EMADVISECOLUMNS):    options validvarname=any;
MPRINT(EMADVISECOLUMNS):   proc contents data=EMWS2.Reg5_TRAIN out=_tempAdvisor noprint;
MPRINT(EMADVISECOLUMNS):   run;
MPRINT(EMADVISECOLUMNS):   options validvarname=V7;
MPRINT(EMADVISECOLUMNS):    data _null_;
MPRINT(EMADVISECOLUMNS):   dsid = open('EMWS2.Reg5_TRAIN');
MPRINT(EMADVISECOLUMNS):   call symput('_dsidTable', strip(put(dsid, best.)));
MPRINT(EMADVISECOLUMNS):   if dsid then do;
MPRINT(EMADVISECOLUMNS):   call symput('_engineTable', attrc(dsid, 'ENGINE'));
MPRINT(EMADVISECOLUMNS):   dsid = close(dsid);
MPRINT(EMADVISECOLUMNS):   end;
MPRINT(EMADVISECOLUMNS):   run;
MPRINT(EMADVISECOLUMNS):    proc contents data=EMWS2.Reg5_TRAIN out=WORK.M06Y9MFZ noprint;
MPRINT(EMADVISECOLUMNS):   run;
MPRINT(EMADVISECOLUMNS):    data WORK.M06Y9MFZ;
MPRINT(EMADVISECOLUMNS):   length NAME $ 64 TYPE $ 1 LABEL $ 200 FORMAT $ 36 INFORMAT $36 INDEX $ 1 INDEXTYPE $ 9;
MPRINT(EMADVISECOLUMNS):   label NAME =;
MPRINT(EMADVISECOLUMNS):   set WORK.M06Y9MFZ(keep=name type length label format formatl formatd informat informl informd idxusage rename=(type=itype));
MPRINT(EMADVISECOLUMNS):   if itype = 1 then type = 'N';
MPRINT(EMADVISECOLUMNS):   else type = 'C';
MPRINT(EMADVISECOLUMNS):   if formatl > 0 then do;
MPRINT(EMADVISECOLUMNS):   if format ne '' then do;
MPRINT(EMADVISECOLUMNS):   if type='N' then format = strip(format)!!strip(put(formatl, best12.))!!'.'!!strip(put(formatd, best12.));
MPRINT(EMADVISECOLUMNS):   else format = strip(format)!!strip(put(formatl, best12.))!!'.';
MPRINT(EMADVISECOLUMNS):   end;
MPRINT(EMADVISECOLUMNS):   else format = strip(put(formatl, best12.))!!'.'!!strip(put(formatd, best12.));
MPRINT(EMADVISECOLUMNS):   end;
MPRINT(EMADVISECOLUMNS):   else if format ne '' then format = strip(format)!!'.';
MPRINT(EMADVISECOLUMNS):   if informl > 0 then do;
MPRINT(EMADVISECOLUMNS):   if informat ne ' ' then do;
MPRINT(EMADVISECOLUMNS):   if type='N' then informat = strip(informat)!!strip(put(informl, best12.))!!'.'!!strip(put(informd, best12.));
MPRINT(EMADVISECOLUMNS):   else informat = strip(informat)!!strip(put(informl, best12.))!!'.';
MPRINT(EMADVISECOLUMNS):   end;
MPRINT(EMADVISECOLUMNS):   else informat = strip(put(informl, best12.))!!'.'!!strip(put(informd, best12.));
MPRINT(EMADVISECOLUMNS):   end;
MPRINT(EMADVISECOLUMNS):   else if informat ne '' then informat = strip(informat)!!'.';
MPRINT(EMADVISECOLUMNS):   if idxusage = 'NONE' then index ="N";
MPRINT(EMADVISECOLUMNS):   else index = "Y";
MPRINT(EMADVISECOLUMNS):   indextype = idxusage;
MPRINT(EMADVISECOLUMNS):   drop idxusage itype formatl formatd informl informd;
MPRINT(EMADVISECOLUMNS):   run;
MPRINT(EMADVISECOLUMNS):    data WORK.M06Y9MFZ;
MPRINT(EMADVISECOLUMNS):   length UNAME $64;
MPRINT(EMADVISECOLUMNS):   set WORK.M06Y9MFZ;
MPRINT(EMADVISECOLUMNS):   UNAME = upcase(NAME);
MPRINT(EMADVISECOLUMNS):   run;
MPRINT(EMADVISECOLUMNS):    proc sort data=WORK.M11GDZ34 NOTHREADS;
MPRINT(EMADVISECOLUMNS):   by UNAME;
MPRINT(EMADVISECOLUMNS):   run;
MPRINT(EMADVISECOLUMNS):    data WORK.M11GDZ34;
MPRINT(EMADVISECOLUMNS):   drop UNAME;
MPRINT(EMADVISECOLUMNS):   set WORK.M11GDZ34;
MPRINT(EMADVISECOLUMNS):   run;
MPRINT(EMADVISECOLUMNS):    data WORK.M29XRR1W(keep=NAME ATTR);
MPRINT(EMADVISECOLUMNS):   length ATTR $ 20;
MPRINT(EMADVISECOLUMNS):   set WORK.M11GDZ34;
MPRINT(EMADVISECOLUMNS):   if level ne "INTERVAL" then do;
MPRINT(EMADVISECOLUMNS):   if order = ' ' then do;
MPRINT(EMADVISECOLUMNS):   attr = 'ORDER';
MPRINT(EMADVISECOLUMNS):   output;
MPRINT(EMADVISECOLUMNS):   end;
MPRINT(EMADVISECOLUMNS):   end;
MPRINT(EMADVISECOLUMNS):   if format ne ' ' and formattype = ' ' then do;
MPRINT(EMADVISECOLUMNS):   attr = 'FORMATTYPE';
MPRINT(EMADVISECOLUMNS):   output;
MPRINT(EMADVISECOLUMNS):   end;
MPRINT(EMADVISECOLUMNS):   if role = ' ' then do;
MPRINT(EMADVISECOLUMNS):   attr = 'ROLE';
MPRINT(EMADVISECOLUMNS):   output;
MPRINT(EMADVISECOLUMNS):   end;
MPRINT(EMADVISECOLUMNS):   if level = ' ' then do;
MPRINT(EMADVISECOLUMNS):   attr = 'LEVEL';
MPRINT(EMADVISECOLUMNS):   output;
MPRINT(EMADVISECOLUMNS):   end;
MPRINT(EMADVISECOLUMNS):   if type = ' ' then do;
MPRINT(EMADVISECOLUMNS):   attr = 'TYPE';
MPRINT(EMADVISECOLUMNS):   output;
MPRINT(EMADVISECOLUMNS):   end;
MPRINT(EMADVISECOLUMNS):   if index = ' ' then do;
MPRINT(EMADVISECOLUMNS):   attr = 'INDEX';
MPRINT(EMADVISECOLUMNS):   output;
MPRINT(EMADVISECOLUMNS):   end;
MPRINT(EMADVISECOLUMNS):   if report = ' ' then do;
MPRINT(EMADVISECOLUMNS):   attr = 'REPORT';
MPRINT(EMADVISECOLUMNS):   output;
MPRINT(EMADVISECOLUMNS):   end;
MPRINT(EMADVISECOLUMNS):   run;
MPRINT(EMADVISECOLUMNS):   proc sort NOTHREADS;
MPRINT(EMADVISECOLUMNS):   by attr;
MPRINT(EMADVISECOLUMNS):   run;
MPRINT(EMADVISECOLUMNS):    data WORK.M11GDZ34;
MPRINT(EMADVISECOLUMNS):   length NAME $64 ROLE $ 32 LEVEL $ 10 ORDER $ 8 CREATOR $32 FORMATTYPE $ 10 FAMILY $ 10 LOWERLIMIT 8 UPPERLIMIT 8 REPORT $1 DISTRIBUTION $ 20 COMMENT $64;
MPRINT(EMADVISECOLUMNS):   length levelAssigned 8 roleAssigned 8 PRICE 8;
MPRINT(EMADVISECOLUMNS):   set WORK.M11GDZ34;
MPRINT(EMADVISECOLUMNS):   if formattype = ' ' then do;
MPRINT(EMADVISECOLUMNS):   if format ne ' ' then do;
MPRINT(EMADVISECOLUMNS):   if type = 'N' then do;
MPRINT(EMADVISECOLUMNS):   pos = indexc(format,'.1234567890');
MPRINT(EMADVISECOLUMNS):   if pos > 1 then tempfmt = substr(format,1, pos-1);
MPRINT(EMADVISECOLUMNS):   else tempfmt = ' ';
MPRINT(EMADVISECOLUMNS):   flen = length(tempfmt);
MPRINT(EMADVISECOLUMNS):   select;
MPRINT(EMADVISECOLUMNS):   when(tempfmt in ("DATE" "DAY" "DDMMYY" "DOWNAME" "JULDAY" "JULIAN" "MMDDYY" "MMDDYYD" "MMDDYYC" "MMDDYYN" "MMDDYYP" "MMDDYYS" "MONNAME" "MONTH" "MONYY" "NENGO" "QTR" "QTRR" "WEEKDATE" "WEEKDATX" "WEEKDAY" "WORDDATE" "WORDDATX" 
"YEAR" "YYMMDD" "YYMON" "YYMMDDC" "YYMMDDD" "YYMMDDN" "YYMMDDP" "YYMMDDS" "EURDFDE" "NJDATE" "NLDATE" "EURDFDD" "EURDFDWN" "EURDFMN" "EURDFMY" "EURDFWK" "EURDFWKX" "EURDFWDX" "EURDFDN" "EURDFDE" )) formattype = 'DATE';
MPRINT(EMADVISECOLUMNS):   when(tempfmt in ("DATETIME" "EURDFDT" "TOD" )) formattype = "DATETIME";
MPRINT(EMADVISECOLUMNS):   when(tempfmt in ("HHMM" "HOUR" "MMSS" "TIME" "TIMEAMPM" )) formattype = "TIME";
MPRINT(EMADVISECOLUMNS):   when(tempfmt in ("COMMA" "COMMAX" "DOLLAR" "DOLLARX" "E" "FRACT" "NEGPAREN" "PERCENT")) formattype="QUANTITY";
MPRINT(EMADVISECOLUMNS):   when(tempfmt in ("BINARY" "HEX" "IB" "OCTAL" "PD" "PIB" "PK" "RB" "SSN" "Z" "ZD")) formattype = "CODING";
MPRINT(EMADVISECOLUMNS):   otherwise do;
MPRINT(EMADVISECOLUMNS):   formattype = "USER";
MPRINT(EMADVISECOLUMNS):   if compress(tempfmt, '0123456789.', '') = '' then formattype='NUM';
MPRINT(EMADVISECOLUMNS):   else if substr(tempfmt, 1, 6)='NLDATE' then formattype = "DATE";
MPRINT(EMADVISECOLUMNS):   else if substr(tempfmt, 1, 6)='NLDATM' then formattype = "DATETIME";
MPRINT(EMADVISECOLUMNS):   else if substr(tempfmt, 1, 4)='NLTIM' then formattype = "TIME";
MPRINT(EMADVISECOLUMNS):   else if flen >= 4 then do;
MPRINT(EMADVISECOLUMNS):   str = substr(tempfmt,1,4);
MPRINT(EMADVISECOLUMNS):   if str in ("MMYY" "YYMM" "YYQR") then formattype ="DATE";
MPRINT(EMADVISECOLUMNS):   else if str = "S370" then formattype = "CODING";
MPRINT(EMADVISECOLUMNS):   else if str = "BEST" then formattype = "NUM";
MPRINT(EMADVISECOLUMNS):   drop str;
MPRINT(EMADVISECOLUMNS):   end;
MPRINT(EMADVISECOLUMNS):   else if flen >=3 and substr(tempfmt,1,3) = "YYQ" then formatType = "DATE";
MPRINT(EMADVISECOLUMNS):   end;
MPRINT(EMADVISECOLUMNS):   end;
MPRINT(EMADVISECOLUMNS):   drop flen tempfmt pos;
MPRINT(EMADVISECOLUMNS):   end;
MPRINT(EMADVISECOLUMNS):   else do;
MPRINT(EMADVISECOLUMNS):   formatType = "CATEGORY";
MPRINT(EMADVISECOLUMNS):   end;
MPRINT(EMADVISECOLUMNS):   end;
MPRINT(EMADVISECOLUMNS):   if formatType = "NUM" then do;
MPRINT(EMADVISECOLUMNS):   if index = "Y" then formatType = "DISCRETE";
MPRINT(EMADVISECOLUMNS):   else formatType = "QUANTITY";
MPRINT(EMADVISECOLUMNS):   end;
MPRINT(EMADVISECOLUMNS):   end;
MPRINT(EMADVISECOLUMNS):   if level = ' ' then do;
MPRINT(EMADVISECOLUMNS):   if formatType in ("CATEGORY", "CODING", "ID") or type = "C" then level = "NOMINAL";
MPRINT(EMADVISECOLUMNS):   else level = "INTERVAL";
MPRINT(EMADVISECOLUMNS):   levelAssigned = 1;
MPRINT(EMADVISECOLUMNS):   end;
MPRINT(EMADVISECOLUMNS):   else level = upcase(level);
MPRINT(EMADVISECOLUMNS):   if role = ' ' then do;
MPRINT(EMADVISECOLUMNS):   length name_prefix $8 _uname $64;
MPRINT(EMADVISECOLUMNS):   drop name_prefix _uname _freqflag;
MPRINT(EMADVISECOLUMNS):   retain _freqflag;
MPRINT(EMADVISECOLUMNS):   if LENGTH> 80 then ROLE = 'TEXT';
MPRINT(EMADVISECOLUMNS):   _uname = upcase(NAME);
MPRINT(EMADVISECOLUMNS):   select(_uname);
MPRINT(EMADVISECOLUMNS):   when('_PARTIND_') do;
MPRINT(EMADVISECOLUMNS):   ROLE = 'ID';
MPRINT(EMADVISECOLUMNS):   LEVEL = 'NOMINAL';
MPRINT(EMADVISECOLUMNS):   end;
MPRINT(EMADVISECOLUMNS):   when('_WARN_') ROLE = 'ASSESS';
MPRINT(EMADVISECOLUMNS):   when('EM_SEGMENT') do;
MPRINT(EMADVISECOLUMNS):   ROLE = 'SEGMENT';
MPRINT(EMADVISECOLUMNS):   LEVEL = 'NOMINAL';
MPRINT(EMADVISECOLUMNS):   end;
MPRINT(EMADVISECOLUMNS):   when('_NODE_') do;
MPRINT(EMADVISECOLUMNS):   ROLE = 'SEGMENT';
MPRINT(EMADVISECOLUMNS):   LEVEL = 'NOMINAL';
MPRINT(EMADVISECOLUMNS):   end;
MPRINT(EMADVISECOLUMNS):   when('EM_CLASSTARGET') ROLE = 'ASSESS';
MPRINT(EMADVISECOLUMNS):   when('EM_VALUETARGET') ROLE = 'ASSESS';
MPRINT(EMADVISECOLUMNS):   when('EM_PREDICTION') ROLE = 'PREDICT';
MPRINT(EMADVISECOLUMNS):   when('EM_PROBABILITY') ROLE = 'PREDICT';
MPRINT(EMADVISECOLUMNS):   when('EM_EVENTPROBABILITY') ROLE = 'PREDICT';
MPRINT(EMADVISECOLUMNS):   when('EM_CLASSIFICATION') ROLE = 'CLASSIFICATION';
MPRINT(EMADVISECOLUMNS):   when('EM_DECISION') ROLE = 'DECISION';
MPRINT(EMADVISECOLUMNS):   when('EM_PROFIT') ROLE = 'ASSESS';
MPRINT(EMADVISECOLUMNS):   when('EM_LOSS') ROLE = 'ASSESS';
MPRINT(EMADVISECOLUMNS):   when('EM_ROI') ROLE = 'ASSESS';
MPRINT(EMADVISECOLUMNS):   when('URI') ROLE = 'URL';
MPRINT(EMADVISECOLUMNS):   when('FILTERED') ROLE = 'TEXTLOC';
MPRINT(EMADVISECOLUMNS):   otherwise do;
MPRINT(EMADVISECOLUMNS):   if upcase(NAME) =: 'ZIP' then do;
MPRINT(EMADVISECOLUMNS):   ROLE = 'REJECTED';
MPRINT(EMADVISECOLUMNS):   LEVEL = 'NOMINAL';
MPRINT(EMADVISECOLUMNS):   COMMENT = 'Rejected by: Exceed the maximum class level of %s';
MPRINT(EMADVISECOLUMNS):   end;
MPRINT(EMADVISECOLUMNS):   else if upcase(NAME) in('FREQ', 'FREQUENCY') then do;
MPRINT(EMADVISECOLUMNS):   ROLE = 'FREQ';
MPRINT(EMADVISECOLUMNS):   if TYPE = 'C' then ROLE = 'INPUT';
MPRINT(EMADVISECOLUMNS):   else if _freqflag =1 then ROLE='REJECTED';
MPRINT(EMADVISECOLUMNS):   end;
MPRINT(EMADVISECOLUMNS):   else do;
MPRINT(EMADVISECOLUMNS):   name_prefix = scan(_uname, 1, '_');
MPRINT(EMADVISECOLUMNS):   if scan(_uname, 2, '_') = '' then name_prefix='';
MPRINT(EMADVISECOLUMNS):   if name_prefix in('F', 'I', 'U') then do;
MPRINT(EMADVISECOLUMNS):   ROLE = 'CLASSIFICATION';
MPRINT(EMADVISECOLUMNS):   LEVEL = 'NOMINAL';
MPRINT(EMADVISECOLUMNS):   end;
MPRINT(EMADVISECOLUMNS):   else if name_prefix in('Q') then ROLE = 'ASSESS';
MPRINT(EMADVISECOLUMNS):   else if name_prefix in('P', 'V') then ROLE = 'PREDICT';
MPRINT(EMADVISECOLUMNS):   else if name_prefix in('R', 'RS', 'RT', 'RD', 'RDS', 'RDT', 'RA', 'RAS', 'RAT') then ROLE = 'RESIDUAL';
MPRINT(EMADVISECOLUMNS):   else if name_prefix ='D' then do;
MPRINT(EMADVISECOLUMNS):   ROLE = 'DECISION';
MPRINT(EMADVISECOLUMNS):   LEVEL = 'NOMINAL';
MPRINT(EMADVISECOLUMNS):   end;
MPRINT(EMADVISECOLUMNS):   else if name_prefix ='B' then do;
MPRINT(EMADVISECOLUMNS):   ROLE = 'SEGMENT';
MPRINT(EMADVISECOLUMNS):   LEVEL = 'NOMINAL';
MPRINT(EMADVISECOLUMNS):   end;
MPRINT(EMADVISECOLUMNS):   else if name_prefix in('EP', 'BP', 'CP', 'EL', 'CL', 'BL', 'W', 'ROI', 'IC') then ROLE = 'ASSESS';
MPRINT(EMADVISECOLUMNS):   else do;
MPRINT(EMADVISECOLUMNS):   array _ROLE_ (19) $32 _TEMPORARY_ ('ASSESS','CLASSIFICATION','CENSOR', 'COST', 'CROSSID', 'DECISION', 'ID','INPUT', 'LABEL', 'MISSING','PREDICT','REFERRER','REJECTED', 'RESIDUAL','SEGMENT', 'SEQUENCE','TARGET', 'TEXT', 'TIMEID');
MPRINT(EMADVISECOLUMNS):   drop _found_ i;
MPRINT(EMADVISECOLUMNS):   _found_=0;
MPRINT(EMADVISECOLUMNS):   do i=1 to 19 until(_found_=1);
MPRINT(EMADVISECOLUMNS):   if index(_uname, trim(_ROLE_{i}))=1 then do;
MPRINT(EMADVISECOLUMNS):   ROLE=_ROLE_{i};
MPRINT(EMADVISECOLUMNS):   if ROLE = 'ID' then LEVEL = 'NOMINAL';
MPRINT(EMADVISECOLUMNS):   else if ROLE = 'SEGMENT' then LEVEL = 'NOMINAL';
MPRINT(EMADVISECOLUMNS):   else if ROLE = 'TIMEID' and TYPE='N' then LEVEL = 'INTERVAL';
MPRINT(EMADVISECOLUMNS):   _found_=1;
MPRINT(EMADVISECOLUMNS):   end;
MPRINT(EMADVISECOLUMNS):   end;
MPRINT(EMADVISECOLUMNS):   if length(_uname)>2 then do;
MPRINT(EMADVISECOLUMNS):   if substr(reverse(trim(_uname)), 1, 3) = 'DI_' then do;
MPRINT(EMADVISECOLUMNS):   ROLE = 'ID';
MPRINT(EMADVISECOLUMNS):   LEVEL = 'NOMINAL';
MPRINT(EMADVISECOLUMNS):   end;
MPRINT(EMADVISECOLUMNS):   end;
MPRINT(EMADVISECOLUMNS):   end;
MPRINT(EMADVISECOLUMNS):   end;
MPRINT(EMADVISECOLUMNS):   end;
MPRINT(EMADVISECOLUMNS):   end;
MPRINT(EMADVISECOLUMNS):   if ROLE='FREQ' then _freqflag=1;
MPRINT(EMADVISECOLUMNS):   else if ROLE = 'CLASSIFICATION' then LEVEL = 'NOMINAL';
MPRINT(EMADVISECOLUMNS):   if symexist('RATEMKG_ROLE') then do;
MPRINT(EMADVISECOLUMNS):   if upcase(symget('RATEMKG_ROLE')) in('Y', 'YES') then do;
MPRINT(EMADVISECOLUMNS):   if _uname =: 'POLICY' then ROLE = 'POLICYID';
MPRINT(EMADVISECOLUMNS):   else if _uname in ('PARTITION', '_PARTIND_') then ROLE = 'PARTITION';
MPRINT(EMADVISECOLUMNS):   else if type = 'N' then do;
MPRINT(EMADVISECOLUMNS):   if _uname = 'EXPOSURE' then ROLE = 'EXPOSURE';
MPRINT(EMADVISECOLUMNS):   else if _uname = 'YEAR' then ROLE = 'YEAR';
MPRINT(EMADVISECOLUMNS):   else if _uname = 'WEIGHT' then ROLE = 'WEIGHT';
MPRINT(EMADVISECOLUMNS):   else if _uname = 'OFFSET' then ROLE = 'OFFSET';
MPRINT(EMADVISECOLUMNS):   end;
MPRINT(EMADVISECOLUMNS):   end;
MPRINT(EMADVISECOLUMNS):   end;
MPRINT(EMADVISECOLUMNS):   end;
MPRINT(EMADVISECOLUMNS):   if role = ' ' then do;
MPRINT(EMADVISECOLUMNS):   if formattype in('DATE', 'DATETIME', 'TIME') then role = 'TIMEID';
MPRINT(EMADVISECOLUMNS):   else role = 'INPUT';
MPRINT(EMADVISECOLUMNS):   roleAssigned = 1;
MPRINT(EMADVISECOLUMNS):   end;
MPRINT(EMADVISECOLUMNS):   else role = upcase(role);
MPRINT(EMADVISECOLUMNS):   if REPORT = '' then REPORT = 'N';
MPRINT(EMADVISECOLUMNS):   if symexist('dmwb_product') then do;
MPRINT(EMADVISECOLUMNS):   if upcase(symget('dmwb_product')) = 'FACTORYMINER_DATASOURCE' then do;
MPRINT(EMADVISECOLUMNS):   if ROLE ^in('INPUT', 'TARGET', 'REJECTED', 'SEGMENT', 'FREQ', 'ID', 'KEY') then ROLE='REJECTED';
MPRINT(EMADVISECOLUMNS):   end;
MPRINT(EMADVISECOLUMNS):   end;
MPRINT(EMADVISECOLUMNS):   run;
MPRINT(EMADVISECOLUMNS):    data WORK.M11GDZ34;
MPRINT(EMADVISECOLUMNS):   set WORK.M11GDZ34;
MPRINT(EMADVISECOLUMNS):   label NAME = "Variable Name" TYPE = "Type" ROLE = "Role" LEVEL= "Measurement Level" ORDER= "Order" CREATOR= "Creator" FORMATTYPE= "Format Type" FAMILY= "Family" DISTRIBUTION= "Distribution" PRICE= "Price" LOWERLIMIT= "Lower 
limit" UPPERLIMIT= "Upper Limit" REPORT= "Report" COMMENT= "Comment" INDEX= "Index" INDEXTYPE= "IndexType" LABEL= "Label" LENGTH= "Length";
MPRINT(EMADVISECOLUMNS):   drop levelAssigned roleAssigned;
MPRINT(EMADVISECOLUMNS):   run;
MPRINT(EMADVISECOLUMNS):   
MPRINT(EM_DIAGRAM):  ;
MPRINT(EM_DIAGRAM):   proc sort data=WORK.COLUMNMETA;
MPRINT(EM_DIAGRAM):   by NAME;
MPRINT(EM_DIAGRAM):   run;
MPRINT(EM_DIAGRAM):   *------------------------------------------------------------*;
MPRINT(EM_DIAGRAM):   * &nodeid: Merge incoming metadata;
MPRINT(EM_DIAGRAM):   *------------------------------------------------------------*;
MPRINT(EM_DIAGRAM):   proc contents data=EMWS2.Part_TRAIN noprint out=_temp2(keep=NAME);
MPRINT(EM_DIAGRAM):   run;
MPRINT(EM_DIAGRAM):   proc sort data=_temp2;
MPRINT(EM_DIAGRAM):   by NAME;
MPRINT(EM_DIAGRAM):   run;
MPRINT(EM_DIAGRAM):   proc sort data=EMWS2.Part_CMeta_TRAIN out=_temp;
MPRINT(EM_DIAGRAM):   by NAME;
MPRINT(EM_DIAGRAM):   run;
MPRINT(EM_DIAGRAM):   data EMWS2.Reg5_CMeta_TRAIN;
MPRINT(EM_DIAGRAM):   merge WORK.COLUMNMETA(in=_a) _temp2(in=_b) _temp(drop=FORMAT INFORMAT LENGTH INDEX INDEXTYPE in=_c) end=_eof_;
MPRINT(EM_DIAGRAM):   by NAME;
MPRINT(EM_DIAGRAM):   if (^_a and _b) or (^_c and _a and _b) then delete;
MPRINT(EM_DIAGRAM):   if ^_b then CREATOR = "Reg5";
MPRINT(EM_DIAGRAM):   length model $200;
MPRINT(EM_DIAGRAM):   label MODEL = "Model Node";
MPRINT(EM_DIAGRAM):   select(upcase(name));
MPRINT(EM_DIAGRAM):   when("P_CASES_IN_1000S") creator = "Reg5";
MPRINT(EM_DIAGRAM):   when("R_CASES_IN_1000S") creator = "Reg5";
MPRINT(EM_DIAGRAM):   when("_WARN_") creator = "Reg5";
MPRINT(EM_DIAGRAM):   when("CASES_IN_1000S") model = "Reg5";
MPRINT(EM_DIAGRAM):   when('');
MPRINT(EM_DIAGRAM):   otherwise;
MPRINT(EM_DIAGRAM):   end;
MPRINT(EM_DIAGRAM):   *------------------------------------------------------------*;
MPRINT(EM_DIAGRAM):   * Reg5: Apply Delta Code;
MPRINT(EM_DIAGRAM):   *------------------------------------------------------------*;
MPRINT(EM_DIAGRAM):   run;
MPRINT(EM_DIAGRAM):   filename _delta;
41912      data WORK.MODELTEMP_INFO;
MPRINT(EM_DIAGRAM):    data WORK.MODELTEMP_INFO;
41913      set EMWS2.Reg5_EMINFO;
MPRINT(EM_DIAGRAM):   set EMWS2.Reg5_EMINFO;
41914      where DATA='Reg5' and KEY ^in('DECDATA', 'DECMETA', 'IMPORTANCE', 'MODEL');
MPRINT(EM_DIAGRAM):   where DATA='Reg5' and KEY ^in('DECDATA', 'DECMETA', 'IMPORTANCE', 'MODEL');
41915      run;
MPRINT(EM_DIAGRAM):   run;

NOTE: There were 0 observations read from the data set EMWS2.REG5_EMINFO.
      WHERE (DATA='Reg5') and KEY not in ('DECDATA', 'DECMETA', 'IMPORTANCE', 'MODEL');
NOTE: The data set WORK.MODELTEMP_INFO has 0 observations and 3 variables.
NOTE: DATA statement used (Total process time):
      real time           0.00 seconds
      cpu time            0.01 seconds
      

41916      data EMWS2.Reg5_EMINFO;
MPRINT(EM_DIAGRAM):    data EMWS2.Reg5_EMINFO;
41917      length TARGET KEY $32 DATA $43;
MPRINT(EM_DIAGRAM):   length TARGET KEY $32 DATA $43;
41918      input TARGET KEY DATA $;
MPRINT(EM_DIAGRAM):   input TARGET KEY DATA $;
41919      cards;
MPRINT(EM_DIAGRAM):   cards;

NOTE: The data set EMWS2.REG5_EMINFO has 3 observations and 3 variables.
NOTE: DATA statement used (Total process time):
      real time           0.00 seconds
      cpu time            0.00 seconds
      

MPRINT(EM_DIAGRAM):   run;
41923      run;
41924      data EMWS2.Reg5_EMINFO;
MPRINT(EM_DIAGRAM):   data EMWS2.Reg5_EMINFO;
41925      set EMWS2.Reg5_EMINFO WORK.MODELTEMP_INFO;
MPRINT(EM_DIAGRAM):   set EMWS2.Reg5_EMINFO WORK.MODELTEMP_INFO;
41926      run;
MPRINT(EM_DIAGRAM):   run;

NOTE: There were 3 observations read from the data set EMWS2.REG5_EMINFO.
NOTE: There were 0 observations read from the data set WORK.MODELTEMP_INFO.
NOTE: The data set EMWS2.REG5_EMINFO has 3 observations and 3 variables.
NOTE: DATA statement used (Total process time):
      real time           0.00 seconds
      cpu time            0.00 seconds
      

41927      proc sort data = EMWS2.Reg5_EMINFO NOTHREADS;
MPRINT(EM_DIAGRAM):    proc sort data = EMWS2.Reg5_EMINFO NOTHREADS;
41928      by TARGET KEY;
MPRINT(EM_DIAGRAM):   by TARGET KEY;
41929      run;
MPRINT(EM_DIAGRAM):   run;

NOTE: There were 3 observations read from the data set EMWS2.REG5_EMINFO.
NOTE: The data set EMWS2.REG5_EMINFO has 3 observations and 3 variables.
NOTE: PROCEDURE SORT used (Total process time):
      real time           0.00 seconds
      cpu time            0.00 seconds
      

41930      proc sort data = EMWS2.Ids2_EMINFO OUT=WORK.SORTEDEMINFO NOTHREADS;
MPRINT(EM_DIAGRAM):    proc sort data = EMWS2.Ids2_EMINFO OUT=WORK.SORTEDEMINFO NOTHREADS;
41931      by TARGET KEY;
MPRINT(EM_DIAGRAM):   by TARGET KEY;
41932      run;
MPRINT(EM_DIAGRAM):   run;

NOTE: There were 3 observations read from the data set EMWS2.IDS2_EMINFO.
NOTE: The data set WORK.SORTEDEMINFO has 3 observations and 3 variables.
NOTE: PROCEDURE SORT used (Total process time):
      real time           0.00 seconds
      cpu time            0.01 seconds
      

41933      proc sort data = EMWS2.Reg5_EMINFO OUT=WORK.TEMP_INFO NOTHREADS;
MPRINT(EM_DIAGRAM):   proc sort data = EMWS2.Reg5_EMINFO OUT=WORK.TEMP_INFO NOTHREADS;
41934      by TARGET KEY;
MPRINT(EM_DIAGRAM):   by TARGET KEY;
41935      run;
MPRINT(EM_DIAGRAM):   run;

NOTE: Input data set is already sorted; it has been copied to the output data set.
NOTE: There were 3 observations read from the data set EMWS2.REG5_EMINFO.
NOTE: The data set WORK.TEMP_INFO has 3 observations and 3 variables.
NOTE: PROCEDURE SORT used (Total process time):
      real time           0.00 seconds
      cpu time            0.01 seconds
      

41936      data EMWS2.Reg5_EMINFO;
MPRINT(EM_DIAGRAM):   data EMWS2.Reg5_EMINFO;
41937      merge WORK.SORTEDEMINFO WORK.TEMP_INFO;
MPRINT(EM_DIAGRAM):   merge WORK.SORTEDEMINFO WORK.TEMP_INFO;
41938      by TARGET KEY;
MPRINT(EM_DIAGRAM):   by TARGET KEY;
41939      run;
MPRINT(EM_DIAGRAM):   run;

NOTE: There were 3 observations read from the data set WORK.SORTEDEMINFO.
NOTE: There were 3 observations read from the data set WORK.TEMP_INFO.
NOTE: The data set EMWS2.REG5_EMINFO has 4 observations and 3 variables.
NOTE: DATA statement used (Total process time):
      real time           0.00 seconds
      cpu time            0.00 seconds
      

41940      proc datasets lib=work nolist;
MPRINT(EM_DIAGRAM):   proc datasets lib=work nolist;
41941      delete TEMP_INFO SORTEDEMINFO;
MPRINT(EM_DIAGRAM):   delete TEMP_INFO SORTEDEMINFO;
41942      run;
MPRINT(EM_DIAGRAM):   run;

NOTE: Deleting WORK.TEMP_INFO (memtype=DATA).
NOTE: Deleting WORK.SORTEDEMINFO (memtype=DATA).
41943      quit;
MPRINT(EM_DIAGRAM):   quit;

NOTE: PROCEDURE DATASETS used (Total process time):
      real time           0.01 seconds
      cpu time            0.01 seconds
      

NOTE: View EMWS2.REG5_TRAIN.VIEW used (Total process time):
      real time           0.03 seconds
      cpu time            0.03 seconds
      
NOTE: View EMWS2.REG5_VALIDATE.VIEW used (Total process time):
      real time           0.02 seconds
      cpu time            0.01 seconds
      
MPRINT(EM_DIAGRAM):    proc printto;
MPRINT(EM_DIAGRAM):   run;
