MPRINT(EM_DIAGRAM):    data _null_;
MPRINT(EM_DIAGRAM):   call symput('NLDATE', strip(put(date(), NLDATE.)));
MPRINT(EM_DIAGRAM):   call symput('NLTIME', strip(put(datetime(), NLTIME.)));
MPRINT(EM_DIAGRAM):   run;
MPRINT(EM_DIAGRAM):   data _null_;
MPRINT(EM_DIAGRAM):   nldate= sasmsg("sashelp.dmine", "log_date_note", 'N', "December 09, 2019" );
MPRINT(EM_DIAGRAM):   nltime= sasmsg("sashelp.dmine", "log_time_note", 'N', "16:47:41" );
MPRINT(EM_DIAGRAM):   put "*------------------------------------------------------------*";
MPRINT(EM_DIAGRAM):   put "* Training Log";
MPRINT(EM_DIAGRAM):   put nldate;
MPRINT(EM_DIAGRAM):   put nltime;
MPRINT(EM_DIAGRAM):   put "*------------------------------------------------------------*";
MPRINT(EM_DIAGRAM):   run;
*------------------------------------------------------------*
* Training Log
Date:                December 09, 2019
Time:                16:47:41
*------------------------------------------------------------*
MPRINT(EM_DIAGRAM):    filename O24E6T5M "C:\Users\student\Desktop\AA 490\Final Project\AA490_Project\Base Model\Workspaces\EMWS2\Reg5\EMTRAIN.out" encoding="UTF-8" NOBOM;
MPRINT(EM_DIAGRAM):   proc printto print=O24E6T5M new;
MPRINT(EM_DIAGRAM):   run;
MPRINT(EM_DIAGRAM):    filename _LOG "C:\Users\student\Desktop\AA 490\Final Project\AA490_Project\Base Model\Workspaces\EMWS2\Reg5\EMLOG.log" encoding="UTF-8" NOBOM;
MPRINT(EM_DIAGRAM):    data _null_;
MPRINT(EM_DIAGRAM):   call symput('NLDATE', strip(put(date(), NLDATE.)));
MPRINT(EM_DIAGRAM):   call symput('NLTIME', strip(put(datetime(), NLTIME.)));
MPRINT(EM_DIAGRAM):   run;
MPRINT(EM_DIAGRAM):   data _null_;
MPRINT(EM_DIAGRAM):   nldate= sasmsg("sashelp.dmine", "log_date_note", 'N', "December 09, 2019" );
MPRINT(EM_DIAGRAM):   nltime= sasmsg("sashelp.dmine", "log_time_note", 'N', "16:47:41" );
MPRINT(EM_DIAGRAM):   file _LOG;
MPRINT(EM_DIAGRAM):   put "*------------------------------------------------------------*";
MPRINT(EM_DIAGRAM):   put "User:                student";
MPRINT(EM_DIAGRAM):   put nldate;
MPRINT(EM_DIAGRAM):   put nltime;
MPRINT(EM_DIAGRAM):   put "Site:                70082322";
MPRINT(EM_DIAGRAM):   put "Platform:            X64_10PRO";
MPRINT(EM_DIAGRAM):   put "Maintenance Release: 9.04.01M4P110916";
MPRINT(EM_DIAGRAM):   put "EM Version:          14.2";
MPRINT(EM_DIAGRAM):   put "* ";
MPRINT(EM_DIAGRAM):   run;
MPRINT(EM_DIAGRAM):    filename _LOGIN "C:\Users\student\Desktop\AA 490\Final Project\AA490_Project\Base Model\Workspaces\EMWS2\Reg5\EMTRAIN.log" encoding="UTF-8" NOBOM;
MPRINT(EM_COPYFILE):   data _null_;
MPRINT(EM_COPYFILE):   length line $20000;
MPRINT(EM_COPYFILE):   file _LOG MOD lrecl=20000;
MPRINT(EM_COPYFILE):   fid=fopen("_LOGIN",'i',20000,'v');
MPRINT(EM_COPYFILE):   if fid > 0 then do;
MPRINT(EM_COPYFILE):   do while(^fread(fid));
MPRINT(EM_COPYFILE):   rlen = frlen(fid);
MPRINT(EM_COPYFILE):   rc= fget(fid,line,20000);
MPRINT(EM_COPYFILE):   start = length(line)-length(left(line))+1;
MPRINT(EM_COPYFILE):   line=strip(line);
MPRINT(EM_COPYFILE):   put @start line;
MPRINT(EM_COPYFILE):   end;
MPRINT(EM_COPYFILE):   if fid > 0 then rc=fclose(fid);
MPRINT(EM_COPYFILE):   end;
MPRINT(EM_COPYFILE):   run;
MPRINT(EM_DIAGRAM):  ;
MPRINT(EM_DIAGRAM):   filename _LOGIN;
MPRINT(EM_DIAGRAM):    data _null_;
MPRINT(EM_DIAGRAM):   file _LOG mod;
MPRINT(EM_DIAGRAM):   put _page_;
MPRINT(EM_DIAGRAM):   run;
MPRINT(EM_DIAGRAM):   filename _LOGIN "C:\Users\student\Desktop\AA 490\Final Project\AA490_Project\Base Model\Workspaces\EMWS2\Reg5\EMSCORE.log" encoding="UTF-8" NOBOM;
MPRINT(EM_DIAGRAM):  ;
MPRINT(EM_DIAGRAM):   data _null_;
MPRINT(EM_DIAGRAM):   file _LOG mod;
MPRINT(EM_DIAGRAM):   put _page_;
MPRINT(EM_DIAGRAM):   run;
MPRINT(EM_DIAGRAM):    filename _LOGIN "C:\Users\student\Desktop\AA 490\Final Project\AA490_Project\Base Model\Workspaces\EMWS2\Reg5\EMREPORT.log" encoding="UTF-8" NOBOM;
MPRINT(EM_DIAGRAM):  ;
MPRINT(EM_DIAGRAM):   filename _LOGIN;
MPRINT(EM_DIAGRAM):    filename _LOG;
MPRINT(EM_DIAGRAM):    filename _OUT "C:\Users\student\Desktop\AA 490\Final Project\AA490_Project\Base Model\Workspaces\EMWS2\Reg5\EMOUTPUT.out" encoding="UTF-8" NOBOM;
MPRINT(EM_DIAGRAM):    data _null_;
MPRINT(EM_DIAGRAM):   call symput('NLDATE', strip(put(date(), NLDATE.)));
MPRINT(EM_DIAGRAM):   call symput('NLTIME', strip(put(datetime(), NLTIME.)));
MPRINT(EM_DIAGRAM):   run;
MPRINT(EM_DIAGRAM):   data _null_;
MPRINT(EM_DIAGRAM):   nldate= sasmsg("sashelp.dmine", "log_date_note", 'N', "December 09, 2019" );
MPRINT(EM_DIAGRAM):   nltime= sasmsg("sashelp.dmine", "log_time_note", 'N', "16:47:41" );
MPRINT(EM_DIAGRAM):   file _OUT;
MPRINT(EM_DIAGRAM):   put "*------------------------------------------------------------*";
MPRINT(EM_DIAGRAM):   put "User:                student";
MPRINT(EM_DIAGRAM):   put nldate;
MPRINT(EM_DIAGRAM):   put nltime;
MPRINT(EM_DIAGRAM):   put "*------------------------------------------------------------*";
MPRINT(EM_DIAGRAM):   put "* Training Output";
MPRINT(EM_DIAGRAM):   put "*------------------------------------------------------------*";
MPRINT(EM_DIAGRAM):   run;
MPRINT(EM_DIAGRAM):    filename _OUTIN "C:\Users\student\Desktop\AA 490\Final Project\AA490_Project\Base Model\Workspaces\EMWS2\Reg5\EMTRAIN.out" encoding="UTF-8" NOBOM;
MPRINT(EM_DIAGRAM):   ;
MPRINT(EM_COPYFILE):   data _null_;
MPRINT(EM_COPYFILE):   length line $20000;
MPRINT(EM_COPYFILE):   file _OUT MOD lrecl=20000;
MPRINT(EM_COPYFILE):   fid=fopen("_OUTIN",'i',20000,'v');
MPRINT(EM_COPYFILE):   if fid > 0 then do;
MPRINT(EM_COPYFILE):   do while(^fread(fid));
MPRINT(EM_COPYFILE):   rlen = frlen(fid);
MPRINT(EM_COPYFILE):   rc= fget(fid,line,20000);
MPRINT(EM_COPYFILE):   start = length(line)-length(left(line))+1;
MPRINT(EM_COPYFILE):   line=strip(line);
MPRINT(EM_COPYFILE):   put @start line;
MPRINT(EM_COPYFILE):   end;
MPRINT(EM_COPYFILE):   if fid > 0 then rc=fclose(fid);
MPRINT(EM_COPYFILE):   end;
MPRINT(EM_COPYFILE):   run;
MPRINT(EM_DIAGRAM):  ;
MPRINT(EM_DIAGRAM):   filename _OUTIN;
MPRINT(EM_DIAGRAM):    data _null_;
MPRINT(EM_DIAGRAM):   file _OUT mod;
MPRINT(EM_DIAGRAM):   put _page_;
MPRINT(EM_DIAGRAM):   put // "*------------------------------------------------------------*";
MPRINT(EM_DIAGRAM):   put "* Score Output";
MPRINT(EM_DIAGRAM):   put "*------------------------------------------------------------*";
MPRINT(EM_DIAGRAM):   run;
MPRINT(EM_DIAGRAM):    filename _OUTIN "C:\Users\student\Desktop\AA 490\Final Project\AA490_Project\Base Model\Workspaces\EMWS2\Reg5\EMSCORE.out" encoding="UTF-8" NOBOM;
MPRINT(EM_DIAGRAM):  ;
MPRINT(EM_DIAGRAM):   filename _OUTIN;
MPRINT(EM_DIAGRAM):    data _null_;
MPRINT(EM_DIAGRAM):   file _OUT mod;
MPRINT(EM_DIAGRAM):   put _page_;
MPRINT(EM_DIAGRAM):   put // "*------------------------------------------------------------*";
MPRINT(EM_DIAGRAM):   put "* Report Output";
MPRINT(EM_DIAGRAM):   put "*------------------------------------------------------------*";
MPRINT(EM_DIAGRAM):   run;
MPRINT(EM_DIAGRAM):    filename _OUTIN "C:\Users\student\Desktop\AA 490\Final Project\AA490_Project\Base Model\Workspaces\EMWS2\Reg5\EMREPORT.out" encoding="UTF-8" NOBOM;
MPRINT(EM_DIAGRAM):  ;
MPRINT(EM_DIAGRAM):   filename _OUTIN;
MPRINT(EM_DIAGRAM):    filename _OUT;
MPRINT(EM_DIAGRAM):    filename _emtool_ 'C:\Users\student\Desktop\AA 490\Final Project\AA490_Project\Base Model\Workspaces\EMWS2\Reg5\EMRUNSTATUS.xml' encoding="UTF-8" NOBOM;
28203      proc freq data=EMWS2.Reg5_VariableSet noprint;
MPRINT(EM_DIAGRAM):    proc freq data=EMWS2.Reg5_VariableSet noprint;
28204      table ROLE*LEVEL/out=WORK.Reg5META;
MPRINT(EM_DIAGRAM):   table ROLE*LEVEL/out=WORK.Reg5META;
28205      run;
MPRINT(EM_DIAGRAM):   run;

NOTE: There were 5 observations read from the data set EMWS2.REG5_VARIABLESET.
NOTE: The data set WORK.REG5META has 3 observations and 4 variables.
NOTE: PROCEDURE FREQ used (Total process time):
      real time           0.02 seconds
      cpu time            0.01 seconds
      

28206      proc print data=WORK.Reg5META label noobs;
MPRINT(EM_DIAGRAM):   proc print data=WORK.Reg5META label noobs;
28207      var ROLE LEVEL COUNT;
MPRINT(EM_DIAGRAM):   var ROLE LEVEL COUNT;
28208      label ROLE = "%sysfunc(sasmsg(sashelp.dmine, meta_role_vlabel, NOQUOTE))" LEVEL = "%sysfunc(sasmsg(sashelp.dmine, meta_level_vlabel, NOQUOTE))" COUNT = "%sysfunc(sasmsg(sashelp.dmine, rpt_count_vlabel, NOQUOTE))";
MPRINT(EM_DIAGRAM):   label ROLE = "Role" LEVEL = "Measurement Level" COUNT = "Frequency Count";
28209      title9 ' ';
MPRINT(EM_DIAGRAM):   title9 ' ';
28210      title10 "%sysfunc(sasmsg(sashelp.dmine, rpt_varSummary_title  , NOQUOTE))";
MPRINT(EM_DIAGRAM):   title10 "Variable Summary";
MPRINT(EM_DIAGRAM):   run;
28211      run;

NOTE: There were 3 observations read from the data set WORK.REG5META.
NOTE: The PROCEDURE PRINT printed page 4.
NOTE: PROCEDURE PRINT used (Total process time):
      real time           0.00 seconds
      cpu time            0.01 seconds
      

28212      title10;
MPRINT(EM_DIAGRAM):   title10;
28213      %let EMNORLEN = %DMNORLEN;
MPRINT(EM_DIAGRAM):   
EMWS2.Part_TRAIN EMWS2.Part_TRAIN 
EMWS2.Part_TRAIN EMWS2.Part_TRAIN EMWS2 Part_TRAIN 
EMWS2.Part_TRAIN EMWS2.Part_TRAIN 
EMWS2.Part_TRAIN EMWS2.Part_TRAIN EMWS2 Part_TRAIN 
Executing  SASHELP.EMCORE.EMINFOITERATOR.SCL _INIT >> 
Executing  SASHELP.EMCORE.EMINFOITERATOR.SCL setMetaData >> 
Executing  SASHELP.EMCORE.EMINFOITERATOR.SCL next >> 
Executing  SASHELP.EMCORE.EMINFOITERATOR.SCL next >> 
Executing  SASHELP.EMCORE.EMINFOITERATOR.SCL setMetaData >> 
Executing  SASHELP.EMCORE.EMINFOITERATOR.SCL next >> 
Executing  SASHELP.EMCORE.EMINFOITERATOR.SCL next >> 
Executing  SASHELP.EMCORE.EMINFOITERATOR.SCL _term >> 
"No decisions defined for target "Cases_in_1000s"." 
28214      proc print data = EMWS2.Ids2_Cases_in_1000s_DM noobs label;
MPRINT(EM_DIAGRAM):    proc print data = EMWS2.Ids2_Cases_in_1000s_DM noobs label;
28215      var _type_ variable label;
MPRINT(EM_DIAGRAM):   var _type_ variable label;
28216      where _type_ ^in('MATRIX', 'DECISION', 'TRAINPRIOR', 'DATAPRIOR', 'DECPRIOR');
MPRINT(EM_DIAGRAM):   where _type_ ^in('MATRIX', 'DECISION', 'TRAINPRIOR', 'DATAPRIOR', 'DECPRIOR');
28217      label _TYPE_ = "%sysfunc(sasmsg(sashelp.dmine, rpt_type_vlabel,     NOQUOTE))" VARIABLE = "%sysfunc(sasmsg(sashelp.dmine, rpt_variable_vlabel, NOQUOTE))" LABEL = "%sysfunc(sasmsg(sashelp.dmine, meta_label_vlabel, NOQUOTE))";
MPRINT(EM_DIAGRAM):   label _TYPE_ = "Type" VARIABLE = "Variable" LABEL = "Label";
28218      title9 ' ';
MPRINT(EM_DIAGRAM):   title9 ' ';
28219      title10 "%sysfunc(sasmsg(sashelp.dmine, rpt_predDecVars_title  , NOQUOTE))";
MPRINT(EM_DIAGRAM):   title10 "Predicted and decision variables";
MPRINT(EM_DIAGRAM):   run;
28220      run;

NOTE: There were 3 observations read from the data set EMWS2.IDS2_CASES_IN_1000S_DM.
      WHERE _type_ not in ('DATAPRIOR', 'DECISION', 'DECPRIOR', 'MATRIX', 'TRAINPRIOR');
NOTE: The PROCEDURE PRINT printed page 5.
NOTE: PROCEDURE PRINT used (Total process time):
      real time           0.00 seconds
      cpu time            0.00 seconds
      

28221      title10;
MPRINT(EM_DIAGRAM):   title10;
MPRINT(EM_DIAGRAM):    *------------------------------------------------------------*;
MPRINT(EM_DIAGRAM):   * Reg5: Preparing metadata for Training *------------------------------------------------------------*;
MPRINT(EM_DIAGRAM):   data WORK.M2YV2SBB;
MPRINT(EM_DIAGRAM):   set WORK.M2YV2SBB;
MPRINT(EM_DIAGRAM):   where use = 'Y' or (role = 'INPUT' and use = 'D') ;
MPRINT(EM_DIAGRAM):   if (role = 'REJECTED') then role = 'INPUT';
MPRINT(EM_DIAGRAM):   if use = 'D' then use = 'Y';
MPRINT(EM_DIAGRAM):   run;
28231      *------------------------------------------------------------*;
MPRINT(EM_DIAGRAM):    *------------------------------------------------------------*;
28232      * Reg5: Create effect data set;
MPRINT(EM_DIAGRAM):   * Reg5: Create effect data set;
28233      *------------------------------------------------------------*;
MPRINT(EM_DIAGRAM):   *------------------------------------------------------------*;
28234      data WORK.Reg5_EFFECT;
MPRINT(EM_DIAGRAM):   data WORK.Reg5_EFFECT;
28235      length ORDER 8 variable $32;
MPRINT(EM_DIAGRAM):   length ORDER 8 variable $32;
28236      ORDER=1;
MPRINT(EM_DIAGRAM):   ORDER=1;
28237      VARIABLE="Age_group";
MPRINT(EM_DIAGRAM):   VARIABLE="Age_group";
28238      output;
MPRINT(EM_DIAGRAM):   output;
28239      ORDER=2;
MPRINT(EM_DIAGRAM):   ORDER=2;
28240      VARIABLE="Disease";
MPRINT(EM_DIAGRAM):   VARIABLE="Disease";
28241      output;
MPRINT(EM_DIAGRAM):   output;
28242      ORDER=3;
MPRINT(EM_DIAGRAM):   ORDER=3;
28243      VARIABLE="Gender";
MPRINT(EM_DIAGRAM):   VARIABLE="Gender";
28244      output;
MPRINT(EM_DIAGRAM):   output;
28245      ORDER=4;
MPRINT(EM_DIAGRAM):   ORDER=4;
28246      VARIABLE="Population_in_thousands";
MPRINT(EM_DIAGRAM):   VARIABLE="Population_in_thousands";
28247      output;
MPRINT(EM_DIAGRAM):   output;
28248      ORDER=5;
MPRINT(EM_DIAGRAM):   ORDER=5;
28249      VARIABLE="Age_group";
MPRINT(EM_DIAGRAM):   VARIABLE="Age_group";
28250      output;
MPRINT(EM_DIAGRAM):   output;
28251      ORDER=5;
MPRINT(EM_DIAGRAM):   ORDER=5;
28252      VARIABLE="Disease";
MPRINT(EM_DIAGRAM):   VARIABLE="Disease";
28253      output;
MPRINT(EM_DIAGRAM):   output;
28254      ORDER=6;
MPRINT(EM_DIAGRAM):   ORDER=6;
28255      VARIABLE="Age_group";
MPRINT(EM_DIAGRAM):   VARIABLE="Age_group";
28256      output;
MPRINT(EM_DIAGRAM):   output;
28257      ORDER=6;
MPRINT(EM_DIAGRAM):   ORDER=6;
28258      VARIABLE="Gender";
MPRINT(EM_DIAGRAM):   VARIABLE="Gender";
28259      output;
MPRINT(EM_DIAGRAM):   output;
28260      ORDER=7;
MPRINT(EM_DIAGRAM):   ORDER=7;
28261      VARIABLE="Disease";
MPRINT(EM_DIAGRAM):   VARIABLE="Disease";
28262      output;
MPRINT(EM_DIAGRAM):   output;
28263      ORDER=7;
MPRINT(EM_DIAGRAM):   ORDER=7;
28264      VARIABLE="Gender";
MPRINT(EM_DIAGRAM):   VARIABLE="Gender";
28265      output;
MPRINT(EM_DIAGRAM):   output;
28266      ;
MPRINT(EM_DIAGRAM):   ;
28267      run;
MPRINT(EM_DIAGRAM):   run;

NOTE: The data set WORK.REG5_EFFECT has 10 observations and 2 variables.
NOTE: DATA statement used (Total process time):
      real time           0.02 seconds
      cpu time            0.03 seconds
      

28268      data _temp1;
MPRINT(EM_DIAGRAM):    data _temp1;
28269      length VAR1 $32;
MPRINT(EM_DIAGRAM):   length VAR1 $32;
28270      VAR1 = " ";
MPRINT(EM_DIAGRAM):   VAR1 = " ";
28271      output;
MPRINT(EM_DIAGRAM):   output;
28272      VAR1 = "Population_in_thousands";
MPRINT(EM_DIAGRAM):   VAR1 = "Population_in_thousands";
28273      output;
MPRINT(EM_DIAGRAM):   output;

NOTE: The data set WORK._TEMP1 has 2 observations and 1 variables.
NOTE: DATA statement used (Total process time):
      real time           0.00 seconds
      cpu time            0.00 seconds
      

28274      data _temp2(rename=(var1=var2));
MPRINT(EM_DIAGRAM):   data _temp2(rename=(var1=var2));
28275      set _temp1;
MPRINT(EM_DIAGRAM):   set _temp1;
28276      run;
MPRINT(EM_DIAGRAM):   run;

NOTE: There were 2 observations read from the data set WORK._TEMP1.
NOTE: The data set WORK._TEMP2 has 2 observations and 1 variables.
NOTE: DATA statement used (Total process time):
      real time           0.00 seconds
      cpu time            0.00 seconds
      

28277      proc sql;
MPRINT(EM_DIAGRAM):   proc sql;
28278      create table _tempPoly as select
28279      VAR1,
28280      VAR2 from
28281      _temp1,
28282      _temp2;
MPRINT(EM_DIAGRAM):   create table _tempPoly as select VAR1, VAR2 from _temp1, _temp2;
NOTE: The execution of this query involves performing one or more Cartesian product joins that can not be optimized.
NOTE: Table WORK._TEMPPOLY created, with 4 rows and 2 columns.

28283      quit;
MPRINT(EM_DIAGRAM):   quit;
NOTE: PROCEDURE SQL used (Total process time):
      real time           0.00 seconds
      cpu time            0.00 seconds
      

28284      data _tempPoly;
MPRINT(EM_DIAGRAM):   data _tempPoly;
28285      set _tempPoly;
MPRINT(EM_DIAGRAM):   set _tempPoly;
28286      keep id Variable;
MPRINT(EM_DIAGRAM):   keep id Variable;
28287      array VAR VAR1-VAR2;
MPRINT(EM_DIAGRAM):   array VAR VAR1-VAR2;
28288      id = _N_;
MPRINT(EM_DIAGRAM):   id = _N_;
28289      do i=1 to 2;
MPRINT(EM_DIAGRAM):   do i=1 to 2;
28290      variable = VAR{i};
MPRINT(EM_DIAGRAM):   variable = VAR{i};
28291      output;
MPRINT(EM_DIAGRAM):   output;
28292      end;
MPRINT(EM_DIAGRAM):   end;
28293      run;
MPRINT(EM_DIAGRAM):   run;

NOTE: There were 4 observations read from the data set WORK._TEMPPOLY.
NOTE: The data set WORK._TEMPPOLY has 8 observations and 2 variables.
NOTE: DATA statement used (Total process time):
      real time           0.00 seconds
      cpu time            0.01 seconds
      

28294      proc sort data=_tempPoly;
MPRINT(EM_DIAGRAM):   proc sort data=_tempPoly;
28295      by id variable;
MPRINT(EM_DIAGRAM):   by id variable;
28296      run;
MPRINT(EM_DIAGRAM):   run;

NOTE: There were 8 observations read from the data set WORK._TEMPPOLY.
NOTE: The data set WORK._TEMPPOLY has 8 observations and 2 variables.
NOTE: PROCEDURE SORT used (Total process time):
      real time           0.00 seconds
      cpu time            0.00 seconds
      

28297      data _tempPoly2;
MPRINT(EM_DIAGRAM):   data _tempPoly2;
28298      keep factor id;
MPRINT(EM_DIAGRAM):   keep factor id;
28299      length factor $200;
MPRINT(EM_DIAGRAM):   length factor $200;
28300      retain factor;
MPRINT(EM_DIAGRAM):   retain factor;
28301      set _tempPoly;
MPRINT(EM_DIAGRAM):   set _tempPoly;
28302      by id;
MPRINT(EM_DIAGRAM):   by id;
28303      if first.id then factor= variable;
MPRINT(EM_DIAGRAM):   if first.id then factor= variable;
28304      else factor = strip(factor)!!' '!!variable;
MPRINT(EM_DIAGRAM):   else factor = strip(factor)!!' '!!variable;
28305      if last.id then output;
MPRINT(EM_DIAGRAM):   if last.id then output;
28306      run;
MPRINT(EM_DIAGRAM):   run;

NOTE: There were 8 observations read from the data set WORK._TEMPPOLY.
NOTE: The data set WORK._TEMPPOLY2 has 4 observations and 2 variables.
NOTE: DATA statement used (Total process time):
      real time           0.00 seconds
      cpu time            0.00 seconds
      

28307      proc sort data=_tempPoly2 nodupkey;
MPRINT(EM_DIAGRAM):   proc sort data=_tempPoly2 nodupkey;
28308      by factor;
MPRINT(EM_DIAGRAM):   by factor;
28309      run;
MPRINT(EM_DIAGRAM):   run;

NOTE: There were 4 observations read from the data set WORK._TEMPPOLY2.
NOTE: 1 observations with duplicate key values were deleted.
NOTE: The data set WORK._TEMPPOLY2 has 3 observations and 2 variables.
NOTE: PROCEDURE SORT used (Total process time):
      real time           0.00 seconds
      cpu time            0.00 seconds
      

28310      proc sort data=_tempPoly2;
MPRINT(EM_DIAGRAM):   proc sort data=_tempPoly2;
28311      by id;
MPRINT(EM_DIAGRAM):   by id;
28312      run;
MPRINT(EM_DIAGRAM):   run;

NOTE: There were 3 observations read from the data set WORK._TEMPPOLY2.
NOTE: The data set WORK._TEMPPOLY2 has 3 observations and 2 variables.
NOTE: PROCEDURE SORT used (Total process time):
      real time           0.00 seconds
      cpu time            0.00 seconds
      

28313      data _tempPoly;
MPRINT(EM_DIAGRAM):   data _tempPoly;
28314      merge _tempPoly _tempPoly2(keep=id in=a);
MPRINT(EM_DIAGRAM):   merge _tempPoly _tempPoly2(keep=id in=a);
28315      by id;
MPRINT(EM_DIAGRAM):   by id;
28316      if a then output;
MPRINT(EM_DIAGRAM):   if a then output;
28317      run;
MPRINT(EM_DIAGRAM):   run;

NOTE: There were 8 observations read from the data set WORK._TEMPPOLY.
NOTE: There were 3 observations read from the data set WORK._TEMPPOLY2.
NOTE: The data set WORK._TEMPPOLY has 6 observations and 2 variables.
NOTE: DATA statement used (Total process time):
      real time           0.00 seconds
      cpu time            0.01 seconds
      

28318      data _tempPoly;
MPRINT(EM_DIAGRAM):   data _tempPoly;
28319      retain order 8;
MPRINT(EM_DIAGRAM):   retain order 8;
28320      set _tempPoly;
MPRINT(EM_DIAGRAM):   set _tempPoly;
28321      if first.id then order = order+1;
MPRINT(EM_DIAGRAM):   if first.id then order = order+1;
28322      by id;
MPRINT(EM_DIAGRAM):   by id;
28323      run;
MPRINT(EM_DIAGRAM):   run;

NOTE: There were 6 observations read from the data set WORK._TEMPPOLY.
NOTE: The data set WORK._TEMPPOLY has 6 observations and 3 variables.
NOTE: DATA statement used (Total process time):
      real time           0.00 seconds
      cpu time            0.00 seconds
      

28324      proc append data=_tempPoly(drop=id) base=WORK.Reg5_EFFECT;
MPRINT(EM_DIAGRAM):   proc append data=_tempPoly(drop=id) base=WORK.Reg5_EFFECT;
28325      run;
MPRINT(EM_DIAGRAM):   run;

NOTE: Appending WORK._TEMPPOLY to WORK.REG5_EFFECT.
NOTE: There were 6 observations read from the data set WORK._TEMPPOLY.
NOTE: 6 observations added.
NOTE: The data set WORK.REG5_EFFECT has 16 observations and 2 variables.
NOTE: PROCEDURE APPEND used (Total process time):
      real time           0.00 seconds
      cpu time            0.01 seconds
      

28326      proc datasets lib=work nolist;
MPRINT(EM_DIAGRAM):    proc datasets lib=work nolist;
28327      delete _tempPoly _tempPoly
28328      _temp1
28329      _temp2
28330      ;
MPRINT(EM_DIAGRAM):   delete _tempPoly _tempPoly _temp1 _temp2 ;
28331      run;
MPRINT(EM_DIAGRAM):   run;

NOTE: The file WORK._TEMPPOLY (memtype=DATA) was not found, but appears on a DELETE statement.
NOTE: Deleting WORK._TEMPPOLY (memtype=DATA).
NOTE: Deleting WORK._TEMP1 (memtype=DATA).
NOTE: Deleting WORK._TEMP2 (memtype=DATA).
28332      *------------------------------------------------------------*;
MPRINT(EM_DIAGRAM):   *------------------------------------------------------------*;
28333      * Reg5: Prepare equation data set;
MPRINT(EM_DIAGRAM):   * Reg5: Prepare equation data set;
28334      *------------------------------------------------------------*;
MPRINT(EM_DIAGRAM):   *------------------------------------------------------------*;

NOTE: PROCEDURE DATASETS used (Total process time):
      real time           0.00 seconds
      cpu time            0.01 seconds
      

28335      data WORK.Reg5_EQUATION;
MPRINT(EM_DIAGRAM):   data WORK.Reg5_EQUATION;
28336      set
28337      WORK.Reg5_EFFECT
28338      ;
MPRINT(EM_DIAGRAM):   set WORK.Reg5_EFFECT ;
28339      run;
MPRINT(EM_DIAGRAM):   run;

NOTE: There were 16 observations read from the data set WORK.REG5_EFFECT.
NOTE: The data set WORK.REG5_EQUATION has 16 observations and 2 variables.
NOTE: DATA statement used (Total process time):
      real time           0.00 seconds
      cpu time            0.00 seconds
      

28340      proc sort data=WORK.Reg5_EQUATION out=WORK.Reg5_CLASS(rename=(VARIABLE=NAME)) nodupkey;
MPRINT(EM_DIAGRAM):   proc sort data=WORK.Reg5_EQUATION out=WORK.Reg5_CLASS(rename=(VARIABLE=NAME)) nodupkey;
28341      by VARIABLE;
MPRINT(EM_DIAGRAM):   by VARIABLE;
28342      run;
MPRINT(EM_DIAGRAM):   run;

NOTE: There were 16 observations read from the data set WORK.REG5_EQUATION.
NOTE: 11 observations with duplicate key values were deleted.
NOTE: The data set WORK.REG5_CLASS has 5 observations and 2 variables.
NOTE: PROCEDURE SORT used (Total process time):
      real time           0.00 seconds
      cpu time            0.01 seconds
      

28343      proc sort data=WORK.Reg5_EQUATION;
MPRINT(EM_DIAGRAM):   proc sort data=WORK.Reg5_EQUATION;
28344      by ORDER VARIABLE;
MPRINT(EM_DIAGRAM):   by ORDER VARIABLE;
28345      run;
MPRINT(EM_DIAGRAM):   run;

NOTE: There were 16 observations read from the data set WORK.REG5_EQUATION.
NOTE: The data set WORK.REG5_EQUATION has 16 observations and 2 variables.
NOTE: PROCEDURE SORT used (Total process time):
      real time           0.00 seconds
      cpu time            0.00 seconds
      

28346      data WORK.Reg5_EQUATION(keep=order term);
MPRINT(EM_DIAGRAM):   data WORK.Reg5_EQUATION(keep=order term);
28347      length term $350;
MPRINT(EM_DIAGRAM):   length term $350;
28348      retain term '';
MPRINT(EM_DIAGRAM):   retain term '';
28349      set WORK.Reg5_EQUATION end=eof;
MPRINT(EM_DIAGRAM):   set WORK.Reg5_EQUATION end=eof;
28350      by order;
MPRINT(EM_DIAGRAM):   by order;
28351      if first.order then do;
MPRINT(EM_DIAGRAM):   if first.order then do;
28352      term = variable;
MPRINT(EM_DIAGRAM):   term = variable;
28353      end;
MPRINT(EM_DIAGRAM):   end;
28354      else do;
MPRINT(EM_DIAGRAM):   else do;
28355      if variable ne '' then do;
MPRINT(EM_DIAGRAM):   if variable ne '' then do;
28356      if term ne '' then term = trim(term)!!'*'!!variable;
MPRINT(EM_DIAGRAM):   if term ne '' then term = trim(term)!!'*'!!variable;
28357      else term = variable;
MPRINT(EM_DIAGRAM):   else term = variable;
28358      end;
MPRINT(EM_DIAGRAM):   end;
28359      end;
MPRINT(EM_DIAGRAM):   end;
28360      if last.order then output;
MPRINT(EM_DIAGRAM):   if last.order then output;
28361      run;
MPRINT(EM_DIAGRAM):   run;

NOTE: There were 16 observations read from the data set WORK.REG5_EQUATION.
NOTE: The data set WORK.REG5_EQUATION has 10 observations and 2 variables.
NOTE: DATA statement used (Total process time):
      real time           0.00 seconds
      cpu time            0.00 seconds
      

28362      proc sort data=WORK.Reg5_EQUATION nodupkey;
MPRINT(EM_DIAGRAM):   proc sort data=WORK.Reg5_EQUATION nodupkey;
28363      by term;
MPRINT(EM_DIAGRAM):   by term;
28364      run;
MPRINT(EM_DIAGRAM):   run;

NOTE: There were 10 observations read from the data set WORK.REG5_EQUATION.
NOTE: 1 observations with duplicate key values were deleted.
NOTE: The data set WORK.REG5_EQUATION has 9 observations and 2 variables.
NOTE: PROCEDURE SORT used (Total process time):
      real time           0.00 seconds
      cpu time            0.00 seconds
      

28365      proc sort data=WORK.Reg5_EQUATION;
MPRINT(EM_DIAGRAM):   proc sort data=WORK.Reg5_EQUATION;
28366      by order;
MPRINT(EM_DIAGRAM):   by order;
28367      run;
MPRINT(EM_DIAGRAM):   run;

NOTE: There were 9 observations read from the data set WORK.REG5_EQUATION.
NOTE: The data set WORK.REG5_EQUATION has 9 observations and 2 variables.
NOTE: PROCEDURE SORT used (Total process time):
      real time           0.00 seconds
      cpu time            0.01 seconds
      

28368      data WORK.Reg5_CLASS;
MPRINT(EM_DIAGRAM):    data WORK.Reg5_CLASS;
28369      merge WORK.Reg5_CLASS(in=_a) WORK.METASET0R0IA99(in=_b KEEP=NAME);
MPRINT(EM_DIAGRAM):   merge WORK.Reg5_CLASS(in=_a) WORK.METASET0R0IA99(in=_b KEEP=NAME);
28370      if _a and _b then output;
MPRINT(EM_DIAGRAM):   if _a and _b then output;
28371      run;
MPRINT(EM_DIAGRAM):   run;

NOTE: There were 5 observations read from the data set WORK.REG5_CLASS.
NOTE: There were 3 observations read from the data set WORK.METASET0R0IA99.
NOTE: The data set WORK.REG5_CLASS has 3 observations and 2 variables.
NOTE: DATA statement used (Total process time):
      real time           0.00 seconds
      cpu time            0.00 seconds
      

NOTE: There were 3 observations read from the data set EMWS2.IDS2_CASES_IN_1000S_DD.
NOTE: The data set WORK.CASES_IN_1000S has 3 observations and 1 variables.
NOTE: There were 3 observations read from the data set EMWS2.IDS2_CASES_IN_1000S_DD.
NOTE: The data set WORK.CASES_IN_1000S has 3 observations and 1 variables.
28372      *------------------------------------------------------------*;
MPRINT(EM_DIAGRAM):    *------------------------------------------------------------*;
28373      * Reg5: Create decision matrix;
MPRINT(EM_DIAGRAM):   * Reg5: Create decision matrix;
28374      *------------------------------------------------------------*;
MPRINT(EM_DIAGRAM):   *------------------------------------------------------------*;
28375      data WORK.Cases_in_1000s(label="Cases_in_1000s");
MPRINT(EM_DIAGRAM):   data WORK.Cases_in_1000s(label="Cases_in_1000s");
28376        length   Cases_in_1000s                       8
28377                 ;
MPRINT(EM_DIAGRAM):   length Cases_in_1000s 8 ;
28378      
28379       Cases_in_1000s=0;
MPRINT(EM_DIAGRAM):   Cases_in_1000s=0;
28380      output;
MPRINT(EM_DIAGRAM):   output;
28381       Cases_in_1000s=801;
MPRINT(EM_DIAGRAM):   Cases_in_1000s=801;
28382      output;
MPRINT(EM_DIAGRAM):   output;
28383       Cases_in_1000s=400.5;
MPRINT(EM_DIAGRAM):   Cases_in_1000s=400.5;
28384      output;
MPRINT(EM_DIAGRAM):   output;
28385      ;
MPRINT(EM_DIAGRAM):   ;
28386      run;
MPRINT(EM_DIAGRAM):   run;

NOTE: The data set WORK.CASES_IN_1000S has 3 observations and 1 variables.
NOTE: DATA statement used (Total process time):
      real time           0.00 seconds
      cpu time            0.00 seconds
      

28387      proc datasets lib=work nolist;
MPRINT(EM_DIAGRAM):   proc datasets lib=work nolist;
28388      modify Cases_in_1000s(type=PROFIT label=Cases_in_1000s);
MPRINT(EM_DIAGRAM):   modify Cases_in_1000s(type=PROFIT label= Cases_in_1000s);
MPRINT(EM_DIAGRAM):   run;
28389      run;

NOTE: MODIFY was successful for WORK.CASES_IN_1000S.DATA.
28390      quit;
MPRINT(EM_DIAGRAM):   quit;

NOTE: PROCEDURE DATASETS used (Total process time):
      real time           0.00 seconds
      cpu time            0.00 seconds
      

28391      data EM_DMREG / view=EM_DMREG;
MPRINT(EM_DIAGRAM):   data EM_DMREG / view=EM_DMREG;
28392      set EMWS2.Part_TRAIN(keep=
28393      Age_group Cases_in_1000s Disease Gender Population_in_thousands);
MPRINT(EM_DIAGRAM):   set EMWS2.Part_TRAIN(keep= Age_group Cases_in_1000s Disease Gender Population_in_thousands);
28394      run;
MPRINT(EM_DIAGRAM):   run;

NOTE: DATA STEP view saved on file WORK.EM_DMREG.
NOTE: A stored DATA STEP view cannot run under a different operating system.
NOTE: DATA statement used (Total process time):
      real time           0.00 seconds
      cpu time            0.01 seconds
      

MPRINT(EM_DIAGRAM):   *------------------------------------------------------------* ;
MPRINT(EM_DIAGRAM):   * Reg5: DMDBClass Macro ;
MPRINT(EM_DIAGRAM):   *------------------------------------------------------------* ;
28395      *------------------------------------------------------------* ;
28396      * Reg5: DMDBClass Macro ;
28397      *------------------------------------------------------------* ;
28398      %macro DMDBClass;
28399          Age_group(ASC) Disease(ASC) Gender(ASC)
28400      %mend DMDBClass;
28401      *------------------------------------------------------------* ;
MPRINT(EM_DIAGRAM):   *------------------------------------------------------------* ;
28402      * Reg5: DMDBVar Macro ;
MPRINT(EM_DIAGRAM):   * Reg5: DMDBVar Macro ;
28403      *------------------------------------------------------------* ;
MPRINT(EM_DIAGRAM):   *------------------------------------------------------------* ;
28404      %macro DMDBVar;
28405          Cases_in_1000s Population_in_thousands
28406      %mend DMDBVar;
28407      *------------------------------------------------------------*;
MPRINT(EM_DIAGRAM):   *------------------------------------------------------------*;
28408      * Reg5: Create DMDB;
MPRINT(EM_DIAGRAM):   * Reg5: Create DMDB;
28409      *------------------------------------------------------------*;
MPRINT(EM_DIAGRAM):   *------------------------------------------------------------*;
28410      proc dmdb batch data=WORK.EM_DMREG
28411      dmdbcat=WORK.Reg5_DMDB
28412      maxlevel = 513
28413      ;
MPRINT(EM_DIAGRAM):   proc dmdb batch data=WORK.EM_DMREG dmdbcat=WORK.Reg5_DMDB maxlevel = 513 ;
MPRINT(EM_DIAGRAM):   class
28414      class %DMDBClass;
MPRINT(DMDBCLASS):   Age_group(ASC) Disease(ASC) Gender(ASC)
MPRINT(EM_DIAGRAM):  ;
MPRINT(EM_DIAGRAM):   var
28415      var %DMDBVar;
MPRINT(DMDBVAR):   Cases_in_1000s Population_in_thousands
MPRINT(EM_DIAGRAM):  ;
28416      target
28417      Cases_in_1000s
28418      ;
MPRINT(EM_DIAGRAM):   target Cases_in_1000s ;
28419      run;
MPRINT(EM_DIAGRAM):   run;

NOTE: Records processed = 750   Memory used = 511K.
NOTE: View WORK.EM_DMREG.VIEW used (Total process time):
      real time           0.03 seconds
      cpu time            0.03 seconds
      
NOTE: There were 750 observations read from the data set EMWS2.PART_TRAIN.
NOTE: There were 750 observations read from the data set WORK.EM_DMREG.
NOTE: PROCEDURE DMDB used (Total process time):
      real time           0.04 seconds
      cpu time            0.03 seconds
      

MPRINT(EM_DIAGRAM):   quit;
MPRINT(EM_DIAGRAM):   *--- end code ---*;
28420      quit;
28421      *--- end code ---*;

28422      *------------------------------------------------------------*;
MPRINT(EM_DIAGRAM):    *------------------------------------------------------------*;
28423      * Reg5: Run DMREG procedure;
MPRINT(EM_DIAGRAM):   * Reg5: Run DMREG procedure;
28424      *------------------------------------------------------------*;
MPRINT(EM_DIAGRAM):   *------------------------------------------------------------*;
28425      proc dmreg data=EM_DMREG dmdbcat=WORK.Reg5_DMDB
28426      validata = EMWS2.Part_VALIDATE
28427      outest = EMWS2.Reg5_EMESTIMATE
28428      outterms = EMWS2.Reg5_OUTTERMS
28429      outmap= EMWS2.Reg5_MAPDS namelen=200
28430      ;
MPRINT(EM_DIAGRAM):   proc dmreg data=EM_DMREG dmdbcat=WORK.Reg5_DMDB validata = EMWS2.Part_VALIDATE outest = EMWS2.Reg5_EMESTIMATE outterms = EMWS2.Reg5_OUTTERMS outmap= EMWS2.Reg5_MAPDS namelen=200 ;
28431      class
28432      Age_group
28433      Disease
28434      Gender
28435      ;
MPRINT(EM_DIAGRAM):   class Age_group Disease Gender ;
28436      model Cases_in_1000s =
28437      Age_group
28438      Disease
28439      Gender
28440      Population_in_thousands
28441      Age_group*Disease
28442      Age_group*Gender
28443      Disease*Gender
28444      Population_in_thousands*Population_in_thousands
28445      /error=normal
28446      coding=DEVIATION
28447      nodesignprint
28448      ;
MPRINT(EM_DIAGRAM):   model Cases_in_1000s = Age_group Disease Gender Population_in_thousands Age_group*Disease Age_group*Gender Disease*Gender Population_in_thousands*Population_in_thousands /error=normal coding=DEVIATION nodesignprint ;
28449      ;
MPRINT(EM_DIAGRAM):   ;
28450      score data=EMWS2.Part_TEST
28451      out=_null_
28452      outfit=EMWS2.Reg5_FITTEST
28453      role = TEST
28454      ;
MPRINT(EM_DIAGRAM):   score data=EMWS2.Part_TEST out=_null_ outfit=EMWS2.Reg5_FITTEST role = TEST ;
28455      code file="C:\Users\student\Desktop\AA 490\Final Project\AA490_Project\Base Model\Workspaces\EMWS2\Reg5\EMPUBLISHSCORE.sas"
28456      group=Reg5
28457      ;
MPRINT(EM_DIAGRAM):   code file="C:\Users\student\Desktop\AA 490\Final Project\AA490_Project\Base Model\Workspaces\EMWS2\Reg5\EMPUBLISHSCORE.sas" group=Reg5 ;
28458      code file="C:\Users\student\Desktop\AA 490\Final Project\AA490_Project\Base Model\Workspaces\EMWS2\Reg5\EMFLOWSCORE.sas"
28459      group=Reg5
28460      residual
28461      ;
MPRINT(EM_DIAGRAM):   code file="C:\Users\student\Desktop\AA 490\Final Project\AA490_Project\Base Model\Workspaces\EMWS2\Reg5\EMFLOWSCORE.sas" group=Reg5 residual ;
28462      run;
MPRINT(EM_DIAGRAM):   run;

NOTE: Variable DiseaseDEMENTIA_AND_ALZHEIMER_SG already exists on file EMWS2.REG5_MAPDS, using DiseaseDEMENTIA_AND_ALZHEIMER_S2 instead.
NOTE: 7 observations in the training data were not used due to missing values in the target or input variables or to invalid frequency values.
NOTE: External file C:\Users\student\Desktop\AA 490\Final Project\AA490_Project\Base Model\Workspaces\EMWS2\Reg5\EMPUBLISHSCORE.sas opened.
NOTE: External file C:\Users\student\Desktop\AA 490\Final Project\AA490_Project\Base Model\Workspaces\EMWS2\Reg5\EMFLOWSCORE.sas opened.
NOTE: View WORK.EM_DMREG.VIEW used (Total process time):
      real time           0.13 seconds
      cpu time            0.10 seconds
      
NOTE: There were 750 observations read from the data set EMWS2.PART_TRAIN.
NOTE: There were 750 observations read from the data set WORK.EM_DMREG.
NOTE: There were 563 observations read from the data set EMWS2.PART_VALIDATE.
NOTE: There were 562 observations read from the data set EMWS2.PART_TEST.
NOTE: The data set EMWS2.REG5_EMESTIMATE has 3 observations and 84 variables.
NOTE: The data set EMWS2.REG5_OUTTERMS has 91 observations and 6 variables.
NOTE: The data set EMWS2.REG5_MAPDS has 2 observations and 53 variables.
NOTE: The data set EMWS2.REG5_FITTEST has 1 observations and 13 variables.
NOTE: The PROCEDURE DMREG printed page 6.
NOTE: PROCEDURE DMREG used (Total process time):
      real time           0.16 seconds
      cpu time            0.14 seconds
      

MPRINT(EM_DIAGRAM):   quit;
28463      quit;

28464      proc datasets lib=WORK nolist;
MPRINT(EM_DIAGRAM):    proc datasets lib=WORK nolist;
28465      delete Reg5_DMDB;
MPRINT(EM_DIAGRAM):   delete Reg5_DMDB;
28466      run;
MPRINT(EM_DIAGRAM):   run;

NOTE: The file WORK.REG5_DMDB (memtype=DATA) was not found, but appears on a DELETE statement.
28467      quit;
MPRINT(EM_DIAGRAM):   quit;

NOTE: PROCEDURE DATASETS used (Total process time):
      real time           0.00 seconds
      cpu time            0.00 seconds
      

28468      proc datasets lib=WORK nolist;
MPRINT(EM_DIAGRAM):    proc datasets lib=WORK nolist;
28469      delete Reg5_DMDB / memtype=catalog;
MPRINT(EM_DIAGRAM):   delete Reg5_DMDB / memtype=catalog;
28470      run;
MPRINT(EM_DIAGRAM):   run;

NOTE: Deleting WORK.REG5_DMDB (memtype=CATALOG).
28471      quit;
MPRINT(EM_DIAGRAM):   quit;

NOTE: PROCEDURE DATASETS used (Total process time):
      real time           0.00 seconds
      cpu time            0.00 seconds
      

28472      data WORK.ESTIMATE;
MPRINT(EM_DIAGRAM):    data WORK.ESTIMATE;
28473      length _NAME_ $32;
MPRINT(EM_DIAGRAM):   length _NAME_ $32;
28474      set EMWS2.Reg5_EMESTIMATE;
MPRINT(EM_DIAGRAM):   set EMWS2.Reg5_EMESTIMATE;
28475      drop _AIC_--_VSUMW_
28476      ;
MPRINT(EM_DIAGRAM):   drop _AIC_--_VSUMW_ ;
28477      where _TYPE_ in('PARMS', 'T', 'P');
MPRINT(EM_DIAGRAM):   where _TYPE_ in('PARMS', 'T', 'P');
28478      select(_TYPE_);
MPRINT(EM_DIAGRAM):   select(_TYPE_);
28479      when('PARMS') _NAME_='Coefficient';
MPRINT(EM_DIAGRAM):   when('PARMS') _NAME_='Coefficient';
28480      when('T') _NAME_='tValue';
MPRINT(EM_DIAGRAM):   when('T') _NAME_='tValue';
28481      when('P') _NAME_='PValue';
MPRINT(EM_DIAGRAM):   when('P') _NAME_='PValue';
28482      otherwise;
MPRINT(EM_DIAGRAM):   otherwise;
28483      end;
MPRINT(EM_DIAGRAM):   end;
28484      run;
MPRINT(EM_DIAGRAM):   run;

NOTE: There were 3 observations read from the data set EMWS2.REG5_EMESTIMATE.
      WHERE _TYPE_ in ('P', 'PARMS', 'T');
NOTE: The data set WORK.ESTIMATE has 3 observations and 54 variables.
NOTE: DATA statement used (Total process time):
      real time           0.00 seconds
      cpu time            0.00 seconds
      

28485      proc transpose data=WORK.ESTIMATE out=WORK.ESTIMATE(rename=(_NAME_=Effect));
MPRINT(EM_DIAGRAM):   proc transpose data=WORK.ESTIMATE out=WORK.ESTIMATE(rename=(_NAME_=Effect));
28486      run;
MPRINT(EM_DIAGRAM):   run;

NOTE: There were 3 observations read from the data set WORK.ESTIMATE.
NOTE: The data set WORK.ESTIMATE has 52 observations and 5 variables.
NOTE: PROCEDURE TRANSPOSE used (Total process time):
      real time           0.01 seconds
      cpu time            0.01 seconds
      

28487      proc transpose data=EMWS2.Reg5_MAPDS out=WORK.MAP(rename=(_NAME_=Effect INPUT=Variable
28488      ));
MPRINT(EM_DIAGRAM):   proc transpose data=EMWS2.Reg5_MAPDS out=WORK.MAP(rename=(_NAME_=Effect INPUT=Variable ));
28489      var 'Age_group0N17'n--'Population_in_thousandsPopulatio'n;
MPRINT(EM_DIAGRAM):   var 'Age_group0N17'n--'Population_in_thousandsPopulatio'n;
28490      run;
MPRINT(EM_DIAGRAM):   run;

NOTE: There were 2 observations read from the data set EMWS2.REG5_MAPDS.
NOTE: The data set WORK.MAP has 51 observations and 4 variables.
NOTE: PROCEDURE TRANSPOSE used (Total process time):
      real time           0.00 seconds
      cpu time            0.01 seconds
      

28491      proc sort data=WORK.MAP;
MPRINT(EM_DIAGRAM):   proc sort data=WORK.MAP;
28492      by Effect;
MPRINT(EM_DIAGRAM):   by Effect;
28493      run;
MPRINT(EM_DIAGRAM):   run;

NOTE: There were 51 observations read from the data set WORK.MAP.
NOTE: The data set WORK.MAP has 51 observations and 4 variables.
NOTE: PROCEDURE SORT used (Total process time):
      real time           0.00 seconds
      cpu time            0.00 seconds
      

28494      proc sort data=WORK.ESTIMATE;
MPRINT(EM_DIAGRAM):   proc sort data=WORK.ESTIMATE;
28495      by Effect;
MPRINT(EM_DIAGRAM):   by Effect;
28496      run;
MPRINT(EM_DIAGRAM):   run;

NOTE: There were 52 observations read from the data set WORK.ESTIMATE.
NOTE: The data set WORK.ESTIMATE has 52 observations and 5 variables.
NOTE: PROCEDURE SORT used (Total process time):
      real time           0.02 seconds
      cpu time            0.01 seconds
      

28497      data EMWS2.Reg5_EFFECTS(rename=(_LABEL_=EffectLabel));
MPRINT(EM_DIAGRAM):   data EMWS2.Reg5_EFFECTS(rename=(_LABEL_=EffectLabel));
28498      length Variable ClassLevel $32;
MPRINT(EM_DIAGRAM):   length Variable ClassLevel $32;
28499      merge WORK.ESTIMATE WORK.MAP;
MPRINT(EM_DIAGRAM):   merge WORK.ESTIMATE WORK.MAP;
28500      by Effect;
MPRINT(EM_DIAGRAM):   by Effect;
28501      label Effect = "%sysfunc(sasmsg(sashelp.dmine, rpt_effect_vlabel, NOQUOTE))" Variable = "%sysfunc(sasmsg(sashelp.dmine, rpt_variable_vlabel, NOQUOTE))" Sign = "%sysfunc(sasmsg(sashelp.dmine, rpt_sign_vlabel, NOQUOTE))" ClassLevel =
28502         "%sysfunc(sasmsg(sashelp.dmine, rpt_level_vlabel, NOQUOTE))" Abscoefficient = "%sysfunc(sasmsg(sashelp.dmine, rpt_abscoefficient_vlabel, NOQUOTE))" Coefficient = "%sysfunc(sasmsg(sashelp.dmine, rpt_coefficient_vlabel, NOQUOTE))" _LABEL_ =
28503         "%sysfunc(sasmsg(sashelp.dmine, rpt_effectLabel_vlabel, NOQUOTE))" CODE = "%sysfunc(sasmsg(sashelp.dmine, rpt_scorecodevar_vlabel, NOQUOTE))";
MPRINT(EM_DIAGRAM):   label Effect = "Effect" Variable = "Variable" Sign = "Sign" ClassLevel = "Level" Abscoefficient = "Absolute Coefficient" Coefficient = "Coefficient" _LABEL_ = "Effect Label" CODE = "Score Code Variable";
28504      label tvalue = "%sysfunc(sasmsg(sashelp.dmine, rpt_tvalue_vlabel,         NOQUOTE))" abstvalue = "%sysfunc(sasmsg(sashelp.dmine, rpt_absoluteTvalue_vlabel, NOQUOTE))" PValue = "%sysfunc(sasmsg(sashelp.dmine, rpt_pvalue_vlabel,         NOQUOTE))"
28504    ! ;
MPRINT(EM_DIAGRAM):   label tvalue = "T-value" abstvalue = "Absolute T-value" PValue = "P Value";
28505      abstvalue = abs(tValue);
MPRINT(EM_DIAGRAM):   abstvalue = abs(tValue);
28506      if index(Effect, 'Intercept') then do;
MPRINT(EM_DIAGRAM):   if index(Effect, 'Intercept') then do;
28507      variable = 'Intercept';
MPRINT(EM_DIAGRAM):   variable = 'Intercept';
28508      classLevel = scan(_LABEL_, 2, '=');
MPRINT(EM_DIAGRAM):   classLevel = scan(_LABEL_, 2, '=');
28509      end;
MPRINT(EM_DIAGRAM):   end;
28510      if ^indexc(variable, '*') then do;
MPRINT(EM_DIAGRAM):   if ^indexc(variable, '*') then do;
28511      if length(effect)>length(variable) then classlevel = substr(Effect, length(variable)+1);
MPRINT(EM_DIAGRAM):   if length(effect)>length(variable) then classlevel = substr(Effect, length(variable)+1);
28512      end;
MPRINT(EM_DIAGRAM):   end;
28513      if Effect eq '' then Effect = Variable;
MPRINT(EM_DIAGRAM):   if Effect eq '' then Effect = Variable;
28514      if coefficient < 0 then sign = '-';
MPRINT(EM_DIAGRAM):   if coefficient < 0 then sign = '-';
28515      else sign = '+';
MPRINT(EM_DIAGRAM):   else sign = '+';
28516      abscoefficient = abs(coefficient);
MPRINT(EM_DIAGRAM):   abscoefficient = abs(coefficient);
28517      if _LABEL_ = '' then _LABEL_ = Effect;
MPRINT(EM_DIAGRAM):   if _LABEL_ = '' then _LABEL_ = Effect;
28518      if coefficient ne . then output;
MPRINT(EM_DIAGRAM):   if coefficient ne . then output;
28519      run;
MPRINT(EM_DIAGRAM):   run;

NOTE: There were 52 observations read from the data set WORK.ESTIMATE.
NOTE: There were 51 observations read from the data set WORK.MAP.
NOTE: The data set EMWS2.REG5_EFFECTS has 52 observations and 11 variables.
NOTE: DATA statement used (Total process time):
      real time           0.03 seconds
      cpu time            0.03 seconds
      

28520      proc sort data =EMWS2.Reg5_EFFECTS;
MPRINT(EM_DIAGRAM):    proc sort data =EMWS2.Reg5_EFFECTS;
28521      by
28522      descending abstvalue;
MPRINT(EM_DIAGRAM):   by descending abstvalue;
28523      run;
MPRINT(EM_DIAGRAM):   run;

NOTE: There were 52 observations read from the data set EMWS2.REG5_EFFECTS.
NOTE: The data set EMWS2.REG5_EFFECTS has 52 observations and 11 variables.
NOTE: PROCEDURE SORT used (Total process time):
      real time           0.00 seconds
      cpu time            0.01 seconds
      

28524      data EMWS2.Reg5_EFFECTS;
MPRINT(EM_DIAGRAM):   data EMWS2.Reg5_EFFECTS;
28525      set EMWS2.Reg5_EFFECTS;
MPRINT(EM_DIAGRAM):   set EMWS2.Reg5_EFFECTS;
28526      format TEffectNum 3.;
MPRINT(EM_DIAGRAM):   format TEffectNum 3.;
28527      label TEffectNum = "%sysfunc(sasmsg(sashelp.dmine, rpt_teffectnum_vlabel, NOQUOTE))";
MPRINT(EM_DIAGRAM):   label TEffectNum = "TScore Number";
28528      retain TEffectNum;
MPRINT(EM_DIAGRAM):   retain TEffectNum;
28529      TEffectNum = _N_;
MPRINT(EM_DIAGRAM):   TEffectNum = _N_;
28530      run;
MPRINT(EM_DIAGRAM):   run;

NOTE: There were 52 observations read from the data set EMWS2.REG5_EFFECTS.
NOTE: The data set EMWS2.REG5_EFFECTS has 52 observations and 12 variables.
NOTE: DATA statement used (Total process time):
      real time           0.00 seconds
      cpu time            0.00 seconds
      

28531      proc sort data =EMWS2.Reg5_EFFECTS;
MPRINT(EM_DIAGRAM):    proc sort data =EMWS2.Reg5_EFFECTS;
28532      by
28533      descending absCoefficient;
MPRINT(EM_DIAGRAM):   by descending absCoefficient;
28534      run;
MPRINT(EM_DIAGRAM):   run;

NOTE: There were 52 observations read from the data set EMWS2.REG5_EFFECTS.
NOTE: The data set EMWS2.REG5_EFFECTS has 52 observations and 12 variables.
NOTE: PROCEDURE SORT used (Total process time):
      real time           0.00 seconds
      cpu time            0.00 seconds
      

28535      data EMWS2.Reg5_EFFECTS;
MPRINT(EM_DIAGRAM):   data EMWS2.Reg5_EFFECTS;
28536      set EMWS2.Reg5_EFFECTS;
MPRINT(EM_DIAGRAM):   set EMWS2.Reg5_EFFECTS;
28537      format EffectNum 3.;
MPRINT(EM_DIAGRAM):   format EffectNum 3.;
28538      label EffectNum = "%sysfunc(sasmsg(sashelp.dmine, rpt_effectnum_vlabel, NOQUOTE))";
MPRINT(EM_DIAGRAM):   label EffectNum = "Effect Number";
28539      retain EffectNum;
MPRINT(EM_DIAGRAM):   retain EffectNum;
28540      EffectNum = _N_;
MPRINT(EM_DIAGRAM):   EffectNum = _N_;
28541      run;
MPRINT(EM_DIAGRAM):   run;

NOTE: There were 52 observations read from the data set EMWS2.REG5_EFFECTS.
NOTE: The data set EMWS2.REG5_EFFECTS has 52 observations and 13 variables.
NOTE: DATA statement used (Total process time):
      real time           0.00 seconds
      cpu time            0.00 seconds
      

MPRINT(EM_DIAGRAM):    proc printto;
MPRINT(EM_DIAGRAM):   run;
