 
                                                                                                                                                                                                                                                                
 
 
Variable Summary

          Measurement    Frequency
 Role        Level         Count

INPUT      INTERVAL          1    
INPUT      NOMINAL           3    
TARGET     INTERVAL          1    
 
                                                                                                                                                                                                                                                                
 
 
Predicted and decision variables

Type             Variable                  Label

TARGET       Cases_in_1000s                               
PREDICTED    P_Cases_in_1000s    Predicted: Cases_in_1000s
RESIDUAL     R_Cases_in_1000s    Residual: Cases_in_1000s 
 
                                                                                                                                                                                                                                                                
 
 

The DMREG Procedure

               Model Information

Training Data Set             WORK.EM_DMREG.VIEW
DMDB Catalog                  WORK.REG5_DMDB    
Target Variable               Cases_in_1000s    
Target Measurement Level      Interval          
Error                         Normal            
Link Function                 Identity          
Number of Model Parameters    52                
Number of Observations        743               


                             Analysis of Variance
 
                                   Sum of
Source                 DF         Squares     Mean Square    F Value    Pr > F

Model                  51         9450327          185301     140.75    <.0001
Error                 691          909735     1316.547892                     
Corrected Total       742        10360061                                     


              Model Fit Statistics

R-Square        0.9122     Adj R-Sq        0.9057
AIC          5386.8876     BIC          5396.7026
SBC          5626.6438     C(p)           52.0000


                                Type 3 Analysis of Effects
 
                                                               Sum of
Effect                                               DF       Squares    F Value    Pr > F

Age_group                                             5    2215621.83     336.58    <.0001
Disease                                               4    1482187.61     281.45    <.0001
Gender                                                2     5747.5306       2.18    0.1135
Population_in_thousands                               1    14881.1295      11.30    0.0008
Age_group*Disease                                    20    3000256.99     113.94    <.0001
Age_group*Gender                                     10    339013.886      25.75    <.0001
Disease*Gender                                        8    215230.496      20.44    <.0001
Population_in_thousands*Population_in_thousands       1     4464.5534       3.39    0.0660


                                                               Analysis of Maximum Likelihood Estimates
 
                                                                                                                                       Standard
Parameter                                                                                                            DF    Estimate       Error    t Value    Pr > |t|

Intercept                                                                                                             1    -34.5512     23.3438      -1.48      0.1393
Age_group                                       0-17                                                                  1    -84.1465     10.6454      -7.90      <.0001
Age_group                                       18-24                                                                 1    -31.0067      6.4667      -4.79      <.0001
Age_group                                       25-44                                                                 1    -91.6644     11.6299      -7.88      <.0001
Age_group                                       45-64                                                                 1     16.7353      8.1180       2.06      0.0396
Age_group                                       65-84                                                                 1       136.0      5.2381      25.96      <.0001
Disease                                         Asthma                                                                1    -12.2053      2.7036      -4.51      <.0001
Disease                                         Cancer, all                                                           1     80.4716      2.6488      30.38      <.0001
Disease                                         Dementia and Alzheimer's disease                                      1    -53.7012      2.7231     -19.72      <.0001
Disease                                         Osteoarthritis                                                        1      6.1400      2.6948       2.28      0.0230
Gender                                          All                                                                   1      2.4014      6.6723       0.36      0.7190
Gender                                          Female                                                                1      2.4539      3.5025       0.70      0.4838
Population_in_thousands                                                                                               1     0.00425     0.00126       3.36      0.0008
Age_group*Disease                               0-17                             Asthma                               1       113.8      6.0750      18.73      <.0001
Age_group*Disease                               0-17                             Cancer, all                          1    -94.8874      5.6896     -16.68      <.0001
Age_group*Disease                               0-17                             Dementia and Alzheimer's disease     1     22.8739      6.0543       3.78      0.0002
Age_group*Disease                               0-17                             Osteoarthritis                       1    -38.9899      5.7219      -6.81      <.0001
Age_group*Disease                               18-24                            Asthma                               1     21.7289      5.6917       3.82      0.0001
Age_group*Disease                               18-24                            Cancer, all                          1    -79.5383      6.1271     -12.98      <.0001
Age_group*Disease                               18-24                            Dementia and Alzheimer's disease     1     48.4492      6.1419       7.89      <.0001
Age_group*Disease                               18-24                            Osteoarthritis                       1    -10.1161      5.8373      -1.73      0.0835
Age_group*Disease                               25-44                            Asthma                               1     32.1264      5.9332       5.41      <.0001
Age_group*Disease                               25-44                            Cancer, all                          1    -37.7375      6.3298      -5.96      <.0001
Age_group*Disease                               25-44                            Dementia and Alzheimer's disease     1     20.7168      5.7474       3.60      0.0003
Age_group*Disease                               25-44                            Osteoarthritis                       1    -21.0818      5.9277      -3.56      0.0004
Age_group*Disease                               45-64                            Asthma                               1    -42.4341      6.5042      -6.52      <.0001
Age_group*Disease                               45-64                            Cancer, all                          1       114.5      5.7796      19.81      <.0001
Age_group*Disease                               45-64                            Dementia and Alzheimer's disease     1    -55.0801      6.4551      -8.53      <.0001
Age_group*Disease                               45-64                            Osteoarthritis                       1     18.8588      6.2550       3.02      0.0027
Age_group*Disease                               65-84                            Asthma                               1      -113.0      5.8848     -19.21      <.0001
Age_group*Disease                               65-84                            Cancer, all                          1       154.3      5.4707      28.21      <.0001
Age_group*Disease                               65-84                            Dementia and Alzheimer's disease     1    -86.4078      6.3968     -13.51      <.0001
Age_group*Disease                               65-84                            Osteoarthritis                       1     71.3207      6.1029      11.69      <.0001
Age_group*Gender                                0-17                             All                                  1    -32.9935      7.1219      -4.63      <.0001
Age_group*Gender                                0-17                             Female                               1     11.2814      5.1730       2.18      0.0295
Age_group*Gender                                18-24                            All                                  1    -30.8526      7.5483      -4.09      <.0001
Age_group*Gender                                18-24                            Female                               1     12.0270      5.6863       2.12      0.0348
Age_group*Gender                                25-44                            All                                  1    -27.8998     10.8772      -2.56      0.0105
Age_group*Gender                                25-44                            Female                               1     15.5491      6.4033       2.43      0.0154
Age_group*Gender                                45-64                            All                                  1     13.0491      4.9438       2.64      0.0085
Age_group*Gender                                45-64                            Female                               1     -4.9385      4.5490      -1.09      0.2780
Age_group*Gender                                65-84                            All                                  1     66.7736      7.5233       8.88      <.0001
Age_group*Gender                                65-84                            Female                               1    -30.3856      4.8119      -6.31      <.0001
Disease*Gender                                  Asthma                           All                                  1     -7.9517      3.7831      -2.10      0.0359
Disease*Gender                                  Asthma                           Female                               1      5.5238      3.8675       1.43      0.1537
Disease*Gender                                  Cancer, all                      All                                  1     43.0776      3.6464      11.81      <.0001
Disease*Gender                                  Cancer, all                      Female                               1    -25.4311      3.7913      -6.71      <.0001
Disease*Gender                                  Dementia and Alzheimer's disease All                                  1    -24.9125      3.8555      -6.46      <.0001
Disease*Gender                                  Dementia and Alzheimer's disease Female                               1      9.5648      3.7978       2.52      0.0120
Disease*Gender                                  Osteoarthritis                   All                                  1      0.6963      3.7687       0.18      0.8535
Disease*Gender                                  Osteoarthritis                   Female                               1      7.6420      3.8263       2.00      0.0462
Population_in_thousands*Population_in_thousands                                                                       1     -2.2E-8    1.193E-8      -1.84      0.0660
