MPRINT(EM_DIAGRAM):    data _null_;
MPRINT(EM_DIAGRAM):   call symput('NLDATE', strip(put(date(), NLDATE.)));
MPRINT(EM_DIAGRAM):   call symput('NLTIME', strip(put(datetime(), NLTIME.)));
MPRINT(EM_DIAGRAM):   run;
MPRINT(EM_DIAGRAM):   data _null_;
MPRINT(EM_DIAGRAM):   nldate= sasmsg("sashelp.dmine", "log_date_note", 'N', "November 14, 2019" );
MPRINT(EM_DIAGRAM):   nltime= sasmsg("sashelp.dmine", "log_time_note", 'N', "15:53:30" );
MPRINT(EM_DIAGRAM):   put "*------------------------------------------------------------*";
MPRINT(EM_DIAGRAM):   put "* Training Log";
MPRINT(EM_DIAGRAM):   put nldate;
MPRINT(EM_DIAGRAM):   put nltime;
MPRINT(EM_DIAGRAM):   put "*------------------------------------------------------------*";
MPRINT(EM_DIAGRAM):   run;
*------------------------------------------------------------*
* Training Log
Date:                November 14, 2019
Time:                15:53:30
*------------------------------------------------------------*
MPRINT(EM_DIAGRAM):    filename O0563WIT "C:\Users\student\Desktop\AA490\Project\AA490_Project\Modeling\Labor Force\Workspaces\EMWS2\Stat\EMTRAIN.out" encoding="UTF-8" NOBOM;
MPRINT(EM_DIAGRAM):   proc printto print=O0563WIT new;
MPRINT(EM_DIAGRAM):   run;
MPRINT(EM_DIAGRAM):    filename _LOG "C:\Users\student\Desktop\AA490\Project\AA490_Project\Modeling\Labor Force\Workspaces\EMWS2\Stat\EMLOG.log" encoding="UTF-8" NOBOM;
MPRINT(EM_DIAGRAM):    data _null_;
MPRINT(EM_DIAGRAM):   call symput('NLDATE', strip(put(date(), NLDATE.)));
MPRINT(EM_DIAGRAM):   call symput('NLTIME', strip(put(datetime(), NLTIME.)));
MPRINT(EM_DIAGRAM):   run;
MPRINT(EM_DIAGRAM):   data _null_;
MPRINT(EM_DIAGRAM):   nldate= sasmsg("sashelp.dmine", "log_date_note", 'N', "November 14, 2019" );
MPRINT(EM_DIAGRAM):   nltime= sasmsg("sashelp.dmine", "log_time_note", 'N', "15:53:30" );
MPRINT(EM_DIAGRAM):   file _LOG;
MPRINT(EM_DIAGRAM):   put "*------------------------------------------------------------*";
MPRINT(EM_DIAGRAM):   put "User:                student";
MPRINT(EM_DIAGRAM):   put nldate;
MPRINT(EM_DIAGRAM):   put nltime;
MPRINT(EM_DIAGRAM):   put "Site:                70082322";
MPRINT(EM_DIAGRAM):   put "Platform:            X64_10PRO";
MPRINT(EM_DIAGRAM):   put "Maintenance Release: 9.04.01M4P110916";
MPRINT(EM_DIAGRAM):   put "EM Version:          14.2";
MPRINT(EM_DIAGRAM):   put "* ";
MPRINT(EM_DIAGRAM):   run;
MPRINT(EM_DIAGRAM):    filename _LOGIN "C:\Users\student\Desktop\AA490\Project\AA490_Project\Modeling\Labor Force\Workspaces\EMWS2\Stat\EMTRAIN.log" encoding="UTF-8" NOBOM;
MPRINT(EM_COPYFILE):   data _null_;
MPRINT(EM_COPYFILE):   length line $20000;
MPRINT(EM_COPYFILE):   file _LOG MOD lrecl=20000;
MPRINT(EM_COPYFILE):   fid=fopen("_LOGIN",'i',20000,'v');
MPRINT(EM_COPYFILE):   if fid > 0 then do;
MPRINT(EM_COPYFILE):   do while(^fread(fid));
MPRINT(EM_COPYFILE):   rlen = frlen(fid);
MPRINT(EM_COPYFILE):   rc= fget(fid,line,20000);
MPRINT(EM_COPYFILE):   start = length(line)-length(left(line))+1;
MPRINT(EM_COPYFILE):   line=strip(line);
MPRINT(EM_COPYFILE):   put @start line;
MPRINT(EM_COPYFILE):   end;
MPRINT(EM_COPYFILE):   if fid > 0 then rc=fclose(fid);
MPRINT(EM_COPYFILE):   end;
MPRINT(EM_COPYFILE):   run;
MPRINT(EM_DIAGRAM):  ;
MPRINT(EM_DIAGRAM):   filename _LOGIN;
MPRINT(EM_DIAGRAM):    data _null_;
MPRINT(EM_DIAGRAM):   file _LOG mod;
MPRINT(EM_DIAGRAM):   put _page_;
MPRINT(EM_DIAGRAM):   run;
MPRINT(EM_DIAGRAM):   filename _LOGIN "C:\Users\student\Desktop\AA490\Project\AA490_Project\Modeling\Labor Force\Workspaces\EMWS2\Stat\EMSCORE.log" encoding="UTF-8" NOBOM;
MPRINT(EM_DIAGRAM):  ;
MPRINT(EM_DIAGRAM):   data _null_;
MPRINT(EM_DIAGRAM):   file _LOG mod;
MPRINT(EM_DIAGRAM):   put _page_;
MPRINT(EM_DIAGRAM):   run;
MPRINT(EM_DIAGRAM):    filename _LOGIN "C:\Users\student\Desktop\AA490\Project\AA490_Project\Modeling\Labor Force\Workspaces\EMWS2\Stat\EMREPORT.log" encoding="UTF-8" NOBOM;
MPRINT(EM_DIAGRAM):  ;
MPRINT(EM_DIAGRAM):   filename _LOGIN;
MPRINT(EM_DIAGRAM):    filename _LOG;
MPRINT(EM_DIAGRAM):    filename _OUT "C:\Users\student\Desktop\AA490\Project\AA490_Project\Modeling\Labor Force\Workspaces\EMWS2\Stat\EMOUTPUT.out" encoding="UTF-8" NOBOM;
MPRINT(EM_DIAGRAM):    data _null_;
MPRINT(EM_DIAGRAM):   call symput('NLDATE', strip(put(date(), NLDATE.)));
MPRINT(EM_DIAGRAM):   call symput('NLTIME', strip(put(datetime(), NLTIME.)));
MPRINT(EM_DIAGRAM):   run;
MPRINT(EM_DIAGRAM):   data _null_;
MPRINT(EM_DIAGRAM):   nldate= sasmsg("sashelp.dmine", "log_date_note", 'N', "November 14, 2019" );
MPRINT(EM_DIAGRAM):   nltime= sasmsg("sashelp.dmine", "log_time_note", 'N', "15:53:30" );
MPRINT(EM_DIAGRAM):   file _OUT;
MPRINT(EM_DIAGRAM):   put "*------------------------------------------------------------*";
MPRINT(EM_DIAGRAM):   put "User:                student";
MPRINT(EM_DIAGRAM):   put nldate;
MPRINT(EM_DIAGRAM):   put nltime;
MPRINT(EM_DIAGRAM):   put "*------------------------------------------------------------*";
MPRINT(EM_DIAGRAM):   put "* Training Output";
MPRINT(EM_DIAGRAM):   put "*------------------------------------------------------------*";
MPRINT(EM_DIAGRAM):   run;
MPRINT(EM_DIAGRAM):    filename _OUTIN "C:\Users\student\Desktop\AA490\Project\AA490_Project\Modeling\Labor Force\Workspaces\EMWS2\Stat\EMTRAIN.out" encoding="UTF-8" NOBOM;
MPRINT(EM_DIAGRAM):   ;
MPRINT(EM_COPYFILE):   data _null_;
MPRINT(EM_COPYFILE):   length line $20000;
MPRINT(EM_COPYFILE):   file _OUT MOD lrecl=20000;
MPRINT(EM_COPYFILE):   fid=fopen("_OUTIN",'i',20000,'v');
MPRINT(EM_COPYFILE):   if fid > 0 then do;
MPRINT(EM_COPYFILE):   do while(^fread(fid));
MPRINT(EM_COPYFILE):   rlen = frlen(fid);
MPRINT(EM_COPYFILE):   rc= fget(fid,line,20000);
MPRINT(EM_COPYFILE):   start = length(line)-length(left(line))+1;
MPRINT(EM_COPYFILE):   line=strip(line);
MPRINT(EM_COPYFILE):   put @start line;
MPRINT(EM_COPYFILE):   end;
MPRINT(EM_COPYFILE):   if fid > 0 then rc=fclose(fid);
MPRINT(EM_COPYFILE):   end;
MPRINT(EM_COPYFILE):   run;
MPRINT(EM_DIAGRAM):  ;
MPRINT(EM_DIAGRAM):   filename _OUTIN;
MPRINT(EM_DIAGRAM):    data _null_;
MPRINT(EM_DIAGRAM):   file _OUT mod;
MPRINT(EM_DIAGRAM):   put _page_;
MPRINT(EM_DIAGRAM):   put // "*------------------------------------------------------------*";
MPRINT(EM_DIAGRAM):   put "* Score Output";
MPRINT(EM_DIAGRAM):   put "*------------------------------------------------------------*";
MPRINT(EM_DIAGRAM):   run;
MPRINT(EM_DIAGRAM):    filename _OUTIN "C:\Users\student\Desktop\AA490\Project\AA490_Project\Modeling\Labor Force\Workspaces\EMWS2\Stat\EMSCORE.out" encoding="UTF-8" NOBOM;
MPRINT(EM_DIAGRAM):  ;
MPRINT(EM_DIAGRAM):   filename _OUTIN;
MPRINT(EM_DIAGRAM):    data _null_;
MPRINT(EM_DIAGRAM):   file _OUT mod;
MPRINT(EM_DIAGRAM):   put _page_;
MPRINT(EM_DIAGRAM):   put // "*------------------------------------------------------------*";
MPRINT(EM_DIAGRAM):   put "* Report Output";
MPRINT(EM_DIAGRAM):   put "*------------------------------------------------------------*";
MPRINT(EM_DIAGRAM):   run;
MPRINT(EM_DIAGRAM):    filename _OUTIN "C:\Users\student\Desktop\AA490\Project\AA490_Project\Modeling\Labor Force\Workspaces\EMWS2\Stat\EMREPORT.out" encoding="UTF-8" NOBOM;
MPRINT(EM_DIAGRAM):  ;
MPRINT(EM_DIAGRAM):   filename _OUTIN;
MPRINT(EM_DIAGRAM):    filename _OUT;
MPRINT(EM_DIAGRAM):    filename _emtool_ 'C:\Users\student\Desktop\AA490\Project\AA490_Project\Modeling\Labor Force\Workspaces\EMWS2\Stat\EMRUNSTATUS.xml' encoding="UTF-8" NOBOM;
MPRINT(EM_DIAGRAM):    filename _emtool_ 'C:\Users\student\Desktop\AA490\Project\AA490_Project\Modeling\Labor Force\Workspaces\EMWS2\Stat\EMRUNSTATUS.xml' encoding="UTF-8" NOBOM;
18233      proc freq data=EMWS2.Stat_VariableSet noprint;
MPRINT(EM_DIAGRAM):    proc freq data=EMWS2.Stat_VariableSet noprint;
18234      table ROLE*LEVEL/out=WORK.StatMETA;
MPRINT(EM_DIAGRAM):   table ROLE*LEVEL/out=WORK.StatMETA;
18235      run;
MPRINT(EM_DIAGRAM):   run;

NOTE: There were 4 observations read from the data set EMWS2.STAT_VARIABLESET.
NOTE: The data set WORK.STATMETA has 2 observations and 4 variables.
NOTE: PROCEDURE FREQ used (Total process time):
      real time           0.02 seconds
      cpu time            0.01 seconds
      

18236      proc print data=WORK.StatMETA label noobs;
MPRINT(EM_DIAGRAM):   proc print data=WORK.StatMETA label noobs;
18237      var ROLE LEVEL COUNT;
MPRINT(EM_DIAGRAM):   var ROLE LEVEL COUNT;
18238      label ROLE = "%sysfunc(sasmsg(sashelp.dmine, meta_role_vlabel, NOQUOTE))" LEVEL = "%sysfunc(sasmsg(sashelp.dmine, meta_level_vlabel, NOQUOTE))" COUNT = "%sysfunc(sasmsg(sashelp.dmine, rpt_count_vlabel, NOQUOTE))";
MPRINT(EM_DIAGRAM):   label ROLE = "Role" LEVEL = "Measurement Level" COUNT = "Frequency Count";
18239      title9 ' ';
MPRINT(EM_DIAGRAM):   title9 ' ';
18240      title10 "%sysfunc(sasmsg(sashelp.dmine, rpt_varSummary_title  , NOQUOTE))";
MPRINT(EM_DIAGRAM):   title10 "Variable Summary";
MPRINT(EM_DIAGRAM):   run;
18241      run;

NOTE: There were 2 observations read from the data set WORK.STATMETA.
NOTE: The PROCEDURE PRINT printed page 1.
NOTE: PROCEDURE PRINT used (Total process time):
      real time           0.01 seconds
      cpu time            0.01 seconds
      

18242      title10;
MPRINT(EM_DIAGRAM):   title10;
18243      data WORK.M2IMO8T0;
MPRINT(EM_DIAGRAM):    data WORK.M2IMO8T0;
18244      set WORK.M2IMO8T0;
MPRINT(EM_DIAGRAM):   set WORK.M2IMO8T0;
18245      where((role in('TARGET' 'FREQ' 'INPUT') and use in('D','Y')) or (role = 'REJECTED' and use = 'Y'));
MPRINT(EM_DIAGRAM):   where((role in('TARGET' 'FREQ' 'INPUT') and use in('D','Y')) or (role = 'REJECTED' and use = 'Y'));
18246      if ROLE = 'REJECTED' then role = 'INPUT';
MPRINT(EM_DIAGRAM):   if ROLE = 'REJECTED' then role = 'INPUT';
18247      run;
MPRINT(EM_DIAGRAM):   run;

NOTE: There were 4 observations read from the data set WORK.M2IMO8T0.
      WHERE (role in ('FREQ', 'INPUT', 'TARGET') and use in ('D', 'Y')) or ((role='REJECTED') and (use='Y'));
NOTE: The data set WORK.M2IMO8T0 has 4 observations and 21 variables.
NOTE: DATA statement used (Total process time):
      real time           0.00 seconds
      cpu time            0.00 seconds
      

18248      *------------------------------------------------------------*;
MPRINT(EM_DIAGRAM):    *------------------------------------------------------------*;
18249      * Stat: Determining Analysis Variables;
MPRINT(EM_DIAGRAM):   * Stat: Determining Analysis Variables;
18250      *------------------------------------------------------------*;
MPRINT(EM_DIAGRAM):   *------------------------------------------------------------*;
18251      *------------------------------------------------------------* ;
MPRINT(EM_DIAGRAM):   *------------------------------------------------------------* ;
18252      * Stat: DMDBClass Macro ;
MPRINT(EM_DIAGRAM):   * Stat: DMDBClass Macro ;
18253      *------------------------------------------------------------* ;
MPRINT(EM_DIAGRAM):   *------------------------------------------------------------* ;
18254      %macro DMDBClass;
18255          Age_group(ASC) Gender(ASC) Year(ASC)
18256      %mend DMDBClass;
18257      *------------------------------------------------------------* ;
MPRINT(EM_DIAGRAM):   *------------------------------------------------------------* ;
18258      * Stat: DMDBVar Macro ;
MPRINT(EM_DIAGRAM):   * Stat: DMDBVar Macro ;
18259      *------------------------------------------------------------* ;
MPRINT(EM_DIAGRAM):   *------------------------------------------------------------* ;
18260      %macro DMDBVar;
18261          Population_in_thousands
18262      %mend DMDBVar;
18263      *------------------------------------------------------------*;
MPRINT(EM_DIAGRAM):   *------------------------------------------------------------*;
18264      * Stat: Create DMDB;
MPRINT(EM_DIAGRAM):   * Stat: Create DMDB;
18265      *------------------------------------------------------------*;
MPRINT(EM_DIAGRAM):   *------------------------------------------------------------*;
18266      proc dmdb batch data=EMWS2.Ids_DATA
18267      dmdbcat=WORK.Stat_DMDB
18268      classout=WORK.StatDMDBClass
18269      varout=WORK.StatDMDBVar
18270      maxlevel = 513
18271      ;
MPRINT(EM_DIAGRAM):   proc dmdb batch data=EMWS2.Ids_DATA dmdbcat=WORK.Stat_DMDB classout=WORK.StatDMDBClass varout=WORK.StatDMDBVar maxlevel = 513 ;
MPRINT(EM_DIAGRAM):   class
18272      class %DMDBClass;
MPRINT(DMDBCLASS):   Age_group(ASC) Gender(ASC) Year(ASC)
MPRINT(EM_DIAGRAM):  ;
MPRINT(EM_DIAGRAM):   var
18273      var %DMDBVar;
MPRINT(DMDBVAR):   Population_in_thousands
MPRINT(EM_DIAGRAM):  ;
18274      run;
MPRINT(EM_DIAGRAM):   run;

NOTE: Records processed = 300   Memory used = 511K.
NOTE: View EMWS2.IDS_DATA.VIEW used (Total process time):
      real time           0.04 seconds
      cpu time            0.03 seconds
      
NOTE: There were 300 observations read from the data set SASUSER.LABOR_HISTORIC_FINAL_VARC.
NOTE: There were 300 observations read from the data set EMWS2.IDS_DATA.
NOTE: The data set WORK.STATDMDBCLASS has 32 observations and 9 variables.
NOTE: The data set WORK.STATDMDBVAR has 1 observations and 9 variables.
NOTE: PROCEDURE DMDB used (Total process time):
      real time           0.05 seconds
      cpu time            0.06 seconds
      

MPRINT(EM_DIAGRAM):   quit;
MPRINT(EM_DIAGRAM):   *--- end code ---*;
18275      quit;
18276      *--- end code ---*;

18277      data WORK.StatDMDBVar;
MPRINT(EM_DIAGRAM):    data WORK.StatDMDBVar;
18278      set WORK.StatDMDBVar(keep=Name Mean Std);
MPRINT(EM_DIAGRAM):   set WORK.StatDMDBVar(keep=Name Mean Std);
18279      CV = Std/Mean;
MPRINT(EM_DIAGRAM):   CV = Std/Mean;
18280      Keep NAME CV;
MPRINT(EM_DIAGRAM):   Keep NAME CV;
18281      run;
MPRINT(EM_DIAGRAM):   run;

NOTE: There were 1 observations read from the data set WORK.STATDMDBVAR.
NOTE: The data set WORK.STATDMDBVAR has 1 observations and 2 variables.
NOTE: DATA statement used (Total process time):
      real time           0.00 seconds
      cpu time            0.00 seconds
      

18282      proc append base=EMWS2.Stat_WORTH data=WORK.StatDMDBVar force;
MPRINT(EM_DIAGRAM):   proc append base=EMWS2.Stat_WORTH data=WORK.StatDMDBVar force;
18283      run;
MPRINT(EM_DIAGRAM):   run;

NOTE: Appending WORK.STATDMDBVAR to EMWS2.STAT_WORTH.
NOTE: BASE data set does not exist. DATA file is being copied to BASE file.
NOTE: There were 1 observations read from the data set WORK.STATDMDBVAR.
NOTE: The data set EMWS2.STAT_WORTH has 1 observations and 2 variables.
NOTE: PROCEDURE APPEND used (Total process time):
      real time           0.00 seconds
      cpu time            0.01 seconds
      

18284      proc sort data=WORK.StatDMDBClass;
MPRINT(EM_DIAGRAM):    proc sort data=WORK.StatDMDBClass;
18285      by NAME;
MPRINT(EM_DIAGRAM):   by NAME;
18286      run;
MPRINT(EM_DIAGRAM):   run;

NOTE: There were 32 observations read from the data set WORK.STATDMDBCLASS.
NOTE: The data set WORK.STATDMDBCLASS has 32 observations and 9 variables.
NOTE: PROCEDURE SORT used (Total process time):
      real time           0.00 seconds
      cpu time            0.00 seconds
      

18287      proc stdize data=WORK.StatDMDBClass out=_null_ outstat=WORK.StatDMDBClass(RENAME=(FREQUENCY=STAT));
MPRINT(EM_DIAGRAM):   proc stdize data=WORK.StatDMDBClass out=_null_ outstat=WORK.StatDMDBClass(RENAME=(FREQUENCY=STAT));
18288      by NAME;
MPRINT(EM_DIAGRAM):   by NAME;
18289      var FREQUENCY;
MPRINT(EM_DIAGRAM):   var FREQUENCY;
18290      run;
MPRINT(EM_DIAGRAM):   run;

WARNING: The scale estimator for variable FREQUENCY is less than or equal to 0. Variable FREQUENCY will not be standardized and a missing value is assigned to its scale estimator.
NOTE: The above message was for the following BY group:
      NAME=Gender
NOTE: There were 32 observations read from the data set WORK.STATDMDBCLASS.
NOTE: The data set WORK.STATDMDBCLASS has 24 observations and 3 variables.
NOTE: PROCEDURE STDIZE used (Total process time):
      real time           0.01 seconds
      cpu time            0.01 seconds
      

18291      data WORK.StatDMDBClass;
MPRINT(EM_DIAGRAM):   data WORK.StatDMDBClass;
18292      retain mean;
MPRINT(EM_DIAGRAM):   retain mean;
18293      set WORK.StatDMDBClass;
MPRINT(EM_DIAGRAM):   set WORK.StatDMDBClass;
18294      where _TYPE_ in('LOCATION','SCALE');
MPRINT(EM_DIAGRAM):   where _TYPE_ in('LOCATION','SCALE');
18295      if _TYPE_='LOCATION' then mean=STAT;
MPRINT(EM_DIAGRAM):   if _TYPE_='LOCATION' then mean=STAT;
18296      else do;
MPRINT(EM_DIAGRAM):   else do;
18297      if MEAN ne 0 then CV=STAT/abs(MEAN);
MPRINT(EM_DIAGRAM):   if MEAN ne 0 then CV=STAT/abs(MEAN);
18298      else CV=STAT;
MPRINT(EM_DIAGRAM):   else CV=STAT;
18299      output;
MPRINT(EM_DIAGRAM):   output;
18300      end;
MPRINT(EM_DIAGRAM):   end;
18301      keep NAME CV;
MPRINT(EM_DIAGRAM):   keep NAME CV;
18302      run;
MPRINT(EM_DIAGRAM):   run;

NOTE: Missing values were generated as a result of performing an operation on missing values.
      Each place is given by: (Number of times) at (Line):(Column).
      1 at 18297:26   
NOTE: There were 6 observations read from the data set WORK.STATDMDBCLASS.
      WHERE _TYPE_ in ('LOCATION', 'SCALE');
NOTE: The data set WORK.STATDMDBCLASS has 3 observations and 2 variables.
NOTE: DATA statement used (Total process time):
      real time           0.00 seconds
      cpu time            0.00 seconds
      

18303      proc append base=EMWS2.Stat_WORTH data=WORK.StatDMDBClass force;
MPRINT(EM_DIAGRAM):   proc append base=EMWS2.Stat_WORTH data=WORK.StatDMDBClass force;
18304      run;
MPRINT(EM_DIAGRAM):   run;

NOTE: Appending WORK.STATDMDBCLASS to EMWS2.STAT_WORTH.
NOTE: There were 3 observations read from the data set WORK.STATDMDBCLASS.
NOTE: 3 observations added.
NOTE: The data set EMWS2.STAT_WORTH has 4 observations and 2 variables.
NOTE: PROCEDURE APPEND used (Total process time):
      real time           0.00 seconds
      cpu time            0.00 seconds
      

18305      proc sort data=EMWS2.Stat_WORTH;
MPRINT(EM_DIAGRAM):    proc sort data=EMWS2.Stat_WORTH;
18306      by descending CV;
MPRINT(EM_DIAGRAM):   by descending CV;
18307      run;
MPRINT(EM_DIAGRAM):   run;

NOTE: There were 4 observations read from the data set EMWS2.STAT_WORTH.
NOTE: The data set EMWS2.STAT_WORTH has 4 observations and 2 variables.
NOTE: PROCEDURE SORT used (Total process time):
      real time           0.00 seconds
      cpu time            0.00 seconds
      

18308      data EMWS2.Stat_WORTH;
MPRINT(EM_DIAGRAM):   data EMWS2.Stat_WORTH;
18309      format STATVAR 6.0;
MPRINT(EM_DIAGRAM):   format STATVAR 6.0;
18310      set EMWS2.Stat_WORTH;
MPRINT(EM_DIAGRAM):   set EMWS2.Stat_WORTH;
18311      if _N_<= 1000 then STATVAR=1;
MPRINT(EM_DIAGRAM):   if _N_<= 1000 then STATVAR=1;
18312      else STATVAR=0;
MPRINT(EM_DIAGRAM):   else STATVAR=0;
18313      run;
MPRINT(EM_DIAGRAM):   run;

NOTE: There were 4 observations read from the data set EMWS2.STAT_WORTH.
NOTE: The data set EMWS2.STAT_WORTH has 4 observations and 3 variables.
NOTE: DATA statement used (Total process time):
      real time           0.00 seconds
      cpu time            0.01 seconds
      

18314      proc sort data=EMWS2.Stat_WORTH nodupkey out=WORK.Stat_SELVAR(keep=Name StatVar);
MPRINT(EM_DIAGRAM):    proc sort data=EMWS2.Stat_WORTH nodupkey out=WORK.Stat_SELVAR(keep=Name StatVar);
18315      by NAME;
MPRINT(EM_DIAGRAM):   by NAME;
18316      where statvar=1;
MPRINT(EM_DIAGRAM):   where statvar=1;
18317      run;
MPRINT(EM_DIAGRAM):   run;

NOTE: There were 4 observations read from the data set EMWS2.STAT_WORTH.
      WHERE statvar=1;
NOTE: 0 observations with duplicate key values were deleted.
NOTE: The data set WORK.STAT_SELVAR has 4 observations and 2 variables.
NOTE: PROCEDURE SORT used (Total process time):
      real time           0.00 seconds
      cpu time            0.00 seconds
      

18318      proc sort data=WORK.M1PSTAWR;
MPRINT(EM_DIAGRAM):    proc sort data=WORK.M1PSTAWR;
18319      by name;
MPRINT(EM_DIAGRAM):   by name;
18320      run;
MPRINT(EM_DIAGRAM):   run;

NOTE: There were 4 observations read from the data set WORK.M1PSTAWR.
NOTE: The data set WORK.M1PSTAWR has 4 observations and 21 variables.
NOTE: PROCEDURE SORT used (Total process time):
      real time           0.00 seconds
      cpu time            0.00 seconds
      

18321      data WORK.Stat_analysisMeta;
MPRINT(EM_DIAGRAM):   data WORK.Stat_analysisMeta;
18322      merge WORK.M1PSTAWR WORK.Stat_SELVAR(in=_a);
MPRINT(EM_DIAGRAM):   merge WORK.M1PSTAWR WORK.Stat_SELVAR(in=_a);
18323      by name;
MPRINT(EM_DIAGRAM):   by name;
18324      if _a then STATVAR = 1;
MPRINT(EM_DIAGRAM):   if _a then STATVAR = 1;
18325      else if ROLE in('INPUT', 'REJECTED') and REPORT ne 'Y' then delete;
MPRINT(EM_DIAGRAM):   else if ROLE in('INPUT', 'REJECTED') and REPORT ne 'Y' then delete;
18326      if REPORT eq 'Y' then STATVAR = 1;
MPRINT(EM_DIAGRAM):   if REPORT eq 'Y' then STATVAR = 1;
18327      run;
MPRINT(EM_DIAGRAM):   run;

NOTE: There were 4 observations read from the data set WORK.M1PSTAWR.
NOTE: There were 4 observations read from the data set WORK.STAT_SELVAR.
NOTE: The data set WORK.STAT_ANALYSISMETA has 4 observations and 22 variables.
NOTE: DATA statement used (Total process time):
      real time           0.00 seconds
      cpu time            0.00 seconds
      

18328      data WORK.M3V_SZPI;
MPRINT(EM_DIAGRAM):    data WORK.M3V_SZPI;
18329      set WORK.M3V_SZPI;
MPRINT(EM_DIAGRAM):   set WORK.M3V_SZPI;
18330      where(use = 'Y' or Report='Y' or (role in('TARGET' 'FREQ' 'PREDICT' 'RESIDUAL' 'INPUT') and use = 'D'));
MPRINT(EM_DIAGRAM):   where(use = 'Y' or Report='Y' or (role in('TARGET' 'FREQ' 'PREDICT' 'RESIDUAL' 'INPUT') and use = 'D'));
18331      if ROLE = 'SEGMENT' then delete;
MPRINT(EM_DIAGRAM):   if ROLE = 'SEGMENT' then delete;
18332      else if ROLE ^in('FREQ','TARGET') then role = 'INPUT';
MPRINT(EM_DIAGRAM):   else if ROLE ^in('FREQ','TARGET') then role = 'INPUT';
18333      run;
MPRINT(EM_DIAGRAM):   run;

NOTE: There were 4 observations read from the data set WORK.M3V_SZPI.
      WHERE (use='Y') or (Report='Y') or (role in ('FREQ', 'INPUT', 'PREDICT', 'RESIDUAL', 'TARGET') and (use='D'));
NOTE: The data set WORK.M3V_SZPI has 4 observations and 22 variables.
NOTE: DATA statement used (Total process time):
      real time           0.00 seconds
      cpu time            0.01 seconds
      

18334      data WORK.M2XJB7CW;
MPRINT(EM_DIAGRAM):    data WORK.M2XJB7CW;
18335      set WORK.M2XJB7CW;
MPRINT(EM_DIAGRAM):   set WORK.M2XJB7CW;
18336      where(use = 'Y' or Report='Y' or (role in('SEGMENT', 'TARGET' 'FREQ' 'PREDICT' 'RESIDUAL' 'INPUT') and use = 'D'));
MPRINT(EM_DIAGRAM):   where(use = 'Y' or Report='Y' or (role in('SEGMENT', 'TARGET' 'FREQ' 'PREDICT' 'RESIDUAL' 'INPUT') and use = 'D'));
18337      if ROLE ne 'FREQ' then role = 'INPUT';
MPRINT(EM_DIAGRAM):   if ROLE ne 'FREQ' then role = 'INPUT';
18338      run;
MPRINT(EM_DIAGRAM):   run;

NOTE: There were 4 observations read from the data set WORK.M2XJB7CW.
      WHERE (use='Y') or (Report='Y') or (role in ('FREQ', 'INPUT', 'PREDICT', 'RESIDUAL', 'SEGMENT', 'TARGET') and (use='D'));
NOTE: The data set WORK.M2XJB7CW has 4 observations and 22 variables.
NOTE: DATA statement used (Total process time):
      real time           0.00 seconds
      cpu time            0.00 seconds
      

18339      *------------------------------------------------------------*;
MPRINT(EM_DIAGRAM):    *------------------------------------------------------------*;
18340      * Stat: Computing Statistics for Interval Variables;
MPRINT(EM_DIAGRAM):   * Stat: Computing Statistics for Interval Variables;
18341      *------------------------------------------------------------*;
MPRINT(EM_DIAGRAM):   *------------------------------------------------------------*;
18342      proc dmdb data=EMWS2.Ids_DATA nonorm maxlevel=513
18343      varout=work._DMDBVAR(RENAME=(NAME=VARIABLE))
18344      classout=WORK.StatCLASS(drop=NMISSPERCENT rename=(NAME=VARIABLE FREQUENCY=COUNT FREQPERCENT=PERCENT))
18345      ;
MPRINT(EM_DIAGRAM):   proc dmdb data=EMWS2.Ids_DATA nonorm maxlevel=513 varout=work._DMDBVAR(RENAME=(NAME=VARIABLE)) classout=WORK.StatCLASS(drop=NMISSPERCENT rename=(NAME=VARIABLE FREQUENCY=COUNT FREQPERCENT=PERCENT)) ;
18346      var
18347      Population_in_thousands
18348      ;
MPRINT(EM_DIAGRAM):   var Population_in_thousands ;
18349      class
18350      Age_group Gender Year
18351      ;
MPRINT(EM_DIAGRAM):   class Age_group Gender Year ;
18352      ;
MPRINT(EM_DIAGRAM):   ;
18353      run;
MPRINT(EM_DIAGRAM):   run;

NOTE: Records processed = 300   Memory used = 511K.
NOTE: View EMWS2.IDS_DATA.VIEW used (Total process time):
      real time           0.02 seconds
      cpu time            0.03 seconds
      
NOTE: There were 300 observations read from the data set SASUSER.LABOR_HISTORIC_FINAL_VARC.
NOTE: There were 300 observations read from the data set EMWS2.IDS_DATA.
NOTE: The data set WORK._DMDBVAR has 1 observations and 9 variables.
NOTE: The data set WORK.STATCLASS has 32 observations and 8 variables.
NOTE: PROCEDURE DMDB used (Total process time):
      real time           0.03 seconds
      cpu time            0.03 seconds
      

18354      proc stdize data = EMWS2.Ids_DATA out=_null_ outstat=work._STDIZE add=0 fuzz=1E-14 initial=MAD vardef=df method=STD mult=1 pctlmtd=ORD_STAT pctldef=2 pctlpts=(0 5 50 95 100);
MPRINT(EM_DIAGRAM):   proc stdize data = EMWS2.Ids_DATA out=_null_ outstat=work._STDIZE add=0 fuzz=1E-14 initial=MAD vardef=df method=STD mult=1 pctlmtd=ORD_STAT pctldef=2 pctlpts=(0 5 50 95 100);
18355      var
18356      Population_in_thousands
18357      ;
MPRINT(EM_DIAGRAM):   var Population_in_thousands ;
18358      run;
MPRINT(EM_DIAGRAM):   run;

NOTE: INITIAL= will be ignored.
NOTE: View EMWS2.IDS_DATA.VIEW used (Total process time):
      real time           0.06 seconds
      cpu time            0.06 seconds
      
NOTE: There were 300 observations read from the data set SASUSER.LABOR_HISTORIC_FINAL_VARC.
NOTE: There were 300 observations read from the data set EMWS2.IDS_DATA.
NOTE: The data set WORK._STDIZE has 13 observations and 2 variables.
NOTE: PROCEDURE STDIZE used (Total process time):
      real time           0.07 seconds
      cpu time            0.06 seconds
      

18359      proc transpose data=work._STDIZE out=work._TRANSSTDIZE(drop=_LABEL_ rename=(_NAME_=VARIABLE));
MPRINT(EM_DIAGRAM):   proc transpose data=work._STDIZE out=work._TRANSSTDIZE(drop=_LABEL_ rename=(_NAME_=VARIABLE));
18360      id _type_;
MPRINT(EM_DIAGRAM):   id _type_;
18361      where _TYPE_='P50';
MPRINT(EM_DIAGRAM):   where _TYPE_='P50';
18362      run;
MPRINT(EM_DIAGRAM):   run;

WARNING: The variable _LABEL_ in the DROP, KEEP, or RENAME list has never been referenced.
NOTE: There were 1 observations read from the data set WORK._STDIZE.
      WHERE _TYPE_='P50';
NOTE: The data set WORK._TRANSSTDIZE has 1 observations and 2 variables.
NOTE: PROCEDURE TRANSPOSE used (Total process time):
      real time           0.01 seconds
      cpu time            0.00 seconds
      

18363      proc sort data=work._TRANSSTDIZE;
MPRINT(EM_DIAGRAM):   proc sort data=work._TRANSSTDIZE;
18364      by VARIABLE;
MPRINT(EM_DIAGRAM):   by VARIABLE;
18365      run;
MPRINT(EM_DIAGRAM):   run;

NOTE: There were 1 observations read from the data set WORK._TRANSSTDIZE.
NOTE: The data set WORK._TRANSSTDIZE has 1 observations and 2 variables.
NOTE: PROCEDURE SORT used (Total process time):
      real time           0.00 seconds
      cpu time            0.01 seconds
      

18366      proc sort data=work._DMDBVAR;
MPRINT(EM_DIAGRAM):   proc sort data=work._DMDBVAR;
18367      by VARIABLE;
MPRINT(EM_DIAGRAM):   by VARIABLE;
18368      run;
MPRINT(EM_DIAGRAM):   run;

NOTE: There were 1 observations read from the data set WORK._DMDBVAR.
NOTE: The data set WORK._DMDBVAR has 1 observations and 9 variables.
NOTE: PROCEDURE SORT used (Total process time):
      real time           0.00 seconds
      cpu time            0.00 seconds
      

18369      data WORK.StatINTERVAL;
MPRINT(EM_DIAGRAM):   data WORK.StatINTERVAL;
18370      merge work._TRANSSTDIZE work._DMDBVAR;
MPRINT(EM_DIAGRAM):   merge work._TRANSSTDIZE work._DMDBVAR;
18371      format N NMISS 8. MIN MAX P50 MEAN STD SKEWNESS KURTOSIS BEST8.3;
MPRINT(EM_DIAGRAM):   format N NMISS 8. MIN MAX P50 MEAN STD SKEWNESS KURTOSIS BEST8.3;
18372      by VARIABLE;
MPRINT(EM_DIAGRAM):   by VARIABLE;
18373      run;
MPRINT(EM_DIAGRAM):   run;

WARNING: Multiple lengths were specified for the BY variable VARIABLE by input data sets. This might cause unexpected results.
NOTE: There were 1 observations read from the data set WORK._TRANSSTDIZE.
NOTE: There were 1 observations read from the data set WORK._DMDBVAR.
NOTE: The data set WORK.STATINTERVAL has 1 observations and 10 variables.
NOTE: DATA statement used (Total process time):
      real time           0.00 seconds
      cpu time            0.01 seconds
      

18374      proc sort data=WORK.StatCLASS;
MPRINT(EM_DIAGRAM):    proc sort data=WORK.StatCLASS;
18375      by Variable Level;
MPRINT(EM_DIAGRAM):   by Variable Level;
18376      run;
MPRINT(EM_DIAGRAM):   run;

NOTE: There were 32 observations read from the data set WORK.STATCLASS.
NOTE: The data set WORK.STATCLASS has 32 observations and 8 variables.
NOTE: PROCEDURE SORT used (Total process time):
      real time           0.00 seconds
      cpu time            0.00 seconds
      

NOTE: There were 13 observations read from the data set WORK._STDIZE.
NOTE: The data set EMWS2.STAT_TRAINPCTLS has 13 observations and 2 variables.
18377      data colorindex;
MPRINT(EM_DIAGRAM):    data colorindex;
18378      retain LevelIndex 0;
MPRINT(EM_DIAGRAM):   retain LevelIndex 0;
18379      set WORK.StatCLASS(keep=Variable Level);
MPRINT(EM_DIAGRAM):   set WORK.StatCLASS(keep=Variable Level);
18380      by variable level;
MPRINT(EM_DIAGRAM):   by variable level;
18381      if first.variable then LevelIndex = 0;
MPRINT(EM_DIAGRAM):   if first.variable then LevelIndex = 0;
18382      if first.level then LevelIndex + 1;
MPRINT(EM_DIAGRAM):   if first.level then LevelIndex + 1;
18383      run;
MPRINT(EM_DIAGRAM):   run;

NOTE: There were 32 observations read from the data set WORK.STATCLASS.
NOTE: The data set WORK.COLORINDEX has 32 observations and 3 variables.
NOTE: DATA statement used (Total process time):
      real time           0.00 seconds
      cpu time            0.00 seconds
      

18384      data WORK.StatCLASS;
MPRINT(EM_DIAGRAM):    data WORK.StatCLASS;
18385      merge WORK.StatCLASS(in=_a) colorindex;
MPRINT(EM_DIAGRAM):   merge WORK.StatCLASS(in=_a) colorindex;
18386      by variable level;
MPRINT(EM_DIAGRAM):   by variable level;
18387      if _a then output;
MPRINT(EM_DIAGRAM):   if _a then output;
18388      run;
MPRINT(EM_DIAGRAM):   run;

NOTE: There were 32 observations read from the data set WORK.STATCLASS.
NOTE: There were 32 observations read from the data set WORK.COLORINDEX.
NOTE: The data set WORK.STATCLASS has 32 observations and 9 variables.
NOTE: DATA statement used (Total process time):
      real time           0.00 seconds
      cpu time            0.01 seconds
      

18389      data WORK.StatINTERVAL;
MPRINT(EM_DIAGRAM):    data WORK.StatINTERVAL;
18390      length DATAROLE $20;
MPRINT(EM_DIAGRAM):   length DATAROLE $20;
18391      retain DATAROLE "TRAIN";
MPRINT(EM_DIAGRAM):   retain DATAROLE "TRAIN";
18392      set WORK.StatINTERVAL;
MPRINT(EM_DIAGRAM):   set WORK.StatINTERVAL;
18393      run;
MPRINT(EM_DIAGRAM):   run;

NOTE: There were 1 observations read from the data set WORK.STATINTERVAL.
NOTE: The data set WORK.STATINTERVAL has 1 observations and 11 variables.
NOTE: DATA statement used (Total process time):
      real time           0.00 seconds
      cpu time            0.01 seconds
      

18394      proc append base=EMWS2.Stat_INTERVAL data=WORK.StatINTERVAL force;
MPRINT(EM_DIAGRAM):   proc append base=EMWS2.Stat_INTERVAL data=WORK.StatINTERVAL force;
18395      run;
MPRINT(EM_DIAGRAM):   run;

NOTE: Appending WORK.STATINTERVAL to EMWS2.STAT_INTERVAL.
NOTE: BASE data set does not exist. DATA file is being copied to BASE file.
NOTE: There were 1 observations read from the data set WORK.STATINTERVAL.
NOTE: The data set EMWS2.STAT_INTERVAL has 1 observations and 11 variables.
NOTE: PROCEDURE APPEND used (Total process time):
      real time           0.00 seconds
      cpu time            0.00 seconds
      

18396      data WORK.StatCLASS;
MPRINT(EM_DIAGRAM):    data WORK.StatCLASS;
18397      length DATAROLE $20;
MPRINT(EM_DIAGRAM):   length DATAROLE $20;
18398      retain DATAROLE "TRAIN";
MPRINT(EM_DIAGRAM):   retain DATAROLE "TRAIN";
18399      set WORK.StatCLASS;
MPRINT(EM_DIAGRAM):   set WORK.StatCLASS;
18400      run;
MPRINT(EM_DIAGRAM):   run;

NOTE: There were 32 observations read from the data set WORK.STATCLASS.
NOTE: The data set WORK.STATCLASS has 32 observations and 10 variables.
NOTE: DATA statement used (Total process time):
      real time           0.00 seconds
      cpu time            0.00 seconds
      

18401      proc append base=EMWS2.Stat_CLASS data=WORK.StatCLASS force;
MPRINT(EM_DIAGRAM):   proc append base=EMWS2.Stat_CLASS data=WORK.StatCLASS force;
18402      run;
MPRINT(EM_DIAGRAM):   run;

NOTE: Appending WORK.STATCLASS to EMWS2.STAT_CLASS.
NOTE: BASE data set does not exist. DATA file is being copied to BASE file.
NOTE: There were 32 observations read from the data set WORK.STATCLASS.
NOTE: The data set EMWS2.STAT_CLASS has 32 observations and 10 variables.
NOTE: PROCEDURE APPEND used (Total process time):
      real time           0.00 seconds
      cpu time            0.00 seconds
      

18403      proc sort data=EMWS2.Stat_VariableSet out=tempVariable(keep=name label role rename=(name=variable));
MPRINT(EM_DIAGRAM):    proc sort data=EMWS2.Stat_VariableSet out=tempVariable(keep=name label role rename=(name=variable));
18404      by name;
MPRINT(EM_DIAGRAM):   by name;
18405      run;
MPRINT(EM_DIAGRAM):   run;

NOTE: There were 4 observations read from the data set EMWS2.STAT_VARIABLESET.
NOTE: The data set WORK.TEMPVARIABLE has 4 observations and 3 variables.
NOTE: PROCEDURE SORT used (Total process time):
      real time           0.00 seconds
      cpu time            0.00 seconds
      

18406      proc sort data=EMWS2.Stat_CLASS;
MPRINT(EM_DIAGRAM):   proc sort data=EMWS2.Stat_CLASS;
18407      by Variable;
MPRINT(EM_DIAGRAM):   by Variable;
18408      run;
MPRINT(EM_DIAGRAM):   run;

NOTE: There were 32 observations read from the data set EMWS2.STAT_CLASS.
NOTE: The data set EMWS2.STAT_CLASS has 32 observations and 10 variables.
NOTE: PROCEDURE SORT used (Total process time):
      real time           0.00 seconds
      cpu time            0.00 seconds
      

18409      data EMWS2.Stat_CLASS;
MPRINT(EM_DIAGRAM):   data EMWS2.Stat_CLASS;
18410      merge EMWS2.Stat_CLASS(in=_a) tempVariable;
MPRINT(EM_DIAGRAM):   merge EMWS2.Stat_CLASS(in=_a) tempVariable;
18411      by variable;
MPRINT(EM_DIAGRAM):   by variable;
18412      if label = '' then label=Variable;
MPRINT(EM_DIAGRAM):   if label = '' then label=Variable;
18413      if _a then output;
MPRINT(EM_DIAGRAM):   if _a then output;
18414      run;
MPRINT(EM_DIAGRAM):   run;

WARNING: Multiple lengths were specified for the BY variable VARIABLE by input data sets. This might cause unexpected results.
NOTE: There were 32 observations read from the data set EMWS2.STAT_CLASS.
NOTE: There were 4 observations read from the data set WORK.TEMPVARIABLE.
NOTE: The data set EMWS2.STAT_CLASS has 32 observations and 12 variables.
NOTE: DATA statement used (Total process time):
      real time           0.00 seconds
      cpu time            0.00 seconds
      

18415      run;
MPRINT(EM_DIAGRAM):    run;
18416      proc sort data=EMWS2.Stat_VariableSet out=tempVariable(keep=name label role rename=(name=variable));
MPRINT(EM_DIAGRAM):   proc sort data=EMWS2.Stat_VariableSet out=tempVariable(keep=name label role rename=(name=variable));
18417      by name;
MPRINT(EM_DIAGRAM):   by name;
18418      run;
MPRINT(EM_DIAGRAM):   run;

NOTE: There were 4 observations read from the data set EMWS2.STAT_VARIABLESET.
NOTE: The data set WORK.TEMPVARIABLE has 4 observations and 3 variables.
NOTE: PROCEDURE SORT used (Total process time):
      real time           0.00 seconds
      cpu time            0.00 seconds
      

18419      proc sort data=EMWS2.Stat_INTERVAL;
MPRINT(EM_DIAGRAM):   proc sort data=EMWS2.Stat_INTERVAL;
18420      by Variable;
MPRINT(EM_DIAGRAM):   by Variable;
18421      run;
MPRINT(EM_DIAGRAM):   run;

NOTE: There were 1 observations read from the data set EMWS2.STAT_INTERVAL.
NOTE: The data set EMWS2.STAT_INTERVAL has 1 observations and 11 variables.
NOTE: PROCEDURE SORT used (Total process time):
      real time           0.00 seconds
      cpu time            0.01 seconds
      

18422      data EMWS2.Stat_INTERVAL;
MPRINT(EM_DIAGRAM):   data EMWS2.Stat_INTERVAL;
18423      merge EMWS2.Stat_INTERVAL(in=_a) tempVariable;
MPRINT(EM_DIAGRAM):   merge EMWS2.Stat_INTERVAL(in=_a) tempVariable;
18424      by variable;
MPRINT(EM_DIAGRAM):   by variable;
18425      if label = '' then label=Variable;
MPRINT(EM_DIAGRAM):   if label = '' then label=Variable;
18426      if _a then output;
MPRINT(EM_DIAGRAM):   if _a then output;
18427      run;
MPRINT(EM_DIAGRAM):   run;

WARNING: Multiple lengths were specified for the BY variable VARIABLE by input data sets. This might cause unexpected results.
NOTE: There were 1 observations read from the data set EMWS2.STAT_INTERVAL.
NOTE: There were 4 observations read from the data set WORK.TEMPVARIABLE.
NOTE: The data set EMWS2.STAT_INTERVAL has 1 observations and 13 variables.
NOTE: DATA statement used (Total process time):
      real time           0.00 seconds
      cpu time            0.00 seconds
      

18428      proc datasets library=EMWS2 nolist;
MPRINT(EM_DIAGRAM):   proc datasets library=EMWS2 nolist;
18429      modify Stat_INTERVAL;
MPRINT(EM_DIAGRAM):   modify Stat_INTERVAL;
MPRINT(EM_DIAGRAM):   label DATAROLE = "Data Role";
18430      label DATAROLE = "%sysfunc(sasmsg(sashelp.dmine, rpt_datarole_vlabel, NOQUOTE))";
MPRINT(EM_DIAGRAM):   label Variable = "Variable";
18431      label Variable = "%sysfunc(sasmsg(sashelp.dmine, rpt_variable_vlabel, NOQUOTE))";
MPRINT(EM_DIAGRAM):   label MEAN = "Mean";
18432      label MEAN = "%sysfunc(sasmsg(sashelp.dmine, rpt_mean_vlabel,    NOQUOTE))";
MPRINT(EM_DIAGRAM):   label N = "Non Missing";
18433      label N = "%sysfunc(sasmsg(sashelp.dmine, rpt_nonMiss_vlabel, NOQUOTE))";
MPRINT(EM_DIAGRAM):   label STD = "Standard Deviation";
18434      label STD = "%sysfunc(sasmsg(sashelp.dmine, rpt_std_vlabel,     NOQUOTE))";
MPRINT(EM_DIAGRAM):   label NMISS = "Missing";
18435      label NMISS = "%sysfunc(sasmsg(sashelp.dmine, rpt_missing_vlabel, NOQUOTE))";
MPRINT(EM_DIAGRAM):   label p50 = "Median";
18436      label p50 = "%sysfunc(sasmsg(sashelp.dmine, rpt_median_vlabel, NOQUOTE))";
MPRINT(EM_DIAGRAM):   label MIN = "Minimum";
18437      label MIN = "%sysfunc(sasmsg(sashelp.dmine, rpt_minimum_vlabel, NOQUOTE))";
MPRINT(EM_DIAGRAM):   label MAX = "Maximum";
18438      label MAX = "%sysfunc(sasmsg(sashelp.dmine, rpt_maximum_vlabel, NOQUOTE))";
MPRINT(EM_DIAGRAM):   label SKEWNESS = "Skewness";
18439      label SKEWNESS = "%sysfunc(sasmsg(sashelp.dmine, rpt_skewness_vlabel, NOQUOTE))";
MPRINT(EM_DIAGRAM):   label KURTOSIS = "Kurtosis";
18440      label KURTOSIS = "%sysfunc(sasmsg(sashelp.dmine, rpt_kurtosis_vlabel, NOQUOTE))";
MPRINT(EM_DIAGRAM):   run;
18441      run;

NOTE: MODIFY was successful for EMWS2.STAT_INTERVAL.DATA.

NOTE: PROCEDURE DATASETS used (Total process time):
      real time           0.02 seconds
      cpu time            0.03 seconds
      

18442      proc sort data=EMWS2.Stat_CLASS NOTHREADS;
MPRINT(EM_DIAGRAM):   proc sort data=EMWS2.Stat_CLASS NOTHREADS;
18443      by DATAROLE ROLE Variable descending COUNT;
MPRINT(EM_DIAGRAM):   by DATAROLE ROLE Variable descending COUNT;
18444      run;
MPRINT(EM_DIAGRAM):   run;

NOTE: There were 32 observations read from the data set EMWS2.STAT_CLASS.
NOTE: The data set EMWS2.STAT_CLASS has 32 observations and 12 variables.
NOTE: PROCEDURE SORT used (Total process time):
      real time           0.00 seconds
      cpu time            0.01 seconds
      

18445      data WORK.StatCLASS(keep=DATAROLE Variable ROLE Numcat Nmiss Mode ModePct Mode2 Mode2Pct);
MPRINT(EM_DIAGRAM):   data WORK.StatCLASS(keep=DATAROLE Variable ROLE Numcat Nmiss Mode ModePct Mode2 Mode2Pct);
18446      set EMWS2.Stat_CLASS;
MPRINT(EM_DIAGRAM):   set EMWS2.Stat_CLASS;
18447      length Mode Mode2 $32;
MPRINT(EM_DIAGRAM):   length Mode Mode2 $32;
18448      retain NMiss 0 ModePct 0 Mode2Pct 0 Mode '' Mode2 '';
MPRINT(EM_DIAGRAM):   retain NMiss 0 ModePct 0 Mode2Pct 0 Mode '' Mode2 '';
18449      by DATAROLE ROLE Variable;
MPRINT(EM_DIAGRAM):   by DATAROLE ROLE Variable;
18450      if first.DATAROLE or first.variable then do;
MPRINT(EM_DIAGRAM):   if first.DATAROLE or first.variable then do;
18451      Numcat = 1;
MPRINT(EM_DIAGRAM):   Numcat = 1;
18452      NMiss = 0;
MPRINT(EM_DIAGRAM):   NMiss = 0;
18453      Mode = strip(LEVEL);
MPRINT(EM_DIAGRAM):   Mode = strip(LEVEL);
18454      ModePct = PERCENT;
MPRINT(EM_DIAGRAM):   ModePct = PERCENT;
18455      Mode2 = '';
MPRINT(EM_DIAGRAM):   Mode2 = '';
18456      Mode2Pct = 0;
MPRINT(EM_DIAGRAM):   Mode2Pct = 0;
18457      end;
MPRINT(EM_DIAGRAM):   end;
18458      else Numcat +1;
MPRINT(EM_DIAGRAM):   else Numcat +1;
18459      if Numcat =2 then do;
MPRINT(EM_DIAGRAM):   if Numcat =2 then do;
18460      Mode2 = strip(LEVEL);
MPRINT(EM_DIAGRAM):   Mode2 = strip(LEVEL);
18461      Mode2Pct = PERCENT;
MPRINT(EM_DIAGRAM):   Mode2Pct = PERCENT;
18462      end;
MPRINT(EM_DIAGRAM):   end;
18463      if NRAW=. and CRAW='' then NMiss= COUNT;
MPRINT(EM_DIAGRAM):   if NRAW=. and CRAW='' then NMiss= COUNT;
18464      if last.DATAROLE or last.variable then output;
MPRINT(EM_DIAGRAM):   if last.DATAROLE or last.variable then output;
18465      run;
MPRINT(EM_DIAGRAM):   run;

NOTE: There were 32 observations read from the data set EMWS2.STAT_CLASS.
NOTE: The data set WORK.STATCLASS has 3 observations and 9 variables.
NOTE: DATA statement used (Total process time):
      real time           0.00 seconds
      cpu time            0.00 seconds
      

18466      %let _cn = %sysfunc(getoption(CENTER));
18467      %let _nb = %sysfunc(getoption(NUMBER));
18468      options nonumber nocenter;
MPRINT(EM_DIAGRAM):   options nonumber nocenter;
18469      title;
MPRINT(EM_DIAGRAM):   title;
18470      title9 ' ';
MPRINT(EM_DIAGRAM):   title9 ' ';
18471      proc print data=WORK.StatCLASS(obs=500) label noobs;
MPRINT(EM_DIAGRAM):   proc print data=WORK.StatCLASS(obs=500) label noobs;
18472      var DATAROLE VARIABLE ROLE NUMCAT NMISS Mode ModePct Mode2 Mode2Pct;
MPRINT(EM_DIAGRAM):   var DATAROLE VARIABLE ROLE NUMCAT NMISS Mode ModePct Mode2 Mode2Pct;
18473      label DATAROLE = "%sysfunc(sasmsg(sashelp.dmine, rpt_datarole_vlabel, NOQUOTE))" ROLE = "%sysfunc(sasmsg(sashelp.dmine, meta_role_vlabel, NOQUOTE))" NUMCAT = "%sysfunc(sasmsg(sashelp.dmine, rpt_numcat_vlabel,   NOQUOTE))" NMISS =
18474         "%sysfunc(sasmsg(sashelp.dmine, rpt_missing_vlabel,  NOQUOTE))" MODE = "%sysfunc(sasmsg(sashelp.dmine, rpt_mode_vlabel,     NOQUOTE))" MODEPCT = "%sysfunc(sasmsg(sashelp.dmine, rpt_modepct_vlabel,  NOQUOTE))" MODE2 =
18475         "%sysfunc(sasmsg(sashelp.dmine, rpt_mode2_vlabel,     NOQUOTE))" MODE2PCT = "%sysfunc(sasmsg(sashelp.dmine, rpt_mode2pct_vlabel, NOQUOTE))";
MPRINT(EM_DIAGRAM):   label DATAROLE = "Data Role" ROLE = "Role" NUMCAT = "Number of Levels" NMISS = "Missing" MODE = "Mode" MODEPCT = "Mode Percentage" MODE2 = "Mode2" MODE2PCT = "Mode2 Percentage";
18476      format ModePct Mode2Pct 5.2;
MPRINT(EM_DIAGRAM):   format ModePct Mode2Pct 5.2;
18477      by DATAROLE;
MPRINT(EM_DIAGRAM):   by DATAROLE;
18478      title9 "%sysfunc(sasmsg(sashelp.dmine, rpt_classStats_title,     NOQUOTE))";
MPRINT(EM_DIAGRAM):   title9 "Class Variable Summary Statistics";
18479      title10 "%sysfunc(sasmsg(sashelp.dmine, rpt_maxObsPrinted_title,  NOQUOTE))";
MPRINT(EM_DIAGRAM):   title10 "(maximum 500 observations printed)";
MPRINT(EM_DIAGRAM):   run;
18480      run;

NOTE: There were 3 observations read from the data set WORK.STATCLASS.
NOTE: The PROCEDURE PRINT printed page 2.
NOTE: PROCEDURE PRINT used (Total process time):
      real time           0.01 seconds
      cpu time            0.01 seconds
      

18481      title9;
MPRINT(EM_DIAGRAM):   title9;
18482      title10;
MPRINT(EM_DIAGRAM):   title10;
18483      options &_cn &_nb;
MPRINT(EM_DIAGRAM):   options NOCENTER NONUMBER;
18484      data WORK.StatINTERVALSUMMARY;
MPRINT(EM_DIAGRAM):    data WORK.StatINTERVALSUMMARY;
18485      set EMWS2.Stat_INTERVAL;
MPRINT(EM_DIAGRAM):   set EMWS2.Stat_INTERVAL;
18486      length ROLE $32;
MPRINT(EM_DIAGRAM):   length ROLE $32;
18487      if Variable = "Population_in_thousands" then ROLE="INPUT";
MPRINT(EM_DIAGRAM):   if Variable = "Population_in_thousands" then ROLE="INPUT";
18488      run;
MPRINT(EM_DIAGRAM):   run;

NOTE: There were 1 observations read from the data set EMWS2.STAT_INTERVAL.
NOTE: The data set WORK.STATINTERVALSUMMARY has 1 observations and 13 variables.
NOTE: DATA statement used (Total process time):
      real time           0.00 seconds
      cpu time            0.00 seconds
      

18489      proc sort data=WORK.StatINTERVALSUMMARY NOTHREADS;
MPRINT(EM_DIAGRAM):    proc sort data=WORK.StatINTERVALSUMMARY NOTHREADS;
18490      by DATAROLE ROLE Variable;
MPRINT(EM_DIAGRAM):   by DATAROLE ROLE Variable;
18491      run;
MPRINT(EM_DIAGRAM):   run;

NOTE: There were 1 observations read from the data set WORK.STATINTERVALSUMMARY.
NOTE: The data set WORK.STATINTERVALSUMMARY has 1 observations and 13 variables.
NOTE: PROCEDURE SORT used (Total process time):
      real time           0.00 seconds
      cpu time            0.01 seconds
      

18492      %let _cn = %sysfunc(getoption(CENTER));
18493      %let _nb = %sysfunc(getoption(NUMBER));
18494      options nonumber nocenter;
MPRINT(EM_DIAGRAM):   options nonumber nocenter;
18495      title;
MPRINT(EM_DIAGRAM):   title;
18496      proc print data=WORK.StatINTERVALSUMMARY(obs=500) label noobs;
MPRINT(EM_DIAGRAM):   proc print data=WORK.StatINTERVALSUMMARY(obs=500) label noobs;
18497      var Variable ROLE MEAN STD N NMISS MIN P50 MAX SKEWNESS KURTOSIS;
MPRINT(EM_DIAGRAM):   var Variable ROLE MEAN STD N NMISS MIN P50 MAX SKEWNESS KURTOSIS;
18498      by DATAROLE;
MPRINT(EM_DIAGRAM):   by DATAROLE;
18499      title9 "%sysfunc(sasmsg(sashelp.dmine, rpt_intervalStats_title, NOQUOTE))";
MPRINT(EM_DIAGRAM):   title9 "Interval Variable Summary Statistics";
18500      title10 "%sysfunc(sasmsg(sashelp.dmine, rpt_maxObsPrinted_title, NOQUOTE))";
MPRINT(EM_DIAGRAM):   title10 "(maximum 500 observations printed)";
MPRINT(EM_DIAGRAM):   run;
18501      run;

NOTE: There were 1 observations read from the data set WORK.STATINTERVALSUMMARY.
NOTE: The PROCEDURE PRINT printed page 3.
NOTE: PROCEDURE PRINT used (Total process time):
      real time           0.00 seconds
      cpu time            0.00 seconds
      

18502      title9;
MPRINT(EM_DIAGRAM):   title9;
18503      title10;
MPRINT(EM_DIAGRAM):   title10;
18504      options &_cn &_nb;
MPRINT(EM_DIAGRAM):   options NOCENTER NONUMBER;
18505      proc sort data=WORK.M1PSTAWR;
MPRINT(EM_DIAGRAM):    proc sort data=WORK.M1PSTAWR;
18506      by name;
MPRINT(EM_DIAGRAM):   by name;
18507      run;
MPRINT(EM_DIAGRAM):   run;

NOTE: Input data set is already sorted, no sorting done.
NOTE: PROCEDURE SORT used (Total process time):
      real time           0.00 seconds
      cpu time            0.00 seconds
      

18508      proc means data=EMWS2.Stat_CLASS noprint;
MPRINT(EM_DIAGRAM):    proc means data=EMWS2.Stat_CLASS noprint;
18509      class DATAROLE Variable;
MPRINT(EM_DIAGRAM):   class DATAROLE Variable;
18510      var PERCENT;
MPRINT(EM_DIAGRAM):   var PERCENT;
18511      output out=EMWS2.Stat_CLASSPLOT;
MPRINT(EM_DIAGRAM):   output out=EMWS2.Stat_CLASSPLOT;
18512      run;
MPRINT(EM_DIAGRAM):   run;

NOTE: There were 32 observations read from the data set EMWS2.STAT_CLASS.
NOTE: The data set EMWS2.STAT_CLASSPLOT has 40 observations and 6 variables.
NOTE: PROCEDURE MEANS used (Total process time):
      real time           0.01 seconds
      cpu time            0.03 seconds
      

18513      proc transpose data=EMWS2.Stat_CLASSPLOT out=EMWS2.Stat_CLASSPLOT;
MPRINT(EM_DIAGRAM):   proc transpose data=EMWS2.Stat_CLASSPLOT out=EMWS2.Stat_CLASSPLOT;
18514      where _type_=3 and _STAT_ = 'STD';
MPRINT(EM_DIAGRAM):   where _type_=3 and _STAT_ = 'STD';
18515      var PERCENT;
MPRINT(EM_DIAGRAM):   var PERCENT;
18516      id _STAT_;
MPRINT(EM_DIAGRAM):   id _STAT_;
18517      by DATAROLE Variable;
MPRINT(EM_DIAGRAM):   by DATAROLE Variable;
18518      run;
MPRINT(EM_DIAGRAM):   run;

NOTE: There were 3 observations read from the data set EMWS2.STAT_CLASSPLOT.
      WHERE (_type_=3) and (_STAT_='STD');
NOTE: The data set EMWS2.STAT_CLASSPLOT has 3 observations and 4 variables.
NOTE: PROCEDURE TRANSPOSE used (Total process time):
      real time           0.00 seconds
      cpu time            0.00 seconds
      

18519      proc sort data=EMWS2.Stat_CLASSPLOT;
MPRINT(EM_DIAGRAM):   proc sort data=EMWS2.Stat_CLASSPLOT;
18520      by DATAROLE descending STD;
MPRINT(EM_DIAGRAM):   by DATAROLE descending STD;
18521      where STD ne .;
MPRINT(EM_DIAGRAM):   where STD ne .;
18522      run;
MPRINT(EM_DIAGRAM):   run;

NOTE: There were 3 observations read from the data set EMWS2.STAT_CLASSPLOT.
      WHERE STD not = .;
NOTE: The data set EMWS2.STAT_CLASSPLOT has 3 observations and 4 variables.
NOTE: PROCEDURE SORT used (Total process time):
      real time           0.00 seconds
      cpu time            0.00 seconds
      

18523      data EMWS2.Stat_CLASSPLOT(keep=DATAROLE Variable STD OrderedInput);
MPRINT(EM_DIAGRAM):   data EMWS2.Stat_CLASSPLOT(keep=DATAROLE Variable STD OrderedInput);
18524      label OrderedInput = "%sysfunc(sasmsg(sashelp.dmine, rpt_orderedInput_vlabel, NOQUOTE))";
MPRINT(EM_DIAGRAM):   label OrderedInput = "Ordered Inputs";
18525      format OrderedInput 5.0;
MPRINT(EM_DIAGRAM):   format OrderedInput 5.0;
18526      label STD = "%sysfunc(sasmsg(sashelp.dmine, rpt_pctVariability_vlabel, NOQUOTE))";
MPRINT(EM_DIAGRAM):   label STD = "Percent Variability";
18527      retain OrderedInput 0;
MPRINT(EM_DIAGRAM):   retain OrderedInput 0;
18528      set EMWS2.Stat_CLASSPLOT;
MPRINT(EM_DIAGRAM):   set EMWS2.Stat_CLASSPLOT;
18529      by DATAROLE;
MPRINT(EM_DIAGRAM):   by DATAROLE;
18530      if first.DATAROLE then OrderedInput = 1;
MPRINT(EM_DIAGRAM):   if first.DATAROLE then OrderedInput = 1;
18531      else OrderedInput + 1;
MPRINT(EM_DIAGRAM):   else OrderedInput + 1;
18532      run;
MPRINT(EM_DIAGRAM):   run;

NOTE: There were 3 observations read from the data set EMWS2.STAT_CLASSPLOT.
NOTE: The data set EMWS2.STAT_CLASSPLOT has 3 observations and 4 variables.
NOTE: DATA statement used (Total process time):
      real time           0.00 seconds
      cpu time            0.01 seconds
      

18533      proc sort data=EMWS2.Stat_CLASSPLOT;
MPRINT(EM_DIAGRAM):   proc sort data=EMWS2.Stat_CLASSPLOT;
18534      by Variable;
MPRINT(EM_DIAGRAM):   by Variable;
18535      run;
MPRINT(EM_DIAGRAM):   run;

NOTE: There were 3 observations read from the data set EMWS2.STAT_CLASSPLOT.
NOTE: The data set EMWS2.STAT_CLASSPLOT has 3 observations and 4 variables.
NOTE: PROCEDURE SORT used (Total process time):
      real time           0.00 seconds
      cpu time            0.01 seconds
      

18536      data EMWS2.Stat_CLASSPLOT;
MPRINT(EM_DIAGRAM):   data EMWS2.Stat_CLASSPLOT;
18537      merge EMWS2.Stat_CLASSPLOT(in=_a) WORK.M1PSTAWR(rename=(NAME=VARIABLE) Keep=NAME ROLE LABEL REPORT);
MPRINT(EM_DIAGRAM):   merge EMWS2.Stat_CLASSPLOT(in=_a) WORK.M1PSTAWR(rename=(NAME=VARIABLE) Keep=NAME ROLE LABEL REPORT);
18538      by Variable;
MPRINT(EM_DIAGRAM):   by Variable;
18539      if _a and (OrderedInput<100 or Report='Y') then output;
MPRINT(EM_DIAGRAM):   if _a and (OrderedInput<100 or Report='Y') then output;
18540      run;
MPRINT(EM_DIAGRAM):   run;

WARNING: Multiple lengths were specified for the BY variable VARIABLE by input data sets. This might cause unexpected results.
NOTE: There were 3 observations read from the data set EMWS2.STAT_CLASSPLOT.
NOTE: There were 4 observations read from the data set WORK.M1PSTAWR.
NOTE: The data set EMWS2.STAT_CLASSPLOT has 3 observations and 7 variables.
NOTE: DATA statement used (Total process time):
      real time           0.00 seconds
      cpu time            0.00 seconds
      

18541      data temp;
MPRINT(EM_DIAGRAM):   data temp;
18542      set EMWS2.Stat_CLASSPLOT;
MPRINT(EM_DIAGRAM):   set EMWS2.Stat_CLASSPLOT;
18543      where DATAROLE='TRAIN';
MPRINT(EM_DIAGRAM):   where DATAROLE='TRAIN';
18544      if OrderedInput<21 then plot = 1;
MPRINT(EM_DIAGRAM):   if OrderedInput<21 then plot = 1;
18545      else plot=0;
MPRINT(EM_DIAGRAM):   else plot=0;
18546      if LABEL = "" then LABEL = Variable;
MPRINT(EM_DIAGRAM):   if LABEL = "" then LABEL = Variable;
18547      keep Variable Label plot;
MPRINT(EM_DIAGRAM):   keep Variable Label plot;
18548      run;
MPRINT(EM_DIAGRAM):   run;

NOTE: There were 3 observations read from the data set EMWS2.STAT_CLASSPLOT.
      WHERE DATAROLE='TRAIN';
NOTE: The data set WORK.TEMP has 3 observations and 3 variables.
NOTE: DATA statement used (Total process time):
      real time           0.00 seconds
      cpu time            0.00 seconds
      

18549      data EMWS2.Stat_CLASSPLOT;
MPRINT(EM_DIAGRAM):   data EMWS2.Stat_CLASSPLOT;
18550      merge EMWS2.Stat_CLASSPLOT temp;
MPRINT(EM_DIAGRAM):   merge EMWS2.Stat_CLASSPLOT temp;
18551      by Variable;
MPRINT(EM_DIAGRAM):   by Variable;
18552      label DATAROLE = "%sysfunc(sasmsg(sashelp.dmine,  rpt_datarole_vlabel, NOQUOTE))" ROLE = "%sysfunc(sasmsg(sashelp.dmine, meta_role_vlabel,          NOQUOTE))" PLOT = "%sysfunc(sasmsg(sashelp.dmine, rpt_plot_vlabel,           NOQUOTE))" REPORT =
18553         "%sysfunc(sasmsg(sashelp.dmine, meta_report_vlabel,         NOQUOTE))";
MPRINT(EM_DIAGRAM):   label DATAROLE = "Data Role" ROLE = "Role" PLOT = "Plot" REPORT = "Report";
18554      run;
MPRINT(EM_DIAGRAM):   run;

NOTE: There were 3 observations read from the data set EMWS2.STAT_CLASSPLOT.
NOTE: There were 3 observations read from the data set WORK.TEMP.
NOTE: The data set EMWS2.STAT_CLASSPLOT has 3 observations and 8 variables.
NOTE: DATA statement used (Total process time):
      real time           0.01 seconds
      cpu time            0.00 seconds
      

18555      proc sort data=EMWS2.Stat_CLASSPLOT;
MPRINT(EM_DIAGRAM):   proc sort data=EMWS2.Stat_CLASSPLOT;
18556      by DATAROLE Variable;
MPRINT(EM_DIAGRAM):   by DATAROLE Variable;
18557      run;
MPRINT(EM_DIAGRAM):   run;

NOTE: There were 3 observations read from the data set EMWS2.STAT_CLASSPLOT.
NOTE: The data set EMWS2.STAT_CLASSPLOT has 3 observations and 8 variables.
NOTE: PROCEDURE SORT used (Total process time):
      real time           0.00 seconds
      cpu time            0.01 seconds
      

18558      proc sort data=EMWS2.Stat_CLASS;
MPRINT(EM_DIAGRAM):   proc sort data=EMWS2.Stat_CLASS;
18559      by DATAROLE Variable;
MPRINT(EM_DIAGRAM):   by DATAROLE Variable;
18560      run;
MPRINT(EM_DIAGRAM):   run;

NOTE: There were 32 observations read from the data set EMWS2.STAT_CLASS.
NOTE: The data set EMWS2.STAT_CLASS has 32 observations and 12 variables.
NOTE: PROCEDURE SORT used (Total process time):
      real time           0.00 seconds
      cpu time            0.00 seconds
      

18561      data EMWS2.Stat_CLASS;
MPRINT(EM_DIAGRAM):   data EMWS2.Stat_CLASS;
18562      merge EMWS2.Stat_CLASS(drop=NRAW CRAW) EMWS2.Stat_CLASSPLOT(keep=DATAROLE Variable Plot);
MPRINT(EM_DIAGRAM):   merge EMWS2.Stat_CLASS(drop=NRAW CRAW) EMWS2.Stat_CLASSPLOT(keep=DATAROLE Variable Plot);
18563      by DATAROLE Variable;
MPRINT(EM_DIAGRAM):   by DATAROLE Variable;
18564      if plot eq . then delete;
MPRINT(EM_DIAGRAM):   if plot eq . then delete;
18565      label DATAROLE = "%sysfunc(sasmsg(sashelp.dmine, rpt_datarole_vlabel,       NOQUOTE))" LEVEL = "%sysfunc(sasmsg(sashelp.dmine, rpt_level_vlabel,          NOQUOTE))" TYPE = "%sysfunc(sasmsg(sashelp.dmine, rpt_type_vlabel,           NOQUOTE))"
18565    ! COUNT =
18566         "%sysfunc(sasmsg(sashelp.dmine, rpt_count_vlabel,          NOQUOTE))" ROLE = "%sysfunc(sasmsg(sashelp.dmine, meta_role_vlabel,          NOQUOTE))" PERCENT = "%sysfunc(sasmsg(sashelp.dmine, rpt_percent_vlabel,        NOQUOTE))" PLOT =
18567         "%sysfunc(sasmsg(sashelp.dmine, rpt_plot_vlabel,           NOQUOTE))" LEVELINDEX = "%sysfunc(sasmsg(sashelp.dmine, rpt_levelIndex_vlabel,     NOQUOTE))";
MPRINT(EM_DIAGRAM):   label DATAROLE = "Data Role" LEVEL = "Level" TYPE = "Type" COUNT = "Frequency Count" ROLE = "Role" PERCENT = "Percent" PLOT = "Plot" LEVELINDEX = "Level Index";
18568      run;
MPRINT(EM_DIAGRAM):   run;

NOTE: There were 32 observations read from the data set EMWS2.STAT_CLASS.
NOTE: There were 3 observations read from the data set EMWS2.STAT_CLASSPLOT.
NOTE: The data set EMWS2.STAT_CLASS has 32 observations and 11 variables.
NOTE: DATA statement used (Total process time):
      real time           0.02 seconds
      cpu time            0.03 seconds
      

18569      data EMWS2.Stat_INTERVAL;
MPRINT(EM_DIAGRAM):    data EMWS2.Stat_INTERVAL;
18570      set EMWS2.Stat_INTERVAL;
MPRINT(EM_DIAGRAM):   set EMWS2.Stat_INTERVAL;
18571      label NMiss = "%sysfunc(sasmsg(sashelp.dmine, rpt_missing_vlabel, NOQUOTE))" absCV = "%sysfunc(sasmsg(sashelp.dmine, rpt_absCV_vlabel,   NOQUOTE))" CV = "%sysfunc(sasmsg(sashelp.dmine, rpt_cv_vlabel,      NOQUOTE))" Sign =
18572         "%sysfunc(sasmsg(sashelp.dmine, rpt_sign_vlabel,    NOQUOTE))";
MPRINT(EM_DIAGRAM):   label NMiss = "Missing" absCV = "Abs C.V." CV = "Coefficient of Variation" Sign = "Sign";
18573      if MEAN ne . then do;
MPRINT(EM_DIAGRAM):   if MEAN ne . then do;
18574      CV = STD/MEAN;
MPRINT(EM_DIAGRAM):   CV = STD/MEAN;
18575      absCV = abs(CV);
MPRINT(EM_DIAGRAM):   absCV = abs(CV);
18576      if absCV < 0 then Sign = '-';
MPRINT(EM_DIAGRAM):   if absCV < 0 then Sign = '-';
18577      else Sign = '+';
MPRINT(EM_DIAGRAM):   else Sign = '+';
18578      absCV = abs(absCV);
MPRINT(EM_DIAGRAM):   absCV = abs(absCV);
18579      end;
MPRINT(EM_DIAGRAM):   end;
18580      run;
MPRINT(EM_DIAGRAM):   run;

NOTE: There were 1 observations read from the data set EMWS2.STAT_INTERVAL.
NOTE: The data set EMWS2.STAT_INTERVAL has 1 observations and 16 variables.
NOTE: DATA statement used (Total process time):
      real time           0.01 seconds
      cpu time            0.01 seconds
      

18581      proc sort data = EMWS2.Stat_INTERVAL;
MPRINT(EM_DIAGRAM):   proc sort data = EMWS2.Stat_INTERVAL;
18582      by DATAROLE descending absCV;
MPRINT(EM_DIAGRAM):   by DATAROLE descending absCV;
18583      run;
MPRINT(EM_DIAGRAM):   run;

NOTE: There were 1 observations read from the data set EMWS2.STAT_INTERVAL.
NOTE: The data set EMWS2.STAT_INTERVAL has 1 observations and 16 variables.
NOTE: PROCEDURE SORT used (Total process time):
      real time           0.00 seconds
      cpu time            0.00 seconds
      

18584      data EMWS2.Stat_INTERVAL;
MPRINT(EM_DIAGRAM):   data EMWS2.Stat_INTERVAL;
18585      retain OrderedInput;
MPRINT(EM_DIAGRAM):   retain OrderedInput;
18586      set EMWS2.Stat_INTERVAL;
MPRINT(EM_DIAGRAM):   set EMWS2.Stat_INTERVAL;
18587      by DATAROLE;
MPRINT(EM_DIAGRAM):   by DATAROLE;
18588      label OrderedInput = "%sysfunc(sasmsg(sashelp.dmine, rpt_orderedInput_vlabel, NOQUOTE))";
MPRINT(EM_DIAGRAM):   label OrderedInput = "Ordered Inputs";
18589      format OrderedInput 5.0;
MPRINT(EM_DIAGRAM):   format OrderedInput 5.0;
18590      if first.DATAROLE then OrderedInput = 1;
MPRINT(EM_DIAGRAM):   if first.DATAROLE then OrderedInput = 1;
18591      else OrderedInput + 1;
MPRINT(EM_DIAGRAM):   else OrderedInput + 1;
18592      run;
MPRINT(EM_DIAGRAM):   run;

NOTE: There were 1 observations read from the data set EMWS2.STAT_INTERVAL.
NOTE: The data set EMWS2.STAT_INTERVAL has 1 observations and 17 variables.
NOTE: DATA statement used (Total process time):
      real time           0.00 seconds
      cpu time            0.01 seconds
      

18593      proc sort data=WORK.M1PSTAWR;
MPRINT(EM_DIAGRAM):    proc sort data=WORK.M1PSTAWR;
18594      by name;
MPRINT(EM_DIAGRAM):   by name;
18595      run;
MPRINT(EM_DIAGRAM):   run;

NOTE: Input data set is already sorted, no sorting done.
NOTE: PROCEDURE SORT used (Total process time):
      real time           0.00 seconds
      cpu time            0.00 seconds
      

MPRINT(EM_DIAGRAM):    proc printto;
MPRINT(EM_DIAGRAM):   run;
