 
                                                                                                                                                                                                                                                                
 
 
Variable Summary

          Measurement    Frequency
 Role        Level         Count

INPUT      INTERVAL          1    
INPUT      NOMINAL           2    
TARGET     INTERVAL          1    
 
                                                                                                                                                                                                                                                                
 
 
Predicted and decision variables

Type               Variable           Label

TARGET       Sum_Labor_Force_Pop      Industry_Population           
PREDICTED    P_Sum_Labor_Force_Pop    Predicted: Sum_Labor_Force_Pop
RESIDUAL     R_Sum_Labor_Force_Pop    Residual: Sum_Labor_Force_Pop 
 
                                                                                                                                                                                                                                                                
 
 

The DMREG Procedure

                           Model Information

Training Data Set             WORK.EM_DMREG.VIEW                       
DMDB Catalog                  WORK.REG4_DMDB                           
Target Variable               Sum_Labor_Force_Pop (Industry_Population)
Target Measurement Level      Interval                                 
Error                         Normal                                   
Link Function                 Identity                                 
Number of Model Parameters    9                                        
Number of Observations        196                                      




Backward Elimination Procedure


Step 0: The following effects were entered.

Intercept  Age_group  Industry  Population  


                             Analysis of Variance
 
                                   Sum of
Source                 DF         Squares     Mean Square    F Value    Pr > F

Model                   8    5.7589494E15    7.1986867E14      84.31    <.0001
Error                 187    1.5967096E15    8.5385539E12                     
Corrected Total       195    7.3556589E15                                     


              Model Fit Statistics

R-Square        0.7829     Adj R-Sq        0.7736
AIC          5844.8069     BIC          5847.6686
SBC          5874.3100     C(p)            9.0000


             Type 3 Analysis of Effects
 
                          Sum of
Effect          DF       Squares    F Value    Pr > F

Age_group        3    2.79402E14      10.91    <.0001
Industry         4    1.98367E15      58.08    <.0001
Population       1    2.48587E13       2.91    0.0896


                            Analysis of Maximum Likelihood Estimates
 
                                                                 Standard
Parameter                                      DF    Estimate       Error    t Value    Pr > |t|

Intercept                                       1     1707724     2986787       0.57      0.5682
Age_group  16 to 24                             1    -1280742     1101820      -1.16      0.2466
Age_group  25 to 44                             1     3596880     1294175       2.78      0.0060
Age_group  45 to 64                             1     1943390      893215       2.18      0.0308
Industry   Management, professional, and re     1     5297263      433104      12.23      <.0001
Industry   Natural resources, construction,     1    -3760551      428399      -8.78      <.0001
Industry   Production, transportation, and      1    -2693102      433929      -6.21      <.0001
Industry   Sales and office occupations         1     1999500      395139       5.06      <.0001
Population                                      1      0.0867      0.0508       1.71      0.0896


Step 1: Effect Population removed.


                             Analysis of Variance
 
                                   Sum of
Source                 DF         Squares     Mean Square    F Value    Pr > F

Model                   7    5.7340907E15    8.1915581E14      94.97    <.0001
Error                 188    1.6215683E15    8.6253631E12                     
Corrected Total       195    7.3556589E15                                     


              Model Fit Statistics

R-Square        0.7795     Adj R-Sq        0.7713
AIC          5845.8349     BIC          5848.3458
SBC          5872.0598     C(p)            9.9113


             Type 3 Analysis of Effects
 
                          Sum of
Effect          DF       Squares    F Value    Pr > F

Age_group        3    4.25653E15     164.50    <.0001
Industry         4    1.98872E15      57.64    <.0001


                            Analysis of Maximum Likelihood Estimates
 
                                                                 Standard
Parameter                                      DF    Estimate       Error    t Value    Pr > |t|

Intercept                                       1     6791358      211144      32.16      <.0001
Age_group  16 to 24                             1    -3050921      372947      -8.18      <.0001
Age_group  25 to 44                             1     5715179      367381      15.56      <.0001
Age_group  45 to 64                             1     3344401      353398       9.46      <.0001
Industry   Management, professional, and re     1     5305194      435275      12.19      <.0001
Industry   Natural resources, construction,     1    -3756132      430564      -8.72      <.0001
Industry   Production, transportation, and      1    -2725625      435708      -6.26      <.0001
Industry   Sales and office occupations         1     1992762      397123       5.02      <.0001


NOTE: No (additional) effects met the 0.05 significance level for removal from the model.


               Summary of Backward Elimination
 
            Effect                Number
    Step    Removed         DF        In    F Value    Pr > F

       1    Population       1         2       2.91    0.0896


The selected model is the model trained in the last step (Step 1). It consists of the following effects:

Intercept  Age_group  Industry  


                             Analysis of Variance
 
                                   Sum of
Source                 DF         Squares     Mean Square    F Value    Pr > F

Model                   7    5.7340907E15    8.1915581E14      94.97    <.0001
Error                 188    1.6215683E15    8.6253631E12                     
Corrected Total       195    7.3556589E15                                     


              Model Fit Statistics

R-Square        0.7795     Adj R-Sq        0.7713
AIC          5845.8349     BIC          5848.3458
SBC          5872.0598     C(p)            9.9113


             Type 3 Analysis of Effects
 
                          Sum of
Effect          DF       Squares    F Value    Pr > F

Age_group        3    4.25653E15     164.50    <.0001
Industry         4    1.98872E15      57.64    <.0001


                            Analysis of Maximum Likelihood Estimates
 
                                                                 Standard
Parameter                                      DF    Estimate       Error    t Value    Pr > |t|

Intercept                                       1     6791358      211144      32.16      <.0001
Age_group  16 to 24                             1    -3050921      372947      -8.18      <.0001
Age_group  25 to 44                             1     5715179      367381      15.56      <.0001
Age_group  45 to 64                             1     3344401      353398       9.46      <.0001
Industry   Management, professional, and re     1     5305194      435275      12.19      <.0001
Industry   Natural resources, construction,     1    -3756132      430564      -8.72      <.0001
Industry   Production, transportation, and      1    -2725625      435708      -6.26      <.0001
Industry   Sales and office occupations         1     1992762      397123       5.02      <.0001
