MPRINT(EM_DIAGRAM):    data _null_;
MPRINT(EM_DIAGRAM):   call symput('NLDATE', strip(put(date(), NLDATE.)));
MPRINT(EM_DIAGRAM):   call symput('NLTIME', strip(put(datetime(), NLTIME.)));
MPRINT(EM_DIAGRAM):   run;
MPRINT(EM_DIAGRAM):   data _null_;
MPRINT(EM_DIAGRAM):   nldate= sasmsg("sashelp.dmine", "log_date_note", 'N', "November 14, 2019" );
MPRINT(EM_DIAGRAM):   nltime= sasmsg("sashelp.dmine", "log_time_note", 'N', "15:35:20" );
MPRINT(EM_DIAGRAM):   put "*------------------------------------------------------------*";
MPRINT(EM_DIAGRAM):   put "* Score Log";
MPRINT(EM_DIAGRAM):   put nldate;
MPRINT(EM_DIAGRAM):   put nltime;
MPRINT(EM_DIAGRAM):   put "*------------------------------------------------------------*";
MPRINT(EM_DIAGRAM):   run;
*------------------------------------------------------------*
* Score Log
Date:                November 14, 2019
Time:                15:35:20
*------------------------------------------------------------*
MPRINT(EM_DIAGRAM):    filename O32U9N0P "C:\Users\student\Desktop\AA 490\Final Project\AA490_Project\Base Model\Workspaces\EMWS1\Ids\EMSCORE.out" encoding="UTF-8" NOBOM;
MPRINT(EM_DIAGRAM):   proc printto print=O32U9N0P new;
MPRINT(EM_DIAGRAM):   run;
22645      *------------------------------------------------------------*;
MPRINT(EM_DIAGRAM):    *------------------------------------------------------------*;
22646      * Ids: Computing metadata for DATA data;
MPRINT(EM_DIAGRAM):   * Ids: Computing metadata for DATA data;
22647      *------------------------------------------------------------*;
MPRINT(EM_DIAGRAM):   *------------------------------------------------------------*;

NOTE: View EMWS1.IDS_DATA.VIEW used (Total process time):
      real time           0.04 seconds
      cpu time            0.04 seconds
      
22648      data EMWS1.Ids_EMINFO;
MPRINT(EM_DIAGRAM):    data EMWS1.Ids_EMINFO;
22649      length TARGET KEY $32 DATA $43;
MPRINT(EM_DIAGRAM):   length TARGET KEY $32 DATA $43;
22650      TARGET="";
MPRINT(EM_DIAGRAM):   TARGET="";
22651      KEY="IDSTABLE";
MPRINT(EM_DIAGRAM):   KEY="IDSTABLE";
22652      DATA="DISEASE.OG_DISEASE_AND_PROJECTED";
MPRINT(EM_DIAGRAM):   DATA="DISEASE.OG_DISEASE_AND_PROJECTED";
22653      output;
MPRINT(EM_DIAGRAM):   output;
22654      TARGET="OG_Cases_in_Thousands";
MPRINT(EM_DIAGRAM):   TARGET="OG_Cases_in_Thousands";
22655      KEY="DECDATA";
MPRINT(EM_DIAGRAM):   KEY="DECDATA";
22656      DATA="EMWS1.Ids_OG_Cases_in_Thou_DD";
MPRINT(EM_DIAGRAM):   DATA="EMWS1.Ids_OG_Cases_in_Thou_DD";
22657      output;
MPRINT(EM_DIAGRAM):   output;
22658      TARGET="OG_Cases_in_Thousands";
MPRINT(EM_DIAGRAM):   TARGET="OG_Cases_in_Thousands";
22659      KEY="DECMETA";
MPRINT(EM_DIAGRAM):   KEY="DECMETA";
22660      DATA="EMWS1.Ids_OG_Cases_in_Thou_DM";
MPRINT(EM_DIAGRAM):   DATA="EMWS1.Ids_OG_Cases_in_Thou_DM";
22661      output;
MPRINT(EM_DIAGRAM):   output;
22662      run;
MPRINT(EM_DIAGRAM):   run;

NOTE: The data set EMWS1.IDS_EMINFO has 3 observations and 3 variables.
NOTE: DATA statement used (Total process time):
      real time           0.00 seconds
      cpu time            0.00 seconds
      

NOTE: View EMWS1.IDS_DATA.VIEW used (Total process time):
      real time           0.03 seconds
      cpu time            0.01 seconds
      
22663      data EMWS1.Ids_CMeta_DATA;
MPRINT(EM_DIAGRAM):    data EMWS1.Ids_CMeta_DATA;
22664      set EMWS1.Ids_VariableSet;
MPRINT(EM_DIAGRAM):   set EMWS1.Ids_VariableSet;
22665      drop DROP;
MPRINT(EM_DIAGRAM):   drop DROP;
22666      where DROP='N';
MPRINT(EM_DIAGRAM):   where DROP='N';
22667      run;
MPRINT(EM_DIAGRAM):   run;

NOTE: There were 6 observations read from the data set EMWS1.IDS_VARIABLESET.
      WHERE DROP='N';
NOTE: The data set EMWS1.IDS_CMETA_DATA has 6 observations and 20 variables.
NOTE: DATA statement used (Total process time):
      real time           0.01 seconds
      cpu time            0.00 seconds
      

MPRINT(EM_DIAGRAM):    proc printto;
MPRINT(EM_DIAGRAM):   run;
