 
                                                                                                                                                                                                                                                                
 
 
Fit Statistics

Target=Cases_in_1000s Target Label=' '

   Fit
Statistics    Statistics Label                       Train    Validation          Test

  _NOBS_      Sum of Frequencies                    743.00        558.00        556.00
  _SUMW_      Sum of Case Weights Times Freq        743.00        558.00        556.00
  _MAX_       Maximum Absolute Error                439.70        489.47        301.06
  _SSE_       Sum of Squared Errors             2660743.74    1964719.93    1473304.81
  _ASE_       Average Squared Error                3581.08       3521.00       2649.83
  _RASE_      Root Average Squared Error             59.84         59.34         51.48
  _DIV_       Divisor for ASE                       743.00        558.00        556.00
  _DFT_       Total Degrees of Freedom              743.00           .             .  
 
                                                                                                                                                                                                                                                                
 
 
Assessment Score Rankings

Data Role=TRAIN Target Variable=Cases_in_1000s Target Label=' '

           Number of        Mean       Mean
Depth    Observations     Target    Predicted

   5          35         419.886      292.745
  10          36         310.417      239.907
  15          37         175.486      185.343
  20          43          91.070      128.481
  25          33          94.182      110.513
  30          39          50.359       95.159
  35          34          77.000       85.183
  40          39          36.154       68.574
  45          36          75.250       54.630
  50          39          14.436       48.073
  55          36          35.750       40.695
  60          43          14.767       32.225
  65          40          23.850       26.686
  70          29          11.621       20.218
  75          38           5.816       16.871
  80          38           4.658       10.681
  85          45          12.600        3.339
  90          30           1.467       -1.377
  95          39           0.077       -9.364
 100          34           0.000      -18.471


Data Role=VALIDATE Target Variable=Cases_in_1000s Target Label=' '

           Number of        Mean       Mean
Depth    Observations     Target    Predicted

   5          25         442.400      287.230
  10          31         228.355      211.774
  15          26         124.000      158.169
  20          28          87.357      120.247
  25          26          78.538      104.434
  30          28          40.321       93.154
  35          33          55.455       84.605
  40          24          46.667       67.704
  45          29          55.345       55.587
  50          33          24.727       47.809
  55          23          23.739       38.626
  60          33          21.364       30.679
  65          24          17.292       26.309
  70          28          10.250       19.553
  75          27          10.444       14.991
  80          34           9.088        9.438
  85          23           7.478        4.396
  90          27           3.593       -1.090
  95          31           0.194       -8.391
 100          25           0.000      -18.560
 
                                                                                                                                                                                                                                                                
 
 
Assessment Score Distribution

Data Role=TRAIN Target Variable=Cases_in_1000s Target Label=' '

    Range for            Mean       Mean        Number of        Model
    Predicted          Target    Predicted    Observations       Score

315.100 -  332.864    627.364      332.540          11         323.982
261.809 -  279.573    363.850      272.458          40         270.691
226.282 -  244.046    233.429      229.812           7         235.164
208.518 -  226.282    221.500      224.631           2         217.400
190.755 -  208.518    197.719      203.441          32         199.637
155.227 -  172.991    156.563      163.505          16         164.109
137.464 -  155.227    100.167      148.160          12         146.346
119.700 -  137.464     88.364      122.168          22         128.582
101.937 -  119.700     92.333      112.047          42         110.818
84.173 -  101.937      68.210       92.312          62          93.055
66.409 -  84.173       23.033       77.733          30          75.291
48.646 -  66.409       53.408       55.262          76          57.527
30.882 -  48.646       25.080       39.072          87          39.764
13.118 -  30.882       12.712       21.687         125          22.000
-4.645 -  13.118        6.943        3.945         106           4.236
-22.409 -  -4.645       0.041      -13.606          73         -13.527


Data Role=VALIDATE Target Variable=Cases_in_1000s Target Label=' '

    Range for            Mean       Mean        Number of        Model
    Predicted          Target    Predicted    Observations       Score

315.100 -  332.864    583.000      332.864          5          323.982
297.337 -  315.100    768.500      311.533          2          306.218
261.809 -  279.573    361.737      271.465         19          270.691
226.282 -  244.046    224.667      230.862          3          235.164
208.518 -  226.282    214.000      224.631          5          217.400
190.755 -  208.518    230.455      203.854         22          199.637
155.227 -  172.991    150.500      163.348         16          164.109
137.464 -  155.227     81.583      148.674         12          146.346
119.700 -  137.464     86.818      123.431         11          128.582
101.937 -  119.700     90.724      111.926         29          110.818
84.173 -  101.937      61.136       92.587         59           93.055
66.409 -  84.173       13.458       78.264         24           75.291
48.646 -  66.409       49.850       55.921         60           57.527
30.882 -  48.646       22.860       38.251         57           39.764
13.118 -  30.882       13.344       21.549         93           22.000
-4.645 -  13.118        6.906        4.762         85            4.236
-22.409 -  -4.645       0.107      -12.930         56          -13.527
