MPRINT(EM_DIAGRAM):    data _null_;
MPRINT(EM_DIAGRAM):   call symput('NLDATE', strip(put(date(), NLDATE.)));
MPRINT(EM_DIAGRAM):   call symput('NLTIME', strip(put(datetime(), NLTIME.)));
MPRINT(EM_DIAGRAM):   run;
MPRINT(EM_DIAGRAM):   data _null_;
MPRINT(EM_DIAGRAM):   nldate= sasmsg("sashelp.dmine", "log_date_note", 'N', "November 19, 2019" );
MPRINT(EM_DIAGRAM):   nltime= sasmsg("sashelp.dmine", "log_time_note", 'N', "15:27:30" );
MPRINT(EM_DIAGRAM):   put "*------------------------------------------------------------*";
MPRINT(EM_DIAGRAM):   put "* Score Log";
MPRINT(EM_DIAGRAM):   put nldate;
MPRINT(EM_DIAGRAM):   put nltime;
MPRINT(EM_DIAGRAM):   put "*------------------------------------------------------------*";
MPRINT(EM_DIAGRAM):   run;
*------------------------------------------------------------*
* Score Log
Date:                November 19, 2019
Time:                15:27:30
*------------------------------------------------------------*
MPRINT(EM_DIAGRAM):    filename O1LPIHT2 "C:\Users\student\Desktop\AA 490\Final Project\AA490_Project\Base Model\Workspaces\EMWS1\Ids5\EMSCORE.out" encoding="UTF-8" NOBOM;
MPRINT(EM_DIAGRAM):   proc printto print=O1LPIHT2 new;
MPRINT(EM_DIAGRAM):   run;
22680      *------------------------------------------------------------*;
MPRINT(EM_DIAGRAM):    *------------------------------------------------------------*;
22681      * Ids5: Computing metadata for DATA data;
MPRINT(EM_DIAGRAM):   * Ids5: Computing metadata for DATA data;
22682      *------------------------------------------------------------*;
MPRINT(EM_DIAGRAM):   *------------------------------------------------------------*;

NOTE: View EMWS1.IDS5_DATA.VIEW used (Total process time):
      real time           0.02 seconds
      cpu time            0.03 seconds
      
22683      data EMWS1.Ids5_EMINFO;
MPRINT(EM_DIAGRAM):    data EMWS1.Ids5_EMINFO;
22684      length TARGET KEY $32 DATA $43;
MPRINT(EM_DIAGRAM):   length TARGET KEY $32 DATA $43;
22685      TARGET="";
MPRINT(EM_DIAGRAM):   TARGET="";
22686      KEY="IDSTABLE";
MPRINT(EM_DIAGRAM):   KEY="IDSTABLE";
22687      DATA="LABOR.LABOR_FORCE_FINAL";
MPRINT(EM_DIAGRAM):   DATA="LABOR.LABOR_FORCE_FINAL";
22688      output;
MPRINT(EM_DIAGRAM):   output;
22689      TARGET="Sum_Labor_Force_Pop";
MPRINT(EM_DIAGRAM):   TARGET="Sum_Labor_Force_Pop";
22690      KEY="DECDATA";
MPRINT(EM_DIAGRAM):   KEY="DECDATA";
22691      DATA="EMWS1.Ids5_Sum_Labor_Force__DD";
MPRINT(EM_DIAGRAM):   DATA="EMWS1.Ids5_Sum_Labor_Force__DD";
22692      output;
MPRINT(EM_DIAGRAM):   output;
22693      TARGET="Sum_Labor_Force_Pop";
MPRINT(EM_DIAGRAM):   TARGET="Sum_Labor_Force_Pop";
22694      KEY="DECMETA";
MPRINT(EM_DIAGRAM):   KEY="DECMETA";
22695      DATA="EMWS1.Ids5_Sum_Labor_Force__DM";
MPRINT(EM_DIAGRAM):   DATA="EMWS1.Ids5_Sum_Labor_Force__DM";
22696      output;
MPRINT(EM_DIAGRAM):   output;
22697      run;
MPRINT(EM_DIAGRAM):   run;

NOTE: The data set EMWS1.IDS5_EMINFO has 3 observations and 3 variables.
NOTE: DATA statement used (Total process time):
      real time           0.00 seconds
      cpu time            0.00 seconds
      

NOTE: View EMWS1.IDS5_DATA.VIEW used (Total process time):
      real time           0.01 seconds
      cpu time            0.03 seconds
      
22698      data EMWS1.Ids5_CMeta_DATA;
MPRINT(EM_DIAGRAM):    data EMWS1.Ids5_CMeta_DATA;
22699      set EMWS1.Ids5_VariableSet;
MPRINT(EM_DIAGRAM):   set EMWS1.Ids5_VariableSet;
22700      drop DROP;
MPRINT(EM_DIAGRAM):   drop DROP;
22701      where DROP='N';
MPRINT(EM_DIAGRAM):   where DROP='N';
22702      run;
MPRINT(EM_DIAGRAM):   run;

NOTE: There were 4 observations read from the data set EMWS1.IDS5_VARIABLESET.
      WHERE DROP='N';
NOTE: The data set EMWS1.IDS5_CMETA_DATA has 4 observations and 20 variables.
NOTE: DATA statement used (Total process time):
      real time           0.00 seconds
      cpu time            0.01 seconds
      

MPRINT(EM_DIAGRAM):    proc printto;
MPRINT(EM_DIAGRAM):   run;
