MPRINT(EM_DIAGRAM):    data _null_;
MPRINT(EM_DIAGRAM):   call symput('NLDATE', strip(put(date(), NLDATE.)));
MPRINT(EM_DIAGRAM):   call symput('NLTIME', strip(put(datetime(), NLTIME.)));
MPRINT(EM_DIAGRAM):   run;
MPRINT(EM_DIAGRAM):   data _null_;
MPRINT(EM_DIAGRAM):   nldate= sasmsg("sashelp.dmine", "log_date_note", 'N', "November 19, 2019" );
MPRINT(EM_DIAGRAM):   nltime= sasmsg("sashelp.dmine", "log_time_note", 'N', "15:47:18" );
MPRINT(EM_DIAGRAM):   put "*------------------------------------------------------------*";
MPRINT(EM_DIAGRAM):   put "* Score Log";
MPRINT(EM_DIAGRAM):   put nldate;
MPRINT(EM_DIAGRAM):   put nltime;
MPRINT(EM_DIAGRAM):   put "*------------------------------------------------------------*";
MPRINT(EM_DIAGRAM):   run;
*------------------------------------------------------------*
* Score Log
Date:                November 19, 2019
Time:                15:47:18
*------------------------------------------------------------*
MPRINT(EM_DIAGRAM):    filename O05CJ7CY "C:\Users\student\Desktop\AA 490\Final Project\AA490_Project\Base Model\Workspaces\EMWS1\Ids4\EMSCORE.out" encoding="UTF-8" NOBOM;
MPRINT(EM_DIAGRAM):   proc printto print=O05CJ7CY new;
MPRINT(EM_DIAGRAM):   run;
22763      *------------------------------------------------------------*;
MPRINT(EM_DIAGRAM):    *------------------------------------------------------------*;
22764      * Ids4: Computing metadata for DATA data;
MPRINT(EM_DIAGRAM):   * Ids4: Computing metadata for DATA data;
22765      *------------------------------------------------------------*;
MPRINT(EM_DIAGRAM):   *------------------------------------------------------------*;

NOTE: View EMWS1.IDS4_DATA.VIEW used (Total process time):
      real time           0.03 seconds
      cpu time            0.03 seconds
      
22766      data EMWS1.Ids4_EMINFO;
MPRINT(EM_DIAGRAM):    data EMWS1.Ids4_EMINFO;
22767      length TARGET KEY $32 DATA $43;
MPRINT(EM_DIAGRAM):   length TARGET KEY $32 DATA $43;
22768      TARGET="";
MPRINT(EM_DIAGRAM):   TARGET="";
22769      KEY="IDSTABLE";
MPRINT(EM_DIAGRAM):   KEY="IDSTABLE";
22770      DATA="DATASET.OG_LABOR_JOIN";
MPRINT(EM_DIAGRAM):   DATA="DATASET.OG_LABOR_JOIN";
22771      output;
MPRINT(EM_DIAGRAM):   output;
22772      TARGET="Population_in_thousands";
MPRINT(EM_DIAGRAM):   TARGET="Population_in_thousands";
22773      KEY="DECDATA";
MPRINT(EM_DIAGRAM):   KEY="DECDATA";
22774      DATA="EMWS1.Ids4_Population_in_th_DD";
MPRINT(EM_DIAGRAM):   DATA="EMWS1.Ids4_Population_in_th_DD";
22775      output;
MPRINT(EM_DIAGRAM):   output;
22776      TARGET="Population_in_thousands";
MPRINT(EM_DIAGRAM):   TARGET="Population_in_thousands";
22777      KEY="DECMETA";
MPRINT(EM_DIAGRAM):   KEY="DECMETA";
22778      DATA="EMWS1.Ids4_Population_in_th_DM";
MPRINT(EM_DIAGRAM):   DATA="EMWS1.Ids4_Population_in_th_DM";
22779      output;
MPRINT(EM_DIAGRAM):   output;
22780      TARGET="Sum_Labor_Force_Pop";
MPRINT(EM_DIAGRAM):   TARGET="Sum_Labor_Force_Pop";
22781      KEY="DECDATA";
MPRINT(EM_DIAGRAM):   KEY="DECDATA";
22782      DATA="EMWS1.Ids4_Sum_Labor_Force__DD";
MPRINT(EM_DIAGRAM):   DATA="EMWS1.Ids4_Sum_Labor_Force__DD";
22783      output;
MPRINT(EM_DIAGRAM):   output;
22784      TARGET="Sum_Labor_Force_Pop";
MPRINT(EM_DIAGRAM):   TARGET="Sum_Labor_Force_Pop";
22785      KEY="DECMETA";
MPRINT(EM_DIAGRAM):   KEY="DECMETA";
22786      DATA="EMWS1.Ids4_Sum_Labor_Force__DM";
MPRINT(EM_DIAGRAM):   DATA="EMWS1.Ids4_Sum_Labor_Force__DM";
22787      output;
MPRINT(EM_DIAGRAM):   output;
22788      run;
MPRINT(EM_DIAGRAM):   run;

NOTE: The data set EMWS1.IDS4_EMINFO has 5 observations and 3 variables.
NOTE: DATA statement used (Total process time):
      real time           0.00 seconds
      cpu time            0.00 seconds
      

NOTE: View EMWS1.IDS4_DATA.VIEW used (Total process time):
      real time           0.02 seconds
      cpu time            0.01 seconds
      
22789      data EMWS1.Ids4_CMeta_DATA;
MPRINT(EM_DIAGRAM):    data EMWS1.Ids4_CMeta_DATA;
22790      set EMWS1.Ids4_VariableSet;
MPRINT(EM_DIAGRAM):   set EMWS1.Ids4_VariableSet;
22791      drop DROP;
MPRINT(EM_DIAGRAM):   drop DROP;
22792      where DROP='N';
MPRINT(EM_DIAGRAM):   where DROP='N';
22793      run;
MPRINT(EM_DIAGRAM):   run;

NOTE: There were 6 observations read from the data set EMWS1.IDS4_VARIABLESET.
      WHERE DROP='N';
NOTE: The data set EMWS1.IDS4_CMETA_DATA has 6 observations and 20 variables.
NOTE: DATA statement used (Total process time):
      real time           0.00 seconds
      cpu time            0.00 seconds
      

MPRINT(EM_DIAGRAM):    proc printto;
MPRINT(EM_DIAGRAM):   run;
