MPRINT(EM_DIAGRAM):    data _null_;
MPRINT(EM_DIAGRAM):   call symput('NLDATE', strip(put(date(), NLDATE.)));
MPRINT(EM_DIAGRAM):   call symput('NLTIME', strip(put(datetime(), NLTIME.)));
MPRINT(EM_DIAGRAM):   run;
MPRINT(EM_DIAGRAM):   data _null_;
MPRINT(EM_DIAGRAM):   nldate= sasmsg("sashelp.dmine", "log_date_note", 'N', "November 14, 2019" );
MPRINT(EM_DIAGRAM):   nltime= sasmsg("sashelp.dmine", "log_time_note", 'N', "16:23:36" );
MPRINT(EM_DIAGRAM):   put "*------------------------------------------------------------*";
MPRINT(EM_DIAGRAM):   put "* Score Log";
MPRINT(EM_DIAGRAM):   put nldate;
MPRINT(EM_DIAGRAM):   put nltime;
MPRINT(EM_DIAGRAM):   put "*------------------------------------------------------------*";
MPRINT(EM_DIAGRAM):   run;
*------------------------------------------------------------*
* Score Log
Date:                November 14, 2019
Time:                16:23:36
*------------------------------------------------------------*
MPRINT(EM_DIAGRAM):    filename O3RARLKN "C:\Users\student\Desktop\AA 490\Final Project\AA490_Project\Base Model\Workspaces\EMWS1\Ids3\EMSCORE.out" encoding="UTF-8" NOBOM;
MPRINT(EM_DIAGRAM):   proc printto print=O3RARLKN new;
MPRINT(EM_DIAGRAM):   run;
22736      *------------------------------------------------------------*;
MPRINT(EM_DIAGRAM):    *------------------------------------------------------------*;
22737      * Ids3: Computing metadata for DATA data;
MPRINT(EM_DIAGRAM):   * Ids3: Computing metadata for DATA data;
22738      *------------------------------------------------------------*;
MPRINT(EM_DIAGRAM):   *------------------------------------------------------------*;

NOTE: View EMWS1.IDS3_DATA.VIEW used (Total process time):
      real time           0.03 seconds
      cpu time            0.03 seconds
      
22739      data EMWS1.Ids3_EMINFO;
MPRINT(EM_DIAGRAM):    data EMWS1.Ids3_EMINFO;
22740      length TARGET KEY $32 DATA $43;
MPRINT(EM_DIAGRAM):   length TARGET KEY $32 DATA $43;
22741      TARGET="";
MPRINT(EM_DIAGRAM):   TARGET="";
22742      KEY="IDSTABLE";
MPRINT(EM_DIAGRAM):   KEY="IDSTABLE";
22743      DATA="DISEASE.OG_DISEASE_AND_PROJECTED";
MPRINT(EM_DIAGRAM):   DATA="DISEASE.OG_DISEASE_AND_PROJECTED";
22744      output;
MPRINT(EM_DIAGRAM):   output;
22745      TARGET="Age_group";
MPRINT(EM_DIAGRAM):   TARGET="Age_group";
22746      KEY="DECDATA";
MPRINT(EM_DIAGRAM):   KEY="DECDATA";
22747      DATA="EMWS1.Ids3_Age_group_DD";
MPRINT(EM_DIAGRAM):   DATA="EMWS1.Ids3_Age_group_DD";
22748      output;
MPRINT(EM_DIAGRAM):   output;
22749      TARGET="Age_group";
MPRINT(EM_DIAGRAM):   TARGET="Age_group";
22750      KEY="DECMETA";
MPRINT(EM_DIAGRAM):   KEY="DECMETA";
22751      DATA="EMWS1.Ids3_Age_group_DM";
MPRINT(EM_DIAGRAM):   DATA="EMWS1.Ids3_Age_group_DM";
22752      output;
MPRINT(EM_DIAGRAM):   output;
22753      run;
MPRINT(EM_DIAGRAM):   run;

NOTE: The data set EMWS1.IDS3_EMINFO has 3 observations and 3 variables.
NOTE: DATA statement used (Total process time):
      real time           0.00 seconds
      cpu time            0.00 seconds
      

NOTE: View EMWS1.IDS3_DATA.VIEW used (Total process time):
      real time           0.03 seconds
      cpu time            0.01 seconds
      
22754      data EMWS1.Ids3_CMeta_DATA;
MPRINT(EM_DIAGRAM):    data EMWS1.Ids3_CMeta_DATA;
22755      set EMWS1.Ids3_VariableSet;
MPRINT(EM_DIAGRAM):   set EMWS1.Ids3_VariableSet;
22756      drop DROP;
MPRINT(EM_DIAGRAM):   drop DROP;
22757      where DROP='N';
MPRINT(EM_DIAGRAM):   where DROP='N';
22758      run;
MPRINT(EM_DIAGRAM):   run;

NOTE: There were 6 observations read from the data set EMWS1.IDS3_VARIABLESET.
      WHERE DROP='N';
NOTE: The data set EMWS1.IDS3_CMETA_DATA has 6 observations and 20 variables.
NOTE: DATA statement used (Total process time):
      real time           0.01 seconds
      cpu time            0.01 seconds
      

MPRINT(EM_DIAGRAM):    proc printto;
MPRINT(EM_DIAGRAM):   run;
