 
                                                                                                                                                                                                                                                                
 
 
Variable Summary

          Measurement    Frequency
 Role        Level         Count

INPUT      INTERVAL          3    
INPUT      NOMINAL           2    
TARGET     NOMINAL           1    
 
                                                                                                                                                                                                                                                                
 
 
Output Table Attributes

Attribute            Value

Output Table         EMWS1.Ids3_DATA
Output Type          View           
Dropped Variables    0              
Data Mining Role     Train          
 
                                                                                                                                                                                                                                                                
 
 
Input Table Attributes

Attribute                                  Value

Data Source                                ogdiseaseandprojected   
                                                                   
Library Name                               DISEASE                 
Library Member Name                        OG_DISEASE_AND_PROJECTED
Data Set Label                                                     
Special Data Set Type (From TYPE=)                                 
Observations in Data Set                   1575                    
Engine Name                                BASE                    
Create Date                                12Nov2019:15:40:07      
Last Modified Date                         12Nov2019:15:40:07      
Deleted Observations in Data Set           0                       
Use of Variable in Indexes                 NONE                    
Library Member Type                        DATA                    
Number of Indexes for Data Set             0                       
Password Protection (Read Write Alter)     ---                     
Update Flags (Protect Contribute Add)      ---                     
Compression Routine                        NO                      
Reuse Space                                NO                      
Sorted and/or Validated                    1                       
Position of Variable in Sortedby Clause    1                       
Host Character Set                         ANSI                    
Collating Sequence                                                 
Sort Option: No Duplicate Keys             YES                     
Sort Option: No Duplicate Records          NO                      
Encryption Routine                         NO                      
Point to Observations                      YES                     
Maximum Number of Generations              0                       
Generation Number                          .                       
Next Generation Number                     .                       
Character Variables Transcoded             YES                     
Variables                                  6                       
