NOTE: PROCEDURE PRINTTO used (Total process time):
      real time           0.00 seconds
      cpu time            0.00 seconds
      

Traverser: Traverser invoked.  MPCONNECT command is !sascmdv -nosyntaxcheck -noasynchio -noobjectserver. 
Traverser: Beginning flow traversal 
13300      data _null_;
MPRINT(EM_DIAGRAM):    data _null_;
13301      file emwipmsg;
MPRINT(EM_DIAGRAM):   file emwipmsg;
13302      put '<Node Id="Ids" Event="Run" Pid="8612" Gridid=""/>';
MPRINT(EM_DIAGRAM):   put '<Node Id="Ids" Event="Run" Pid="8612" Gridid=""/>';
13303      run;
MPRINT(EM_DIAGRAM):   run;

NOTE: The file EMWIPMSG is:
      Local Host Name=Yoga370-MP19ZG28,
      Local Host IP addr=fe80::c540:cc0b:6332:64a3%15,
      Peer Hostname Name=Yoga370-MP19ZG28,
      Peer IP addr=127.0.0.1,Peer Name=N/A,
      Peer Portno=52576,Lrecl=32767,Recfm=Variable

NOTE: 1 record was written to the file EMWIPMSG.
      The minimum record length was 49.
      The maximum record length was 49.
NOTE: DATA statement used (Total process time):
      real time           0.00 seconds
      cpu time            0.00 seconds
      

13304      %let emloopmode =;
*------------------------------------------------------------* 
* 
* Ids : Beginning update before running 
* datetime : 19NOV2019:16:09:38 
* 
*------------------------------------------------------------* 
13305      *------------------------------------------------------------*;
MPRINT(EM_DIAGRAM):     *------------------------------------------------------------*;
13306      * Ids: Update Variables Set;
MPRINT(EM_DIAGRAM):   * Ids: Update Variables Set;
13307      *------------------------------------------------------------*;
MPRINT(EM_DIAGRAM):   *------------------------------------------------------------*;

13308      data EMWS1.Ids_VariableSet;
MPRINT(EM_DIAGRAM):    data EMWS1.Ids_VariableSet;
13309      length ROLE $32;
MPRINT(EM_DIAGRAM):   length ROLE $32;
13310      length LEVEL $10;
MPRINT(EM_DIAGRAM):   length LEVEL $10;
13311      length REPORT $1;
MPRINT(EM_DIAGRAM):   length REPORT $1;
13312      label REPORT = "Report";
MPRINT(EM_DIAGRAM):   label REPORT = "Report";
13313      length ORDER $8;
MPRINT(EM_DIAGRAM):   length ORDER $8;
13314      length DROP $1;
MPRINT(EM_DIAGRAM):   length DROP $1;
13315      length LOWERLIMIT 8;
MPRINT(EM_DIAGRAM):   length LOWERLIMIT 8;
13316      length UPPERLIMIT 8;
MPRINT(EM_DIAGRAM):   length UPPERLIMIT 8;
13317      set EMWS1.Ids_EMCMETADEFAULT;
MPRINT(EM_DIAGRAM):   set EMWS1.Ids_EMCMETADEFAULT;
13318      run;
MPRINT(EM_DIAGRAM):   run;

NOTE: There were 6 observations read from the data set EMWS1.IDS_EMCMETADEFAULT.
NOTE: The data set EMWS1.IDS_VARIABLESET has 6 observations and 21 variables.
NOTE: DATA statement used (Total process time):
      real time           0.00 seconds
      cpu time            0.00 seconds
      

13319      * Ids: End of Update Variables Set;
MPRINT(EM_DIAGRAM):    * Ids: End of Update Variables Set;
13320      *------------------------------------------------------------*;
MPRINT(EM_DIAGRAM):   *------------------------------------------------------------*;

MPRINT(EM_DIAGRAM):    filename _emtool_ 'C:\Users\student\Desktop\AA Capstone\Project\GitRepository\aa490_project\Modeling\Modeling_Projected_Labor_Force_Pop\Workspaces\EMWS1\Ids\PROPERTIES.xml' encoding="UTF-8" NOBOM;
13322      %let _HPDMGRIDHOST=;
13323      %let _HPDMGRIDINSTALLLOC=;
13324      %let _HPDMGRIDDATASERVER=;
13325      %hpdm_gridSetOPtions;
MPRINT(EM_DIAGRAM):   
MPRINT(HPDM_GRIDSETOPTIONS):   data _null_;
MPRINT(HPDM_GRIDSETOPTIONS):   length optionString string $2000;
MPRINT(HPDM_GRIDSETOPTIONS):   optionString = reverse(getoption('SET'));
MPRINT(HPDM_GRIDSETOPTIONS):   index = index(optionString, reverse('GRIDHOST'));
MPRINT(HPDM_GRIDSETOPTIONS):   if index then do;
MPRINT(HPDM_GRIDSETOPTIONS):   string = reverse(substr(optionString, 1, index-4));
MPRINT(HPDM_GRIDSETOPTIONS):   host = '"'!!strip(tranwrd(scan(string, 1, ']'), '"', ''))!!'"';
MPRINT(HPDM_GRIDSETOPTIONS):   call symput('_HPDMGRIDHOST', strip(host));
MPRINT(HPDM_GRIDSETOPTIONS):   end;
MPRINT(HPDM_GRIDSETOPTIONS):   index = index(optionString, reverse('GRIDINSTALLLOC'));
MPRINT(HPDM_GRIDSETOPTIONS):   if index then do;
MPRINT(HPDM_GRIDSETOPTIONS):   string = reverse(substr(optionString, 1, index-4));
MPRINT(HPDM_GRIDSETOPTIONS):   install = '"'!!strip(tranwrd(scan(string, 1, ']'), '"', ''))!!'"';
MPRINT(HPDM_GRIDSETOPTIONS):   call symput('_HPDMGRIDINSTALLLOC', strip(install));
MPRINT(HPDM_GRIDSETOPTIONS):   end;
MPRINT(HPDM_GRIDSETOPTIONS):   index = index(optionString, reverse('GRIDDATASERVER'));
MPRINT(HPDM_GRIDSETOPTIONS):   if index then do;
MPRINT(HPDM_GRIDSETOPTIONS):   string = reverse(substr(optionString, 1, index-4));
MPRINT(HPDM_GRIDSETOPTIONS):   server = '"'!!strip(tranwrd(scan(string, 1, ']'), '"', ''))!!'"';
MPRINT(HPDM_GRIDSETOPTIONS):   call symput('_HPDMGRIDDATASERVER', strip(server));
MPRINT(HPDM_GRIDSETOPTIONS):   end;
MPRINT(HPDM_GRIDSETOPTIONS):   run;

NOTE: DATA statement used (Total process time):
      real time           0.01 seconds
      cpu time            0.01 seconds
      

MPRINT(EM_DIAGRAM):  ;

*------------------------------------------------------------* 
* 
* Ids : End update 
* datetime : 19NOV2019:16:09:39 
* 
*------------------------------------------------------------* 
13326      %em_getactionstatus(emlib =EMWS1, nodeid=Ids);
MPRINT(EM_DIAGRAM):   
MPRINT(EM_GETACTIONSTATUS):   proc display c=sashelp.emutil.getactionstatus.scl;
MPRINT(EM_GETACTIONSTATUS):   run;

13327      %let em_Train = Y;
13328      %let em_Report = Y;
13329      %let em_Score = Y;
13330      %let em_Run = Y;
NOTE: PROCEDURE DISPLAY used (Total process time):
      real time           0.00 seconds
      cpu time            0.00 seconds
      

MPRINT(EM_GETACTIONSTATUS):   
MPRINT(EM_DIAGRAM):  ;

13331      %let emloopmode =;
13332      %let emloopnumber =0;
13333      %let emloopId =Ids;
*------------------------------------------------------------* 
* 
* Ids : Running 
* datetime : 19NOV2019:16:09:39 
* 
*------------------------------------------------------------* 
13334      %let SYSCC =0;
13335      %let EMGROUPMODE =;
13336      %let EMGROUPID =;
MPRINT(EM_DIAGRAM):      filename temp catalog 'sashelp.emutil.em_vardist.source';
MPRINT(EM_DIAGRAM):   filename temp;
MPRINT(EM_DIAGRAM):   filename temp catalog 'sashelp.emutil.em_classdist.source';
MPRINT(EM_DIAGRAM):   filename temp;
MPRINT(EM_DIAGRAM):   filename temp catalog 'sashelp.emutil.em_checksetinit.source';
MPRINT(EM_DIAGRAM):   filename temp;
MPRINT(EM_DIAGRAM):   filename temp catalog 'sashelp.emutil.em_checkerror.source';
MPRINT(EM_DIAGRAM):   filename temp;
MPRINT(EM_DIAGRAM):   filename temp catalog 'sashelp.emutil.em_odsliston.source';
MPRINT(EM_DIAGRAM):   filename temp;
MPRINT(EM_DIAGRAM):   filename temp catalog 'sashelp.emutil.em_odslistoff.source';
MPRINT(EM_DIAGRAM):   filename temp;
MPRINT(EM_DIAGRAM):   filename temp catalog 'sashelp.emutil.em_getvarname.source';
MPRINT(EM_DIAGRAM):   filename temp;
MPRINT(EM_DIAGRAM):   filename temp catalog 'sashelp.emassmt.em_assess.source';
MPRINT(EM_DIAGRAM):   filename temp;
MPRINT(EM_DIAGRAM):    filename L3DJ059M "C:\Users\student\Desktop\AA Capstone\Project\GitRepository\aa490_project\Modeling\Modeling_Projected_Labor_Force_Pop\Workspaces\EMWS1\Ids\EMTRAIN.log" encoding="UTF-8" NOBOM;
MPRINT(EM_DIAGRAM):   proc printto log=L3DJ059M new;
MPRINT(EM_DIAGRAM):   run;
