MPRINT(EM_DIAGRAM):    data _null_;
MPRINT(EM_DIAGRAM):   call symput('NLDATE', strip(put(date(), NLDATE.)));
MPRINT(EM_DIAGRAM):   call symput('NLTIME', strip(put(datetime(), NLTIME.)));
MPRINT(EM_DIAGRAM):   run;
MPRINT(EM_DIAGRAM):   data _null_;
MPRINT(EM_DIAGRAM):   nldate= sasmsg("sashelp.dmine", "log_date_note", 'N', "December 09, 2019" );
MPRINT(EM_DIAGRAM):   nltime= sasmsg("sashelp.dmine", "log_time_note", 'N', "17:11:22" );
MPRINT(EM_DIAGRAM):   put "*------------------------------------------------------------*";
MPRINT(EM_DIAGRAM):   put "* Score Log";
MPRINT(EM_DIAGRAM):   put nldate;
MPRINT(EM_DIAGRAM):   put nltime;
MPRINT(EM_DIAGRAM):   put "*------------------------------------------------------------*";
MPRINT(EM_DIAGRAM):   run;
*------------------------------------------------------------*
* Score Log
Date:                December 09, 2019
Time:                17:11:22
*------------------------------------------------------------*
MPRINT(EM_DIAGRAM):    filename O04WXKLS "C:\Users\student\Desktop\AA490\Project\AA490_Project\Modeling\Labor Force Model\Workspaces\EMWS2\Ids2\EMSCORE.out" encoding="UTF-8" NOBOM;
MPRINT(EM_DIAGRAM):   proc printto print=O04WXKLS new;
MPRINT(EM_DIAGRAM):   run;
28575      *------------------------------------------------------------*;
MPRINT(EM_DIAGRAM):    *------------------------------------------------------------*;
28576      * Ids2: Computing metadata for DATA data;
MPRINT(EM_DIAGRAM):   * Ids2: Computing metadata for DATA data;
28577      *------------------------------------------------------------*;
MPRINT(EM_DIAGRAM):   *------------------------------------------------------------*;

NOTE: View EMWS2.IDS2_DATA.VIEW used (Total process time):
      real time           0.01 seconds
      cpu time            0.01 seconds
      
28578      data EMWS2.Ids2_EMINFO;
MPRINT(EM_DIAGRAM):    data EMWS2.Ids2_EMINFO;
28579      length TARGET KEY $32 DATA $43;
MPRINT(EM_DIAGRAM):   length TARGET KEY $32 DATA $43;
28580      TARGET="";
MPRINT(EM_DIAGRAM):   TARGET="";
28581      KEY="IDSTABLE";
MPRINT(EM_DIAGRAM):   KEY="IDSTABLE";
28582      DATA="SASUSER.DISEASE_HISTORIC_JOIN_1";
MPRINT(EM_DIAGRAM):   DATA="SASUSER.DISEASE_HISTORIC_JOIN_1";
28583      output;
MPRINT(EM_DIAGRAM):   output;
28584      TARGET="Cases_in_1000s";
MPRINT(EM_DIAGRAM):   TARGET="Cases_in_1000s";
28585      KEY="DECDATA";
MPRINT(EM_DIAGRAM):   KEY="DECDATA";
28586      DATA="EMWS2.Ids2_Cases_in_1000s_DD";
MPRINT(EM_DIAGRAM):   DATA="EMWS2.Ids2_Cases_in_1000s_DD";
28587      output;
MPRINT(EM_DIAGRAM):   output;
28588      TARGET="Cases_in_1000s";
MPRINT(EM_DIAGRAM):   TARGET="Cases_in_1000s";
28589      KEY="DECMETA";
MPRINT(EM_DIAGRAM):   KEY="DECMETA";
28590      DATA="EMWS2.Ids2_Cases_in_1000s_DM";
MPRINT(EM_DIAGRAM):   DATA="EMWS2.Ids2_Cases_in_1000s_DM";
28591      output;
MPRINT(EM_DIAGRAM):   output;
28592      run;
MPRINT(EM_DIAGRAM):   run;

NOTE: The data set EMWS2.IDS2_EMINFO has 3 observations and 3 variables.
NOTE: DATA statement used (Total process time):
      real time           0.01 seconds
      cpu time            0.01 seconds
      

NOTE: View EMWS2.IDS2_DATA.VIEW used (Total process time):
      real time           0.03 seconds
      cpu time            0.03 seconds
      
28593      data EMWS2.Ids2_CMeta_DATA;
MPRINT(EM_DIAGRAM):    data EMWS2.Ids2_CMeta_DATA;
28594      set EMWS2.Ids2_VariableSet;
MPRINT(EM_DIAGRAM):   set EMWS2.Ids2_VariableSet;
28595      drop DROP;
MPRINT(EM_DIAGRAM):   drop DROP;
28596      where DROP='N';
MPRINT(EM_DIAGRAM):   where DROP='N';
28597      run;
MPRINT(EM_DIAGRAM):   run;

NOTE: There were 6 observations read from the data set EMWS2.IDS2_VARIABLESET.
      WHERE DROP='N';
NOTE: The data set EMWS2.IDS2_CMETA_DATA has 6 observations and 20 variables.
NOTE: DATA statement used (Total process time):
      real time           0.01 seconds
      cpu time            0.01 seconds
      

MPRINT(EM_DIAGRAM):    proc printto;
MPRINT(EM_DIAGRAM):   run;
