 
                                                                                                                                                                                                                                                                
 
 
Class Variable Summary Statistics

Data Role=TRAIN Output Type=SEGMENT

                      Numeric    Formatted    Frequency
     Variable          Value       Value        Count      Percent

b_Population_in_th        1         1             27       5.35714
b_Population_in_th        2         2             24       4.76190
b_Population_in_th        3         3             26       5.15873
b_Population_in_th        4         4             24       4.76190
b_Population_in_th        5         5             25       4.96032
b_Population_in_th        6         6             29       5.75397
b_Population_in_th        7         7             22       4.36508
b_Population_in_th        8         8             25       4.96032
b_Population_in_th        9         9             26       5.15873
b_Population_in_th       10         10            25       4.96032
b_Population_in_th       11         11            28       5.55556
b_Population_in_th       12         12            24       4.76190
b_Population_in_th       13         13            23       4.56349
b_Population_in_th       14         14            28       5.55556
b_Population_in_th       15         15            24       4.76190
b_Population_in_th       16         16            24       4.76190
b_Population_in_th       17         17            25       4.96032
b_Population_in_th       18         18            26       5.15873
b_Population_in_th       19         19            26       5.15873
b_Population_in_th       20         20            23       4.56349


Data Role=VALIDATE Output Type=SEGMENT

                      Numeric    Formatted    Frequency
     Variable          Value       Value        Count      Percent

b_Population_in_th        1         1             13       3.86905
b_Population_in_th        2         2             26       7.73810
b_Population_in_th        3         3              9       2.67857
b_Population_in_th        4         4             16       4.76190
b_Population_in_th        5         5             15       4.46429
b_Population_in_th        6         6             16       4.76190
b_Population_in_th        7         7             18       5.35714
b_Population_in_th        8         8             30       8.92857
b_Population_in_th        9         9             24       7.14286
b_Population_in_th       10         10            20       5.95238
b_Population_in_th       11         11            17       5.05952
b_Population_in_th       12         12            16       4.76190
b_Population_in_th       13         13            12       3.57143
b_Population_in_th       14         14            17       5.05952
b_Population_in_th       15         15            11       3.27381
b_Population_in_th       16         16            16       4.76190
b_Population_in_th       17         17            10       2.97619
b_Population_in_th       18         18            24       7.14286
b_Population_in_th       19         19            19       5.65476
b_Population_in_th       20         20             7       2.08333
 
                                                                                                                                                                                                                                                                
 
 
Interval Variable Summary Statistics

Variable Name=P_Sum_Labor_Force_Pop

Statistics    Label                        TRAIN        VALIDATE

  MEAN        Mean                    6859042.51      6877516.39
  STD         Standard Deviation      5253583.77      5061189.53
  N           Non Missing                 504.00          336.00
  MIN         Minimum                 -950846.70      -950846.70
  P25         25th Percentile          226814.09      4074863.86
  MEDIAN      Median                  7082676.41      4917535.78
  P75         75th Percentile        11645492.05     11627449.01
  MAX         Maximum                14611902.19     14611902.19
