MPRINT(EM_DIAGRAM):    data _null_;
MPRINT(EM_DIAGRAM):   call symput('NLDATE', strip(put(date(), NLDATE.)));
MPRINT(EM_DIAGRAM):   call symput('NLTIME', strip(put(datetime(), NLTIME.)));
MPRINT(EM_DIAGRAM):   run;
MPRINT(EM_DIAGRAM):   data _null_;
MPRINT(EM_DIAGRAM):   nldate= sasmsg("sashelp.dmine", "log_date_note", 'N', "November 19, 2019" );
MPRINT(EM_DIAGRAM):   nltime= sasmsg("sashelp.dmine", "log_time_note", 'N', "15:55:58" );
MPRINT(EM_DIAGRAM):   put "*------------------------------------------------------------*";
MPRINT(EM_DIAGRAM):   put "* Report Log";
MPRINT(EM_DIAGRAM):   put nldate;
MPRINT(EM_DIAGRAM):   put nltime;
MPRINT(EM_DIAGRAM):   put "*------------------------------------------------------------*";
MPRINT(EM_DIAGRAM):   run;
*------------------------------------------------------------*
* Report Log
Date:                November 19, 2019
Time:                15:55:58
*------------------------------------------------------------*
MPRINT(EM_DIAGRAM):    filename O2DDBLFM "C:\Users\student\Desktop\AA 490\Final Project\AA490_Project\Base Model\Workspaces\EMWS1\Score5\EMREPORT.out" encoding="UTF-8" NOBOM;
MPRINT(EM_DIAGRAM):   proc printto print=O2DDBLFM new;
MPRINT(EM_DIAGRAM):   run;
32370      data WORK.SCOREFREQMETA;
MPRINT(EM_DIAGRAM):    data WORK.SCOREFREQMETA;
32371      length NAME $32 ROLE $32 LEVEL $8;
MPRINT(EM_DIAGRAM):   length NAME $32 ROLE $32 LEVEL $8;
32372      NAME="b_Population_in_th";
MPRINT(EM_DIAGRAM):   NAME="b_Population_in_th";
32373      ROLE="INPUT";
MPRINT(EM_DIAGRAM):   ROLE="INPUT";
32374      LEVEL="NOMINAL";
MPRINT(EM_DIAGRAM):   LEVEL="NOMINAL";
32375      TYPE="N";
MPRINT(EM_DIAGRAM):   TYPE="N";
32376      output;
MPRINT(EM_DIAGRAM):   output;
32377      run;
MPRINT(EM_DIAGRAM):   run;

NOTE: The data set WORK.SCOREFREQMETA has 1 observations and 4 variables.
NOTE: DATA statement used (Total process time):
      real time           0.00 seconds
      cpu time            0.00 seconds
      

32378      data WORK.SCOREHISTMETA;
MPRINT(EM_DIAGRAM):    data WORK.SCOREHISTMETA;
32379      length NAME $32 ROLE $32 LEVEL $8;
MPRINT(EM_DIAGRAM):   length NAME $32 ROLE $32 LEVEL $8;
32380      NAME="P_Sum_Labor_Force_Pop";
MPRINT(EM_DIAGRAM):   NAME="P_Sum_Labor_Force_Pop";
32381      ROLE="INPUT";
MPRINT(EM_DIAGRAM):   ROLE="INPUT";
32382      LEVEL="INTERVAL";
MPRINT(EM_DIAGRAM):   LEVEL="INTERVAL";
32383      TYPE="N";
MPRINT(EM_DIAGRAM):   TYPE="N";
32384      output;
MPRINT(EM_DIAGRAM):   output;
32385      run;
MPRINT(EM_DIAGRAM):   run;

NOTE: The data set WORK.SCOREHISTMETA has 1 observations and 4 variables.
NOTE: DATA statement used (Total process time):
      real time           0.00 seconds
      cpu time            0.00 seconds
      

NOTE: View EMWS1.MDLCOMP2_TRAIN.VIEW used (Total process time):
      real time           0.09 seconds
      cpu time            0.09 seconds
      
32386      ods listing close;
MPRINT(EM_DIAGRAM):    ods listing close;
32387      ods output onewayfreqs=WORK.TEMPFREQ;
MPRINT(EM_DIAGRAM):   ods output onewayfreqs=WORK.TEMPFREQ;
32388      proc freq data = EMWS1.MdlComp2_TRAIN order=formatted addnames;
MPRINT(EM_DIAGRAM):   proc freq data = EMWS1.MdlComp2_TRAIN order=formatted addnames;
32389      table b_Population_in_th / missing;
MPRINT(EM_DIAGRAM):   table b_Population_in_th / missing;
32390      run;
MPRINT(EM_DIAGRAM):   run;

NOTE: There were 504 observations read from the data set EMWS1.PART4_TRAIN.
NOTE: View EMWS1.MDLCOMP2_TRAIN.VIEW used (Total process time):
      real time           0.08 seconds
      cpu time            0.06 seconds
      
NOTE: There were 504 observations read from the data set EMWS1.NEURAL2_TRAIN.
NOTE: The data set WORK.TEMPFREQ has 20 observations and 8 variables.
NOTE: There were 504 observations read from the data set EMWS1.MDLCOMP2_TRAIN.
NOTE: PROCEDURE FREQ used (Total process time):
      real time           0.09 seconds
      cpu time            0.07 seconds
      

MPRINT(EM_DIAGRAM):   quit;
32391      quit;
32392      ods listing;
MPRINT(EM_DIAGRAM):   ods listing;
32393      data WORK.Score5_BAR(keep=_VARIABLE_ TYPE COUNT PERCENT _X_ _XLABEL_);
MPRINT(EM_DIAGRAM):    data WORK.Score5_BAR(keep=_VARIABLE_ TYPE COUNT PERCENT _X_ _XLABEL_);
32394      label _VARIABLE_ = "%sysfunc(sasmsg(sashelp.dmine, rpt_variable_vlabel, NOQUOTE))" Type = "%sysfunc(sasmsg(sashelp.dmine, rpt_type_vlabel,         NOQUOTE))" _X_ = "%sysfunc(sasmsg(sashelp.dmine, rpt_numValue_vlabel, NOQUOTE))" _XLABEL_ =
32395         "%sysfunc(sasmsg(sashelp.dmine, rpt_fmtValue_vlabel ,    NOQUOTE))" COUNT = "%sysfunc(sasmsg(sashelp.dmine, rpt_count_vlabel,        NOQUOTE))" PERCENT = "%sysfunc(sasmsg(sashelp.dmine, rpt_percent_vlabel,      NOQUOTE))";
MPRINT(EM_DIAGRAM):   label _VARIABLE_ = "Variable" Type = "Type" _X_ = "Numeric Value" _XLABEL_ = "Formatted Value" COUNT = "Frequency Count" PERCENT = "Percent";
32396      dsid = open("WORK.TEMPFREQ");
MPRINT(EM_DIAGRAM):   dsid = open("WORK.TEMPFREQ");
32397      varnum = varnum(dsid, 'VARIABLE');
MPRINT(EM_DIAGRAM):   varnum = varnum(dsid, 'VARIABLE');
32398      freqnum = varnum(dsid, 'FREQUENCY');
MPRINT(EM_DIAGRAM):   freqnum = varnum(dsid, 'FREQUENCY');
32399      pvarnum = varnum(dsid, 'PERCENT');
MPRINT(EM_DIAGRAM):   pvarnum = varnum(dsid, 'PERCENT');
32400      typenum = varnum(dsid, '_TYPE_');
MPRINT(EM_DIAGRAM):   typenum = varnum(dsid, '_TYPE_');
32401      length _VARIABLE_ $32 TYPE $1 _XLABEL_ $32;
MPRINT(EM_DIAGRAM):   length _VARIABLE_ $32 TYPE $1 _XLABEL_ $32;
32402      do while(^fetch(dsid));
MPRINT(EM_DIAGRAM):   do while(^fetch(dsid));
32403      _VARIABLE_ = strip(getvarc(dsid, varnum));
MPRINT(EM_DIAGRAM):   _VARIABLE_ = strip(getvarc(dsid, varnum));
32404      count = getvarn(dsid, freqnum);
MPRINT(EM_DIAGRAM):   count = getvarn(dsid, freqnum);
32405      percent= getvarn(dsid, pvarnum);
MPRINT(EM_DIAGRAM):   percent= getvarn(dsid, pvarnum);
32406      vvarnum = varnum(dsid, _VARIABLE_);
MPRINT(EM_DIAGRAM):   vvarnum = varnum(dsid, _VARIABLE_);
32407      type = vartype(dsid, vvarnum);
MPRINT(EM_DIAGRAM):   type = vartype(dsid, vvarnum);
32408      fvarnum = varnum(dsid, 'F_'!!substr(_VARIABLE_, 1, 30));
MPRINT(EM_DIAGRAM):   fvarnum = varnum(dsid, 'F_'!!substr(_VARIABLE_, 1, 30));
32409      _XLABEL_ = left(getvarc(dsid, fvarnum));
MPRINT(EM_DIAGRAM):   _XLABEL_ = left(getvarc(dsid, fvarnum));
32410      _X_ = .;
MPRINT(EM_DIAGRAM):   _X_ = .;
32411      if TYPE eq 'N' then _X_ = getvarn(dsid, vvarnum);
MPRINT(EM_DIAGRAM):   if TYPE eq 'N' then _X_ = getvarn(dsid, vvarnum);
32412      output;
MPRINT(EM_DIAGRAM):   output;
32413      end;
MPRINT(EM_DIAGRAM):   end;
32414      dsid = close(dsid);
MPRINT(EM_DIAGRAM):   dsid = close(dsid);
32415      run;
MPRINT(EM_DIAGRAM):   run;

NOTE: The data set WORK.SCORE5_BAR has 20 observations and 6 variables.
NOTE: DATA statement used (Total process time):
      real time           0.01 seconds
      cpu time            0.01 seconds
      

32416      proc sort data=WORK.Score5_BAR NOTHREADS;
MPRINT(EM_DIAGRAM):   proc sort data=WORK.Score5_BAR NOTHREADS;
32417      by _VARIABLE_;
MPRINT(EM_DIAGRAM):   by _VARIABLE_;
32418      run;
MPRINT(EM_DIAGRAM):   run;

NOTE: There were 20 observations read from the data set WORK.SCORE5_BAR.
NOTE: The data set WORK.SCORE5_BAR has 20 observations and 6 variables.
NOTE: PROCEDURE SORT used (Total process time):
      real time           0.00 seconds
      cpu time            0.00 seconds
      

32419      proc sort data=WORK.M29S82LE;
MPRINT(EM_DIAGRAM):   proc sort data=WORK.M29S82LE;
32420      by Name;
MPRINT(EM_DIAGRAM):   by Name;
32421      run;
MPRINT(EM_DIAGRAM):   run;

NOTE: There were 1 observations read from the data set WORK.M29S82LE.
NOTE: The data set WORK.M29S82LE has 1 observations and 4 variables.
NOTE: PROCEDURE SORT used (Total process time):
      real time           0.00 seconds
      cpu time            0.00 seconds
      

32422      data WORK.Score5_BAR;
MPRINT(EM_DIAGRAM):   data WORK.Score5_BAR;
32423      merge WORK.Score5_BAR(in=_a) WORK.M29S82LE(keep=Name Role rename=(Name=_Variable_));
MPRINT(EM_DIAGRAM):   merge WORK.Score5_BAR(in=_a) WORK.M29S82LE(keep=Name Role rename=(Name=_Variable_));
32424      by _Variable_;
MPRINT(EM_DIAGRAM):   by _Variable_;
32425      label Role = "%sysfunc(sasmsg(sashelp.dmine, meta_role_vlabel ,  NOQUOTE))";
MPRINT(EM_DIAGRAM):   label Role = "Role";
32426      if _a then output;
MPRINT(EM_DIAGRAM):   if _a then output;
32427      run;
MPRINT(EM_DIAGRAM):   run;

NOTE: There were 20 observations read from the data set WORK.SCORE5_BAR.
NOTE: There were 1 observations read from the data set WORK.M29S82LE.
NOTE: The data set WORK.SCORE5_BAR has 20 observations and 7 variables.
NOTE: DATA statement used (Total process time):
      real time           0.00 seconds
      cpu time            0.00 seconds
      

32428      data WORK.Score5_BAR;
MPRINT(EM_DIAGRAM):    data WORK.Score5_BAR;
32429      length DATAROLE $8 TYPE $14;
MPRINT(EM_DIAGRAM):   length DATAROLE $8 TYPE $14;
32430      retain DATAROLE "TRAIN";
MPRINT(EM_DIAGRAM):   retain DATAROLE "TRAIN";
32431      set WORK.Score5_BAR;
MPRINT(EM_DIAGRAM):   set WORK.Score5_BAR;
32432      run;
MPRINT(EM_DIAGRAM):   run;

NOTE: There were 20 observations read from the data set WORK.SCORE5_BAR.
NOTE: The data set WORK.SCORE5_BAR has 20 observations and 8 variables.
NOTE: DATA statement used (Total process time):
      real time           0.00 seconds
      cpu time            0.01 seconds
      

32433      proc append base=EMWS1.Score5_BAR data=WORK.Score5_BAR;
MPRINT(EM_DIAGRAM):   proc append base=EMWS1.Score5_BAR data=WORK.Score5_BAR;
32434      run;
MPRINT(EM_DIAGRAM):   run;

NOTE: Appending WORK.SCORE5_BAR to EMWS1.SCORE5_BAR.
NOTE: BASE data set does not exist. DATA file is being copied to BASE file.
NOTE: There were 20 observations read from the data set WORK.SCORE5_BAR.
NOTE: The data set EMWS1.SCORE5_BAR has 20 observations and 8 variables.
NOTE: PROCEDURE APPEND used (Total process time):
      real time           0.00 seconds
      cpu time            0.00 seconds
      

32435      %var_profile(DATA=EMWS1.MdlComp2_TRAIN, OUTPUT=work.Score5_VARHIST, METADATA=WORK.SCOREHISTMETA, COMPUTESTAT=N, BINDATA=_bindata, STAT=_STAT, PCTLSTAT=work.Score5_SUMDATA, FREQ=, BIN=Y, NUMBARS= 16);
MPRINT(EM_DIAGRAM):   
*------------------------------------------------------------*
* Score5: Computing Summary Statistics
*------------------------------------------------------------*
MPRINT(VAR_PROFILE):   filename _mac catalog 'WORK.MACROS.VARIABLES.SOURCE';
MPRINT(VAR_PROFILE):   data _null;
MPRINT(VAR_PROFILE):   set WORK.SCOREHISTMETA(where=(LEVEL = 'INTERVAL' and ROLE ne 'FREQ')) end=eof;
MPRINT(VAR_PROFILE):   if eof then call symput('_nobs', put(_N_, best.));
MPRINT(VAR_PROFILE):   run;

NOTE: There were 1 observations read from the data set WORK.SCOREHISTMETA.
      WHERE (LEVEL='INTERVAL') and (ROLE not = 'FREQ');
NOTE: The data set WORK._NULL has 1 observations and 4 variables.
NOTE: DATA statement used (Total process time):
      real time           0.00 seconds
      cpu time            0.00 seconds
      

MPRINT(VAR_PROFILE):   data _null_;
MPRINT(VAR_PROFILE):   file _mac;
MPRINT(VAR_PROFILE):   length _VARS $80;
MPRINT(VAR_PROFILE):   retain _vars;
MPRINT(VAR_PROFILE):   if _n_ =1 then put '%macro _vars;';
MPRINT(VAR_PROFILE):   set WORK.SCOREHISTMETA end=eof;
MPRINT(VAR_PROFILE):   where LEVEL = 'INTERVAL' or ROLE='FREQ';
MPRINT(VAR_PROFILE):   if ROLE='FREQ' then call symput('FREQ', trim(NAME));
MPRINT(VAR_PROFILE):   else do;
MPRINT(VAR_PROFILE):   if length(strip(_vars)) + length(strip(NAME)) + 1 <80 then _vars = strip(_vars)!! ' ' !!strip(NAME);
MPRINT(VAR_PROFILE):   else do;
MPRINT(VAR_PROFILE):   put _Vars;
MPRINT(VAR_PROFILE):   _vars = strip(NAME);
MPRINT(VAR_PROFILE):   end;
MPRINT(VAR_PROFILE):   end;
MPRINT(VAR_PROFILE):   if eof then do;
MPRINT(VAR_PROFILE):   put _Vars;
MPRINT(VAR_PROFILE):   put '%mend _vars;';
MPRINT(VAR_PROFILE):   end;
MPRINT(VAR_PROFILE):   run;

NOTE: The file _MAC is:
      Catalog Name=WORK.MACROS.VARIABLES.SOURCE,
      Catalog Page Size=4096,
      Number of Catalog Pages=4,
      Created=Tue, Nov 19, 2019 03:55:58 PM,
      Last Modified=Tue, Nov 19, 2019 03:55:58 PM,
      Filename=C:\Users\student\AppData\Local\Temp\SAS Temporary Files\_TD22600_830-5CG9310VLM_\Prc2\macros.sas7bcat,
      Release Created=9.0401M4,
      Host Created=X64_10PRO,
      Owner Name=830-5CG9310VLM\student,
      File Size=             5KB,
      File Size (bytes)=5120

NOTE: 3 records were written to the file _MAC.
      The minimum record length was 12.
      The maximum record length was 21.
NOTE: There were 1 observations read from the data set WORK.SCOREHISTMETA.
      WHERE (LEVEL='INTERVAL') or (ROLE='FREQ');
NOTE: DATA statement used (Total process time):
      real time           0.01 seconds
      cpu time            0.00 seconds
      

NOTE: %INCLUDE (level 1) file _MAC is file WORK.MACROS.VARIABLES.SOURCE.
32436     +%macro _vars;
32437     +P_Sum_Labor_Force_Pop
32438     +%mend _vars;
NOTE: %INCLUDE (level 1) ending.
MPRINT(VAR_PROFILE):   filename _mac;
NOTE: Fileref _MAC has been deassigned.
*------------------------------------------------------------*
* computingmidpoints_note
*------------------------------------------------------------*
MPRINT(VAR_PROFILE):   filename fref catalog 'work.em.profileformat.source';
MPRINT(VAR_PROFILE):   proc dmdb data=EMWS1.MdlComp2_TRAIN(obs=1000000) classout=_CLASSOUT maxlevel=17;
MPRINT(VAR_PROFILE):   class
MPRINT(_VARS):   P_Sum_Labor_Force_Pop
MPRINT(VAR_PROFILE):   ;
MPRINT(VAR_PROFILE):   run;

NOTE: Records processed = 504   Memory used = 511K.
NOTE: There were 504 observations read from the data set EMWS1.PART4_TRAIN.
NOTE: View EMWS1.MDLCOMP2_TRAIN.VIEW used (Total process time):
      real time           0.06 seconds
      cpu time            0.06 seconds
      
NOTE: There were 504 observations read from the data set EMWS1.NEURAL2_TRAIN.
NOTE: There were 504 observations read from the data set EMWS1.MDLCOMP2_TRAIN.
NOTE: The data set WORK._CLASSOUT has 17 observations and 9 variables.
NOTE: PROCEDURE DMDB used (Total process time):
      real time           0.08 seconds
      cpu time            0.07 seconds
      

MPRINT(VAR_PROFILE):   proc freq data=_CLASSOUT ORDER=DATA noprint;
MPRINT(VAR_PROFILE):   table NAME / OUT = _COUNT(where=(COUNT<17));
MPRINT(VAR_PROFILE):   run;

NOTE: There were 17 observations read from the data set WORK._CLASSOUT.
NOTE: The data set WORK._COUNT has 0 observations and 3 variables.
NOTE: PROCEDURE FREQ used (Total process time):
      real time           0.01 seconds
      cpu time            0.01 seconds
      

MPRINT(VAR_PROFILE):   proc sort data=_COUNT(keep=NAME COUNT rename=(COUNT=_NUMCLASSBINS_));
MPRINT(VAR_PROFILE):   by NAME;
MPRINT(VAR_PROFILE):   run;

NOTE: Input data set is empty.
NOTE: The data set WORK._COUNT has 0 observations and 2 variables.
NOTE: PROCEDURE SORT used (Total process time):
      real time           0.01 seconds
      cpu time            0.01 seconds
      

MPRINT(VAR_PROFILE):   proc sort data=_CLASSOUT;
MPRINT(VAR_PROFILE):   by NAME;
MPRINT(VAR_PROFILE):   run;

NOTE: There were 17 observations read from the data set WORK._CLASSOUT.
NOTE: The data set WORK._CLASSOUT has 17 observations and 9 variables.
NOTE: PROCEDURE SORT used (Total process time):
      real time           0.00 seconds
      cpu time            0.01 seconds
      

MPRINT(VAR_PROFILE):   proc transpose data=_CLASSOUT out=_DISCRETEMID(DROP=_NAME_ RENAME=(NAME=VARIABLE)) prefix=_MIDPOINT;
MPRINT(VAR_PROFILE):   var NRAW;
MPRINT(VAR_PROFILE):   by NAME;
MPRINT(VAR_PROFILE):   run;

NOTE: There were 17 observations read from the data set WORK._CLASSOUT.
NOTE: The data set WORK._DISCRETEMID has 1 observations and 18 variables.
NOTE: PROCEDURE TRANSPOSE used (Total process time):
      real time           0.01 seconds
      cpu time            0.01 seconds
      

MPRINT(VAR_PROFILE):   proc delete data=WORK._CLASSOUT;
MPRINT(VAR_PROFILE):   run;

NOTE: Deleting WORK._CLASSOUT (memtype=DATA).
NOTE: PROCEDURE DELETE used (Total process time):
      real time           0.00 seconds
      cpu time            0.00 seconds
      

MPRINT(VAR_PROFILE):   data _null_;
MPRINT(VAR_PROFILE):   dsid = open('_DISCRETEMID');
MPRINT(VAR_PROFILE):   if dsid then do;
MPRINT(VAR_PROFILE):   call symput('NUMCLASSBARS', left(trim(put(attrn(dsid, 'NVARS')-1, best12.))));
MPRINT(VAR_PROFILE):   dsid = close(dsid);
MPRINT(VAR_PROFILE):   end;
MPRINT(VAR_PROFILE):   run;

NOTE: DATA statement used (Total process time):
      real time           0.00 seconds
      cpu time            0.00 seconds
      

MPRINT(VAR_PROFILE):   data _DISCRETEMID;
MPRINT(VAR_PROFILE):   merge _DISCRETEMID _COUNT(in=_b rename=(NAME=VARIABLE));
MPRINT(VAR_PROFILE):   keep VARIABLE _MIDPOINT1--_MIDPOINT17 _NUMCLASSBINS_;
MPRINT(VAR_PROFILE):   by VARIABLE;
MPRINT(VAR_PROFILE):   if _b then output;
MPRINT(VAR_PROFILE):   run;

NOTE: There were 1 observations read from the data set WORK._DISCRETEMID.
NOTE: There were 0 observations read from the data set WORK._COUNT.
NOTE: The data set WORK._DISCRETEMID has 0 observations and 19 variables.
NOTE: DATA statement used (Total process time):
      real time           0.00 seconds
      cpu time            0.00 seconds
      

MPRINT(VAR_PROFILE):   data _EMVARDIST / view=_EMVARDIST;
MPRINT(VAR_PROFILE):   set EMWS1.MdlComp2_TRAIN(keep
MPRINT(VAR_PROFILE):  =P_Sum_Labor_Force_Pop obs=1000000);
MPRINT(VAR_PROFILE):   run;

NOTE: DATA STEP view saved on file WORK._EMVARDIST.
NOTE: A stored DATA STEP view cannot run under a different operating system.
NOTE: View EMWS1.MDLCOMP2_TRAIN.VIEW used (Total process time):
      real time           0.05 seconds
      cpu time            0.04 seconds
      
NOTE: DATA statement used (Total process time):
      real time           0.07 seconds
      cpu time            0.06 seconds
      

MPRINT(VAR_PROFILE):   proc stdize data=_EMVARDIST outstat=work.Score5_SUMDATA out=_null_ pctlpts=(0 5 25 50 75 95 100);
MPRINT(VAR_PROFILE):   var
MPRINT(_VARS):   P_Sum_Labor_Force_Pop
MPRINT(VAR_PROFILE):   ;
MPRINT(VAR_PROFILE):   run;

NOTE: There were 504 observations read from the data set EMWS1.PART4_TRAIN.
NOTE: There were 504 observations read from the data set EMWS1.NEURAL2_TRAIN.
NOTE: View WORK._EMVARDIST.VIEW used (Total process time):
      real time           0.15 seconds
      cpu time            0.15 seconds
      
NOTE: There were 504 observations read from the data set EMWS1.MDLCOMP2_TRAIN.
NOTE: There were 504 observations read from the data set WORK._EMVARDIST.
NOTE: The data set WORK.SCORE5_SUMDATA has 15 observations and 2 variables.
NOTE: PROCEDURE STDIZE used (Total process time):
      real time           0.16 seconds
      cpu time            0.15 seconds
      

MPRINT(VAR_PROFILE):   proc datasets lib=WORK NOLIST;
MPRINT(VAR_PROFILE):   delete _EMVARDIST / mt=view;
MPRINT(VAR_PROFILE):   run;

NOTE: Deleting WORK._EMVARDIST (memtype=VIEW).
MPRINT(VAR_PROFILE):   quit;

NOTE: PROCEDURE DATASETS used (Total process time):
      real time           0.00 seconds
      cpu time            0.00 seconds
      

MPRINT(VAR_PROFILE):   proc transpose data=work.Score5_SUMDATA out=_bindata(rename=(_NAME_=VARIABLE COL1=MIN COL2=P5 COL3=P95 COL4=MAX));
MPRINT(VAR_PROFILE):   where _type_ in('P0', 'P5', 'P95', 'P100');
MPRINT(VAR_PROFILE):   run;

NOTE: There were 4 observations read from the data set WORK.SCORE5_SUMDATA.
      WHERE _type_ in ('P0', 'P100', 'P5', 'P95');
NOTE: The data set WORK._BINDATA has 1 observations and 6 variables.
NOTE: PROCEDURE TRANSPOSE used (Total process time):
      real time           0.00 seconds
      cpu time            0.00 seconds
      

MPRINT(VAR_PROFILE):   proc sort data=_bindata;
MPRINT(VAR_PROFILE):   by VARIABLE;
MPRINT(VAR_PROFILE):   run;

NOTE: There were 1 observations read from the data set WORK._BINDATA.
NOTE: The data set WORK._BINDATA has 1 observations and 6 variables.
NOTE: PROCEDURE SORT used (Total process time):
      real time           0.00 seconds
      cpu time            0.01 seconds
      

MPRINT(VAR_PROFILE):   data _bindata;
MPRINT(VAR_PROFILE):   set _bindata;
MPRINT(VAR_PROFILE):   length Format $12;
MPRINT(VAR_PROFILE):   array _midpoint{28};
MPRINT(VAR_PROFILE):   array _bounds{28};
MPRINT(VAR_PROFILE):   if (max - min)>1e-10 then do;
MPRINT(VAR_PROFILE):   step = abs(P95-P5)/16;
MPRINT(VAR_PROFILE):   lstep = abs(p5- min)/5;
MPRINT(VAR_PROFILE):   ustep = abs(max-p95)/5;
MPRINT(VAR_PROFILE):   ;
MPRINT(VAR_PROFILE):   if lstep<=step and ustep<=step then do;
MPRINT(VAR_PROFILE):   step = abs(MIN-MAX)/16;
MPRINT(VAR_PROFILE):   START=MIN;
MPRINT(VAR_PROFILE):   do i=1 to 16;
MPRINT(VAR_PROFILE):   _bounds(i) = MIN + i*step;
MPRINT(VAR_PROFILE):   if abs(_bounds{i})< 1e-10 then _bounds(i)= 0;
MPRINT(VAR_PROFILE):   _midpoint(i) = MIN+ (i-0.5)*step;
MPRINT(VAR_PROFILE):   if abs(_midpoint{i})< 1e-10 then _midpoint(i)= 0;
MPRINT(VAR_PROFILE):   end;
MPRINT(VAR_PROFILE):   end;
MPRINT(VAR_PROFILE):   else do;
MPRINT(VAR_PROFILE):   if lstep<=step then do;
MPRINT(VAR_PROFILE):   step = abs(MIN-P95)/16;
MPRINT(VAR_PROFILE):   do i=1 to 16;
MPRINT(VAR_PROFILE):   _bounds(i) = MIN + i*step;
MPRINT(VAR_PROFILE):   if abs(_bounds{i})< 1e-10 then _bounds(i)= 0;
MPRINT(VAR_PROFILE):   _midpoint(i) = MIN+ (i-0.5)*step;
MPRINT(VAR_PROFILE):   if abs(_midpoint{i})< 1e-10 then _midpoint(i)= 0;
MPRINT(VAR_PROFILE):   end;
MPRINT(VAR_PROFILE):   do i=1 to 5;
MPRINT(VAR_PROFILE):   numbars = 16 + i;
MPRINT(VAR_PROFILE):   _bounds(numbars) = P95 + i*ustep;
MPRINT(VAR_PROFILE):   if abs(_bounds{numbars})< 1e-10 then _bounds(numbars)= 0;
MPRINT(VAR_PROFILE):   _midpoint(numbars) = P95 + (i-0.5)*ustep + abs(ustep-step)/2;
MPRINT(VAR_PROFILE):   if abs(_bounds{numbars})< 1e-10 then _bounds(numbars)= 0;
MPRINT(VAR_PROFILE):   end;
MPRINT(VAR_PROFILE):   end;
MPRINT(VAR_PROFILE):   else do;
MPRINT(VAR_PROFILE):   do i=1 to 5;
MPRINT(VAR_PROFILE):   _bounds(i) = P5 - (5-i)*lstep;
MPRINT(VAR_PROFILE):   if abs(_bounds{i})< 1e-10 then _bounds(i)= 0;
MPRINT(VAR_PROFILE):   _midpoint(i) = P5 - (5 - i + 0.5)*lstep - abs(lstep-step)/2;
MPRINT(VAR_PROFILE):   if abs(_midpoint{i})< 1e-10 then _midpoint(i)= 0;
MPRINT(VAR_PROFILE):   end;
MPRINT(VAR_PROFILE):   if ustep<= step then do;
MPRINT(VAR_PROFILE):   step = abs(P5-MAX)/16;
MPRINT(VAR_PROFILE):   do i=1 to 16;
MPRINT(VAR_PROFILE):   numbars = i+5;
MPRINT(VAR_PROFILE):   _bounds(numbars) = P5 + i*step;
MPRINT(VAR_PROFILE):   if abs(_bounds{numbars})< 1e-10 then _bounds(numbars)= 0;
MPRINT(VAR_PROFILE):   _midpoint(numbars) = P5 + (i-0.5)*step;
MPRINT(VAR_PROFILE):   if abs(_midpoint{numbars})< 1e-10 then _midpoint(numbars)= 0;
MPRINT(VAR_PROFILE):   end;
MPRINT(VAR_PROFILE):   end;
MPRINT(VAR_PROFILE):   else do;
MPRINT(VAR_PROFILE):   do i=1 to 16;
MPRINT(VAR_PROFILE):   numbars = i+5;
MPRINT(VAR_PROFILE):   _bounds(numbars) = P5 + i*step;
MPRINT(VAR_PROFILE):   if abs(_bounds{numbars})< 1e-10 then _bounds(numbars)= 0;
MPRINT(VAR_PROFILE):   _midpoint(numbars) = P5 + (i-0.5)*step;
MPRINT(VAR_PROFILE):   if abs(_midpoint{numbars})< 1e-10 then _midpoint(numbars)= 0;
MPRINT(VAR_PROFILE):   end;
MPRINT(VAR_PROFILE):   do i=1 to 5;
MPRINT(VAR_PROFILE):   numbars = 16+5+i;
MPRINT(VAR_PROFILE):   _bounds(numbars) = P95 + i*ustep;
MPRINT(VAR_PROFILE):   if abs(_bounds{numbars})< 1e-10 then _bounds(numbars)= 0;
MPRINT(VAR_PROFILE):   _midpoint(numbars) = P95 + (i-0.5)*ustep + abs(ustep-step)/2;
MPRINT(VAR_PROFILE):  if abs(_midpoint{numbars})< 1e-10 then _midpoint(numbars)= 0;
MPRINT(VAR_PROFILE):   end;
MPRINT(VAR_PROFILE):   end;
MPRINT(VAR_PROFILE):   end;
MPRINT(VAR_PROFILE):   end;
MPRINT(VAR_PROFILE):   end;
MPRINT(VAR_PROFILE):   else do;
MPRINT(VAR_PROFILE):   _bounds(1) = MIN;
MPRINT(VAR_PROFILE):   _midpoint(1) = MIN;
MPRINT(VAR_PROFILE):   end;
MPRINT(VAR_PROFILE):   Format = 'F'!!trim(left(put(_n_,6.)))!!'_';
MPRINT(VAR_PROFILE):   run;

NOTE: There were 1 observations read from the data set WORK._BINDATA.
NOTE: The data set WORK._BINDATA has 1 observations and 69 variables.
NOTE: DATA statement used (Total process time):
      real time           0.01 seconds
      cpu time            0.01 seconds
      

MPRINT(VAR_PROFILE):   data _bindata;
MPRINT(VAR_PROFILE):   merge _bindata _DISCRETEMID(in = _b);
MPRINT(VAR_PROFILE):   by VARIABLE;
MPRINT(VAR_PROFILE):   if _b then _DISCRETE=1;
MPRINT(VAR_PROFILE):   else _DISCRETE=0;
MPRINT(VAR_PROFILE):   run;

WARNING: Multiple lengths were specified for the BY variable VARIABLE by input data sets. This might cause unexpected results.
NOTE: There were 1 observations read from the data set WORK._BINDATA.
NOTE: There were 0 observations read from the data set WORK._DISCRETEMID.
NOTE: The data set WORK._BINDATA has 1 observations and 71 variables.
NOTE: DATA statement used (Total process time):
      real time           0.00 seconds
      cpu time            0.00 seconds
      

MPRINT(VAR_PROFILE):   data _null_;
MPRINT(VAR_PROFILE):   file fref;
MPRINT(VAR_PROFILE):   set _bindata end=eof;
MPRINT(VAR_PROFILE):   array _bounds{26};
MPRINT(VAR_PROFILE):   array _midpoint{26};
MPRINT(VAR_PROFILE):   if _n_=1 then put 'proc format;';
MPRINT(VAR_PROFILE):   put 'value ' Format;
MPRINT(VAR_PROFILE):   if _DISCRETE then do;
MPRINT(VAR_PROFILE):   do i=1 to 16;
MPRINT(VAR_PROFILE):   _MID = _midpoint{i};
MPRINT(VAR_PROFILE):   if _MID ne . and i<= _NUMCLASSBINS_ then put _MID '="' _MID '"';
MPRINT(VAR_PROFILE):   end;
MPRINT(VAR_PROFILE):   put ';';
MPRINT(VAR_PROFILE):   end;
MPRINT(VAR_PROFILE):   else do;
MPRINT(VAR_PROFILE):   if min eq max then do;
MPRINT(VAR_PROFILE):   put 'low - high ="' MIN '";';
MPRINT(VAR_PROFILE):   end;
MPRINT(VAR_PROFILE):   else do;
MPRINT(VAR_PROFILE):   _LB = MIN;
MPRINT(VAR_PROFILE):   _MID = _midpoint{1};
MPRINT(VAR_PROFILE):   _UB = _bounds{1};
MPRINT(VAR_PROFILE):   put 'LOW -' _UB '="' _MID '"';
MPRINT(VAR_PROFILE):   do i=1 to 26-1;
MPRINT(VAR_PROFILE):   _LB = _bounds{i};
MPRINT(VAR_PROFILE):   j=i+1;
MPRINT(VAR_PROFILE):   _MID = _midpoint{j};
MPRINT(VAR_PROFILE):   _UB = _bounds{j};
MPRINT(VAR_PROFILE):   if (_UB ne .) and (_LB ne _UB) then do;
MPRINT(VAR_PROFILE):   if _UB>=MAX then put _LB '-HIGH="' _MID '"';
MPRINT(VAR_PROFILE):   else put _LB '-' _UB '="' _MID '"';
MPRINT(VAR_PROFILE):   end;
MPRINT(VAR_PROFILE):   end;
MPRINT(VAR_PROFILE):   end;
MPRINT(VAR_PROFILE):   end;
MPRINT(VAR_PROFILE):   put ';';
MPRINT(VAR_PROFILE):   if eof then put 'run;';
MPRINT(VAR_PROFILE):   run;

NOTE: The file FREF is:
      Catalog Name=WORK.EM.PROFILEFORMAT.SOURCE,
      Catalog Page Size=4096,
      Number of Catalog Pages=4,
      Created=Tue, Nov 19, 2019 03:55:59 PM,
      Last Modified=Tue, Nov 19, 2019 03:55:59 PM,
      Filename=C:\Users\student\AppData\Local\Temp\SAS Temporary Files\_TD22600_830-5CG9310VLM_\Prc2\em.sas7bcat,
      Release Created=9.0401M4,
      Host Created=X64_10PRO,
      Owner Name=830-5CG9310VLM\student,
      File Size=             5KB,
      File Size (bytes)=5120

NOTE: 20 records were written to the file FREF.
      The minimum record length was 1.
      The maximum record length was 43.
NOTE: There were 1 observations read from the data set WORK._BINDATA.
NOTE: DATA statement used (Total process time):
      real time           0.01 seconds
      cpu time            0.00 seconds
      

NOTE: %INCLUDE (level 1) file FREF is file WORK.EM.PROFILEFORMAT.SOURCE.
32439     +proc format;
MPRINT(VAR_PROFILE):   proc format;
32440     +value F1_
32441     +LOW -21825.102064 ="-464510.8008 "
32442     +21825.102064 -994496.90779 ="508161.00493 "
32443     +994496.90779 -1967168.7135 ="1480832.8107 "
32444     +1967168.7135 -2939840.5192 ="2453504.6164 "
32445     +2939840.5192 -3912512.325 ="3426176.4221 "
32446     +3912512.325 -4885184.1307 ="4398848.2278 "
32447     +4885184.1307 -5857855.9364 ="5371520.0336 "
32448     +5857855.9364 -6830527.7422 ="6344191.8393 "
32449     +6830527.7422 -7803199.5479 ="7316863.645 "
32450     +7803199.5479 -8775871.3536 ="8289535.4507 "
32451     +8775871.3536 -9748543.1593 ="9262207.2565 "
32452     +9748543.1593 -10721214.965 ="10234879.062 "
32453     +10721214.965 -11693886.771 ="11207550.868 "
32454     +11693886.771 -12666558.577 ="12180222.674 "
32455     +12666558.577 -13639230.382 ="13152894.479 "
32456     +13639230.382 -HIGH="14125566.285 "
32457     +;
MPRINT(VAR_PROFILE):   value F1_ LOW -21825.102064 ="-464510.8008 " 21825.102064 -994496.90779 ="508161.00493 " 994496.90779 -1967168.7135 ="1480832.8107 " 1967168.7135 -2939840.5192 ="2453504.6164 " 2939840.5192 -3912512.325 ="3426176.4221 " 3912512.325 
-4885184.1307 ="4398848.2278 " 4885184.1307 -5857855.9364 ="5371520.0336 " 5857855.9364 -6830527.7422 ="6344191.8393 " 6830527.7422 -7803199.5479 ="7316863.645 " 7803199.5479 -8775871.3536 ="8289535.4507 " 8775871.3536 -9748543.1593 ="9262207.2565 " 
9748543.1593 -10721214.965 ="10234879.062 " 10721214.965 -11693886.771 ="11207550.868 " 11693886.771 -12666558.577 ="12180222.674 " 12666558.577 -13639230.382 ="13152894.479 " 13639230.382 -HIGH="14125566.285 " ;
NOTE: Format F1_ has been output.
MPRINT(VAR_PROFILE):   run;
32458     +run;

NOTE: PROCEDURE FORMAT used (Total process time):
      real time           0.00 seconds
      cpu time            0.00 seconds
      

NOTE: %INCLUDE (level 1) ending.
MPRINT(VAR_PROFILE):   filename fref;
NOTE: Fileref FREF has been deassigned.
MPRINT(VAR_PROFILE):   data _binneddata / view=_binneddata;
MPRINT(VAR_PROFILE):   set EMWS1.MdlComp2_TRAIN(obs=1000000);
MPRINT(VAR_PROFILE):   format P_Sum_Labor_Force_Pop F1_. ;
MPRINT(VAR_PROFILE):   run;

NOTE: DATA STEP view saved on file WORK._BINNEDDATA.
NOTE: A stored DATA STEP view cannot run under a different operating system.
NOTE: View EMWS1.MDLCOMP2_TRAIN.VIEW used (Total process time):
      real time           0.06 seconds
      cpu time            0.06 seconds
      
NOTE: DATA statement used (Total process time):
      real time           0.07 seconds
      cpu time            0.07 seconds
      

MPRINT(VAR_PROFILE):   proc dmdb data=_binneddata(obs=1000000) classout=_temptab(rename=(NAME=VARIABLE FREQUENCY=COUNT FREQPERCENT=PERCENT));
MPRINT(VAR_PROFILE):   class
MPRINT(_VARS):   P_Sum_Labor_Force_Pop
MPRINT(VAR_PROFILE):   ;
MPRINT(VAR_PROFILE):   run;

NOTE: Records processed = 504   Memory used = 511K.
NOTE: There were 504 observations read from the data set EMWS1.PART4_TRAIN.
NOTE: There were 504 observations read from the data set EMWS1.NEURAL2_TRAIN.
NOTE: View WORK._BINNEDDATA.VIEW used (Total process time):
      real time           0.08 seconds
      cpu time            0.09 seconds
      
NOTE: There were 504 observations read from the data set EMWS1.MDLCOMP2_TRAIN.
NOTE: There were 504 observations read from the data set WORK._BINNEDDATA.
NOTE: The data set WORK._TEMPTAB has 13 observations and 9 variables.
NOTE: PROCEDURE DMDB used (Total process time):
      real time           0.10 seconds
      cpu time            0.10 seconds
      

MPRINT(VAR_PROFILE):   data work.Score5_VARHIST;
MPRINT(VAR_PROFILE):   label VALUE = "Value";
MPRINT(VAR_PROFILE):   label VARIABLE = "Variable";
MPRINT(VAR_PROFILE):   label COUNT = "Frequency Count";
MPRINT(VAR_PROFILE):   label PERCENT = "Percent";
MPRINT(VAR_PROFILE):   set _temptab;
MPRINT(VAR_PROFILE):   format VALUE 12.3 count;
MPRINT(VAR_PROFILE):   value = inputn(level, 'best12.');
MPRINT(VAR_PROFILE):   keep VARIABLE COUNT PERCENT VALUE;
MPRINT(VAR_PROFILE):   run;

NOTE: There were 13 observations read from the data set WORK._TEMPTAB.
NOTE: The data set WORK.SCORE5_VARHIST has 13 observations and 4 variables.
NOTE: DATA statement used (Total process time):
      real time           0.00 seconds
      cpu time            0.01 seconds
      

MPRINT(VAR_PROFILE):   proc datasets lib=work nolist mt=(DATA VIEW);
MPRINT(VAR_PROFILE):   delete _TEMPTAB _BINNEDDATA _MINMAXDATA;
MPRINT(VAR_PROFILE):   run;

NOTE: The file WORK._MINMAXDATA (memtype=(DATA VIEW)) was not found, but appears on a DELETE statement.
NOTE: Deleting WORK._TEMPTAB (memtype=DATA).
NOTE: Deleting WORK._BINNEDDATA (memtype=VIEW).
MPRINT(VAR_PROFILE):   quit;

NOTE: PROCEDURE DATASETS used (Total process time):
      real time           0.00 seconds
      cpu time            0.00 seconds
      

MPRINT(EM_DIAGRAM):  ;

32459      data work.Score5_VARHIST;
MPRINT(EM_DIAGRAM):    data work.Score5_VARHIST;
32460      length DATAROLE $8 TYPE $14;
MPRINT(EM_DIAGRAM):   length DATAROLE $8 TYPE $14;
32461      retain DATAROLE "TRAIN" TYPE "";
MPRINT(EM_DIAGRAM):   retain DATAROLE "TRAIN" TYPE "";
32462      set work.Score5_VARHIST(rename=(VALUE=X));
MPRINT(EM_DIAGRAM):   set work.Score5_VARHIST(rename=(VALUE=X));
32463      run;
MPRINT(EM_DIAGRAM):   run;

NOTE: There were 13 observations read from the data set WORK.SCORE5_VARHIST.
NOTE: The data set WORK.SCORE5_VARHIST has 13 observations and 6 variables.
NOTE: DATA statement used (Total process time):
      real time           0.00 seconds
      cpu time            0.00 seconds
      

32464      proc append base=work.Score5_HIST data=work.Score5_VARHIST;
MPRINT(EM_DIAGRAM):   proc append base=work.Score5_HIST data=work.Score5_VARHIST;
32465      run;
MPRINT(EM_DIAGRAM):   run;

NOTE: Appending WORK.SCORE5_VARHIST to WORK.SCORE5_HIST.
NOTE: BASE data set does not exist. DATA file is being copied to BASE file.
NOTE: There were 13 observations read from the data set WORK.SCORE5_VARHIST.
NOTE: The data set WORK.SCORE5_HIST has 13 observations and 6 variables.
NOTE: PROCEDURE APPEND used (Total process time):
      real time           0.00 seconds
      cpu time            0.01 seconds
      

32466      proc transpose data=work.Score5_SUMDATA out=work.Score5_SUMDATA( rename=(_NAME_=VARIABLE _LABEL_=LABEL LOCATION=MEAN SCALE=STD P0=MIN P50=MEDIAN P100=MAX));
MPRINT(EM_DIAGRAM):    proc transpose data=work.Score5_SUMDATA out=work.Score5_SUMDATA( rename=(_NAME_=VARIABLE _LABEL_=LABEL LOCATION=MEAN SCALE=STD P0=MIN P50=MEDIAN P100=MAX));
32467      where _TYPE_ in('LOCATION' 'SCALE' 'N' 'P0' 'P25' 'P50' 'P75' 'P100');
MPRINT(EM_DIAGRAM):   where _TYPE_ in('LOCATION' 'SCALE' 'N' 'P0' 'P25' 'P50' 'P75' 'P100');
32468      id _type_;
MPRINT(EM_DIAGRAM):   id _type_;
32469      run;
MPRINT(EM_DIAGRAM):   run;

NOTE: There were 8 observations read from the data set WORK.SCORE5_SUMDATA.
      WHERE _TYPE_ in ('LOCATION', 'N', 'P0', 'P100', 'P25', 'P50', 'P75', 'SCALE');
NOTE: The data set WORK.SCORE5_SUMDATA has 1 observations and 10 variables.
NOTE: PROCEDURE TRANSPOSE used (Total process time):
      real time           0.01 seconds
      cpu time            0.01 seconds
      

32470      data work.Score5_SUMDATA;
MPRINT(EM_DIAGRAM):   data work.Score5_SUMDATA;
32471      length DATAROLE $8 TYPE $14;
MPRINT(EM_DIAGRAM):   length DATAROLE $8 TYPE $14;
32472      retain DATAROLE "TRAIN" Type "";
MPRINT(EM_DIAGRAM):   retain DATAROLE "TRAIN" Type "";
32473      set work.Score5_SUMDATA;
MPRINT(EM_DIAGRAM):   set work.Score5_SUMDATA;
32474      run;
MPRINT(EM_DIAGRAM):   run;

NOTE: There were 1 observations read from the data set WORK.SCORE5_SUMDATA.
NOTE: The data set WORK.SCORE5_SUMDATA has 1 observations and 12 variables.
NOTE: DATA statement used (Total process time):
      real time           0.00 seconds
      cpu time            0.01 seconds
      

32475      proc append base=WORK.Score5STAT data=work.Score5_SUMDATA;
MPRINT(EM_DIAGRAM):   proc append base=WORK.Score5STAT data=work.Score5_SUMDATA;
32476      run;
MPRINT(EM_DIAGRAM):   run;

NOTE: Appending WORK.SCORE5_SUMDATA to WORK.SCORE5STAT.
NOTE: BASE data set does not exist. DATA file is being copied to BASE file.
NOTE: There were 1 observations read from the data set WORK.SCORE5_SUMDATA.
NOTE: The data set WORK.SCORE5STAT has 1 observations and 12 variables.
NOTE: PROCEDURE APPEND used (Total process time):
      real time           0.00 seconds
      cpu time            0.00 seconds
      

32477      data WORK.SCOREFREQMETA;
MPRINT(EM_DIAGRAM):    data WORK.SCOREFREQMETA;
32478      length NAME $32 ROLE $32 LEVEL $8;
MPRINT(EM_DIAGRAM):   length NAME $32 ROLE $32 LEVEL $8;
32479      NAME="b_Population_in_th";
MPRINT(EM_DIAGRAM):   NAME="b_Population_in_th";
32480      ROLE="INPUT";
MPRINT(EM_DIAGRAM):   ROLE="INPUT";
32481      LEVEL="NOMINAL";
MPRINT(EM_DIAGRAM):   LEVEL="NOMINAL";
32482      TYPE="N";
MPRINT(EM_DIAGRAM):   TYPE="N";
32483      output;
MPRINT(EM_DIAGRAM):   output;
32484      run;
MPRINT(EM_DIAGRAM):   run;

NOTE: The data set WORK.SCOREFREQMETA has 1 observations and 4 variables.
NOTE: DATA statement used (Total process time):
      real time           0.00 seconds
      cpu time            0.00 seconds
      

32485      data WORK.SCOREHISTMETA;
MPRINT(EM_DIAGRAM):    data WORK.SCOREHISTMETA;
32486      length NAME $32 ROLE $32 LEVEL $8;
MPRINT(EM_DIAGRAM):   length NAME $32 ROLE $32 LEVEL $8;
32487      NAME="P_Sum_Labor_Force_Pop";
MPRINT(EM_DIAGRAM):   NAME="P_Sum_Labor_Force_Pop";
32488      ROLE="INPUT";
MPRINT(EM_DIAGRAM):   ROLE="INPUT";
32489      LEVEL="INTERVAL";
MPRINT(EM_DIAGRAM):   LEVEL="INTERVAL";
32490      TYPE="N";
MPRINT(EM_DIAGRAM):   TYPE="N";
32491      output;
MPRINT(EM_DIAGRAM):   output;
32492      run;
MPRINT(EM_DIAGRAM):   run;

NOTE: The data set WORK.SCOREHISTMETA has 1 observations and 4 variables.
NOTE: DATA statement used (Total process time):
      real time           0.00 seconds
      cpu time            0.01 seconds
      

NOTE: View EMWS1.MDLCOMP2_VALIDATE.VIEW used (Total process time):
      real time           0.07 seconds
      cpu time            0.07 seconds
      
32493      ods listing close;
MPRINT(EM_DIAGRAM):    ods listing close;
32494      ods output onewayfreqs=WORK.TEMPFREQ;
MPRINT(EM_DIAGRAM):   ods output onewayfreqs=WORK.TEMPFREQ;
32495      proc freq data = EMWS1.MdlComp2_VALIDATE order=formatted addnames;
MPRINT(EM_DIAGRAM):   proc freq data = EMWS1.MdlComp2_VALIDATE order=formatted addnames;
32496      table b_Population_in_th / missing;
MPRINT(EM_DIAGRAM):   table b_Population_in_th / missing;
32497      run;
MPRINT(EM_DIAGRAM):   run;

NOTE: There were 336 observations read from the data set EMWS1.PART4_VALIDATE.
NOTE: View EMWS1.MDLCOMP2_VALIDATE.VIEW used (Total process time):
      real time           0.07 seconds
      cpu time            0.06 seconds
      
NOTE: There were 336 observations read from the data set EMWS1.NEURAL2_VALIDATE.
NOTE: The data set WORK.TEMPFREQ has 20 observations and 8 variables.
NOTE: There were 336 observations read from the data set EMWS1.MDLCOMP2_VALIDATE.
NOTE: PROCEDURE FREQ used (Total process time):
      real time           0.08 seconds
      cpu time            0.06 seconds
      

MPRINT(EM_DIAGRAM):   quit;
32498      quit;
32499      ods listing;
MPRINT(EM_DIAGRAM):   ods listing;
32500      data WORK.Score5_BAR(keep=_VARIABLE_ TYPE COUNT PERCENT _X_ _XLABEL_);
MPRINT(EM_DIAGRAM):    data WORK.Score5_BAR(keep=_VARIABLE_ TYPE COUNT PERCENT _X_ _XLABEL_);
32501      label _VARIABLE_ = "%sysfunc(sasmsg(sashelp.dmine, rpt_variable_vlabel, NOQUOTE))" Type = "%sysfunc(sasmsg(sashelp.dmine, rpt_type_vlabel,         NOQUOTE))" _X_ = "%sysfunc(sasmsg(sashelp.dmine, rpt_numValue_vlabel, NOQUOTE))" _XLABEL_ =
32502         "%sysfunc(sasmsg(sashelp.dmine, rpt_fmtValue_vlabel ,    NOQUOTE))" COUNT = "%sysfunc(sasmsg(sashelp.dmine, rpt_count_vlabel,        NOQUOTE))" PERCENT = "%sysfunc(sasmsg(sashelp.dmine, rpt_percent_vlabel,      NOQUOTE))";
MPRINT(EM_DIAGRAM):   label _VARIABLE_ = "Variable" Type = "Type" _X_ = "Numeric Value" _XLABEL_ = "Formatted Value" COUNT = "Frequency Count" PERCENT = "Percent";
32503      dsid = open("WORK.TEMPFREQ");
MPRINT(EM_DIAGRAM):   dsid = open("WORK.TEMPFREQ");
32504      varnum = varnum(dsid, 'VARIABLE');
MPRINT(EM_DIAGRAM):   varnum = varnum(dsid, 'VARIABLE');
32505      freqnum = varnum(dsid, 'FREQUENCY');
MPRINT(EM_DIAGRAM):   freqnum = varnum(dsid, 'FREQUENCY');
32506      pvarnum = varnum(dsid, 'PERCENT');
MPRINT(EM_DIAGRAM):   pvarnum = varnum(dsid, 'PERCENT');
32507      typenum = varnum(dsid, '_TYPE_');
MPRINT(EM_DIAGRAM):   typenum = varnum(dsid, '_TYPE_');
32508      length _VARIABLE_ $32 TYPE $1 _XLABEL_ $32;
MPRINT(EM_DIAGRAM):   length _VARIABLE_ $32 TYPE $1 _XLABEL_ $32;
32509      do while(^fetch(dsid));
MPRINT(EM_DIAGRAM):   do while(^fetch(dsid));
32510      _VARIABLE_ = strip(getvarc(dsid, varnum));
MPRINT(EM_DIAGRAM):   _VARIABLE_ = strip(getvarc(dsid, varnum));
32511      count = getvarn(dsid, freqnum);
MPRINT(EM_DIAGRAM):   count = getvarn(dsid, freqnum);
32512      percent= getvarn(dsid, pvarnum);
MPRINT(EM_DIAGRAM):   percent= getvarn(dsid, pvarnum);
32513      vvarnum = varnum(dsid, _VARIABLE_);
MPRINT(EM_DIAGRAM):   vvarnum = varnum(dsid, _VARIABLE_);
32514      type = vartype(dsid, vvarnum);
MPRINT(EM_DIAGRAM):   type = vartype(dsid, vvarnum);
32515      fvarnum = varnum(dsid, 'F_'!!substr(_VARIABLE_, 1, 30));
MPRINT(EM_DIAGRAM):   fvarnum = varnum(dsid, 'F_'!!substr(_VARIABLE_, 1, 30));
32516      _XLABEL_ = left(getvarc(dsid, fvarnum));
MPRINT(EM_DIAGRAM):   _XLABEL_ = left(getvarc(dsid, fvarnum));
32517      _X_ = .;
MPRINT(EM_DIAGRAM):   _X_ = .;
32518      if TYPE eq 'N' then _X_ = getvarn(dsid, vvarnum);
MPRINT(EM_DIAGRAM):   if TYPE eq 'N' then _X_ = getvarn(dsid, vvarnum);
32519      output;
MPRINT(EM_DIAGRAM):   output;
32520      end;
MPRINT(EM_DIAGRAM):   end;
32521      dsid = close(dsid);
MPRINT(EM_DIAGRAM):   dsid = close(dsid);
32522      run;
MPRINT(EM_DIAGRAM):   run;

NOTE: The data set WORK.SCORE5_BAR has 20 observations and 6 variables.
NOTE: DATA statement used (Total process time):
      real time           0.01 seconds
      cpu time            0.01 seconds
      

32523      proc sort data=WORK.Score5_BAR NOTHREADS;
MPRINT(EM_DIAGRAM):   proc sort data=WORK.Score5_BAR NOTHREADS;
32524      by _VARIABLE_;
MPRINT(EM_DIAGRAM):   by _VARIABLE_;
32525      run;
MPRINT(EM_DIAGRAM):   run;

NOTE: There were 20 observations read from the data set WORK.SCORE5_BAR.
NOTE: The data set WORK.SCORE5_BAR has 20 observations and 6 variables.
NOTE: PROCEDURE SORT used (Total process time):
      real time           0.00 seconds
      cpu time            0.01 seconds
      

32526      proc sort data=WORK.M0NQ9OYB;
MPRINT(EM_DIAGRAM):   proc sort data=WORK.M0NQ9OYB;
32527      by Name;
MPRINT(EM_DIAGRAM):   by Name;
32528      run;
MPRINT(EM_DIAGRAM):   run;

NOTE: There were 1 observations read from the data set WORK.M0NQ9OYB.
NOTE: The data set WORK.M0NQ9OYB has 1 observations and 4 variables.
NOTE: PROCEDURE SORT used (Total process time):
      real time           0.00 seconds
      cpu time            0.00 seconds
      
The SAS System


32529      data WORK.Score5_BAR;
MPRINT(EM_DIAGRAM):   data WORK.Score5_BAR;
32530      merge WORK.Score5_BAR(in=_a) WORK.M0NQ9OYB(keep=Name Role rename=(Name=_Variable_));
MPRINT(EM_DIAGRAM):   merge WORK.Score5_BAR(in=_a) WORK.M0NQ9OYB(keep=Name Role rename=(Name=_Variable_));
32531      by _Variable_;
MPRINT(EM_DIAGRAM):   by _Variable_;
32532      label Role = "%sysfunc(sasmsg(sashelp.dmine, meta_role_vlabel ,  NOQUOTE))";
MPRINT(EM_DIAGRAM):   label Role = "Role";
32533      if _a then output;
MPRINT(EM_DIAGRAM):   if _a then output;
32534      run;
MPRINT(EM_DIAGRAM):   run;

NOTE: There were 20 observations read from the data set WORK.SCORE5_BAR.
NOTE: There were 1 observations read from the data set WORK.M0NQ9OYB.
NOTE: The data set WORK.SCORE5_BAR has 20 observations and 7 variables.
NOTE: DATA statement used (Total process time):
      real time           0.00 seconds
      cpu time            0.00 seconds
      

32535      data WORK.Score5_BAR;
MPRINT(EM_DIAGRAM):    data WORK.Score5_BAR;
32536      length DATAROLE $8 TYPE $14;
MPRINT(EM_DIAGRAM):   length DATAROLE $8 TYPE $14;
32537      retain DATAROLE "VALIDATE";
MPRINT(EM_DIAGRAM):   retain DATAROLE "VALIDATE";
32538      set WORK.Score5_BAR;
MPRINT(EM_DIAGRAM):   set WORK.Score5_BAR;
32539      run;
MPRINT(EM_DIAGRAM):   run;

NOTE: There were 20 observations read from the data set WORK.SCORE5_BAR.
NOTE: The data set WORK.SCORE5_BAR has 20 observations and 8 variables.
NOTE: DATA statement used (Total process time):
      real time           0.00 seconds
      cpu time            0.00 seconds
      

32540      proc append base=EMWS1.Score5_BAR data=WORK.Score5_BAR;
MPRINT(EM_DIAGRAM):   proc append base=EMWS1.Score5_BAR data=WORK.Score5_BAR;
32541      run;
MPRINT(EM_DIAGRAM):   run;

NOTE: Appending WORK.SCORE5_BAR to EMWS1.SCORE5_BAR.
NOTE: There were 20 observations read from the data set WORK.SCORE5_BAR.
NOTE: 20 observations added.
NOTE: The data set EMWS1.SCORE5_BAR has 40 observations and 8 variables.
NOTE: PROCEDURE APPEND used (Total process time):
      real time           0.00 seconds
      cpu time            0.00 seconds
      

32542      %var_profile(DATA=EMWS1.MdlComp2_VALIDATE, OUTPUT=work.Score5_VARHIST, METADATA=WORK.SCOREHISTMETA, COMPUTESTAT=N, BINDATA=_bindata, STAT=_STAT, PCTLSTAT=work.Score5_SUMDATA, FREQ=, BIN=Y, NUMBARS= 16);
MPRINT(EM_DIAGRAM):   
*------------------------------------------------------------*
* Score5: Computing Summary Statistics
*------------------------------------------------------------*
MPRINT(VAR_PROFILE):   filename _mac catalog 'WORK.MACROS.VARIABLES.SOURCE';
MPRINT(VAR_PROFILE):   data _null;
MPRINT(VAR_PROFILE):   set WORK.SCOREHISTMETA(where=(LEVEL = 'INTERVAL' and ROLE ne 'FREQ')) end=eof;
MPRINT(VAR_PROFILE):   if eof then call symput('_nobs', put(_N_, best.));
MPRINT(VAR_PROFILE):   run;

NOTE: There were 1 observations read from the data set WORK.SCOREHISTMETA.
      WHERE (LEVEL='INTERVAL') and (ROLE not = 'FREQ');
NOTE: The data set WORK._NULL has 1 observations and 4 variables.
NOTE: DATA statement used (Total process time):
      real time           0.00 seconds
      cpu time            0.00 seconds
      

MPRINT(VAR_PROFILE):   data _null_;
MPRINT(VAR_PROFILE):   file _mac;
MPRINT(VAR_PROFILE):   length _VARS $80;
MPRINT(VAR_PROFILE):   retain _vars;
MPRINT(VAR_PROFILE):   if _n_ =1 then put '%macro _vars;';
MPRINT(VAR_PROFILE):   set WORK.SCOREHISTMETA end=eof;
MPRINT(VAR_PROFILE):   where LEVEL = 'INTERVAL' or ROLE='FREQ';
MPRINT(VAR_PROFILE):   if ROLE='FREQ' then call symput('FREQ', trim(NAME));
MPRINT(VAR_PROFILE):   else do;
MPRINT(VAR_PROFILE):   if length(strip(_vars)) + length(strip(NAME)) + 1 <80 then _vars = strip(_vars)!! ' ' !!strip(NAME);
MPRINT(VAR_PROFILE):   else do;
MPRINT(VAR_PROFILE):   put _Vars;
MPRINT(VAR_PROFILE):   _vars = strip(NAME);
MPRINT(VAR_PROFILE):   end;
MPRINT(VAR_PROFILE):   end;
MPRINT(VAR_PROFILE):   if eof then do;
MPRINT(VAR_PROFILE):   put _Vars;
MPRINT(VAR_PROFILE):   put '%mend _vars;';
MPRINT(VAR_PROFILE):   end;
MPRINT(VAR_PROFILE):   run;

NOTE: The file _MAC is:
      Catalog Name=WORK.MACROS.VARIABLES.SOURCE,
      Catalog Page Size=4096,
      Number of Catalog Pages=5,
      Created=Tue, Nov 19, 2019 03:55:58 PM,
      Last Modified=Tue, Nov 19, 2019 03:55:58 PM,
      Filename=C:\Users\student\AppData\Local\Temp\SAS Temporary Files\_TD22600_830-5CG9310VLM_\Prc2\macros.sas7bcat,
      Release Created=9.0401M4,
      Host Created=X64_10PRO,
      Owner Name=830-5CG9310VLM\student,
      File Size=            17KB,
      File Size (bytes)=17408

NOTE: 3 records were written to the file _MAC.
      The minimum record length was 12.
      The maximum record length was 21.
NOTE: There were 1 observations read from the data set WORK.SCOREHISTMETA.
      WHERE (LEVEL='INTERVAL') or (ROLE='FREQ');
NOTE: DATA statement used (Total process time):
      real time           0.00 seconds
      cpu time            0.01 seconds
      

NOTE: %INCLUDE (level 1) file _MAC is file WORK.MACROS.VARIABLES.SOURCE.
32543     +%macro _vars;
32544     +P_Sum_Labor_Force_Pop
32545     +%mend _vars;
NOTE: %INCLUDE (level 1) ending.
MPRINT(VAR_PROFILE):   filename _mac;
NOTE: Fileref _MAC has been deassigned.
MPRINT(VAR_PROFILE):   data _binneddata / view=_binneddata;
MPRINT(VAR_PROFILE):   set EMWS1.MdlComp2_VALIDATE(obs=1000000);
MPRINT(VAR_PROFILE):   format P_Sum_Labor_Force_Pop F1_. ;
MPRINT(VAR_PROFILE):   run;

NOTE: DATA STEP view saved on file WORK._BINNEDDATA.
NOTE: A stored DATA STEP view cannot run under a different operating system.
NOTE: View EMWS1.MDLCOMP2_VALIDATE.VIEW used (Total process time):
      real time           0.06 seconds
      cpu time            0.06 seconds
      
NOTE: DATA statement used (Total process time):
      real time           0.07 seconds
      cpu time            0.07 seconds
      

MPRINT(VAR_PROFILE):   proc dmdb data=_binneddata(obs=1000000) classout=_temptab(rename=(NAME=VARIABLE FREQUENCY=COUNT FREQPERCENT=PERCENT));
MPRINT(VAR_PROFILE):   class
MPRINT(_VARS):   P_Sum_Labor_Force_Pop
MPRINT(VAR_PROFILE):   ;
MPRINT(VAR_PROFILE):   run;

NOTE: Records processed = 336   Memory used = 511K.
NOTE: There were 336 observations read from the data set EMWS1.PART4_VALIDATE.
NOTE: There were 336 observations read from the data set EMWS1.NEURAL2_VALIDATE.
NOTE: View WORK._BINNEDDATA.VIEW used (Total process time):
      real time           0.07 seconds
      cpu time            0.07 seconds
      
NOTE: There were 336 observations read from the data set EMWS1.MDLCOMP2_VALIDATE.
NOTE: There were 336 observations read from the data set WORK._BINNEDDATA.
NOTE: The data set WORK._TEMPTAB has 13 observations and 9 variables.
NOTE: PROCEDURE DMDB used (Total process time):
      real time           0.08 seconds
      cpu time            0.07 seconds
      

MPRINT(VAR_PROFILE):   data work.Score5_VARHIST;
MPRINT(VAR_PROFILE):   label VALUE = "Value";
MPRINT(VAR_PROFILE):   label VARIABLE = "Variable";
MPRINT(VAR_PROFILE):   label COUNT = "Frequency Count";
MPRINT(VAR_PROFILE):   label PERCENT = "Percent";
MPRINT(VAR_PROFILE):   set _temptab;
MPRINT(VAR_PROFILE):   format VALUE 12.3 count;
MPRINT(VAR_PROFILE):   value = inputn(level, 'best12.');
MPRINT(VAR_PROFILE):   keep VARIABLE COUNT PERCENT VALUE;
MPRINT(VAR_PROFILE):   run;

NOTE: There were 13 observations read from the data set WORK._TEMPTAB.
NOTE: The data set WORK.SCORE5_VARHIST has 13 observations and 4 variables.
NOTE: DATA statement used (Total process time):
      real time           0.00 seconds
      cpu time            0.00 seconds
      

MPRINT(VAR_PROFILE):   proc datasets lib=work nolist mt=(DATA VIEW);
MPRINT(VAR_PROFILE):   delete _TEMPTAB _BINNEDDATA _MINMAXDATA;
MPRINT(VAR_PROFILE):   run;

NOTE: The file WORK._MINMAXDATA (memtype=(DATA VIEW)) was not found, but appears on a DELETE statement.
NOTE: Deleting WORK._TEMPTAB (memtype=DATA).
NOTE: Deleting WORK._BINNEDDATA (memtype=VIEW).
MPRINT(VAR_PROFILE):   quit;

NOTE: PROCEDURE DATASETS used (Total process time):
      real time           0.00 seconds
      cpu time            0.01 seconds
      

MPRINT(EM_DIAGRAM):  ;

32546      data work.Score5_VARHIST;
MPRINT(EM_DIAGRAM):    data work.Score5_VARHIST;
32547      length DATAROLE $8 TYPE $14;
MPRINT(EM_DIAGRAM):   length DATAROLE $8 TYPE $14;
32548      retain DATAROLE "VALIDATE" TYPE "";
MPRINT(EM_DIAGRAM):   retain DATAROLE "VALIDATE" TYPE "";
32549      set work.Score5_VARHIST(rename=(VALUE=X));
MPRINT(EM_DIAGRAM):   set work.Score5_VARHIST(rename=(VALUE=X));
32550      run;
MPRINT(EM_DIAGRAM):   run;

NOTE: There were 13 observations read from the data set WORK.SCORE5_VARHIST.
NOTE: The data set WORK.SCORE5_VARHIST has 13 observations and 6 variables.
NOTE: DATA statement used (Total process time):
      real time           0.00 seconds
      cpu time            0.01 seconds
      

32551      proc append base=work.Score5_HIST data=work.Score5_VARHIST;
MPRINT(EM_DIAGRAM):   proc append base=work.Score5_HIST data=work.Score5_VARHIST;
32552      run;
MPRINT(EM_DIAGRAM):   run;

NOTE: Appending WORK.SCORE5_VARHIST to WORK.SCORE5_HIST.
NOTE: There were 13 observations read from the data set WORK.SCORE5_VARHIST.
NOTE: 13 observations added.
NOTE: The data set WORK.SCORE5_HIST has 26 observations and 6 variables.
NOTE: PROCEDURE APPEND used (Total process time):
      real time           0.00 seconds
      cpu time            0.00 seconds
      

32553      proc stdize data=EMWS1.MdlComp2_VALIDATE(obs=1000000) outstat=work.Score5_SUMDATA out=_null_ pctlpts=(0 5 25 50 75 95 100);
MPRINT(EM_DIAGRAM):    proc stdize data=EMWS1.MdlComp2_VALIDATE(obs=1000000) outstat=work.Score5_SUMDATA out=_null_ pctlpts=(0 5 25 50 75 95 100);
32554      var
32555      P_Sum_Labor_Force_Pop;
MPRINT(EM_DIAGRAM):   var P_Sum_Labor_Force_Pop;
32556      run;
MPRINT(EM_DIAGRAM):   run;

NOTE: There were 336 observations read from the data set EMWS1.PART4_VALIDATE.
NOTE: View EMWS1.MDLCOMP2_VALIDATE.VIEW used (Total process time):
      real time           0.11 seconds
      cpu time            0.11 seconds
      
NOTE: There were 336 observations read from the data set EMWS1.NEURAL2_VALIDATE.
NOTE: There were 336 observations read from the data set EMWS1.MDLCOMP2_VALIDATE.
NOTE: The data set WORK.SCORE5_SUMDATA has 15 observations and 2 variables.
NOTE: PROCEDURE STDIZE used (Total process time):
      real time           0.13 seconds
      cpu time            0.11 seconds
      

MPRINT(EM_DIAGRAM):   quit;
32557      quit;

32558      proc transpose data=work.Score5_SUMDATA out=work.Score5_SUMDATA( rename=(_NAME_=VARIABLE _LABEL_=LABEL LOCATION=MEAN SCALE=STD P0=MIN P50=MEDIAN P100=MAX));
MPRINT(EM_DIAGRAM):    proc transpose data=work.Score5_SUMDATA out=work.Score5_SUMDATA( rename=(_NAME_=VARIABLE _LABEL_=LABEL LOCATION=MEAN SCALE=STD P0=MIN P50=MEDIAN P100=MAX));
32559      where _TYPE_ in('LOCATION' 'SCALE' 'N' 'P0' 'P25' 'P50' 'P75' 'P100');
MPRINT(EM_DIAGRAM):   where _TYPE_ in('LOCATION' 'SCALE' 'N' 'P0' 'P25' 'P50' 'P75' 'P100');
32560      id _type_;
MPRINT(EM_DIAGRAM):   id _type_;
32561      run;
MPRINT(EM_DIAGRAM):   run;

NOTE: There were 8 observations read from the data set WORK.SCORE5_SUMDATA.
      WHERE _TYPE_ in ('LOCATION', 'N', 'P0', 'P100', 'P25', 'P50', 'P75', 'SCALE');
NOTE: The data set WORK.SCORE5_SUMDATA has 1 observations and 10 variables.
NOTE: PROCEDURE TRANSPOSE used (Total process time):
      real time           0.01 seconds
      cpu time            0.01 seconds
      

32562      data work.Score5_SUMDATA;
MPRINT(EM_DIAGRAM):   data work.Score5_SUMDATA;
32563      length DATAROLE $8 TYPE $14;
MPRINT(EM_DIAGRAM):   length DATAROLE $8 TYPE $14;
32564      retain DATAROLE "VALIDATE" Type "";
MPRINT(EM_DIAGRAM):   retain DATAROLE "VALIDATE" Type "";
32565      set work.Score5_SUMDATA;
MPRINT(EM_DIAGRAM):   set work.Score5_SUMDATA;
32566      run;
MPRINT(EM_DIAGRAM):   run;

NOTE: There were 1 observations read from the data set WORK.SCORE5_SUMDATA.
NOTE: The data set WORK.SCORE5_SUMDATA has 1 observations and 12 variables.
NOTE: DATA statement used (Total process time):
      real time           0.00 seconds
      cpu time            0.00 seconds
      

32567      proc append base=WORK.Score5STAT data=work.Score5_SUMDATA;
MPRINT(EM_DIAGRAM):   proc append base=WORK.Score5STAT data=work.Score5_SUMDATA;
32568      run;
MPRINT(EM_DIAGRAM):   run;

NOTE: Appending WORK.SCORE5_SUMDATA to WORK.SCORE5STAT.
NOTE: There were 1 observations read from the data set WORK.SCORE5_SUMDATA.
NOTE: 1 observations added.
NOTE: The data set WORK.SCORE5STAT has 2 observations and 12 variables.
NOTE: PROCEDURE APPEND used (Total process time):
      real time           0.00 seconds
      cpu time            0.01 seconds
      

32569      data EMWS1.Score5_BAR(DROP=ROLE rename = (_VARIABLE_=VARIABLE _XLABEL_=X));
MPRINT(EM_DIAGRAM):    data EMWS1.Score5_BAR(DROP=ROLE rename = (_VARIABLE_=VARIABLE _XLABEL_=X));
32570      set EMWS1.Score5_BAR;
MPRINT(EM_DIAGRAM):   set EMWS1.Score5_BAR;
32571      label VARIABLE= "%sysfunc(sasmsg(sashelp.dmine, meta_name_vlabel,  NOQUOTE))" DATAROLE= "%sysfunc(sasmsg(sashelp.dmine, rpt_datarole_vlabel,  NOQUOTE))" TYPE = "%sysfunc(sasmsg(sashelp.dmine, rpt_outputType_vlabel,  NOQUOTE))";
MPRINT(EM_DIAGRAM):   label VARIABLE= "Variable Name" DATAROLE= "Data Role" TYPE = "Output Type";
32572      select(_VARIABLE_);
MPRINT(EM_DIAGRAM):   select(_VARIABLE_);
32573      when("b_Population_in_th") TYPE = 'SEGMENT';
MPRINT(EM_DIAGRAM):   when("b_Population_in_th") TYPE = 'SEGMENT';
32574      otherwise;
MPRINT(EM_DIAGRAM):   otherwise;
32575      end;
MPRINT(EM_DIAGRAM):   end;
32576      run;
MPRINT(EM_DIAGRAM):   run;

NOTE: Variable VARIABLE is uninitialized.
NOTE: There were 40 observations read from the data set EMWS1.SCORE5_BAR.
NOTE: The data set EMWS1.SCORE5_BAR has 40 observations and 7 variables.
NOTE: DATA statement used (Total process time):
      real time           0.01 seconds
      cpu time            0.01 seconds
      

32577      proc sort data = EMWS1.Score5_BAR NOTHREADS;
MPRINT(EM_DIAGRAM):   proc sort data = EMWS1.Score5_BAR NOTHREADS;
32578      by DATAROLE TYPE;
MPRINT(EM_DIAGRAM):   by DATAROLE TYPE;
32579      run;
MPRINT(EM_DIAGRAM):   run;

NOTE: There were 40 observations read from the data set EMWS1.SCORE5_BAR.
NOTE: The data set EMWS1.SCORE5_BAR has 40 observations and 7 variables.
NOTE: PROCEDURE SORT used (Total process time):
      real time           0.00 seconds
      cpu time            0.00 seconds
      

32580      %let _cn = %sysfunc(getoption(CENTER));
32581      %let _nb = %sysfunc(getoption(NUMBER));
32582      options nonumber nocenter;
MPRINT(EM_DIAGRAM):   options nonumber nocenter;
32583      title;
MPRINT(EM_DIAGRAM):   title;
32584      proc print data = EMWS1.Score5_BAR noobs label;
MPRINT(EM_DIAGRAM):   proc print data = EMWS1.Score5_BAR noobs label;
32585      by DATAROLE TYPE;
MPRINT(EM_DIAGRAM):   by DATAROLE TYPE;
32586      title9 ' ';
MPRINT(EM_DIAGRAM):   title9 ' ';
32587      title10 "%sysfunc(sasmsg(sashelp.dmine, rpt_classStats_title, NOQUOTE))";
MPRINT(EM_DIAGRAM):   title10 "Class Variable Summary Statistics";
MPRINT(EM_DIAGRAM):   run;
32588      run;

NOTE: There were 40 observations read from the data set EMWS1.SCORE5_BAR.
NOTE: The PROCEDURE PRINT printed page 7.
NOTE: PROCEDURE PRINT used (Total process time):
      real time           0.00 seconds
      cpu time            0.00 seconds
      

32589      title10;
MPRINT(EM_DIAGRAM):   title10;
32590      options &_cn &_nb;
MPRINT(EM_DIAGRAM):   options NOCENTER NONUMBER;
32591      data EMWS1.Score5_HIST;
MPRINT(EM_DIAGRAM):    data EMWS1.Score5_HIST;
32592      set work.Score5_HIST(rename=(Percent=Value));
MPRINT(EM_DIAGRAM):   set work.Score5_HIST(rename=(Percent=Value));
32593      label VARIABLE= "%sysfunc(sasmsg(sashelp.dmine, meta_name_vlabel,      NOQUOTE))" DATAROLE= "%sysfunc(sasmsg(sashelp.dmine, rpt_datarole_vlabel,   NOQUOTE))" TYPE = "%sysfunc(sasmsg(sashelp.dmine, rpt_outputType_vlabel, NOQUOTE))" X =
32594         "%sysfunc(sasmsg(sashelp.dmine, rpt_numValue_vlabel,   NOQUOTE))" COUNT = "%sysfunc(sasmsg(sashelp.dmine, rpt_count_vlabel,      NOQUOTE))" Value = "%sysfunc(sasmsg(sashelp.dmine, rpt_percent_vlabel,    NOQUOTE))";
MPRINT(EM_DIAGRAM):   label VARIABLE= "Variable Name" DATAROLE= "Data Role" TYPE = "Output Type" X = "Numeric Value" COUNT = "Frequency Count" Value = "Percent";
32595      select(VARIABLE);
MPRINT(EM_DIAGRAM):   select(VARIABLE);
32596      when("P_Sum_Labor_Force_Pop") TYPE = 'PREDICTED';
MPRINT(EM_DIAGRAM):   when("P_Sum_Labor_Force_Pop") TYPE = 'PREDICTED';
32597      when("b_Population_in_th") TYPE= 'SEGMENT';
MPRINT(EM_DIAGRAM):   when("b_Population_in_th") TYPE= 'SEGMENT';
32598      otherwise;
MPRINT(EM_DIAGRAM):   otherwise;
32599      end;
MPRINT(EM_DIAGRAM):   end;
32600      run;
MPRINT(EM_DIAGRAM):   run;

NOTE: There were 26 observations read from the data set WORK.SCORE5_HIST.
NOTE: The data set EMWS1.SCORE5_HIST has 26 observations and 6 variables.
NOTE: DATA statement used (Total process time):
      real time           0.01 seconds
      cpu time            0.01 seconds
      

32601      data WORK.Score5STAT;
MPRINT(EM_DIAGRAM):    data WORK.Score5STAT;
32602      set WORK.Score5STAT;
MPRINT(EM_DIAGRAM):   set WORK.Score5STAT;
32603      label VARIABLE= "%sysfunc(sasmsg(sashelp.dmine, meta_name_vlabel,  NOQUOTE))" LABEL = "%sysfunc(sasmsg(sashelp.dmine, meta_label_vlabel,  NOQUOTE))" MEAN = "%sysfunc(sasmsg(sashelp.dmine, rpt_mean_vlabel,  NOQUOTE))" N =
32604         "%sysfunc(sasmsg(sashelp.dmine, rpt_nonmiss_vlabel,  NOQUOTE))" STD = "%sysfunc(sasmsg(sashelp.dmine, rpt_std_vlabel,  NOQUOTE))" MIN = "%sysfunc(sasmsg(sashelp.dmine, rpt_minimum_vlabel,  NOQUOTE))" MAX =
32605         "%sysfunc(sasmsg(sashelp.dmine, rpt_maximum_vlabel,  NOQUOTE))" MEDIAN = "%sysfunc(sasmsg(sashelp.dmine, rpt_median_vlabel,  NOQUOTE))" P25 = "%sysfunc(sasmsg(sashelp.dmine, rpt_p25_vlabel,  NOQUOTE))" P75 =
32606         "%sysfunc(sasmsg(sashelp.dmine, rpt_p75_vlabel,  NOQUOTE))";
MPRINT(EM_DIAGRAM):   label VARIABLE= "Variable Name" LABEL = "Label" MEAN = "Mean" N = "Non Missing" STD = "Standard Deviation" MIN = "Minimum" MAX = "Maximum" MEDIAN = "Median" P25 = "25th Percentile" P75 = "75th Percentile";
32607      select(VARIABLE);
MPRINT(EM_DIAGRAM):   select(VARIABLE);
32608      when("P_Sum_Labor_Force_Pop") TYPE = 'PREDICTED';
MPRINT(EM_DIAGRAM):   when("P_Sum_Labor_Force_Pop") TYPE = 'PREDICTED';
32609      when("b_Population_in_th") TYPE= 'SEGMENT';
MPRINT(EM_DIAGRAM):   when("b_Population_in_th") TYPE= 'SEGMENT';
32610      otherwise;
MPRINT(EM_DIAGRAM):   otherwise;
32611      end;
MPRINT(EM_DIAGRAM):   end;
32612      run;
MPRINT(EM_DIAGRAM):   run;

NOTE: There were 2 observations read from the data set WORK.SCORE5STAT.
NOTE: The data set WORK.SCORE5STAT has 2 observations and 12 variables.
NOTE: DATA statement used (Total process time):
      real time           0.02 seconds
      cpu time            0.01 seconds
      

32613      proc sort data = WORK.Score5STAT NOTHREADS;
MPRINT(EM_DIAGRAM):   proc sort data = WORK.Score5STAT NOTHREADS;
32614      by VARIABLE;
MPRINT(EM_DIAGRAM):   by VARIABLE;
32615      run;
MPRINT(EM_DIAGRAM):   run;

NOTE: There were 2 observations read from the data set WORK.SCORE5STAT.
NOTE: The data set WORK.SCORE5STAT has 2 observations and 12 variables.
NOTE: PROCEDURE SORT used (Total process time):
      real time           0.00 seconds
      cpu time            0.00 seconds
      

32616      proc transpose data = WORK.Score5STAT out=WORK.Score5STAT(rename=(_NAME_=STATISTICS _LABEL_=LABEL));
MPRINT(EM_DIAGRAM):   proc transpose data = WORK.Score5STAT out=WORK.Score5STAT(rename=(_NAME_=STATISTICS _LABEL_=LABEL));
32617      by VARIABLE;
MPRINT(EM_DIAGRAM):   by VARIABLE;
32618      id DATAROLE;
MPRINT(EM_DIAGRAM):   id DATAROLE;
32619      run;
MPRINT(EM_DIAGRAM):   run;

NOTE: There were 2 observations read from the data set WORK.SCORE5STAT.
NOTE: The data set WORK.SCORE5STAT has 8 observations and 5 variables.
NOTE: PROCEDURE TRANSPOSE used (Total process time):
      real time           0.01 seconds
      cpu time            0.01 seconds
      

32620      proc datasets library=WORK nolist;
MPRINT(EM_DIAGRAM):   proc datasets library=WORK nolist;
32621      modify Score5STAT;
MPRINT(EM_DIAGRAM):   modify Score5STAT;
32622      label STATISTICS = "%sysfunc(sasmsg(sashelp.dmine, rpt_statistics_vlabel,  NOQUOTE))" VARIABLE= "%sysfunc(sasmsg(sashelp.dmine, meta_name_vlabel,  NOQUOTE))" LABEL = "%sysfunc(sasmsg(sashelp.dmine, meta_label_vlabel,  NOQUOTE))" TYPE =
MPRINT(EM_DIAGRAM):   label STATISTICS = "Statistics" VARIABLE= "Variable Name" LABEL = "Label" TYPE = "Output Type";
WARNING: Variable TYPE not found in data set WORK.SCORE5STAT.
32623         "%sysfunc(sasmsg(sashelp.dmine, rpt_outputType_vlabel,  NOQUOTE))";
MPRINT(EM_DIAGRAM):   run;
32624      run;

NOTE: MODIFY was successful for WORK.SCORE5STAT.DATA.
32625      %let _cn = %sysfunc(getoption(CENTER));
32626      %let _nb = %sysfunc(getoption(NUMBER));
32627      options nonumber nocenter;
MPRINT(EM_DIAGRAM):   options nonumber nocenter;
32628      title;
MPRINT(EM_DIAGRAM):   title;

NOTE: PROCEDURE DATASETS used (Total process time):
      real time           0.02 seconds
      cpu time            0.01 seconds
      

32629      proc print data = WORK.Score5STAT label noobs;
MPRINT(EM_DIAGRAM):   proc print data = WORK.Score5STAT label noobs;
32630      by VARIABLE;
MPRINT(EM_DIAGRAM):   by VARIABLE;
32631      title9 ' ';
MPRINT(EM_DIAGRAM):   title9 ' ';
32632      title10 "%sysfunc(sasmsg(sashelp.dmine, rpt_intervalStats_title, NOQUOTE))";
MPRINT(EM_DIAGRAM):   title10 "Interval Variable Summary Statistics";
MPRINT(EM_DIAGRAM):   run;
32633      run;

NOTE: There were 8 observations read from the data set WORK.SCORE5STAT.
NOTE: The PROCEDURE PRINT printed page 8.
NOTE: PROCEDURE PRINT used (Total process time):
      real time           0.00 seconds
      cpu time            0.00 seconds
      

32634      title10;
MPRINT(EM_DIAGRAM):   title10;
32635      options &_cn &_nb;
MPRINT(EM_DIAGRAM):   options NOCENTER NONUMBER;
MPRINT(EM_DIAGRAM):    proc printto;
MPRINT(EM_DIAGRAM):   run;
