MPRINT(EM_DIAGRAM):    data _null_;
MPRINT(EM_DIAGRAM):   call symput('NLDATE', strip(put(date(), NLDATE.)));
MPRINT(EM_DIAGRAM):   call symput('NLTIME', strip(put(datetime(), NLTIME.)));
MPRINT(EM_DIAGRAM):   run;
MPRINT(EM_DIAGRAM):   data _null_;
MPRINT(EM_DIAGRAM):   nldate= sasmsg("sashelp.dmine", "log_date_note", 'N', "November 19, 2019" );
MPRINT(EM_DIAGRAM):   nltime= sasmsg("sashelp.dmine", "log_time_note", 'N', "15:55:55" );
MPRINT(EM_DIAGRAM):   put "*------------------------------------------------------------*";
MPRINT(EM_DIAGRAM):   put "* Training Log";
MPRINT(EM_DIAGRAM):   put nldate;
MPRINT(EM_DIAGRAM):   put nltime;
MPRINT(EM_DIAGRAM):   put "*------------------------------------------------------------*";
MPRINT(EM_DIAGRAM):   run;
*------------------------------------------------------------*
* Training Log
Date:                November 19, 2019
Time:                15:55:55
*------------------------------------------------------------*
MPRINT(EM_DIAGRAM):    filename O2ZJZO5G "C:\Users\student\Desktop\AA 490\Final Project\AA490_Project\Base Model\Workspaces\EMWS1\Score5\EMTRAIN.out" encoding="UTF-8" NOBOM;
MPRINT(EM_DIAGRAM):   proc printto print=O2ZJZO5G new;
MPRINT(EM_DIAGRAM):   run;
MPRINT(EM_DIAGRAM):    filename _LOG "C:\Users\student\Desktop\AA 490\Final Project\AA490_Project\Base Model\Workspaces\EMWS1\Score5\EMLOG.log" encoding="UTF-8" NOBOM;
MPRINT(EM_DIAGRAM):    data _null_;
MPRINT(EM_DIAGRAM):   call symput('NLDATE', strip(put(date(), NLDATE.)));
MPRINT(EM_DIAGRAM):   call symput('NLTIME', strip(put(datetime(), NLTIME.)));
MPRINT(EM_DIAGRAM):   run;
MPRINT(EM_DIAGRAM):   data _null_;
MPRINT(EM_DIAGRAM):   nldate= sasmsg("sashelp.dmine", "log_date_note", 'N', "November 19, 2019" );
MPRINT(EM_DIAGRAM):   nltime= sasmsg("sashelp.dmine", "log_time_note", 'N', "15:55:55" );
MPRINT(EM_DIAGRAM):   file _LOG;
MPRINT(EM_DIAGRAM):   put "*------------------------------------------------------------*";
MPRINT(EM_DIAGRAM):   put "User:                student";
MPRINT(EM_DIAGRAM):   put nldate;
MPRINT(EM_DIAGRAM):   put nltime;
MPRINT(EM_DIAGRAM):   put "Site:                70082322";
MPRINT(EM_DIAGRAM):   put "Platform:            X64_10PRO";
MPRINT(EM_DIAGRAM):   put "Maintenance Release: 9.04.01M4P110916";
MPRINT(EM_DIAGRAM):   put "EM Version:          14.2";
MPRINT(EM_DIAGRAM):   put "* ";
MPRINT(EM_DIAGRAM):   run;
MPRINT(EM_DIAGRAM):    filename _LOGIN "C:\Users\student\Desktop\AA 490\Final Project\AA490_Project\Base Model\Workspaces\EMWS1\Score5\EMTRAIN.log" encoding="UTF-8" NOBOM;
MPRINT(EM_COPYFILE):   data _null_;
MPRINT(EM_COPYFILE):   length line $20000;
MPRINT(EM_COPYFILE):   file _LOG MOD lrecl=20000;
MPRINT(EM_COPYFILE):   fid=fopen("_LOGIN",'i',20000,'v');
MPRINT(EM_COPYFILE):   if fid > 0 then do;
MPRINT(EM_COPYFILE):   do while(^fread(fid));
MPRINT(EM_COPYFILE):   rlen = frlen(fid);
MPRINT(EM_COPYFILE):   rc= fget(fid,line,20000);
MPRINT(EM_COPYFILE):   start = length(line)-length(left(line))+1;
MPRINT(EM_COPYFILE):   line=strip(line);
MPRINT(EM_COPYFILE):   put @start line;
MPRINT(EM_COPYFILE):   end;
MPRINT(EM_COPYFILE):   if fid > 0 then rc=fclose(fid);
MPRINT(EM_COPYFILE):   end;
MPRINT(EM_COPYFILE):   run;
MPRINT(EM_DIAGRAM):  ;
MPRINT(EM_DIAGRAM):   filename _LOGIN;
MPRINT(EM_DIAGRAM):    data _null_;
MPRINT(EM_DIAGRAM):   file _LOG mod;
MPRINT(EM_DIAGRAM):   put _page_;
MPRINT(EM_DIAGRAM):   run;
MPRINT(EM_DIAGRAM):   filename _LOGIN "C:\Users\student\Desktop\AA 490\Final Project\AA490_Project\Base Model\Workspaces\EMWS1\Score5\EMSCORE.log" encoding="UTF-8" NOBOM;
MPRINT(EM_DIAGRAM):  ;
MPRINT(EM_DIAGRAM):   data _null_;
MPRINT(EM_DIAGRAM):   file _LOG mod;
MPRINT(EM_DIAGRAM):   put _page_;
MPRINT(EM_DIAGRAM):   run;
MPRINT(EM_DIAGRAM):    filename _LOGIN "C:\Users\student\Desktop\AA 490\Final Project\AA490_Project\Base Model\Workspaces\EMWS1\Score5\EMREPORT.log" encoding="UTF-8" NOBOM;
MPRINT(EM_DIAGRAM):  ;
MPRINT(EM_DIAGRAM):   filename _LOGIN;
MPRINT(EM_DIAGRAM):    filename _LOG;
MPRINT(EM_DIAGRAM):    filename _OUT "C:\Users\student\Desktop\AA 490\Final Project\AA490_Project\Base Model\Workspaces\EMWS1\Score5\EMOUTPUT.out" encoding="UTF-8" NOBOM;
MPRINT(EM_DIAGRAM):    data _null_;
MPRINT(EM_DIAGRAM):   call symput('NLDATE', strip(put(date(), NLDATE.)));
MPRINT(EM_DIAGRAM):   call symput('NLTIME', strip(put(datetime(), NLTIME.)));
MPRINT(EM_DIAGRAM):   run;
MPRINT(EM_DIAGRAM):   data _null_;
MPRINT(EM_DIAGRAM):   nldate= sasmsg("sashelp.dmine", "log_date_note", 'N', "November 19, 2019" );
MPRINT(EM_DIAGRAM):   nltime= sasmsg("sashelp.dmine", "log_time_note", 'N', "15:55:55" );
MPRINT(EM_DIAGRAM):   file _OUT;
MPRINT(EM_DIAGRAM):   put "*------------------------------------------------------------*";
MPRINT(EM_DIAGRAM):   put "User:                student";
MPRINT(EM_DIAGRAM):   put nldate;
MPRINT(EM_DIAGRAM):   put nltime;
MPRINT(EM_DIAGRAM):   put "*------------------------------------------------------------*";
MPRINT(EM_DIAGRAM):   put "* Training Output";
MPRINT(EM_DIAGRAM):   put "*------------------------------------------------------------*";
MPRINT(EM_DIAGRAM):   run;
MPRINT(EM_DIAGRAM):    filename _OUTIN "C:\Users\student\Desktop\AA 490\Final Project\AA490_Project\Base Model\Workspaces\EMWS1\Score5\EMTRAIN.out" encoding="UTF-8" NOBOM;
MPRINT(EM_DIAGRAM):   ;
MPRINT(EM_COPYFILE):   data _null_;
MPRINT(EM_COPYFILE):   length line $20000;
MPRINT(EM_COPYFILE):   file _OUT MOD lrecl=20000;
MPRINT(EM_COPYFILE):   fid=fopen("_OUTIN",'i',20000,'v');
MPRINT(EM_COPYFILE):   if fid > 0 then do;
MPRINT(EM_COPYFILE):   do while(^fread(fid));
MPRINT(EM_COPYFILE):   rlen = frlen(fid);
MPRINT(EM_COPYFILE):   rc= fget(fid,line,20000);
MPRINT(EM_COPYFILE):   start = length(line)-length(left(line))+1;
MPRINT(EM_COPYFILE):   line=strip(line);
MPRINT(EM_COPYFILE):   put @start line;
MPRINT(EM_COPYFILE):   end;
MPRINT(EM_COPYFILE):   if fid > 0 then rc=fclose(fid);
MPRINT(EM_COPYFILE):   end;
MPRINT(EM_COPYFILE):   run;
MPRINT(EM_DIAGRAM):  ;
MPRINT(EM_DIAGRAM):   filename _OUTIN;
MPRINT(EM_DIAGRAM):    data _null_;
MPRINT(EM_DIAGRAM):   file _OUT mod;
MPRINT(EM_DIAGRAM):   put _page_;
MPRINT(EM_DIAGRAM):   put // "*------------------------------------------------------------*";
MPRINT(EM_DIAGRAM):   put "* Score Output";
MPRINT(EM_DIAGRAM):   put "*------------------------------------------------------------*";
MPRINT(EM_DIAGRAM):   run;
MPRINT(EM_DIAGRAM):    filename _OUTIN "C:\Users\student\Desktop\AA 490\Final Project\AA490_Project\Base Model\Workspaces\EMWS1\Score5\EMSCORE.out" encoding="UTF-8" NOBOM;
MPRINT(EM_DIAGRAM):  ;
MPRINT(EM_DIAGRAM):   filename _OUTIN;
MPRINT(EM_DIAGRAM):    data _null_;
MPRINT(EM_DIAGRAM):   file _OUT mod;
MPRINT(EM_DIAGRAM):   put _page_;
MPRINT(EM_DIAGRAM):   put // "*------------------------------------------------------------*";
MPRINT(EM_DIAGRAM):   put "* Report Output";
MPRINT(EM_DIAGRAM):   put "*------------------------------------------------------------*";
MPRINT(EM_DIAGRAM):   run;
MPRINT(EM_DIAGRAM):    filename _OUTIN "C:\Users\student\Desktop\AA 490\Final Project\AA490_Project\Base Model\Workspaces\EMWS1\Score5\EMREPORT.out" encoding="UTF-8" NOBOM;
MPRINT(EM_DIAGRAM):  ;
MPRINT(EM_DIAGRAM):   filename _OUTIN;
MPRINT(EM_DIAGRAM):    filename _OUT;
MPRINT(EM_DIAGRAM):    filename _emtool_ 'C:\Users\student\Desktop\AA 490\Final Project\AA490_Project\Base Model\Workspaces\EMWS1\Score5\EMRUNSTATUS.xml' encoding="UTF-8" NOBOM;
29740      proc freq data=EMWS1.Score5_VariableSet noprint;
MPRINT(EM_DIAGRAM):    proc freq data=EMWS1.Score5_VariableSet noprint;
29741      table ROLE*LEVEL/out=WORK.Score5META;
MPRINT(EM_DIAGRAM):   table ROLE*LEVEL/out=WORK.Score5META;
29742      run;
MPRINT(EM_DIAGRAM):   run;

NOTE: There were 3 observations read from the data set EMWS1.SCORE5_VARIABLESET.
NOTE: The data set WORK.SCORE5META has 2 observations and 4 variables.
NOTE: PROCEDURE FREQ used (Total process time):
      real time           0.02 seconds
      cpu time            0.01 seconds
      

29743      proc print data=WORK.Score5META label noobs;
MPRINT(EM_DIAGRAM):   proc print data=WORK.Score5META label noobs;
29744      var ROLE LEVEL COUNT;
MPRINT(EM_DIAGRAM):   var ROLE LEVEL COUNT;
29745      label ROLE = "%sysfunc(sasmsg(sashelp.dmine, meta_role_vlabel, NOQUOTE))" LEVEL = "%sysfunc(sasmsg(sashelp.dmine, meta_level_vlabel, NOQUOTE))" COUNT = "%sysfunc(sasmsg(sashelp.dmine, rpt_count_vlabel, NOQUOTE))";
MPRINT(EM_DIAGRAM):   label ROLE = "Role" LEVEL = "Measurement Level" COUNT = "Frequency Count";
29746      title9 ' ';
MPRINT(EM_DIAGRAM):   title9 ' ';
29747      title10 "%sysfunc(sasmsg(sashelp.dmine, rpt_varSummary_title  , NOQUOTE))";
MPRINT(EM_DIAGRAM):   title10 "Variable Summary";
MPRINT(EM_DIAGRAM):   run;
29748      run;

NOTE: There were 2 observations read from the data set WORK.SCORE5META.
NOTE: The PROCEDURE PRINT printed page 4.
NOTE: PROCEDURE PRINT used (Total process time):
      real time           0.00 seconds
      cpu time            0.00 seconds
      

29749      title10;
MPRINT(EM_DIAGRAM):   title10;
29750      %let groupid =;
29751      %let endGroupid =;
29752      %let prescoreid =;
29753      %let idsTable =;
29754      %let hpdmTable =;
29755      %let lasthptm =;
29756      data _null_;
MPRINT(EM_DIAGRAM):    data _null_;
29757      set EMWS1.Neural2_EMINFO;
MPRINT(EM_DIAGRAM):   set EMWS1.Neural2_EMINFO;
29758      where upcase(key) in('LASTHPTM', 'IDSTABLE', 'HPDMSAMPLE', 'PRESCORECODE','ENDGROUP', 'GROUPINFO', 'BOOSTINFO', 'BAGINFO', 'TARGETINFO', 'INDEXINFO');
MPRINT(EM_DIAGRAM):   where upcase(key) in('LASTHPTM', 'IDSTABLE', 'HPDMSAMPLE', 'PRESCORECODE','ENDGROUP', 'GROUPINFO', 'BOOSTINFO', 'BAGINFO', 'TARGETINFO', 'INDEXINFO');
29759      select(upcase(key));
MPRINT(EM_DIAGRAM):   select(upcase(key));
29760      when('LASTHPTM') call symput('lasthptm', DATA);
MPRINT(EM_DIAGRAM):   when('LASTHPTM') call symput('lasthptm', DATA);
29761      when('IDSTABLE') call symput('idsTable', DATA);
MPRINT(EM_DIAGRAM):   when('IDSTABLE') call symput('idsTable', DATA);
29762      when('HPDMSAMPLE') call symput('hpdmSample', DATA);
MPRINT(EM_DIAGRAM):   when('HPDMSAMPLE') call symput('hpdmSample', DATA);
29763      when('PRESCORECODE') call symput('prescoreId', DATA);
MPRINT(EM_DIAGRAM):   when('PRESCORECODE') call symput('prescoreId', DATA);
29764      when('ENDGROUP') call symput('endGroupId', DATA);
MPRINT(EM_DIAGRAM):   when('ENDGROUP') call symput('endGroupId', DATA);
29765      otherwise call symput('groupId', DATA);
MPRINT(EM_DIAGRAM):   otherwise call symput('groupId', DATA);
29766      end;
MPRINT(EM_DIAGRAM):   end;
29767      run;
MPRINT(EM_DIAGRAM):   run;

NOTE: There were 1 observations read from the data set EMWS1.NEURAL2_EMINFO.
      WHERE UPCASE(key) in ('BAGINFO', 'BOOSTINFO', 'ENDGROUP', 'GROUPINFO', 'HPDMSAMPLE', 'IDSTABLE', 'INDEXINFO', 'LASTHPTM', 'PRESCORECODE', 'TARGETINFO');
NOTE: DATA statement used (Total process time):
      real time           0.00 seconds
      cpu time            0.00 seconds
      

29768      %let lastModelid =;
29769      data _null_;
MPRINT(EM_DIAGRAM):    data _null_;
29770      set EMWS1.Neural2_EMINFO;
MPRINT(EM_DIAGRAM):   set EMWS1.Neural2_EMINFO;
29771      where upcase(key) = 'MODEL' and TARGET = "Sum_Labor_Force_Pop";
MPRINT(EM_DIAGRAM):   where upcase(key) = 'MODEL' and TARGET = "Sum_Labor_Force_Pop";
29772      call symput('lastModelID', DATA);
MPRINT(EM_DIAGRAM):   call symput('lastModelID', DATA);
29773      run;
MPRINT(EM_DIAGRAM):   run;

NOTE: There were 1 observations read from the data set EMWS1.NEURAL2_EMINFO.
      WHERE (UPCASE(key)='MODEL') and (TARGET='Sum_Labor_Force_Pop');
NOTE: DATA statement used (Total process time):
      real time           0.00 seconds
      cpu time            0.00 seconds
      

Executing  SASHELP.EMCORE.EMINFOITERATOR.SCL _INIT >> 
Executing  SASHELP.EMCORE.EMINFOITERATOR.SCL setMetaData >> 
NOTE: There were 1 observations read from the data set EMWS1.NEURAL2_EMINFO.
      WHERE (TARGET='Sum_Labor_Force_Pop') and (KEY='MODEL');
NOTE: The data set WORK.EMINFO406EGLNV has 1 observations and 3 variables.
Executing  SASHELP.EMCORE.EMINFOITERATOR.SCL NUMELEMENTS >> 
Executing  SASHELP.EMCORE.EMINFOITERATOR.SCL _term >> 
Executing  SASHELP.EMCORE.EMINFOITERATOR.SCL _INIT >> 
Executing  SASHELP.EMCORE.EMINFOITERATOR.SCL setMetaData >> 
NOTE: There were 1 observations read from the data set EMWS1.NEURAL2_EMINFO.
      WHERE (TARGET='Sum_Labor_Force_Pop') and (KEY='DECMETA');
NOTE: The data set WORK.EMINFO42K7AXRH has 1 observations and 3 variables.
Executing  SASHELP.EMCORE.EMINFOITERATOR.SCL next >> 
Executing  SASHELP.EMCORE.EMINFOITERATOR.SCL next >> 
Executing  SASHELP.EMCORE.EMINFOITERATOR.SCL _term >> 
29774      %let em_rootkey=;
29775      %let em_keytype=;
29776      %let em_keylen=;
29777      data _null_;
MPRINT(EM_DIAGRAM):    data _null_;
29778      set EMWS1.Ids4_cmeta_data;
MPRINT(EM_DIAGRAM):   set EMWS1.Ids4_cmeta_data;
29779      where role='KEY';
MPRINT(EM_DIAGRAM):   where role='KEY';
29780      call symput('em_rootkey', strip(NAME));
MPRINT(EM_DIAGRAM):   call symput('em_rootkey', strip(NAME));
29781      call symput('em_keytype', strip(TYPE));
MPRINT(EM_DIAGRAM):   call symput('em_keytype', strip(TYPE));
29782      call symput('em_rootlen', strip(put(length, best.)));
MPRINT(EM_DIAGRAM):   call symput('em_rootlen', strip(put(length, best.)));
29783      run;
MPRINT(EM_DIAGRAM):   run;

NOTE: There were 0 observations read from the data set EMWS1.IDS4_CMETA_DATA.
      WHERE role='KEY';
NOTE: DATA statement used (Total process time):
      real time           0.00 seconds
      cpu time            0.00 seconds
      

MPRINT(EM_DIAGRAM):    proc printto;
MPRINT(EM_DIAGRAM):   run;
