 
                                                                                               
 
 
Score Input Variables

                                                                                  Used in
                                                                      Variable     Score
Variable Name             Role     Creator    Comment      Label       Hidden      Code

Age_group                TARGET                          Age_group       N           N   
OG_Cases_in_Thousands    INPUT                                           N           Y   
Projected_Sum_Pop        INPUT                                           N           Y   
 
                                                                                               
 
 
Score Output Variables

Variable Name          Function          Creator    Label

EM_CLASSIFICATION      CLASSIFICATION    Score3     Prediction for Age_group              
EM_EVENTPROBABILITY    PREDICT           Score3     Probability for level 85+ of Age_group
EM_PROBABILITY         PREDICT           Score3     Probability of Classification         
I_Age_group            CLASSIFICATION    Boost      Into: Age_group                       
P_Age_group0_17        PREDICT           Boost      Predicted: Age_group=0-17             
P_Age_group18_24       PREDICT           Boost      Predicted: Age_group=18-24            
P_Age_group25_44       PREDICT           Boost      Predicted: Age_group=25-44            
P_Age_group65_84       PREDICT           Boost      Predicted: Age_group=65-84            
P_Age_group85_         PREDICT           Boost      Predicted: Age_group=85+              
Q_Age_group0_17        TRANSFORM         Boost      Unadjusted P: Age_group=0-17          
Q_Age_group18_24       TRANSFORM         Boost      Unadjusted P: Age_group=18-24         
Q_Age_group25_44       TRANSFORM         Boost      Unadjusted P: Age_group=25-44         
Q_Age_group65_84       TRANSFORM         Boost      Unadjusted P: Age_group=65-84         
Q_Age_group85_         TRANSFORM         Boost      Unadjusted P: Age_group=85+           
U_Age_group            CLASSIFICATION    Boost      Unnormalized Into: Age_group          
_WARN_                 ASSESS            Boost      Warnings                              
