MPRINT(EM_DIAGRAM):    data _null_;
MPRINT(EM_DIAGRAM):   call symput('NLDATE', strip(put(date(), NLDATE.)));
MPRINT(EM_DIAGRAM):   call symput('NLTIME', strip(put(datetime(), NLTIME.)));
MPRINT(EM_DIAGRAM):   run;
MPRINT(EM_DIAGRAM):   data _null_;
MPRINT(EM_DIAGRAM):   nldate= sasmsg("sashelp.dmine", "log_date_note", 'N', "December 09, 2019" );
MPRINT(EM_DIAGRAM):   nltime= sasmsg("sashelp.dmine", "log_time_note", 'N', "16:06:19" );
MPRINT(EM_DIAGRAM):   put "*------------------------------------------------------------*";
MPRINT(EM_DIAGRAM):   put "* Score Log";
MPRINT(EM_DIAGRAM):   put nldate;
MPRINT(EM_DIAGRAM):   put nltime;
MPRINT(EM_DIAGRAM):   put "*------------------------------------------------------------*";
MPRINT(EM_DIAGRAM):   run;
*------------------------------------------------------------*
* Score Log
Date:                December 09, 2019
Time:                16:06:19
*------------------------------------------------------------*
MPRINT(EM_DIAGRAM):    filename O3UEL6WJ "C:\Users\student\Desktop\AA490\Project\AA490_Project\Modeling\Labor Force Model\Workspaces\EMWS1\Ids2\EMSCORE.out" encoding="UTF-8" NOBOM;
MPRINT(EM_DIAGRAM):   proc printto print=O3UEL6WJ new;
MPRINT(EM_DIAGRAM):   run;
22642      *------------------------------------------------------------*;
MPRINT(EM_DIAGRAM):    *------------------------------------------------------------*;
22643      * Ids2: Computing metadata for DATA data;
MPRINT(EM_DIAGRAM):   * Ids2: Computing metadata for DATA data;
22644      *------------------------------------------------------------*;
MPRINT(EM_DIAGRAM):   *------------------------------------------------------------*;

22645      data EMWS1.Ids2_EMINFO;
MPRINT(EM_DIAGRAM):    data EMWS1.Ids2_EMINFO;
22646      length TARGET KEY $32 DATA $43;
MPRINT(EM_DIAGRAM):   length TARGET KEY $32 DATA $43;
22647      TARGET="";
MPRINT(EM_DIAGRAM):   TARGET="";
22648      KEY="IDSTABLE";
MPRINT(EM_DIAGRAM):   KEY="IDSTABLE";
22649      DATA="SASUSER.CROSS_JOIN_LABOR_2";
MPRINT(EM_DIAGRAM):   DATA="SASUSER.CROSS_JOIN_LABOR_2";
22650      output;
MPRINT(EM_DIAGRAM):   output;
22651      run;
MPRINT(EM_DIAGRAM):   run;

NOTE: The data set EMWS1.IDS2_EMINFO has 1 observations and 3 variables.
NOTE: DATA statement used (Total process time):
      real time           0.01 seconds
      cpu time            0.00 seconds
      

22652      data EMWS1.Ids2_CMeta_DATA;
MPRINT(EM_DIAGRAM):    data EMWS1.Ids2_CMeta_DATA;
22653      set EMWS1.Ids2_VariableSet;
MPRINT(EM_DIAGRAM):   set EMWS1.Ids2_VariableSet;
22654      drop DROP;
MPRINT(EM_DIAGRAM):   drop DROP;
22655      where DROP='N';
MPRINT(EM_DIAGRAM):   where DROP='N';
22656      run;
MPRINT(EM_DIAGRAM):   run;

NOTE: There were 4 observations read from the data set EMWS1.IDS2_VARIABLESET.
      WHERE DROP='N';
NOTE: The data set EMWS1.IDS2_CMETA_DATA has 4 observations and 20 variables.
NOTE: DATA statement used (Total process time):
      real time           0.01 seconds
      cpu time            0.01 seconds
      

MPRINT(EM_DIAGRAM):    proc printto;
MPRINT(EM_DIAGRAM):   run;
