MPRINT(EM_DIAGRAM):    data _null_;
MPRINT(EM_DIAGRAM):   call symput('NLDATE', strip(put(date(), NLDATE.)));
MPRINT(EM_DIAGRAM):   call symput('NLTIME', strip(put(datetime(), NLTIME.)));
MPRINT(EM_DIAGRAM):   run;
MPRINT(EM_DIAGRAM):   data _null_;
MPRINT(EM_DIAGRAM):   nldate= sasmsg("sashelp.dmine", "log_date_note", 'N', "November 12, 2019" );
MPRINT(EM_DIAGRAM):   nltime= sasmsg("sashelp.dmine", "log_time_note", 'N', "16:26:18" );
MPRINT(EM_DIAGRAM):   put "*------------------------------------------------------------*";
MPRINT(EM_DIAGRAM):   put "* Training Log";
MPRINT(EM_DIAGRAM):   put nldate;
MPRINT(EM_DIAGRAM):   put nltime;
MPRINT(EM_DIAGRAM):   put "*------------------------------------------------------------*";
MPRINT(EM_DIAGRAM):   run;
*------------------------------------------------------------*
* Training Log
Date:                November 12, 2019
Time:                16:26:18
*------------------------------------------------------------*
MPRINT(EM_DIAGRAM):    filename O18TJF_W "C:\Users\student\Desktop\AA 490\Final Project\AA490_Project\Base Model\Workspaces\EMWS1\Part2\EMTRAIN.out" encoding="UTF-8" NOBOM;
MPRINT(EM_DIAGRAM):   proc printto print=O18TJF_W new;
MPRINT(EM_DIAGRAM):   run;
MPRINT(EM_DIAGRAM):    filename _LOG "C:\Users\student\Desktop\AA 490\Final Project\AA490_Project\Base Model\Workspaces\EMWS1\Part2\EMLOG.log" encoding="UTF-8" NOBOM;
MPRINT(EM_DIAGRAM):    data _null_;
MPRINT(EM_DIAGRAM):   call symput('NLDATE', strip(put(date(), NLDATE.)));
MPRINT(EM_DIAGRAM):   call symput('NLTIME', strip(put(datetime(), NLTIME.)));
MPRINT(EM_DIAGRAM):   run;
MPRINT(EM_DIAGRAM):   data _null_;
MPRINT(EM_DIAGRAM):   nldate= sasmsg("sashelp.dmine", "log_date_note", 'N', "November 12, 2019" );
MPRINT(EM_DIAGRAM):   nltime= sasmsg("sashelp.dmine", "log_time_note", 'N', "16:26:18" );
MPRINT(EM_DIAGRAM):   file _LOG;
MPRINT(EM_DIAGRAM):   put "*------------------------------------------------------------*";
MPRINT(EM_DIAGRAM):   put "User:                student";
MPRINT(EM_DIAGRAM):   put nldate;
MPRINT(EM_DIAGRAM):   put nltime;
MPRINT(EM_DIAGRAM):   put "Site:                70082322";
MPRINT(EM_DIAGRAM):   put "Platform:            X64_10PRO";
MPRINT(EM_DIAGRAM):   put "Maintenance Release: 9.04.01M4P110916";
MPRINT(EM_DIAGRAM):   put "EM Version:          14.2";
MPRINT(EM_DIAGRAM):   put "* ";
MPRINT(EM_DIAGRAM):   run;
MPRINT(EM_DIAGRAM):    filename _LOGIN "C:\Users\student\Desktop\AA 490\Final Project\AA490_Project\Base Model\Workspaces\EMWS1\Part2\EMTRAIN.log" encoding="UTF-8" NOBOM;
MPRINT(EM_COPYFILE):   data _null_;
MPRINT(EM_COPYFILE):   length line $20000;
MPRINT(EM_COPYFILE):   file _LOG MOD lrecl=20000;
MPRINT(EM_COPYFILE):   fid=fopen("_LOGIN",'i',20000,'v');
MPRINT(EM_COPYFILE):   if fid > 0 then do;
MPRINT(EM_COPYFILE):   do while(^fread(fid));
MPRINT(EM_COPYFILE):   rlen = frlen(fid);
MPRINT(EM_COPYFILE):   rc= fget(fid,line,20000);
MPRINT(EM_COPYFILE):   start = length(line)-length(left(line))+1;
MPRINT(EM_COPYFILE):   line=strip(line);
MPRINT(EM_COPYFILE):   put @start line;
MPRINT(EM_COPYFILE):   end;
MPRINT(EM_COPYFILE):   if fid > 0 then rc=fclose(fid);
MPRINT(EM_COPYFILE):   end;
MPRINT(EM_COPYFILE):   run;
MPRINT(EM_DIAGRAM):  ;
MPRINT(EM_DIAGRAM):   filename _LOGIN;
MPRINT(EM_DIAGRAM):    data _null_;
MPRINT(EM_DIAGRAM):   file _LOG mod;
MPRINT(EM_DIAGRAM):   put _page_;
MPRINT(EM_DIAGRAM):   run;
MPRINT(EM_DIAGRAM):   filename _LOGIN "C:\Users\student\Desktop\AA 490\Final Project\AA490_Project\Base Model\Workspaces\EMWS1\Part2\EMSCORE.log" encoding="UTF-8" NOBOM;
MPRINT(EM_DIAGRAM):  ;
MPRINT(EM_DIAGRAM):   data _null_;
MPRINT(EM_DIAGRAM):   file _LOG mod;
MPRINT(EM_DIAGRAM):   put _page_;
MPRINT(EM_DIAGRAM):   run;
MPRINT(EM_DIAGRAM):    filename _LOGIN "C:\Users\student\Desktop\AA 490\Final Project\AA490_Project\Base Model\Workspaces\EMWS1\Part2\EMREPORT.log" encoding="UTF-8" NOBOM;
MPRINT(EM_DIAGRAM):  ;
MPRINT(EM_DIAGRAM):   filename _LOGIN;
MPRINT(EM_DIAGRAM):    filename _LOG;
MPRINT(EM_DIAGRAM):    filename _OUT "C:\Users\student\Desktop\AA 490\Final Project\AA490_Project\Base Model\Workspaces\EMWS1\Part2\EMOUTPUT.out" encoding="UTF-8" NOBOM;
MPRINT(EM_DIAGRAM):    data _null_;
MPRINT(EM_DIAGRAM):   call symput('NLDATE', strip(put(date(), NLDATE.)));
MPRINT(EM_DIAGRAM):   call symput('NLTIME', strip(put(datetime(), NLTIME.)));
MPRINT(EM_DIAGRAM):   run;
MPRINT(EM_DIAGRAM):   data _null_;
MPRINT(EM_DIAGRAM):   nldate= sasmsg("sashelp.dmine", "log_date_note", 'N', "November 12, 2019" );
MPRINT(EM_DIAGRAM):   nltime= sasmsg("sashelp.dmine", "log_time_note", 'N', "16:26:18" );
MPRINT(EM_DIAGRAM):   file _OUT;
MPRINT(EM_DIAGRAM):   put "*------------------------------------------------------------*";
MPRINT(EM_DIAGRAM):   put "User:                student";
MPRINT(EM_DIAGRAM):   put nldate;
MPRINT(EM_DIAGRAM):   put nltime;
MPRINT(EM_DIAGRAM):   put "*------------------------------------------------------------*";
MPRINT(EM_DIAGRAM):   put "* Training Output";
MPRINT(EM_DIAGRAM):   put "*------------------------------------------------------------*";
MPRINT(EM_DIAGRAM):   run;
MPRINT(EM_DIAGRAM):    filename _OUTIN "C:\Users\student\Desktop\AA 490\Final Project\AA490_Project\Base Model\Workspaces\EMWS1\Part2\EMTRAIN.out" encoding="UTF-8" NOBOM;
MPRINT(EM_DIAGRAM):   ;
MPRINT(EM_COPYFILE):   data _null_;
MPRINT(EM_COPYFILE):   length line $20000;
MPRINT(EM_COPYFILE):   file _OUT MOD lrecl=20000;
MPRINT(EM_COPYFILE):   fid=fopen("_OUTIN",'i',20000,'v');
MPRINT(EM_COPYFILE):   if fid > 0 then do;
MPRINT(EM_COPYFILE):   do while(^fread(fid));
MPRINT(EM_COPYFILE):   rlen = frlen(fid);
MPRINT(EM_COPYFILE):   rc= fget(fid,line,20000);
MPRINT(EM_COPYFILE):   start = length(line)-length(left(line))+1;
MPRINT(EM_COPYFILE):   line=strip(line);
MPRINT(EM_COPYFILE):   put @start line;
MPRINT(EM_COPYFILE):   end;
MPRINT(EM_COPYFILE):   if fid > 0 then rc=fclose(fid);
MPRINT(EM_COPYFILE):   end;
MPRINT(EM_COPYFILE):   run;
MPRINT(EM_DIAGRAM):  ;
MPRINT(EM_DIAGRAM):   filename _OUTIN;
MPRINT(EM_DIAGRAM):    data _null_;
MPRINT(EM_DIAGRAM):   file _OUT mod;
MPRINT(EM_DIAGRAM):   put _page_;
MPRINT(EM_DIAGRAM):   put // "*------------------------------------------------------------*";
MPRINT(EM_DIAGRAM):   put "* Score Output";
MPRINT(EM_DIAGRAM):   put "*------------------------------------------------------------*";
MPRINT(EM_DIAGRAM):   run;
MPRINT(EM_DIAGRAM):    filename _OUTIN "C:\Users\student\Desktop\AA 490\Final Project\AA490_Project\Base Model\Workspaces\EMWS1\Part2\EMSCORE.out" encoding="UTF-8" NOBOM;
MPRINT(EM_DIAGRAM):  ;
MPRINT(EM_DIAGRAM):   filename _OUTIN;
MPRINT(EM_DIAGRAM):    data _null_;
MPRINT(EM_DIAGRAM):   file _OUT mod;
MPRINT(EM_DIAGRAM):   put _page_;
MPRINT(EM_DIAGRAM):   put // "*------------------------------------------------------------*";
MPRINT(EM_DIAGRAM):   put "* Report Output";
MPRINT(EM_DIAGRAM):   put "*------------------------------------------------------------*";
MPRINT(EM_DIAGRAM):   run;
MPRINT(EM_DIAGRAM):    filename _OUTIN "C:\Users\student\Desktop\AA 490\Final Project\AA490_Project\Base Model\Workspaces\EMWS1\Part2\EMREPORT.out" encoding="UTF-8" NOBOM;
MPRINT(EM_DIAGRAM):  ;
MPRINT(EM_DIAGRAM):   filename _OUTIN;
MPRINT(EM_DIAGRAM):    filename _OUT;
MPRINT(EM_DIAGRAM):    filename _emtool_ 'C:\Users\student\Desktop\AA 490\Final Project\AA490_Project\Base Model\Workspaces\EMWS1\Part2\EMRUNSTATUS.xml' encoding="UTF-8" NOBOM;
MPRINT(EM_DIAGRAM):    filename _emtool_ 'C:\Users\student\Desktop\AA 490\Final Project\AA490_Project\Base Model\Workspaces\EMWS1\Part2\EMRUNSTATUS.xml' encoding="UTF-8" NOBOM;
28512      proc freq data=EMWS1.Part2_VariableSet noprint;
MPRINT(EM_DIAGRAM):    proc freq data=EMWS1.Part2_VariableSet noprint;
28513      table ROLE*LEVEL/out=WORK.Part2META;
MPRINT(EM_DIAGRAM):   table ROLE*LEVEL/out=WORK.Part2META;
28514      run;
MPRINT(EM_DIAGRAM):   run;

NOTE: There were 5 observations read from the data set EMWS1.PART2_VARIABLESET.
NOTE: The data set WORK.PART2META has 3 observations and 4 variables.
NOTE: PROCEDURE FREQ used (Total process time):
      real time           0.01 seconds
      cpu time            0.01 seconds
      

28515      proc print data=WORK.Part2META label noobs;
MPRINT(EM_DIAGRAM):   proc print data=WORK.Part2META label noobs;
28516      var ROLE LEVEL COUNT;
MPRINT(EM_DIAGRAM):   var ROLE LEVEL COUNT;
28517      label ROLE = "%sysfunc(sasmsg(sashelp.dmine, meta_role_vlabel, NOQUOTE))" LEVEL = "%sysfunc(sasmsg(sashelp.dmine, meta_level_vlabel, NOQUOTE))" COUNT = "%sysfunc(sasmsg(sashelp.dmine, rpt_count_vlabel, NOQUOTE))";
MPRINT(EM_DIAGRAM):   label ROLE = "Role" LEVEL = "Measurement Level" COUNT = "Frequency Count";
28518      title9 ' ';
MPRINT(EM_DIAGRAM):   title9 ' ';
28519      title10 "%sysfunc(sasmsg(sashelp.dmine, rpt_varSummary_title  , NOQUOTE))";
MPRINT(EM_DIAGRAM):   title10 "Variable Summary";
MPRINT(EM_DIAGRAM):   run;
28520      run;

NOTE: There were 3 observations read from the data set WORK.PART2META.
NOTE: The PROCEDURE PRINT printed page 5.
NOTE: PROCEDURE PRINT used (Total process time):
      real time           0.00 seconds
      cpu time            0.01 seconds
      

28521      title10;
MPRINT(EM_DIAGRAM):   title10;
MPRINT(EM_DIAGRAM):    *------------------------------------------------------------*;
MPRINT(EM_DIAGRAM):   * Part2: Preparing metadata for Training;
MPRINT(EM_DIAGRAM):   *------------------------------------------------------------*;
MPRINT(EM_DIAGRAM):   data WORK.M1CXRAQG;
MPRINT(EM_DIAGRAM):   set WORK.M1CXRAQG;
MPRINT(EM_DIAGRAM):   where(PARTITIONROLE ne '' or ROLE='TARGET');
MPRINT(EM_DIAGRAM):   run;
28529      *------------------------------------------------------------*;
MPRINT(EM_DIAGRAM):    *------------------------------------------------------------*;
28530      * Part2: Determine number of observations;
MPRINT(EM_DIAGRAM):   * Part2: Determine number of observations;
28531      *------------------------------------------------------------*;
MPRINT(EM_DIAGRAM):   *------------------------------------------------------------*;
28532      proc sql;
MPRINT(EM_DIAGRAM):   proc sql;
28533      reset noprint;
MPRINT(EM_DIAGRAM):   reset noprint;
28534      select count(*) into :_tmpa from EMWS1.Stat3_TRAIN
28535      ;
MPRINT(EM_DIAGRAM):   select count(*) into :_tmpa from EMWS1.Stat3_TRAIN ;
NOTE: There were 1575 observations read from the data set DISEASE.OG_DISEASE_AND_PROJECTED.
NOTE: View EMWS1.STAT3_TRAIN.VIEW used (Total process time):
      real time           0.02 seconds
      cpu time            0.03 seconds
      
NOTE: There were 1575 observations read from the data set EMWS1.IDS_DATA.
28536      quit;
MPRINT(EM_DIAGRAM):   quit;
NOTE: PROCEDURE SQL used (Total process time):
      real time           0.03 seconds
      cpu time            0.03 seconds
      

trainPct=40 validatePct=30 testPct=30 
28537      *------------------------------------------------------------*;
MPRINT(EM_DIAGRAM):    *------------------------------------------------------------*;
28538      * Part2: Create random partition;
MPRINT(EM_DIAGRAM):   * Part2: Create random partition;
28539      *------------------------------------------------------------*;
MPRINT(EM_DIAGRAM):   *------------------------------------------------------------*;
28540      data
28541      EMWS1.Part2_TRAIN(label="")
28542      EMWS1.Part2_VALIDATE(label="")
28543      EMWS1.Part2_TEST(label="")
28544      ;
MPRINT(EM_DIAGRAM):   data EMWS1.Part2_TRAIN(label="") EMWS1.PART2_VALIDATE(label="") EMWS1.PART2_TEST(label="") ;
28545      retain _seed_ 12345;
MPRINT(EM_DIAGRAM):   retain _seed_ 12345;
28546      drop _seed_ _genvalue_;
MPRINT(EM_DIAGRAM):   drop _seed_ _genvalue_;
28547      call ranuni(_seed_, _genvalue_);
MPRINT(EM_DIAGRAM):   call ranuni(_seed_, _genvalue_);
28548      label _dataobs_ = "%sysfunc(sasmsg(sashelp.dmine, sample_dataobs_vlabel, NOQUOTE))";
MPRINT(EM_DIAGRAM):   label _dataobs_ = "Observation Number";
28549      _dataobs_ = _N_;
MPRINT(EM_DIAGRAM):   _dataobs_ = _N_;
28550      drop _c00:;
MPRINT(EM_DIAGRAM):   drop _c00:;
28551      set EMWS1.Stat3_TRAIN;
MPRINT(EM_DIAGRAM):   set EMWS1.Stat3_TRAIN;
28552      if (1575+1-_n_)*_genvalue_ <= (630 - _C000001) then do;
MPRINT(EM_DIAGRAM):   if (1575+1-_n_)*_genvalue_ <= (630 - _C000001) then do;
28553      _C000001 + 1;
MPRINT(EM_DIAGRAM):   _C000001 + 1;
28554      output EMWS1.Part2_TRAIN;
MPRINT(EM_DIAGRAM):   output EMWS1.Part2_TRAIN;
28555      end;
MPRINT(EM_DIAGRAM):   end;
28556      else if (1575+1-_n_)*_genvalue_ <= (630 - _C000001 + 473 - _C000002) then do;
MPRINT(EM_DIAGRAM):   else if (1575+1-_n_)*_genvalue_ <= (630 - _C000001 + 473 - _C000002) then do;
28557      _C000002 + 1;
MPRINT(EM_DIAGRAM):   _C000002 + 1;
28558      output EMWS1.Part2_VALIDATE;
MPRINT(EM_DIAGRAM):   output EMWS1.Part2_VALIDATE;
28559      end;
MPRINT(EM_DIAGRAM):   end;
28560      else do;
MPRINT(EM_DIAGRAM):   else do;
28561      _C000003 + 1;
MPRINT(EM_DIAGRAM):   _C000003 + 1;
28562      output EMWS1.Part2_TEST;
MPRINT(EM_DIAGRAM):   output EMWS1.Part2_TEST;
28563      end;
MPRINT(EM_DIAGRAM):   end;
28564      run;
MPRINT(EM_DIAGRAM):   run;

NOTE: There were 1575 observations read from the data set DISEASE.OG_DISEASE_AND_PROJECTED.
NOTE: View EMWS1.STAT3_TRAIN.VIEW used (Total process time):
      real time           0.03 seconds
      cpu time            0.03 seconds
      
NOTE: There were 1575 observations read from the data set EMWS1.IDS_DATA.
NOTE: There were 1575 observations read from the data set EMWS1.STAT3_TRAIN.
NOTE: The data set EMWS1.PART2_TRAIN has 630 observations and 7 variables.
NOTE: The data set EMWS1.PART2_VALIDATE has 473 observations and 7 variables.
NOTE: The data set EMWS1.PART2_TEST has 472 observations and 7 variables.
NOTE: DATA statement used (Total process time):
      real time           0.05 seconds
      cpu time            0.06 seconds
      

MPRINT(EM_DIAGRAM):   run;
28565      run;

28566      data _tempNobs;
MPRINT(EM_DIAGRAM):    data _tempNobs;
28567      length Type $8 Table $32 Nobs 8;
MPRINT(EM_DIAGRAM):   length Type $8 Table $32 Nobs 8;
28568      label type= "%sysfunc(sasmsg(sashelp.dmine, meta_type_vlabel,    NOQUOTE))" table = "%sysfunc(sasmsg(sashelp.dmine, meta_dataset_vlabel, NOQUOTE))" nobs = "%sysfunc(sasmsg(sashelp.dmine,  rpt_numObs_vlabel,   NOQUOTE))";
MPRINT(EM_DIAGRAM):   label type= "Type" table = "Data Set" nobs = "Number of Observations";
28569      type='DATA';
MPRINT(EM_DIAGRAM):   type='DATA';
28570      table="EMWS1.Stat3_TRAIN";
MPRINT(EM_DIAGRAM):   table="EMWS1.Stat3_TRAIN";
28571      Nobs=1575;
MPRINT(EM_DIAGRAM):   Nobs=1575;
28572      output;
MPRINT(EM_DIAGRAM):   output;
28573      type='TRAIN';
MPRINT(EM_DIAGRAM):   type='TRAIN';
28574      table="EMWS1.Part2_TRAIN";
MPRINT(EM_DIAGRAM):   table="EMWS1.Part2_TRAIN";
28575      Nobs=630;
MPRINT(EM_DIAGRAM):   Nobs=630;
28576      output;
MPRINT(EM_DIAGRAM):   output;
28577      type='VALIDATE';
MPRINT(EM_DIAGRAM):   type='VALIDATE';
28578      table="EMWS1.Part2_VALIDATE";
MPRINT(EM_DIAGRAM):   table="EMWS1.Part2_VALIDATE";
28579      Nobs=473;
MPRINT(EM_DIAGRAM):   Nobs=473;
28580      output;
MPRINT(EM_DIAGRAM):   output;
28581      type='TEST';
MPRINT(EM_DIAGRAM):   type='TEST';
28582      table="EMWS1.Part2_TEST";
MPRINT(EM_DIAGRAM):   table="EMWS1.Part2_TEST";
28583      Nobs=472;
MPRINT(EM_DIAGRAM):   Nobs=472;
28584      output;
MPRINT(EM_DIAGRAM):   output;
28585      run;
MPRINT(EM_DIAGRAM):   run;

NOTE: The data set WORK._TEMPNOBS has 4 observations and 3 variables.
NOTE: DATA statement used (Total process time):
      real time           0.00 seconds
      cpu time            0.01 seconds
      

28586      %let _cn = %sysfunc(getoption(CENTER));
28587      %let _nb = %sysfunc(getoption(NUMBER));
28588      options nonumber nocenter;
MPRINT(EM_DIAGRAM):   options nonumber nocenter;
28589      proc print data=_tempNobs noobs label;
MPRINT(EM_DIAGRAM):   proc print data=_tempNobs noobs label;
28590      title9 ' ';
MPRINT(EM_DIAGRAM):   title9 ' ';
28591      title10 "%sysfunc(sasmsg(sashelp.dmine, rpt_partitionSummary_title, NOQUOTE))";
MPRINT(EM_DIAGRAM):   title10 "Partition Summary";
MPRINT(EM_DIAGRAM):   run;
28592      run;

NOTE: There were 4 observations read from the data set WORK._TEMPNOBS.
NOTE: The PROCEDURE PRINT printed page 6.
NOTE: PROCEDURE PRINT used (Total process time):
      real time           0.00 seconds
      cpu time            0.00 seconds
      

28593      title10;
MPRINT(EM_DIAGRAM):   title10;
28594      options &_cn &_nb;
MPRINT(EM_DIAGRAM):   options NOCENTER NONUMBER;
MPRINT(EM_DIAGRAM):   run;
28595      run;

MPRINT(EM_DIAGRAM):    proc printto;
MPRINT(EM_DIAGRAM):   run;
