 
                                                                                                                                                                                                                                                                
 
 
Summary Statistics for Class Targets

Data=DATA

             Numeric    Formatted    Frequency
Variable      Value       Value        Count      Percent      Label

Age_group       .         0-17          315          20      Age_group
Age_group       .         18-24         315          20      Age_group
Age_group       .         25-44         315          20      Age_group
Age_group       .         65-84         315          20      Age_group
Age_group       .         85+           315          20      Age_group


Data=TRAIN

             Numeric    Formatted    Frequency
Variable      Value       Value        Count      Percent      Label

Age_group       .         0-17          188       19.9364    Age_group
Age_group       .         18-24         188       19.9364    Age_group
Age_group       .         25-44         189       20.0424    Age_group
Age_group       .         65-84         189       20.0424    Age_group
Age_group       .         85+           189       20.0424    Age_group


Data=VALIDATE

             Numeric    Formatted    Frequency
Variable      Value       Value        Count      Percent      Label

Age_group       .         0-17          127       20.0949    Age_group
Age_group       .         18-24         127       20.0949    Age_group
Age_group       .         25-44         126       19.9367    Age_group
Age_group       .         65-84         126       19.9367    Age_group
Age_group       .         85+           126       19.9367    Age_group
