NOTE: PROCEDURE PRINTTO used (Total process time):
      real time           0.00 seconds
      cpu time            0.00 seconds
      

1 
Traverser: Traverser invoked.  MPCONNECT command is sas. 
Traverser: Beginning flow traversal 
*------------------------------------------------------------* 
* 
* Ids4 : Beginning Update 
* datetime : 19NOV2019:15:54:35 
* 
*------------------------------------------------------------* 
51888      %let _HPDMGRIDHOST=;
51889      %let _HPDMGRIDINSTALLLOC=;
51890      %let _HPDMGRIDDATASERVER=;
51891      %hpdm_gridSetOPtions;

NOTE: DATA statement used (Total process time):
      real time           0.00 seconds
      cpu time            0.00 seconds
      


*------------------------------------------------------------* 
* 
* Ids4 : End Update 
* datetime : 19NOV2019:15:54:35 
* 
*------------------------------------------------------------* 
Traverser: WaitingNode "REG2" 
Traverser: WaitingNode "TREE3" 
Traverser: WaitingNode "BOOST2" 
Traverser: WaitingNode "PART4" 
Traverser: WaitingNode "CNTRL3" 
Traverser: WaitingNode "NEURAL2" 
Traverser: WaitingNode "CNTRL4" 
Traverser: WaitingNode "MDLCOMP2" 
traverser_readyNode_note 
*------------------------------------------------------------* 
* 
* Stat7 : Beginning Update 
* datetime : 19NOV2019:15:54:35 
* 
*------------------------------------------------------------* 
51912      %let _HPDMGRIDHOST=;
51913      %let _HPDMGRIDINSTALLLOC=;
51914      %let _HPDMGRIDDATASERVER=;
51915      %hpdm_gridSetOPtions;

NOTE: DATA statement used (Total process time):
      real time           0.00 seconds
      cpu time            0.00 seconds
      


*------------------------------------------------------------* 
* 
* Stat7 : End Update 
* datetime : 19NOV2019:15:54:35 
* 
*------------------------------------------------------------* 
Traverser: WaitingNode "REG2" 
Traverser: WaitingNode "TREE3" 
Traverser: WaitingNode "BOOST2" 
Traverser: WaitingNode "CNTRL3" 
Traverser: WaitingNode "NEURAL2" 
Traverser: WaitingNode "CNTRL4" 
Traverser: WaitingNode "MDLCOMP2" 
traverser_readyNode_note 
*------------------------------------------------------------* 
* 
* Part4 : Beginning Update 
* datetime : 19NOV2019:15:54:36 
* 
*------------------------------------------------------------* 
51934      %let _HPDMGRIDHOST=;
51935      %let _HPDMGRIDINSTALLLOC=;
51936      %let _HPDMGRIDDATASERVER=;
51937      %hpdm_gridSetOPtions;

NOTE: DATA statement used (Total process time):
      real time           0.00 seconds
      cpu time            0.01 seconds
      


*------------------------------------------------------------* 
* 
* Part4 : End Update 
* datetime : 19NOV2019:15:54:36 
* 
*------------------------------------------------------------* 
Traverser: WaitingNode "REG2" 
Traverser: WaitingNode "TREE3" 
Traverser: WaitingNode "BOOST2" 
Traverser: WaitingNode "NEURAL2" 
Traverser: WaitingNode "CNTRL4" 
Traverser: WaitingNode "MDLCOMP2" 
traverser_readyNode_note 
Traverser: WaitingNode "CNTRL4" 
Traverser: WaitingNode "MDLCOMP2" 
traverser_readyNode_note 
traverser_readyNode_note 
traverser_readyNode_note 
traverser_readyNode_note 
*------------------------------------------------------------* 
* 
* Neural2 : Beginning Update 
* datetime : 19NOV2019:15:54:37 
* 
*------------------------------------------------------------* 
51957      %let _HPDMGRIDHOST=;
51958      %let _HPDMGRIDINSTALLLOC=;
51959      %let _HPDMGRIDDATASERVER=;
51960      %hpdm_gridSetOPtions;

NOTE: DATA statement used (Total process time):
      real time           0.00 seconds
      cpu time            0.00 seconds
      


*------------------------------------------------------------* 
* 
* Neural2 : End Update 
* datetime : 19NOV2019:15:54:37 
* 
*------------------------------------------------------------* 
Traverser: WaitingNode "CNTRL4" 
Traverser: WaitingNode "MDLCOMP2" 
traverser_readyNode_note 
traverser_readyNode_note 
traverser_readyNode_note 
*------------------------------------------------------------* 
* 
* Reg2 : Beginning Update 
* datetime : 19NOV2019:15:54:38 
* 
*------------------------------------------------------------* 
51980      %let _HPDMGRIDHOST=;
51981      %let _HPDMGRIDINSTALLLOC=;
51982      %let _HPDMGRIDDATASERVER=;
51983      %hpdm_gridSetOPtions;

NOTE: DATA statement used (Total process time):
      real time           0.00 seconds
      cpu time            0.00 seconds
      


*------------------------------------------------------------* 
* 
* Reg2 : End Update 
* datetime : 19NOV2019:15:54:38 
* 
*------------------------------------------------------------* 
Traverser: WaitingNode "CNTRL4" 
Traverser: WaitingNode "MDLCOMP2" 
traverser_readyNode_note 
traverser_readyNode_note 
*------------------------------------------------------------* 
* 
* Tree3 : Beginning Update 
* datetime : 19NOV2019:15:54:38 
* 
*------------------------------------------------------------* 
PERFORMANCE  DETAILS
52376      data EM_TARGETDECINFO;
52377      length TARGET $32 DECDATA DECMETA $43;
52378      TARGET="Sum_Labor_Force_Pop";
52379      DECDATA="EMWS1.Ids4_Sum_Labor_Force__DD";
52380      DECMETA="EMWS1.Ids4_Sum_Labor_Force__DM";
52381      output;
52382      run;

NOTE: The data set WORK.EM_TARGETDECINFO has 1 observations and 3 variables.
NOTE: DATA statement used (Total process time):
      real time           0.00 seconds
      cpu time            0.01 seconds
      

52383      %let emexceptionString =;
52384      %let EMEXCEPTIONSTRING=;
52385      *------------------------------------------------------------*;
52386      * UPDATE: Tree3;
52387      *------------------------------------------------------------*;
52388      %let EM_ACTION = UPDATE;
52389      %let syscc = 0;
52390      %macro main;
52391      
52392        %if %upcase(&EM_ACTION) = CREATE %then %do;
52393          filename temp catalog 'sashelp.emmodl.tree_create.source';
52394          %include temp;
52395          filename temp;
52396      
52397          %em_tree_create;
52398        %end;
52399      
52400         %else
52401         %if %upcase(&EM_ACTION) = TRAIN %then %do;
52402      
52403             filename temp catalog 'sashelp.emmodl.tree_train.source';
52404             %include temp;
52405             filename temp;
52406             %em_tree_train;
52407         %end;
52408      
52409        %else
52410        %if %upcase(&EM_ACTION) = SCORE %then %do;
52411          filename temp catalog 'sashelp.emmodl.tree_score.source';
52412          %include temp;
52413          filename temp;
52414      
52415          %em_tree_score;
52416      
52417        %end;
52418      
52419        %else
52420        %if %upcase(&EM_ACTION) = REPORT %then %do;
52421      
52422             filename temp catalog 'sashelp.emmodl.tree_report.source';
52423             %include temp;
52424             filename temp;
52425      
52426             %em_tree_report;
52427         %end;
52428      
52429        %else
52430        %if %upcase(&EM_ACTION) = OPENINT %then %do;
52431      
52432             filename temp catalog 'sashelp.emmodl.tree_actions.source';
52433             %include temp;
52434             filename temp;
52435             %EM_TREE_OPENTREEVIEWER;
52436      
52437         %end;
52438      
52439        %else
52440        %if %upcase(&EM_ACTION) = CLOSEINT %then %do;
52441      
52442             filename temp catalog 'sashelp.emmodl.tree_actions.source';
52443             %include temp;
52444             filename temp;
52445             %EM_TREE_CLOSETREEVIEWER;
52446      
52447         %end;
52448      
52449      
52450         %doendm:
52451      %mend main;
52452      
52453      %main;
52454      
52455      *------------------------------------------------------------*;
52456      * End UPDATE: Tree3;
52457      *------------------------------------------------------------*;

52458      %em_delMacro;

52460      %let _HPDMGRIDHOST=;
52461      %let _HPDMGRIDINSTALLLOC=;
52462      %let _HPDMGRIDDATASERVER=;
52463      %hpdm_gridSetOPtions;

NOTE: DATA statement used (Total process time):
      real time           0.00 seconds
      cpu time            0.00 seconds
      


*------------------------------------------------------------* 
* 
* Tree3 : End Update 
* datetime : 19NOV2019:15:54:39 
* 
*------------------------------------------------------------* 
Traverser: WaitingNode "CNTRL4" 
Traverser: WaitingNode "MDLCOMP2" 
traverser_readyNode_note 
*------------------------------------------------------------* 
* 
* Boost2 : Beginning Update 
* datetime : 19NOV2019:15:54:39 
* 
*------------------------------------------------------------* 
PERFORMANCE  DETAILS
52798      data EM_TARGETDECINFO;
52799      length TARGET $32 DECDATA DECMETA $43;
52800      TARGET="Sum_Labor_Force_Pop";
52801      DECDATA="EMWS1.Ids4_Sum_Labor_Force__DD";
52802      DECMETA="EMWS1.Ids4_Sum_Labor_Force__DM";
52803      output;
52804      run;

NOTE: The data set WORK.EM_TARGETDECINFO has 1 observations and 3 variables.
NOTE: DATA statement used (Total process time):
      real time           0.00 seconds
      cpu time            0.00 seconds
      

52805      %let emexceptionString =;
52806      %let EMEXCEPTIONSTRING=;
52807      *------------------------------------------------------------*;
52808      * UPDATE: Boost2;
52809      *------------------------------------------------------------*;
52810      %let EM_ACTION = UPDATE;
52811      %let syscc = 0;
52812      %macro main;
52813      
52814        filename temp catalog 'sashelp.emmodl.boost_macros.source';
52815        %include temp;
52816        filename temp;
52817      
52818        %setProperties;
52819      
52820        %if %upcase(&EM_ACTION) = CREATE %then %do;
52821          filename temp catalog 'sashelp.emmodl.boost_create.source';
52822          %include temp;
52823          filename temp;
52824      
52825          %create;
52826        %end;
52827      
52828         %else
52829         %if %upcase(&EM_ACTION) = TRAIN %then %do;
52830      
52831             filename temp catalog 'sashelp.emmodl.boost_train.source';
52832             %include temp;
52833             filename temp;
52834             %train;
52835         %end;
52836      
52837        %else
52838        %if %upcase(&EM_ACTION) = SCORE %then %do;
52839          filename temp catalog 'sashelp.emmodl.boost_score.source';
52840          %include temp;
52841          filename temp;
52842      
52843          %score;
52844      
52845        %end;
52846      
52847        %else
52848        %if %upcase(&EM_ACTION) = REPORT %then %do;
52849      
52850             filename temp catalog 'sashelp.emmodl.boost_report.source';
52851             %include temp;
52852             filename temp;
52853      
52854             %report;
52855         %end;
52856      
52857         %doendm:
52858      %mend main;
52859      
52860      %main;
NOTE: %INCLUDE (level 1) file TEMP is file SASHELP.EMMODL.BOOST_MACROS.SOURCE.
52861     +
52862     +%macro SetProperties;
52863     +
52864     +     /* boost options */
52865     +     %em_checkmacro(name=EM_PROPERTY_ITERATIONS,   value=50, global=Y);
52866     +     %em_checkmacro(name=EM_PROPERTY_TRAINPROPORTION,   value=60, global=Y);
52867     +     %em_checkmacro(name=EM_PROPERTY_CATEGORICALBINS, value=30, global=Y);
52868     +     %em_checkmacro(name=EM_PROPERTY_INTERVALBINS, value=100, global=Y);
52869     +     %em_checkmacro(name=EM_PROPERTY_HUBER, value=NO, global=Y);
52870     +     %em_checkmacro(name=EM_PROPERTY_SEED,   value=12345, global=Y);
52871     +     %em_checkmacro(name=EM_PROPERTY_SHRINKAGE,   value=0.1, global=Y);
52872     +     %em_checkmacro(name=EM_PROPERTY_LEAFFRACTION,   value=0.1, global=Y);
52873     +     %em_checkmacro(name=EM_PROPERTY_SPLITSIZE,   value=., global=Y);
52874     +     %em_checkmacro(name=EM_PROPERTY_NODESIZE,   value=20000, global=Y);
52875     +     %em_checkmacro(name=EM_PROPERTY_SUBSERIES,   value=BEST, global=Y);
52876     +     %em_checkmacro(name=EM_PROPERTY_ITERATIONNUM,   value=1, global=Y);
52877     +
52878     +     %em_checkmacro(name=EM_PROPERTY_PRECISION,    value=0, global=Y);
52879     +     %em_checkmacro(name=EM_PROPERTY_MISSING,      value=USEINSEARCH, global=Y);
52880     +     %em_checkmacro(name=EM_PROPERTY_MINCATSIZE, value=5, global=Y);
52881     +     %em_checkmacro(name=EM_PROPERTY_MAXBRANCH,  value=2, global=Y);
52882     +     %em_checkmacro(name=EM_PROPERTY_MAXDEPTH,   value=2, global=Y);
52883     +     %em_checkmacro(name=EM_PROPERTY_REUSEVAR,   value=1, global=Y);
52884     +     %em_checkmacro(name=EM_PROPERTY_EXHAUSTIVE,   value=5000, global=Y);
52885     +     %em_checkmacro(name=EM_PROPERTY_PERFORMANCE,   value=DISK, global=Y);
52886     +
52887     +     %em_checkmacro(name=EM_PROPERTY_ASSESSMEASURE, value=PROFIT, global=Y);
52888     +     %em_checkmacro(name=EM_PROPERTY_MEASURE, value=PROFIT, global=Y);
52889     +     %em_checkmacro(name=EM_PROPERTY_NSURRS, value=0, global=Y);
52890     +     %em_checkmacro(name=EM_PROPERTY_VARSELECTION, value=Y, global=Y);
52891     +
52892     +     %em_checkmacro(name=EM_PROPERTY_OBSIMPORTANCE, value=N, global=Y);
52893     +     %em_checkmacro(name=EM_PROPERTY_NUMSINGLEIMP, value=5, global=Y);
52894     +     %em_checkmacro(name=EM_PROPERTY_NUMPAIRIMP, value=0, global=Y);
52895     +
52896     +%mend SetProperties;
52897     +
52898     +
NOTE: %INCLUDE (level 1) ending.
NOTE: Fileref TEMP has been deassigned.
52899      
52900      *------------------------------------------------------------*;
52901      * End UPDATE: Boost2;
52902      *------------------------------------------------------------*;

52903      %em_delMacro;

52905      %let _HPDMGRIDHOST=;
52906      %let _HPDMGRIDINSTALLLOC=;
52907      %let _HPDMGRIDDATASERVER=;
52908      %hpdm_gridSetOPtions;

NOTE: DATA statement used (Total process time):
      real time           0.00 seconds
      cpu time            0.00 seconds
      


*------------------------------------------------------------* 
* 
* Boost2 : End Update 
* datetime : 19NOV2019:15:54:40 
* 
*------------------------------------------------------------* 
Traverser: WaitingNode "MDLCOMP2" 
traverser_readyNode_note 
traverser_readyNode_note 
*------------------------------------------------------------* 
* 
* MdlComp2 : Beginning Update 
* datetime : 19NOV2019:15:54:41 
* 
*------------------------------------------------------------* 
NOTE: There were 11 observations read from the data set WORK.MDLCOMP2_FILTERSET.
NOTE: The data set EMWS1.MDLCOMP2_IMPORTSET has 11 observations and 14 variables.
Executing  SASHELP.EMCORE.EMINFOITERATOR.SCL _INIT >> 
Executing  SASHELP.EMCORE.EMINFOITERATOR.SCL SETMETADATA >> 
NOTE: There were 1 observations read from the data set EMWS1.REG2_EMINFO.
      WHERE KEY='MODEL';
NOTE: The data set WORK.EMINFO437Y0QS0 has 1 observations and 3 variables.
Executing  SASHELP.EMCORE.EMINFOITERATOR.SCL numElements >> 
Executing  SASHELP.EMCORE.EMINFOITERATOR.SCL next >> 
Executing  SASHELP.EMCORE.EMINFOITERATOR.SCL _INIT >> 
Executing  SASHELP.EMCORE.EMINFOITERATOR.SCL SETMETADATA >> 
NOTE: There were 1 observations read from the data set EMWS1.REG2_EMINFO.
      WHERE (TARGET='Sum_Labor_Force_Pop') and (KEY='DECMETA');
NOTE: The data set WORK.EMINFO413GDRNE has 1 observations and 3 variables.
Executing  SASHELP.EMCORE.EMINFOITERATOR.SCL numElements >> 
Executing  SASHELP.EMCORE.EMINFOITERATOR.SCL next >> 
Executing  SASHELP.EMCORE.EMINFOITERATOR.SCL _term >> 
Executing  SASHELP.EMCORE.EMINFOITERATOR.SCL next >> 
Executing  SASHELP.EMCORE.EMINFOITERATOR.SCL _term >> 
Executing  SASHELP.EMCORE.EMINFOITERATOR.SCL _INIT >> 
Executing  SASHELP.EMCORE.EMINFOITERATOR.SCL SETMETADATA >> 
NOTE: There were 1 observations read from the data set EMWS1.TREE3_EMINFO.
      WHERE KEY='MODEL';
NOTE: The data set WORK.EMINFO40ZHN6K0 has 1 observations and 3 variables.
Executing  SASHELP.EMCORE.EMINFOITERATOR.SCL numElements >> 
Executing  SASHELP.EMCORE.EMINFOITERATOR.SCL next >> 
Executing  SASHELP.EMCORE.EMINFOITERATOR.SCL _INIT >> 
Executing  SASHELP.EMCORE.EMINFOITERATOR.SCL SETMETADATA >> 
NOTE: There were 1 observations read from the data set EMWS1.TREE3_EMINFO.
      WHERE (TARGET='Sum_Labor_Force_Pop') and (KEY='DECMETA');
NOTE: The data set WORK.EMINFO40ZF5SYR has 1 observations and 3 variables.
Executing  SASHELP.EMCORE.EMINFOITERATOR.SCL numElements >> 
Executing  SASHELP.EMCORE.EMINFOITERATOR.SCL next >> 
Executing  SASHELP.EMCORE.EMINFOITERATOR.SCL _term >> 
Executing  SASHELP.EMCORE.EMINFOITERATOR.SCL next >> 
Executing  SASHELP.EMCORE.EMINFOITERATOR.SCL _term >> 
Executing  SASHELP.EMCORE.EMINFOITERATOR.SCL _INIT >> 
Executing  SASHELP.EMCORE.EMINFOITERATOR.SCL SETMETADATA >> 
NOTE: There were 1 observations read from the data set EMWS1.BOOST2_EMINFO.
      WHERE KEY='MODEL';
NOTE: The data set WORK.EMINFO436_1_UN has 1 observations and 3 variables.
Executing  SASHELP.EMCORE.EMINFOITERATOR.SCL numElements >> 
Executing  SASHELP.EMCORE.EMINFOITERATOR.SCL next >> 
Executing  SASHELP.EMCORE.EMINFOITERATOR.SCL _INIT >> 
Executing  SASHELP.EMCORE.EMINFOITERATOR.SCL SETMETADATA >> 
NOTE: There were 1 observations read from the data set EMWS1.BOOST2_EMINFO.
      WHERE (TARGET='Sum_Labor_Force_Pop') and (KEY='DECMETA');
NOTE: The data set WORK.EMINFO4196GYX8 has 1 observations and 3 variables.
Executing  SASHELP.EMCORE.EMINFOITERATOR.SCL numElements >> 
Executing  SASHELP.EMCORE.EMINFOITERATOR.SCL next >> 
Executing  SASHELP.EMCORE.EMINFOITERATOR.SCL _term >> 
Executing  SASHELP.EMCORE.EMINFOITERATOR.SCL next >> 
Executing  SASHELP.EMCORE.EMINFOITERATOR.SCL _term >> 
Executing  SASHELP.EMCORE.EMINFOITERATOR.SCL _INIT >> 
Executing  SASHELP.EMCORE.EMINFOITERATOR.SCL SETMETADATA >> 
NOTE: There were 2 observations read from the data set EMWS1.NEURAL2_EMINFO.
      WHERE KEY='MODEL';
NOTE: The data set WORK.EMINFO420XLT8B has 2 observations and 3 variables.
Executing  SASHELP.EMCORE.EMINFOITERATOR.SCL numElements >> 
Executing  SASHELP.EMCORE.EMINFOITERATOR.SCL next >> 
Executing  SASHELP.EMCORE.EMINFOITERATOR.SCL _INIT >> 
Executing  SASHELP.EMCORE.EMINFOITERATOR.SCL SETMETADATA >> 
NOTE: There were 1 observations read from the data set EMWS1.NEURAL2_EMINFO.
      WHERE (TARGET='Population_in_thousands') and (KEY='DECMETA');
NOTE: The data set WORK.EMINFO41LUUX6U has 1 observations and 3 variables.
Executing  SASHELP.EMCORE.EMINFOITERATOR.SCL numElements >> 
Executing  SASHELP.EMCORE.EMINFOITERATOR.SCL next >> 
Executing  SASHELP.EMCORE.EMINFOITERATOR.SCL _term >> 
Executing  SASHELP.EMCORE.EMINFOITERATOR.SCL next >> 
Executing  SASHELP.EMCORE.EMINFOITERATOR.SCL _INIT >> 
Executing  SASHELP.EMCORE.EMINFOITERATOR.SCL SETMETADATA >> 
NOTE: There were 1 observations read from the data set EMWS1.NEURAL2_EMINFO.
      WHERE (TARGET='Sum_Labor_Force_Pop') and (KEY='DECMETA');
NOTE: The data set WORK.EMINFO42MVHLVX has 1 observations and 3 variables.
Executing  SASHELP.EMCORE.EMINFOITERATOR.SCL numElements >> 
Executing  SASHELP.EMCORE.EMINFOITERATOR.SCL next >> 
Executing  SASHELP.EMCORE.EMINFOITERATOR.SCL _term >> 
Executing  SASHELP.EMCORE.EMINFOITERATOR.SCL next >> 
Executing  SASHELP.EMCORE.EMINFOITERATOR.SCL _term >> 
52948      data EMWS1.MdlComp2_VariableSet;
52949      length USE $1 NAME $32 ROLE $32 LEVEL $10 EVENT $32 LABEL $200;
52950      NAME = "Sum_Labor_Force_Pop";
52951      ROLE="TARGET";
52952      LEVEL = 'INTERVAL';
52953      EVENT = '';
52954      LABEL = '';
52955      output;
52956      NAME = "Sum_Labor_Force_Pop";
52957      ROLE="TARGET";
52958      LEVEL = 'INTERVAL';
52959      EVENT = '';
52960      LABEL = '';
52961      output;
52962      NAME = "Sum_Labor_Force_Pop";
52963      ROLE="TARGET";
52964      LEVEL = 'INTERVAL';
52965      EVENT = '';
52966      LABEL = '';
52967      output;
52968      NAME = "Population_in_thousands";
52969      ROLE="TARGET";
52970      LEVEL = 'INTERVAL';
52971      EVENT = '';
52972      LABEL = '';
52973      output;
52974      NAME = "Sum_Labor_Force_Pop";
52975      ROLE="TARGET";
52976      LEVEL = 'INTERVAL';
52977      EVENT = '';
52978      LABEL = '';
52979      output;
52980      run;

NOTE: Variable USE is uninitialized.
NOTE: The data set EMWS1.MDLCOMP2_VARIABLESET has 5 observations and 6 variables.
NOTE: DATA statement used (Total process time):
      real time           0.00 seconds
      cpu time            0.00 seconds
      

52981      proc sort data=EMWS1.MdlComp2_VariableSet nodupkey NOTHREADS;
52982      by NAME LEVEL;
52983      run;

NOTE: There were 5 observations read from the data set EMWS1.MDLCOMP2_VARIABLESET.
NOTE: 3 observations with duplicate key values were deleted.
NOTE: The data set EMWS1.MDLCOMP2_VARIABLESET has 2 observations and 6 variables.
NOTE: PROCEDURE SORT used (Total process time):
      real time           0.00 seconds
      cpu time            0.01 seconds
      

52984      data EMWS1.MdlComp2_VariableSet;
52985      set EMWS1.MdlComp2_VariableSet;
52986      if _N_ = 1 then USE = "Y";
52987      else USE = "N";
52988      run;

NOTE: There were 2 observations read from the data set EMWS1.MDLCOMP2_VARIABLESET.
NOTE: The data set EMWS1.MDLCOMP2_VARIABLESET has 2 observations and 6 variables.
NOTE: DATA statement used (Total process time):
      real time           0.00 seconds
      cpu time            0.00 seconds
      

52989      *------------------------------------------------------------*;
52990      * MdlComp2: Computing metadata for TRAIN data;
52991      *------------------------------------------------------------*;

52992      *------------------------------------------------------------*;
52993      * MdlComp2: Create Metadata;
52994      *------------------------------------------------------------*;
52995      data EMWS1.MdlComp2_CMeta_TRAIN;
52996      set EMWS1.Reg2_CMeta_TRAIN;
52997      run;

NOTE: There were 10 observations read from the data set EMWS1.REG2_CMETA_TRAIN.
NOTE: The data set EMWS1.MDLCOMP2_CMETA_TRAIN has 10 observations and 21 variables.
NOTE: DATA statement used (Total process time):
      real time           0.00 seconds
      cpu time            0.01 seconds
      

52999      %let _HPDMGRIDHOST=;
53000      %let _HPDMGRIDINSTALLLOC=;
53001      %let _HPDMGRIDDATASERVER=;
53002      %hpdm_gridSetOPtions;

NOTE: DATA statement used (Total process time):
      real time           0.00 seconds
      cpu time            0.01 seconds
      


*------------------------------------------------------------* 
* 
* MdlComp2 : End Update 
* datetime : 19NOV2019:15:54:41 
* 
*------------------------------------------------------------* 
Traverser: Run Completed 
53003      proc printto;
53004      run;

