 
                                                                                                                                                                                                                                                                
 
 
Fit Statistics

Target=Sum_Labor_Force_Pop Target Label=Industry_Population

   Fit
Statistics    Statistics Label                         Train     Validation           Test

 _DFT_        Total Degrees of Freedom                112.00            .              .  
 _DFE_        Degrees of Freedom for Error             81.00            .              .  
 _DFM_        Model Degrees of Freedom                 31.00            .              .  
 _NW_         Number of Estimated Weights              31.00            .              .  
 _AIC_        Akaike's Information Criterion         3329.62            .              .  
 _SBC_        Schwarz's Bayesian Criterion           3413.90            .              .  
 _ASE_        Average Squared Error              4.684126E12    1.180918E13    1.296186E13
 _MAX_        Maximum Absolute Error             11114365.73    11487365.72    11110365.73
 _DIV_        Divisor for ASE                         112.00          84.00          84.00
 _NOBS_       Sum of Frequencies                      112.00          84.00          84.00
 _RASE_       Root Average Squared Error          2164284.18     3436448.73     3600258.51
 _SSE_        Sum of Squared Errors              5.246221E14    9.919711E14    1.088796E15
 _SUMW_       Sum of Case Weights Times Freq          112.00          84.00          84.00
 _FPE_        Final Prediction Error             8.269506E12            .              .  
 _MSE_        Mean Squared Error                 6.476816E12    1.180918E13    1.296186E13
 _RFPE_       Root Final Prediction Error         2875674.94            .              .  
 _RMSE_       Root Mean Squared Error             2544958.98     3436448.73     3600258.51
 _AVERR_      Average Error Function             4.684126E12    1.180918E13    1.296186E13
 _ERR_        Error Function                     5.246221E14    9.919711E14    1.088796E15
 _MISC_       Misclassification Rate                     .              .              .  
 _WRONG_      Number of Wrong Classifications            .              .              .  
 
                                                                                                                                                                                                                                                                
 
 
Assessment Score Rankings

Data Role=TRAIN Target Variable=Sum_Labor_Force_Pop Target Label=Industry_Population

           Number of                        Mean
Depth    Observations    Mean Target      Predicted

   5           6         22027666.67     13537406.33
  10           6         14186000.00     13358417.32
  15           5         12854800.00     12935112.57
  20           6         10704333.33     11006195.16
  25           5          9464200.00      9147906.34
  30           6          8074666.67      8065074.79
  35           6          7215500.00      7341401.39
  40           5          6535400.00      6621236.95
  45           6          6695333.33      6324099.85
  50           5          5535600.00      5538012.21
  55           6          6066666.67      5174749.27
  60           6          5129833.33      4962108.19
  65           5          2572600.00      3953965.19
  70           6          3020666.67      3647507.03
  75           5          2134400.00      2267497.58
  80           6          1713000.00      1751715.56
  85           6          1547166.67      1535676.99
  90           5           992200.00      1162752.99
  95           6           679666.67       505416.25
 100           5           381800.00      -629267.82


Data Role=VALIDATE Target Variable=Sum_Labor_Force_Pop Target Label=Industry_Population

           Number of       Mean          Mean
Depth    Observations     Target       Predicted

   5           5         24308000     13589634.28
  10           4         22659750     13539695.83
  15           4         15738750     13459310.85
  20           4         14079500     13301400.95
  25           4         10667000     10841308.17
  30           5          8447400      8427597.62
  35           4          7494750      7143855.12
  40           4          6738500      6502033.68
  45           4          6326000      6040192.96
  50           4          5214750      5420388.48
  55           5          5938400      5292919.03
  60           4          6232500      5248316.31
  65           4          5490750      5002228.52
  70           4          2903250      4045308.48
  75           4          2903750      3458616.73
  80           5          1974600      2072857.95
  85           4          1635000      1666215.80
  90           4          1143000      1282666.03
  95           4           704000       369644.88
 100           4           395000      -585716.57
 
                                                                                                                                                                                                                                                                
 
 
Assessment Score Distribution

Data Role=TRAIN Target Variable=Sum_Labor_Force_Pop Target Label=Industry_Population

                                                  Mean          Number of
    Range for Predicted        Mean Target      Predicted     Observations     Model Score

12870167.526 - 13589634.274    17062266.67     13378802.58         15          13229900.90
12150700.778 - 12870167.526    12606666.67     12586839.45          3          12510434.15
11431234.030 - 12150700.778    11647500.00     11727553.79          2          11790967.40
 9992300.535 - 10711767.283     9425500.00     10194893.39          2          10352033.91
 9272833.787 -  9992300.535    10162250.00      9747564.86          4           9632567.16
 7833900.291 -  8553367.039     7985600.00      8080319.35         10           8193633.66
 7114433.543 -  7833900.291     7648000.00      7652160.29          1           7474166.92
 6394966.795 -  7114433.543     6804727.27      6643099.54         11           6754700.17
 5675500.047 -  6394966.795     6297250.00      6123562.79          4           6035233.42
 4956033.300 -  5675500.047     5660357.14      5201409.74         14           5315766.67
 4236566.552 -  4956033.300     4380000.00      4803064.44          3           4596299.93
 3517099.804 -  4236566.552     2705800.00      3695258.19         10           3876833.18
 2797633.056 -  3517099.804     3074000.00      3320033.47          1           3157366.43
 2078166.308 -  2797633.056     1960000.00      2217744.66          1           2437899.68
 1358699.560 -  2078166.308     1645750.00      1681952.54         16           1718432.93
 639232.812 -  1358699.560       866714.29      1027498.63          7            998966.19
 -80233.936 -  639232.812        654500.00       191743.93          2            279499.44
 -799700.683 -  -80233.936       406500.00      -543871.74          6           -439967.31


Data Role=VALIDATE Target Variable=Sum_Labor_Force_Pop Target Label=Industry_Population

                                                  Mean          Number of
    Range for Predicted        Mean Target      Predicted     Observations     Model Score

12870851.969 - 13589634.302    19497176.47     13479400.11         17          13230243.14
12152069.637 - 12870851.969    12147000.00     12158878.80          1          12511460.80
10714504.971 - 11433287.304    11170000.00     11234560.82          1          11073896.14
 9995722.639 - 10714504.971     9639000.00     10044886.97          1          10355113.80
 9276940.306 -  9995722.639    10085000.00      9877656.78          2           9636331.47
 7839375.640 -  8558157.973     7935400.00      8063834.94          5           8198766.81
 7120593.308 -  7839375.640     7378000.00      7415500.41          1           7479984.47
 6401810.975 -  7120593.308     6942833.33      6526410.12          6           6761202.14
 5683028.642 -  6401810.975     6326000.00      6040192.96          4           6042419.81
 4964246.310 -  5683028.642     5757062.50      5262915.78         16           5323637.48
 4245463.977 -  4964246.310     4730500.00      4911843.92          2           4604855.14
 3526681.644 -  4245463.977     2721666.67      3712278.32          6           3886072.81
 2807899.312 -  3526681.644     2768000.00      2860019.02          1           3167290.48
 2089116.979 -  2807899.312     2413000.00      2435469.58          2           2448508.15
 1370334.646 -  2089116.979     1612888.89      1703333.08          9           1729725.81
 651552.314 -  1370334.646       787666.67       960264.30          3           1010943.48
 -67230.019 -  651552.314        698666.67       185555.58          3            292161.15
 -786012.352 -  -67230.019       395000.00      -585716.57          4           -426621.19
