MPRINT(EM_DIAGRAM):    data _null_;
MPRINT(EM_DIAGRAM):   call symput('NLDATE', strip(put(date(), NLDATE.)));
MPRINT(EM_DIAGRAM):   call symput('NLTIME', strip(put(datetime(), NLTIME.)));
MPRINT(EM_DIAGRAM):   run;
MPRINT(EM_DIAGRAM):   data _null_;
MPRINT(EM_DIAGRAM):   nldate= sasmsg("sashelp.dmine", "log_date_note", 'N', "November 21, 2019" );
MPRINT(EM_DIAGRAM):   nltime= sasmsg("sashelp.dmine", "log_time_note", 'N', "15:12:19" );
MPRINT(EM_DIAGRAM):   put "*------------------------------------------------------------*";
MPRINT(EM_DIAGRAM):   put "* Report Log";
MPRINT(EM_DIAGRAM):   put nldate;
MPRINT(EM_DIAGRAM):   put nltime;
MPRINT(EM_DIAGRAM):   put "*------------------------------------------------------------*";
MPRINT(EM_DIAGRAM):   run;
*------------------------------------------------------------*
* Report Log
Date:                November 21, 2019
Time:                15:12:19
*------------------------------------------------------------*
MPRINT(EM_DIAGRAM):    filename O2SLR1B6 "C:\Users\student\Desktop\AA490\Project\AA490_Project\Modeling\Labor Force Model\Workspaces\EMWS1\Neural\EMREPORT.out" encoding="UTF-8" NOBOM;
MPRINT(EM_DIAGRAM):   proc printto print=O2SLR1B6 new;
MPRINT(EM_DIAGRAM):   run;
71042      data EMWS1.Neural_EMOUTFIT(rename=(_NAME_=TARGET));
MPRINT(EM_DIAGRAM):    data EMWS1.Neural_EMOUTFIT(rename=(_NAME_=TARGET));
71043      set EMWS1.Neural_OUTFIT(where=(_NAME_ eq 'OVERALL'));
MPRINT(EM_DIAGRAM):   set EMWS1.Neural_OUTFIT(where=(_NAME_ eq 'OVERALL'));
71044      label _NAME_ = "%sysfunc(sasmsg(sashelp.dmine, rpt_target_vlabel  , NOQUOTE))";
MPRINT(EM_DIAGRAM):   label _NAME_ = "Target";
71045      if _NAME_='OVERALL' then _NAME_='Sum_Labor_Force_Pop';
MPRINT(EM_DIAGRAM):   if _NAME_='OVERALL' then _NAME_='Sum_Labor_Force_Pop';
71046      drop _ITER_;
MPRINT(EM_DIAGRAM):   drop _ITER_;
71047      run;
MPRINT(EM_DIAGRAM):   run;

NOTE: There were 1 observations read from the data set EMWS1.NEURAL_OUTFIT.
      WHERE _NAME_='OVERALL';
NOTE: The data set EMWS1.NEURAL_EMOUTFIT has 1 observations and 35 variables.
NOTE: DATA statement used (Total process time):
      real time           0.00 seconds
      cpu time            0.00 seconds
      

71048      proc sort data=EMWS1.Neural_EMOUTFIT nodupkey;
MPRINT(EM_DIAGRAM):   proc sort data=EMWS1.Neural_EMOUTFIT nodupkey;
71049      by TARGET;
MPRINT(EM_DIAGRAM):   by TARGET;
71050      run;
MPRINT(EM_DIAGRAM):   run;

NOTE: There were 1 observations read from the data set EMWS1.NEURAL_EMOUTFIT.
NOTE: 0 observations with duplicate key values were deleted.
NOTE: The data set EMWS1.NEURAL_EMOUTFIT has 1 observations and 35 variables.
NOTE: PROCEDURE SORT used (Total process time):
      real time           0.01 seconds
      cpu time            0.01 seconds
      

71051      data EMWS1.Neural_EMOUTFIT;
MPRINT(EM_DIAGRAM):    data EMWS1.Neural_EMOUTFIT;
71052      set EMWS1.Neural_EMOUTFIT;
MPRINT(EM_DIAGRAM):   set EMWS1.Neural_EMOUTFIT;
71053      length TargetLabel $200;
MPRINT(EM_DIAGRAM):   length TargetLabel $200;
71054      label targetLabel = "%sysfunc(sasmsg(sashelp.dmine, meta_targetlabel_vlabel, NOQUOTE))";
MPRINT(EM_DIAGRAM):   label targetLabel = "Target Label";
71055      run;
MPRINT(EM_DIAGRAM):   run;

NOTE: Variable TargetLabel is uninitialized.
NOTE: There were 1 observations read from the data set EMWS1.NEURAL_EMOUTFIT.
NOTE: The data set EMWS1.NEURAL_EMOUTFIT has 1 observations and 36 variables.
NOTE: DATA statement used (Total process time):
      real time           0.01 seconds
      cpu time            0.01 seconds
      

71056      proc sort data=EMWS1.Neural_EMREPORTFIT nothreads;
MPRINT(EM_DIAGRAM):    proc sort data=EMWS1.Neural_EMREPORTFIT nothreads;
71057      by TARGET;
MPRINT(EM_DIAGRAM):   by TARGET;
71058      run;
MPRINT(EM_DIAGRAM):   run;

NOTE: There were 21 observations read from the data set EMWS1.NEURAL_EMREPORTFIT.
NOTE: The data set EMWS1.NEURAL_EMREPORTFIT has 21 observations and 7 variables.
NOTE: PROCEDURE SORT used (Total process time):
      real time           0.01 seconds
      cpu time            0.01 seconds
      

71059      %let _EMwarndup = 0;
71060      %let _EMtargetdup =;
71061      %let _EMASEtargetdup =;
71062      data _null_;
MPRINT(EM_DIAGRAM):    data _null_;
71063      set EMWS1.Neural_EMOUTFIT;
MPRINT(EM_DIAGRAM):   set EMWS1.Neural_EMOUTFIT;
71064      if .<_ASE_<0.000001 then do;
MPRINT(EM_DIAGRAM):   if .<_ASE_<0.000001 then do;
71065      call symput('_EMwarndup', '1');
MPRINT(EM_DIAGRAM):   call symput('_EMwarndup', '1');
71066      call symput('_EMtargetdup', target);
MPRINT(EM_DIAGRAM):   call symput('_EMtargetdup', target);
71067      call symput('_EMASEtargetdup', put(_ASE_, best.));
MPRINT(EM_DIAGRAM):   call symput('_EMASEtargetdup', put(_ASE_, best.));
71068      end;
MPRINT(EM_DIAGRAM):   end;
71069      run;
MPRINT(EM_DIAGRAM):   run;

NOTE: There were 1 observations read from the data set EMWS1.NEURAL_EMOUTFIT.
NOTE: DATA statement used (Total process time):
      real time           0.00 seconds
      cpu time            0.00 seconds
      

71070      proc sort data=EMWS1.Varsel_CMeta_TRAIN out=WORK.SUBSETINMETA;
MPRINT(EM_DIAGRAM):    proc sort data=EMWS1.Varsel_CMeta_TRAIN out=WORK.SUBSETINMETA;
71071      by NAME;
MPRINT(EM_DIAGRAM):   by NAME;
71072      run;
MPRINT(EM_DIAGRAM):   run;

NOTE: There were 7 observations read from the data set EMWS1.VARSEL_CMETA_TRAIN.
NOTE: The data set WORK.SUBSETINMETA has 7 observations and 20 variables.
NOTE: PROCEDURE SORT used (Total process time):
      real time           0.01 seconds
      cpu time            0.00 seconds
      

71073      proc sort data=EMWS1.Neural_VariableSet out=WORK.SUBSETVARSET(keep=NAME REPORT);
MPRINT(EM_DIAGRAM):   proc sort data=EMWS1.Neural_VariableSet out=WORK.SUBSETVARSET(keep=NAME REPORT);
71074      by NAME;
MPRINT(EM_DIAGRAM):   by NAME;
71075      run;
MPRINT(EM_DIAGRAM):   run;

NOTE: There were 4 observations read from the data set EMWS1.NEURAL_VARIABLESET.
NOTE: The data set WORK.SUBSETVARSET has 4 observations and 2 variables.
NOTE: PROCEDURE SORT used (Total process time):
      real time           0.01 seconds
      cpu time            0.01 seconds
      

71076      data WORK.ASSESS_META;
MPRINT(EM_DIAGRAM):   data WORK.ASSESS_META;
71077      merge WORK.SUBSETINMETA WORK.SUBSETVARSET;
MPRINT(EM_DIAGRAM):   merge WORK.SUBSETINMETA WORK.SUBSETVARSET;
71078      by NAME;
MPRINT(EM_DIAGRAM):   by NAME;
71079      run;
MPRINT(EM_DIAGRAM):   run;

NOTE: There were 7 observations read from the data set WORK.SUBSETINMETA.
NOTE: There were 4 observations read from the data set WORK.SUBSETVARSET.
NOTE: The data set WORK.ASSESS_META has 7 observations and 20 variables.
NOTE: DATA statement used (Total process time):
      real time           0.01 seconds
      cpu time            0.00 seconds
      

71080      data EM_temp_assessMeta;
MPRINT(EM_DIAGRAM):    data EM_temp_assessMeta;
71081      set EMWS1.Neural_CMeta_TRAIN;
MPRINT(EM_DIAGRAM):   set EMWS1.Neural_CMeta_TRAIN;
71082      where role in('DECISION', 'PREDICT', 'RESIDUAL', 'CLASSIFICATION', 'ASSESS', 'COST');
MPRINT(EM_DIAGRAM):   where role in('DECISION', 'PREDICT', 'RESIDUAL', 'CLASSIFICATION', 'ASSESS', 'COST');
71083      run;
MPRINT(EM_DIAGRAM):   run;

NOTE: There were 3 observations read from the data set EMWS1.NEURAL_CMETA_TRAIN.
      WHERE role in ('ASSESS', 'CLASSIFICATION', 'COST', 'DECISION', 'PREDICT', 'RESIDUAL');
NOTE: The data set WORK.EM_TEMP_ASSESSMETA has 3 observations and 21 variables.
NOTE: DATA statement used (Total process time):
      real time           0.01 seconds
      cpu time            0.00 seconds
      

71084      data EM_temp_assessdata;
MPRINT(EM_DIAGRAM):    data EM_temp_assessdata;
71085      set EMWS1.Neural_TRAIN(keep=
71086      P_Sum_Labor_Force_Pop
71087      R_Sum_Labor_Force_Pop
71088      _WARN_
71089      Sum_Labor_Force_Pop
71090      );
MPRINT(EM_DIAGRAM):   set EMWS1.Neural_TRAIN(keep= P_Sum_Labor_Force_Pop R_Sum_Labor_Force_Pop _WARN_ Sum_Labor_Force_Pop );
71091      run;
MPRINT(EM_DIAGRAM):   run;

NOTE: There were 588 observations read from the data set EMWS1.PART_TRAIN.
NOTE: There were 588 observations read from the data set EMWS1.TRANS_TRAIN.
NOTE: View EMWS1.NEURAL_TRAIN.VIEW used (Total process time):
      real time           0.15 seconds
      cpu time            0.15 seconds
      
NOTE: There were 588 observations read from the data set EMWS1.VARSEL_TRAIN.
NOTE: There were 588 observations read from the data set EMWS1.NEURAL_TRAIN.
NOTE: The data set WORK.EM_TEMP_ASSESSDATA has 588 observations and 4 variables.
NOTE: DATA statement used (Total process time):
      real time           0.19 seconds
      cpu time            0.20 seconds
      

MPRINT(EM_DIAGRAM):    data WORK._RESMETA;
MPRINT(EM_DIAGRAM):   length NAME $32 LEVEL $8 ROLE $32 type $1;
MPRINT(EM_DIAGRAM):   NAME="R_Sum_Labor_Force_Pop";
MPRINT(EM_DIAGRAM):   ROLE='INPUT';
MPRINT(EM_DIAGRAM):   LEVEL='INTERVAL';
MPRINT(EM_DIAGRAM):   TYPE='N';
MPRINT(EM_DIAGRAM):   output;
MPRINT(EM_DIAGRAM):   run;
MPRINT(EM_DIAGRAM):    *------------------------------------------------------------* ;
MPRINT(EM_DIAGRAM):   * Neural: STDIZE Variables Macro ;
MPRINT(EM_DIAGRAM):   *------------------------------------------------------------* ;
MPRINT(EM_DIAGRAM):   *------------------------------------------------------------*;
MPRINT(EM_DIAGRAM):   * Neural: Computing Summary Statistics;
MPRINT(EM_DIAGRAM):   *------------------------------------------------------------*;
MPRINT(EM_DIAGRAM):   proc stdize data = EM_temp_assessdata out=_null_ outstat=WORK.Neural_STAT add=0 fuzz=1E-14 initial=MAD vardef=df method=STD mult=1 pctlmtd=ORD_STAT pctldef=2 pctlpts=( 0 5 10 15 20 25 30 35 40 45 50 55 60 65 70 75 80 85 90 95 100 ) ;
MPRINT(EM_DIAGRAM):   var
MPRINT(STDIZEVAR):   R_Sum_Labor_Force_Pop
MPRINT(EM_DIAGRAM):  ;
MPRINT(EM_DIAGRAM):   run;
MPRINT(EM_DIAGRAM):   quit;
MPRINT(EM_DIAGRAM):    data WORK.NeuralBOXDATA;
MPRINT(EM_DIAGRAM):   set WORK.Neural_STAT;
MPRINT(EM_DIAGRAM):   where _TYPE_ in('LOCATION', 'SCALE', 'P0', 'P5', 'P10', 'P15', 'P20' 'P25', 'P50', 'P75', 'P80', 'P85', 'P90', 'P95', 'P100');
MPRINT(EM_DIAGRAM):   if _TYPE_ = 'LOCATION' then _TYPE_='MEAN';
MPRINT(EM_DIAGRAM):   else if _TYPE_ = 'SCALE' then _TYPE_='STD';
MPRINT(EM_DIAGRAM):   run;
MPRINT(EM_DIAGRAM):   proc sort data=WORK.NeuralBOXDATA NOTHREADS;
MPRINT(EM_DIAGRAM):   by _TYPE_;
MPRINT(EM_DIAGRAM):   run;
MPRINT(EM_DIAGRAM):   proc transpose data=WORK.NeuralBOXDATA out=WORK.NeuralBOXDATA;
MPRINT(EM_DIAGRAM):   id _TYPE_;
MPRINT(EM_DIAGRAM):   run;
MPRINT(EM_DIAGRAM):   data WORK.NeuralBOXDATA;
MPRINT(EM_DIAGRAM):   set WORK.NeuralBOXDATA;
MPRINT(EM_DIAGRAM):   UPPERWHISKER = P75 + 1.5*abs(P75 - P25);
MPRINT(EM_DIAGRAM):   LOWERWHISKER = P25 - 1.5*abs(P75 - P25);
MPRINT(EM_DIAGRAM):   if P100<=UPPERWHISKER then do;
MPRINT(EM_DIAGRAM):   UPPERWHISKER=P100;
MPRINT(EM_DIAGRAM):   P100=.;
MPRINT(EM_DIAGRAM):   end;
MPRINT(EM_DIAGRAM):   if P95<=UPPERWHISKER then P95=.;
MPRINT(EM_DIAGRAM):   if P90<=UPPERWHISKER then P90=.;
MPRINT(EM_DIAGRAM):   if P85<=UPPERWHISKER then P85=.;
MPRINT(EM_DIAGRAM):   if P80<=UPPERWHISKER then P80=.;
MPRINT(EM_DIAGRAM):   if LOWERWHISKER<=P0 then do;
MPRINT(EM_DIAGRAM):   LOWERWHISKER=P0;
MPRINT(EM_DIAGRAM):   P0=.;
MPRINT(EM_DIAGRAM):   end;
MPRINT(EM_DIAGRAM):   if LOWERWHISKER<=P20 then P20=.;
MPRINT(EM_DIAGRAM):   if LOWERWHISKER<=P15 then P15=.;
MPRINT(EM_DIAGRAM):   if LOWERWHISKER<=P10 then P10=.;
MPRINT(EM_DIAGRAM):   if LOWERWHISKER<=P5 then P5=.;
MPRINT(EM_DIAGRAM):   run;
MPRINT(EM_DIAGRAM):   proc transpose data=WORK.NeuralBOXDATA out=WORK.NeuralBOXDATA(rename=(COL1=VALUE _name_=_VARIABLE_)) NAME=XLABEL;
MPRINT(EM_DIAGRAM):   by _NAME_;
MPRINT(EM_DIAGRAM):   run;
MPRINT(EM_DIAGRAM):   data WORK.NeuralBOXDATA;
MPRINT(EM_DIAGRAM):   length XLABEL $12;
MPRINT(EM_DIAGRAM):   set WORK.NeuralBOXDATA;
MPRINT(EM_DIAGRAM):   label _VARIABLE_=;
MPRINT(EM_DIAGRAM):   label XLABEL=;
MPRINT(EM_DIAGRAM):   where VALUE ne .;
MPRINT(EM_DIAGRAM):   if XLABEL in('P100', 'P95', 'P90', 'P85', 'P80', 'P20', 'P15', 'P10', 'P5', 'P0') then XLABEL = 'OUTLIER';
MPRINT(EM_DIAGRAM):   else if XLABEL='P50' then XLABEL='MEDIAN';
MPRINT(EM_DIAGRAM):   run;
MPRINT(EM_DIAGRAM):   proc sort data=WORK.NeuralBOXDATA NOTHREADS;
MPRINT(EM_DIAGRAM):   by VALUE;
MPRINT(EM_DIAGRAM):   run;
MPRINT(EM_DIAGRAM):    data EMWS1.Neural_EMRESIDUAL;
MPRINT(EM_DIAGRAM):   length TARGET $32 TARGETLABEL $200 DATAROLE $32;
MPRINT(EM_DIAGRAM):   label target = "Target Variable";
MPRINT(EM_DIAGRAM):   label targetlabel = "Target Label";
MPRINT(EM_DIAGRAM):   label datarole = "Data Role";
MPRINT(EM_DIAGRAM):   label VALUE = "Value";
MPRINT(EM_DIAGRAM):   label XLABEL = "Box Plot Marker";
MPRINT(EM_DIAGRAM):   label _VARIABLE_ = "Residual Variable";
MPRINT(EM_DIAGRAM):   set WORK.NeuralBOXDATA;
MPRINT(EM_DIAGRAM):   retain dataRole "TRAIN";
MPRINT(EM_DIAGRAM):   TARGET = substr(_VARIABLE_, 3);
MPRINT(EM_DIAGRAM):   run;
MPRINT(EM_DIAGRAM):    data ASSESS_REPORTMETA;
MPRINT(EM_DIAGRAM):   set EMWS1.Neural_VariableSet;
MPRINT(EM_DIAGRAM):   where REPORT='Y';
MPRINT(EM_DIAGRAM):   run;
MPRINT(EM_DIAGRAM):   filename temp catalog 'sashelp.emassmt.em_assess.source';
MPRINT(EM_DIAGRAM):   filename temp;
MPRINT(EM_DIAGRAM):    data _null_;
MPRINT(EM_DIAGRAM):   set EMWS1.Ids_Sum_Labor_Force__DM;
MPRINT(EM_DIAGRAM):   where _TYPE_="TARGET";
MPRINT(EM_DIAGRAM):   call symput('ASSMT_EVENT', strip(event));
MPRINT(EM_DIAGRAM):   run;
MPRINT(EM_DIAGRAM):   
MPRINT(EM_ASSESS):   data _ea_tmpdata;
MPRINT(EM_ASSESS):   set EM_temp_assessdata;
MPRINT(EM_ASSESS):   _tmpfreqvar_=1;
MPRINT(EM_ASSESS):   run;
MPRINT(EM_CHECKEMSETINIT):   DATA _NULL_;
MPRINT(EM_CHECKEMSETINIT):   EM_SETINIT = 'N';
MPRINT(EM_CHECKEMSETINIT):   IF SYSPROD('PRODNUM50') THEN EM_SETINIT = 'Y';
MPRINT(EM_CHECKEMSETINIT):   ELSE IF SYSPROD('PRODNUM448') THEN EM_SETINIT = 'Y';
MPRINT(EM_CHECKEMSETINIT):   ELSE IF SYSPROD('PRODNUM102') THEN EM_SETINIT = 'Y';
MPRINT(EM_CHECKEMSETINIT):   ELSE IF SYSPROD('PRODNUM103') THEN EM_SETINIT = 'Y';
MPRINT(EM_CHECKEMSETINIT):   CALL SYMPUT('EM_SETINIT', EM_SETINIT);
MPRINT(EM_CHECKEMSETINIT):   RUN;
MPRINT(EM_ASSESS):  ;
MPRINT(EM_ASSESS):   *;
MPRINT(EM_ASSESS):   * ............ Reading in reporting data set;
MPRINT(EM_ASSESS):   *;
MPRINT(EM_ASSESS):   DATA _NULL_;
MPRINT(EM_ASSESS):   SET ASSESS_REPORTMETA END = EOF;
MPRINT(EM_ASSESS):   IF TYPE = "C" OR UPCASE (LEVEL) IN ("NOMINAL", "BINARY" , "ORDINAL") THEN DO;
MPRINT(EM_ASSESS):   IF UPCASE (NAME) NE UPCASE ("Sum_Labor_Force_Pop") THEN DO;
MPRINT(EM_ASSESS):   NUMCTOREPORT + 1;
MPRINT(EM_ASSESS):   CALL SYMPUTX ("REPORTC" || LEFT (PUT (NUMCTOREPORT, 5.)), NAME);
MPRINT(EM_ASSESS):   END;
MPRINT(EM_ASSESS):   ELSE CALL SYMPUTX ("RPRT_TRGT", "C");
MPRINT(EM_ASSESS):   END;
MPRINT(EM_ASSESS):   ELSE IF TYPE = "N" THEN DO;
MPRINT(EM_ASSESS):   IF UPCASE(NAME) NE UPCASE ("Sum_Labor_Force_Pop") THEN DO;
MPRINT(EM_ASSESS):   NUMNTOREPORT + 1;
MPRINT(EM_ASSESS):   CALL SYMPUTX ("REPORTN" || LEFT (PUT (NUMNTOREPORT, 5.)), NAME);
MPRINT(EM_ASSESS):   END;
MPRINT(EM_ASSESS):   ELSE CALL SYMPUTX ("RPRT_TRGT", "N");
MPRINT(EM_ASSESS):   END;
MPRINT(EM_ASSESS):   IF EOF THEN DO;
MPRINT(EM_ASSESS):   CALL SYMPUTX ("NUMNTOREPORT", NUMNTOREPORT);
MPRINT(EM_ASSESS):   CALL SYMPUTX ("NUMCTOREPORT", NUMCTOREPORT);
MPRINT(EM_ASSESS):   CALL SYMPUTX ("NUMTOREPORT", SUM (NUMNTOREPORT, NUMCTOREPORT));
MPRINT(EM_ASSESS):   END;
MPRINT(EM_ASSESS):   RUN;
MPRINT(EM_ASSESS):   PROC DMDB DATA = _ea_tmpdata VAROUT = VAROUT DMDBCAT = _D ;


MPRINT(EM_ASSESS):   VAR P_Sum_Labor_Force_Pop _tmpfreqvar_ ;
MPRINT(EM_ASSESS):   FREQ _tmpfreqvar_;
MPRINT(EM_ASSESS):   RUN ;
MPRINT(EM_ASSESS):   QUIT;
MPRINT(EM_ASSESS):   DATA _NULL_ ;
MPRINT(EM_ASSESS):   * ;
MPRINT(EM_ASSESS):   * ...FLAG0_1 = ..... TARGET IS 0, 1 & EVENT = 1;

MPRINT(EM_ASSESS):   ;
MPRINT(EM_ASSESS):   length __event__ $ 32;
MPRINT(EM_ASSESS):   RETAIN FLAG0_1 1 NUM1 . NUM0 . __event__ "_missing_" ;

MPRINT(EM_ASSESS):   SET VAROUT END = EOF;

MPRINT(EM_ASSESS):   RETAIN CUMFREQ 0;
MPRINT(EM_ASSESS):   IF UPCASE(NAME) = UPCASE("P_Sum_Labor_Force_Pop") THEN CUMFREQ + N ;
MPRINT(EM_ASSESS):   CALL SYMPUTX ("D_TARGET", " " );
MPRINT(EM_ASSESS):   IF EOF THEN DO;
MPRINT(EM_ASSESS):   CALL SYMPUTX ("NUMDECISIONS", 0 );
MPRINT(EM_ASSESS):   CALL SYMPUTX ("NUMOBS", CUMFREQ);
MPRINT(EM_ASSESS):   CALL SYMPUTX ("FLAG0_1", "INTERVAL");
MPRINT(EM_ASSESS):   CALL SYMPUTX ("TARGETTYPE", "N");
MPRINT(EM_ASSESS):   END;
MPRINT(EM_ASSESS):   RUN;
MPRINT(EM_ASSESS):   DATA _NULL_;
MPRINT(EM_ASSESS):   SET VAROUT END = EOF;
MPRINT(EM_ASSESS):   IF UPCASE (NAME) = UPCASE ("P_Sum_Labor_Force_Pop") THEN DO;
MPRINT(EM_ASSESS):   IF N = 0 THEN DO;
MPRINT(EM_ASSESS):   PUT //// "          Warning: All posterior probabilities are missing values ";
MPRINT(EM_ASSESS):   PUT ///;
MPRINT(EM_ASSESS):   CALL SYMPUTX ("ALLMISS", 1);
MPRINT(EM_ASSESS):   STOP;
MPRINT(EM_ASSESS):   END;
MPRINT(EM_ASSESS):   ELSE CALL SYMPUTX ("ALLMISS", 0);
MPRINT(EM_ASSESS):   CALL SYMPUTX ("MINPROB", MIN);
MPRINT(EM_ASSESS):   CALL SYMPUTX ("MAXPROB", MAX);
MPRINT(EM_ASSESS):   CALL SYMPUTX ("DIFF", MAX - MIN);
MPRINT(EM_ASSESS):   CALL SYMPUTX ("NMISSPROB", NMISS);
MPRINT(EM_ASSESS):   END;
MPRINT(EM_ASSESS):   ELSE IF UPCASE (NAME) = UPCASE ("_tmpfreqvar_") THEN DO;
MPRINT(EM_ASSESS):   AUXMIN = MIN - INT (MIN);
MPRINT(EM_ASSESS):   AUXMAX = MAX - INT (MAX);
MPRINT(EM_ASSESS):   IF AUXMIN > 0 OR AUXMAX > 0 THEN CALL SYMPUTX ("USEWEIGHT", "Y");
MPRINT(EM_ASSESS):   ELSE CALL SYMPUTX ("USEWEIGHT", "N");
MPRINT(EM_ASSESS):   END;
MPRINT(EM_ASSESS):   RUN;
MPRINT(EM_ASSESS):   *;
MPRINT(EM_ASSESS):   *... Start of Interval Depvar Case;
MPRINT(EM_ASSESS):   *;
MPRINT(EM_ASSESS):   *;
MPRINT(EM_ASSESS):   *;
MPRINT(EM_ASSESS):   * ............. IF THERE IS FREQ VARIABLE OUTDIST INTERVAL;
MPRINT(EM_ASSESS):   *;
MPRINT(EM_ASSESS):   PROC SUMMARY DATA = _ea_tmpdata (KEEP = P_Sum_Labor_Force_Pop Sum_Labor_Force_Pop _tmpfreqvar_ WHERE = (Sum_Labor_Force_Pop > .)) NWAY;
MPRINT(EM_ASSESS):   CLASS P_Sum_Labor_Force_Pop ;
MPRINT(EM_ASSESS):   VAR Sum_Labor_Force_Pop ;
MPRINT(EM_ASSESS):   FREQ _tmpfreqvar_ ;
MPRINT(EM_ASSESS):   OUTPUT OUT = ANYSUM (DROP = _TYPE_) MEAN = _MEANTARGET MIN = _MINTARGET MAX = _MAXTARGET ;
MPRINT(EM_ASSESS):   RUN;
MPRINT(EM_ASSESS):   *;
MPRINT(EM_ASSESS):   * ...... ADD BINS TO DATA ;
MPRINT(EM_ASSESS):   *;
MPRINT(EM_ASSESS):   *;
MPRINT(EM_ASSESS):   * ..... INTERVAL TARGET CASE ;
MPRINT(EM_ASSESS):   *;
MPRINT(EM_ASSESS):   DATA WORK._TEMPSCOREDIST ( KEEP = TARGET P_LABEL LOWP UPP SCORE N _TARGETMEAN_ BIN _TARGETMIN_ _TARGETMAX_ _MEANP_ _MINP_ _MAXP_ ) WORK._TEMPRANK (KEEP = BIN TARGET DATAROLE DECILE N _TARGETMEAN_ _TARGETMIN_ _TARGETMAX_ _MEANP_ _MINP_ 
_MAXP_ ) ;
MPRINT(EM_ASSESS):   SET ANYSUM END = EOF;
MPRINT(EM_ASSESS):   *;
MPRINT(EM_ASSESS):   * ................... START OF RETAIN AREA. CONTINOUS DEP VAR ;
MPRINT(EM_ASSESS):   *;
MPRINT(EM_ASSESS):   RETAIN TARGET "Sum_Labor_Force_Pop" DATAROLE "TRAIN" NUMOBS1 - NUMOBS20 0 MAXTGT1 - MAXTGT20 . MINTGT1 - MINTGT20 . MNTGT1 - MNTGT20 0 MAXPTGT1 - MAXPTGT20 . MINPTGT1 - MINPTGT20 . MNPTGT1 - MNPTGT20 0 RNUMOBS1 - RNUMOBS20 0 RMAXTGT1 
- RMAXTGT20 . RMINTGT1 - RMINTGT20 . RMNTGT1 - RMNTGT20 0 RMAXPTGT1 - RMAXPTGT20 . RMINPTGT1 - RMINPTGT20 . RMNPTGT1 - RMNPTGT20 0 ;
MPRINT(EM_ASSESS):   DROP _FREQ_ N1 NUMOBS1 - NUMOBS20 MAXTGT1 - MAXTGT20 MINTGT1 - MINTGT20 MNTGT1 - MNTGT20 MAXPTGT1 - MAXPTGT20 MINPTGT1 - MINPTGT20 MNPTGT1 - MNPTGT20 RNUMOBS1 - RNUMOBS20 RMAXTGT1 - RMAXTGT20 RMINTGT1 - RMINTGT20 RMNTGT1 - RMNTGT20 
RMAXPTGT1 - RMAXPTGT20 RMINPTGT1 - RMINPTGT20 RMNPTGT1 - RMNPTGT20 ;
MPRINT(EM_ASSESS):   ARRAY NUMOBSS (20) NUMOBS1 - NUMOBS20;
MPRINT(EM_ASSESS):   ARRAY MAXTGTS (20) MAXTGT1 - MAXTGT20;
MPRINT(EM_ASSESS):   ARRAY MINTGTS (20) MINTGT1 - MINTGT20;
MPRINT(EM_ASSESS):   ARRAY MNTGTS (20) MNTGT1 - MNTGT20;
MPRINT(EM_ASSESS):   ARRAY MAXPTGTS (20) MAXPTGT1 - MAXPTGT20;
MPRINT(EM_ASSESS):   ARRAY MINPTGTS (20) MINPTGT1 - MINPTGT20;
MPRINT(EM_ASSESS):   ARRAY MNPTGTS (20) MNPTGT1 - MNPTGT20;
MPRINT(EM_ASSESS):   ARRAY RNUMOBSS (20) RNUMOBS1 - RNUMOBS20;
MPRINT(EM_ASSESS):   ARRAY RMAXTGTS (20) RMAXTGT1 - RMAXTGT20;
MPRINT(EM_ASSESS):   ARRAY RMINTGTS (20) RMINTGT1 - RMINTGT20;
MPRINT(EM_ASSESS):   ARRAY RMNTGTS (20) RMNTGT1 - RMNTGT20;
MPRINT(EM_ASSESS):   ARRAY RMAXPTGTS (20) RMAXPTGT1 - RMAXPTGT20;
MPRINT(EM_ASSESS):   ARRAY RMINPTGTS (20) RMINPTGT1 - RMINPTGT20;
MPRINT(EM_ASSESS):   ARRAY RMNPTGTS (20) RMNPTGT1 - RMNPTGT20;
MPRINT(EM_ASSESS):   IF _MEANTARGET > . THEN Sum_Labor_Force_Pop = _MEANTARGET ;
MPRINT(EM_ASSESS):   ;
MPRINT(EM_ASSESS):   N1 + _FREQ_;
MPRINT(EM_ASSESS):   *;
MPRINT(EM_ASSESS):   * .......... Outdist Processing For Interval Target;
MPRINT(EM_ASSESS):   *;
MPRINT(EM_ASSESS):   SCRBIN = MIN (CEIL (( P_Sum_Labor_Force_Pop - 1229611.0854) / 590323.02548), 20);
MPRINT(EM_ASSESS):   IF SCRBIN <= 0 THEN SCRBIN = 1;
MPRINT(EM_ASSESS):   SCRBIN = 20 + 1 - SCRBIN;
MPRINT(EM_ASSESS):   NUMOBSS ( SCRBIN) = SUM (NUMOBSS ( SCRBIN) , _FREQ_ );
MPRINT(EM_ASSESS):   MNTGTS ( SCRBIN) = SUM (MNTGTS ( SCRBIN), Sum_Labor_Force_Pop * _FREQ_);
MPRINT(EM_ASSESS):   MAXTGTS ( SCRBIN) = MAX (MAXTGTS (SCRBIN), _MAXTARGET);
MPRINT(EM_ASSESS):   MINTGTS ( SCRBIN) = MIN (MINTGTS (SCRBIN), _MINTARGET);
MPRINT(EM_ASSESS):   MAXPTGTS ( SCRBIN) = MAX (MAXPTGTS ( SCRBIN), P_Sum_Labor_Force_Pop);
MPRINT(EM_ASSESS):   MINPTGTS ( SCRBIN) = MIN (MINPTGTS ( SCRBIN), P_Sum_Labor_Force_Pop);
MPRINT(EM_ASSESS):   MNPTGTS ( SCRBIN) = SUM (MNPTGTS ( SCRBIN), P_Sum_Labor_Force_Pop * _FREQ_);
MPRINT(EM_ASSESS):   BIN = CEIL (N1 * 20 / 588);
MPRINT(EM_ASSESS):   IF BIN <= 0 THEN BIN = 1;
MPRINT(EM_ASSESS):   IF BIN > 20 THEN BIN = 20;
MPRINT(EM_ASSESS):   IF BIN < 1 THEN BIN = 1;
MPRINT(EM_ASSESS):   BIN = 21 - BIN;
MPRINT(EM_ASSESS):   RNUMOBSS ( BIN) = SUM (RNUMOBSS ( BIN) , _FREQ_ );
MPRINT(EM_ASSESS):   RMNTGTS ( BIN) = SUM (RMNTGTS ( BIN), Sum_Labor_Force_Pop * _FREQ_);
MPRINT(EM_ASSESS):   RMAXTGTS ( BIN) = MAX (RMAXTGTS (BIN), _MAXTARGET);
MPRINT(EM_ASSESS):   RMINTGTS ( BIN) = MIN (RMINTGTS (BIN), _MINTARGET);
MPRINT(EM_ASSESS):   RMAXPTGTS ( BIN) = MAX (RMAXPTGTS ( BIN), P_Sum_Labor_Force_Pop);
MPRINT(EM_ASSESS):   RMINPTGTS ( BIN) = MIN (RMINPTGTS ( BIN), P_Sum_Labor_Force_Pop);
MPRINT(EM_ASSESS):   RMNPTGTS ( BIN) = SUM (RMNPTGTS ( BIN), P_Sum_Labor_Force_Pop * _FREQ_);
MPRINT(EM_ASSESS):   IF EOF THEN DO;
MPRINT(EM_ASSESS):   *;
MPRINT(EM_ASSESS):   * Start of Outdist Area, Continuous Dep Var;
MPRINT(EM_ASSESS):   *;
MPRINT(EM_ASSESS):   UPP = 13036071.595;
MPRINT(EM_ASSESS):   DO SCRBIN = 1 TO 20;
MPRINT(EM_ASSESS):   LOWP = UPP - 590323.02548;
MPRINT(EM_ASSESS):   N = NUMOBSS (SCRBIN);
MPRINT(EM_ASSESS):   IF N > 0 THEN DO;
MPRINT(EM_ASSESS):   _TARGETMEAN_ = MNTGTS (SCRBIN) / N ;
MPRINT(EM_ASSESS):   _MEANP_ = MNPTGTS (SCRBIN) / N ;
MPRINT(EM_ASSESS):   END;
MPRINT(EM_ASSESS):   ELSE DO;
MPRINT(EM_ASSESS):   _TARGETMEAN_ = .;
MPRINT(EM_ASSESS):   _MEANP_ = .;
MPRINT(EM_ASSESS):   END;
MPRINT(EM_ASSESS):   _TARGETMIN_ = MINTGTS (SCRBIN);
MPRINT(EM_ASSESS):   _TARGETMAX_ = MAXTGTS (SCRBIN);
MPRINT(EM_ASSESS):   _MINP_ = MINPTGTS (SCRBIN);
MPRINT(EM_ASSESS):   _MAXP_ = MAXPTGTS (SCRBIN);
MPRINT(EM_ASSESS):   SCORE = MEAN (UPP, LOWP);
MPRINT(EM_ASSESS):   P_LABEL = COMPBL (PUT (LOWP, 12.3)) || " - " || COMPBL (PUT (UPP, 12.3));
MPRINT(EM_ASSESS):   BIN = SCRBIN;
MPRINT(EM_ASSESS):   OUTPUT WORK._TEMPSCOREDIST;
MPRINT(EM_ASSESS):   UPP = LOWP;
MPRINT(EM_ASSESS):   END;
MPRINT(EM_ASSESS):   * ..... DO SCRBIN = .... ;
MPRINT(EM_ASSESS):   *;
MPRINT(EM_ASSESS):   * ...... Output Outranks Continuous Case ;
MPRINT(EM_ASSESS):   *;
MPRINT(EM_ASSESS):   DO BIN = 1 TO 20;
MPRINT(EM_ASSESS):   N = RNUMOBSS (BIN);
MPRINT(EM_ASSESS):   DECILE = BIN * 100 / 20;
MPRINT(EM_ASSESS):   IF N > 0 THEN DO;
MPRINT(EM_ASSESS):   _TARGETMEAN_ = RMNTGTS (BIN) / N ;
MPRINT(EM_ASSESS):   _MEANP_ = RMNPTGTS (BIN) / N ;
MPRINT(EM_ASSESS):   END;
MPRINT(EM_ASSESS):   ELSE DO;
MPRINT(EM_ASSESS):   _TARGETMEAN_ = .;
MPRINT(EM_ASSESS):   _MEANP_ = .;
MPRINT(EM_ASSESS):   END;
MPRINT(EM_ASSESS):   _TARGETMIN_ = RMINTGTS (BIN);
MPRINT(EM_ASSESS):   _TARGETMAX_ = RMAXTGTS (BIN);
MPRINT(EM_ASSESS):   _MINP_ = RMINPTGTS (BIN);
MPRINT(EM_ASSESS):   _MAXP_ = RMAXPTGTS (BIN);
MPRINT(EM_ASSESS):   P_LABEL = COMPBL (PUT (_MINP_, 12.3)) || " - " || COMPBL (PUT (_MAXP_, 12.3));
MPRINT(EM_ASSESS):   OUTPUT WORK._TEMPRANK;
MPRINT(EM_ASSESS):   END;
MPRINT(EM_ASSESS):   * ..... DO _K = 1 TO DECILEBIN ;
MPRINT(EM_ASSESS):   END;
MPRINT(EM_ASSESS):   * ..... IF EOF ;
MPRINT(EM_ASSESS):   LABEL BIN = "Bin" _MEANP_ = "Mean Predicted" _MINP_ = "Min Predicted" _MAXP_ = "Max Predicted" _TARGETMAX_ = "Max Target" _TARGETMEAN_= "Mean Target" _TARGETMIN_ = "Min Target" DATAROLE = "Data Role" N = "Number of Observations" 
TARGET = "Target Variable" LOWP = "Lower Bound" UPP = "Upper Bound" score = "Model Score" scrbin = "Bin" DECILE = "Depth" ;
MPRINT(EM_ASSESS):   RUN;
MPRINT(EM_ASSESS):   *;
MPRINT(EM_ASSESS):   *;
MPRINT(EM_ASSESS):   * ...................... End Of Interval Processing;
MPRINT(EM_ASSESS):   *;
MPRINT(EM_ASSESS):   *;
MPRINT(EM_ASSESS):   *;
MPRINT(EM_ASSESS):   * ...........Start OF Outdist Modification;
MPRINT(EM_ASSESS):   *;

MPRINT(EM_ASSESS):   PROC DATASETS NOLIST LIB = WORK;
MPRINT(EM_ASSESS):   MODIFY _TEMPSCOREDIST;
MPRINT(EM_ASSESS):   ;
MPRINT(EM_ASSESS):   *;
MPRINT(EM_ASSESS):   * .................... OUTDIST MODIFICATION LABEL AREA;
MPRINT(EM_ASSESS):   *;
MPRINT(EM_ASSESS):   LABEL BIN = "Bin" N = "Number of Observations" P_LABEL = "Range for Predicted" _MEANP_ = "Mean Predicted" _MINP_ = "Min Predicted" _MAXP_ = "Max Predicted" SCORE = "Model Score" ;
MPRINT(EM_ASSESS):   RUN;
MPRINT(EM_ASSESS):   QUIT;
MPRINT(EM_ASSESS):   DATA WORK._TEMPSCOREDIST;
MPRINT(EM_ASSESS):   SET WORK._TEMPSCOREDIST (WHERE = (_MEANP_ > .));
MPRINT(EM_ASSESS):   RUN;
The SAS System

MPRINT(EM_ASSESS):   *;
MPRINT(EM_ASSESS):   * ........... END OF OUTDIST MODIFICATION;
MPRINT(EM_ASSESS):   *;
MPRINT(EM_ASSESS):   *;
MPRINT(EM_ASSESS):   * ...........Start of OUTRANKS Modification;
MPRINT(EM_ASSESS):   *;

MPRINT(EM_ASSESS):   PROC DATASETS NOLIST LIB = WORK;
MPRINT(EM_ASSESS):   MODIFY _TEMPRANK;
MPRINT(EM_ASSESS):   RUN;
MPRINT(EM_ASSESS):   QUIT;
MPRINT(EM_ASSESS):   DATA WORK._TEMPRANK;
MPRINT(EM_ASSESS):   SET WORK._TEMPRANK (WHERE = (_MEANP_ > .));
MPRINT(EM_ASSESS):   RUN;
MPRINT(EM_ASSESS):   proc datasets lib=work nolist;
MPRINT(EM_ASSESS):   delete _ea_tmpdata;
MPRINT(EM_ASSESS):   run;
MPRINT(EM_ASSESS):   quit;
MPRINT(EM_ASSESS):  ;
MPRINT(EM_ASSESS):   OPTION ERRORS = 20;
MPRINT(EM_DIAGRAM):  ;
MPRINT(EM_DIAGRAM):    data WORK._TEMPRANK;
MPRINT(EM_DIAGRAM):   length target $32 TARGETLABEL $200 dataRole $20;
MPRINT(EM_DIAGRAM):   label TARGETLABEL = "Target Label";
MPRINT(EM_DIAGRAM):   set WORK._TEMPRANK;
MPRINT(EM_DIAGRAM):   retain target "Sum_Labor_Force_Pop";
MPRINT(EM_DIAGRAM):   retain dataRole "TRAIN";
MPRINT(EM_DIAGRAM):   run;
MPRINT(EM_DIAGRAM):   data EMWS1.Neural_EMRANK;
MPRINT(EM_DIAGRAM):   set WORK._TEMPRANK;
MPRINT(EM_DIAGRAM):   run;
MPRINT(EM_DIAGRAM):    data WORK._TEMPSCOREDIST;
MPRINT(EM_DIAGRAM):   length target $32 TARGETLABEL $200 dataRole $20;
MPRINT(EM_DIAGRAM):   label TARGETLABEL = "Target Label";
MPRINT(EM_DIAGRAM):   set WORK._TEMPSCOREDIST;
MPRINT(EM_DIAGRAM):   retain target "Sum_Labor_Force_Pop";
MPRINT(EM_DIAGRAM):   retain dataRole "TRAIN";
MPRINT(EM_DIAGRAM):   run;
MPRINT(EM_DIAGRAM):   data EMWS1.Neural_EMSCOREDIST;
MPRINT(EM_DIAGRAM):   set WORK._TEMPSCOREDIST;
MPRINT(EM_DIAGRAM):   run;
75422      data EM_temp_assessMeta;
MPRINT(EM_DIAGRAM):    data EM_temp_assessMeta;
75423      set EMWS1.Neural_CMeta_TRAIN;
MPRINT(EM_DIAGRAM):   set EMWS1.Neural_CMeta_TRAIN;
75424      where role in('DECISION', 'PREDICT', 'RESIDUAL', 'CLASSIFICATION', 'ASSESS', 'COST');
MPRINT(EM_DIAGRAM):   where role in('DECISION', 'PREDICT', 'RESIDUAL', 'CLASSIFICATION', 'ASSESS', 'COST');
75425      run;
MPRINT(EM_DIAGRAM):   run;

NOTE: There were 3 observations read from the data set EMWS1.NEURAL_CMETA_TRAIN.
      WHERE role in ('ASSESS', 'CLASSIFICATION', 'COST', 'DECISION', 'PREDICT', 'RESIDUAL');
NOTE: The data set WORK.EM_TEMP_ASSESSMETA has 3 observations and 21 variables.
NOTE: DATA statement used (Total process time):
      real time           0.00 seconds
      cpu time            0.01 seconds
      

75426      data EM_temp_assessdata;
MPRINT(EM_DIAGRAM):    data EM_temp_assessdata;
75427      set EMWS1.Neural_VALIDATE(keep=
75428      P_Sum_Labor_Force_Pop
75429      R_Sum_Labor_Force_Pop
75430      _WARN_
75431      Sum_Labor_Force_Pop
75432      );
MPRINT(EM_DIAGRAM):   set EMWS1.Neural_VALIDATE(keep= P_Sum_Labor_Force_Pop R_Sum_Labor_Force_Pop _WARN_ Sum_Labor_Force_Pop );
75433      run;
MPRINT(EM_DIAGRAM):   run;

NOTE: There were 252 observations read from the data set EMWS1.PART_VALIDATE.
NOTE: There were 252 observations read from the data set EMWS1.TRANS_VALIDATE.
NOTE: View EMWS1.NEURAL_VALIDATE.VIEW used (Total process time):
      real time           0.13 seconds
      cpu time            0.12 seconds
      
NOTE: There were 252 observations read from the data set EMWS1.VARSEL_VALIDATE.
NOTE: There were 252 observations read from the data set EMWS1.NEURAL_VALIDATE.
NOTE: The data set WORK.EM_TEMP_ASSESSDATA has 252 observations and 4 variables.
NOTE: DATA statement used (Total process time):
      real time           0.15 seconds
      cpu time            0.14 seconds
      

MPRINT(EM_DIAGRAM):    data WORK._RESMETA;
MPRINT(EM_DIAGRAM):   length NAME $32 LEVEL $8 ROLE $32 type $1;
MPRINT(EM_DIAGRAM):   NAME="R_Sum_Labor_Force_Pop";
MPRINT(EM_DIAGRAM):   ROLE='INPUT';
MPRINT(EM_DIAGRAM):   LEVEL='INTERVAL';
MPRINT(EM_DIAGRAM):   TYPE='N';
MPRINT(EM_DIAGRAM):   output;
MPRINT(EM_DIAGRAM):   run;
MPRINT(EM_DIAGRAM):    *------------------------------------------------------------* ;
MPRINT(EM_DIAGRAM):   * Neural: STDIZE Variables Macro ;
MPRINT(EM_DIAGRAM):   *------------------------------------------------------------* ;
MPRINT(EM_DIAGRAM):   *------------------------------------------------------------*;
MPRINT(EM_DIAGRAM):   * Neural: Computing Summary Statistics;
MPRINT(EM_DIAGRAM):   *------------------------------------------------------------*;
MPRINT(EM_DIAGRAM):   proc stdize data = EM_temp_assessdata out=_null_ outstat=WORK.Neural_STAT add=0 fuzz=1E-14 initial=MAD vardef=df method=STD mult=1 pctlmtd=ORD_STAT pctldef=2 pctlpts=( 0 5 10 15 20 25 30 35 40 45 50 55 60 65 70 75 80 85 90 95 100 ) ;
MPRINT(EM_DIAGRAM):   var
MPRINT(STDIZEVAR):   R_Sum_Labor_Force_Pop
MPRINT(EM_DIAGRAM):  ;
MPRINT(EM_DIAGRAM):   run;
MPRINT(EM_DIAGRAM):   quit;
MPRINT(EM_DIAGRAM):    data WORK.NeuralBOXDATA;
MPRINT(EM_DIAGRAM):   set WORK.Neural_STAT;
MPRINT(EM_DIAGRAM):   where _TYPE_ in('LOCATION', 'SCALE', 'P0', 'P5', 'P10', 'P15', 'P20' 'P25', 'P50', 'P75', 'P80', 'P85', 'P90', 'P95', 'P100');
MPRINT(EM_DIAGRAM):   if _TYPE_ = 'LOCATION' then _TYPE_='MEAN';
MPRINT(EM_DIAGRAM):   else if _TYPE_ = 'SCALE' then _TYPE_='STD';
MPRINT(EM_DIAGRAM):   run;
MPRINT(EM_DIAGRAM):   proc sort data=WORK.NeuralBOXDATA NOTHREADS;
MPRINT(EM_DIAGRAM):   by _TYPE_;
MPRINT(EM_DIAGRAM):   run;
MPRINT(EM_DIAGRAM):   proc transpose data=WORK.NeuralBOXDATA out=WORK.NeuralBOXDATA;
MPRINT(EM_DIAGRAM):   id _TYPE_;
MPRINT(EM_DIAGRAM):   run;
MPRINT(EM_DIAGRAM):   data WORK.NeuralBOXDATA;
MPRINT(EM_DIAGRAM):   set WORK.NeuralBOXDATA;
MPRINT(EM_DIAGRAM):   UPPERWHISKER = P75 + 1.5*abs(P75 - P25);
MPRINT(EM_DIAGRAM):   LOWERWHISKER = P25 - 1.5*abs(P75 - P25);
MPRINT(EM_DIAGRAM):   if P100<=UPPERWHISKER then do;
MPRINT(EM_DIAGRAM):   UPPERWHISKER=P100;
MPRINT(EM_DIAGRAM):   P100=.;
MPRINT(EM_DIAGRAM):   end;
MPRINT(EM_DIAGRAM):   if P95<=UPPERWHISKER then P95=.;
MPRINT(EM_DIAGRAM):   if P90<=UPPERWHISKER then P90=.;
MPRINT(EM_DIAGRAM):   if P85<=UPPERWHISKER then P85=.;
MPRINT(EM_DIAGRAM):   if P80<=UPPERWHISKER then P80=.;
MPRINT(EM_DIAGRAM):   if LOWERWHISKER<=P0 then do;
MPRINT(EM_DIAGRAM):   LOWERWHISKER=P0;
MPRINT(EM_DIAGRAM):   P0=.;
MPRINT(EM_DIAGRAM):   end;
MPRINT(EM_DIAGRAM):   if LOWERWHISKER<=P20 then P20=.;
MPRINT(EM_DIAGRAM):   if LOWERWHISKER<=P15 then P15=.;
MPRINT(EM_DIAGRAM):   if LOWERWHISKER<=P10 then P10=.;
MPRINT(EM_DIAGRAM):   if LOWERWHISKER<=P5 then P5=.;
MPRINT(EM_DIAGRAM):   run;
MPRINT(EM_DIAGRAM):   proc transpose data=WORK.NeuralBOXDATA out=WORK.NeuralBOXDATA(rename=(COL1=VALUE _name_=_VARIABLE_)) NAME=XLABEL;
MPRINT(EM_DIAGRAM):   by _NAME_;
MPRINT(EM_DIAGRAM):   run;
MPRINT(EM_DIAGRAM):   data WORK.NeuralBOXDATA;
MPRINT(EM_DIAGRAM):   length XLABEL $12;
MPRINT(EM_DIAGRAM):   set WORK.NeuralBOXDATA;
MPRINT(EM_DIAGRAM):   label _VARIABLE_=;
MPRINT(EM_DIAGRAM):   label XLABEL=;
MPRINT(EM_DIAGRAM):   where VALUE ne .;
MPRINT(EM_DIAGRAM):   if XLABEL in('P100', 'P95', 'P90', 'P85', 'P80', 'P20', 'P15', 'P10', 'P5', 'P0') then XLABEL = 'OUTLIER';
MPRINT(EM_DIAGRAM):   else if XLABEL='P50' then XLABEL='MEDIAN';
MPRINT(EM_DIAGRAM):   run;
MPRINT(EM_DIAGRAM):   proc sort data=WORK.NeuralBOXDATA NOTHREADS;
MPRINT(EM_DIAGRAM):   by VALUE;
MPRINT(EM_DIAGRAM):   run;
MPRINT(EM_DIAGRAM):    data WORK.NeuralBOXDATA;
MPRINT(EM_DIAGRAM):   length TARGET $32 TARGETLABEL $200 DATAROLE $32;
MPRINT(EM_DIAGRAM):   label target = "Target Variable";
MPRINT(EM_DIAGRAM):   label targetlabel = "Target Label";
MPRINT(EM_DIAGRAM):   label datarole = "Data Role";
MPRINT(EM_DIAGRAM):   label VALUE = "Value";
MPRINT(EM_DIAGRAM):   label XLABEL = "Box Plot Marker";
MPRINT(EM_DIAGRAM):   label _VARIABLE_ = "Residual Variable";
MPRINT(EM_DIAGRAM):   set WORK.NeuralBOXDATA;
MPRINT(EM_DIAGRAM):   retain dataRole "VALIDATE";
MPRINT(EM_DIAGRAM):   TARGET = substr(_VARIABLE_, 3);
MPRINT(EM_DIAGRAM):   run;
MPRINT(EM_DIAGRAM):    data EMWS1.Neural_EMRESIDUAL;
MPRINT(EM_DIAGRAM):   set EMWS1.Neural_EMRESIDUAL WORK.NeuralBOXDATA;
MPRINT(EM_DIAGRAM):   run;
MPRINT(EM_DIAGRAM):    data ASSESS_REPORTMETA;
MPRINT(EM_DIAGRAM):   set EMWS1.Neural_VariableSet;
MPRINT(EM_DIAGRAM):   where REPORT='Y';
MPRINT(EM_DIAGRAM):   run;
MPRINT(EM_DIAGRAM):   filename temp catalog 'sashelp.emassmt.em_assess.source';
MPRINT(EM_DIAGRAM):   filename temp;
MPRINT(EM_DIAGRAM):    data _null_;
MPRINT(EM_DIAGRAM):   set EMWS1.Ids_Sum_Labor_Force__DM;
MPRINT(EM_DIAGRAM):   where _TYPE_="TARGET";
MPRINT(EM_DIAGRAM):   call symput('ASSMT_EVENT', strip(event));
MPRINT(EM_DIAGRAM):   run;
MPRINT(EM_DIAGRAM):   
MPRINT(EM_ASSESS):   data _ea_tmpdata;
MPRINT(EM_ASSESS):   set EM_temp_assessdata;
MPRINT(EM_ASSESS):   _tmpfreqvar_=1;
MPRINT(EM_ASSESS):   run;
MPRINT(EM_CHECKEMSETINIT):   DATA _NULL_;
MPRINT(EM_CHECKEMSETINIT):   EM_SETINIT = 'N';
MPRINT(EM_CHECKEMSETINIT):   IF SYSPROD('PRODNUM50') THEN EM_SETINIT = 'Y';
MPRINT(EM_CHECKEMSETINIT):   ELSE IF SYSPROD('PRODNUM448') THEN EM_SETINIT = 'Y';
MPRINT(EM_CHECKEMSETINIT):   ELSE IF SYSPROD('PRODNUM102') THEN EM_SETINIT = 'Y';
MPRINT(EM_CHECKEMSETINIT):   ELSE IF SYSPROD('PRODNUM103') THEN EM_SETINIT = 'Y';
MPRINT(EM_CHECKEMSETINIT):   CALL SYMPUT('EM_SETINIT', EM_SETINIT);
MPRINT(EM_CHECKEMSETINIT):   RUN;
MPRINT(EM_ASSESS):  ;
MPRINT(EM_ASSESS):   *;
MPRINT(EM_ASSESS):   * ............ Reading in reporting data set;
MPRINT(EM_ASSESS):   *;
MPRINT(EM_ASSESS):   DATA _NULL_;
MPRINT(EM_ASSESS):   SET ASSESS_REPORTMETA END = EOF;
MPRINT(EM_ASSESS):   IF TYPE = "C" OR UPCASE (LEVEL) IN ("NOMINAL", "BINARY" , "ORDINAL") THEN DO;
MPRINT(EM_ASSESS):   IF UPCASE (NAME) NE UPCASE ("Sum_Labor_Force_Pop") THEN DO;
MPRINT(EM_ASSESS):   NUMCTOREPORT + 1;
MPRINT(EM_ASSESS):   CALL SYMPUTX ("REPORTC" || LEFT (PUT (NUMCTOREPORT, 5.)), NAME);
MPRINT(EM_ASSESS):   END;
MPRINT(EM_ASSESS):   ELSE CALL SYMPUTX ("RPRT_TRGT", "C");
MPRINT(EM_ASSESS):   END;
MPRINT(EM_ASSESS):   ELSE IF TYPE = "N" THEN DO;
MPRINT(EM_ASSESS):   IF UPCASE(NAME) NE UPCASE ("Sum_Labor_Force_Pop") THEN DO;
MPRINT(EM_ASSESS):   NUMNTOREPORT + 1;
MPRINT(EM_ASSESS):   CALL SYMPUTX ("REPORTN" || LEFT (PUT (NUMNTOREPORT, 5.)), NAME);
MPRINT(EM_ASSESS):   END;
MPRINT(EM_ASSESS):   ELSE CALL SYMPUTX ("RPRT_TRGT", "N");
MPRINT(EM_ASSESS):   END;
MPRINT(EM_ASSESS):   IF EOF THEN DO;
MPRINT(EM_ASSESS):   CALL SYMPUTX ("NUMNTOREPORT", NUMNTOREPORT);
MPRINT(EM_ASSESS):   CALL SYMPUTX ("NUMCTOREPORT", NUMCTOREPORT);
MPRINT(EM_ASSESS):   CALL SYMPUTX ("NUMTOREPORT", SUM (NUMNTOREPORT, NUMCTOREPORT));
MPRINT(EM_ASSESS):   END;
MPRINT(EM_ASSESS):   RUN;
MPRINT(EM_ASSESS):   PROC DMDB DATA = _ea_tmpdata VAROUT = VAROUT DMDBCAT = _D ;


MPRINT(EM_ASSESS):   VAR P_Sum_Labor_Force_Pop _tmpfreqvar_ ;
MPRINT(EM_ASSESS):   FREQ _tmpfreqvar_;
MPRINT(EM_ASSESS):   RUN ;
MPRINT(EM_ASSESS):   QUIT;
MPRINT(EM_ASSESS):   DATA _NULL_ ;
MPRINT(EM_ASSESS):   * ;
MPRINT(EM_ASSESS):   * ...FLAG0_1 = ..... TARGET IS 0, 1 & EVENT = 1;

MPRINT(EM_ASSESS):   ;
MPRINT(EM_ASSESS):   length __event__ $ 32;
MPRINT(EM_ASSESS):   RETAIN FLAG0_1 1 NUM1 . NUM0 . __event__ "_missing_" ;

MPRINT(EM_ASSESS):   SET VAROUT END = EOF;

MPRINT(EM_ASSESS):   RETAIN CUMFREQ 0;
MPRINT(EM_ASSESS):   IF UPCASE(NAME) = UPCASE("P_Sum_Labor_Force_Pop") THEN CUMFREQ + N ;
MPRINT(EM_ASSESS):   CALL SYMPUTX ("D_TARGET", " " );
MPRINT(EM_ASSESS):   IF EOF THEN DO;
MPRINT(EM_ASSESS):   CALL SYMPUTX ("NUMDECISIONS", 0 );
MPRINT(EM_ASSESS):   CALL SYMPUTX ("NUMOBS", CUMFREQ);
MPRINT(EM_ASSESS):   CALL SYMPUTX ("FLAG0_1", "INTERVAL");
MPRINT(EM_ASSESS):   CALL SYMPUTX ("TARGETTYPE", "N");
MPRINT(EM_ASSESS):   END;
MPRINT(EM_ASSESS):   RUN;
MPRINT(EM_ASSESS):   DATA _NULL_;
MPRINT(EM_ASSESS):   SET VAROUT END = EOF;
MPRINT(EM_ASSESS):   IF UPCASE (NAME) = UPCASE ("P_Sum_Labor_Force_Pop") THEN DO;
MPRINT(EM_ASSESS):   IF N = 0 THEN DO;
MPRINT(EM_ASSESS):   PUT //// "          Warning: All posterior probabilities are missing values ";
MPRINT(EM_ASSESS):   PUT ///;
MPRINT(EM_ASSESS):   CALL SYMPUTX ("ALLMISS", 1);
MPRINT(EM_ASSESS):   STOP;
MPRINT(EM_ASSESS):   END;
MPRINT(EM_ASSESS):   ELSE CALL SYMPUTX ("ALLMISS", 0);
MPRINT(EM_ASSESS):   CALL SYMPUTX ("MINPROB", MIN);
MPRINT(EM_ASSESS):   CALL SYMPUTX ("MAXPROB", MAX);
MPRINT(EM_ASSESS):   CALL SYMPUTX ("DIFF", MAX - MIN);
MPRINT(EM_ASSESS):   CALL SYMPUTX ("NMISSPROB", NMISS);
MPRINT(EM_ASSESS):   END;
MPRINT(EM_ASSESS):   ELSE IF UPCASE (NAME) = UPCASE ("_tmpfreqvar_") THEN DO;
MPRINT(EM_ASSESS):   AUXMIN = MIN - INT (MIN);
MPRINT(EM_ASSESS):   AUXMAX = MAX - INT (MAX);
MPRINT(EM_ASSESS):   IF AUXMIN > 0 OR AUXMAX > 0 THEN CALL SYMPUTX ("USEWEIGHT", "Y");
MPRINT(EM_ASSESS):   ELSE CALL SYMPUTX ("USEWEIGHT", "N");
MPRINT(EM_ASSESS):   END;
MPRINT(EM_ASSESS):   RUN;
MPRINT(EM_ASSESS):   *;
MPRINT(EM_ASSESS):   *... Start of Interval Depvar Case;
MPRINT(EM_ASSESS):   *;
MPRINT(EM_ASSESS):   *;
MPRINT(EM_ASSESS):   *;
MPRINT(EM_ASSESS):   * ............. IF THERE IS FREQ VARIABLE OUTDIST INTERVAL;
MPRINT(EM_ASSESS):   *;
MPRINT(EM_ASSESS):   PROC SUMMARY DATA = _ea_tmpdata (KEEP = P_Sum_Labor_Force_Pop Sum_Labor_Force_Pop _tmpfreqvar_ WHERE = (Sum_Labor_Force_Pop > .)) NWAY;
MPRINT(EM_ASSESS):   CLASS P_Sum_Labor_Force_Pop ;
MPRINT(EM_ASSESS):   VAR Sum_Labor_Force_Pop ;
MPRINT(EM_ASSESS):   FREQ _tmpfreqvar_ ;
MPRINT(EM_ASSESS):   OUTPUT OUT = ANYSUM (DROP = _TYPE_) MEAN = _MEANTARGET MIN = _MINTARGET MAX = _MAXTARGET ;
MPRINT(EM_ASSESS):   RUN;
MPRINT(EM_ASSESS):   *;
MPRINT(EM_ASSESS):   * ...... ADD BINS TO DATA ;
MPRINT(EM_ASSESS):   *;
MPRINT(EM_ASSESS):   *;
MPRINT(EM_ASSESS):   * ..... INTERVAL TARGET CASE ;
MPRINT(EM_ASSESS):   *;
MPRINT(EM_ASSESS):   DATA WORK._TEMPSCOREDIST ( KEEP = TARGET P_LABEL LOWP UPP SCORE N _TARGETMEAN_ BIN _TARGETMIN_ _TARGETMAX_ _MEANP_ _MINP_ _MAXP_ ) WORK._TEMPRANK (KEEP = BIN TARGET DATAROLE DECILE N _TARGETMEAN_ _TARGETMIN_ _TARGETMAX_ _MEANP_ _MINP_ 
_MAXP_ ) ;
MPRINT(EM_ASSESS):   SET ANYSUM END = EOF;
MPRINT(EM_ASSESS):   *;
MPRINT(EM_ASSESS):   * ................... START OF RETAIN AREA. CONTINOUS DEP VAR ;
MPRINT(EM_ASSESS):   *;
MPRINT(EM_ASSESS):   RETAIN TARGET "Sum_Labor_Force_Pop" DATAROLE "VALIDATE" NUMOBS1 - NUMOBS20 0 MAXTGT1 - MAXTGT20 . MINTGT1 - MINTGT20 . MNTGT1 - MNTGT20 0 MAXPTGT1 - MAXPTGT20 . MINPTGT1 - MINPTGT20 . MNPTGT1 - MNPTGT20 0 RNUMOBS1 - RNUMOBS20 0 
RMAXTGT1 - RMAXTGT20 . RMINTGT1 - RMINTGT20 . RMNTGT1 - RMNTGT20 0 RMAXPTGT1 - RMAXPTGT20 . RMINPTGT1 - RMINPTGT20 . RMNPTGT1 - RMNPTGT20 0 ;
MPRINT(EM_ASSESS):   DROP _FREQ_ N1 NUMOBS1 - NUMOBS20 MAXTGT1 - MAXTGT20 MINTGT1 - MINTGT20 MNTGT1 - MNTGT20 MAXPTGT1 - MAXPTGT20 MINPTGT1 - MINPTGT20 MNPTGT1 - MNPTGT20 RNUMOBS1 - RNUMOBS20 RMAXTGT1 - RMAXTGT20 RMINTGT1 - RMINTGT20 RMNTGT1 - RMNTGT20 
RMAXPTGT1 - RMAXPTGT20 RMINPTGT1 - RMINPTGT20 RMNPTGT1 - RMNPTGT20 ;
MPRINT(EM_ASSESS):   ARRAY NUMOBSS (20) NUMOBS1 - NUMOBS20;
MPRINT(EM_ASSESS):   ARRAY MAXTGTS (20) MAXTGT1 - MAXTGT20;
MPRINT(EM_ASSESS):   ARRAY MINTGTS (20) MINTGT1 - MINTGT20;
MPRINT(EM_ASSESS):   ARRAY MNTGTS (20) MNTGT1 - MNTGT20;
MPRINT(EM_ASSESS):   ARRAY MAXPTGTS (20) MAXPTGT1 - MAXPTGT20;
MPRINT(EM_ASSESS):   ARRAY MINPTGTS (20) MINPTGT1 - MINPTGT20;
MPRINT(EM_ASSESS):   ARRAY MNPTGTS (20) MNPTGT1 - MNPTGT20;
MPRINT(EM_ASSESS):   ARRAY RNUMOBSS (20) RNUMOBS1 - RNUMOBS20;
MPRINT(EM_ASSESS):   ARRAY RMAXTGTS (20) RMAXTGT1 - RMAXTGT20;
MPRINT(EM_ASSESS):   ARRAY RMINTGTS (20) RMINTGT1 - RMINTGT20;
MPRINT(EM_ASSESS):   ARRAY RMNTGTS (20) RMNTGT1 - RMNTGT20;
MPRINT(EM_ASSESS):   ARRAY RMAXPTGTS (20) RMAXPTGT1 - RMAXPTGT20;
MPRINT(EM_ASSESS):   ARRAY RMINPTGTS (20) RMINPTGT1 - RMINPTGT20;
MPRINT(EM_ASSESS):   ARRAY RMNPTGTS (20) RMNPTGT1 - RMNPTGT20;
MPRINT(EM_ASSESS):   IF _MEANTARGET > . THEN Sum_Labor_Force_Pop = _MEANTARGET ;
MPRINT(EM_ASSESS):   ;
MPRINT(EM_ASSESS):   N1 + _FREQ_;
MPRINT(EM_ASSESS):   *;
MPRINT(EM_ASSESS):   * .......... Outdist Processing For Interval Target;
MPRINT(EM_ASSESS):   *;
MPRINT(EM_ASSESS):   SCRBIN = MIN (CEIL (( P_Sum_Labor_Force_Pop - 1229611.0854) / 590323.02548), 20);
MPRINT(EM_ASSESS):   IF SCRBIN <= 0 THEN SCRBIN = 1;
MPRINT(EM_ASSESS):   SCRBIN = 20 + 1 - SCRBIN;
MPRINT(EM_ASSESS):   NUMOBSS ( SCRBIN) = SUM (NUMOBSS ( SCRBIN) , _FREQ_ );
MPRINT(EM_ASSESS):   MNTGTS ( SCRBIN) = SUM (MNTGTS ( SCRBIN), Sum_Labor_Force_Pop * _FREQ_);
MPRINT(EM_ASSESS):   MAXTGTS ( SCRBIN) = MAX (MAXTGTS (SCRBIN), _MAXTARGET);
MPRINT(EM_ASSESS):   MINTGTS ( SCRBIN) = MIN (MINTGTS (SCRBIN), _MINTARGET);
MPRINT(EM_ASSESS):   MAXPTGTS ( SCRBIN) = MAX (MAXPTGTS ( SCRBIN), P_Sum_Labor_Force_Pop);
MPRINT(EM_ASSESS):   MINPTGTS ( SCRBIN) = MIN (MINPTGTS ( SCRBIN), P_Sum_Labor_Force_Pop);
MPRINT(EM_ASSESS):   MNPTGTS ( SCRBIN) = SUM (MNPTGTS ( SCRBIN), P_Sum_Labor_Force_Pop * _FREQ_);
MPRINT(EM_ASSESS):   BIN = CEIL (N1 * 20 / 252);
MPRINT(EM_ASSESS):   IF BIN <= 0 THEN BIN = 1;
MPRINT(EM_ASSESS):   IF BIN > 20 THEN BIN = 20;
MPRINT(EM_ASSESS):   IF BIN < 1 THEN BIN = 1;
MPRINT(EM_ASSESS):   BIN = 21 - BIN;
MPRINT(EM_ASSESS):   RNUMOBSS ( BIN) = SUM (RNUMOBSS ( BIN) , _FREQ_ );
MPRINT(EM_ASSESS):   RMNTGTS ( BIN) = SUM (RMNTGTS ( BIN), Sum_Labor_Force_Pop * _FREQ_);
MPRINT(EM_ASSESS):   RMAXTGTS ( BIN) = MAX (RMAXTGTS (BIN), _MAXTARGET);
MPRINT(EM_ASSESS):   RMINTGTS ( BIN) = MIN (RMINTGTS (BIN), _MINTARGET);
MPRINT(EM_ASSESS):   RMAXPTGTS ( BIN) = MAX (RMAXPTGTS ( BIN), P_Sum_Labor_Force_Pop);
MPRINT(EM_ASSESS):   RMINPTGTS ( BIN) = MIN (RMINPTGTS ( BIN), P_Sum_Labor_Force_Pop);
MPRINT(EM_ASSESS):   RMNPTGTS ( BIN) = SUM (RMNPTGTS ( BIN), P_Sum_Labor_Force_Pop * _FREQ_);
MPRINT(EM_ASSESS):   IF EOF THEN DO;
MPRINT(EM_ASSESS):   *;
MPRINT(EM_ASSESS):   * Start of Outdist Area, Continuous Dep Var;
MPRINT(EM_ASSESS):   *;
MPRINT(EM_ASSESS):   UPP = 13036071.595;
MPRINT(EM_ASSESS):   DO SCRBIN = 1 TO 20;
MPRINT(EM_ASSESS):   LOWP = UPP - 590323.02548;
MPRINT(EM_ASSESS):   N = NUMOBSS (SCRBIN);
MPRINT(EM_ASSESS):   IF N > 0 THEN DO;
MPRINT(EM_ASSESS):   _TARGETMEAN_ = MNTGTS (SCRBIN) / N ;
MPRINT(EM_ASSESS):   _MEANP_ = MNPTGTS (SCRBIN) / N ;
MPRINT(EM_ASSESS):   END;
MPRINT(EM_ASSESS):   ELSE DO;
MPRINT(EM_ASSESS):   _TARGETMEAN_ = .;
MPRINT(EM_ASSESS):   _MEANP_ = .;
MPRINT(EM_ASSESS):   END;
MPRINT(EM_ASSESS):   _TARGETMIN_ = MINTGTS (SCRBIN);
MPRINT(EM_ASSESS):   _TARGETMAX_ = MAXTGTS (SCRBIN);
MPRINT(EM_ASSESS):   _MINP_ = MINPTGTS (SCRBIN);
MPRINT(EM_ASSESS):   _MAXP_ = MAXPTGTS (SCRBIN);
MPRINT(EM_ASSESS):   SCORE = MEAN (UPP, LOWP);
MPRINT(EM_ASSESS):   P_LABEL = COMPBL (PUT (LOWP, 12.3)) || " - " || COMPBL (PUT (UPP, 12.3));
MPRINT(EM_ASSESS):   BIN = SCRBIN;
MPRINT(EM_ASSESS):   OUTPUT WORK._TEMPSCOREDIST;
MPRINT(EM_ASSESS):   UPP = LOWP;
MPRINT(EM_ASSESS):   END;
MPRINT(EM_ASSESS):   * ..... DO SCRBIN = .... ;
MPRINT(EM_ASSESS):   *;
MPRINT(EM_ASSESS):   * ...... Output Outranks Continuous Case ;
MPRINT(EM_ASSESS):   *;
MPRINT(EM_ASSESS):   DO BIN = 1 TO 20;
MPRINT(EM_ASSESS):   N = RNUMOBSS (BIN);
MPRINT(EM_ASSESS):   DECILE = BIN * 100 / 20;
MPRINT(EM_ASSESS):   IF N > 0 THEN DO;
MPRINT(EM_ASSESS):   _TARGETMEAN_ = RMNTGTS (BIN) / N ;
MPRINT(EM_ASSESS):   _MEANP_ = RMNPTGTS (BIN) / N ;
MPRINT(EM_ASSESS):   END;
MPRINT(EM_ASSESS):   ELSE DO;
MPRINT(EM_ASSESS):   _TARGETMEAN_ = .;
MPRINT(EM_ASSESS):   _MEANP_ = .;
MPRINT(EM_ASSESS):   END;
MPRINT(EM_ASSESS):   _TARGETMIN_ = RMINTGTS (BIN);
MPRINT(EM_ASSESS):   _TARGETMAX_ = RMAXTGTS (BIN);
MPRINT(EM_ASSESS):   _MINP_ = RMINPTGTS (BIN);
MPRINT(EM_ASSESS):   _MAXP_ = RMAXPTGTS (BIN);
MPRINT(EM_ASSESS):   P_LABEL = COMPBL (PUT (_MINP_, 12.3)) || " - " || COMPBL (PUT (_MAXP_, 12.3));
MPRINT(EM_ASSESS):   OUTPUT WORK._TEMPRANK;
MPRINT(EM_ASSESS):   END;
MPRINT(EM_ASSESS):   * ..... DO _K = 1 TO DECILEBIN ;
MPRINT(EM_ASSESS):   END;
MPRINT(EM_ASSESS):   * ..... IF EOF ;
MPRINT(EM_ASSESS):   LABEL BIN = "Bin" _MEANP_ = "Mean Predicted" _MINP_ = "Min Predicted" _MAXP_ = "Max Predicted" _TARGETMAX_ = "Max Target" _TARGETMEAN_= "Mean Target" _TARGETMIN_ = "Min Target" DATAROLE = "Data Role" N = "Number of Observations" 
TARGET = "Target Variable" LOWP = "Lower Bound" UPP = "Upper Bound" score = "Model Score" scrbin = "Bin" DECILE = "Depth" ;
MPRINT(EM_ASSESS):   RUN;
MPRINT(EM_ASSESS):   *;
MPRINT(EM_ASSESS):   *;
MPRINT(EM_ASSESS):   * ...................... End Of Interval Processing;
MPRINT(EM_ASSESS):   *;
MPRINT(EM_ASSESS):   *;
MPRINT(EM_ASSESS):   *;
MPRINT(EM_ASSESS):   * ...........Start OF Outdist Modification;
MPRINT(EM_ASSESS):   *;

MPRINT(EM_ASSESS):   PROC DATASETS NOLIST LIB = WORK;
MPRINT(EM_ASSESS):   MODIFY _TEMPSCOREDIST;
MPRINT(EM_ASSESS):   ;
MPRINT(EM_ASSESS):   *;
MPRINT(EM_ASSESS):   * .................... OUTDIST MODIFICATION LABEL AREA;
MPRINT(EM_ASSESS):   *;
MPRINT(EM_ASSESS):   LABEL BIN = "Bin" N = "Number of Observations" P_LABEL = "Range for Predicted" _MEANP_ = "Mean Predicted" _MINP_ = "Min Predicted" _MAXP_ = "Max Predicted" SCORE = "Model Score" ;
MPRINT(EM_ASSESS):   RUN;
MPRINT(EM_ASSESS):   QUIT;
MPRINT(EM_ASSESS):   DATA WORK._TEMPSCOREDIST;
MPRINT(EM_ASSESS):   SET WORK._TEMPSCOREDIST (WHERE = (_MEANP_ > .));
MPRINT(EM_ASSESS):   RUN;
MPRINT(EM_ASSESS):   *;
MPRINT(EM_ASSESS):   * ........... END OF OUTDIST MODIFICATION;
MPRINT(EM_ASSESS):   *;
MPRINT(EM_ASSESS):   *;
MPRINT(EM_ASSESS):   * ...........Start of OUTRANKS Modification;
MPRINT(EM_ASSESS):   *;

MPRINT(EM_ASSESS):   PROC DATASETS NOLIST LIB = WORK;
MPRINT(EM_ASSESS):   MODIFY _TEMPRANK;
MPRINT(EM_ASSESS):   RUN;
MPRINT(EM_ASSESS):   QUIT;
MPRINT(EM_ASSESS):   DATA WORK._TEMPRANK;
MPRINT(EM_ASSESS):   SET WORK._TEMPRANK (WHERE = (_MEANP_ > .));
MPRINT(EM_ASSESS):   RUN;
MPRINT(EM_ASSESS):   proc datasets lib=work nolist;
MPRINT(EM_ASSESS):   delete _ea_tmpdata;
MPRINT(EM_ASSESS):   run;
MPRINT(EM_ASSESS):   quit;
MPRINT(EM_ASSESS):  ;
MPRINT(EM_ASSESS):   OPTION ERRORS = 20;
MPRINT(EM_DIAGRAM):  ;
MPRINT(EM_DIAGRAM):    data WORK._TEMPRANK;
MPRINT(EM_DIAGRAM):   length target $32 TARGETLABEL $200 dataRole $20;
MPRINT(EM_DIAGRAM):   label TARGETLABEL = "Target Label";
MPRINT(EM_DIAGRAM):   set WORK._TEMPRANK;
MPRINT(EM_DIAGRAM):   retain target "Sum_Labor_Force_Pop";
MPRINT(EM_DIAGRAM):   retain dataRole "VALIDATE";
MPRINT(EM_DIAGRAM):   run;
MPRINT(EM_DIAGRAM):   data EMWS1.Neural_EMRANK;
MPRINT(EM_DIAGRAM):   length target $32;
MPRINT(EM_DIAGRAM):   length TARGETLABEL $200;
MPRINT(EM_DIAGRAM):   length dataRole $20;
MPRINT(EM_DIAGRAM):   set EMWS1.Neural_EMRANK WORK._TEMPRANK;
MPRINT(EM_DIAGRAM):   run;
MPRINT(EM_DIAGRAM):    data WORK._TEMPSCOREDIST;
MPRINT(EM_DIAGRAM):   length target $32 TARGETLABEL $200 dataRole $20;
MPRINT(EM_DIAGRAM):   label TARGETLABEL = "Target Label";
MPRINT(EM_DIAGRAM):   set WORK._TEMPSCOREDIST;
MPRINT(EM_DIAGRAM):   retain target "Sum_Labor_Force_Pop";
MPRINT(EM_DIAGRAM):   retain dataRole "VALIDATE";
MPRINT(EM_DIAGRAM):   run;
MPRINT(EM_DIAGRAM):   data EMWS1.Neural_EMSCOREDIST;
MPRINT(EM_DIAGRAM):   length target $32;
MPRINT(EM_DIAGRAM):   length TARGETLABEL $200;
MPRINT(EM_DIAGRAM):   length dataRole $20;
MPRINT(EM_DIAGRAM):   length P_LABEL $27;
MPRINT(EM_DIAGRAM):   set EMWS1.Neural_EMSCOREDIST WORK._TEMPSCOREDIST;
MPRINT(EM_DIAGRAM):   run;
79774      %let _cn = %sysfunc(getoption(CENTER));
79775      options nocenter;
MPRINT(EM_DIAGRAM):    options nocenter;
79776      proc print data=EMWS1.Neural_EMREPORTFIT noobs label;
MPRINT(EM_DIAGRAM):   proc print data=EMWS1.Neural_EMREPORTFIT noobs label;
79777      var STAT LABEL TRAIN
79778      VALIDATE
79779      ;
MPRINT(EM_DIAGRAM):   var STAT LABEL TRAIN VALIDATE ;
79780      by TARGET TARGETLABEL;
MPRINT(EM_DIAGRAM):   by TARGET TARGETLABEL;
79781      title9 ' ';
MPRINT(EM_DIAGRAM):   title9 ' ';
79782      title10 "%sysfunc(sasmsg(sashelp.dmine, rpt_fitstat_title  , NOQUOTE))";
MPRINT(EM_DIAGRAM):   title10 "Fit Statistics";
MPRINT(EM_DIAGRAM):   run;
79783      run;

NOTE: There were 21 observations read from the data set EMWS1.NEURAL_EMREPORTFIT.
NOTE: At least one W.D format was too small for the number to be printed. The decimal may be shifted by the "BEST" format.
NOTE: The PROCEDURE PRINT printed page 25.
NOTE: PROCEDURE PRINT used (Total process time):
      real time           0.00 seconds
      cpu time            0.01 seconds
      

79784      title10;
MPRINT(EM_DIAGRAM):   title10;
79785      options &_cn;
MPRINT(EM_DIAGRAM):   options NOCENTER;
79786      proc datasets library=EMWS1 nolist;
MPRINT(EM_DIAGRAM):    proc datasets library=EMWS1 nolist;
79787      modify Neural_EMRANK;
MPRINT(EM_DIAGRAM):   modify Neural_EMRANK;
MPRINT(EM_DIAGRAM):   label target = "Target Variable";
79788      label target = "%sysfunc(sasmsg(sashelp.dmine, rpt_targetvar_vlabel ,   NOQUOTE))";
MPRINT(EM_DIAGRAM):   label datarole = "Data Role";
79789      label datarole = "%sysfunc(sasmsg(sashelp.dmine, rpt_datarole_vlabel ,    NOQUOTE))";
MPRINT(EM_DIAGRAM):   run;
79790      run;

NOTE: MODIFY was successful for EMWS1.NEURAL_EMRANK.DATA.
79791      quit;
MPRINT(EM_DIAGRAM):   quit;

NOTE: PROCEDURE DATASETS used (Total process time):
      real time           0.03 seconds
      cpu time            0.03 seconds
      

79792      %let _cn = %sysfunc(getoption(CENTER));
79793      options nocenter;
MPRINT(EM_DIAGRAM):    options nocenter;
79794      proc print data=EMWS1.Neural_EMRANK label noobs;
MPRINT(EM_DIAGRAM):   proc print data=EMWS1.Neural_EMRANK label noobs;
79795      var
79796      decile N _targetMean_ _meanP_;
MPRINT(EM_DIAGRAM):   var decile N _targetMean_ _meanP_;
79797      by
79798      notsorted DATAROLE
79799      notsorted TARGET
79800      notsorted TARGETLABEL
79801      ;
MPRINT(EM_DIAGRAM):   by notsorted DATAROLE notsorted TARGET notsorted TARGETLABEL ;
79802      title9 ' ';
MPRINT(EM_DIAGRAM):   title9 ' ';
79803      title10 "%sysfunc(sasmsg(sashelp.dmine, rpt_scoreranking_title , NOQUOTE))";
MPRINT(EM_DIAGRAM):   title10 "Assessment Score Rankings";
MPRINT(EM_DIAGRAM):   run;
79804      run;

NOTE: There were 25 observations read from the data set EMWS1.NEURAL_EMRANK.
NOTE: The PROCEDURE PRINT printed page 26.
NOTE: PROCEDURE PRINT used (Total process time):
      real time           0.00 seconds
      cpu time            0.01 seconds
      

79805      title10;
MPRINT(EM_DIAGRAM):   title10;
79806      options &_cn;
MPRINT(EM_DIAGRAM):   options NOCENTER;
79807      proc datasets library=EMWS1 nolist;
MPRINT(EM_DIAGRAM):    proc datasets library=EMWS1 nolist;
79808      modify Neural_EMSCOREDIST;
MPRINT(EM_DIAGRAM):   modify Neural_EMSCOREDIST;
MPRINT(EM_DIAGRAM):   label target = "Target Variable";
79809      label target = "%sysfunc(sasmsg(sashelp.dmine, rpt_targetvar_vlabel ,      NOQUOTE))";
MPRINT(EM_DIAGRAM):   label datarole = "Data Role";
79810      label datarole = "%sysfunc(sasmsg(sashelp.dmine, rpt_datarole_vlabel ,    NOQUOTE))";
MPRINT(EM_DIAGRAM):   run;
79811      run;

NOTE: MODIFY was successful for EMWS1.NEURAL_EMSCOREDIST.DATA.
79812      quit;
MPRINT(EM_DIAGRAM):   quit;

NOTE: PROCEDURE DATASETS used (Total process time):
      real time           0.02 seconds
      cpu time            0.03 seconds
      

MPRINT(EM_DIAGRAM):    options nocenter;
MPRINT(EM_DIAGRAM):   proc print data=EMWS1.Neural_EMSCOREDIST label noobs;
MPRINT(EM_DIAGRAM):   var p_label _targetMean_ _meanp_ n score;
MPRINT(EM_DIAGRAM):   by notsorted DATAROLE notsorted TARGET notsorted TARGETLABEL ;
MPRINT(EM_DIAGRAM):   where TARGET in( "Sum_Labor_Force_Pop" );
MPRINT(EM_DIAGRAM):   label target = "Target Variable";
MPRINT(EM_DIAGRAM):   label TARGETLABEL = "Target Label";
MPRINT(EM_DIAGRAM):   label datarole = "Data Role";
MPRINT(EM_DIAGRAM):   title9 ' ';
MPRINT(EM_DIAGRAM):   title10 "Assessment Score Distribution";
MPRINT(EM_DIAGRAM):   run;
MPRINT(EM_DIAGRAM):   title10;
MPRINT(EM_DIAGRAM):   options NOCENTER;
MPRINT(EM_DIAGRAM):   proc printto;
MPRINT(EM_DIAGRAM):   run;
