MPRINT(EM_DIAGRAM):    data _null_;
MPRINT(EM_DIAGRAM):   call symput('NLDATE', strip(put(date(), NLDATE.)));
MPRINT(EM_DIAGRAM):   call symput('NLTIME', strip(put(datetime(), NLTIME.)));
MPRINT(EM_DIAGRAM):   run;
MPRINT(EM_DIAGRAM):   data _null_;
MPRINT(EM_DIAGRAM):   nldate= sasmsg("sashelp.dmine", "log_date_note", 'N', "December 10, 2019" );
MPRINT(EM_DIAGRAM):   nltime= sasmsg("sashelp.dmine", "log_time_note", 'N', "15:43:46" );
MPRINT(EM_DIAGRAM):   put "*------------------------------------------------------------*";
MPRINT(EM_DIAGRAM):   put "* Training Log";
MPRINT(EM_DIAGRAM):   put nldate;
MPRINT(EM_DIAGRAM):   put nltime;
MPRINT(EM_DIAGRAM):   put "*------------------------------------------------------------*";
MPRINT(EM_DIAGRAM):   run;
*------------------------------------------------------------*
* Training Log
Date:                December 10, 2019
Time:                15:43:46
*------------------------------------------------------------*
MPRINT(EM_DIAGRAM):    filename O1RXU30C "C:\Users\student\Desktop\AA490\Project\AA490_Project\Modeling\Labor Force Model\Workspaces\EMWS1\Neural\EMTRAIN.out" encoding="UTF-8" NOBOM;
MPRINT(EM_DIAGRAM):   proc printto print=O1RXU30C new;
MPRINT(EM_DIAGRAM):   run;
MPRINT(EM_DIAGRAM):    filename _LOG "C:\Users\student\Desktop\AA490\Project\AA490_Project\Modeling\Labor Force Model\Workspaces\EMWS1\Neural\EMLOG.log" encoding="UTF-8" NOBOM;
MPRINT(EM_DIAGRAM):    data _null_;
MPRINT(EM_DIAGRAM):   call symput('NLDATE', strip(put(date(), NLDATE.)));
MPRINT(EM_DIAGRAM):   call symput('NLTIME', strip(put(datetime(), NLTIME.)));
MPRINT(EM_DIAGRAM):   run;
MPRINT(EM_DIAGRAM):   data _null_;
MPRINT(EM_DIAGRAM):   nldate= sasmsg("sashelp.dmine", "log_date_note", 'N', "December 10, 2019" );
MPRINT(EM_DIAGRAM):   nltime= sasmsg("sashelp.dmine", "log_time_note", 'N', "15:43:46" );
MPRINT(EM_DIAGRAM):   file _LOG;
MPRINT(EM_DIAGRAM):   put "*------------------------------------------------------------*";
MPRINT(EM_DIAGRAM):   put "User:                student";
MPRINT(EM_DIAGRAM):   put nldate;
MPRINT(EM_DIAGRAM):   put nltime;
MPRINT(EM_DIAGRAM):   put "Site:                70082322";
MPRINT(EM_DIAGRAM):   put "Platform:            X64_10PRO";
MPRINT(EM_DIAGRAM):   put "Maintenance Release: 9.04.01M4P110916";
MPRINT(EM_DIAGRAM):   put "EM Version:          14.2";
MPRINT(EM_DIAGRAM):   put "* ";
MPRINT(EM_DIAGRAM):   run;
MPRINT(EM_DIAGRAM):    filename _LOGIN "C:\Users\student\Desktop\AA490\Project\AA490_Project\Modeling\Labor Force Model\Workspaces\EMWS1\Neural\EMTRAIN.log" encoding="UTF-8" NOBOM;
MPRINT(EM_COPYFILE):   data _null_;
MPRINT(EM_COPYFILE):   length line $20000;
MPRINT(EM_COPYFILE):   file _LOG MOD lrecl=20000;
MPRINT(EM_COPYFILE):   fid=fopen("_LOGIN",'i',20000,'v');
MPRINT(EM_COPYFILE):   if fid > 0 then do;
MPRINT(EM_COPYFILE):   do while(^fread(fid));
MPRINT(EM_COPYFILE):   rlen = frlen(fid);
MPRINT(EM_COPYFILE):   rc= fget(fid,line,20000);
MPRINT(EM_COPYFILE):   start = length(line)-length(left(line))+1;
MPRINT(EM_COPYFILE):   line=strip(line);
MPRINT(EM_COPYFILE):   put @start line;
MPRINT(EM_COPYFILE):   end;
MPRINT(EM_COPYFILE):   if fid > 0 then rc=fclose(fid);
MPRINT(EM_COPYFILE):   end;
MPRINT(EM_COPYFILE):   run;
MPRINT(EM_DIAGRAM):  ;
MPRINT(EM_DIAGRAM):   filename _LOGIN;
MPRINT(EM_DIAGRAM):    data _null_;
MPRINT(EM_DIAGRAM):   file _LOG mod;
MPRINT(EM_DIAGRAM):   put _page_;
MPRINT(EM_DIAGRAM):   run;
MPRINT(EM_DIAGRAM):   filename _LOGIN "C:\Users\student\Desktop\AA490\Project\AA490_Project\Modeling\Labor Force Model\Workspaces\EMWS1\Neural\EMSCORE.log" encoding="UTF-8" NOBOM;
MPRINT(EM_DIAGRAM):  ;
MPRINT(EM_DIAGRAM):   data _null_;
MPRINT(EM_DIAGRAM):   file _LOG mod;
MPRINT(EM_DIAGRAM):   put _page_;
MPRINT(EM_DIAGRAM):   run;
MPRINT(EM_DIAGRAM):    filename _LOGIN "C:\Users\student\Desktop\AA490\Project\AA490_Project\Modeling\Labor Force Model\Workspaces\EMWS1\Neural\EMREPORT.log" encoding="UTF-8" NOBOM;
MPRINT(EM_DIAGRAM):  ;
MPRINT(EM_DIAGRAM):   filename _LOGIN;
MPRINT(EM_DIAGRAM):    filename _LOG;
MPRINT(EM_DIAGRAM):    filename _OUT "C:\Users\student\Desktop\AA490\Project\AA490_Project\Modeling\Labor Force Model\Workspaces\EMWS1\Neural\EMOUTPUT.out" encoding="UTF-8" NOBOM;
MPRINT(EM_DIAGRAM):    data _null_;
MPRINT(EM_DIAGRAM):   call symput('NLDATE', strip(put(date(), NLDATE.)));
MPRINT(EM_DIAGRAM):   call symput('NLTIME', strip(put(datetime(), NLTIME.)));
MPRINT(EM_DIAGRAM):   run;
MPRINT(EM_DIAGRAM):   data _null_;
MPRINT(EM_DIAGRAM):   nldate= sasmsg("sashelp.dmine", "log_date_note", 'N', "December 10, 2019" );
MPRINT(EM_DIAGRAM):   nltime= sasmsg("sashelp.dmine", "log_time_note", 'N', "15:43:46" );
MPRINT(EM_DIAGRAM):   file _OUT;
MPRINT(EM_DIAGRAM):   put "*------------------------------------------------------------*";
MPRINT(EM_DIAGRAM):   put "User:                student";
MPRINT(EM_DIAGRAM):   put nldate;
MPRINT(EM_DIAGRAM):   put nltime;
MPRINT(EM_DIAGRAM):   put "*------------------------------------------------------------*";
MPRINT(EM_DIAGRAM):   put "* Training Output";
MPRINT(EM_DIAGRAM):   put "*------------------------------------------------------------*";
MPRINT(EM_DIAGRAM):   run;
MPRINT(EM_DIAGRAM):    filename _OUTIN "C:\Users\student\Desktop\AA490\Project\AA490_Project\Modeling\Labor Force Model\Workspaces\EMWS1\Neural\EMTRAIN.out" encoding="UTF-8" NOBOM;
MPRINT(EM_DIAGRAM):   ;
MPRINT(EM_COPYFILE):   data _null_;
MPRINT(EM_COPYFILE):   length line $20000;
MPRINT(EM_COPYFILE):   file _OUT MOD lrecl=20000;
MPRINT(EM_COPYFILE):   fid=fopen("_OUTIN",'i',20000,'v');
MPRINT(EM_COPYFILE):   if fid > 0 then do;
MPRINT(EM_COPYFILE):   do while(^fread(fid));
MPRINT(EM_COPYFILE):   rlen = frlen(fid);
MPRINT(EM_COPYFILE):   rc= fget(fid,line,20000);
MPRINT(EM_COPYFILE):   start = length(line)-length(left(line))+1;
MPRINT(EM_COPYFILE):   line=strip(line);
MPRINT(EM_COPYFILE):   put @start line;
MPRINT(EM_COPYFILE):   end;
MPRINT(EM_COPYFILE):   if fid > 0 then rc=fclose(fid);
MPRINT(EM_COPYFILE):   end;
MPRINT(EM_COPYFILE):   run;
MPRINT(EM_DIAGRAM):  ;
MPRINT(EM_DIAGRAM):   filename _OUTIN;
MPRINT(EM_DIAGRAM):    data _null_;
MPRINT(EM_DIAGRAM):   file _OUT mod;
MPRINT(EM_DIAGRAM):   put _page_;
MPRINT(EM_DIAGRAM):   put // "*------------------------------------------------------------*";
MPRINT(EM_DIAGRAM):   put "* Score Output";
MPRINT(EM_DIAGRAM):   put "*------------------------------------------------------------*";
MPRINT(EM_DIAGRAM):   run;
MPRINT(EM_DIAGRAM):    filename _OUTIN "C:\Users\student\Desktop\AA490\Project\AA490_Project\Modeling\Labor Force Model\Workspaces\EMWS1\Neural\EMSCORE.out" encoding="UTF-8" NOBOM;
MPRINT(EM_DIAGRAM):  ;
MPRINT(EM_DIAGRAM):   filename _OUTIN;
MPRINT(EM_DIAGRAM):    data _null_;
MPRINT(EM_DIAGRAM):   file _OUT mod;
MPRINT(EM_DIAGRAM):   put _page_;
MPRINT(EM_DIAGRAM):   put // "*------------------------------------------------------------*";
MPRINT(EM_DIAGRAM):   put "* Report Output";
MPRINT(EM_DIAGRAM):   put "*------------------------------------------------------------*";
MPRINT(EM_DIAGRAM):   run;
MPRINT(EM_DIAGRAM):    filename _OUTIN "C:\Users\student\Desktop\AA490\Project\AA490_Project\Modeling\Labor Force Model\Workspaces\EMWS1\Neural\EMREPORT.out" encoding="UTF-8" NOBOM;
MPRINT(EM_DIAGRAM):  ;
MPRINT(EM_DIAGRAM):   filename _OUTIN;
MPRINT(EM_DIAGRAM):    filename _OUT;
MPRINT(EM_DIAGRAM):    filename _emtool_ 'C:\Users\student\Desktop\AA490\Project\AA490_Project\Modeling\Labor Force Model\Workspaces\EMWS1\Neural\EMRUNSTATUS.xml' encoding="UTF-8" NOBOM;
29083      proc freq data=EMWS1.Neural_VariableSet noprint;
MPRINT(EM_DIAGRAM):    proc freq data=EMWS1.Neural_VariableSet noprint;
29084      table ROLE*LEVEL/out=WORK.NeuralMETA;
MPRINT(EM_DIAGRAM):   table ROLE*LEVEL/out=WORK.NeuralMETA;
29085      run;
MPRINT(EM_DIAGRAM):   run;

NOTE: There were 4 observations read from the data set EMWS1.NEURAL_VARIABLESET.
NOTE: The data set WORK.NEURALMETA has 3 observations and 4 variables.
NOTE: PROCEDURE FREQ used (Total process time):
      real time           0.04 seconds
      cpu time            0.01 seconds
      

29086      proc print data=WORK.NeuralMETA label noobs;
MPRINT(EM_DIAGRAM):   proc print data=WORK.NeuralMETA label noobs;
29087      var ROLE LEVEL COUNT;
MPRINT(EM_DIAGRAM):   var ROLE LEVEL COUNT;
29088      label ROLE = "%sysfunc(sasmsg(sashelp.dmine, meta_role_vlabel, NOQUOTE))" LEVEL = "%sysfunc(sasmsg(sashelp.dmine, meta_level_vlabel, NOQUOTE))" COUNT = "%sysfunc(sasmsg(sashelp.dmine, rpt_count_vlabel, NOQUOTE))";
MPRINT(EM_DIAGRAM):   label ROLE = "Role" LEVEL = "Measurement Level" COUNT = "Frequency Count";
29089      title9 ' ';
MPRINT(EM_DIAGRAM):   title9 ' ';
29090      title10 "%sysfunc(sasmsg(sashelp.dmine, rpt_varSummary_title  , NOQUOTE))";
MPRINT(EM_DIAGRAM):   title10 "Variable Summary";
MPRINT(EM_DIAGRAM):   run;
29091      run;

NOTE: There were 3 observations read from the data set WORK.NEURALMETA.
NOTE: The PROCEDURE PRINT printed page 6.
NOTE: PROCEDURE PRINT used (Total process time):
      real time           0.02 seconds
      cpu time            0.01 seconds
      

29092      title10;
MPRINT(EM_DIAGRAM):   title10;
29093      %let EMNORLEN = %DMNORLEN;
MPRINT(EM_DIAGRAM):   
EMWS1.Varsel_TRAIN EMWS1.Varsel_TRAIN 
EMWS1.Varsel_TRAIN EMWS1.Varsel_TRAIN EMWS1 Varsel_TRAIN 
EMWS1.Varsel_TRAIN EMWS1.Varsel_TRAIN 
EMWS1.Varsel_TRAIN EMWS1.Varsel_TRAIN EMWS1 Varsel_TRAIN 
Executing  SASHELP.EMCORE.EMINFOITERATOR.SCL _INIT >> 
Executing  SASHELP.EMCORE.EMINFOITERATOR.SCL setMetaData >> 
Executing  SASHELP.EMCORE.EMINFOITERATOR.SCL next >> 
Executing  SASHELP.EMCORE.EMINFOITERATOR.SCL next >> 
Executing  SASHELP.EMCORE.EMINFOITERATOR.SCL setMetaData >> 
Executing  SASHELP.EMCORE.EMINFOITERATOR.SCL next >> 
Executing  SASHELP.EMCORE.EMINFOITERATOR.SCL next >> 
Executing  SASHELP.EMCORE.EMINFOITERATOR.SCL _term >> 
"No decisions defined for target "Sum_Labor_Force_Pop"." 
29094      proc print data = EMWS1.Ids_Sum_Labor_Force__DM noobs label;
MPRINT(EM_DIAGRAM):    proc print data = EMWS1.Ids_Sum_Labor_Force__DM noobs label;
29095      var _type_ variable label;
MPRINT(EM_DIAGRAM):   var _type_ variable label;
29096      where _type_ ^in('MATRIX', 'DECISION', 'TRAINPRIOR', 'DATAPRIOR', 'DECPRIOR');
MPRINT(EM_DIAGRAM):   where _type_ ^in('MATRIX', 'DECISION', 'TRAINPRIOR', 'DATAPRIOR', 'DECPRIOR');
29097      label _TYPE_ = "%sysfunc(sasmsg(sashelp.dmine, rpt_type_vlabel,     NOQUOTE))" VARIABLE = "%sysfunc(sasmsg(sashelp.dmine, rpt_variable_vlabel, NOQUOTE))" LABEL = "%sysfunc(sasmsg(sashelp.dmine, meta_label_vlabel, NOQUOTE))";
MPRINT(EM_DIAGRAM):   label _TYPE_ = "Type" VARIABLE = "Variable" LABEL = "Label";
29098      title9 ' ';
MPRINT(EM_DIAGRAM):   title9 ' ';
29099      title10 "%sysfunc(sasmsg(sashelp.dmine, rpt_predDecVars_title  , NOQUOTE))";
MPRINT(EM_DIAGRAM):   title10 "Predicted and decision variables";
MPRINT(EM_DIAGRAM):   run;
29100      run;

NOTE: There were 3 observations read from the data set EMWS1.IDS_SUM_LABOR_FORCE__DM.
      WHERE _type_ not in ('DATAPRIOR', 'DECISION', 'DECPRIOR', 'MATRIX', 'TRAINPRIOR');
NOTE: The PROCEDURE PRINT printed page 7.
NOTE: PROCEDURE PRINT used (Total process time):
      real time           0.01 seconds
      cpu time            0.00 seconds
      

29101      title10;
MPRINT(EM_DIAGRAM):   title10;
MPRINT(EM_DIAGRAM):    *------------------------------------------------------------*;
MPRINT(EM_DIAGRAM):   * Neural: Preparing metadata for training;
MPRINT(EM_DIAGRAM):   ;
MPRINT(EM_DIAGRAM):   *------------------------------------------------------------*;
MPRINT(EM_DIAGRAM):   data WORK.M3JJM0QS;
MPRINT(EM_DIAGRAM):   set WORK.M3JJM0QS;
MPRINT(EM_DIAGRAM):   where(use = 'Y' or (role = 'INPUT' and use = 'D'));
MPRINT(EM_DIAGRAM):   if (role = 'REJECTED') then role = 'INPUT';
MPRINT(EM_DIAGRAM):   run;
NOTE: There were 3 observations read from the data set EMWS1.IDS_SUM_LABOR_FORCE__DD.
NOTE: The data set WORK.SUM_LABOR_FORCE_POP has 3 observations and 1 variables.
NOTE: There were 3 observations read from the data set EMWS1.IDS_SUM_LABOR_FORCE__DD.
NOTE: The data set WORK.SUM_LABOR_FORCE_POP has 3 observations and 1 variables.
29111      *------------------------------------------------------------*;
MPRINT(EM_DIAGRAM):    *------------------------------------------------------------*;
29112      * Neural: Create decision matrix;
MPRINT(EM_DIAGRAM):   * Neural: Create decision matrix;
29113      *------------------------------------------------------------*;
MPRINT(EM_DIAGRAM):   *------------------------------------------------------------*;
29114      data WORK.Sum_Labor_Force_Pop(label="Sum_Labor_Force_Pop");
MPRINT(EM_DIAGRAM):   data WORK.Sum_Labor_Force_Pop(label="Sum_Labor_Force_Pop");
29115        length   Sum_Labor_Force_Pop                  8
29116                 ;
MPRINT(EM_DIAGRAM):   length Sum_Labor_Force_Pop 8 ;
29117      
29118        label    Sum_Labor_Force_Pop="Industry_Population"
29119                 ;
MPRINT(EM_DIAGRAM):   label Sum_Labor_Force_Pop= "Industry_Population" ;
29120       Sum_Labor_Force_Pop=225000;
MPRINT(EM_DIAGRAM):   Sum_Labor_Force_Pop=225000;
29121      output;
MPRINT(EM_DIAGRAM):   output;
29122       Sum_Labor_Force_Pop=25077000;
MPRINT(EM_DIAGRAM):   Sum_Labor_Force_Pop=25077000;
29123      output;
MPRINT(EM_DIAGRAM):   output;
29124       Sum_Labor_Force_Pop=12651000;
MPRINT(EM_DIAGRAM):   Sum_Labor_Force_Pop=12651000;
29125      output;
MPRINT(EM_DIAGRAM):   output;
29126      ;
MPRINT(EM_DIAGRAM):   ;
29127      run;
MPRINT(EM_DIAGRAM):   run;

NOTE: The data set WORK.SUM_LABOR_FORCE_POP has 3 observations and 1 variables.
NOTE: DATA statement used (Total process time):
      real time           0.01 seconds
      cpu time            0.01 seconds
      

29128      proc datasets lib=work nolist;
MPRINT(EM_DIAGRAM):   proc datasets lib=work nolist;
29129      modify Sum_Labor_Force_Pop(type=PROFIT label=Sum_Labor_Force_Pop);
MPRINT(EM_DIAGRAM):   modify Sum_Labor_Force_Pop(type=PROFIT label= Sum_Labor_Force_Pop);
MPRINT(EM_DIAGRAM):   run;
29130      run;

NOTE: MODIFY was successful for WORK.SUM_LABOR_FORCE_POP.DATA.
29131      quit;
MPRINT(EM_DIAGRAM):   quit;

NOTE: PROCEDURE DATASETS used (Total process time):
      real time           0.01 seconds
      cpu time            0.03 seconds
      

29132      data EM_Neural;
MPRINT(EM_DIAGRAM):   data EM_Neural;
29133      set EMWS1.Varsel_TRAIN(keep=
29134      Age_group Industry Population Sum_Labor_Force_Pop);
MPRINT(EM_DIAGRAM):   set EMWS1.Varsel_TRAIN(keep= Age_group Industry Population Sum_Labor_Force_Pop);
29135      run;
MPRINT(EM_DIAGRAM):   run;

NOTE: Variable _WARN_ is uninitialized.
NOTE: There were 112 observations read from the data set EMWS1.PART_TRAIN.
NOTE: View EMWS1.VARSEL_TRAIN.VIEW used (Total process time):
      real time           0.06 seconds
      cpu time            0.06 seconds
      
NOTE: There were 112 observations read from the data set EMWS1.TRANS_TRAIN.
NOTE: There were 112 observations read from the data set EMWS1.VARSEL_TRAIN.
NOTE: The data set WORK.EM_NEURAL has 112 observations and 4 variables.
NOTE: DATA statement used (Total process time):
      real time           0.09 seconds
      cpu time            0.07 seconds
      

MPRINT(EM_DIAGRAM):   *------------------------------------------------------------* ;
MPRINT(EM_DIAGRAM):   * Neural: DMDBClass Macro ;
MPRINT(EM_DIAGRAM):   *------------------------------------------------------------* ;
29136      *------------------------------------------------------------* ;
29137      * Neural: DMDBClass Macro ;
29138      *------------------------------------------------------------* ;
29139      %macro DMDBClass;
29140          Age_group(ASC) Industry(ASC)
29141      %mend DMDBClass;
29142      *------------------------------------------------------------* ;
MPRINT(EM_DIAGRAM):   *------------------------------------------------------------* ;
29143      * Neural: DMDBVar Macro ;
MPRINT(EM_DIAGRAM):   * Neural: DMDBVar Macro ;
29144      *------------------------------------------------------------* ;
MPRINT(EM_DIAGRAM):   *------------------------------------------------------------* ;
29145      %macro DMDBVar;
29146          Population Sum_Labor_Force_Pop
29147      %mend DMDBVar;
29148      *------------------------------------------------------------*;
MPRINT(EM_DIAGRAM):   *------------------------------------------------------------*;
29149      * Neural: Create DMDB;
MPRINT(EM_DIAGRAM):   * Neural: Create DMDB;
29150      *------------------------------------------------------------*;
MPRINT(EM_DIAGRAM):   *------------------------------------------------------------*;
29151      proc dmdb batch data=WORK.EM_Neural
29152      dmdbcat=WORK.Neural_DMDB
29153      maxlevel = 513
29154      ;
MPRINT(EM_DIAGRAM):   proc dmdb batch data=WORK.EM_Neural dmdbcat=WORK.Neural_DMDB maxlevel = 513 ;
MPRINT(EM_DIAGRAM):   class
29155      class %DMDBClass;
MPRINT(DMDBCLASS):   Age_group(ASC) Industry(ASC)
MPRINT(EM_DIAGRAM):  ;
MPRINT(EM_DIAGRAM):   var
29156      var %DMDBVar;
MPRINT(DMDBVAR):   Population Sum_Labor_Force_Pop
MPRINT(EM_DIAGRAM):  ;
29157      target
29158      Sum_Labor_Force_Pop
29159      ;
MPRINT(EM_DIAGRAM):   target Sum_Labor_Force_Pop ;
29160      run;
MPRINT(EM_DIAGRAM):   run;

NOTE: Records processed = 112   Memory used = 511K.
NOTE: There were 112 observations read from the data set WORK.EM_NEURAL.
NOTE: PROCEDURE DMDB used (Total process time):
      real time           0.00 seconds
      cpu time            0.00 seconds
      

MPRINT(EM_DIAGRAM):   quit;
MPRINT(EM_DIAGRAM):   *--- end code ---*;
29161      quit;
29162      *--- end code ---*;

29163      *------------------------------------------------------------* ;
MPRINT(EM_DIAGRAM):    *------------------------------------------------------------* ;
29164      * Neural: Interval Input Variables Macro ;
MPRINT(EM_DIAGRAM):   * Neural: Interval Input Variables Macro ;
29165      *------------------------------------------------------------* ;
MPRINT(EM_DIAGRAM):   *------------------------------------------------------------* ;
29166      %macro INTINPUTS;
29167          Population
29168      %mend INTINPUTS;
29169      *------------------------------------------------------------* ;
MPRINT(EM_DIAGRAM):   *------------------------------------------------------------* ;
29170      * Neural: Binary Inputs Macro ;
MPRINT(EM_DIAGRAM):   * Neural: Binary Inputs Macro ;
29171      *------------------------------------------------------------* ;
MPRINT(EM_DIAGRAM):   *------------------------------------------------------------* ;
29172      %macro BININPUTS;
29173      
29174      %mend BININPUTS;
29175      *------------------------------------------------------------* ;
MPRINT(EM_DIAGRAM):   *------------------------------------------------------------* ;
29176      * Neural: Nominal Inputs Macro ;
MPRINT(EM_DIAGRAM):   * Neural: Nominal Inputs Macro ;
29177      *------------------------------------------------------------* ;
MPRINT(EM_DIAGRAM):   *------------------------------------------------------------* ;
29178      %macro NOMINPUTS;
29179          Age_group Industry
29180      %mend NOMINPUTS;
29181      *------------------------------------------------------------* ;
MPRINT(EM_DIAGRAM):   *------------------------------------------------------------* ;
29182      * Neural: Ordinal Inputs Macro ;
MPRINT(EM_DIAGRAM):   * Neural: Ordinal Inputs Macro ;
29183      *------------------------------------------------------------* ;
MPRINT(EM_DIAGRAM):   *------------------------------------------------------------* ;
29184      %macro ORDINPUTS;
29185      
29186      %mend ORDINPUTS;
29187      *------------------------------------------------------------*;
MPRINT(EM_DIAGRAM):   *------------------------------------------------------------*;
29188      * Neural Network Training;
MPRINT(EM_DIAGRAM):   * Neural Network Training;
29189      ;
MPRINT(EM_DIAGRAM):   ;
29190      *------------------------------------------------------------*;
MPRINT(EM_DIAGRAM):   *------------------------------------------------------------*;
29191      proc neural data=EM_Neural dmdbcat=WORK.Neural_DMDB
29192      validdata = EMWS1.Varsel_VALIDATE
29193      random=12345
29194      ;
MPRINT(EM_DIAGRAM):   proc neural data=EM_Neural dmdbcat=WORK.Neural_DMDB validdata = EMWS1.Varsel_VALIDATE random=12345 ;
29195      nloptions
29196      ;
MPRINT(EM_DIAGRAM):   nloptions ;
29197      performance alldetails noutilfile;
MPRINT(EM_DIAGRAM):   performance alldetails noutilfile;
29198      netopts
29199      decay=0;
MPRINT(EM_DIAGRAM):   netopts decay=0;
MPRINT(EM_DIAGRAM):   input
29200      input %INTINPUTS / level=interval id=intvl
MPRINT(INTINPUTS):   Population
29201      ;
MPRINT(EM_DIAGRAM):   / level=interval id=intvl ;
MPRINT(EM_DIAGRAM):   input
29202      input %NOMINPUTS / level=nominal id=nom
MPRINT(NOMINPUTS):   Age_group Industry
29203      ;
MPRINT(EM_DIAGRAM):   / level=nominal id=nom ;
29204      target
29205      Sum_Labor_Force_Pop
29206      / level=interval id=intervalTargets
29207      bias
29208      ;
MPRINT(EM_DIAGRAM):   target Sum_Labor_Force_Pop / level=interval id=intervalTargets bias ;
29209      arch MLP
29210      Hidden=3
29211      ;
MPRINT(EM_DIAGRAM):   arch MLP Hidden=3 ;
29212      Prelim 5 preiter=10
29213      pretime=3600
29214      Outest=EMWS1.Neural_PRELIM_OUTEST
29215      ;
MPRINT(EM_DIAGRAM):   Prelim 5 preiter=10 pretime=3600 Outest=EMWS1.Neural_PRELIM_OUTEST ;
NOTE: Variable _WARN_ is uninitialized.
NOTE:  Synchronizing the objectives and the Solution.
NOTE: LEVMAR Optimization cannot be completed.
NOTE: LEVMAR needs more than 10 iterations or 2147483647 function calls.
NOTE: LEVMAR Optimization cannot be completed.
NOTE: LEVMAR needs more than 10 iterations or 2147483647 function calls.
NOTE: LEVMAR Optimization cannot be completed.
NOTE: LEVMAR needs more than 10 iterations or 2147483647 function calls.
NOTE: LEVMAR Optimization cannot be completed.
NOTE: LEVMAR needs more than 10 iterations or 2147483647 function calls.
NOTE: LEVMAR Optimization cannot be completed.
NOTE: LEVMAR needs more than 10 iterations or 2147483647 function calls.
NOTE: The data set EMWS1.NEURAL_PRELIM_OUTEST has 11 observations and 46 variables.
29216      save network=EMWS1.Neural_NETWORK.dm_neural;
MPRINT(EM_DIAGRAM):   save network=EMWS1.Neural_NETWORK.dm_neural;
NOTE: Entry EMWS1.NEURAL_NETWORK.DM_NEURAL has been opened.
NOTE: Entry EMWS1.NEURAL_NETWORK.DM_NEURAL has been closed.
29217      train Maxiter=50
29218      maxtime=14400
29219      Outest=EMWS1.Neural_outest estiter=1
29220      Outfit=EMWS1.Neural_OUTFIT
29221      ;
MPRINT(EM_DIAGRAM):   train Maxiter=50 maxtime=14400 Outest=EMWS1.Neural_outest estiter=1 Outfit=EMWS1.Neural_OUTFIT ;
NOTE: Convergence criterion (FCONV=0.0001) satisfied.
NOTE: At least one element of the gradient is greater than 1e-3.
NOTE: The data set EMWS1.NEURAL_OUTEST has 55 observations and 46 variables.
NOTE: The data set EMWS1.NEURAL_OUTFIT has 46 observations and 36 variables.
29222      run;
MPRINT(EM_DIAGRAM):   run;

NOTE: The data set WORK.EM_NEURAL has 112 observations and 4 variables.
NOTE: The data set EMWS1.VARSEL_VALIDATE has . observations and 6 variables.
NOTE: There were 84 observations read from the data set EMWS1.PART_VALIDATE.
NOTE: View EMWS1.VARSEL_VALIDATE.VIEW used (Total process time):
      real time           0.28 seconds
      cpu time            0.15 seconds
      
NOTE: There were 84 observations read from the data set EMWS1.TRANS_VALIDATE.
NOTE: Closing the Neural Application.
NOTE: The PROCEDURE NEURAL printed pages 8-11.
NOTE: PROCEDURE NEURAL used (Total process time):
      real time           0.35 seconds
      cpu time            0.20 seconds
      

MPRINT(EM_DIAGRAM):   quit;
29223      quit;

29224      proc sort data=EMWS1.Neural_OUTFIT(where=(_iter_ ne . and _NAME_="OVERALL")) out=fit_Neural;
MPRINT(EM_DIAGRAM):    proc sort data=EMWS1.Neural_OUTFIT(where=(_iter_ ne . and _NAME_="OVERALL")) out=fit_Neural;
29225      by _VAVERR_;
MPRINT(EM_DIAGRAM):   by _VAVERR_;
29226      run;
MPRINT(EM_DIAGRAM):   run;

NOTE: There were 23 observations read from the data set EMWS1.NEURAL_OUTFIT.
      WHERE (_iter_ not = .) and (_NAME_='OVERALL');
NOTE: The data set WORK.FIT_NEURAL has 23 observations and 36 variables.
NOTE: PROCEDURE SORT used (Total process time):
      real time           0.01 seconds
      cpu time            0.01 seconds
      

29227      %GLOBAL ITER;
29228      data _null_;
MPRINT(EM_DIAGRAM):   data _null_;
29229      set fit_Neural(obs=1);
MPRINT(EM_DIAGRAM):   set fit_Neural(obs=1);
29230      call symput('ITER',put(_ITER_, 6.));
MPRINT(EM_DIAGRAM):   call symput('ITER',put(_ITER_, 6.));
29231      run;
MPRINT(EM_DIAGRAM):   run;

NOTE: There were 1 observations read from the data set WORK.FIT_NEURAL.
NOTE: DATA statement used (Total process time):
      real time           0.00 seconds
      cpu time            0.00 seconds
      

29232      data EMWS1.Neural_INITIAL;
MPRINT(EM_DIAGRAM):   data EMWS1.Neural_INITIAL;
29233      set EMWS1.Neural_outest(where=(_ITER_ eq &ITER and _OBJ_ ne .));
MPRINT(EM_DIAGRAM):   set EMWS1.Neural_outest(where=(_ITER_ eq 10 and _OBJ_ ne .));
29234      run;
MPRINT(EM_DIAGRAM):   run;

NOTE: There were 1 observations read from the data set EMWS1.NEURAL_OUTEST.
      WHERE (_ITER_=10) and (_OBJ_ not = .);
NOTE: The data set EMWS1.NEURAL_INITIAL has 1 observations and 46 variables.
NOTE: DATA statement used (Total process time):
      real time           0.01 seconds
      cpu time            0.01 seconds
      

29235      *------------------------------------------------------------*;
MPRINT(EM_DIAGRAM):    *------------------------------------------------------------*;
29236      * Neural Network Model Selection;
MPRINT(EM_DIAGRAM):   * Neural Network Model Selection;
29237      ;
MPRINT(EM_DIAGRAM):   ;
29238      *------------------------------------------------------------*;
MPRINT(EM_DIAGRAM):   *------------------------------------------------------------*;
29239      proc neural data=EM_Neural dmdbcat=WORK.Neural_DMDB
29240      validdata = EMWS1.Varsel_VALIDATE
29241      network = EMWS1.Neural_NETWORK.dm_neural
29242      random=12345
29243      ;
MPRINT(EM_DIAGRAM):   proc neural data=EM_Neural dmdbcat=WORK.Neural_DMDB validdata = EMWS1.Varsel_VALIDATE network = EMWS1.Neural_NETWORK.dm_neural random=12345 ;
NOTE: Entry EMWS1.NEURAL_NETWORK.DM_NEURAL has been opened.
NOTE: Entry EMWS1.NEURAL_NETWORK.DM_NEURAL has been closed.
29244      nloptions noprint;
MPRINT(EM_DIAGRAM):   nloptions noprint;
29245      performance alldetails noutilfile;
MPRINT(EM_DIAGRAM):   performance alldetails noutilfile;
29246      initial inest=EMWS1.Neural_INITIAL;
MPRINT(EM_DIAGRAM):   initial inest=EMWS1.Neural_INITIAL;
NOTE: Variable _WARN_ is uninitialized.
NOTE: The data set EMWS1.NEURAL_INITIAL has 1 observations and 46 variables.
29247      train tech=NONE;
MPRINT(EM_DIAGRAM):   train tech=NONE;
NOTE: No optimization performed.
29248      code file="C:\Users\student\Desktop\AA490\Project\AA490_Project\Modeling\Labor Force Model\Workspaces\EMWS1\Neural\SCORECODE.sas"
29249      group=Neural
29250      ;
MPRINT(EM_DIAGRAM):   code file="C:\Users\student\Desktop\AA490\Project\AA490_Project\Modeling\Labor Force Model\Workspaces\EMWS1\Neural\SCORECODE.sas" group=Neural ;
NOTE: External file C:\Users\student\Desktop\AA490\Project\AA490_Project\Modeling\Labor Force Model\Workspaces\EMWS1\Neural\SCORECODE.sas opened.
29251      ;
MPRINT(EM_DIAGRAM):   ;
29252      code file="C:\Users\student\Desktop\AA490\Project\AA490_Project\Modeling\Labor Force Model\Workspaces\EMWS1\Neural\RESIDUALSCORECODE.sas"
29253      group=Neural
29254      residual
29255      ;
MPRINT(EM_DIAGRAM):   code file="C:\Users\student\Desktop\AA490\Project\AA490_Project\Modeling\Labor Force Model\Workspaces\EMWS1\Neural\RESIDUALSCORECODE.sas" group=Neural residual ;
NOTE: External file C:\Users\student\Desktop\AA490\Project\AA490_Project\Modeling\Labor Force Model\Workspaces\EMWS1\Neural\RESIDUALSCORECODE.sas opened.
29256      ;
MPRINT(EM_DIAGRAM):   ;
29257      score data=EMWS1.Varsel_TRAIN out=_NULL_
NOTE: View EMWS1.VARSEL_TRAIN.VIEW used (Total process time):
      real time           0.07 seconds
      cpu time            0.06 seconds
      
29258      outfit=WORK.FIT1
29259      role=TRAIN
29260      outkey=EMWS1.Neural_OUTKEY;
MPRINT(EM_DIAGRAM):   score data=EMWS1.Varsel_TRAIN out=_NULL_ outfit=WORK.FIT1 role=TRAIN outkey=EMWS1.Neural_OUTKEY;
NOTE: The data set EMWS1.NEURAL_OUTKEY has 15 observations and 8 variables.
NOTE: Variable _WARN_ is uninitialized.
NOTE: The data set EMWS1.VARSEL_TRAIN has . observations and 6 variables.
NOTE: There were 112 observations read from the data set EMWS1.PART_TRAIN.
NOTE: There were 112 observations read from the data set EMWS1.TRANS_TRAIN.
NOTE: The data set WORK.FIT1 has 2 observations and 23 variables.
29261      score data=EMWS1.Varsel_VALIDATE out=_NULL_
NOTE: View EMWS1.VARSEL_VALIDATE.VIEW used (Total process time):
      real time           0.06 seconds
      cpu time            0.06 seconds
      
29262      outfit=WORK.FIT2
29263      role=VALID
29264      outkey=EMWS1.Neural_OUTKEY;
MPRINT(EM_DIAGRAM):   score data=EMWS1.Varsel_VALIDATE out=_NULL_ outfit=WORK.FIT2 role=VALID outkey=EMWS1.Neural_OUTKEY;
NOTE: The data set EMWS1.NEURAL_OUTKEY has 15 observations and 8 variables.
NOTE: Variable _WARN_ is uninitialized.
NOTE: The data set EMWS1.VARSEL_VALIDATE has . observations and 6 variables.
NOTE: There were 84 observations read from the data set EMWS1.PART_VALIDATE.
NOTE: There were 84 observations read from the data set EMWS1.TRANS_VALIDATE.
NOTE: The data set WORK.FIT2 has 2 observations and 15 variables.
29265      score data=EMWS1.Varsel_TEST out=_NULL_
NOTE: View EMWS1.VARSEL_TEST.VIEW used (Total process time):
      real time           0.06 seconds
      cpu time            0.06 seconds
      
29266      outfit=WORK.FIT3
29267      role=TEST
29268      outkey=EMWS1.Neural_OUTKEY;
MPRINT(EM_DIAGRAM):   score data=EMWS1.Varsel_TEST out=_NULL_ outfit=WORK.FIT3 role=TEST outkey=EMWS1.Neural_OUTKEY;
NOTE: The data set EMWS1.NEURAL_OUTKEY has 15 observations and 8 variables.
NOTE: Variable _WARN_ is uninitialized.
NOTE: The data set EMWS1.VARSEL_TEST has . observations and 6 variables.
NOTE: There were 84 observations read from the data set EMWS1.PART_TEST.
NOTE: There were 84 observations read from the data set EMWS1.TRANS_TEST.
NOTE: The data set WORK.FIT3 has 2 observations and 25 variables.
29269      run;
MPRINT(EM_DIAGRAM):   run;

NOTE: The data set WORK.EM_NEURAL has 112 observations and 4 variables.
NOTE: The data set EMWS1.VARSEL_VALIDATE has . observations and 6 variables.
NOTE: There were 84 observations read from the data set EMWS1.PART_VALIDATE.
NOTE: View EMWS1.VARSEL_VALIDATE.VIEW used (Total process time):
      real time           0.37 seconds
      cpu time            0.34 seconds
      
NOTE: There were 84 observations read from the data set EMWS1.TRANS_VALIDATE.
NOTE: Closing the Neural Application.
NOTE: PROCEDURE NEURAL used (Total process time):
      real time           0.39 seconds
      cpu time            0.34 seconds
      

MPRINT(EM_DIAGRAM):   quit;
29270      quit;
29271      data EMWS1.Neural_OUTFIT;
MPRINT(EM_DIAGRAM):   data EMWS1.Neural_OUTFIT;
29272      merge WORK.FIT1 WORK.FIT2 WORK.FIT3;
MPRINT(EM_DIAGRAM):   merge WORK.FIT1 WORK.FIT2 WORK.FIT3;
29273      run;
MPRINT(EM_DIAGRAM):   run;

NOTE: There were 2 observations read from the data set WORK.FIT1.
NOTE: There were 2 observations read from the data set WORK.FIT2.
NOTE: There were 2 observations read from the data set WORK.FIT3.
NOTE: The data set EMWS1.NEURAL_OUTFIT has 2 observations and 59 variables.
NOTE: DATA statement used (Total process time):
      real time           0.01 seconds
      cpu time            0.00 seconds
      

29274      data EMWS1.Neural_EMESTIMATE;
MPRINT(EM_DIAGRAM):   data EMWS1.Neural_EMESTIMATE;
29275      set EMWS1.Neural_outest;
MPRINT(EM_DIAGRAM):   set EMWS1.Neural_outest;
29276      if _type_ ^in('HESSIAN' 'GRAD');
MPRINT(EM_DIAGRAM):   if _type_ ^in('HESSIAN' 'GRAD');
29277      run;
MPRINT(EM_DIAGRAM):   run;

NOTE: There were 55 observations read from the data set EMWS1.NEURAL_OUTEST.
NOTE: The data set EMWS1.NEURAL_EMESTIMATE has 23 observations and 46 variables.
NOTE: DATA statement used (Total process time):
      real time           0.00 seconds
      cpu time            0.00 seconds
      

29278      proc datasets lib=work nolist;
MPRINT(EM_DIAGRAM):   proc datasets lib=work nolist;
29279      delete EM_Neural;
MPRINT(EM_DIAGRAM):   delete EM_Neural;
29280      run;
MPRINT(EM_DIAGRAM):   run;

NOTE: Deleting WORK.EM_NEURAL (memtype=DATA).
29281      quit;
MPRINT(EM_DIAGRAM):   quit;

NOTE: PROCEDURE DATASETS used (Total process time):
      real time           0.01 seconds
      cpu time            0.01 seconds
      

29282      data EMWS1.Neural_PLOTDS(where=(_iter_ ne . and _NAME_="OVERALL"));
MPRINT(EM_DIAGRAM):    data EMWS1.Neural_PLOTDS(where=(_iter_ ne . and _NAME_="OVERALL"));
29283      set fit_Neural;
MPRINT(EM_DIAGRAM):   set fit_Neural;
29284      attrib _ITER_ label="%sysfunc(sasmsg(sashelp.dmine, rpt_trainiterations_vlabel  , NOQUOTE))";
MPRINT(EM_DIAGRAM):   attrib _ITER_ label="Training Iterations";
29285      attrib _NAME_ label="%sysfunc(sasmsg(sashelp.dmine, rpt_varsel_label_name  , NOQUOTE))";
MPRINT(EM_DIAGRAM):   attrib _NAME_ label="Name";
29286      run;
MPRINT(EM_DIAGRAM):   run;

NOTE: There were 23 observations read from the data set WORK.FIT_NEURAL.
NOTE: The data set EMWS1.NEURAL_PLOTDS has 23 observations and 36 variables.
NOTE: DATA statement used (Total process time):
      real time           0.01 seconds
      cpu time            0.01 seconds
      

29287      proc sort data=EMWS1.Neural_PLOTDS;
MPRINT(EM_DIAGRAM):   proc sort data=EMWS1.Neural_PLOTDS;
29288      by _ITER_;
MPRINT(EM_DIAGRAM):   by _ITER_;
29289      run;
MPRINT(EM_DIAGRAM):   run;

NOTE: There were 23 observations read from the data set EMWS1.NEURAL_PLOTDS.
NOTE: The data set EMWS1.NEURAL_PLOTDS has 23 observations and 36 variables.
NOTE: PROCEDURE SORT used (Total process time):
      real time           0.00 seconds
      cpu time            0.01 seconds
      

29290      data EMWS1.Neural_PLOTDS;
MPRINT(EM_DIAGRAM):    data EMWS1.Neural_PLOTDS;
29291      set EMWS1.Neural_PLOTDS;
MPRINT(EM_DIAGRAM):   set EMWS1.Neural_PLOTDS;
29292      drop _MISC_;
MPRINT(EM_DIAGRAM):   drop _MISC_;
29293      drop _WRONG_;
MPRINT(EM_DIAGRAM):   drop _WRONG_;
29294      run;
MPRINT(EM_DIAGRAM):   run;

NOTE: There were 23 observations read from the data set EMWS1.NEURAL_PLOTDS.
NOTE: The data set EMWS1.NEURAL_PLOTDS has 23 observations and 34 variables.
NOTE: DATA statement used (Total process time):
      real time           0.00 seconds
      cpu time            0.01 seconds
      

29295      data tempweight (drop= _tech_ _decay_ _seed_ _nobj_ _obj_ _objerr_ _averr_ _p_num_ where=(_type_ eq "PARMS" and _iter_ eq 10) );
MPRINT(EM_DIAGRAM):    data tempweight (drop= _tech_ _decay_ _seed_ _nobj_ _obj_ _objerr_ _averr_ _p_num_ where=(_type_ eq "PARMS" and _iter_ eq 10) );
29296      set EMWS1.Neural_EMESTIMATE;
MPRINT(EM_DIAGRAM):   set EMWS1.Neural_EMESTIMATE;
29297      run;
MPRINT(EM_DIAGRAM):   run;

NOTE: There were 23 observations read from the data set EMWS1.NEURAL_EMESTIMATE.
NOTE: The data set WORK.TEMPWEIGHT has 1 observations and 38 variables.
NOTE: DATA statement used (Total process time):
      real time           0.01 seconds
      cpu time            0.00 seconds
      

29298      proc sort;
MPRINT(EM_DIAGRAM):   proc sort;
29299      by _name_;
MPRINT(EM_DIAGRAM):   by _name_;
29300      run;
MPRINT(EM_DIAGRAM):   run;

NOTE: There were 1 observations read from the data set WORK.TEMPWEIGHT.
NOTE: The data set WORK.TEMPWEIGHT has 1 observations and 38 variables.
NOTE: PROCEDURE SORT used (Total process time):
      real time           0.01 seconds
      cpu time            0.01 seconds
      

29301      proc transpose data=tempweight out=EMWS1.Neural_WEIGHTDS;
MPRINT(EM_DIAGRAM):   proc transpose data=tempweight out=EMWS1.Neural_WEIGHTDS;
29302      by _name_;
MPRINT(EM_DIAGRAM):   by _name_;
29303      run;
MPRINT(EM_DIAGRAM):   run;

NOTE: There were 1 observations read from the data set WORK.TEMPWEIGHT.
NOTE: The data set EMWS1.NEURAL_WEIGHTDS has 36 observations and 3 variables.
NOTE: PROCEDURE TRANSPOSE used (Total process time):
      real time           0.02 seconds
      cpu time            0.03 seconds
      

29304      data EMWS1.Neural_WEIGHTDS;
MPRINT(EM_DIAGRAM):   data EMWS1.Neural_WEIGHTDS;
29305      set EMWS1.Neural_WEIGHTDS;
MPRINT(EM_DIAGRAM):   set EMWS1.Neural_WEIGHTDS;
29306      FROM = trim(left(scan(_LABEL_, 1, '->')));
MPRINT(EM_DIAGRAM):   FROM = trim(left(scan(_LABEL_, 1, '->')));
29307      TO = trim(left(scan(_LABEL_, 2, '>')));
MPRINT(EM_DIAGRAM):   TO = trim(left(scan(_LABEL_, 2, '>')));
29308      WEIGHT = COL1;
MPRINT(EM_DIAGRAM):   WEIGHT = COL1;
29309      if (TO eq '') or (FROM eq '') then delete;
MPRINT(EM_DIAGRAM):   if (TO eq '') or (FROM eq '') then delete;
29310      label _LABEL_ ="%sysfunc(sasmsg(sashelp.dmine, meta_label_vlabel  , NOQUOTE))" FROM = "%sysfunc(sasmsg(sashelp.dmine, rpt_from_vlabel  , NOQUOTE))" TO = "%sysfunc(sasmsg(sashelp.dmine, rpt_into_vlabel  , NOQUOTE))" WEIGHT =
29311         "%sysfunc(sasmsg(sashelp.dmine, rpt_weight_vlabel  , NOQUOTE))";
MPRINT(EM_DIAGRAM):   label _LABEL_ = "Label" FROM = "From" TO = "Into" WEIGHT = "Weight";
29312      keep FROM TO WEIGHT _LABEL_;
MPRINT(EM_DIAGRAM):   keep FROM TO WEIGHT _LABEL_;
29313      run;
MPRINT(EM_DIAGRAM):   run;

NOTE: There were 36 observations read from the data set EMWS1.NEURAL_WEIGHTDS.
NOTE: The data set EMWS1.NEURAL_WEIGHTDS has 31 observations and 4 variables.
NOTE: DATA statement used (Total process time):
      real time           0.02 seconds
      cpu time            0.01 seconds
      

29314      proc sort data=EMWS1.Neural_WEIGHTDS nodupkey;
MPRINT(EM_DIAGRAM):   proc sort data=EMWS1.Neural_WEIGHTDS nodupkey;
29315      by _LABEL_;
MPRINT(EM_DIAGRAM):   by _LABEL_;
29316      run;
MPRINT(EM_DIAGRAM):   run;

NOTE: There were 31 observations read from the data set EMWS1.NEURAL_WEIGHTDS.
NOTE: 0 observations with duplicate key values were deleted.
NOTE: The data set EMWS1.NEURAL_WEIGHTDS has 31 observations and 4 variables.
NOTE: PROCEDURE SORT used (Total process time):
      real time           0.01 seconds
      cpu time            0.01 seconds
      

MPRINT(EM_DIAGRAM):    proc printto;
MPRINT(EM_DIAGRAM):   run;
