 
                                                                                                                                                                                                                                                                
 
 
Variable Summary

          Measurement    Frequency
 Role        Level         Count

INPUT      NOMINAL           3    
TARGET     INTERVAL          1    
 
                                                                                                                                                                                                                                                                
 
 
Predicted and decision variables

Type               Variable                       Label

TARGET       Sum_Labor_Force_Pop                                    
PREDICTED    P_Sum_Labor_Force_Pop    Predicted: Sum_Labor_Force_Pop
RESIDUAL     R_Sum_Labor_Force_Pop    Residual: Sum_Labor_Force_Pop 
 
                                                                                                                                                                                                                                                                
 
 

The NEURAL Procedure

Preliminary       Starting         Objective         Number
 Training          Random           Function           of        Terminating
    Run             Seed             Value         Iterations     Criteria

        1               12345    29134320096263           10                
        2           998823970    30972356464331           10                
        3           679865644    32785552659494           10                
        4          1042897464    36694157754922           10                
        5           335245709    21330495612917           10                
 
                                                                                                                                                                                                                                                                
 
 

The NEURAL Procedure

                         Optimization Start
                         Parameter Estimates
                                                            Gradient
                                                           Objective
  N Parameter                               Estimate        Function

  1 Age_group16to24_H11                    97.609231               0
  2 Age_group25to44_H11                   -54.053345               0
  3 Age_group45to64_H11                    64.492018               0
  4 G_Date0_H11                            72.559960               0
  5 G_Date1_H11                          -102.561873               0
  6 G_Date2_H11                            57.450223               0
  7 G_Date3_H11                            -0.069611               0
  8 G_Date4_H11                           -20.715549               0
  9 G_Date5_H11                            83.779366               0
 10 G_Date6_H11                          -137.813373               0
 11 G_Date7_H11                           -49.346151               0
 12 G_Date8_H11                           106.112365               0
 13 G_Date9_H11                           -82.240248               0
 14 G_Date10_H11                         -284.679765               0
 15 G_Date11_H11                          265.009396               0
 16 OPT_Population_01_low27749_913_H      -21.860396               0
 17 OPT_Population_02_27749_91340523       19.587712               0
 18 Age_group16to24_H12                   122.902974       -0.000181
 19 Age_group25to44_H12                   -38.445309       -0.000181
 20 Age_group45to64_H12                  -362.787353       -0.000181
 21 G_Date0_H12                            -8.090849               0
 22 G_Date1_H12                             0.017032               0
 23 G_Date2_H12                          -186.531159               0
 24 G_Date3_H12                             2.744272               0
 25 G_Date4_H12                             5.376315               0
 26 G_Date5_H12                            -5.779673               0
 27 G_Date6_H12                            -1.699055               0
 28 G_Date7_H12                            10.280083     0.000046997
 29 G_Date8_H12                           138.272375               0
 30 G_Date9_H12                            -9.702169               0
 31 G_Date10_H12                          -16.959293               0
 32 G_Date11_H12                           10.741450        0.000134
 33 _DUP                                 -302.319178        0.000181
 34 _DUP1                                -313.419032               0
 35 Age_group16to24_H13                     1.974020      -143600630
 36 Age_group25to44_H13                   -15.182347         1747699
 37 Age_group45to64_H13                    -8.086358      -552592996
 38 G_Date0_H13                             4.500246       350851592
 39 G_Date1_H13                             4.125756       359236918
 40 G_Date2_H13                             3.816717       204327197
 41 G_Date3_H13                             3.879383       499120027
 42 G_Date4_H13                            -4.159084       254229008
 43 G_Date5_H13                             3.777386      -405690763
 44 G_Date6_H13                             3.141357       239678050
 45 G_Date7_H13                            -4.326731       153533815
 46 G_Date8_H13                             3.056565       779586158
 47 G_Date9_H13                            -4.669782        58069945
 48 G_Date10_H13                           -4.708167       283731112
 49 G_Date11_H13                           -3.957146      1316542259
 50 _DUP2                                  -0.147730      1212106658
 51 _DUP3                                   0.315538      1902750210
 52 BIAS_H11                             -403.627491               0
 53 BIAS_H12                               -3.377210        0.000181
 54 BIAS_H13                                3.601810      -694445927
 55 H11_Sum_Labor_Force_Pop                  -127480          320120
 56 H12_Sum_Labor_Force_Pop                   161481        -1919665
 57 H13_Sum_Labor_Force_Pop                 -3522136         2365738
 58 BIAS_Sum_Labor_Force_Pop                 6740287         -320120

Value of Objective Function = 2.1330496E13

 
                                                                                                                                                                                                                                                                
 
 

The NEURAL Procedure

Levenberg-Marquardt Optimization


Minimum Iterations                                0
Maximum Iterations                               50
Maximum Function Calls                   2147483647
Maximum CPU Time                              14400
ABSGCONV Gradient Criterion                 0.00001
GCONV Gradient Criterion                       1E-8
GCONV2 Gradient Criterion                         0
ABSFCONV Function Criterion                       0
FCONV Function Criterion                     0.0001
FCONV2 Function Criterion                         0
FSIZE Parameter                                   0
ABSXCONV Parameter Change Criterion               0
XCONV Parameter Change Criterion                  0
XSIZE Parameter                                   0
ABSCONV Function Criterion              41659242543
Trust Region Initial Radius Factor                1
Singularity Tolerance (SINGULAR)               1E-8

Levenberg-Marquardt Optimization

Scaling Update of More (1978)

Parameter Estimates              58

                                             Optimization Start

Active Constraints                                  0  Objective Function                       2.1330496E13
Max Abs Gradient Element                   1902750210  Radius                                   3.1519014E15


                                                                                                         Ratio
                                                                                                       Between
                                                                                                        Actual
                                                                 Objective     Max Abs                     and
                     Function         Active        Objective     Function    Gradient               Predicted
Iter     Restarts       Calls    Constraints         Function       Change     Element     Lambda       Change

   1*           0           8              0       2.09429E13     3.876E11    2.412E12    0.00049        0.197
   2*           0          14              0       1.94878E13     1.455E12    1.094E11      10147        0.994
   3*           0          16              0       1.92987E13     1.891E11    1.602E11    4.603E7        18.18
   4*           0          19              0       1.91219E13     1.768E11    4.039E11    4.15E10        1.274
   5*           0          20              0       1.91016E13     2.026E10    3.971E10     373749        0.902
   6*           0          21              0       1.91004E13     1.2706E9    2.398E10     190438        0.871
   7*           0          22              0       1.91002E13     1.2001E8    3.0009E9      95361        0.887
   8*           0          23              0       1.91002E13     30372841    2.0833E9      47684        0.966
   9*           0          24              0       1.91001E13     62113397    2.6294E8      15912        0.999
  10*           0          25              0          1.91E13     1.2298E8    2.2804E8     7918.0        1.000
  11*           0          26              0       1.90998E13     2.4521E8    97653825     3965.1        1.000
  12*           0          27              0        1.9099E13     7.3297E8    2.3126E8     1323.2        1.000
  13*           0          28              0       1.90976E13     1.4628E9     4.359E8      659.7        1.000
  14*           0          29              0       1.90947E13     2.9255E9    8.7714E8      326.4        1.000
  15*           0          30              0        1.9086E13     8.6358E9    2.5702E9      107.3        1.000
  16*           0          31              0       1.90692E13     1.682E10     5.243E9     51.716        1.001
  17*           0          32              0       1.90374E13      3.18E10    1.065E10     23.927        1.001
  18*           0          33              0       1.89564E13       8.1E10    3.351E10      6.062        1.003
  19*           0          34              0       1.88538E13     1.026E11    7.178E10      1.301        1.008
  20*           0          35              0       1.87973E13     5.651E10     2.22E11      0.192        0.853
  21*           0          36              0       1.87903E13     6.9652E9    1.961E11     0.0122        0.232
  22*           0          37              0       1.87659E13     2.443E10    2.706E10    0.00305        0.937
  23*           0          38              0       1.87655E13     3.2087E8    8.5913E9     0.0122        1.095
  24*           0          39              0       1.87655E13     31239069    2.4383E9     0.0122        1.269
  25*           0          40              0       1.87655E13      4882463    1.2375E9    444E-16        1.372
  26*           0          41              0       1.87655E13       748764    4.3584E8     0.0122        1.356
  27*           0          42              0       1.87655E13       125265    1.9052E8    0.00076        1.383

                                            Optimization Results

Iterations                                         27  Function Calls                                     44
Jacobian Calls                                     29  Active Constraints                                  0
Objective Function                       1.8765502E13  Max Abs Gradient Element                 190524273.45
Lambda                                   0.0007629395  Actual Over Pred Change                  1.3830078835
Radius                                   123417003.11                                                       

Convergence criterion (GCONV=1E-8) satisfied.                                                     

NOTE: At least one element of the gradient is greater than 1e-3.

 
                                                                                                                                                                                                                                                                
 
 

The NEURAL Procedure

                        Optimization Results
                         Parameter Estimates
                                                            Gradient
                                                           Objective
  N Parameter                               Estimate        Function

  1 Age_group16to24_H11                    97.482515               0
  2 Age_group25to44_H11                   -54.053345               0
  3 Age_group45to64_H11                    64.492018               0
  4 G_Date0_H11                            72.559960               0
  5 G_Date1_H11                          -102.561873               0
  6 G_Date2_H11                            57.450223               0
  7 G_Date3_H11                            -0.069611               0
  8 G_Date4_H11                           -20.715549               0
  9 G_Date5_H11                            83.779366               0
 10 G_Date6_H11                          -137.813373               0
 11 G_Date7_H11                           -49.346151               0
 12 G_Date8_H11                           105.985649               0
 13 G_Date9_H11                           -82.240248               0
 14 G_Date10_H11                         -284.679765               0
 15 G_Date11_H11                          265.009396               0
 16 OPT_Population_01_low27749_913_H      -21.860396               0
 17 OPT_Population_02_27749_91340523       19.460996               0
 18 Age_group16to24_H12                 8.2427714E13               0
 19 Age_group25to44_H12                 8.2427714E13               0
 20 Age_group45to64_H12                 8.2427714E13               0
 21 G_Date0_H12                            -8.090849               0
 22 G_Date1_H12                             0.017032               0
 23 G_Date2_H12                          -186.531159               0
 24 G_Date3_H12                             2.744272               0
 25 G_Date4_H12                             5.376315               0
 26 G_Date5_H12                            -5.779673               0
 27 G_Date6_H12                            -1.699055               0
 28 G_Date7_H12                          -1.29415E14               0
 29 G_Date8_H12                           138.272375               0
 30 G_Date9_H12                            -9.702169               0
 31 G_Date10_H12                          -16.959293               0
 32 G_Date11_H12                         4.698733E13               0
 33 _DUP                                -8.242771E13               0
 34 _DUP1                                -313.419032               0
 35 Age_group16to24_H13                       -12755      -151527488
 36 Age_group25to44_H13                      -236523               0
 37 Age_group45to64_H13                       -12756       -38996785
 38 G_Date0_H13                             0.511243       -38523063
 39 G_Date1_H13                             0.286286       -74998360
 40 G_Date2_H13                             0.220098       -12713734
 41 G_Date3_H13                             0.128361       -86743476
 42 G_Date4_H13                            -0.098355       -10071205
 43 G_Date5_H13                             0.159214       -84094961
 44 G_Date6_H13                            -0.032959        -3065506
 45 G_Date7_H13                            -0.237975       -17820728
 46 G_Date8_H13                            -0.034490        -8742149
 47 G_Date9_H13                            -0.311376        -5283293
 48 G_Date10_H13                           -0.222918        -7499514
 49 G_Date11_H13                           -0.112716        -7014338
 50 _DUP2                                  -0.011274       -52356142
 51 _DUP3                                   0.130553       -67834656
 52 BIAS_H11                                  -22753               0
 53 BIAS_H12                            -8.242771E13               0
 54 BIAS_H13                                   12755      -190524273
 55 H11_Sum_Labor_Force_Pop                  -332746       -0.339820
 56 H12_Sum_Labor_Force_Pop                   171450       -1.372638
 57 H13_Sum_Labor_Force_Pop                 -5725977       -1.340668
 58 BIAS_Sum_Labor_Force_Pop                 6804778        0.339820

Value of Objective Function = 1.8765502E13

