MPRINT(EM_DIAGRAM):    data _null_;
MPRINT(EM_DIAGRAM):   call symput('NLDATE', strip(put(date(), NLDATE.)));
MPRINT(EM_DIAGRAM):   call symput('NLTIME', strip(put(datetime(), NLTIME.)));
MPRINT(EM_DIAGRAM):   run;
MPRINT(EM_DIAGRAM):   data _null_;
MPRINT(EM_DIAGRAM):   nldate= sasmsg("sashelp.dmine", "log_date_note", 'N', "December 09, 2019" );
MPRINT(EM_DIAGRAM):   nltime= sasmsg("sashelp.dmine", "log_time_note", 'N', "17:30:20" );
MPRINT(EM_DIAGRAM):   put "*------------------------------------------------------------*";
MPRINT(EM_DIAGRAM):   put "* Training Log";
MPRINT(EM_DIAGRAM):   put nldate;
MPRINT(EM_DIAGRAM):   put nltime;
MPRINT(EM_DIAGRAM):   put "*------------------------------------------------------------*";
MPRINT(EM_DIAGRAM):   run;
*------------------------------------------------------------*
* Training Log
Date:                December 09, 2019
Time:                17:30:20
*------------------------------------------------------------*
MPRINT(EM_DIAGRAM):    filename O314VXV3 "C:\Users\student\Desktop\AA490\Project\AA490_Project\Modeling\Labor Force Model\Workspaces\EMWS2\Score\EMTRAIN.out" encoding="UTF-8" NOBOM;
MPRINT(EM_DIAGRAM):   proc printto print=O314VXV3 new;
MPRINT(EM_DIAGRAM):   run;
MPRINT(EM_DIAGRAM):    filename _LOG "C:\Users\student\Desktop\AA490\Project\AA490_Project\Modeling\Labor Force Model\Workspaces\EMWS2\Score\EMLOG.log" encoding="UTF-8" NOBOM;
MPRINT(EM_DIAGRAM):    data _null_;
MPRINT(EM_DIAGRAM):   call symput('NLDATE', strip(put(date(), NLDATE.)));
MPRINT(EM_DIAGRAM):   call symput('NLTIME', strip(put(datetime(), NLTIME.)));
MPRINT(EM_DIAGRAM):   run;
MPRINT(EM_DIAGRAM):   data _null_;
MPRINT(EM_DIAGRAM):   nldate= sasmsg("sashelp.dmine", "log_date_note", 'N', "December 09, 2019" );
MPRINT(EM_DIAGRAM):   nltime= sasmsg("sashelp.dmine", "log_time_note", 'N', "17:30:20" );
MPRINT(EM_DIAGRAM):   file _LOG;
MPRINT(EM_DIAGRAM):   put "*------------------------------------------------------------*";
MPRINT(EM_DIAGRAM):   put "User:                student";
MPRINT(EM_DIAGRAM):   put nldate;
MPRINT(EM_DIAGRAM):   put nltime;
MPRINT(EM_DIAGRAM):   put "Site:                70082322";
MPRINT(EM_DIAGRAM):   put "Platform:            X64_10PRO";
MPRINT(EM_DIAGRAM):   put "Maintenance Release: 9.04.01M4P110916";
MPRINT(EM_DIAGRAM):   put "EM Version:          14.2";
MPRINT(EM_DIAGRAM):   put "* ";
MPRINT(EM_DIAGRAM):   run;
MPRINT(EM_DIAGRAM):    filename _LOGIN "C:\Users\student\Desktop\AA490\Project\AA490_Project\Modeling\Labor Force Model\Workspaces\EMWS2\Score\EMTRAIN.log" encoding="UTF-8" NOBOM;
MPRINT(EM_COPYFILE):   data _null_;
MPRINT(EM_COPYFILE):   length line $20000;
MPRINT(EM_COPYFILE):   file _LOG MOD lrecl=20000;
MPRINT(EM_COPYFILE):   fid=fopen("_LOGIN",'i',20000,'v');
MPRINT(EM_COPYFILE):   if fid > 0 then do;
MPRINT(EM_COPYFILE):   do while(^fread(fid));
MPRINT(EM_COPYFILE):   rlen = frlen(fid);
MPRINT(EM_COPYFILE):   rc= fget(fid,line,20000);
MPRINT(EM_COPYFILE):   start = length(line)-length(left(line))+1;
MPRINT(EM_COPYFILE):   line=strip(line);
MPRINT(EM_COPYFILE):   put @start line;
MPRINT(EM_COPYFILE):   end;
MPRINT(EM_COPYFILE):   if fid > 0 then rc=fclose(fid);
MPRINT(EM_COPYFILE):   end;
MPRINT(EM_COPYFILE):   run;
MPRINT(EM_DIAGRAM):  ;
MPRINT(EM_DIAGRAM):   filename _LOGIN;
MPRINT(EM_DIAGRAM):    data _null_;
MPRINT(EM_DIAGRAM):   file _LOG mod;
MPRINT(EM_DIAGRAM):   put _page_;
MPRINT(EM_DIAGRAM):   run;
MPRINT(EM_DIAGRAM):   filename _LOGIN "C:\Users\student\Desktop\AA490\Project\AA490_Project\Modeling\Labor Force Model\Workspaces\EMWS2\Score\EMSCORE.log" encoding="UTF-8" NOBOM;
MPRINT(EM_DIAGRAM):  ;
MPRINT(EM_DIAGRAM):   data _null_;
MPRINT(EM_DIAGRAM):   file _LOG mod;
MPRINT(EM_DIAGRAM):   put _page_;
MPRINT(EM_DIAGRAM):   run;
MPRINT(EM_DIAGRAM):    filename _LOGIN "C:\Users\student\Desktop\AA490\Project\AA490_Project\Modeling\Labor Force Model\Workspaces\EMWS2\Score\EMREPORT.log" encoding="UTF-8" NOBOM;
MPRINT(EM_DIAGRAM):  ;
MPRINT(EM_DIAGRAM):   filename _LOGIN;
MPRINT(EM_DIAGRAM):    filename _LOG;
MPRINT(EM_DIAGRAM):    filename _OUT "C:\Users\student\Desktop\AA490\Project\AA490_Project\Modeling\Labor Force Model\Workspaces\EMWS2\Score\EMOUTPUT.out" encoding="UTF-8" NOBOM;
MPRINT(EM_DIAGRAM):    data _null_;
MPRINT(EM_DIAGRAM):   call symput('NLDATE', strip(put(date(), NLDATE.)));
MPRINT(EM_DIAGRAM):   call symput('NLTIME', strip(put(datetime(), NLTIME.)));
MPRINT(EM_DIAGRAM):   run;
MPRINT(EM_DIAGRAM):   data _null_;
MPRINT(EM_DIAGRAM):   nldate= sasmsg("sashelp.dmine", "log_date_note", 'N', "December 09, 2019" );
MPRINT(EM_DIAGRAM):   nltime= sasmsg("sashelp.dmine", "log_time_note", 'N', "17:30:20" );
MPRINT(EM_DIAGRAM):   file _OUT;
MPRINT(EM_DIAGRAM):   put "*------------------------------------------------------------*";
MPRINT(EM_DIAGRAM):   put "User:                student";
MPRINT(EM_DIAGRAM):   put nldate;
MPRINT(EM_DIAGRAM):   put nltime;
MPRINT(EM_DIAGRAM):   put "*------------------------------------------------------------*";
MPRINT(EM_DIAGRAM):   put "* Training Output";
MPRINT(EM_DIAGRAM):   put "*------------------------------------------------------------*";
MPRINT(EM_DIAGRAM):   run;
MPRINT(EM_DIAGRAM):    filename _OUTIN "C:\Users\student\Desktop\AA490\Project\AA490_Project\Modeling\Labor Force Model\Workspaces\EMWS2\Score\EMTRAIN.out" encoding="UTF-8" NOBOM;
MPRINT(EM_DIAGRAM):   ;
MPRINT(EM_COPYFILE):   data _null_;
MPRINT(EM_COPYFILE):   length line $20000;
MPRINT(EM_COPYFILE):   file _OUT MOD lrecl=20000;
MPRINT(EM_COPYFILE):   fid=fopen("_OUTIN",'i',20000,'v');
MPRINT(EM_COPYFILE):   if fid > 0 then do;
MPRINT(EM_COPYFILE):   do while(^fread(fid));
MPRINT(EM_COPYFILE):   rlen = frlen(fid);
MPRINT(EM_COPYFILE):   rc= fget(fid,line,20000);
MPRINT(EM_COPYFILE):   start = length(line)-length(left(line))+1;
MPRINT(EM_COPYFILE):   line=strip(line);
MPRINT(EM_COPYFILE):   put @start line;
MPRINT(EM_COPYFILE):   end;
MPRINT(EM_COPYFILE):   if fid > 0 then rc=fclose(fid);
MPRINT(EM_COPYFILE):   end;
MPRINT(EM_COPYFILE):   run;
MPRINT(EM_DIAGRAM):  ;
MPRINT(EM_DIAGRAM):   filename _OUTIN;
MPRINT(EM_DIAGRAM):    data _null_;
MPRINT(EM_DIAGRAM):   file _OUT mod;
MPRINT(EM_DIAGRAM):   put _page_;
MPRINT(EM_DIAGRAM):   put // "*------------------------------------------------------------*";
MPRINT(EM_DIAGRAM):   put "* Score Output";
MPRINT(EM_DIAGRAM):   put "*------------------------------------------------------------*";
MPRINT(EM_DIAGRAM):   run;
MPRINT(EM_DIAGRAM):    filename _OUTIN "C:\Users\student\Desktop\AA490\Project\AA490_Project\Modeling\Labor Force Model\Workspaces\EMWS2\Score\EMSCORE.out" encoding="UTF-8" NOBOM;
MPRINT(EM_DIAGRAM):  ;
MPRINT(EM_DIAGRAM):   filename _OUTIN;
MPRINT(EM_DIAGRAM):    data _null_;
MPRINT(EM_DIAGRAM):   file _OUT mod;
MPRINT(EM_DIAGRAM):   put _page_;
MPRINT(EM_DIAGRAM):   put // "*------------------------------------------------------------*";
MPRINT(EM_DIAGRAM):   put "* Report Output";
MPRINT(EM_DIAGRAM):   put "*------------------------------------------------------------*";
MPRINT(EM_DIAGRAM):   run;
MPRINT(EM_DIAGRAM):    filename _OUTIN "C:\Users\student\Desktop\AA490\Project\AA490_Project\Modeling\Labor Force Model\Workspaces\EMWS2\Score\EMREPORT.out" encoding="UTF-8" NOBOM;
MPRINT(EM_DIAGRAM):  ;
MPRINT(EM_DIAGRAM):   filename _OUTIN;
MPRINT(EM_DIAGRAM):    filename _OUT;
MPRINT(EM_DIAGRAM):    filename _emtool_ 'C:\Users\student\Desktop\AA490\Project\AA490_Project\Modeling\Labor Force Model\Workspaces\EMWS2\Score\EMRUNSTATUS.xml' encoding="UTF-8" NOBOM;
50590      proc freq data=EMWS2.Score_VariableSet noprint;
MPRINT(EM_DIAGRAM):    proc freq data=EMWS2.Score_VariableSet noprint;
50591      table ROLE*LEVEL/out=WORK.ScoreMETA;
MPRINT(EM_DIAGRAM):   table ROLE*LEVEL/out=WORK.ScoreMETA;
50592      run;
MPRINT(EM_DIAGRAM):   run;

NOTE: There were 2 observations read from the data set EMWS2.SCORE_VARIABLESET.
NOTE: The data set WORK.SCOREMETA has 2 observations and 4 variables.
NOTE: PROCEDURE FREQ used (Total process time):
      real time           0.01 seconds
      cpu time            0.01 seconds
      

50593      proc print data=WORK.ScoreMETA label noobs;
MPRINT(EM_DIAGRAM):   proc print data=WORK.ScoreMETA label noobs;
50594      var ROLE LEVEL COUNT;
MPRINT(EM_DIAGRAM):   var ROLE LEVEL COUNT;
50595      label ROLE = "%sysfunc(sasmsg(sashelp.dmine, meta_role_vlabel, NOQUOTE))" LEVEL = "%sysfunc(sasmsg(sashelp.dmine, meta_level_vlabel, NOQUOTE))" COUNT = "%sysfunc(sasmsg(sashelp.dmine, rpt_count_vlabel, NOQUOTE))";
MPRINT(EM_DIAGRAM):   label ROLE = "Role" LEVEL = "Measurement Level" COUNT = "Frequency Count";
50596      title9 ' ';
MPRINT(EM_DIAGRAM):   title9 ' ';
50597      title10 "%sysfunc(sasmsg(sashelp.dmine, rpt_varSummary_title  , NOQUOTE))";
MPRINT(EM_DIAGRAM):   title10 "Variable Summary";
MPRINT(EM_DIAGRAM):   run;
50598      run;

NOTE: There were 2 observations read from the data set WORK.SCOREMETA.
NOTE: The PROCEDURE PRINT printed page 11.
NOTE: PROCEDURE PRINT used (Total process time):
      real time           0.01 seconds
      cpu time            0.01 seconds
      

50599      title10;
MPRINT(EM_DIAGRAM):   title10;
50600      %let groupid =;
50601      %let endGroupid =;
50602      %let prescoreid =;
50603      %let idsTable =;
50604      %let hpdmTable =;
50605      %let lasthptm =;
50606      data _null_;
MPRINT(EM_DIAGRAM):    data _null_;
50607      set EMWS2.Reg2_EMINFO;
MPRINT(EM_DIAGRAM):   set EMWS2.Reg2_EMINFO;
50608      where upcase(key) in('LASTHPTM', 'IDSTABLE', 'HPDMSAMPLE', 'PRESCORECODE','ENDGROUP', 'GROUPINFO', 'BOOSTINFO', 'BAGINFO', 'TARGETINFO', 'INDEXINFO');
MPRINT(EM_DIAGRAM):   where upcase(key) in('LASTHPTM', 'IDSTABLE', 'HPDMSAMPLE', 'PRESCORECODE','ENDGROUP', 'GROUPINFO', 'BOOSTINFO', 'BAGINFO', 'TARGETINFO', 'INDEXINFO');
50609      select(upcase(key));
MPRINT(EM_DIAGRAM):   select(upcase(key));
50610      when('LASTHPTM') call symput('lasthptm', DATA);
MPRINT(EM_DIAGRAM):   when('LASTHPTM') call symput('lasthptm', DATA);
50611      when('IDSTABLE') call symput('idsTable', DATA);
MPRINT(EM_DIAGRAM):   when('IDSTABLE') call symput('idsTable', DATA);
50612      when('HPDMSAMPLE') call symput('hpdmSample', DATA);
MPRINT(EM_DIAGRAM):   when('HPDMSAMPLE') call symput('hpdmSample', DATA);
50613      when('PRESCORECODE') call symput('prescoreId', DATA);
MPRINT(EM_DIAGRAM):   when('PRESCORECODE') call symput('prescoreId', DATA);
50614      when('ENDGROUP') call symput('endGroupId', DATA);
MPRINT(EM_DIAGRAM):   when('ENDGROUP') call symput('endGroupId', DATA);
50615      otherwise call symput('groupId', DATA);
MPRINT(EM_DIAGRAM):   otherwise call symput('groupId', DATA);
50616      end;
MPRINT(EM_DIAGRAM):   end;
50617      run;
MPRINT(EM_DIAGRAM):   run;

NOTE: There were 1 observations read from the data set EMWS2.REG2_EMINFO.
      WHERE UPCASE(key) in ('BAGINFO', 'BOOSTINFO', 'ENDGROUP', 'GROUPINFO', 'HPDMSAMPLE', 'IDSTABLE', 'INDEXINFO', 'LASTHPTM', 'PRESCORECODE', 'TARGETINFO');
NOTE: DATA statement used (Total process time):
      real time           0.00 seconds
      cpu time            0.00 seconds
      

50618      %let lastModelid =;
50619      data _null_;
MPRINT(EM_DIAGRAM):    data _null_;
50620      set EMWS2.Reg2_EMINFO;
MPRINT(EM_DIAGRAM):   set EMWS2.Reg2_EMINFO;
50621      where upcase(key) = 'MODEL' and TARGET = "LG10_Cases_in_1000s";
MPRINT(EM_DIAGRAM):   where upcase(key) = 'MODEL' and TARGET = "LG10_Cases_in_1000s";
50622      call symput('lastModelID', DATA);
MPRINT(EM_DIAGRAM):   call symput('lastModelID', DATA);
50623      run;
MPRINT(EM_DIAGRAM):   run;

NOTE: There were 0 observations read from the data set EMWS2.REG2_EMINFO.
      WHERE (UPCASE(key)='MODEL') and (TARGET='LG10_Cases_in_1000s');
NOTE: DATA statement used (Total process time):
      real time           0.00 seconds
      cpu time            0.00 seconds
      

Executing  SASHELP.EMCORE.EMINFOITERATOR.SCL _INIT >> 
Executing  SASHELP.EMCORE.EMINFOITERATOR.SCL setMetaData >> 
NOTE: There were 1 observations read from the data set EMWS2.REG2_EMINFO.
      WHERE (TARGET='Cases_in_1000s') and (KEY='MODEL');
NOTE: The data set WORK.EMINFO41EVT3E_ has 1 observations and 3 variables.
Executing  SASHELP.EMCORE.EMINFOITERATOR.SCL NUMELEMENTS >> 
Executing  SASHELP.EMCORE.EMINFOITERATOR.SCL _term >> 
Executing  SASHELP.EMCORE.EMINFOITERATOR.SCL _INIT >> 
Executing  SASHELP.EMCORE.EMINFOITERATOR.SCL setMetaData >> 
NOTE: There were 1 observations read from the data set EMWS2.REG2_EMINFO.
      WHERE (TARGET='Cases_in_1000s') and (KEY='DECMETA');
NOTE: The data set WORK.EMINFO40DCT_X1 has 1 observations and 3 variables.
Executing  SASHELP.EMCORE.EMINFOITERATOR.SCL next >> 
Executing  SASHELP.EMCORE.EMINFOITERATOR.SCL next >> 
Executing  SASHELP.EMCORE.EMINFOITERATOR.SCL _term >> 
50624      %let em_rootkey=;
50625      %let em_keytype=;
50626      %let em_keylen=;
50627      data _null_;
MPRINT(EM_DIAGRAM):    data _null_;
50628      set EMWS2.Ids2_cmeta_data;
MPRINT(EM_DIAGRAM):   set EMWS2.Ids2_cmeta_data;
50629      where role='KEY';
MPRINT(EM_DIAGRAM):   where role='KEY';
50630      call symput('em_rootkey', strip(NAME));
MPRINT(EM_DIAGRAM):   call symput('em_rootkey', strip(NAME));
50631      call symput('em_keytype', strip(TYPE));
MPRINT(EM_DIAGRAM):   call symput('em_keytype', strip(TYPE));
50632      call symput('em_rootlen', strip(put(length, best.)));
MPRINT(EM_DIAGRAM):   call symput('em_rootlen', strip(put(length, best.)));
50633      run;
MPRINT(EM_DIAGRAM):   run;

NOTE: There were 0 observations read from the data set EMWS2.IDS2_CMETA_DATA.
      WHERE role='KEY';
NOTE: DATA statement used (Total process time):
      real time           0.00 seconds
      cpu time            0.00 seconds
      

MPRINT(EM_DIAGRAM):    data EMWS2.Score_SCORE;
MPRINT(EM_DIAGRAM):   set EMWS2.Ids_DATA;
MPRINT(EM_DIAGRAM):   *------------------------------------------------------------*;
MPRINT(EM_DIAGRAM):   * EM SCORE CODE;
MPRINT(EM_DIAGRAM):   * EM Version: 14.2;
MPRINT(EM_DIAGRAM):   * SAS Release: 9.04.01M4P110916;
MPRINT(EM_DIAGRAM):   * Host: WINDOWS-MLD7D7P;
MPRINT(EM_DIAGRAM):   * Encoding: wlatin1;
MPRINT(EM_DIAGRAM):   * Locale: en_US;
MPRINT(EM_DIAGRAM):   * Project Path: C:\Users\student\Desktop\AA490\Project\AA490_Project\Modeling;
MPRINT(EM_DIAGRAM):   * Project Name: Labor Force Model;
MPRINT(EM_DIAGRAM):   * Diagram Id: EMWS2;
MPRINT(EM_DIAGRAM):   * Diagram Name: Disease;
MPRINT(EM_DIAGRAM):   * Generated by: student;
MPRINT(EM_DIAGRAM):   * Date: 09DEC2019:17:30:20;
MPRINT(EM_DIAGRAM):   *------------------------------------------------------------*;
MPRINT(EM_DIAGRAM):   *------------------------------------------------------------*;
MPRINT(EM_DIAGRAM):   * TOOL: Input Data Source;
MPRINT(EM_DIAGRAM):   * TYPE: SAMPLE;
MPRINT(EM_DIAGRAM):   * NODE: Ids2;
MPRINT(EM_DIAGRAM):   *------------------------------------------------------------*;
MPRINT(EM_DIAGRAM):   *------------------------------------------------------------*;
MPRINT(EM_DIAGRAM):   * TOOL: Statistics Exploration;
MPRINT(EM_DIAGRAM):   * TYPE: EXPLORE;
MPRINT(EM_DIAGRAM):   * NODE: Stat;
MPRINT(EM_DIAGRAM):   *------------------------------------------------------------*;
MPRINT(EM_DIAGRAM):   *------------------------------------------------------------*;
MPRINT(EM_DIAGRAM):   * TOOL: Partition Class;
MPRINT(EM_DIAGRAM):   * TYPE: SAMPLE;
MPRINT(EM_DIAGRAM):   * NODE: Part;
MPRINT(EM_DIAGRAM):   *------------------------------------------------------------*;
MPRINT(EM_DIAGRAM):   *------------------------------------------------------------*;
MPRINT(EM_DIAGRAM):   * TOOL: Transform;
MPRINT(EM_DIAGRAM):   * TYPE: MODIFY;
MPRINT(EM_DIAGRAM):   * NODE: Trans;
MPRINT(EM_DIAGRAM):   *------------------------------------------------------------*;
MPRINT(EM_DIAGRAM):   *------------------------------------------------------------*;
MPRINT(EM_DIAGRAM):   * TOOL: Regression;
MPRINT(EM_DIAGRAM):   * TYPE: MODEL;
MPRINT(EM_DIAGRAM):   * NODE: Reg2;
MPRINT(EM_DIAGRAM):   *------------------------------------------------------------*;
MPRINT(EM_DIAGRAM):   *************************************;
MPRINT(EM_DIAGRAM):   *** begin scoring code for regression;
MPRINT(EM_DIAGRAM):   *************************************;
MPRINT(EM_DIAGRAM):   length _WARN_ $4;
MPRINT(EM_DIAGRAM):   label _WARN_ = 'Warnings' ;
MPRINT(EM_DIAGRAM):   drop _DM_BAD;
MPRINT(EM_DIAGRAM):   _DM_BAD=0;
MPRINT(EM_DIAGRAM):   *** Check Population_in_thousands for missing values ;
MPRINT(EM_DIAGRAM):   if missing( Population_in_thousands ) then do;
MPRINT(EM_DIAGRAM):   substr(_warn_,1,1) = 'M';
MPRINT(EM_DIAGRAM):   _DM_BAD = 1;
MPRINT(EM_DIAGRAM):   end;
MPRINT(EM_DIAGRAM):   *** Generate dummy variables for Age_group ;
MPRINT(EM_DIAGRAM):   drop _0_0 _0_1 _0_2 _0_3 _0_4 ;
MPRINT(EM_DIAGRAM):   *** encoding is sparse, initialize to zero;
MPRINT(EM_DIAGRAM):   _0_0 = 0;
MPRINT(EM_DIAGRAM):   _0_1 = 0;
MPRINT(EM_DIAGRAM):   _0_2 = 0;
MPRINT(EM_DIAGRAM):   _0_3 = 0;
MPRINT(EM_DIAGRAM):   _0_4 = 0;
MPRINT(EM_DIAGRAM):   if missing( Age_group ) then do;
MPRINT(EM_DIAGRAM):   _0_0 = .;
MPRINT(EM_DIAGRAM):   _0_1 = .;
MPRINT(EM_DIAGRAM):   _0_2 = .;
MPRINT(EM_DIAGRAM):   _0_3 = .;
MPRINT(EM_DIAGRAM):   _0_4 = .;
MPRINT(EM_DIAGRAM):   substr(_warn_,1,1) = 'M';
MPRINT(EM_DIAGRAM):   _DM_BAD = 1;
MPRINT(EM_DIAGRAM):   end;
MPRINT(EM_DIAGRAM):   else do;
MPRINT(EM_DIAGRAM):   length _dm19 $ 19;
MPRINT(EM_DIAGRAM):   drop _dm19 ;
MPRINT(DMNORMCP):   _dm19=dmnorm(Age_group,
MPRINT(DMNORLEN):  32
MPRINT(DMNORMCP):  );
MPRINT(EM_DIAGRAM):   if _dm19 = '25-44' then do;
MPRINT(EM_DIAGRAM):   _0_2 = 1;
MPRINT(EM_DIAGRAM):   end;
MPRINT(EM_DIAGRAM):   else if _dm19 = '18-24' then do;
MPRINT(EM_DIAGRAM):   _0_1 = 1;
MPRINT(EM_DIAGRAM):   end;
MPRINT(EM_DIAGRAM):   else if _dm19 = '65-84' then do;
MPRINT(EM_DIAGRAM):   _0_4 = 1;
MPRINT(EM_DIAGRAM):   end;
MPRINT(EM_DIAGRAM):   else if _dm19 = '85+' then do;
MPRINT(EM_DIAGRAM):   _0_0 = -1;
MPRINT(EM_DIAGRAM):   _0_1 = -1;
MPRINT(EM_DIAGRAM):   _0_2 = -1;
MPRINT(EM_DIAGRAM):   _0_3 = -1;
MPRINT(EM_DIAGRAM):   _0_4 = -1;
MPRINT(EM_DIAGRAM):   end;
MPRINT(EM_DIAGRAM):   else if _dm19 = '45-64' then do;
MPRINT(EM_DIAGRAM):   _0_3 = 1;
MPRINT(EM_DIAGRAM):   end;
MPRINT(EM_DIAGRAM):   else if _dm19 = '0-17' then do;
MPRINT(EM_DIAGRAM):   _0_0 = 1;
MPRINT(EM_DIAGRAM):   end;
MPRINT(EM_DIAGRAM):   else do;
MPRINT(EM_DIAGRAM):   _0_0 = .;
MPRINT(EM_DIAGRAM):   _0_1 = .;
MPRINT(EM_DIAGRAM):   _0_2 = .;
MPRINT(EM_DIAGRAM):   _0_3 = .;
MPRINT(EM_DIAGRAM):   _0_4 = .;
MPRINT(EM_DIAGRAM):   substr(_warn_,2,1) = 'U';
MPRINT(EM_DIAGRAM):   _DM_BAD = 1;
MPRINT(EM_DIAGRAM):   end;
MPRINT(EM_DIAGRAM):   end;
MPRINT(EM_DIAGRAM):   *** Generate dummy variables for Disease ;
MPRINT(EM_DIAGRAM):   drop _1_0 _1_1 _1_2 _1_3 ;
MPRINT(EM_DIAGRAM):   *** encoding is sparse, initialize to zero;
MPRINT(EM_DIAGRAM):   _1_0 = 0;
MPRINT(EM_DIAGRAM):   _1_1 = 0;
MPRINT(EM_DIAGRAM):   _1_2 = 0;
MPRINT(EM_DIAGRAM):   _1_3 = 0;
MPRINT(EM_DIAGRAM):   if missing( Disease ) then do;
MPRINT(EM_DIAGRAM):   _1_0 = .;
MPRINT(EM_DIAGRAM):   _1_1 = .;
MPRINT(EM_DIAGRAM):   _1_2 = .;
MPRINT(EM_DIAGRAM):   _1_3 = .;
MPRINT(EM_DIAGRAM):   substr(_warn_,1,1) = 'M';
MPRINT(EM_DIAGRAM):   _DM_BAD = 1;
MPRINT(EM_DIAGRAM):   end;
MPRINT(EM_DIAGRAM):   else do;
MPRINT(EM_DIAGRAM):   length _dm32 $ 32;
MPRINT(EM_DIAGRAM):   drop _dm32 ;
MPRINT(DMNORMCP):   _dm32=dmnorm(Disease,
MPRINT(DMNORLEN):  32
MPRINT(DMNORMCP):  );
MPRINT(EM_DIAGRAM):   if _dm32 = 'DEMENTIA AND ALZHEIMER''S DISEASE' then do;
MPRINT(EM_DIAGRAM):   _1_2 = 1;
MPRINT(EM_DIAGRAM):   end;
MPRINT(EM_DIAGRAM):   else if _dm32 = 'SEPTICEMIA' then do;
MPRINT(EM_DIAGRAM):   _1_0 = -1;
MPRINT(EM_DIAGRAM):   _1_1 = -1;
MPRINT(EM_DIAGRAM):   _1_2 = -1;
MPRINT(EM_DIAGRAM):   _1_3 = -1;
MPRINT(EM_DIAGRAM):   end;
MPRINT(EM_DIAGRAM):   else if _dm32 = 'CANCER, ALL' then do;
MPRINT(EM_DIAGRAM):   _1_1 = 1;
MPRINT(EM_DIAGRAM):   end;
MPRINT(EM_DIAGRAM):   else if _dm32 = 'ASTHMA' then do;
MPRINT(EM_DIAGRAM):   _1_0 = 1;
MPRINT(EM_DIAGRAM):   end;
MPRINT(EM_DIAGRAM):   else if _dm32 = 'OSTEOARTHRITIS' then do;
MPRINT(EM_DIAGRAM):   _1_3 = 1;
MPRINT(EM_DIAGRAM):   end;
MPRINT(EM_DIAGRAM):   else do;
MPRINT(EM_DIAGRAM):   _1_0 = .;
MPRINT(EM_DIAGRAM):   _1_1 = .;
MPRINT(EM_DIAGRAM):   _1_2 = .;
MPRINT(EM_DIAGRAM):   _1_3 = .;
MPRINT(EM_DIAGRAM):   substr(_warn_,2,1) = 'U';
MPRINT(EM_DIAGRAM):   _DM_BAD = 1;
MPRINT(EM_DIAGRAM):   end;
MPRINT(EM_DIAGRAM):   end;
MPRINT(EM_DIAGRAM):   *** Generate dummy variables for Gender ;
MPRINT(EM_DIAGRAM):   drop _2_0 ;
MPRINT(EM_DIAGRAM):   if missing( Gender ) then do;
MPRINT(EM_DIAGRAM):   _2_0 = .;
MPRINT(EM_DIAGRAM):   substr(_warn_,1,1) = 'M';
MPRINT(EM_DIAGRAM):   _DM_BAD = 1;
MPRINT(EM_DIAGRAM):   end;
MPRINT(EM_DIAGRAM):   else do;
MPRINT(EM_DIAGRAM):   length _dm10 $ 10;
MPRINT(EM_DIAGRAM):   drop _dm10 ;
MPRINT(EM_DIAGRAM):   _dm10 = put( Gender , $CHAR10. );
MPRINT(DMNORMIP):   call dmnorm(_dm10,
MPRINT(DMNORLEN):  32
MPRINT(DMNORMIP):  );
MPRINT(EM_DIAGRAM):   if _dm10 = 'FEMALE' then do;
MPRINT(EM_DIAGRAM):   _2_0 = 1;
MPRINT(EM_DIAGRAM):   end;
MPRINT(EM_DIAGRAM):   else if _dm10 = 'MALE' then do;
MPRINT(EM_DIAGRAM):   _2_0 = -1;
MPRINT(EM_DIAGRAM):   end;
MPRINT(EM_DIAGRAM):   else do;
MPRINT(EM_DIAGRAM):   _2_0 = .;
MPRINT(EM_DIAGRAM):   substr(_warn_,2,1) = 'U';
MPRINT(EM_DIAGRAM):   _DM_BAD = 1;
MPRINT(EM_DIAGRAM):   end;
MPRINT(EM_DIAGRAM):   end;
MPRINT(EM_DIAGRAM):   *** If missing inputs, use averages;
MPRINT(EM_DIAGRAM):   if _DM_BAD > 0 then do;
MPRINT(EM_DIAGRAM):   _LP0 = 46.0689655172413;
MPRINT(EM_DIAGRAM):   goto REG2DR1;
MPRINT(EM_DIAGRAM):   end;
MPRINT(EM_DIAGRAM):   *** Compute Linear Predictor;
MPRINT(EM_DIAGRAM):   drop _TEMP;
MPRINT(EM_DIAGRAM):   drop _LP0;
MPRINT(EM_DIAGRAM):   _LP0 = 0;
MPRINT(EM_DIAGRAM):   *** Effect: Age_group ;
MPRINT(EM_DIAGRAM):   _TEMP = 1;
MPRINT(EM_DIAGRAM):   _LP0 = _LP0 + ( -66.5645885599173) * _TEMP * _0_0;
MPRINT(EM_DIAGRAM):   _LP0 = _LP0 + ( -17.194587418335) * _TEMP * _0_1;
MPRINT(EM_DIAGRAM):   _LP0 = _LP0 + ( -75.2320473175871) * _TEMP * _0_2;
MPRINT(EM_DIAGRAM):   _LP0 = _LP0 + ( 16.8608002902338) * _TEMP * _0_3;
MPRINT(EM_DIAGRAM):   _LP0 = _LP0 + ( 104.897572499115) * _TEMP * _0_4;
MPRINT(EM_DIAGRAM):   *** Effect: Disease ;
MPRINT(EM_DIAGRAM):   _TEMP = 1;
MPRINT(EM_DIAGRAM):   _LP0 = _LP0 + ( -8.98056702801211) * _TEMP * _1_0;
MPRINT(EM_DIAGRAM):   _LP0 = _LP0 + ( 58.6325553350135) * _TEMP * _1_1;
MPRINT(EM_DIAGRAM):   _LP0 = _LP0 + ( -40.9989660116518) * _TEMP * _1_2;
MPRINT(EM_DIAGRAM):   _LP0 = _LP0 + ( 7.32668403941003) * _TEMP * _1_3;
MPRINT(EM_DIAGRAM):   *** Effect: Gender ;
MPRINT(EM_DIAGRAM):   _TEMP = 1;
MPRINT(EM_DIAGRAM):   _LP0 = _LP0 + ( 3.32037203360082) * _TEMP * _2_0;
MPRINT(EM_DIAGRAM):   *** Effect: Population_in_thousands ;
MPRINT(EM_DIAGRAM):   _TEMP = Population_in_thousands ;
MPRINT(EM_DIAGRAM):   _LP0 = _LP0 + ( 0.00292066934032 * _TEMP);
MPRINT(EM_DIAGRAM):   *** Effect: Age_group*Disease ;
MPRINT(EM_DIAGRAM):   _TEMP = 1;
MPRINT(EM_DIAGRAM):   _LP0 = _LP0 + ( 80.6002480602313) * _TEMP * _0_0 * _1_0;
MPRINT(EM_DIAGRAM):   _LP0 = _LP0 + ( -66.9383119038907) * _TEMP * _0_0 * _1_1;
MPRINT(EM_DIAGRAM):   _LP0 = _LP0 + ( 17.8962836331807) * _TEMP * _0_0 * _1_2;
MPRINT(EM_DIAGRAM):   _LP0 = _LP0 + ( -31.181334075135) * _TEMP * _0_0 * _1_3;
MPRINT(EM_DIAGRAM):   _LP0 = _LP0 + ( 14.0333968933536) * _TEMP * _0_1 * _1_0;
MPRINT(EM_DIAGRAM):   _LP0 = _LP0 + ( -55.6196532646358) * _TEMP * _0_1 * _1_1;
MPRINT(EM_DIAGRAM):   _LP0 = _LP0 + ( 38.2440606963166) * _TEMP * _0_1 * _1_2;
MPRINT(EM_DIAGRAM):   _LP0 = _LP0 + ( -10.5320592454678) * _TEMP * _0_1 * _1_3;
MPRINT(EM_DIAGRAM):   _LP0 = _LP0 + ( 27.177766378298) * _TEMP * _0_2 * _1_0;
MPRINT(EM_DIAGRAM):   _LP0 = _LP0 + ( -23.6940585111808) * _TEMP * _0_2 * _1_1;
MPRINT(EM_DIAGRAM):   _LP0 = _LP0 + ( 13.0674707746462) * _TEMP * _0_2 * _1_2;
MPRINT(EM_DIAGRAM):   _LP0 = _LP0 + ( -16.9275634674651) * _TEMP * _0_2 * _1_3;
MPRINT(EM_DIAGRAM):   _LP0 = _LP0 + ( -30.761581882029) * _TEMP * _0_3 * _1_0;
MPRINT(EM_DIAGRAM):   _LP0 = _LP0 + ( 83.1020908205616) * _TEMP * _0_3 * _1_1;
MPRINT(EM_DIAGRAM):   _LP0 = _LP0 + ( -46.686744949509) * _TEMP * _0_3 * _1_2;
MPRINT(EM_DIAGRAM):   _LP0 = _LP0 + ( 23.5387872514758) * _TEMP * _0_3 * _1_3;
MPRINT(EM_DIAGRAM):   _LP0 = _LP0 + ( -84.1948351512797) * _TEMP * _0_4 * _1_0;
MPRINT(EM_DIAGRAM):   _LP0 = _LP0 + ( 103.389783324423) * _TEMP * _0_4 * _1_1;
MPRINT(EM_DIAGRAM):   _LP0 = _LP0 + ( -57.6241637126923) * _TEMP * _0_4 * _1_2;
MPRINT(EM_DIAGRAM):   _LP0 = _LP0 + ( 52.6796051098899) * _TEMP * _0_4 * _1_3;
MPRINT(EM_DIAGRAM):   *** Effect: Age_group*Gender ;
MPRINT(EM_DIAGRAM):   _TEMP = 1;
MPRINT(EM_DIAGRAM):   _LP0 = _LP0 + ( -4.39796651497357) * _TEMP * _0_0 * _2_0;
MPRINT(EM_DIAGRAM):   _LP0 = _LP0 + ( -1.9018038527319) * _TEMP * _0_1 * _2_0;
MPRINT(EM_DIAGRAM):   _LP0 = _LP0 + ( 6.09902255224133) * _TEMP * _0_2 * _2_0;
MPRINT(EM_DIAGRAM):   _LP0 = _LP0 + ( 0.36606314184135) * _TEMP * _0_3 * _2_0;
MPRINT(EM_DIAGRAM):   _LP0 = _LP0 + ( -1.59053643126356) * _TEMP * _0_4 * _2_0;
MPRINT(EM_DIAGRAM):   *** Effect: Disease*Gender ;
MPRINT(EM_DIAGRAM):   _TEMP = 1;
MPRINT(EM_DIAGRAM):   _LP0 = _LP0 + ( 4.71580923131379) * _TEMP * _1_0 * _2_0;
MPRINT(EM_DIAGRAM):   _LP0 = _LP0 + ( 0.50826261458912) * _TEMP * _1_1 * _2_0;
MPRINT(EM_DIAGRAM):   _LP0 = _LP0 + ( -3.94861425218476) * _TEMP * _1_2 * _2_0;
MPRINT(EM_DIAGRAM):   _LP0 = _LP0 + ( 0.97574445780895) * _TEMP * _1_3 * _2_0;
MPRINT(EM_DIAGRAM):   *--- Intercept ---*;
MPRINT(EM_DIAGRAM):   _LP0 = _LP0 + ( -19.884267014024);
MPRINT(EM_DIAGRAM):   REG2DR1: *** Predicted Value;
MPRINT(EM_DIAGRAM):   label P_Cases_in_1000s = 'Predicted: Cases_in_1000s' ;
MPRINT(EM_DIAGRAM):   P_Cases_in_1000s = _LP0;
MPRINT(EM_DIAGRAM):   *************************************;
MPRINT(EM_DIAGRAM):   ***** end scoring code for regression;
MPRINT(EM_DIAGRAM):   *************************************;
MPRINT(EM_DIAGRAM):   *------------------------------------------------------------*;
MPRINT(EM_DIAGRAM):   * TOOL: Model Compare Class;
MPRINT(EM_DIAGRAM):   * TYPE: ASSESS;
MPRINT(EM_DIAGRAM):   * NODE: MdlComp;
MPRINT(EM_DIAGRAM):   *------------------------------------------------------------*;
MPRINT(EM_DIAGRAM):   if (P_Cases_in_1000s ge 248.988598845476) then do;
MPRINT(EM_DIAGRAM):   b_Cases_in_1000s = 1;
MPRINT(EM_DIAGRAM):   end;
MPRINT(EM_DIAGRAM):   else if (P_Cases_in_1000s ge 138.588391611049) then do;
MPRINT(EM_DIAGRAM):   b_Cases_in_1000s = 2;
MPRINT(EM_DIAGRAM):   end;
MPRINT(EM_DIAGRAM):   else if (P_Cases_in_1000s ge 98.2205926537502) then do;
MPRINT(EM_DIAGRAM):   b_Cases_in_1000s = 3;
MPRINT(EM_DIAGRAM):   end;
MPRINT(EM_DIAGRAM):   else if (P_Cases_in_1000s ge 72.4533417364895) then do;
MPRINT(EM_DIAGRAM):   b_Cases_in_1000s = 4;
MPRINT(EM_DIAGRAM):   end;
MPRINT(EM_DIAGRAM):   else if (P_Cases_in_1000s ge 53.3192196934063) then do;
MPRINT(EM_DIAGRAM):   b_Cases_in_1000s = 5;
MPRINT(EM_DIAGRAM):   end;
MPRINT(EM_DIAGRAM):   else if (P_Cases_in_1000s ge 49.5140976874644) then do;
MPRINT(EM_DIAGRAM):   b_Cases_in_1000s = 6;
MPRINT(EM_DIAGRAM):   end;
MPRINT(EM_DIAGRAM):   else if (P_Cases_in_1000s ge 39.8600273843538) then do;
MPRINT(EM_DIAGRAM):   b_Cases_in_1000s = 7;
MPRINT(EM_DIAGRAM):   end;
MPRINT(EM_DIAGRAM):   else if (P_Cases_in_1000s ge 33.1388123004423) then do;
MPRINT(EM_DIAGRAM):   b_Cases_in_1000s = 8;
MPRINT(EM_DIAGRAM):   end;
MPRINT(EM_DIAGRAM):   else if (P_Cases_in_1000s ge 28.9554598757038) then do;
MPRINT(EM_DIAGRAM):   b_Cases_in_1000s = 9;
MPRINT(EM_DIAGRAM):   end;
MPRINT(EM_DIAGRAM):   else if (P_Cases_in_1000s ge 21.9170580907829) then do;
MPRINT(EM_DIAGRAM):   b_Cases_in_1000s = 10;
MPRINT(EM_DIAGRAM):   end;
MPRINT(EM_DIAGRAM):   else if (P_Cases_in_1000s ge 19.0472054759348) then do;
MPRINT(EM_DIAGRAM):   b_Cases_in_1000s = 11;
MPRINT(EM_DIAGRAM):   end;
MPRINT(EM_DIAGRAM):   else if (P_Cases_in_1000s ge 15.3024653434042) then do;
MPRINT(EM_DIAGRAM):   b_Cases_in_1000s = 12;
MPRINT(EM_DIAGRAM):   end;
MPRINT(EM_DIAGRAM):   else if (P_Cases_in_1000s ge 9.8032800325582) then do;
MPRINT(EM_DIAGRAM):   b_Cases_in_1000s = 13;
MPRINT(EM_DIAGRAM):   end;
MPRINT(EM_DIAGRAM):   else if (P_Cases_in_1000s ge 5.82012920885717) then do;
MPRINT(EM_DIAGRAM):   b_Cases_in_1000s = 14;
MPRINT(EM_DIAGRAM):   end;
MPRINT(EM_DIAGRAM):   else if (P_Cases_in_1000s ge 4.4813771267376) then do;
MPRINT(EM_DIAGRAM):   b_Cases_in_1000s = 15;
MPRINT(EM_DIAGRAM):   end;
MPRINT(EM_DIAGRAM):   else if (P_Cases_in_1000s ge 2.57051412195488) then do;
MPRINT(EM_DIAGRAM):   b_Cases_in_1000s = 16;
MPRINT(EM_DIAGRAM):   end;
MPRINT(EM_DIAGRAM):   else if (P_Cases_in_1000s ge 0.56694166723335) then do;
MPRINT(EM_DIAGRAM):   b_Cases_in_1000s = 17;
MPRINT(EM_DIAGRAM):   end;
MPRINT(EM_DIAGRAM):   else if (P_Cases_in_1000s ge -2.88114486560934) then do;
MPRINT(EM_DIAGRAM):   b_Cases_in_1000s = 18;
MPRINT(EM_DIAGRAM):   end;
MPRINT(EM_DIAGRAM):   else if (P_Cases_in_1000s ge -5.63510505727103) then do;
MPRINT(EM_DIAGRAM):   b_Cases_in_1000s = 19;
MPRINT(EM_DIAGRAM):   end;
MPRINT(EM_DIAGRAM):   else do;
MPRINT(EM_DIAGRAM):   b_Cases_in_1000s = 20;
MPRINT(EM_DIAGRAM):   end;
MPRINT(EM_DIAGRAM):   *------------------------------------------------------------*;
MPRINT(EM_DIAGRAM):   * TOOL: Score Node;
MPRINT(EM_DIAGRAM):   * TYPE: ASSESS;
MPRINT(EM_DIAGRAM):   * NODE: Score;
MPRINT(EM_DIAGRAM):   *------------------------------------------------------------*;
MPRINT(EM_DIAGRAM):   *------------------------------------------------------------*;
MPRINT(EM_DIAGRAM):   * Score: Creating Fixed Names;
MPRINT(EM_DIAGRAM):   *------------------------------------------------------------*;
MPRINT(EM_DIAGRAM):   LABEL EM_SEGMENT = 'Segment';
MPRINT(EM_DIAGRAM):   EM_SEGMENT = b_Cases_in_1000s;
MPRINT(EM_DIAGRAM):   LABEL EM_PREDICTION= "Prediction for Cases_in_1000s";
MPRINT(EM_DIAGRAM):   EM_PREDICTION = P_Cases_in_1000s;
MPRINT(EM_DIAGRAM):   run;
MPRINT(EM_DIAGRAM):    data EMWS2.Score_VALIDATE;
MPRINT(EM_DIAGRAM):   set EMWS2.MdlComp_VALIDATE;
MPRINT(EM_DIAGRAM):   *------------------------------------------------------------*;
MPRINT(EM_DIAGRAM):   * EM SCORE CODE;
MPRINT(EM_DIAGRAM):   * EM Version: 14.2;
MPRINT(EM_DIAGRAM):   * SAS Release: 9.04.01M4P110916;
MPRINT(EM_DIAGRAM):   * Host: WINDOWS-MLD7D7P;
MPRINT(EM_DIAGRAM):   * Encoding: wlatin1;
MPRINT(EM_DIAGRAM):   * Locale: en_US;
MPRINT(EM_DIAGRAM):   * Project Path: C:\Users\student\Desktop\AA490\Project\AA490_Project\Modeling;
MPRINT(EM_DIAGRAM):   * Project Name: Labor Force Model;
MPRINT(EM_DIAGRAM):   * Diagram Id: EMWS2;
MPRINT(EM_DIAGRAM):   * Diagram Name: Disease;
MPRINT(EM_DIAGRAM):   * Generated by: student;
MPRINT(EM_DIAGRAM):   * Date: 09DEC2019:17:30:20;
MPRINT(EM_DIAGRAM):   *------------------------------------------------------------*;
MPRINT(EM_DIAGRAM):   *------------------------------------------------------------*;
MPRINT(EM_DIAGRAM):   * TOOL: Input Data Source;
MPRINT(EM_DIAGRAM):   * TYPE: SAMPLE;
MPRINT(EM_DIAGRAM):   * NODE: Ids2;
MPRINT(EM_DIAGRAM):   *------------------------------------------------------------*;
MPRINT(EM_DIAGRAM):   *------------------------------------------------------------*;
MPRINT(EM_DIAGRAM):   * TOOL: Statistics Exploration;
MPRINT(EM_DIAGRAM):   * TYPE: EXPLORE;
MPRINT(EM_DIAGRAM):   * NODE: Stat;
MPRINT(EM_DIAGRAM):   *------------------------------------------------------------*;
MPRINT(EM_DIAGRAM):   *------------------------------------------------------------*;
MPRINT(EM_DIAGRAM):   * TOOL: Partition Class;
MPRINT(EM_DIAGRAM):   * TYPE: SAMPLE;
MPRINT(EM_DIAGRAM):   * NODE: Part;
MPRINT(EM_DIAGRAM):   *------------------------------------------------------------*;
MPRINT(EM_DIAGRAM):   *------------------------------------------------------------*;
MPRINT(EM_DIAGRAM):   * TOOL: Transform;
MPRINT(EM_DIAGRAM):   * TYPE: MODIFY;
MPRINT(EM_DIAGRAM):   * NODE: Trans;
MPRINT(EM_DIAGRAM):   *------------------------------------------------------------*;
MPRINT(EM_DIAGRAM):   *------------------------------------------------------------*;
MPRINT(EM_DIAGRAM):   * TOOL: Regression;
MPRINT(EM_DIAGRAM):   * TYPE: MODEL;
MPRINT(EM_DIAGRAM):   * NODE: Reg2;
MPRINT(EM_DIAGRAM):   *------------------------------------------------------------*;
MPRINT(EM_DIAGRAM):   *************************************;
MPRINT(EM_DIAGRAM):   *** begin scoring code for regression;
MPRINT(EM_DIAGRAM):   *************************************;
MPRINT(EM_DIAGRAM):   length _WARN_ $4;
MPRINT(EM_DIAGRAM):   label _WARN_ = 'Warnings' ;
MPRINT(EM_DIAGRAM):   drop _Y;
MPRINT(EM_DIAGRAM):   _Y = Cases_in_1000s ;
MPRINT(EM_DIAGRAM):   drop _DM_BAD;
MPRINT(EM_DIAGRAM):   _DM_BAD=0;
MPRINT(EM_DIAGRAM):   *** Check Population_in_thousands for missing values ;
MPRINT(EM_DIAGRAM):   if missing( Population_in_thousands ) then do;
MPRINT(EM_DIAGRAM):   substr(_warn_,1,1) = 'M';
MPRINT(EM_DIAGRAM):   _DM_BAD = 1;
MPRINT(EM_DIAGRAM):   end;
MPRINT(EM_DIAGRAM):   *** Generate dummy variables for Age_group ;
MPRINT(EM_DIAGRAM):   drop _0_0 _0_1 _0_2 _0_3 _0_4 ;
MPRINT(EM_DIAGRAM):   *** encoding is sparse, initialize to zero;
MPRINT(EM_DIAGRAM):   _0_0 = 0;
MPRINT(EM_DIAGRAM):   _0_1 = 0;
MPRINT(EM_DIAGRAM):   _0_2 = 0;
MPRINT(EM_DIAGRAM):   _0_3 = 0;
MPRINT(EM_DIAGRAM):   _0_4 = 0;
MPRINT(EM_DIAGRAM):   if missing( Age_group ) then do;
MPRINT(EM_DIAGRAM):   _0_0 = .;
MPRINT(EM_DIAGRAM):   _0_1 = .;
MPRINT(EM_DIAGRAM):   _0_2 = .;
MPRINT(EM_DIAGRAM):   _0_3 = .;
MPRINT(EM_DIAGRAM):   _0_4 = .;
MPRINT(EM_DIAGRAM):   substr(_warn_,1,1) = 'M';
MPRINT(EM_DIAGRAM):   _DM_BAD = 1;
MPRINT(EM_DIAGRAM):   end;
MPRINT(EM_DIAGRAM):   else do;
MPRINT(EM_DIAGRAM):   length _dm19 $ 19;
MPRINT(EM_DIAGRAM):   drop _dm19 ;
MPRINT(DMNORMCP):   _dm19=dmnorm(Age_group,
MPRINT(DMNORLEN):  32
MPRINT(DMNORMCP):  );
MPRINT(EM_DIAGRAM):   if _dm19 = '25-44' then do;
MPRINT(EM_DIAGRAM):   _0_2 = 1;
MPRINT(EM_DIAGRAM):   end;
MPRINT(EM_DIAGRAM):   else if _dm19 = '18-24' then do;
MPRINT(EM_DIAGRAM):   _0_1 = 1;
MPRINT(EM_DIAGRAM):   end;
MPRINT(EM_DIAGRAM):   else if _dm19 = '65-84' then do;
MPRINT(EM_DIAGRAM):   _0_4 = 1;
MPRINT(EM_DIAGRAM):   end;
MPRINT(EM_DIAGRAM):   else if _dm19 = '85+' then do;
MPRINT(EM_DIAGRAM):   _0_0 = -1;
MPRINT(EM_DIAGRAM):   _0_1 = -1;
MPRINT(EM_DIAGRAM):   _0_2 = -1;
MPRINT(EM_DIAGRAM):   _0_3 = -1;
MPRINT(EM_DIAGRAM):   _0_4 = -1;
MPRINT(EM_DIAGRAM):   end;
MPRINT(EM_DIAGRAM):   else if _dm19 = '45-64' then do;
MPRINT(EM_DIAGRAM):   _0_3 = 1;
MPRINT(EM_DIAGRAM):   end;
MPRINT(EM_DIAGRAM):   else if _dm19 = '0-17' then do;
MPRINT(EM_DIAGRAM):   _0_0 = 1;
MPRINT(EM_DIAGRAM):   end;
MPRINT(EM_DIAGRAM):   else do;
MPRINT(EM_DIAGRAM):   _0_0 = .;
MPRINT(EM_DIAGRAM):   _0_1 = .;
MPRINT(EM_DIAGRAM):   _0_2 = .;
MPRINT(EM_DIAGRAM):   _0_3 = .;
MPRINT(EM_DIAGRAM):   _0_4 = .;
MPRINT(EM_DIAGRAM):   substr(_warn_,2,1) = 'U';
MPRINT(EM_DIAGRAM):   _DM_BAD = 1;
MPRINT(EM_DIAGRAM):   end;
MPRINT(EM_DIAGRAM):   end;
MPRINT(EM_DIAGRAM):   *** Generate dummy variables for Disease ;
MPRINT(EM_DIAGRAM):   drop _1_0 _1_1 _1_2 _1_3 ;
MPRINT(EM_DIAGRAM):   *** encoding is sparse, initialize to zero;
MPRINT(EM_DIAGRAM):   _1_0 = 0;
MPRINT(EM_DIAGRAM):   _1_1 = 0;
MPRINT(EM_DIAGRAM):   _1_2 = 0;
MPRINT(EM_DIAGRAM):   _1_3 = 0;
MPRINT(EM_DIAGRAM):   if missing( Disease ) then do;
MPRINT(EM_DIAGRAM):   _1_0 = .;
MPRINT(EM_DIAGRAM):   _1_1 = .;
MPRINT(EM_DIAGRAM):   _1_2 = .;
MPRINT(EM_DIAGRAM):   _1_3 = .;
MPRINT(EM_DIAGRAM):   substr(_warn_,1,1) = 'M';
MPRINT(EM_DIAGRAM):   _DM_BAD = 1;
MPRINT(EM_DIAGRAM):   end;
MPRINT(EM_DIAGRAM):   else do;
MPRINT(EM_DIAGRAM):   length _dm32 $ 32;
MPRINT(EM_DIAGRAM):   drop _dm32 ;
MPRINT(DMNORMCP):   _dm32=dmnorm(Disease,
MPRINT(DMNORLEN):  32
MPRINT(DMNORMCP):  );
MPRINT(EM_DIAGRAM):   if _dm32 = 'DEMENTIA AND ALZHEIMER''S DISEASE' then do;
MPRINT(EM_DIAGRAM):   _1_2 = 1;
MPRINT(EM_DIAGRAM):   end;
MPRINT(EM_DIAGRAM):   else if _dm32 = 'SEPTICEMIA' then do;
MPRINT(EM_DIAGRAM):   _1_0 = -1;
MPRINT(EM_DIAGRAM):   _1_1 = -1;
MPRINT(EM_DIAGRAM):   _1_2 = -1;
MPRINT(EM_DIAGRAM):   _1_3 = -1;
MPRINT(EM_DIAGRAM):   end;
MPRINT(EM_DIAGRAM):   else if _dm32 = 'CANCER, ALL' then do;
MPRINT(EM_DIAGRAM):   _1_1 = 1;
MPRINT(EM_DIAGRAM):   end;
MPRINT(EM_DIAGRAM):   else if _dm32 = 'ASTHMA' then do;
MPRINT(EM_DIAGRAM):   _1_0 = 1;
MPRINT(EM_DIAGRAM):   end;
MPRINT(EM_DIAGRAM):   else if _dm32 = 'OSTEOARTHRITIS' then do;
MPRINT(EM_DIAGRAM):   _1_3 = 1;
MPRINT(EM_DIAGRAM):   end;
MPRINT(EM_DIAGRAM):   else do;
MPRINT(EM_DIAGRAM):   _1_0 = .;
MPRINT(EM_DIAGRAM):   _1_1 = .;
MPRINT(EM_DIAGRAM):   _1_2 = .;
MPRINT(EM_DIAGRAM):   _1_3 = .;
MPRINT(EM_DIAGRAM):   substr(_warn_,2,1) = 'U';
MPRINT(EM_DIAGRAM):   _DM_BAD = 1;
MPRINT(EM_DIAGRAM):   end;
MPRINT(EM_DIAGRAM):   end;
MPRINT(EM_DIAGRAM):   *** Generate dummy variables for Gender ;
MPRINT(EM_DIAGRAM):   drop _2_0 ;
MPRINT(EM_DIAGRAM):   if missing( Gender ) then do;
MPRINT(EM_DIAGRAM):   _2_0 = .;
MPRINT(EM_DIAGRAM):   substr(_warn_,1,1) = 'M';
MPRINT(EM_DIAGRAM):   _DM_BAD = 1;
MPRINT(EM_DIAGRAM):   end;
MPRINT(EM_DIAGRAM):   else do;
MPRINT(EM_DIAGRAM):   length _dm10 $ 10;
MPRINT(EM_DIAGRAM):   drop _dm10 ;
MPRINT(EM_DIAGRAM):   _dm10 = put( Gender , $CHAR10. );
MPRINT(DMNORMIP):   call dmnorm(_dm10,
MPRINT(DMNORLEN):  32
MPRINT(DMNORMIP):  );
MPRINT(EM_DIAGRAM):   if _dm10 = 'FEMALE' then do;
MPRINT(EM_DIAGRAM):   _2_0 = 1;
MPRINT(EM_DIAGRAM):   end;
MPRINT(EM_DIAGRAM):   else if _dm10 = 'MALE' then do;
MPRINT(EM_DIAGRAM):   _2_0 = -1;
MPRINT(EM_DIAGRAM):   end;
MPRINT(EM_DIAGRAM):   else do;
MPRINT(EM_DIAGRAM):   _2_0 = .;
MPRINT(EM_DIAGRAM):   substr(_warn_,2,1) = 'U';
MPRINT(EM_DIAGRAM):   _DM_BAD = 1;
MPRINT(EM_DIAGRAM):   end;
MPRINT(EM_DIAGRAM):   end;
MPRINT(EM_DIAGRAM):   *** If missing inputs, use averages;
MPRINT(EM_DIAGRAM):   if _DM_BAD > 0 then do;
MPRINT(EM_DIAGRAM):   _LP0 = 46.0689655172413;
MPRINT(EM_DIAGRAM):   goto REG2DR1;
MPRINT(EM_DIAGRAM):   end;
MPRINT(EM_DIAGRAM):   *** Compute Linear Predictor;
MPRINT(EM_DIAGRAM):   drop _TEMP;
MPRINT(EM_DIAGRAM):   drop _LP0;
MPRINT(EM_DIAGRAM):   _LP0 = 0;
MPRINT(EM_DIAGRAM):   *** Effect: Age_group ;
MPRINT(EM_DIAGRAM):   _TEMP = 1;
MPRINT(EM_DIAGRAM):   _LP0 = _LP0 + ( -66.5645885599173) * _TEMP * _0_0;
MPRINT(EM_DIAGRAM):   _LP0 = _LP0 + ( -17.194587418335) * _TEMP * _0_1;
MPRINT(EM_DIAGRAM):   _LP0 = _LP0 + ( -75.2320473175871) * _TEMP * _0_2;
MPRINT(EM_DIAGRAM):   _LP0 = _LP0 + ( 16.8608002902338) * _TEMP * _0_3;
MPRINT(EM_DIAGRAM):   _LP0 = _LP0 + ( 104.897572499115) * _TEMP * _0_4;
MPRINT(EM_DIAGRAM):   *** Effect: Disease ;
MPRINT(EM_DIAGRAM):   _TEMP = 1;
MPRINT(EM_DIAGRAM):   _LP0 = _LP0 + ( -8.98056702801211) * _TEMP * _1_0;
MPRINT(EM_DIAGRAM):   _LP0 = _LP0 + ( 58.6325553350135) * _TEMP * _1_1;
MPRINT(EM_DIAGRAM):   _LP0 = _LP0 + ( -40.9989660116518) * _TEMP * _1_2;
MPRINT(EM_DIAGRAM):   _LP0 = _LP0 + ( 7.32668403941003) * _TEMP * _1_3;
MPRINT(EM_DIAGRAM):   *** Effect: Gender ;
MPRINT(EM_DIAGRAM):   _TEMP = 1;
MPRINT(EM_DIAGRAM):   _LP0 = _LP0 + ( 3.32037203360082) * _TEMP * _2_0;
MPRINT(EM_DIAGRAM):   *** Effect: Population_in_thousands ;
MPRINT(EM_DIAGRAM):   _TEMP = Population_in_thousands ;
MPRINT(EM_DIAGRAM):   _LP0 = _LP0 + ( 0.00292066934032 * _TEMP);
MPRINT(EM_DIAGRAM):   *** Effect: Age_group*Disease ;
MPRINT(EM_DIAGRAM):   _TEMP = 1;
MPRINT(EM_DIAGRAM):   _LP0 = _LP0 + ( 80.6002480602313) * _TEMP * _0_0 * _1_0;
MPRINT(EM_DIAGRAM):   _LP0 = _LP0 + ( -66.9383119038907) * _TEMP * _0_0 * _1_1;
MPRINT(EM_DIAGRAM):   _LP0 = _LP0 + ( 17.8962836331807) * _TEMP * _0_0 * _1_2;
MPRINT(EM_DIAGRAM):   _LP0 = _LP0 + ( -31.181334075135) * _TEMP * _0_0 * _1_3;
MPRINT(EM_DIAGRAM):   _LP0 = _LP0 + ( 14.0333968933536) * _TEMP * _0_1 * _1_0;
MPRINT(EM_DIAGRAM):   _LP0 = _LP0 + ( -55.6196532646358) * _TEMP * _0_1 * _1_1;
MPRINT(EM_DIAGRAM):   _LP0 = _LP0 + ( 38.2440606963166) * _TEMP * _0_1 * _1_2;
MPRINT(EM_DIAGRAM):   _LP0 = _LP0 + ( -10.5320592454678) * _TEMP * _0_1 * _1_3;
MPRINT(EM_DIAGRAM):   _LP0 = _LP0 + ( 27.177766378298) * _TEMP * _0_2 * _1_0;
MPRINT(EM_DIAGRAM):   _LP0 = _LP0 + ( -23.6940585111808) * _TEMP * _0_2 * _1_1;
MPRINT(EM_DIAGRAM):   _LP0 = _LP0 + ( 13.0674707746462) * _TEMP * _0_2 * _1_2;
MPRINT(EM_DIAGRAM):   _LP0 = _LP0 + ( -16.9275634674651) * _TEMP * _0_2 * _1_3;
MPRINT(EM_DIAGRAM):   _LP0 = _LP0 + ( -30.761581882029) * _TEMP * _0_3 * _1_0;
MPRINT(EM_DIAGRAM):   _LP0 = _LP0 + ( 83.1020908205616) * _TEMP * _0_3 * _1_1;
MPRINT(EM_DIAGRAM):   _LP0 = _LP0 + ( -46.686744949509) * _TEMP * _0_3 * _1_2;
MPRINT(EM_DIAGRAM):   _LP0 = _LP0 + ( 23.5387872514758) * _TEMP * _0_3 * _1_3;
MPRINT(EM_DIAGRAM):   _LP0 = _LP0 + ( -84.1948351512797) * _TEMP * _0_4 * _1_0;
MPRINT(EM_DIAGRAM):   _LP0 = _LP0 + ( 103.389783324423) * _TEMP * _0_4 * _1_1;
MPRINT(EM_DIAGRAM):   _LP0 = _LP0 + ( -57.6241637126923) * _TEMP * _0_4 * _1_2;
MPRINT(EM_DIAGRAM):   _LP0 = _LP0 + ( 52.6796051098899) * _TEMP * _0_4 * _1_3;
MPRINT(EM_DIAGRAM):   *** Effect: Age_group*Gender ;
MPRINT(EM_DIAGRAM):   _TEMP = 1;
MPRINT(EM_DIAGRAM):   _LP0 = _LP0 + ( -4.39796651497357) * _TEMP * _0_0 * _2_0;
MPRINT(EM_DIAGRAM):   _LP0 = _LP0 + ( -1.9018038527319) * _TEMP * _0_1 * _2_0;
MPRINT(EM_DIAGRAM):   _LP0 = _LP0 + ( 6.09902255224133) * _TEMP * _0_2 * _2_0;
MPRINT(EM_DIAGRAM):   _LP0 = _LP0 + ( 0.36606314184135) * _TEMP * _0_3 * _2_0;
MPRINT(EM_DIAGRAM):   _LP0 = _LP0 + ( -1.59053643126356) * _TEMP * _0_4 * _2_0;
MPRINT(EM_DIAGRAM):   *** Effect: Disease*Gender ;
MPRINT(EM_DIAGRAM):   _TEMP = 1;
MPRINT(EM_DIAGRAM):   _LP0 = _LP0 + ( 4.71580923131379) * _TEMP * _1_0 * _2_0;
MPRINT(EM_DIAGRAM):   _LP0 = _LP0 + ( 0.50826261458912) * _TEMP * _1_1 * _2_0;
MPRINT(EM_DIAGRAM):   _LP0 = _LP0 + ( -3.94861425218476) * _TEMP * _1_2 * _2_0;
MPRINT(EM_DIAGRAM):   _LP0 = _LP0 + ( 0.97574445780895) * _TEMP * _1_3 * _2_0;
MPRINT(EM_DIAGRAM):   *--- Intercept ---*;
MPRINT(EM_DIAGRAM):   _LP0 = _LP0 + ( -19.884267014024);
MPRINT(EM_DIAGRAM):   REG2DR1: *** Predicted Value, Error, and Residual;
MPRINT(EM_DIAGRAM):   label P_Cases_in_1000s = 'Predicted: Cases_in_1000s' ;
MPRINT(EM_DIAGRAM):   P_Cases_in_1000s = _LP0;
MPRINT(EM_DIAGRAM):   drop _R;
MPRINT(EM_DIAGRAM):   if _Y = . then do;
MPRINT(EM_DIAGRAM):   R_Cases_in_1000s = .;
MPRINT(EM_DIAGRAM):   end;
MPRINT(EM_DIAGRAM):   else do;
MPRINT(EM_DIAGRAM):   _R = _Y - _LP0;
MPRINT(EM_DIAGRAM):   label R_Cases_in_1000s = 'Residual: Cases_in_1000s' ;
MPRINT(EM_DIAGRAM):   R_Cases_in_1000s = _R;
MPRINT(EM_DIAGRAM):   end;
MPRINT(EM_DIAGRAM):   *************************************;
MPRINT(EM_DIAGRAM):   ***** end scoring code for regression;
MPRINT(EM_DIAGRAM):   *************************************;
MPRINT(EM_DIAGRAM):   *------------------------------------------------------------*;
MPRINT(EM_DIAGRAM):   * TOOL: Model Compare Class;
MPRINT(EM_DIAGRAM):   * TYPE: ASSESS;
MPRINT(EM_DIAGRAM):   * NODE: MdlComp;
MPRINT(EM_DIAGRAM):   *------------------------------------------------------------*;
MPRINT(EM_DIAGRAM):   if (P_Cases_in_1000s ge 248.988598845476) then do;
MPRINT(EM_DIAGRAM):   b_Cases_in_1000s = 1;
MPRINT(EM_DIAGRAM):   end;
MPRINT(EM_DIAGRAM):   else if (P_Cases_in_1000s ge 138.588391611049) then do;
MPRINT(EM_DIAGRAM):   b_Cases_in_1000s = 2;
MPRINT(EM_DIAGRAM):   end;
MPRINT(EM_DIAGRAM):   else if (P_Cases_in_1000s ge 98.2205926537502) then do;
MPRINT(EM_DIAGRAM):   b_Cases_in_1000s = 3;
MPRINT(EM_DIAGRAM):   end;
MPRINT(EM_DIAGRAM):   else if (P_Cases_in_1000s ge 72.4533417364895) then do;
MPRINT(EM_DIAGRAM):   b_Cases_in_1000s = 4;
MPRINT(EM_DIAGRAM):   end;
MPRINT(EM_DIAGRAM):   else if (P_Cases_in_1000s ge 53.3192196934063) then do;
MPRINT(EM_DIAGRAM):   b_Cases_in_1000s = 5;
MPRINT(EM_DIAGRAM):   end;
MPRINT(EM_DIAGRAM):   else if (P_Cases_in_1000s ge 49.5140976874644) then do;
MPRINT(EM_DIAGRAM):   b_Cases_in_1000s = 6;
MPRINT(EM_DIAGRAM):   end;
MPRINT(EM_DIAGRAM):   else if (P_Cases_in_1000s ge 39.8600273843538) then do;
MPRINT(EM_DIAGRAM):   b_Cases_in_1000s = 7;
MPRINT(EM_DIAGRAM):   end;
MPRINT(EM_DIAGRAM):   else if (P_Cases_in_1000s ge 33.1388123004423) then do;
MPRINT(EM_DIAGRAM):   b_Cases_in_1000s = 8;
MPRINT(EM_DIAGRAM):   end;
MPRINT(EM_DIAGRAM):   else if (P_Cases_in_1000s ge 28.9554598757038) then do;
MPRINT(EM_DIAGRAM):   b_Cases_in_1000s = 9;
MPRINT(EM_DIAGRAM):   end;
MPRINT(EM_DIAGRAM):   else if (P_Cases_in_1000s ge 21.9170580907829) then do;
MPRINT(EM_DIAGRAM):   b_Cases_in_1000s = 10;
MPRINT(EM_DIAGRAM):   end;
MPRINT(EM_DIAGRAM):   else if (P_Cases_in_1000s ge 19.0472054759348) then do;
MPRINT(EM_DIAGRAM):   b_Cases_in_1000s = 11;
MPRINT(EM_DIAGRAM):   end;
MPRINT(EM_DIAGRAM):   else if (P_Cases_in_1000s ge 15.3024653434042) then do;
MPRINT(EM_DIAGRAM):   b_Cases_in_1000s = 12;
MPRINT(EM_DIAGRAM):   end;
MPRINT(EM_DIAGRAM):   else if (P_Cases_in_1000s ge 9.8032800325582) then do;
MPRINT(EM_DIAGRAM):   b_Cases_in_1000s = 13;
MPRINT(EM_DIAGRAM):   end;
MPRINT(EM_DIAGRAM):   else if (P_Cases_in_1000s ge 5.82012920885717) then do;
MPRINT(EM_DIAGRAM):   b_Cases_in_1000s = 14;
MPRINT(EM_DIAGRAM):   end;
MPRINT(EM_DIAGRAM):   else if (P_Cases_in_1000s ge 4.4813771267376) then do;
MPRINT(EM_DIAGRAM):   b_Cases_in_1000s = 15;
MPRINT(EM_DIAGRAM):   end;
MPRINT(EM_DIAGRAM):   else if (P_Cases_in_1000s ge 2.57051412195488) then do;
MPRINT(EM_DIAGRAM):   b_Cases_in_1000s = 16;
MPRINT(EM_DIAGRAM):   end;
MPRINT(EM_DIAGRAM):   else if (P_Cases_in_1000s ge 0.56694166723335) then do;
MPRINT(EM_DIAGRAM):   b_Cases_in_1000s = 17;
MPRINT(EM_DIAGRAM):   end;
MPRINT(EM_DIAGRAM):   else if (P_Cases_in_1000s ge -2.88114486560934) then do;
MPRINT(EM_DIAGRAM):   b_Cases_in_1000s = 18;
MPRINT(EM_DIAGRAM):   end;
MPRINT(EM_DIAGRAM):   else if (P_Cases_in_1000s ge -5.63510505727103) then do;
MPRINT(EM_DIAGRAM):   b_Cases_in_1000s = 19;
MPRINT(EM_DIAGRAM):   end;
MPRINT(EM_DIAGRAM):   else do;
MPRINT(EM_DIAGRAM):   b_Cases_in_1000s = 20;
MPRINT(EM_DIAGRAM):   end;
MPRINT(EM_DIAGRAM):   *------------------------------------------------------------*;
MPRINT(EM_DIAGRAM):   * TOOL: Score Node;
MPRINT(EM_DIAGRAM):   * TYPE: ASSESS;
MPRINT(EM_DIAGRAM):   * NODE: Score;
MPRINT(EM_DIAGRAM):   *------------------------------------------------------------*;
MPRINT(EM_DIAGRAM):   *------------------------------------------------------------*;
MPRINT(EM_DIAGRAM):   * Score: Creating Fixed Names;
MPRINT(EM_DIAGRAM):   *------------------------------------------------------------*;
MPRINT(EM_DIAGRAM):   LABEL EM_SEGMENT = 'Segment';
MPRINT(EM_DIAGRAM):   EM_SEGMENT = b_Cases_in_1000s;
MPRINT(EM_DIAGRAM):   LABEL EM_PREDICTION= "Prediction for Cases_in_1000s";
MPRINT(EM_DIAGRAM):   EM_PREDICTION = P_Cases_in_1000s;
MPRINT(EM_DIAGRAM):   LABEL = 'Target Variable: Cases_in_1000s';
MPRINT(EM_DIAGRAM):   EM_VALUETARGET = Cases_in_1000s;
MPRINT(EM_DIAGRAM):   run;
MPRINT(EM_DIAGRAM):    proc printto;
MPRINT(EM_DIAGRAM):   run;
