MPRINT(EM_DIAGRAM):    data _null_;
MPRINT(EM_DIAGRAM):   call symput('NLDATE', strip(put(date(), NLDATE.)));
MPRINT(EM_DIAGRAM):   call symput('NLTIME', strip(put(datetime(), NLTIME.)));
MPRINT(EM_DIAGRAM):   run;
MPRINT(EM_DIAGRAM):   data _null_;
MPRINT(EM_DIAGRAM):   nldate= sasmsg("sashelp.dmine", "log_date_note", 'N', "December 11, 2019" );
MPRINT(EM_DIAGRAM):   nltime= sasmsg("sashelp.dmine", "log_time_note", 'N', "14:10:54" );
MPRINT(EM_DIAGRAM):   put "*------------------------------------------------------------*";
MPRINT(EM_DIAGRAM):   put "* Training Log";
MPRINT(EM_DIAGRAM):   put nldate;
MPRINT(EM_DIAGRAM):   put nltime;
MPRINT(EM_DIAGRAM):   put "*------------------------------------------------------------*";
MPRINT(EM_DIAGRAM):   run;
*------------------------------------------------------------*
* Training Log
Date:                December 11, 2019
Time:                14:10:54
*------------------------------------------------------------*
MPRINT(EM_DIAGRAM):    filename O0T_5_V_ "C:\Users\student\Desktop\AA 490\Final Project\AA490_Project\Base Model\Workspaces\EMWS2\Reg4\EMTRAIN.out" encoding="UTF-8" NOBOM;
MPRINT(EM_DIAGRAM):   proc printto print=O0T_5_V_ new;
MPRINT(EM_DIAGRAM):   run;
MPRINT(EM_DIAGRAM):    filename _LOG "C:\Users\student\Desktop\AA 490\Final Project\AA490_Project\Base Model\Workspaces\EMWS2\Reg4\EMLOG.log" encoding="UTF-8" NOBOM;
MPRINT(EM_DIAGRAM):    data _null_;
MPRINT(EM_DIAGRAM):   call symput('NLDATE', strip(put(date(), NLDATE.)));
MPRINT(EM_DIAGRAM):   call symput('NLTIME', strip(put(datetime(), NLTIME.)));
MPRINT(EM_DIAGRAM):   run;
MPRINT(EM_DIAGRAM):   data _null_;
MPRINT(EM_DIAGRAM):   nldate= sasmsg("sashelp.dmine", "log_date_note", 'N', "December 11, 2019" );
MPRINT(EM_DIAGRAM):   nltime= sasmsg("sashelp.dmine", "log_time_note", 'N', "14:10:54" );
MPRINT(EM_DIAGRAM):   file _LOG;
MPRINT(EM_DIAGRAM):   put "*------------------------------------------------------------*";
MPRINT(EM_DIAGRAM):   put "User:                student";
MPRINT(EM_DIAGRAM):   put nldate;
MPRINT(EM_DIAGRAM):   put nltime;
MPRINT(EM_DIAGRAM):   put "Site:                70082322";
MPRINT(EM_DIAGRAM):   put "Platform:            X64_10PRO";
MPRINT(EM_DIAGRAM):   put "Maintenance Release: 9.04.01M4P110916";
MPRINT(EM_DIAGRAM):   put "EM Version:          14.2";
MPRINT(EM_DIAGRAM):   put "* ";
MPRINT(EM_DIAGRAM):   run;
MPRINT(EM_DIAGRAM):    filename _LOGIN "C:\Users\student\Desktop\AA 490\Final Project\AA490_Project\Base Model\Workspaces\EMWS2\Reg4\EMTRAIN.log" encoding="UTF-8" NOBOM;
MPRINT(EM_COPYFILE):   data _null_;
MPRINT(EM_COPYFILE):   length line $20000;
MPRINT(EM_COPYFILE):   file _LOG MOD lrecl=20000;
MPRINT(EM_COPYFILE):   fid=fopen("_LOGIN",'i',20000,'v');
MPRINT(EM_COPYFILE):   if fid > 0 then do;
MPRINT(EM_COPYFILE):   do while(^fread(fid));
MPRINT(EM_COPYFILE):   rlen = frlen(fid);
MPRINT(EM_COPYFILE):   rc= fget(fid,line,20000);
MPRINT(EM_COPYFILE):   start = length(line)-length(left(line))+1;
MPRINT(EM_COPYFILE):   line=strip(line);
MPRINT(EM_COPYFILE):   put @start line;
MPRINT(EM_COPYFILE):   end;
MPRINT(EM_COPYFILE):   if fid > 0 then rc=fclose(fid);
MPRINT(EM_COPYFILE):   end;
MPRINT(EM_COPYFILE):   run;
MPRINT(EM_DIAGRAM):  ;
MPRINT(EM_DIAGRAM):   filename _LOGIN;
MPRINT(EM_DIAGRAM):    data _null_;
MPRINT(EM_DIAGRAM):   file _LOG mod;
MPRINT(EM_DIAGRAM):   put _page_;
MPRINT(EM_DIAGRAM):   run;
MPRINT(EM_DIAGRAM):   filename _LOGIN "C:\Users\student\Desktop\AA 490\Final Project\AA490_Project\Base Model\Workspaces\EMWS2\Reg4\EMSCORE.log" encoding="UTF-8" NOBOM;
MPRINT(EM_DIAGRAM):  ;
MPRINT(EM_DIAGRAM):   data _null_;
MPRINT(EM_DIAGRAM):   file _LOG mod;
MPRINT(EM_DIAGRAM):   put _page_;
MPRINT(EM_DIAGRAM):   run;
MPRINT(EM_DIAGRAM):    filename _LOGIN "C:\Users\student\Desktop\AA 490\Final Project\AA490_Project\Base Model\Workspaces\EMWS2\Reg4\EMREPORT.log" encoding="UTF-8" NOBOM;
MPRINT(EM_DIAGRAM):  ;
MPRINT(EM_DIAGRAM):   filename _LOGIN;
MPRINT(EM_DIAGRAM):    filename _LOG;
MPRINT(EM_DIAGRAM):    filename _OUT "C:\Users\student\Desktop\AA 490\Final Project\AA490_Project\Base Model\Workspaces\EMWS2\Reg4\EMOUTPUT.out" encoding="UTF-8" NOBOM;
MPRINT(EM_DIAGRAM):    data _null_;
MPRINT(EM_DIAGRAM):   call symput('NLDATE', strip(put(date(), NLDATE.)));
MPRINT(EM_DIAGRAM):   call symput('NLTIME', strip(put(datetime(), NLTIME.)));
MPRINT(EM_DIAGRAM):   run;
MPRINT(EM_DIAGRAM):   data _null_;
MPRINT(EM_DIAGRAM):   nldate= sasmsg("sashelp.dmine", "log_date_note", 'N', "December 11, 2019" );
MPRINT(EM_DIAGRAM):   nltime= sasmsg("sashelp.dmine", "log_time_note", 'N', "14:10:54" );
MPRINT(EM_DIAGRAM):   file _OUT;
MPRINT(EM_DIAGRAM):   put "*------------------------------------------------------------*";
MPRINT(EM_DIAGRAM):   put "User:                student";
MPRINT(EM_DIAGRAM):   put nldate;
MPRINT(EM_DIAGRAM):   put nltime;
MPRINT(EM_DIAGRAM):   put "*------------------------------------------------------------*";
MPRINT(EM_DIAGRAM):   put "* Training Output";
MPRINT(EM_DIAGRAM):   put "*------------------------------------------------------------*";
MPRINT(EM_DIAGRAM):   run;
MPRINT(EM_DIAGRAM):    filename _OUTIN "C:\Users\student\Desktop\AA 490\Final Project\AA490_Project\Base Model\Workspaces\EMWS2\Reg4\EMTRAIN.out" encoding="UTF-8" NOBOM;
MPRINT(EM_DIAGRAM):   ;
MPRINT(EM_COPYFILE):   data _null_;
MPRINT(EM_COPYFILE):   length line $20000;
MPRINT(EM_COPYFILE):   file _OUT MOD lrecl=20000;
MPRINT(EM_COPYFILE):   fid=fopen("_OUTIN",'i',20000,'v');
MPRINT(EM_COPYFILE):   if fid > 0 then do;
MPRINT(EM_COPYFILE):   do while(^fread(fid));
MPRINT(EM_COPYFILE):   rlen = frlen(fid);
MPRINT(EM_COPYFILE):   rc= fget(fid,line,20000);
MPRINT(EM_COPYFILE):   start = length(line)-length(left(line))+1;
MPRINT(EM_COPYFILE):   line=strip(line);
MPRINT(EM_COPYFILE):   put @start line;
MPRINT(EM_COPYFILE):   end;
MPRINT(EM_COPYFILE):   if fid > 0 then rc=fclose(fid);
MPRINT(EM_COPYFILE):   end;
MPRINT(EM_COPYFILE):   run;
MPRINT(EM_DIAGRAM):  ;
MPRINT(EM_DIAGRAM):   filename _OUTIN;
MPRINT(EM_DIAGRAM):    data _null_;
MPRINT(EM_DIAGRAM):   file _OUT mod;
MPRINT(EM_DIAGRAM):   put _page_;
MPRINT(EM_DIAGRAM):   put // "*------------------------------------------------------------*";
MPRINT(EM_DIAGRAM):   put "* Score Output";
MPRINT(EM_DIAGRAM):   put "*------------------------------------------------------------*";
MPRINT(EM_DIAGRAM):   run;
MPRINT(EM_DIAGRAM):    filename _OUTIN "C:\Users\student\Desktop\AA 490\Final Project\AA490_Project\Base Model\Workspaces\EMWS2\Reg4\EMSCORE.out" encoding="UTF-8" NOBOM;
MPRINT(EM_DIAGRAM):  ;
MPRINT(EM_DIAGRAM):   filename _OUTIN;
MPRINT(EM_DIAGRAM):    data _null_;
MPRINT(EM_DIAGRAM):   file _OUT mod;
MPRINT(EM_DIAGRAM):   put _page_;
MPRINT(EM_DIAGRAM):   put // "*------------------------------------------------------------*";
MPRINT(EM_DIAGRAM):   put "* Report Output";
MPRINT(EM_DIAGRAM):   put "*------------------------------------------------------------*";
MPRINT(EM_DIAGRAM):   run;
MPRINT(EM_DIAGRAM):    filename _OUTIN "C:\Users\student\Desktop\AA 490\Final Project\AA490_Project\Base Model\Workspaces\EMWS2\Reg4\EMREPORT.out" encoding="UTF-8" NOBOM;
MPRINT(EM_DIAGRAM):  ;
MPRINT(EM_DIAGRAM):   filename _OUTIN;
MPRINT(EM_DIAGRAM):    filename _OUT;
MPRINT(EM_DIAGRAM):    filename _emtool_ 'C:\Users\student\Desktop\AA 490\Final Project\AA490_Project\Base Model\Workspaces\EMWS2\Reg4\EMRUNSTATUS.xml' encoding="UTF-8" NOBOM;
92823      proc freq data=EMWS2.Reg4_VariableSet noprint;
MPRINT(EM_DIAGRAM):    proc freq data=EMWS2.Reg4_VariableSet noprint;
92824      table ROLE*LEVEL/out=WORK.Reg4META;
MPRINT(EM_DIAGRAM):   table ROLE*LEVEL/out=WORK.Reg4META;
92825      run;
MPRINT(EM_DIAGRAM):   run;

NOTE: There were 5 observations read from the data set EMWS2.REG4_VARIABLESET.
NOTE: The data set WORK.REG4META has 3 observations and 4 variables.
NOTE: PROCEDURE FREQ used (Total process time):
      real time           0.02 seconds
      cpu time            0.01 seconds
      

92826      proc print data=WORK.Reg4META label noobs;
MPRINT(EM_DIAGRAM):   proc print data=WORK.Reg4META label noobs;
92827      var ROLE LEVEL COUNT;
MPRINT(EM_DIAGRAM):   var ROLE LEVEL COUNT;
92828      label ROLE = "%sysfunc(sasmsg(sashelp.dmine, meta_role_vlabel, NOQUOTE))" LEVEL = "%sysfunc(sasmsg(sashelp.dmine, meta_level_vlabel, NOQUOTE))" COUNT = "%sysfunc(sasmsg(sashelp.dmine, rpt_count_vlabel, NOQUOTE))";
MPRINT(EM_DIAGRAM):   label ROLE = "Role" LEVEL = "Measurement Level" COUNT = "Frequency Count";
92829      title9 ' ';
MPRINT(EM_DIAGRAM):   title9 ' ';
92830      title10 "%sysfunc(sasmsg(sashelp.dmine, rpt_varSummary_title  , NOQUOTE))";
MPRINT(EM_DIAGRAM):   title10 "Variable Summary";
MPRINT(EM_DIAGRAM):   run;
92831      run;

NOTE: There were 3 observations read from the data set WORK.REG4META.
NOTE: The PROCEDURE PRINT printed page 30.
NOTE: PROCEDURE PRINT used (Total process time):
      real time           0.01 seconds
      cpu time            0.00 seconds
      

92832      title10;
MPRINT(EM_DIAGRAM):   title10;
92833      %let EMNORLEN = %DMNORLEN;
MPRINT(EM_DIAGRAM):   
EMWS2.Part_TRAIN EMWS2.Part_TRAIN 
EMWS2.Part_TRAIN EMWS2.Part_TRAIN EMWS2 Part_TRAIN 
EMWS2.Part_TRAIN EMWS2.Part_TRAIN 
EMWS2.Part_TRAIN EMWS2.Part_TRAIN EMWS2 Part_TRAIN 
Executing  SASHELP.EMCORE.EMINFOITERATOR.SCL _INIT >> 
Executing  SASHELP.EMCORE.EMINFOITERATOR.SCL setMetaData >> 
Executing  SASHELP.EMCORE.EMINFOITERATOR.SCL next >> 
Executing  SASHELP.EMCORE.EMINFOITERATOR.SCL next >> 
Executing  SASHELP.EMCORE.EMINFOITERATOR.SCL setMetaData >> 
Executing  SASHELP.EMCORE.EMINFOITERATOR.SCL next >> 
Executing  SASHELP.EMCORE.EMINFOITERATOR.SCL next >> 
Executing  SASHELP.EMCORE.EMINFOITERATOR.SCL _term >> 
"No decisions defined for target "Cases_in_1000s"." 
92834      proc print data = EMWS2.Ids2_Cases_in_1000s_DM noobs label;
MPRINT(EM_DIAGRAM):    proc print data = EMWS2.Ids2_Cases_in_1000s_DM noobs label;
92835      var _type_ variable label;
MPRINT(EM_DIAGRAM):   var _type_ variable label;
92836      where _type_ ^in('MATRIX', 'DECISION', 'TRAINPRIOR', 'DATAPRIOR', 'DECPRIOR');
MPRINT(EM_DIAGRAM):   where _type_ ^in('MATRIX', 'DECISION', 'TRAINPRIOR', 'DATAPRIOR', 'DECPRIOR');
92837      label _TYPE_ = "%sysfunc(sasmsg(sashelp.dmine, rpt_type_vlabel,     NOQUOTE))" VARIABLE = "%sysfunc(sasmsg(sashelp.dmine, rpt_variable_vlabel, NOQUOTE))" LABEL = "%sysfunc(sasmsg(sashelp.dmine, meta_label_vlabel, NOQUOTE))";
MPRINT(EM_DIAGRAM):   label _TYPE_ = "Type" VARIABLE = "Variable" LABEL = "Label";
92838      title9 ' ';
MPRINT(EM_DIAGRAM):   title9 ' ';
92839      title10 "%sysfunc(sasmsg(sashelp.dmine, rpt_predDecVars_title  , NOQUOTE))";
MPRINT(EM_DIAGRAM):   title10 "Predicted and decision variables";
MPRINT(EM_DIAGRAM):   run;
92840      run;

NOTE: There were 3 observations read from the data set EMWS2.IDS2_CASES_IN_1000S_DM.
      WHERE _type_ not in ('DATAPRIOR', 'DECISION', 'DECPRIOR', 'MATRIX', 'TRAINPRIOR');
NOTE: The PROCEDURE PRINT printed page 31.
NOTE: PROCEDURE PRINT used (Total process time):
      real time           0.01 seconds
      cpu time            0.01 seconds
      

92841      title10;
MPRINT(EM_DIAGRAM):   title10;
MPRINT(EM_DIAGRAM):    *------------------------------------------------------------*;
MPRINT(EM_DIAGRAM):   * Reg4: Preparing metadata for Training *------------------------------------------------------------*;
MPRINT(EM_DIAGRAM):   data WORK.M1H68_7L;
MPRINT(EM_DIAGRAM):   set WORK.M1H68_7L;
MPRINT(EM_DIAGRAM):   where use = 'Y' or (role = 'INPUT' and use = 'D') ;
MPRINT(EM_DIAGRAM):   if (role = 'REJECTED') then role = 'INPUT';
MPRINT(EM_DIAGRAM):   if use = 'D' then use = 'Y';
MPRINT(EM_DIAGRAM):   run;
NOTE: There were 3 observations read from the data set EMWS2.IDS2_CASES_IN_1000S_DD.
NOTE: The data set WORK.CASES_IN_1000S has 3 observations and 1 variables.
NOTE: There were 3 observations read from the data set EMWS2.IDS2_CASES_IN_1000S_DD.
NOTE: The data set WORK.CASES_IN_1000S has 3 observations and 1 variables.
92851      *------------------------------------------------------------*;
MPRINT(EM_DIAGRAM):    *------------------------------------------------------------*;
92852      * Reg4: Create decision matrix;
MPRINT(EM_DIAGRAM):   * Reg4: Create decision matrix;
92853      *------------------------------------------------------------*;
MPRINT(EM_DIAGRAM):   *------------------------------------------------------------*;
92854      data WORK.Cases_in_1000s(label="Cases_in_1000s");
MPRINT(EM_DIAGRAM):   data WORK.Cases_in_1000s(label="Cases_in_1000s");
92855        length   Cases_in_1000s                       8
92856                 ;
MPRINT(EM_DIAGRAM):   length Cases_in_1000s 8 ;
92857      
92858       Cases_in_1000s=0;
MPRINT(EM_DIAGRAM):   Cases_in_1000s=0;
92859      output;
MPRINT(EM_DIAGRAM):   output;
92860       Cases_in_1000s=416;
MPRINT(EM_DIAGRAM):   Cases_in_1000s=416;
92861      output;
MPRINT(EM_DIAGRAM):   output;
92862       Cases_in_1000s=208;
MPRINT(EM_DIAGRAM):   Cases_in_1000s=208;
92863      output;
MPRINT(EM_DIAGRAM):   output;
92864      ;
MPRINT(EM_DIAGRAM):   ;
92865      run;
MPRINT(EM_DIAGRAM):   run;

NOTE: The data set WORK.CASES_IN_1000S has 3 observations and 1 variables.
NOTE: DATA statement used (Total process time):
      real time           0.00 seconds
      cpu time            0.01 seconds
      

92866      proc datasets lib=work nolist;
MPRINT(EM_DIAGRAM):   proc datasets lib=work nolist;
92867      modify Cases_in_1000s(type=PROFIT label=Cases_in_1000s);
MPRINT(EM_DIAGRAM):   modify Cases_in_1000s(type=PROFIT label= Cases_in_1000s);
MPRINT(EM_DIAGRAM):   run;
92868      run;

NOTE: MODIFY was successful for WORK.CASES_IN_1000S.DATA.
92869      quit;
MPRINT(EM_DIAGRAM):   quit;

NOTE: PROCEDURE DATASETS used (Total process time):
      real time           0.01 seconds
      cpu time            0.00 seconds
      

92870      data EM_DMREG / view=EM_DMREG;
MPRINT(EM_DIAGRAM):   data EM_DMREG / view=EM_DMREG;
92871      set EMWS2.Part_TRAIN(keep=
92872      Age_group Cases_in_1000s Disease Gender Population_in_thousands);
MPRINT(EM_DIAGRAM):   set EMWS2.Part_TRAIN(keep= Age_group Cases_in_1000s Disease Gender Population_in_thousands);
92873      run;
MPRINT(EM_DIAGRAM):   run;

NOTE: DATA STEP view saved on file WORK.EM_DMREG.
NOTE: A stored DATA STEP view cannot run under a different operating system.
NOTE: DATA statement used (Total process time):
      real time           0.00 seconds
      cpu time            0.00 seconds
      

MPRINT(EM_DIAGRAM):   *------------------------------------------------------------* ;
MPRINT(EM_DIAGRAM):   * Reg4: DMDBClass Macro ;
MPRINT(EM_DIAGRAM):   *------------------------------------------------------------* ;
92874      *------------------------------------------------------------* ;
92875      * Reg4: DMDBClass Macro ;
92876      *------------------------------------------------------------* ;
92877      %macro DMDBClass;
92878          Age_group(ASC) Disease(ASC) Gender(ASC)
92879      %mend DMDBClass;
92880      *------------------------------------------------------------* ;
MPRINT(EM_DIAGRAM):   *------------------------------------------------------------* ;
92881      * Reg4: DMDBVar Macro ;
MPRINT(EM_DIAGRAM):   * Reg4: DMDBVar Macro ;
92882      *------------------------------------------------------------* ;
MPRINT(EM_DIAGRAM):   *------------------------------------------------------------* ;
92883      %macro DMDBVar;
92884          Cases_in_1000s Population_in_thousands
92885      %mend DMDBVar;
92886      *------------------------------------------------------------*;
MPRINT(EM_DIAGRAM):   *------------------------------------------------------------*;
92887      * Reg4: Create DMDB;
MPRINT(EM_DIAGRAM):   * Reg4: Create DMDB;
92888      *------------------------------------------------------------*;
MPRINT(EM_DIAGRAM):   *------------------------------------------------------------*;
92889      proc dmdb batch data=WORK.EM_DMREG
92890      dmdbcat=WORK.Reg4_DMDB
92891      maxlevel = 513
92892      ;
MPRINT(EM_DIAGRAM):   proc dmdb batch data=WORK.EM_DMREG dmdbcat=WORK.Reg4_DMDB maxlevel = 513 ;
MPRINT(EM_DIAGRAM):   class
92893      class %DMDBClass;
MPRINT(DMDBCLASS):   Age_group(ASC) Disease(ASC) Gender(ASC)
MPRINT(EM_DIAGRAM):  ;
MPRINT(EM_DIAGRAM):   var
92894      var %DMDBVar;
MPRINT(DMDBVAR):   Cases_in_1000s Population_in_thousands
MPRINT(EM_DIAGRAM):  ;
92895      target
92896      Cases_in_1000s
92897      ;
MPRINT(EM_DIAGRAM):   target Cases_in_1000s ;
92898      run;
MPRINT(EM_DIAGRAM):   run;

NOTE: Records processed = 728   Memory used = 511K.
NOTE: View WORK.EM_DMREG.VIEW used (Total process time):
      real time           0.03 seconds
      cpu time            0.03 seconds
      
NOTE: There were 728 observations read from the data set EMWS2.PART_TRAIN.
NOTE: There were 728 observations read from the data set WORK.EM_DMREG.
NOTE: PROCEDURE DMDB used (Total process time):
      real time           0.03 seconds
      cpu time            0.03 seconds
      

MPRINT(EM_DIAGRAM):   quit;
MPRINT(EM_DIAGRAM):   *--- end code ---*;
92899      quit;
92900      *--- end code ---*;

92901      *------------------------------------------------------------*;
MPRINT(EM_DIAGRAM):    *------------------------------------------------------------*;
92902      * Reg4: Run DMREG procedure;
MPRINT(EM_DIAGRAM):   * Reg4: Run DMREG procedure;
92903      *------------------------------------------------------------*;
MPRINT(EM_DIAGRAM):   *------------------------------------------------------------*;
92904      proc dmreg data=EM_DMREG dmdbcat=WORK.Reg4_DMDB
92905      validata = EMWS2.Part_VALIDATE
92906      outest = EMWS2.Reg4_EMESTIMATE
92907      outterms = EMWS2.Reg4_OUTTERMS
92908      outmap= EMWS2.Reg4_MAPDS namelen=200
92909      ;
MPRINT(EM_DIAGRAM):   proc dmreg data=EM_DMREG dmdbcat=WORK.Reg4_DMDB validata = EMWS2.Part_VALIDATE outest = EMWS2.Reg4_EMESTIMATE outterms = EMWS2.Reg4_OUTTERMS outmap= EMWS2.Reg4_MAPDS namelen=200 ;
92910      class
92911      Age_group
92912      Disease
92913      Gender
92914      ;
MPRINT(EM_DIAGRAM):   class Age_group Disease Gender ;
92915      model Cases_in_1000s =
92916      Age_group
92917      Disease
92918      Gender
92919      Population_in_thousands
92920      /error=normal
92921      coding=DEVIATION
92922      nodesignprint
92923      selection=BACKWARD choose=NONE
92924      Hierarchy=CLASS
92925      Rule=NONE
92926      ;
MPRINT(EM_DIAGRAM):   model Cases_in_1000s = Age_group Disease Gender Population_in_thousands /error=normal coding=DEVIATION nodesignprint selection=BACKWARD choose=NONE Hierarchy=CLASS Rule=NONE ;
92927      ;
MPRINT(EM_DIAGRAM):   ;
92928      code file="C:\Users\student\Desktop\AA 490\Final Project\AA490_Project\Base Model\Workspaces\EMWS2\Reg4\EMPUBLISHSCORE.sas"
92929      group=Reg4
92930      ;
MPRINT(EM_DIAGRAM):   code file="C:\Users\student\Desktop\AA 490\Final Project\AA490_Project\Base Model\Workspaces\EMWS2\Reg4\EMPUBLISHSCORE.sas" group=Reg4 ;
92931      code file="C:\Users\student\Desktop\AA 490\Final Project\AA490_Project\Base Model\Workspaces\EMWS2\Reg4\EMFLOWSCORE.sas"
92932      group=Reg4
92933      residual
92934      ;
MPRINT(EM_DIAGRAM):   code file="C:\Users\student\Desktop\AA 490\Final Project\AA490_Project\Base Model\Workspaces\EMWS2\Reg4\EMFLOWSCORE.sas" group=Reg4 residual ;
92935      run;
MPRINT(EM_DIAGRAM):   run;

NOTE: 13 observations in the training data were not used due to missing values in the target or input variables or to invalid frequency values.
NOTE: External file C:\Users\student\Desktop\AA 490\Final Project\AA490_Project\Base Model\Workspaces\EMWS2\Reg4\EMPUBLISHSCORE.sas opened.
NOTE: External file C:\Users\student\Desktop\AA 490\Final Project\AA490_Project\Base Model\Workspaces\EMWS2\Reg4\EMFLOWSCORE.sas opened.
NOTE: View WORK.EM_DMREG.VIEW used (Total process time):
      real time           0.12 seconds
      cpu time            0.10 seconds
      
NOTE: There were 728 observations read from the data set EMWS2.PART_TRAIN.
NOTE: There were 728 observations read from the data set WORK.EM_DMREG.
NOTE: There were 312 observations read from the data set EMWS2.PART_VALIDATE.
NOTE: The data set EMWS2.REG4_EMESTIMATE has 9 observations and 45 variables.
NOTE: The data set EMWS2.REG4_OUTTERMS has 10 observations and 6 variables.
NOTE: The data set EMWS2.REG4_MAPDS has 2 observations and 12 variables.
NOTE: The PROCEDURE DMREG printed page 32.
NOTE: PROCEDURE DMREG used (Total process time):
      real time           0.14 seconds
      cpu time            0.12 seconds
      

MPRINT(EM_DIAGRAM):   quit;
92936      quit;

92937      proc datasets lib=WORK nolist;
MPRINT(EM_DIAGRAM):    proc datasets lib=WORK nolist;
92938      delete Reg4_DMDB;
MPRINT(EM_DIAGRAM):   delete Reg4_DMDB;
92939      run;
MPRINT(EM_DIAGRAM):   run;

NOTE: The file WORK.REG4_DMDB (memtype=DATA) was not found, but appears on a DELETE statement.
92940      quit;
MPRINT(EM_DIAGRAM):   quit;

NOTE: PROCEDURE DATASETS used (Total process time):
      real time           0.00 seconds
      cpu time            0.00 seconds
      

92941      proc datasets lib=WORK nolist;
MPRINT(EM_DIAGRAM):    proc datasets lib=WORK nolist;
92942      delete Reg4_DMDB / memtype=catalog;
MPRINT(EM_DIAGRAM):   delete Reg4_DMDB / memtype=catalog;
92943      run;
MPRINT(EM_DIAGRAM):   run;

NOTE: Deleting WORK.REG4_DMDB (memtype=CATALOG).
92944      quit;
MPRINT(EM_DIAGRAM):   quit;

NOTE: PROCEDURE DATASETS used (Total process time):
      real time           0.01 seconds
      cpu time            0.01 seconds
      

92945      data WORK.ESTIMATE;
MPRINT(EM_DIAGRAM):    data WORK.ESTIMATE;
92946      length _NAME_ $32;
MPRINT(EM_DIAGRAM):   length _NAME_ $32;
92947      set EMWS2.Reg4_EMESTIMATE;
MPRINT(EM_DIAGRAM):   set EMWS2.Reg4_EMESTIMATE;
92948      drop _AIC_--_VSUMW_
92949      ;
MPRINT(EM_DIAGRAM):   drop _AIC_--_VSUMW_ ;
92950      where _CHOSEN_ ne '' and _TYPE_ in('PARMS', 'T', 'P');
MPRINT(EM_DIAGRAM):   where _CHOSEN_ ne '' and _TYPE_ in('PARMS', 'T', 'P');
92951      drop _STEP_ _CHOSEN_;
MPRINT(EM_DIAGRAM):   drop _STEP_ _CHOSEN_;
92952      select(_TYPE_);
MPRINT(EM_DIAGRAM):   select(_TYPE_);
92953      when('PARMS') _NAME_='Coefficient';
MPRINT(EM_DIAGRAM):   when('PARMS') _NAME_='Coefficient';
92954      when('T') _NAME_='tValue';
MPRINT(EM_DIAGRAM):   when('T') _NAME_='tValue';
92955      when('P') _NAME_='PValue';
MPRINT(EM_DIAGRAM):   when('P') _NAME_='PValue';
92956      otherwise;
MPRINT(EM_DIAGRAM):   otherwise;
92957      end;
MPRINT(EM_DIAGRAM):   end;
92958      run;
MPRINT(EM_DIAGRAM):   run;

NOTE: There were 3 observations read from the data set EMWS2.REG4_EMESTIMATE.
      WHERE (_CHOSEN_ not = ' ') and _TYPE_ in ('P', 'PARMS', 'T');
NOTE: The data set WORK.ESTIMATE has 3 observations and 13 variables.
NOTE: DATA statement used (Total process time):
      real time           0.00 seconds
      cpu time            0.00 seconds
      

92959      proc transpose data=WORK.ESTIMATE out=WORK.ESTIMATE(rename=(_NAME_=Effect));
MPRINT(EM_DIAGRAM):   proc transpose data=WORK.ESTIMATE out=WORK.ESTIMATE(rename=(_NAME_=Effect));
92960      run;
MPRINT(EM_DIAGRAM):   run;

NOTE: There were 3 observations read from the data set WORK.ESTIMATE.
NOTE: The data set WORK.ESTIMATE has 11 observations and 5 variables.
NOTE: PROCEDURE TRANSPOSE used (Total process time):
      real time           0.01 seconds
      cpu time            0.01 seconds
      

92961      proc transpose data=EMWS2.Reg4_MAPDS out=WORK.MAP(rename=(_NAME_=Effect INPUT=Variable
92962      ));
MPRINT(EM_DIAGRAM):   proc transpose data=EMWS2.Reg4_MAPDS out=WORK.MAP(rename=(_NAME_=Effect INPUT=Variable ));
92963      var 'Age_group0N17'n--'Population_in_thousands'n;
MPRINT(EM_DIAGRAM):   var 'Age_group0N17'n--'Population_in_thousands'n;
92964      run;
MPRINT(EM_DIAGRAM):   run;

NOTE: There were 2 observations read from the data set EMWS2.REG4_MAPDS.
NOTE: The data set WORK.MAP has 10 observations and 4 variables.
NOTE: PROCEDURE TRANSPOSE used (Total process time):
      real time           0.01 seconds
      cpu time            0.00 seconds
      

92965      proc sort data=WORK.MAP;
MPRINT(EM_DIAGRAM):   proc sort data=WORK.MAP;
92966      by Effect;
MPRINT(EM_DIAGRAM):   by Effect;
92967      run;
MPRINT(EM_DIAGRAM):   run;

NOTE: There were 10 observations read from the data set WORK.MAP.
NOTE: The data set WORK.MAP has 10 observations and 4 variables.
NOTE: PROCEDURE SORT used (Total process time):
      real time           0.00 seconds
      cpu time            0.00 seconds
      

92968      proc sort data=WORK.ESTIMATE;
MPRINT(EM_DIAGRAM):   proc sort data=WORK.ESTIMATE;
92969      by Effect;
MPRINT(EM_DIAGRAM):   by Effect;
92970      run;
MPRINT(EM_DIAGRAM):   run;

NOTE: There were 11 observations read from the data set WORK.ESTIMATE.
NOTE: The data set WORK.ESTIMATE has 11 observations and 5 variables.
NOTE: PROCEDURE SORT used (Total process time):
      real time           0.00 seconds
      cpu time            0.00 seconds
      

92971      data EMWS2.Reg4_EFFECTS(rename=(_LABEL_=EffectLabel));
MPRINT(EM_DIAGRAM):   data EMWS2.Reg4_EFFECTS(rename=(_LABEL_=EffectLabel));
92972      length Variable ClassLevel $32;
MPRINT(EM_DIAGRAM):   length Variable ClassLevel $32;
92973      merge WORK.ESTIMATE WORK.MAP;
MPRINT(EM_DIAGRAM):   merge WORK.ESTIMATE WORK.MAP;
92974      by Effect;
MPRINT(EM_DIAGRAM):   by Effect;
92975      label Effect = "%sysfunc(sasmsg(sashelp.dmine, rpt_effect_vlabel, NOQUOTE))" Variable = "%sysfunc(sasmsg(sashelp.dmine, rpt_variable_vlabel, NOQUOTE))" Sign = "%sysfunc(sasmsg(sashelp.dmine, rpt_sign_vlabel, NOQUOTE))" ClassLevel =
92976         "%sysfunc(sasmsg(sashelp.dmine, rpt_level_vlabel, NOQUOTE))" Abscoefficient = "%sysfunc(sasmsg(sashelp.dmine, rpt_abscoefficient_vlabel, NOQUOTE))" Coefficient = "%sysfunc(sasmsg(sashelp.dmine, rpt_coefficient_vlabel, NOQUOTE))" _LABEL_ =
92977         "%sysfunc(sasmsg(sashelp.dmine, rpt_effectLabel_vlabel, NOQUOTE))" CODE = "%sysfunc(sasmsg(sashelp.dmine, rpt_scorecodevar_vlabel, NOQUOTE))";
MPRINT(EM_DIAGRAM):   label Effect = "Effect" Variable = "Variable" Sign = "Sign" ClassLevel = "Level" Abscoefficient = "Absolute Coefficient" Coefficient = "Coefficient" _LABEL_ = "Effect Label" CODE = "Score Code Variable";
92978      label tvalue = "%sysfunc(sasmsg(sashelp.dmine, rpt_tvalue_vlabel,         NOQUOTE))" abstvalue = "%sysfunc(sasmsg(sashelp.dmine, rpt_absoluteTvalue_vlabel, NOQUOTE))" PValue = "%sysfunc(sasmsg(sashelp.dmine, rpt_pvalue_vlabel,         NOQUOTE))"
92978    ! ;
MPRINT(EM_DIAGRAM):   label tvalue = "T-value" abstvalue = "Absolute T-value" PValue = "P Value";
92979      abstvalue = abs(tValue);
MPRINT(EM_DIAGRAM):   abstvalue = abs(tValue);
92980      if index(Effect, 'Intercept') then do;
MPRINT(EM_DIAGRAM):   if index(Effect, 'Intercept') then do;
92981      variable = 'Intercept';
MPRINT(EM_DIAGRAM):   variable = 'Intercept';
92982      classLevel = scan(_LABEL_, 2, '=');
MPRINT(EM_DIAGRAM):   classLevel = scan(_LABEL_, 2, '=');
92983      end;
MPRINT(EM_DIAGRAM):   end;
92984      if ^indexc(variable, '*') then do;
MPRINT(EM_DIAGRAM):   if ^indexc(variable, '*') then do;
92985      if length(effect)>length(variable) then classlevel = substr(Effect, length(variable)+1);
MPRINT(EM_DIAGRAM):   if length(effect)>length(variable) then classlevel = substr(Effect, length(variable)+1);
92986      end;
MPRINT(EM_DIAGRAM):   end;
92987      if Effect eq '' then Effect = Variable;
MPRINT(EM_DIAGRAM):   if Effect eq '' then Effect = Variable;
92988      if coefficient < 0 then sign = '-';
MPRINT(EM_DIAGRAM):   if coefficient < 0 then sign = '-';
92989      else sign = '+';
MPRINT(EM_DIAGRAM):   else sign = '+';
92990      abscoefficient = abs(coefficient);
MPRINT(EM_DIAGRAM):   abscoefficient = abs(coefficient);
92991      if _LABEL_ = '' then _LABEL_ = Effect;
MPRINT(EM_DIAGRAM):   if _LABEL_ = '' then _LABEL_ = Effect;
92992      if coefficient ne . then output;
MPRINT(EM_DIAGRAM):   if coefficient ne . then output;
92993      run;
MPRINT(EM_DIAGRAM):   run;

NOTE: Missing values were generated as a result of performing an operation on missing values.
      Each place is given by: (Number of times) at (Line):(Column).
      1 at 92979:13   1 at 92990:18   
NOTE: There were 11 observations read from the data set WORK.ESTIMATE.
NOTE: There were 10 observations read from the data set WORK.MAP.
NOTE: The data set EMWS2.REG4_EFFECTS has 10 observations and 11 variables.
NOTE: DATA statement used (Total process time):
      real time           0.02 seconds
      cpu time            0.03 seconds
      

92994      proc sort data =EMWS2.Reg4_EFFECTS;
MPRINT(EM_DIAGRAM):    proc sort data =EMWS2.Reg4_EFFECTS;
92995      by
92996      descending abstvalue;
MPRINT(EM_DIAGRAM):   by descending abstvalue;
92997      run;
MPRINT(EM_DIAGRAM):   run;

NOTE: There were 10 observations read from the data set EMWS2.REG4_EFFECTS.
NOTE: The data set EMWS2.REG4_EFFECTS has 10 observations and 11 variables.
NOTE: PROCEDURE SORT used (Total process time):
      real time           0.00 seconds
      cpu time            0.00 seconds
      

92998      data EMWS2.Reg4_EFFECTS;
MPRINT(EM_DIAGRAM):   data EMWS2.Reg4_EFFECTS;
92999      set EMWS2.Reg4_EFFECTS;
MPRINT(EM_DIAGRAM):   set EMWS2.Reg4_EFFECTS;
93000      format TEffectNum 3.;
MPRINT(EM_DIAGRAM):   format TEffectNum 3.;
93001      label TEffectNum = "%sysfunc(sasmsg(sashelp.dmine, rpt_teffectnum_vlabel, NOQUOTE))";
MPRINT(EM_DIAGRAM):   label TEffectNum = "TScore Number";
93002      retain TEffectNum;
MPRINT(EM_DIAGRAM):   retain TEffectNum;
93003      TEffectNum = _N_;
MPRINT(EM_DIAGRAM):   TEffectNum = _N_;
93004      run;
MPRINT(EM_DIAGRAM):   run;

NOTE: There were 10 observations read from the data set EMWS2.REG4_EFFECTS.
NOTE: The data set EMWS2.REG4_EFFECTS has 10 observations and 12 variables.
NOTE: DATA statement used (Total process time):
      real time           0.00 seconds
      cpu time            0.00 seconds
      

93005      proc sort data =EMWS2.Reg4_EFFECTS;
MPRINT(EM_DIAGRAM):    proc sort data =EMWS2.Reg4_EFFECTS;
93006      by
93007      descending absCoefficient;
MPRINT(EM_DIAGRAM):   by descending absCoefficient;
93008      run;
MPRINT(EM_DIAGRAM):   run;

NOTE: There were 10 observations read from the data set EMWS2.REG4_EFFECTS.
NOTE: The data set EMWS2.REG4_EFFECTS has 10 observations and 12 variables.
NOTE: PROCEDURE SORT used (Total process time):
      real time           0.00 seconds
      cpu time            0.01 seconds
      

93009      data EMWS2.Reg4_EFFECTS;
MPRINT(EM_DIAGRAM):   data EMWS2.Reg4_EFFECTS;
93010      set EMWS2.Reg4_EFFECTS;
MPRINT(EM_DIAGRAM):   set EMWS2.Reg4_EFFECTS;
93011      format EffectNum 3.;
MPRINT(EM_DIAGRAM):   format EffectNum 3.;
93012      label EffectNum = "%sysfunc(sasmsg(sashelp.dmine, rpt_effectnum_vlabel, NOQUOTE))";
MPRINT(EM_DIAGRAM):   label EffectNum = "Effect Number";
93013      retain EffectNum;
MPRINT(EM_DIAGRAM):   retain EffectNum;
93014      EffectNum = _N_;
MPRINT(EM_DIAGRAM):   EffectNum = _N_;
93015      run;
MPRINT(EM_DIAGRAM):   run;

NOTE: There were 10 observations read from the data set EMWS2.REG4_EFFECTS.
NOTE: The data set EMWS2.REG4_EFFECTS has 10 observations and 13 variables.
NOTE: DATA statement used (Total process time):
      real time           0.00 seconds
      cpu time            0.01 seconds
      

93016      proc transpose data=EMWS2.Reg4_EMESTIMATE out=EMWS2.Reg4_ESTIMATEGRID(rename=(PARMS=Coefficient T=TValue _NAME_=Effect _LABEL_=EffectLabel));
MPRINT(EM_DIAGRAM):    proc transpose data=EMWS2.Reg4_EMESTIMATE out=EMWS2.Reg4_ESTIMATEGRID(rename=(PARMS=Coefficient T=TValue _NAME_=Effect _LABEL_=EffectLabel));
93017      where _CHOSEN_ eq '' and _TYPE_ in('PARMS', 'T', 'P');
MPRINT(EM_DIAGRAM):   where _CHOSEN_ eq '' and _TYPE_ in('PARMS', 'T', 'P');
93018      var 'Age_group0N17'n--'Population_in_thousands'n;
MPRINT(EM_DIAGRAM):   var 'Age_group0N17'n--'Population_in_thousands'n;
93019      by _STEP_;
MPRINT(EM_DIAGRAM):   by _STEP_;
93020      id _TYPE_;
MPRINT(EM_DIAGRAM):   id _TYPE_;
93021      run;
MPRINT(EM_DIAGRAM):   run;

NOTE: There were 6 observations read from the data set EMWS2.REG4_EMESTIMATE.
      WHERE (_CHOSEN_=' ') and _TYPE_ in ('P', 'PARMS', 'T');
NOTE: The data set EMWS2.REG4_ESTIMATEGRID has 20 observations and 6 variables.
NOTE: PROCEDURE TRANSPOSE used (Total process time):
      real time           0.01 seconds
      cpu time            0.01 seconds
      

93022      data EMWS2.Reg4_ESTIMATEGRID;
MPRINT(EM_DIAGRAM):    data EMWS2.Reg4_ESTIMATEGRID;
93023      set EMWS2.Reg4_ESTIMATEGRID;
MPRINT(EM_DIAGRAM):   set EMWS2.Reg4_ESTIMATEGRID;
93024      if EffectLabel eq '' then EffectLabel = Effect;
MPRINT(EM_DIAGRAM):   if EffectLabel eq '' then EffectLabel = Effect;
93025      label EffectLabel = "%sysfunc(sasmsg(sashelp.dmine, rpt_effectLabel_vlabel, NOQUOTE))" Effect = "%sysfunc(sasmsg(sashelp.dmine, rpt_effect_vlabel, NOQUOTE))" Abscoefficient = "%sysfunc(sasmsg(sashelp.dmine, rpt_abscoefficient_vlabel, NOQUOTE))"
93026         Coefficient = "%sysfunc(sasmsg(sashelp.dmine, rpt_coefficient_vlabel, NOQUOTE))" tvalue = "%sysfunc(sasmsg(sashelp.dmine, rpt_tvalue_vlabel,         NOQUOTE))" abstvalue = "%sysfunc(sasmsg(sashelp.dmine, rpt_absoluteTvalue_vlabel, NOQUOTE))"
93026    ! PValue =
93027         "%sysfunc(sasmsg(sashelp.dmine, rpt_pvalue_vlabel,         NOQUOTE))";
MPRINT(EM_DIAGRAM):   label EffectLabel = "Effect Label" Effect = "Effect" Abscoefficient = "Absolute Coefficient" Coefficient = "Coefficient" tvalue = "T-value" abstvalue = "Absolute T-value" PValue = "P Value";
93028      AbsCoefficient = abs(Coefficient);
MPRINT(EM_DIAGRAM):   AbsCoefficient = abs(Coefficient);
93029      AbsTValue = abs(TValue);
MPRINT(EM_DIAGRAM):   AbsTValue = abs(TValue);
93030      where coefficient ne .;
MPRINT(EM_DIAGRAM):   where coefficient ne .;
93031      run;
MPRINT(EM_DIAGRAM):   run;

NOTE: Variable PValue is uninitialized.
NOTE: There were 19 observations read from the data set EMWS2.REG4_ESTIMATEGRID.
      WHERE coefficient not = .;
NOTE: The data set EMWS2.REG4_ESTIMATEGRID has 19 observations and 8 variables.
NOTE: DATA statement used (Total process time):
      real time           0.01 seconds
      cpu time            0.01 seconds
      

MPRINT(EM_DIAGRAM):    proc printto;
MPRINT(EM_DIAGRAM):   run;
