 
                                                                                                                                                                                                                                                                
 
 
Variable Summary

         Measurement    Frequency
Role        Level         Count

INPUT     INTERVAL          2    
INPUT     NOMINAL           3    
 
                                                                                                                                                                                                                                                                
 
Class Variable Summary Statistics
(maximum 500 observations printed)

Data Role=TRAIN

                               Number
Data     Variable                of                                  Mode                     Mode2
Role     Name         Role     Levels    Missing    Mode          Percentage    Mode2       Percentage

TRAIN    Age_group    INPUT       4         0       16 to 24        25.00       25 to 44      25.00   
TRAIN    Date         INPUT      24         0       1990             4.17       1991           4.17   
TRAIN    Gender       INPUT       3         0       both sexes      33.33       female        33.33   
 
                                                                                                                                                                                                                                                                
 
Interval Variable Summary Statistics
(maximum 500 observations printed)

Data Role=TRAIN

                                         Standard          Non
Variable            Role         Mean    Deviation     Missing     Missing     Minimum      Median     Maximum    Skewness    Kurtosis

Historic_Pop_Sum    INPUT    514669.5    277822.9         1440           0      175910      483915     1189627    1.146648    0.572557
OG_Pop_Sum          INPUT    98503350    90855185         1440           0     4607000    78593000     3.401E8    1.300171     0.93756
