 
                                                                                                                                                                                                                                                                
 
 
Variable Summary

          Measurement    Frequency
 Role        Level         Count

TARGET     INTERVAL          2    
 
                                                                                                                                                                                                                                                                
 
 







Fit Statistics
Model Selection based on Valid: Average Squared Error (_VASE_)

                                        Valid:     Train:
                                       Average    Average
Selected    Model    Model             Squared    Squared
 Model      Node     Description        Error      Error

   Y        Reg5     Regression (5)     579.10     428.10
            Reg      Stepwise          2709.82    2475.32
            Reg3     Forward           2709.82    2475.32
            Reg4     Backward          2709.82    2475.32
 
                                                                                                                                                                                                                                                                
 
 







Fit Statistics Table
Target: Cases_in_1000s

Data Role=Train

Statistics                                                Reg5           Reg          Reg3          Reg4

Train: Akaike's Information Criterion                  5323.35       6783.22       6783.22       6783.22
Train: Average Squared Error                            428.10       2475.32       2475.32       2475.32
Train: Average Error Function                           428.10       2475.32       2475.32       2475.32
Selection Criterion: Valid: Average Squared Error       579.10       2709.82       2709.82       2709.82
Train: Degrees of Freedom for Error                     824.00        853.00        853.00        853.00
Train: Model Degrees of Freedom                          41.00         12.00         12.00         12.00
Train: Total Degrees of Freedom                         865.00        865.00        865.00        865.00
Train: Divisor for ASE                                  865.00        865.00        865.00        865.00
Train: Error Function                                370308.58    2141153.26    2141153.26    2141153.26
Train: Final Prediction Error                           470.70       2544.97       2544.97       2544.97
Train: Maximum Absolute Error                           137.38        240.96        240.96        240.96
Train: Mean Square Error                                449.40       2510.14       2510.14       2510.14
Train: Sum of Frequencies                               865.00        865.00        865.00        865.00
Train: Number of Estimate Weights                        41.00         12.00         12.00         12.00
Train: Root Average Sum of Squares                       20.69         49.75         49.75         49.75
Train: Root Final Prediction Error                       21.70         50.45         50.45         50.45
Train: Root Mean Squared Error                           21.20         50.10         50.10         50.10
Train: Schwarz's Bayesian Criterion                    5518.62       6840.37       6840.37       6840.37
Train: Sum of Squared Errors                         370308.58    2141153.26    2141153.26    2141153.26
Train: Sum of Case Weights Times Freq                   865.00        865.00        865.00        865.00


Data Role=Valid

Statistics                                    Reg5          Reg         Reg3         Reg4

Valid: Average Squared Error                579.10      2709.82      2709.82      2709.82
Valid: Average Error Function               579.10      2709.82      2709.82      2709.82
Valid: Divisor for VASE                     367.00       367.00       367.00       367.00
Valid: Error Function                    212529.44    994502.80    994502.80    994502.80
Valid: Maximum Absolute Error               159.07       233.27       233.27       233.27
Valid: Mean Square Error                    579.10      2709.82      2709.82      2709.82
Valid: Sum of Frequencies                   367.00       367.00       367.00       367.00
Valid: Root Average Squared Error            24.06        52.06        52.06        52.06
Valid: Root Mean Square Error                24.06        52.06        52.06        52.06
Valid: Sum of Square Errors              212529.44    994502.80    994502.80    994502.80
Valid: Sum of Case Weights Times Freq       367.00       367.00       367.00       367.00
