 
                                                                                                                                                                                                                                                                
 
 
Fit Statistics

Target=Sum_Labor_Force_Pop Target Label=Industry_Population

   Fit
Statistics    Statistics Label                       Train    Validation          Test

  _NOBS_      Sum of Frequencies                    112.00         84.00         84.00
  _SUMW_      Sum of Case Weights Times Freq        112.00         84.00         84.00
  _MAX_       Maximum Absolute Error            6450608.26    6823608.26    7030489.46
  _SSE_       Sum of Squared Errors             2.66297E14    4.29849E14    5.43028E14
  _ASE_       Average Squared Error             2.37765E12    5.11725E12    6.46462E12
  _RASE_      Root Average Squared Error        1541962.36    2262134.13    2542561.27
  _DIV_       Divisor for ASE                       112.00         84.00         84.00
  _DFT_       Total Degrees of Freedom              112.00           .             .  
 
                                                                                                                                                                                                                                                                
 
 
Assessment Score Rankings

Data Role=TRAIN Target Variable=Sum_Labor_Force_Pop Target Label=Industry_Population

           Number of                        Mean
Depth    Observations    Mean Target      Predicted

   5           7         20874285.71     16843506.38
  10           5         13193600.00     14645917.32
  15           6         13611000.00     13263981.29
  20           7         10352857.14     10561856.92
  25           3          8878333.33      9294050.30
  30           6          8115333.33      8642414.90
  35           7          6678285.71      7870704.39
  40           4          7440750.00      7785639.15
  45           6          6550833.33      6492479.26
  50           6          4309333.33      5409770.51
  55           7          4365571.43      5030044.58
  60           5          6115200.00      4794998.25
  65           4          5572250.00      4472849.62
  70           7          2852000.00      3375636.11
  75           5          1752200.00      2575349.70
  80           5          1836000.00      2166647.02
  85           6          1504333.33      1942774.06
  90           6           844500.00      1415134.08
  95           6           776833.33       702866.50
 100           4           353000.00      -393045.93


Data Role=VALIDATE Target Variable=Sum_Labor_Force_Pop Target Label=Industry_Population

           Number of                        Mean
Depth    Observations    Mean Target      Predicted

   5           6         24407833.33     18178412.01
  10           3         21910666.67     16375100.38
  15           4         14318750.00     15132801.06
  20           4         15499500.00     14412103.73
  25           4         10489000.00     10805574.10
  30           6          8474500.00      8744510.00
  35           3          7360333.33      7837127.41
  40           4          6381250.00      7600757.48
  45           4          6305500.00      6404914.23
  50           4          5199500.00      5288437.52
  55           5          4549800.00      5063805.75
  60           6          5978500.00      4873382.58
  65           3          5051666.67      4710767.42
  70           3          5786333.33      4357204.48
  75           4          2617000.00      3277778.49
  80           5          1813600.00      2581403.32
  85           6          1676166.67      2054027.03
  90           3           787666.67      1404523.07
  95           4           662500.00       406849.09
 100           3           342000.00      -341574.87
 
                                                                                                                                                                                                                                                                
 
 
Assessment Score Distribution

Data Role=TRAIN Target Variable=Sum_Labor_Force_Pop Target Label=Industry_Population

                                                  Mean          Number of
    Range for Predicted        Mean Target      Predicted     Observations    Model Score

17318264.213 - 18253391.738    23695250.00     18025219.66          4         17785827.98
15448009.164 - 16383136.689    19450000.00     15538063.88          1         15915572.93
14512881.639 - 15448009.164    14069833.33     14856406.01          6         14980445.40
13577754.115 - 14512881.639    15686500.00     14146242.46          2         14045317.88
12642626.590 - 13577754.115    12746200.00     13129631.11          5         13110190.35
11707499.065 - 12642626.590    11647500.00     11943290.91          2         12175062.83
 9837244.016 - 10772371.540     9835000.00     10009283.33          5         10304807.78
 8902116.491 -  9837244.016     8878333.33      9294050.30          3          9369680.25
 7966988.966 -  8902116.491     8115333.33      8642414.90          6          8434552.73
 7031861.442 -  7966988.966     6802083.33      7777371.53         12          7499425.20
 6096733.917 -  7031861.442     6838200.00      6372780.90          5          6564297.68
 5161606.392 -  6096733.917     4309333.33      5409770.51          6          5629170.15
 4226478.868 -  5161606.392     5144176.47      4790730.51         17          4694042.63
 3291351.343 -  4226478.868     3074000.00      3500974.21          1          3758915.11
 2356223.818 -  3291351.343     2162400.00      2863951.02         10          2823787.58
 1421096.294 -  2356223.818     1601916.67      1996505.72         12          1888660.06
 485968.769 -  1421096.294       878000.00      1309672.23          8           953532.53
 -449158.756 -  485968.769       442714.29      -115678.17          7            18405.01


Data Role=VALIDATE Target Variable=Sum_Labor_Force_Pop Target Label=Industry_Population

                                                      Mean      Number of
    Range for Predicted        Mean Target       Predicted    Observations    Model Score

17318264.213 - 18253391.738    24244000.00     18134642.76          7         17785827.98
15448009.164 - 16383136.689    21235500.00     15626636.92          2         15915572.93
14512881.639 - 15448009.164    14562166.67     15115767.49          6         14980445.40
13577754.115 - 14512881.639    18710000.00     14337272.45          1         14045317.88
12642626.590 - 13577754.115    12668500.00     13125103.44          2         13110190.35
 9837244.016 - 10772371.540     9936333.33     10039943.76          3         10304807.78
 8902116.491 -  9837244.016     7866000.00      9309127.76          1          9369680.25
 7966988.966 -  8902116.491     8596200.00      8631586.45          5          8434552.73
 7031861.442 -  7966988.966     6691750.00      7621312.64          8          7499425.20
 6096733.917 -  7031861.442     6392000.00      6524241.37          2          6564297.68
 5161606.392 -  6096733.917     5048333.33      5314557.54          6          5629170.15
 4226478.868 -  5161606.392     5448733.33      4821472.69         15          4694042.63
 3291351.343 -  4226478.868     4846000.00      3861806.94          2          3758915.11
 2356223.818 -  3291351.343     2246500.00      2996656.89          6          2823787.58
 1421096.294 -  2356223.818     1605375.00      2107672.14          8          1888660.06
 485968.769 -  1421096.294       793750.00      1306329.79          4           953532.53
 -449158.756 -  485968.769       477333.33       -68179.70          6            18405.01
