MPRINT(EM_DIAGRAM):    data _null_;
MPRINT(EM_DIAGRAM):   call symput('NLDATE', strip(put(date(), NLDATE.)));
MPRINT(EM_DIAGRAM):   call symput('NLTIME', strip(put(datetime(), NLTIME.)));
MPRINT(EM_DIAGRAM):   run;
MPRINT(EM_DIAGRAM):   data _null_;
MPRINT(EM_DIAGRAM):   nldate= sasmsg("sashelp.dmine", "log_date_note", 'N', "November 12, 2019" );
MPRINT(EM_DIAGRAM):   nltime= sasmsg("sashelp.dmine", "log_time_note", 'N', "16:12:05" );
MPRINT(EM_DIAGRAM):   put "*------------------------------------------------------------*";
MPRINT(EM_DIAGRAM):   put "* Training Log";
MPRINT(EM_DIAGRAM):   put nldate;
MPRINT(EM_DIAGRAM):   put nltime;
MPRINT(EM_DIAGRAM):   put "*------------------------------------------------------------*";
MPRINT(EM_DIAGRAM):   run;
*------------------------------------------------------------*
* Training Log
Date:                November 12, 2019
Time:                16:12:05
*------------------------------------------------------------*
MPRINT(EM_DIAGRAM):    filename O0TQ6NWE "C:\Users\student\Desktop\AA 490\Final Project\AA490_Project\Base Model\Workspaces\EMWS1\Stat\EMTRAIN.out" encoding="UTF-8" NOBOM;
MPRINT(EM_DIAGRAM):   proc printto print=O0TQ6NWE new;
MPRINT(EM_DIAGRAM):   run;
MPRINT(EM_DIAGRAM):    filename _LOG "C:\Users\student\Desktop\AA 490\Final Project\AA490_Project\Base Model\Workspaces\EMWS1\Stat\EMLOG.log" encoding="UTF-8" NOBOM;
MPRINT(EM_DIAGRAM):    data _null_;
MPRINT(EM_DIAGRAM):   call symput('NLDATE', strip(put(date(), NLDATE.)));
MPRINT(EM_DIAGRAM):   call symput('NLTIME', strip(put(datetime(), NLTIME.)));
MPRINT(EM_DIAGRAM):   run;
MPRINT(EM_DIAGRAM):   data _null_;
MPRINT(EM_DIAGRAM):   nldate= sasmsg("sashelp.dmine", "log_date_note", 'N', "November 12, 2019" );
MPRINT(EM_DIAGRAM):   nltime= sasmsg("sashelp.dmine", "log_time_note", 'N', "16:12:05" );
MPRINT(EM_DIAGRAM):   file _LOG;
MPRINT(EM_DIAGRAM):   put "*------------------------------------------------------------*";
MPRINT(EM_DIAGRAM):   put "User:                student";
MPRINT(EM_DIAGRAM):   put nldate;
MPRINT(EM_DIAGRAM):   put nltime;
MPRINT(EM_DIAGRAM):   put "Site:                70082322";
MPRINT(EM_DIAGRAM):   put "Platform:            X64_10PRO";
MPRINT(EM_DIAGRAM):   put "Maintenance Release: 9.04.01M4P110916";
MPRINT(EM_DIAGRAM):   put "EM Version:          14.2";
MPRINT(EM_DIAGRAM):   put "* ";
MPRINT(EM_DIAGRAM):   run;
MPRINT(EM_DIAGRAM):    filename _LOGIN "C:\Users\student\Desktop\AA 490\Final Project\AA490_Project\Base Model\Workspaces\EMWS1\Stat\EMTRAIN.log" encoding="UTF-8" NOBOM;
MPRINT(EM_COPYFILE):   data _null_;
MPRINT(EM_COPYFILE):   length line $20000;
MPRINT(EM_COPYFILE):   file _LOG MOD lrecl=20000;
MPRINT(EM_COPYFILE):   fid=fopen("_LOGIN",'i',20000,'v');
MPRINT(EM_COPYFILE):   if fid > 0 then do;
MPRINT(EM_COPYFILE):   do while(^fread(fid));
MPRINT(EM_COPYFILE):   rlen = frlen(fid);
MPRINT(EM_COPYFILE):   rc= fget(fid,line,20000);
MPRINT(EM_COPYFILE):   start = length(line)-length(left(line))+1;
MPRINT(EM_COPYFILE):   line=strip(line);
MPRINT(EM_COPYFILE):   put @start line;
MPRINT(EM_COPYFILE):   end;
MPRINT(EM_COPYFILE):   if fid > 0 then rc=fclose(fid);
MPRINT(EM_COPYFILE):   end;
MPRINT(EM_COPYFILE):   run;
MPRINT(EM_DIAGRAM):  ;
MPRINT(EM_DIAGRAM):   filename _LOGIN;
MPRINT(EM_DIAGRAM):    data _null_;
MPRINT(EM_DIAGRAM):   file _LOG mod;
MPRINT(EM_DIAGRAM):   put _page_;
MPRINT(EM_DIAGRAM):   run;
MPRINT(EM_DIAGRAM):   filename _LOGIN "C:\Users\student\Desktop\AA 490\Final Project\AA490_Project\Base Model\Workspaces\EMWS1\Stat\EMSCORE.log" encoding="UTF-8" NOBOM;
MPRINT(EM_DIAGRAM):  ;
MPRINT(EM_DIAGRAM):   data _null_;
MPRINT(EM_DIAGRAM):   file _LOG mod;
MPRINT(EM_DIAGRAM):   put _page_;
MPRINT(EM_DIAGRAM):   run;
MPRINT(EM_DIAGRAM):    filename _LOGIN "C:\Users\student\Desktop\AA 490\Final Project\AA490_Project\Base Model\Workspaces\EMWS1\Stat\EMREPORT.log" encoding="UTF-8" NOBOM;
MPRINT(EM_DIAGRAM):  ;
MPRINT(EM_DIAGRAM):   filename _LOGIN;
MPRINT(EM_DIAGRAM):    filename _LOG;
MPRINT(EM_DIAGRAM):    filename _OUT "C:\Users\student\Desktop\AA 490\Final Project\AA490_Project\Base Model\Workspaces\EMWS1\Stat\EMOUTPUT.out" encoding="UTF-8" NOBOM;
MPRINT(EM_DIAGRAM):    data _null_;
MPRINT(EM_DIAGRAM):   call symput('NLDATE', strip(put(date(), NLDATE.)));
MPRINT(EM_DIAGRAM):   call symput('NLTIME', strip(put(datetime(), NLTIME.)));
MPRINT(EM_DIAGRAM):   run;
MPRINT(EM_DIAGRAM):   data _null_;
MPRINT(EM_DIAGRAM):   nldate= sasmsg("sashelp.dmine", "log_date_note", 'N', "November 12, 2019" );
MPRINT(EM_DIAGRAM):   nltime= sasmsg("sashelp.dmine", "log_time_note", 'N', "16:12:05" );
MPRINT(EM_DIAGRAM):   file _OUT;
MPRINT(EM_DIAGRAM):   put "*------------------------------------------------------------*";
MPRINT(EM_DIAGRAM):   put "User:                student";
MPRINT(EM_DIAGRAM):   put nldate;
MPRINT(EM_DIAGRAM):   put nltime;
MPRINT(EM_DIAGRAM):   put "*------------------------------------------------------------*";
MPRINT(EM_DIAGRAM):   put "* Training Output";
MPRINT(EM_DIAGRAM):   put "*------------------------------------------------------------*";
MPRINT(EM_DIAGRAM):   run;
MPRINT(EM_DIAGRAM):    filename _OUTIN "C:\Users\student\Desktop\AA 490\Final Project\AA490_Project\Base Model\Workspaces\EMWS1\Stat\EMTRAIN.out" encoding="UTF-8" NOBOM;
MPRINT(EM_DIAGRAM):   ;
MPRINT(EM_COPYFILE):   data _null_;
MPRINT(EM_COPYFILE):   length line $20000;
MPRINT(EM_COPYFILE):   file _OUT MOD lrecl=20000;
MPRINT(EM_COPYFILE):   fid=fopen("_OUTIN",'i',20000,'v');
MPRINT(EM_COPYFILE):   if fid > 0 then do;
MPRINT(EM_COPYFILE):   do while(^fread(fid));
MPRINT(EM_COPYFILE):   rlen = frlen(fid);
MPRINT(EM_COPYFILE):   rc= fget(fid,line,20000);
MPRINT(EM_COPYFILE):   start = length(line)-length(left(line))+1;
MPRINT(EM_COPYFILE):   line=strip(line);
MPRINT(EM_COPYFILE):   put @start line;
MPRINT(EM_COPYFILE):   end;
MPRINT(EM_COPYFILE):   if fid > 0 then rc=fclose(fid);
MPRINT(EM_COPYFILE):   end;
MPRINT(EM_COPYFILE):   run;
MPRINT(EM_DIAGRAM):  ;
MPRINT(EM_DIAGRAM):   filename _OUTIN;
MPRINT(EM_DIAGRAM):    data _null_;
MPRINT(EM_DIAGRAM):   file _OUT mod;
MPRINT(EM_DIAGRAM):   put _page_;
MPRINT(EM_DIAGRAM):   put // "*------------------------------------------------------------*";
MPRINT(EM_DIAGRAM):   put "* Score Output";
MPRINT(EM_DIAGRAM):   put "*------------------------------------------------------------*";
MPRINT(EM_DIAGRAM):   run;
MPRINT(EM_DIAGRAM):    filename _OUTIN "C:\Users\student\Desktop\AA 490\Final Project\AA490_Project\Base Model\Workspaces\EMWS1\Stat\EMSCORE.out" encoding="UTF-8" NOBOM;
MPRINT(EM_DIAGRAM):  ;
MPRINT(EM_DIAGRAM):   filename _OUTIN;
MPRINT(EM_DIAGRAM):    data _null_;
MPRINT(EM_DIAGRAM):   file _OUT mod;
MPRINT(EM_DIAGRAM):   put _page_;
MPRINT(EM_DIAGRAM):   put // "*------------------------------------------------------------*";
MPRINT(EM_DIAGRAM):   put "* Report Output";
MPRINT(EM_DIAGRAM):   put "*------------------------------------------------------------*";
MPRINT(EM_DIAGRAM):   run;
MPRINT(EM_DIAGRAM):    filename _OUTIN "C:\Users\student\Desktop\AA 490\Final Project\AA490_Project\Base Model\Workspaces\EMWS1\Stat\EMREPORT.out" encoding="UTF-8" NOBOM;
MPRINT(EM_DIAGRAM):  ;
MPRINT(EM_DIAGRAM):   filename _OUTIN;
MPRINT(EM_DIAGRAM):    filename _OUT;
MPRINT(EM_DIAGRAM):    filename _emtool_ 'C:\Users\student\Desktop\AA 490\Final Project\AA490_Project\Base Model\Workspaces\EMWS1\Stat\EMRUNSTATUS.xml' encoding="UTF-8" NOBOM;
28003      proc freq data=EMWS1.Stat_VariableSet noprint;
MPRINT(EM_DIAGRAM):    proc freq data=EMWS1.Stat_VariableSet noprint;
28004      table ROLE*LEVEL/out=WORK.StatMETA;
MPRINT(EM_DIAGRAM):   table ROLE*LEVEL/out=WORK.StatMETA;
28005      run;
MPRINT(EM_DIAGRAM):   run;

NOTE: There were 6 observations read from the data set EMWS1.STAT_VARIABLESET.
NOTE: The data set WORK.STATMETA has 3 observations and 4 variables.
NOTE: PROCEDURE FREQ used (Total process time):
      real time           0.01 seconds
      cpu time            0.01 seconds
      

28006      proc print data=WORK.StatMETA label noobs;
MPRINT(EM_DIAGRAM):   proc print data=WORK.StatMETA label noobs;
28007      var ROLE LEVEL COUNT;
MPRINT(EM_DIAGRAM):   var ROLE LEVEL COUNT;
28008      label ROLE = "%sysfunc(sasmsg(sashelp.dmine, meta_role_vlabel, NOQUOTE))" LEVEL = "%sysfunc(sasmsg(sashelp.dmine, meta_level_vlabel, NOQUOTE))" COUNT = "%sysfunc(sasmsg(sashelp.dmine, rpt_count_vlabel, NOQUOTE))";
MPRINT(EM_DIAGRAM):   label ROLE = "Role" LEVEL = "Measurement Level" COUNT = "Frequency Count";
28009      title9 ' ';
MPRINT(EM_DIAGRAM):   title9 ' ';
28010      title10 "%sysfunc(sasmsg(sashelp.dmine, rpt_varSummary_title  , NOQUOTE))";
MPRINT(EM_DIAGRAM):   title10 "Variable Summary";
MPRINT(EM_DIAGRAM):   run;
28011      run;

NOTE: There were 3 observations read from the data set WORK.STATMETA.
NOTE: The PROCEDURE PRINT printed page 4.
NOTE: PROCEDURE PRINT used (Total process time):
      real time           0.00 seconds
      cpu time            0.01 seconds
      

28012      title10;
MPRINT(EM_DIAGRAM):   title10;
28013      data WORK.M3U0X6U6;
MPRINT(EM_DIAGRAM):    data WORK.M3U0X6U6;
28014      set WORK.M3U0X6U6;
MPRINT(EM_DIAGRAM):   set WORK.M3U0X6U6;
28015      where((role in('TARGET' 'FREQ' 'INPUT') and use in('D','Y')) or (role = 'REJECTED' and use = 'Y'));
MPRINT(EM_DIAGRAM):   where((role in('TARGET' 'FREQ' 'INPUT') and use in('D','Y')) or (role = 'REJECTED' and use = 'Y'));
28016      if ROLE = 'REJECTED' then role = 'INPUT';
MPRINT(EM_DIAGRAM):   if ROLE = 'REJECTED' then role = 'INPUT';
28017      run;
MPRINT(EM_DIAGRAM):   run;

NOTE: There were 6 observations read from the data set WORK.M3U0X6U6.
      WHERE (role in ('FREQ', 'INPUT', 'TARGET') and use in ('D', 'Y')) or ((role='REJECTED') and (use='Y'));
NOTE: The data set WORK.M3U0X6U6 has 6 observations and 21 variables.
NOTE: DATA statement used (Total process time):
      real time           0.00 seconds
      cpu time            0.00 seconds
      

28018      *------------------------------------------------------------*;
MPRINT(EM_DIAGRAM):    *------------------------------------------------------------*;
28019      * Stat: Determining Analysis Variables;
MPRINT(EM_DIAGRAM):   * Stat: Determining Analysis Variables;
28020      *------------------------------------------------------------*;
MPRINT(EM_DIAGRAM):   *------------------------------------------------------------*;
28021      *------------------------------------------------------------*;
MPRINT(EM_DIAGRAM):   *------------------------------------------------------------*;
28022      * Stat: Creating Macros for Variable Selection;
MPRINT(EM_DIAGRAM):   * Stat: Creating Macros for Variable Selection;
28023      *------------------------------------------------------------*;
MPRINT(EM_DIAGRAM):   *------------------------------------------------------------*;
28024      *------------------------------------------------------------* ;
MPRINT(EM_DIAGRAM):   *------------------------------------------------------------* ;
28025      * Stat: Interval Input Variables Macro ;
MPRINT(EM_DIAGRAM):   * Stat: Interval Input Variables Macro ;
28026      *------------------------------------------------------------* ;
MPRINT(EM_DIAGRAM):   *------------------------------------------------------------* ;
28027      %macro INTINPUTS;
28028          Projected_Sum_Pop Year
28029      %mend INTINPUTS;
28030      *------------------------------------------------------------*;
MPRINT(EM_DIAGRAM):   *------------------------------------------------------------*;
28031      * Stat: Creating Macros for Variable Selection;
MPRINT(EM_DIAGRAM):   * Stat: Creating Macros for Variable Selection;
28032      *------------------------------------------------------------*;
MPRINT(EM_DIAGRAM):   *------------------------------------------------------------*;
28033      *------------------------------------------------------------* ;
MPRINT(EM_DIAGRAM):   *------------------------------------------------------------* ;
28034      * Stat: Binary and Nominal Input Variables Macro ;
MPRINT(EM_DIAGRAM):   * Stat: Binary and Nominal Input Variables Macro ;
28035      *------------------------------------------------------------* ;
MPRINT(EM_DIAGRAM):   *------------------------------------------------------------* ;
28036      %macro NOMINPUTS;
28037          Age_group Disease Gender
28038      %mend NOMINPUTS;
28039      *------------------------------------------------------------*;
MPRINT(EM_DIAGRAM):   *------------------------------------------------------------*;
28040      * Stat: Creating Macros for Variable Selection;
MPRINT(EM_DIAGRAM):   * Stat: Creating Macros for Variable Selection;
28041      *------------------------------------------------------------*;
MPRINT(EM_DIAGRAM):   *------------------------------------------------------------*;
28042      *------------------------------------------------------------* ;
MPRINT(EM_DIAGRAM):   *------------------------------------------------------------* ;
28043      * Stat: Ordinal Input Variables Macro ;
MPRINT(EM_DIAGRAM):   * Stat: Ordinal Input Variables Macro ;
28044      *------------------------------------------------------------* ;
MPRINT(EM_DIAGRAM):   *------------------------------------------------------------* ;
28045      %macro ORDINPUTS;
28046      
28047      %mend ORDINPUTS;
28048      data work.EM_Stat_tree / view=work.EM_Stat_tree;
MPRINT(EM_DIAGRAM):   data work.EM_Stat_tree / view=work.EM_Stat_tree;
28049      set EMWS1.Ids_DATA(obs=100000
MPRINT(EM_DIAGRAM):   set EMWS1.Ids_DATA(obs=100000 keep
28049    !                               keep=%INTINPUTS %ORDINPUTS %NOMINPUTS OG_Cases_in_Thousands);
MPRINT(EM_DIAGRAM):  =Projected_Sum_Pop Year Age_group Disease Gender OG_Cases_in_Thousands);
28050      run;
MPRINT(EM_DIAGRAM):   run;

NOTE: DATA STEP view saved on file WORK.EM_STAT_TREE.
NOTE: A stored DATA STEP view cannot run under a different operating system.
NOTE: View EMWS1.IDS_DATA.VIEW used (Total process time):
      real time           0.01 seconds
      cpu time            0.01 seconds
      
NOTE: DATA statement used (Total process time):
      real time           0.02 seconds
      cpu time            0.01 seconds
      

28051      proc arbor data=EMWS1.Ids_DATA(obs=100000
MPRINT(EM_DIAGRAM):   proc arbor data=EMWS1.Ids_DATA(obs=100000 keep
28051    !                                           keep=%INTINPUTS %ORDINPUTS %NOMINPUTS OG_Cases_in_Thousands) Criterion=VARIANCE Leafsize=5 Mincatsize = 5 Maxbranch=5 Maxdepth=1 Padjust= NONE NORULELIMIT MAXRULES=5 MAXSURRS=0 Missing=USEINSEARCH
28051    ! Exhaustive=5000;
MPRINT(EM_DIAGRAM):  =Projected_Sum_Pop Year Age_group Disease Gender OG_Cases_in_Thousands) Criterion=VARIANCE Leafsize=5 Mincatsize = 5 Maxbranch=5 Maxdepth=1 Padjust= NONE NORULELIMIT MAXRULES=5 MAXSURRS=0 Missing=USEINSEARCH Exhaustive=5000;
WARNING: PADJUST and PVAR options are ignored with this splitting criterion.
MPRINT(EM_DIAGRAM):   input
28052      input %INTINPUTS / level = interval;
MPRINT(INTINPUTS):   Projected_Sum_Pop Year
MPRINT(EM_DIAGRAM):   / level = interval;
MPRINT(EM_DIAGRAM):   input
28053      input %NOMINPUTS / level=nominal;
MPRINT(NOMINPUTS):   Age_group Disease Gender
MPRINT(EM_DIAGRAM):   / level=nominal;
28054      target OG_Cases_in_Thousands / level=INTERVAL;
MPRINT(EM_DIAGRAM):   target OG_Cases_in_Thousands / level=INTERVAL;
28055      Performance Disk NodeSize=10000;
MPRINT(EM_DIAGRAM):   Performance Disk NodeSize=10000;
28056      Assess NoValidata measure=ASE;
MPRINT(EM_DIAGRAM):   Assess NoValidata measure=ASE;
NOTE: 1588028 kilobytes of physical memory.
NOTE: Will use 1545 out of 1575 training cases.
NOTE: Using memory pool with 26590208 bytes.
NOTE: Will not search for split on variable Disease.
NOTE: Acceptable cases have the same value.
NOTE: Option MINCATSIZE=5 may apply.
NOTE: Passed training data 2 times.
NOTE: Training used 254296 bytes of work memory.
NOTE: The subtree sequence contains 2 subtrees. The largest has 6 nodes and 5 leaves.
NOTE: Using subtree with 6 nodes and 5 leaves.
28057      SUBTREE BEST;
MPRINT(EM_DIAGRAM):   SUBTREE BEST;
NOTE: Using subtree with 6 nodes and 5 leaves.
28058      save RULES=WORK.Stat_RULE;
MPRINT(EM_DIAGRAM):   save RULES=WORK.Stat_RULE;
NOTE: The data set WORK.STAT_RULE has 34 observations and 6 variables.
28059      run;
MPRINT(EM_DIAGRAM):   run;

28060      quit;
MPRINT(EM_DIAGRAM):   quit;

NOTE: View EMWS1.IDS_DATA.VIEW used (Total process time):
      real time           0.07 seconds
      cpu time            0.06 seconds
      
NOTE: There were 1575 observations read from the data set DISEASE.OG_DISEASE_AND_PROJECTED.
NOTE: There were 1575 observations read from the data set EMWS1.IDS_DATA.
NOTE: PROCEDURE ARBOR used (Total process time):
      real time           0.08 seconds
      cpu time            0.06 seconds
      

28061      data WORK.Stat_RULE(keep=Target Name Rank Numeric_Value StatVar rename=(numeric_value=Worth));
MPRINT(EM_DIAGRAM):    data WORK.Stat_RULE(keep=Target Name Rank Numeric_Value StatVar rename=(numeric_value=Worth));
28062      label Target = "%sysfunc(sasmsg(sashelp.dmine, rpt_target_vlabel,      NOQUOTE))" Name = "%sysfunc(sasmsg(sashelp.dmine, rpt_variable_vlabel,    NOQUOTE))" Rank = "%sysfunc(sasmsg(sashelp.dmine, rpt_importance_vlabel,  NOQUOTE))" Numeric_Value =
28063         "%sysfunc(sasmsg(sashelp.dmine, rpt_worth_vlabel,       NOQUOTE))" StatVar = "%sysfunc(sasmsg(sashelp.dmine, rpt_analysisVar_vlabel, NOQUOTE))";
MPRINT(EM_DIAGRAM):   label Target = "Target" Name = "Variable" Rank = "Importance" Numeric_Value = "Worth" StatVar = "Analysis Variable";
28064      length Target $32 Name $32;
MPRINT(EM_DIAGRAM):   length Target $32 Name $32;
28065      retain TARGET "OG_Cases_in_Thousands" Name;
MPRINT(EM_DIAGRAM):   retain TARGET "OG_Cases_in_Thousands" Name;
28066      format STATVAR 6.0;
MPRINT(EM_DIAGRAM):   format STATVAR 6.0;
28067      set WORK.Stat_RULE;
MPRINT(EM_DIAGRAM):   set WORK.Stat_RULE;
28068      where stat in('VARIABLE','WORTH');
MPRINT(EM_DIAGRAM):   where stat in('VARIABLE','WORTH');
28069      if stat = 'VARIABLE' then Name = character_value;
MPRINT(EM_DIAGRAM):   if stat = 'VARIABLE' then Name = character_value;
28070      else do;
MPRINT(EM_DIAGRAM):   else do;
28071      if _N_<= 2*1000 then STATVAR=1;
MPRINT(EM_DIAGRAM):   if _N_<= 2*1000 then STATVAR=1;
28072      else STATVAR=0;
MPRINT(EM_DIAGRAM):   else STATVAR=0;
28073      output;
MPRINT(EM_DIAGRAM):   output;
28074      end;
MPRINT(EM_DIAGRAM):   end;
28075      run;
MPRINT(EM_DIAGRAM):   run;

NOTE: There were 8 observations read from the data set WORK.STAT_RULE.
      WHERE stat in ('VARIABLE', 'WORTH');
NOTE: The data set WORK.STAT_RULE has 4 observations and 5 variables.
NOTE: DATA statement used (Total process time):
      real time           0.00 seconds
      cpu time            0.00 seconds
      

28076      proc append base=EMWS1.Stat_WORTH data=WORK.Stat_RULE force;
MPRINT(EM_DIAGRAM):   proc append base=EMWS1.Stat_WORTH data=WORK.Stat_RULE force;
28077      run;
MPRINT(EM_DIAGRAM):   run;

NOTE: Appending WORK.STAT_RULE to EMWS1.STAT_WORTH.
NOTE: BASE data set does not exist. DATA file is being copied to BASE file.
NOTE: There were 4 observations read from the data set WORK.STAT_RULE.
NOTE: The data set EMWS1.STAT_WORTH has 4 observations and 5 variables.
NOTE: PROCEDURE APPEND used (Total process time):
      real time           0.00 seconds
      cpu time            0.01 seconds
      

28078      proc sort data=EMWS1.Stat_WORTH nodupkey out=WORK.Stat_SELVAR(keep=Name StatVar);
MPRINT(EM_DIAGRAM):    proc sort data=EMWS1.Stat_WORTH nodupkey out=WORK.Stat_SELVAR(keep=Name StatVar);
28079      by NAME;
MPRINT(EM_DIAGRAM):   by NAME;
28080      where statvar=1;
MPRINT(EM_DIAGRAM):   where statvar=1;
28081      run;
MPRINT(EM_DIAGRAM):   run;

NOTE: There were 4 observations read from the data set EMWS1.STAT_WORTH.
      WHERE statvar=1;
NOTE: 0 observations with duplicate key values were deleted.
NOTE: The data set WORK.STAT_SELVAR has 4 observations and 2 variables.
NOTE: PROCEDURE SORT used (Total process time):
      real time           0.00 seconds
      cpu time            0.01 seconds
      

28082      proc sort data=EMWS1.Stat_WORTH;
MPRINT(EM_DIAGRAM):    proc sort data=EMWS1.Stat_WORTH;
28083      by Rank;
MPRINT(EM_DIAGRAM):   by Rank;
28084      where statvar=1;
MPRINT(EM_DIAGRAM):   where statvar=1;
28085      run;
MPRINT(EM_DIAGRAM):   run;

NOTE: There were 4 observations read from the data set EMWS1.STAT_WORTH.
      WHERE statvar=1;
NOTE: The data set EMWS1.STAT_WORTH has 4 observations and 5 variables.
NOTE: PROCEDURE SORT used (Total process time):
      real time           0.00 seconds
      cpu time            0.00 seconds
      

28086      proc sort data=WORK.M0VRRISU;
MPRINT(EM_DIAGRAM):    proc sort data=WORK.M0VRRISU;
28087      by name;
MPRINT(EM_DIAGRAM):   by name;
28088      run;
MPRINT(EM_DIAGRAM):   run;

NOTE: There were 6 observations read from the data set WORK.M0VRRISU.
NOTE: The data set WORK.M0VRRISU has 6 observations and 21 variables.
NOTE: PROCEDURE SORT used (Total process time):
      real time           0.00 seconds
      cpu time            0.01 seconds
      

28089      data WORK.Stat_analysisMeta;
MPRINT(EM_DIAGRAM):   data WORK.Stat_analysisMeta;
28090      merge WORK.M0VRRISU WORK.Stat_SELVAR(in=_a);
MPRINT(EM_DIAGRAM):   merge WORK.M0VRRISU WORK.Stat_SELVAR(in=_a);
28091      by name;
MPRINT(EM_DIAGRAM):   by name;
28092      if _a then STATVAR = 1;
MPRINT(EM_DIAGRAM):   if _a then STATVAR = 1;
28093      else if ROLE in('INPUT', 'REJECTED') and REPORT ne 'Y' then delete;
MPRINT(EM_DIAGRAM):   else if ROLE in('INPUT', 'REJECTED') and REPORT ne 'Y' then delete;
28094      if REPORT eq 'Y' then STATVAR = 1;
MPRINT(EM_DIAGRAM):   if REPORT eq 'Y' then STATVAR = 1;
28095      run;
MPRINT(EM_DIAGRAM):   run;

NOTE: There were 6 observations read from the data set WORK.M0VRRISU.
NOTE: There were 4 observations read from the data set WORK.STAT_SELVAR.
NOTE: The data set WORK.STAT_ANALYSISMETA has 6 observations and 22 variables.
NOTE: DATA statement used (Total process time):
      real time           0.00 seconds
      cpu time            0.00 seconds
      

28096      data WORK.M0RS0RIW;
MPRINT(EM_DIAGRAM):    data WORK.M0RS0RIW;
28097      set WORK.M0RS0RIW;
MPRINT(EM_DIAGRAM):   set WORK.M0RS0RIW;
28098      where(use = 'Y' or Report='Y' or (role in('TARGET' 'FREQ' 'PREDICT' 'RESIDUAL' 'INPUT') and use = 'D'));
MPRINT(EM_DIAGRAM):   where(use = 'Y' or Report='Y' or (role in('TARGET' 'FREQ' 'PREDICT' 'RESIDUAL' 'INPUT') and use = 'D'));
28099      if ROLE = 'SEGMENT' then delete;
MPRINT(EM_DIAGRAM):   if ROLE = 'SEGMENT' then delete;
28100      else if ROLE ^in('FREQ','TARGET') then role = 'INPUT';
MPRINT(EM_DIAGRAM):   else if ROLE ^in('FREQ','TARGET') then role = 'INPUT';
28101      run;
MPRINT(EM_DIAGRAM):   run;

NOTE: There were 6 observations read from the data set WORK.M0RS0RIW.
      WHERE (use='Y') or (Report='Y') or (role in ('FREQ', 'INPUT', 'PREDICT', 'RESIDUAL', 'TARGET') and (use='D'));
NOTE: The data set WORK.M0RS0RIW has 6 observations and 22 variables.
NOTE: DATA statement used (Total process time):
      real time           0.00 seconds
      cpu time            0.01 seconds
      

28102      data WORK.M0BNPIDY;
MPRINT(EM_DIAGRAM):    data WORK.M0BNPIDY;
28103      set WORK.M0BNPIDY;
MPRINT(EM_DIAGRAM):   set WORK.M0BNPIDY;
28104      where(use = 'Y' or Report='Y' or (role in('SEGMENT', 'TARGET' 'FREQ' 'PREDICT' 'RESIDUAL' 'INPUT') and use = 'D'));
MPRINT(EM_DIAGRAM):   where(use = 'Y' or Report='Y' or (role in('SEGMENT', 'TARGET' 'FREQ' 'PREDICT' 'RESIDUAL' 'INPUT') and use = 'D'));
28105      if ROLE ne 'FREQ' then role = 'INPUT';
MPRINT(EM_DIAGRAM):   if ROLE ne 'FREQ' then role = 'INPUT';
28106      run;
MPRINT(EM_DIAGRAM):   run;

NOTE: There were 6 observations read from the data set WORK.M0BNPIDY.
      WHERE (use='Y') or (Report='Y') or (role in ('FREQ', 'INPUT', 'PREDICT', 'RESIDUAL', 'SEGMENT', 'TARGET') and (use='D'));
NOTE: The data set WORK.M0BNPIDY has 6 observations and 22 variables.
NOTE: DATA statement used (Total process time):
      real time           0.00 seconds
      cpu time            0.00 seconds
      

28107      *------------------------------------------------------------*;
MPRINT(EM_DIAGRAM):    *------------------------------------------------------------*;
28108      * Stat: Computing Statistics for Interval Variables;
MPRINT(EM_DIAGRAM):   * Stat: Computing Statistics for Interval Variables;
28109      *------------------------------------------------------------*;
MPRINT(EM_DIAGRAM):   *------------------------------------------------------------*;
28110      proc dmdb data=EMWS1.Ids_DATA(obs=100000) nonorm maxlevel=513
28111      varout=work._DMDBVAR(RENAME=(NAME=VARIABLE))
28112      classout=WORK.StatCLASS(drop=NMISSPERCENT rename=(NAME=VARIABLE FREQUENCY=COUNT FREQPERCENT=PERCENT))
28113      ;
MPRINT(EM_DIAGRAM):   proc dmdb data=EMWS1.Ids_DATA(obs=100000) nonorm maxlevel=513 varout=work._DMDBVAR(RENAME=(NAME=VARIABLE)) classout=WORK.StatCLASS(drop=NMISSPERCENT rename=(NAME=VARIABLE FREQUENCY=COUNT FREQPERCENT=PERCENT)) ;
28114      var
28115      OG_Cases_in_Thousands Projected_Sum_Pop Year
28116      ;
MPRINT(EM_DIAGRAM):   var OG_Cases_in_Thousands Projected_Sum_Pop Year ;
28117      class
28118      Age_group Disease Gender
28119      ;
MPRINT(EM_DIAGRAM):   class Age_group Disease Gender ;
28120      ;
MPRINT(EM_DIAGRAM):   ;
28121      run;
MPRINT(EM_DIAGRAM):   run;

NOTE: Records processed = 1575   Memory used = 511K.
NOTE: View EMWS1.IDS_DATA.VIEW used (Total process time):
      real time           0.01 seconds
      cpu time            0.01 seconds
      
NOTE: There were 1575 observations read from the data set DISEASE.OG_DISEASE_AND_PROJECTED.
NOTE: There were 1575 observations read from the data set EMWS1.IDS_DATA.
NOTE: The data set WORK._DMDBVAR has 3 observations and 9 variables.
NOTE: The data set WORK.STATCLASS has 13 observations and 8 variables.
NOTE: PROCEDURE DMDB used (Total process time):
      real time           0.02 seconds
      cpu time            0.01 seconds
      

28122      proc stdize data = EMWS1.Ids_DATA(obs=100000) out=_null_ outstat=work._STDIZE add=0 fuzz=1E-14 initial=MAD vardef=df method=STD mult=1 pctlmtd=ORD_STAT pctldef=2 pctlpts=(0 5 50 95 100);
MPRINT(EM_DIAGRAM):   proc stdize data = EMWS1.Ids_DATA(obs=100000) out=_null_ outstat=work._STDIZE add=0 fuzz=1E-14 initial=MAD vardef=df method=STD mult=1 pctlmtd=ORD_STAT pctldef=2 pctlpts=(0 5 50 95 100);
28123      var
28124      OG_Cases_in_Thousands Projected_Sum_Pop Year
28125      ;
MPRINT(EM_DIAGRAM):   var OG_Cases_in_Thousands Projected_Sum_Pop Year ;
28126      run;
MPRINT(EM_DIAGRAM):   run;

NOTE: INITIAL= will be ignored.
NOTE: View EMWS1.IDS_DATA.VIEW used (Total process time):
      real time           0.05 seconds
      cpu time            0.04 seconds
      
NOTE: There were 1575 observations read from the data set DISEASE.OG_DISEASE_AND_PROJECTED.
NOTE: There were 1575 observations read from the data set EMWS1.IDS_DATA.
NOTE: The data set WORK._STDIZE has 13 observations and 4 variables.
NOTE: PROCEDURE STDIZE used (Total process time):
      real time           0.05 seconds
      cpu time            0.06 seconds
      

28127      proc transpose data=work._STDIZE out=work._TRANSSTDIZE(drop=_LABEL_ rename=(_NAME_=VARIABLE));
MPRINT(EM_DIAGRAM):   proc transpose data=work._STDIZE out=work._TRANSSTDIZE(drop=_LABEL_ rename=(_NAME_=VARIABLE));
28128      id _type_;
MPRINT(EM_DIAGRAM):   id _type_;
28129      where _TYPE_='P50';
MPRINT(EM_DIAGRAM):   where _TYPE_='P50';
28130      run;
MPRINT(EM_DIAGRAM):   run;

WARNING: The variable _LABEL_ in the DROP, KEEP, or RENAME list has never been referenced.
NOTE: There were 1 observations read from the data set WORK._STDIZE.
      WHERE _TYPE_='P50';
NOTE: The data set WORK._TRANSSTDIZE has 3 observations and 2 variables.
NOTE: PROCEDURE TRANSPOSE used (Total process time):
      real time           0.00 seconds
      cpu time            0.00 seconds
      

28131      proc sort data=work._TRANSSTDIZE;
MPRINT(EM_DIAGRAM):   proc sort data=work._TRANSSTDIZE;
28132      by VARIABLE;
MPRINT(EM_DIAGRAM):   by VARIABLE;
28133      run;
MPRINT(EM_DIAGRAM):   run;

NOTE: There were 3 observations read from the data set WORK._TRANSSTDIZE.
NOTE: The data set WORK._TRANSSTDIZE has 3 observations and 2 variables.
NOTE: PROCEDURE SORT used (Total process time):
      real time           0.00 seconds
      cpu time            0.00 seconds
      

28134      proc sort data=work._DMDBVAR;
MPRINT(EM_DIAGRAM):   proc sort data=work._DMDBVAR;
28135      by VARIABLE;
MPRINT(EM_DIAGRAM):   by VARIABLE;
28136      run;
MPRINT(EM_DIAGRAM):   run;

NOTE: There were 3 observations read from the data set WORK._DMDBVAR.
NOTE: The data set WORK._DMDBVAR has 3 observations and 9 variables.
NOTE: PROCEDURE SORT used (Total process time):
      real time           0.00 seconds
      cpu time            0.00 seconds
      

28137      data WORK.StatINTERVAL;
MPRINT(EM_DIAGRAM):   data WORK.StatINTERVAL;
28138      merge work._TRANSSTDIZE work._DMDBVAR;
MPRINT(EM_DIAGRAM):   merge work._TRANSSTDIZE work._DMDBVAR;
28139      format N NMISS 8. MIN MAX P50 MEAN STD SKEWNESS KURTOSIS BEST8.3;
MPRINT(EM_DIAGRAM):   format N NMISS 8. MIN MAX P50 MEAN STD SKEWNESS KURTOSIS BEST8.3;
28140      by VARIABLE;
MPRINT(EM_DIAGRAM):   by VARIABLE;
28141      run;
MPRINT(EM_DIAGRAM):   run;

WARNING: Multiple lengths were specified for the BY variable VARIABLE by input data sets. This might cause unexpected results.
NOTE: There were 3 observations read from the data set WORK._TRANSSTDIZE.
NOTE: There were 3 observations read from the data set WORK._DMDBVAR.
NOTE: The data set WORK.STATINTERVAL has 3 observations and 10 variables.
NOTE: DATA statement used (Total process time):
      real time           0.00 seconds
      cpu time            0.01 seconds
      

28142      proc sort data=WORK.StatCLASS;
MPRINT(EM_DIAGRAM):    proc sort data=WORK.StatCLASS;
28143      by Variable Level;
MPRINT(EM_DIAGRAM):   by Variable Level;
28144      run;
MPRINT(EM_DIAGRAM):   run;

NOTE: There were 13 observations read from the data set WORK.STATCLASS.
NOTE: The data set WORK.STATCLASS has 13 observations and 8 variables.
NOTE: PROCEDURE SORT used (Total process time):
      real time           0.00 seconds
      cpu time            0.00 seconds
      

NOTE: There were 13 observations read from the data set WORK._STDIZE.
NOTE: The data set EMWS1.STAT_TRAINPCTLS has 13 observations and 4 variables.
28145      data colorindex;
MPRINT(EM_DIAGRAM):    data colorindex;
28146      retain LevelIndex 0;
MPRINT(EM_DIAGRAM):   retain LevelIndex 0;
28147      set WORK.StatCLASS(keep=Variable Level);
MPRINT(EM_DIAGRAM):   set WORK.StatCLASS(keep=Variable Level);
28148      by variable level;
MPRINT(EM_DIAGRAM):   by variable level;
28149      if first.variable then LevelIndex = 0;
MPRINT(EM_DIAGRAM):   if first.variable then LevelIndex = 0;
28150      if first.level then LevelIndex + 1;
MPRINT(EM_DIAGRAM):   if first.level then LevelIndex + 1;
28151      run;
MPRINT(EM_DIAGRAM):   run;

NOTE: There were 13 observations read from the data set WORK.STATCLASS.
NOTE: The data set WORK.COLORINDEX has 13 observations and 3 variables.
NOTE: DATA statement used (Total process time):
      real time           0.00 seconds
      cpu time            0.00 seconds
      

28152      data WORK.StatCLASS;
MPRINT(EM_DIAGRAM):    data WORK.StatCLASS;
28153      merge WORK.StatCLASS(in=_a) colorindex;
MPRINT(EM_DIAGRAM):   merge WORK.StatCLASS(in=_a) colorindex;
28154      by variable level;
MPRINT(EM_DIAGRAM):   by variable level;
28155      if _a then output;
MPRINT(EM_DIAGRAM):   if _a then output;
28156      run;
MPRINT(EM_DIAGRAM):   run;

NOTE: There were 13 observations read from the data set WORK.STATCLASS.
NOTE: There were 13 observations read from the data set WORK.COLORINDEX.
NOTE: The data set WORK.STATCLASS has 13 observations and 9 variables.
NOTE: DATA statement used (Total process time):
      real time           0.00 seconds
      cpu time            0.00 seconds
      

28157      data WORK.StatINTERVAL;
MPRINT(EM_DIAGRAM):    data WORK.StatINTERVAL;
28158      length DATAROLE $20;
MPRINT(EM_DIAGRAM):   length DATAROLE $20;
28159      retain DATAROLE "TRAIN";
MPRINT(EM_DIAGRAM):   retain DATAROLE "TRAIN";
28160      set WORK.StatINTERVAL;
MPRINT(EM_DIAGRAM):   set WORK.StatINTERVAL;
28161      run;
MPRINT(EM_DIAGRAM):   run;

NOTE: There were 3 observations read from the data set WORK.STATINTERVAL.
NOTE: The data set WORK.STATINTERVAL has 3 observations and 11 variables.
NOTE: DATA statement used (Total process time):
      real time           0.00 seconds
      cpu time            0.00 seconds
      

28162      proc append base=EMWS1.Stat_INTERVAL data=WORK.StatINTERVAL force;
MPRINT(EM_DIAGRAM):   proc append base=EMWS1.Stat_INTERVAL data=WORK.StatINTERVAL force;
28163      run;
MPRINT(EM_DIAGRAM):   run;

NOTE: Appending WORK.STATINTERVAL to EMWS1.STAT_INTERVAL.
NOTE: BASE data set does not exist. DATA file is being copied to BASE file.
NOTE: There were 3 observations read from the data set WORK.STATINTERVAL.
NOTE: The data set EMWS1.STAT_INTERVAL has 3 observations and 11 variables.
NOTE: PROCEDURE APPEND used (Total process time):
      real time           0.00 seconds
      cpu time            0.00 seconds
      

28164      data WORK.StatCLASS;
MPRINT(EM_DIAGRAM):    data WORK.StatCLASS;
28165      length DATAROLE $20;
MPRINT(EM_DIAGRAM):   length DATAROLE $20;
28166      retain DATAROLE "TRAIN";
MPRINT(EM_DIAGRAM):   retain DATAROLE "TRAIN";
28167      set WORK.StatCLASS;
MPRINT(EM_DIAGRAM):   set WORK.StatCLASS;
28168      run;
MPRINT(EM_DIAGRAM):   run;

NOTE: There were 13 observations read from the data set WORK.STATCLASS.
NOTE: The data set WORK.STATCLASS has 13 observations and 10 variables.
NOTE: DATA statement used (Total process time):
      real time           0.00 seconds
      cpu time            0.00 seconds
      

28169      proc append base=EMWS1.Stat_CLASS data=WORK.StatCLASS force;
MPRINT(EM_DIAGRAM):   proc append base=EMWS1.Stat_CLASS data=WORK.StatCLASS force;
28170      run;
MPRINT(EM_DIAGRAM):   run;

NOTE: Appending WORK.STATCLASS to EMWS1.STAT_CLASS.
NOTE: BASE data set does not exist. DATA file is being copied to BASE file.
NOTE: There were 13 observations read from the data set WORK.STATCLASS.
NOTE: The data set EMWS1.STAT_CLASS has 13 observations and 10 variables.
NOTE: PROCEDURE APPEND used (Total process time):
      real time           0.00 seconds
      cpu time            0.00 seconds
      

28171      proc sort data=EMWS1.Stat_VariableSet out=tempVariable(keep=name label role rename=(name=variable));
MPRINT(EM_DIAGRAM):    proc sort data=EMWS1.Stat_VariableSet out=tempVariable(keep=name label role rename=(name=variable));
28172      by name;
MPRINT(EM_DIAGRAM):   by name;
28173      run;
MPRINT(EM_DIAGRAM):   run;

NOTE: There were 6 observations read from the data set EMWS1.STAT_VARIABLESET.
NOTE: The data set WORK.TEMPVARIABLE has 6 observations and 3 variables.
NOTE: PROCEDURE SORT used (Total process time):
      real time           0.00 seconds
      cpu time            0.00 seconds
      

28174      proc sort data=EMWS1.Stat_CLASS;
MPRINT(EM_DIAGRAM):   proc sort data=EMWS1.Stat_CLASS;
28175      by Variable;
MPRINT(EM_DIAGRAM):   by Variable;
28176      run;
MPRINT(EM_DIAGRAM):   run;

NOTE: There were 13 observations read from the data set EMWS1.STAT_CLASS.
NOTE: The data set EMWS1.STAT_CLASS has 13 observations and 10 variables.
NOTE: PROCEDURE SORT used (Total process time):
      real time           0.00 seconds
      cpu time            0.00 seconds
      

28177      data EMWS1.Stat_CLASS;
MPRINT(EM_DIAGRAM):   data EMWS1.Stat_CLASS;
28178      merge EMWS1.Stat_CLASS(in=_a) tempVariable;
MPRINT(EM_DIAGRAM):   merge EMWS1.Stat_CLASS(in=_a) tempVariable;
28179      by variable;
MPRINT(EM_DIAGRAM):   by variable;
28180      if label = '' then label=Variable;
MPRINT(EM_DIAGRAM):   if label = '' then label=Variable;
28181      if _a then output;
MPRINT(EM_DIAGRAM):   if _a then output;
28182      run;
MPRINT(EM_DIAGRAM):   run;

WARNING: Multiple lengths were specified for the BY variable VARIABLE by input data sets. This might cause unexpected results.
NOTE: There were 13 observations read from the data set EMWS1.STAT_CLASS.
NOTE: There were 6 observations read from the data set WORK.TEMPVARIABLE.
NOTE: The data set EMWS1.STAT_CLASS has 13 observations and 12 variables.
NOTE: DATA statement used (Total process time):
      real time           0.00 seconds
      cpu time            0.00 seconds
      

28183      run;
MPRINT(EM_DIAGRAM):    run;
28184      proc sort data=EMWS1.Stat_VariableSet out=tempVariable(keep=name label role rename=(name=variable));
MPRINT(EM_DIAGRAM):   proc sort data=EMWS1.Stat_VariableSet out=tempVariable(keep=name label role rename=(name=variable));
28185      by name;
MPRINT(EM_DIAGRAM):   by name;
28186      run;
MPRINT(EM_DIAGRAM):   run;

NOTE: There were 6 observations read from the data set EMWS1.STAT_VARIABLESET.
NOTE: The data set WORK.TEMPVARIABLE has 6 observations and 3 variables.
NOTE: PROCEDURE SORT used (Total process time):
      real time           0.00 seconds
      cpu time            0.00 seconds
      

28187      proc sort data=EMWS1.Stat_INTERVAL;
MPRINT(EM_DIAGRAM):   proc sort data=EMWS1.Stat_INTERVAL;
28188      by Variable;
MPRINT(EM_DIAGRAM):   by Variable;
28189      run;
MPRINT(EM_DIAGRAM):   run;

NOTE: There were 3 observations read from the data set EMWS1.STAT_INTERVAL.
NOTE: The data set EMWS1.STAT_INTERVAL has 3 observations and 11 variables.
NOTE: PROCEDURE SORT used (Total process time):
      real time           0.00 seconds
      cpu time            0.01 seconds
      

28190      data EMWS1.Stat_INTERVAL;
MPRINT(EM_DIAGRAM):   data EMWS1.Stat_INTERVAL;
28191      merge EMWS1.Stat_INTERVAL(in=_a) tempVariable;
MPRINT(EM_DIAGRAM):   merge EMWS1.Stat_INTERVAL(in=_a) tempVariable;
28192      by variable;
MPRINT(EM_DIAGRAM):   by variable;
28193      if label = '' then label=Variable;
MPRINT(EM_DIAGRAM):   if label = '' then label=Variable;
28194      if _a then output;
MPRINT(EM_DIAGRAM):   if _a then output;
28195      run;
MPRINT(EM_DIAGRAM):   run;

WARNING: Multiple lengths were specified for the BY variable VARIABLE by input data sets. This might cause unexpected results.
NOTE: There were 3 observations read from the data set EMWS1.STAT_INTERVAL.
NOTE: There were 6 observations read from the data set WORK.TEMPVARIABLE.
NOTE: The data set EMWS1.STAT_INTERVAL has 3 observations and 13 variables.
NOTE: DATA statement used (Total process time):
      real time           0.00 seconds
      cpu time            0.00 seconds
      

28196      proc datasets library=EMWS1 nolist;
MPRINT(EM_DIAGRAM):   proc datasets library=EMWS1 nolist;
28197      modify Stat_INTERVAL;
MPRINT(EM_DIAGRAM):   modify Stat_INTERVAL;
MPRINT(EM_DIAGRAM):   label DATAROLE = "Data Role";
28198      label DATAROLE = "%sysfunc(sasmsg(sashelp.dmine, rpt_datarole_vlabel, NOQUOTE))";
MPRINT(EM_DIAGRAM):   label Variable = "Variable";
28199      label Variable = "%sysfunc(sasmsg(sashelp.dmine, rpt_variable_vlabel, NOQUOTE))";
MPRINT(EM_DIAGRAM):   label MEAN = "Mean";
28200      label MEAN = "%sysfunc(sasmsg(sashelp.dmine, rpt_mean_vlabel,    NOQUOTE))";
MPRINT(EM_DIAGRAM):   label N = "Non Missing";
28201      label N = "%sysfunc(sasmsg(sashelp.dmine, rpt_nonMiss_vlabel, NOQUOTE))";
MPRINT(EM_DIAGRAM):   label STD = "Standard Deviation";
28202      label STD = "%sysfunc(sasmsg(sashelp.dmine, rpt_std_vlabel,     NOQUOTE))";
MPRINT(EM_DIAGRAM):   label NMISS = "Missing";
28203      label NMISS = "%sysfunc(sasmsg(sashelp.dmine, rpt_missing_vlabel, NOQUOTE))";
MPRINT(EM_DIAGRAM):   label p50 = "Median";
28204      label p50 = "%sysfunc(sasmsg(sashelp.dmine, rpt_median_vlabel, NOQUOTE))";
MPRINT(EM_DIAGRAM):   label MIN = "Minimum";
28205      label MIN = "%sysfunc(sasmsg(sashelp.dmine, rpt_minimum_vlabel, NOQUOTE))";
MPRINT(EM_DIAGRAM):   label MAX = "Maximum";
28206      label MAX = "%sysfunc(sasmsg(sashelp.dmine, rpt_maximum_vlabel, NOQUOTE))";
MPRINT(EM_DIAGRAM):   label SKEWNESS = "Skewness";
28207      label SKEWNESS = "%sysfunc(sasmsg(sashelp.dmine, rpt_skewness_vlabel, NOQUOTE))";
MPRINT(EM_DIAGRAM):   label KURTOSIS = "Kurtosis";
28208      label KURTOSIS = "%sysfunc(sasmsg(sashelp.dmine, rpt_kurtosis_vlabel, NOQUOTE))";
MPRINT(EM_DIAGRAM):   run;
28209      run;

NOTE: MODIFY was successful for EMWS1.STAT_INTERVAL.DATA.

NOTE: PROCEDURE DATASETS used (Total process time):
      real time           0.01 seconds
      cpu time            0.01 seconds
      

28210      proc sort data=EMWS1.Stat_CLASS NOTHREADS;
MPRINT(EM_DIAGRAM):   proc sort data=EMWS1.Stat_CLASS NOTHREADS;
28211      by DATAROLE ROLE Variable descending COUNT;
MPRINT(EM_DIAGRAM):   by DATAROLE ROLE Variable descending COUNT;
28212      run;
MPRINT(EM_DIAGRAM):   run;

NOTE: There were 13 observations read from the data set EMWS1.STAT_CLASS.
NOTE: The data set EMWS1.STAT_CLASS has 13 observations and 12 variables.
NOTE: PROCEDURE SORT used (Total process time):
      real time           0.00 seconds
      cpu time            0.00 seconds
      

28213      data WORK.StatCLASS(keep=DATAROLE Variable ROLE Numcat Nmiss Mode ModePct Mode2 Mode2Pct);
MPRINT(EM_DIAGRAM):   data WORK.StatCLASS(keep=DATAROLE Variable ROLE Numcat Nmiss Mode ModePct Mode2 Mode2Pct);
28214      set EMWS1.Stat_CLASS;
MPRINT(EM_DIAGRAM):   set EMWS1.Stat_CLASS;
28215      length Mode Mode2 $32;
MPRINT(EM_DIAGRAM):   length Mode Mode2 $32;
28216      retain NMiss 0 ModePct 0 Mode2Pct 0 Mode '' Mode2 '';
MPRINT(EM_DIAGRAM):   retain NMiss 0 ModePct 0 Mode2Pct 0 Mode '' Mode2 '';
28217      by DATAROLE ROLE Variable;
MPRINT(EM_DIAGRAM):   by DATAROLE ROLE Variable;
28218      if first.DATAROLE or first.variable then do;
MPRINT(EM_DIAGRAM):   if first.DATAROLE or first.variable then do;
28219      Numcat = 1;
MPRINT(EM_DIAGRAM):   Numcat = 1;
28220      NMiss = 0;
MPRINT(EM_DIAGRAM):   NMiss = 0;
28221      Mode = strip(LEVEL);
MPRINT(EM_DIAGRAM):   Mode = strip(LEVEL);
28222      ModePct = PERCENT;
MPRINT(EM_DIAGRAM):   ModePct = PERCENT;
28223      Mode2 = '';
MPRINT(EM_DIAGRAM):   Mode2 = '';
28224      Mode2Pct = 0;
MPRINT(EM_DIAGRAM):   Mode2Pct = 0;
28225      end;
MPRINT(EM_DIAGRAM):   end;
28226      else Numcat +1;
MPRINT(EM_DIAGRAM):   else Numcat +1;
28227      if Numcat =2 then do;
MPRINT(EM_DIAGRAM):   if Numcat =2 then do;
28228      Mode2 = strip(LEVEL);
MPRINT(EM_DIAGRAM):   Mode2 = strip(LEVEL);
28229      Mode2Pct = PERCENT;
MPRINT(EM_DIAGRAM):   Mode2Pct = PERCENT;
28230      end;
MPRINT(EM_DIAGRAM):   end;
28231      if NRAW=. and CRAW='' then NMiss= COUNT;
MPRINT(EM_DIAGRAM):   if NRAW=. and CRAW='' then NMiss= COUNT;
28232      if last.DATAROLE or last.variable then output;
MPRINT(EM_DIAGRAM):   if last.DATAROLE or last.variable then output;
28233      run;
MPRINT(EM_DIAGRAM):   run;

NOTE: There were 13 observations read from the data set EMWS1.STAT_CLASS.
NOTE: The data set WORK.STATCLASS has 3 observations and 9 variables.
NOTE: DATA statement used (Total process time):
      real time           0.00 seconds
      cpu time            0.00 seconds
      

28234      %let _cn = %sysfunc(getoption(CENTER));
28235      %let _nb = %sysfunc(getoption(NUMBER));
28236      options nonumber nocenter;
MPRINT(EM_DIAGRAM):   options nonumber nocenter;
28237      title;
MPRINT(EM_DIAGRAM):   title;
28238      title9 ' ';
MPRINT(EM_DIAGRAM):   title9 ' ';
28239      proc print data=WORK.StatCLASS(obs=500) label noobs;
MPRINT(EM_DIAGRAM):   proc print data=WORK.StatCLASS(obs=500) label noobs;
28240      var DATAROLE VARIABLE ROLE NUMCAT NMISS Mode ModePct Mode2 Mode2Pct;
MPRINT(EM_DIAGRAM):   var DATAROLE VARIABLE ROLE NUMCAT NMISS Mode ModePct Mode2 Mode2Pct;
28241      label DATAROLE = "%sysfunc(sasmsg(sashelp.dmine, rpt_datarole_vlabel, NOQUOTE))" ROLE = "%sysfunc(sasmsg(sashelp.dmine, meta_role_vlabel, NOQUOTE))" NUMCAT = "%sysfunc(sasmsg(sashelp.dmine, rpt_numcat_vlabel,   NOQUOTE))" NMISS =
28242         "%sysfunc(sasmsg(sashelp.dmine, rpt_missing_vlabel,  NOQUOTE))" MODE = "%sysfunc(sasmsg(sashelp.dmine, rpt_mode_vlabel,     NOQUOTE))" MODEPCT = "%sysfunc(sasmsg(sashelp.dmine, rpt_modepct_vlabel,  NOQUOTE))" MODE2 =
28243         "%sysfunc(sasmsg(sashelp.dmine, rpt_mode2_vlabel,     NOQUOTE))" MODE2PCT = "%sysfunc(sasmsg(sashelp.dmine, rpt_mode2pct_vlabel, NOQUOTE))";
MPRINT(EM_DIAGRAM):   label DATAROLE = "Data Role" ROLE = "Role" NUMCAT = "Number of Levels" NMISS = "Missing" MODE = "Mode" MODEPCT = "Mode Percentage" MODE2 = "Mode2" MODE2PCT = "Mode2 Percentage";
28244      format ModePct Mode2Pct 5.2;
MPRINT(EM_DIAGRAM):   format ModePct Mode2Pct 5.2;
28245      by DATAROLE;
MPRINT(EM_DIAGRAM):   by DATAROLE;
28246      title9 "%sysfunc(sasmsg(sashelp.dmine, rpt_classStats_title,     NOQUOTE))";
MPRINT(EM_DIAGRAM):   title9 "Class Variable Summary Statistics";
28247      title10 "%sysfunc(sasmsg(sashelp.dmine, rpt_maxObsPrinted_title,  NOQUOTE))";
MPRINT(EM_DIAGRAM):   title10 "(maximum 500 observations printed)";
MPRINT(EM_DIAGRAM):   run;
28248      run;

NOTE: There were 3 observations read from the data set WORK.STATCLASS.
NOTE: The PROCEDURE PRINT printed page 5.
NOTE: PROCEDURE PRINT used (Total process time):
      real time           0.00 seconds
      cpu time            0.01 seconds
      

28249      title9;
MPRINT(EM_DIAGRAM):   title9;
28250      title10;
MPRINT(EM_DIAGRAM):   title10;
28251      options &_cn &_nb;
MPRINT(EM_DIAGRAM):   options NOCENTER NONUMBER;
28252      data WORK.StatINTERVALSUMMARY;
MPRINT(EM_DIAGRAM):    data WORK.StatINTERVALSUMMARY;
28253      set EMWS1.Stat_INTERVAL;
MPRINT(EM_DIAGRAM):   set EMWS1.Stat_INTERVAL;
28254      length ROLE $32;
MPRINT(EM_DIAGRAM):   length ROLE $32;
28255      if Variable = "OG_Cases_in_Thousands" then ROLE="TARGET";
MPRINT(EM_DIAGRAM):   if Variable = "OG_Cases_in_Thousands" then ROLE="TARGET";
28256      else
28257      if Variable = "Projected_Sum_Pop" then ROLE="INPUT";
MPRINT(EM_DIAGRAM):   else if Variable = "Projected_Sum_Pop" then ROLE="INPUT";
28258      else
28259      if Variable = "Year" then ROLE="INPUT";
MPRINT(EM_DIAGRAM):   else if Variable = "Year" then ROLE="INPUT";
28260      run;
MPRINT(EM_DIAGRAM):   run;

NOTE: There were 3 observations read from the data set EMWS1.STAT_INTERVAL.
NOTE: The data set WORK.STATINTERVALSUMMARY has 3 observations and 13 variables.
NOTE: DATA statement used (Total process time):
      real time           0.00 seconds
      cpu time            0.00 seconds
      

28261      proc sort data=WORK.StatINTERVALSUMMARY NOTHREADS;
MPRINT(EM_DIAGRAM):    proc sort data=WORK.StatINTERVALSUMMARY NOTHREADS;
28262      by DATAROLE ROLE Variable;
MPRINT(EM_DIAGRAM):   by DATAROLE ROLE Variable;
28263      run;
MPRINT(EM_DIAGRAM):   run;

NOTE: There were 3 observations read from the data set WORK.STATINTERVALSUMMARY.
NOTE: The data set WORK.STATINTERVALSUMMARY has 3 observations and 13 variables.
NOTE: PROCEDURE SORT used (Total process time):
      real time           0.00 seconds
      cpu time            0.00 seconds
      

28264      %let _cn = %sysfunc(getoption(CENTER));
28265      %let _nb = %sysfunc(getoption(NUMBER));
28266      options nonumber nocenter;
MPRINT(EM_DIAGRAM):   options nonumber nocenter;
28267      title;
MPRINT(EM_DIAGRAM):   title;
28268      proc print data=WORK.StatINTERVALSUMMARY(obs=500) label noobs;
MPRINT(EM_DIAGRAM):   proc print data=WORK.StatINTERVALSUMMARY(obs=500) label noobs;
28269      var Variable ROLE MEAN STD N NMISS MIN P50 MAX SKEWNESS KURTOSIS;
MPRINT(EM_DIAGRAM):   var Variable ROLE MEAN STD N NMISS MIN P50 MAX SKEWNESS KURTOSIS;
28270      by DATAROLE;
MPRINT(EM_DIAGRAM):   by DATAROLE;
28271      title9 "%sysfunc(sasmsg(sashelp.dmine, rpt_intervalStats_title, NOQUOTE))";
MPRINT(EM_DIAGRAM):   title9 "Interval Variable Summary Statistics";
28272      title10 "%sysfunc(sasmsg(sashelp.dmine, rpt_maxObsPrinted_title, NOQUOTE))";
MPRINT(EM_DIAGRAM):   title10 "(maximum 500 observations printed)";
MPRINT(EM_DIAGRAM):   run;
28273      run;

NOTE: There were 3 observations read from the data set WORK.STATINTERVALSUMMARY.
NOTE: The PROCEDURE PRINT printed page 6.
NOTE: PROCEDURE PRINT used (Total process time):
      real time           0.00 seconds
      cpu time            0.01 seconds
      

28274      title9;
MPRINT(EM_DIAGRAM):   title9;
28275      title10;
MPRINT(EM_DIAGRAM):   title10;
28276      options &_cn &_nb;
MPRINT(EM_DIAGRAM):   options NOCENTER NONUMBER;
28277      *------------------------------------------------------------*;
MPRINT(EM_DIAGRAM):    *------------------------------------------------------------*;
28278      * Stat: Computing Correlation Statistics;
MPRINT(EM_DIAGRAM):   * Stat: Computing Correlation Statistics;
28279      *------------------------------------------------------------*;
MPRINT(EM_DIAGRAM):   *------------------------------------------------------------*;
28280      proc corr data=EMWS1.Ids_DATA(obs=100000)
28281      pearson outp = WORK.Stat_TEMP
28282      noprint
28283      ;
MPRINT(EM_DIAGRAM):   proc corr data=EMWS1.Ids_DATA(obs=100000) pearson outp = WORK.Stat_TEMP noprint ;
28284      var
28285      OG_Cases_in_Thousands
28286      ;
MPRINT(EM_DIAGRAM):   var OG_Cases_in_Thousands ;
28287      with
28288      OG_Cases_in_Thousands
28289      Projected_Sum_Pop
28290      Year
28291      ;
MPRINT(EM_DIAGRAM):   with OG_Cases_in_Thousands Projected_Sum_Pop Year ;
28292      ;
MPRINT(EM_DIAGRAM):   ;
28293      run;
MPRINT(EM_DIAGRAM):   run;

NOTE: View EMWS1.IDS_DATA.VIEW used (Total process time):
      real time           0.05 seconds
      cpu time            0.04 seconds
      
NOTE: There were 1575 observations read from the data set DISEASE.OG_DISEASE_AND_PROJECTED.
NOTE: The data set WORK.STAT_TEMP has 6 observations and 3 variables.
NOTE: PROCEDURE CORR used (Total process time):
      real time           0.05 seconds
      cpu time            0.06 seconds
      

MPRINT(EM_DIAGRAM):   quit;
28294      quit;

28295      data WORK.StatCORR;
MPRINT(EM_DIAGRAM):    data WORK.StatCORR;
28296      length CORRTYPE $8;
MPRINT(EM_DIAGRAM):   length CORRTYPE $8;
28297      drop _TYPE_;
MPRINT(EM_DIAGRAM):   drop _TYPE_;
28298      set
28299      WORK.Stat_TEMP(in=a)
28300      ;
MPRINT(EM_DIAGRAM):   set WORK.Stat_TEMP(in=a) ;
28301      if a then CORRTYPE = 'PEARSON';
MPRINT(EM_DIAGRAM):   if a then CORRTYPE = 'PEARSON';
28302      where _TYPE_ = 'CORR';
MPRINT(EM_DIAGRAM):   where _TYPE_ = 'CORR';
28303      run;
MPRINT(EM_DIAGRAM):   run;

NOTE: There were 3 observations read from the data set WORK.STAT_TEMP.
      WHERE _TYPE_='CORR';
NOTE: The data set WORK.STATCORR has 3 observations and 3 variables.
NOTE: DATA statement used (Total process time):
      real time           0.00 seconds
      cpu time            0.00 seconds
      

MPRINT(EM_DIAGRAM):   quit;
28304      quit;
28305      proc sort data=WORK.StatCORR;
MPRINT(EM_DIAGRAM):   proc sort data=WORK.StatCORR;
28306      by CORRTYPE _NAME_;
MPRINT(EM_DIAGRAM):   by CORRTYPE _NAME_;
28307      run;
MPRINT(EM_DIAGRAM):   run;

NOTE: There were 3 observations read from the data set WORK.STATCORR.
NOTE: The data set WORK.STATCORR has 3 observations and 3 variables.
NOTE: PROCEDURE SORT used (Total process time):
      real time           0.00 seconds
      cpu time            0.00 seconds
      

28308      proc transpose data=WORK.StatCORR(rename=_NAME_=INPUT) out=WORK.StatCORR(DROP=_LABEL_ RENAME=(COL1=CORRVALUE)) NAME=TARGET;
MPRINT(EM_DIAGRAM):   proc transpose data=WORK.StatCORR(rename=_NAME_=INPUT) out=WORK.StatCORR(DROP=_LABEL_ RENAME=(COL1=CORRVALUE)) NAME=TARGET;
28309      by CORRTYPE INPUT;
MPRINT(EM_DIAGRAM):   by CORRTYPE INPUT;
28310      run;
MPRINT(EM_DIAGRAM):   run;

WARNING: The variable _LABEL_ in the DROP, KEEP, or RENAME list has never been referenced.
NOTE: There were 3 observations read from the data set WORK.STATCORR.
NOTE: The data set WORK.STATCORR has 3 observations and 4 variables.
NOTE: PROCEDURE TRANSPOSE used (Total process time):
      real time           0.00 seconds
      cpu time            0.00 seconds
      

28311      proc datasets lib=WORK nolist;
MPRINT(EM_DIAGRAM):   proc datasets lib=WORK nolist;
28312      modify StatCORR;
MPRINT(EM_DIAGRAM):   modify StatCORR;
28313      label Target = "%sysfunc(sasmsg(sashelp.dmine, rpt_target_vlabel ,      NOQUOTE))" INPUT = "%sysfunc(sasmsg(sashelp.dmine, rpt_input_vlabel ,       NOQUOTE))" CORRTYPE = "%sysfunc(sasmsg(sashelp.dmine, meta_type_vlabel ,       NOQUOTE))"
28313    ! CORRVALUE =
MPRINT(EM_DIAGRAM):   label Target = "Target" INPUT = "Input" CORRTYPE = "Type" CORRVALUE = "Correlation";
28314         "%sysfunc(sasmsg(sashelp.dmine, rpt_correlation_vlabel , NOQUOTE))";
MPRINT(EM_DIAGRAM):   run;
28315      run;

NOTE: MODIFY was successful for WORK.STATCORR.DATA.

NOTE: PROCEDURE DATASETS used (Total process time):
      real time           0.00 seconds
      cpu time            0.01 seconds
      

28316      proc sort data=WORK.StatCORR;
MPRINT(EM_DIAGRAM):   proc sort data=WORK.StatCORR;
28317      by CORRTYPE TARGET INPUT;
MPRINT(EM_DIAGRAM):   by CORRTYPE TARGET INPUT;
28318      where TARGET ne INPUT;
MPRINT(EM_DIAGRAM):   where TARGET ne INPUT;
28319      run;
MPRINT(EM_DIAGRAM):   run;

NOTE: There were 2 observations read from the data set WORK.STATCORR.
      WHERE TARGET not = INPUT;
NOTE: The data set WORK.STATCORR has 2 observations and 4 variables.
NOTE: PROCEDURE SORT used (Total process time):
      real time           0.00 seconds
      cpu time            0.00 seconds
      

28320      data WORK.StatCORR;
MPRINT(EM_DIAGRAM):    data WORK.StatCORR;
28321      length DATAROLE $20;
MPRINT(EM_DIAGRAM):   length DATAROLE $20;
28322      retain DATAROLE "TRAIN";
MPRINT(EM_DIAGRAM):   retain DATAROLE "TRAIN";
28323      SegmentVar = "";
MPRINT(EM_DIAGRAM):   SegmentVar = "";
28324      SegmentValue = "";
MPRINT(EM_DIAGRAM):   SegmentValue = "";
28325      SegmentId = "_OVERALL_";
MPRINT(EM_DIAGRAM):   SegmentId = "_OVERALL_";
28326      set WORK.StatCORR;
MPRINT(EM_DIAGRAM):   set WORK.StatCORR;
28327      run;
MPRINT(EM_DIAGRAM):   run;

NOTE: There were 2 observations read from the data set WORK.STATCORR.
NOTE: The data set WORK.STATCORR has 2 observations and 8 variables.
NOTE: DATA statement used (Total process time):
      real time           0.00 seconds
      cpu time            0.01 seconds
      

28328      proc append base=EMWS1.Stat_CORR data=WORK.StatCORR force;
MPRINT(EM_DIAGRAM):   proc append base=EMWS1.Stat_CORR data=WORK.StatCORR force;
28329      run;
MPRINT(EM_DIAGRAM):   run;

NOTE: Appending WORK.STATCORR to EMWS1.STAT_CORR.
NOTE: BASE data set does not exist. DATA file is being copied to BASE file.
NOTE: There were 2 observations read from the data set WORK.STATCORR.
NOTE: The data set EMWS1.STAT_CORR has 2 observations and 8 variables.
NOTE: PROCEDURE APPEND used (Total process time):
      real time           0.00 seconds
      cpu time            0.00 seconds
      

28330      %let _cn = %sysfunc(getoption(CENTER));
28331      %let _nb = %sysfunc(getoption(NUMBER));
28332      proc sort data=EMWS1.Stat_VariableSet out=tempVariable(keep=name label role rename=(name=INPUT));
MPRINT(EM_DIAGRAM):    proc sort data=EMWS1.Stat_VariableSet out=tempVariable(keep=name label role rename=(name=INPUT));
28333      by name;
MPRINT(EM_DIAGRAM):   by name;
28334      run;
MPRINT(EM_DIAGRAM):   run;

NOTE: There were 6 observations read from the data set EMWS1.STAT_VARIABLESET.
NOTE: The data set WORK.TEMPVARIABLE has 6 observations and 3 variables.
NOTE: PROCEDURE SORT used (Total process time):
      real time           0.00 seconds
      cpu time            0.00 seconds
      

28335      proc sort data=EMWS1.Stat_CORR;
MPRINT(EM_DIAGRAM):   proc sort data=EMWS1.Stat_CORR;
28336      by INPUT;
MPRINT(EM_DIAGRAM):   by INPUT;
28337      run;
MPRINT(EM_DIAGRAM):   run;

NOTE: There were 2 observations read from the data set EMWS1.STAT_CORR.
NOTE: The data set EMWS1.STAT_CORR has 2 observations and 8 variables.
NOTE: PROCEDURE SORT used (Total process time):
      real time           0.00 seconds
      cpu time            0.00 seconds
      

28338      data EMWS1.Stat_CORR;
MPRINT(EM_DIAGRAM):   data EMWS1.Stat_CORR;
28339      merge EMWS1.Stat_CORR(in=_a) tempVariable;
MPRINT(EM_DIAGRAM):   merge EMWS1.Stat_CORR(in=_a) tempVariable;
28340      by INPUT;
MPRINT(EM_DIAGRAM):   by INPUT;
28341      if label = '' then label=INPUT;
MPRINT(EM_DIAGRAM):   if label = '' then label=INPUT;
28342      if _a then output;
MPRINT(EM_DIAGRAM):   if _a then output;
28343      run;
MPRINT(EM_DIAGRAM):   run;

WARNING: Multiple lengths were specified for the BY variable INPUT by input data sets. This might cause unexpected results.
NOTE: There were 2 observations read from the data set EMWS1.STAT_CORR.
NOTE: There were 6 observations read from the data set WORK.TEMPVARIABLE.
NOTE: The data set EMWS1.STAT_CORR has 2 observations and 10 variables.
NOTE: DATA statement used (Total process time):
      real time           0.00 seconds
      cpu time            0.00 seconds
      

28344      proc sort data=EMWS1.Stat_CORR NOTHREADS;
MPRINT(EM_DIAGRAM):   proc sort data=EMWS1.Stat_CORR NOTHREADS;
28345      by DATAROLE CORRTYPE SEGMENTID TARGET descending CORRVALUE;
MPRINT(EM_DIAGRAM):   by DATAROLE CORRTYPE SEGMENTID TARGET descending CORRVALUE;
28346      run;
MPRINT(EM_DIAGRAM):   run;

NOTE: There were 2 observations read from the data set EMWS1.STAT_CORR.
NOTE: The data set EMWS1.STAT_CORR has 2 observations and 10 variables.
NOTE: PROCEDURE SORT used (Total process time):
      real time           0.00 seconds
      cpu time            0.00 seconds
      

28347      data EMWS1.Stat_CORR;
MPRINT(EM_DIAGRAM):   data EMWS1.Stat_CORR;
28348      set EMWS1.Stat_CORR;
MPRINT(EM_DIAGRAM):   set EMWS1.Stat_CORR;
28349      label DATAROLE = "%sysfunc(sasmsg(sashelp.dmine,  rpt_datarole_vlabel, NOQUOTE))" ORDEREDINPUTS = "%sysfunc(sasmsg(sashelp.dmine, rpt_orderedInput_vlabel  , NOQUOTE))";
MPRINT(EM_DIAGRAM):   label DATAROLE = "Data Role" ORDEREDINPUTS = "Ordered Inputs";
28350      label SegmentValue= "%sysfunc(sasmsg(sashelp.dmine, rpt_segmentId_vlabel, NOQUOTE))" SegmentVar = "%sysfunc(sasmsg(sashelp.dmine, rpt_segment_vlabel, NOQUOTE))" SegmentId = "%sysfunc(sasmsg(sashelp.dmine, rpt_segmentNameValue_vlabel, NOQUOTE))";
MPRINT(EM_DIAGRAM):   label SegmentValue= "Segment Id" SegmentVar = "Segment" SegmentId = "Segment Name:Value";
28351      format ORDEREDINPUTS 5.0;
MPRINT(EM_DIAGRAM):   format ORDEREDINPUTS 5.0;
28352      retain ORDEREDINPUTS 0;
MPRINT(EM_DIAGRAM):   retain ORDEREDINPUTS 0;
28353      if first.DATAROLE or first.CORRTYPE or first.SEGMENTID or first.TARGET then ORDEREDINPUTS=1;
MPRINT(EM_DIAGRAM):   if first.DATAROLE or first.CORRTYPE or first.SEGMENTID or first.TARGET then ORDEREDINPUTS=1;
28354      else ORDEREDINPUTS+1;
MPRINT(EM_DIAGRAM):   else ORDEREDINPUTS+1;
28355      by DATAROLE CORRTYPE TARGET;
MPRINT(EM_DIAGRAM):   by DATAROLE CORRTYPE TARGET;
28356      run;
MPRINT(EM_DIAGRAM):   run;

NOTE: Variable first.SEGMENTID is uninitialized.
NOTE: There were 2 observations read from the data set EMWS1.STAT_CORR.
NOTE: The data set EMWS1.STAT_CORR has 2 observations and 11 variables.
NOTE: DATA statement used (Total process time):
      real time           0.00 seconds
      cpu time            0.00 seconds
      

28357      options nonumber nocenter;
MPRINT(EM_DIAGRAM):   options nonumber nocenter;
28358      title;
MPRINT(EM_DIAGRAM):   title;
28359      title9 ' ';
MPRINT(EM_DIAGRAM):   title9 ' ';
28360      proc sort data=EMWS1.Stat_CORR NOTHREADS;
MPRINT(EM_DIAGRAM):   proc sort data=EMWS1.Stat_CORR NOTHREADS;
28361      by DATAROLE CORRTYPE TARGET descending CORRVALUE;
MPRINT(EM_DIAGRAM):   by DATAROLE CORRTYPE TARGET descending CORRVALUE;
28362      run;
MPRINT(EM_DIAGRAM):   run;

NOTE: There were 2 observations read from the data set EMWS1.STAT_CORR.
NOTE: The data set EMWS1.STAT_CORR has 2 observations and 11 variables.
NOTE: PROCEDURE SORT used (Total process time):
      real time           0.00 seconds
      cpu time            0.00 seconds
      

28363      proc print data=EMWS1.Stat_CORR(obs=500) noobs label;
MPRINT(EM_DIAGRAM):   proc print data=EMWS1.Stat_CORR(obs=500) noobs label;
28364      var INPUT CORRVALUE;
MPRINT(EM_DIAGRAM):   var INPUT CORRVALUE;
28365      by DATAROLE CORRTYPE TARGET;
MPRINT(EM_DIAGRAM):   by DATAROLE CORRTYPE TARGET;
28366      title9 "%sysfunc(sasmsg(sashelp.dmine, rpt_corrStats_title    , NOQUOTE))";
MPRINT(EM_DIAGRAM):   title9 "Correlation Statistics";
28367      title10 "%sysfunc(sasmsg(sashelp.dmine, rpt_maxObsPrinted_title, NOQUOTE))";
MPRINT(EM_DIAGRAM):   title10 "(maximum 500 observations printed)";
MPRINT(EM_DIAGRAM):   run;
28368      run;

NOTE: There were 2 observations read from the data set EMWS1.STAT_CORR.
NOTE: The PROCEDURE PRINT printed page 7.
NOTE: PROCEDURE PRINT used (Total process time):
      real time           0.00 seconds
      cpu time            0.00 seconds
      

28369      title10;
MPRINT(EM_DIAGRAM):   title10;
28370      options &_cn &_nb;
MPRINT(EM_DIAGRAM):   options NOCENTER NONUMBER;
28371      proc sort data=WORK.M0VRRISU;
MPRINT(EM_DIAGRAM):   proc sort data=WORK.M0VRRISU;
28372      by name;
MPRINT(EM_DIAGRAM):   by name;
28373      run;
MPRINT(EM_DIAGRAM):   run;

NOTE: Input data set is already sorted, no sorting done.
NOTE: PROCEDURE SORT used (Total process time):
      real time           0.00 seconds
      cpu time            0.00 seconds
      

28374      proc means data=EMWS1.Stat_CLASS noprint;
MPRINT(EM_DIAGRAM):    proc means data=EMWS1.Stat_CLASS noprint;
28375      class DATAROLE Variable;
MPRINT(EM_DIAGRAM):   class DATAROLE Variable;
28376      var PERCENT;
MPRINT(EM_DIAGRAM):   var PERCENT;
28377      output out=EMWS1.Stat_CLASSPLOT;
MPRINT(EM_DIAGRAM):   output out=EMWS1.Stat_CLASSPLOT;
28378      run;
MPRINT(EM_DIAGRAM):   run;

NOTE: There were 13 observations read from the data set EMWS1.STAT_CLASS.
NOTE: The data set EMWS1.STAT_CLASSPLOT has 40 observations and 6 variables.
NOTE: PROCEDURE MEANS used (Total process time):
      real time           0.00 seconds
      cpu time            0.00 seconds
      

28379      proc transpose data=EMWS1.Stat_CLASSPLOT out=EMWS1.Stat_CLASSPLOT;
MPRINT(EM_DIAGRAM):   proc transpose data=EMWS1.Stat_CLASSPLOT out=EMWS1.Stat_CLASSPLOT;
28380      where _type_=3 and _STAT_ = 'STD';
MPRINT(EM_DIAGRAM):   where _type_=3 and _STAT_ = 'STD';
28381      var PERCENT;
MPRINT(EM_DIAGRAM):   var PERCENT;
28382      id _STAT_;
MPRINT(EM_DIAGRAM):   id _STAT_;
28383      by DATAROLE Variable;
MPRINT(EM_DIAGRAM):   by DATAROLE Variable;
28384      run;
MPRINT(EM_DIAGRAM):   run;

NOTE: There were 3 observations read from the data set EMWS1.STAT_CLASSPLOT.
      WHERE (_type_=3) and (_STAT_='STD');
NOTE: The data set EMWS1.STAT_CLASSPLOT has 3 observations and 4 variables.
NOTE: PROCEDURE TRANSPOSE used (Total process time):
      real time           0.00 seconds
      cpu time            0.00 seconds
      

28385      proc sort data=EMWS1.Stat_CLASSPLOT;
MPRINT(EM_DIAGRAM):   proc sort data=EMWS1.Stat_CLASSPLOT;
28386      by DATAROLE descending STD;
MPRINT(EM_DIAGRAM):   by DATAROLE descending STD;
28387      where STD ne .;
MPRINT(EM_DIAGRAM):   where STD ne .;
28388      run;
MPRINT(EM_DIAGRAM):   run;

NOTE: There were 3 observations read from the data set EMWS1.STAT_CLASSPLOT.
      WHERE STD not = .;
NOTE: The data set EMWS1.STAT_CLASSPLOT has 3 observations and 4 variables.
NOTE: PROCEDURE SORT used (Total process time):
      real time           0.00 seconds
      cpu time            0.00 seconds
      

28389      data EMWS1.Stat_CLASSPLOT(keep=DATAROLE Variable STD OrderedInput);
MPRINT(EM_DIAGRAM):   data EMWS1.Stat_CLASSPLOT(keep=DATAROLE Variable STD OrderedInput);
28390      label OrderedInput = "%sysfunc(sasmsg(sashelp.dmine, rpt_orderedInput_vlabel, NOQUOTE))";
MPRINT(EM_DIAGRAM):   label OrderedInput = "Ordered Inputs";
28391      format OrderedInput 5.0;
MPRINT(EM_DIAGRAM):   format OrderedInput 5.0;
28392      label STD = "%sysfunc(sasmsg(sashelp.dmine, rpt_pctVariability_vlabel, NOQUOTE))";
MPRINT(EM_DIAGRAM):   label STD = "Percent Variability";
28393      retain OrderedInput 0;
MPRINT(EM_DIAGRAM):   retain OrderedInput 0;
28394      set EMWS1.Stat_CLASSPLOT;
MPRINT(EM_DIAGRAM):   set EMWS1.Stat_CLASSPLOT;
28395      by DATAROLE;
MPRINT(EM_DIAGRAM):   by DATAROLE;
28396      if first.DATAROLE then OrderedInput = 1;
MPRINT(EM_DIAGRAM):   if first.DATAROLE then OrderedInput = 1;
28397      else OrderedInput + 1;
MPRINT(EM_DIAGRAM):   else OrderedInput + 1;
28398      run;
MPRINT(EM_DIAGRAM):   run;

NOTE: There were 3 observations read from the data set EMWS1.STAT_CLASSPLOT.
NOTE: The data set EMWS1.STAT_CLASSPLOT has 3 observations and 4 variables.
NOTE: DATA statement used (Total process time):
      real time           0.00 seconds
      cpu time            0.01 seconds
      

28399      proc sort data=EMWS1.Stat_CLASSPLOT;
MPRINT(EM_DIAGRAM):   proc sort data=EMWS1.Stat_CLASSPLOT;
28400      by Variable;
MPRINT(EM_DIAGRAM):   by Variable;
28401      run;
MPRINT(EM_DIAGRAM):   run;

NOTE: There were 3 observations read from the data set EMWS1.STAT_CLASSPLOT.
NOTE: The data set EMWS1.STAT_CLASSPLOT has 3 observations and 4 variables.
NOTE: PROCEDURE SORT used (Total process time):
      real time           0.00 seconds
      cpu time            0.00 seconds
      

28402      data EMWS1.Stat_CLASSPLOT;
MPRINT(EM_DIAGRAM):   data EMWS1.Stat_CLASSPLOT;
28403      merge EMWS1.Stat_CLASSPLOT(in=_a) WORK.M0VRRISU(rename=(NAME=VARIABLE) Keep=NAME ROLE LABEL REPORT);
MPRINT(EM_DIAGRAM):   merge EMWS1.Stat_CLASSPLOT(in=_a) WORK.M0VRRISU(rename=(NAME=VARIABLE) Keep=NAME ROLE LABEL REPORT);
28404      by Variable;
MPRINT(EM_DIAGRAM):   by Variable;
28405      if _a and (OrderedInput<100 or Report='Y') then output;
MPRINT(EM_DIAGRAM):   if _a and (OrderedInput<100 or Report='Y') then output;
28406      run;
MPRINT(EM_DIAGRAM):   run;

WARNING: Multiple lengths were specified for the BY variable VARIABLE by input data sets. This might cause unexpected results.
NOTE: There were 3 observations read from the data set EMWS1.STAT_CLASSPLOT.
NOTE: There were 6 observations read from the data set WORK.M0VRRISU.
NOTE: The data set EMWS1.STAT_CLASSPLOT has 3 observations and 7 variables.
NOTE: DATA statement used (Total process time):
      real time           0.00 seconds
      cpu time            0.00 seconds
      

28407      data temp;
MPRINT(EM_DIAGRAM):   data temp;
28408      set EMWS1.Stat_CLASSPLOT;
MPRINT(EM_DIAGRAM):   set EMWS1.Stat_CLASSPLOT;
28409      where DATAROLE='TRAIN';
MPRINT(EM_DIAGRAM):   where DATAROLE='TRAIN';
28410      if OrderedInput<21 then plot = 1;
MPRINT(EM_DIAGRAM):   if OrderedInput<21 then plot = 1;
28411      else plot=0;
MPRINT(EM_DIAGRAM):   else plot=0;
28412      if LABEL = "" then LABEL = Variable;
MPRINT(EM_DIAGRAM):   if LABEL = "" then LABEL = Variable;
28413      keep Variable Label plot;
MPRINT(EM_DIAGRAM):   keep Variable Label plot;
28414      run;
MPRINT(EM_DIAGRAM):   run;

NOTE: There were 3 observations read from the data set EMWS1.STAT_CLASSPLOT.
      WHERE DATAROLE='TRAIN';
NOTE: The data set WORK.TEMP has 3 observations and 3 variables.
NOTE: DATA statement used (Total process time):
      real time           0.00 seconds
      cpu time            0.01 seconds
      

28415      data EMWS1.Stat_CLASSPLOT;
MPRINT(EM_DIAGRAM):   data EMWS1.Stat_CLASSPLOT;
28416      merge EMWS1.Stat_CLASSPLOT temp;
MPRINT(EM_DIAGRAM):   merge EMWS1.Stat_CLASSPLOT temp;
28417      by Variable;
MPRINT(EM_DIAGRAM):   by Variable;
28418      label DATAROLE = "%sysfunc(sasmsg(sashelp.dmine,  rpt_datarole_vlabel, NOQUOTE))" ROLE = "%sysfunc(sasmsg(sashelp.dmine, meta_role_vlabel,          NOQUOTE))" PLOT = "%sysfunc(sasmsg(sashelp.dmine, rpt_plot_vlabel,           NOQUOTE))" REPORT =
28419         "%sysfunc(sasmsg(sashelp.dmine, meta_report_vlabel,         NOQUOTE))";
MPRINT(EM_DIAGRAM):   label DATAROLE = "Data Role" ROLE = "Role" PLOT = "Plot" REPORT = "Report";
28420      run;
MPRINT(EM_DIAGRAM):   run;

NOTE: There were 3 observations read from the data set EMWS1.STAT_CLASSPLOT.
NOTE: There were 3 observations read from the data set WORK.TEMP.
NOTE: The data set EMWS1.STAT_CLASSPLOT has 3 observations and 8 variables.
NOTE: DATA statement used (Total process time):
      real time           0.00 seconds
      cpu time            0.00 seconds
      

28421      proc sort data=EMWS1.Stat_CLASSPLOT;
MPRINT(EM_DIAGRAM):   proc sort data=EMWS1.Stat_CLASSPLOT;
28422      by DATAROLE Variable;
MPRINT(EM_DIAGRAM):   by DATAROLE Variable;
28423      run;
MPRINT(EM_DIAGRAM):   run;

NOTE: There were 3 observations read from the data set EMWS1.STAT_CLASSPLOT.
NOTE: The data set EMWS1.STAT_CLASSPLOT has 3 observations and 8 variables.
NOTE: PROCEDURE SORT used (Total process time):
      real time           0.00 seconds
      cpu time            0.00 seconds
      

28424      proc sort data=EMWS1.Stat_CLASS;
MPRINT(EM_DIAGRAM):   proc sort data=EMWS1.Stat_CLASS;
28425      by DATAROLE Variable;
MPRINT(EM_DIAGRAM):   by DATAROLE Variable;
28426      run;
MPRINT(EM_DIAGRAM):   run;

NOTE: There were 13 observations read from the data set EMWS1.STAT_CLASS.
NOTE: The data set EMWS1.STAT_CLASS has 13 observations and 12 variables.
NOTE: PROCEDURE SORT used (Total process time):
      real time           0.00 seconds
      cpu time            0.00 seconds
      

28427      data EMWS1.Stat_CLASS;
MPRINT(EM_DIAGRAM):   data EMWS1.Stat_CLASS;
28428      merge EMWS1.Stat_CLASS(drop=NRAW CRAW) EMWS1.Stat_CLASSPLOT(keep=DATAROLE Variable Plot);
MPRINT(EM_DIAGRAM):   merge EMWS1.Stat_CLASS(drop=NRAW CRAW) EMWS1.Stat_CLASSPLOT(keep=DATAROLE Variable Plot);
28429      by DATAROLE Variable;
MPRINT(EM_DIAGRAM):   by DATAROLE Variable;
28430      if plot eq . then delete;
MPRINT(EM_DIAGRAM):   if plot eq . then delete;
28431      label DATAROLE = "%sysfunc(sasmsg(sashelp.dmine, rpt_datarole_vlabel,       NOQUOTE))" LEVEL = "%sysfunc(sasmsg(sashelp.dmine, rpt_level_vlabel,          NOQUOTE))" TYPE = "%sysfunc(sasmsg(sashelp.dmine, rpt_type_vlabel,           NOQUOTE))"
28431    ! COUNT =
28432         "%sysfunc(sasmsg(sashelp.dmine, rpt_count_vlabel,          NOQUOTE))" ROLE = "%sysfunc(sasmsg(sashelp.dmine, meta_role_vlabel,          NOQUOTE))" PERCENT = "%sysfunc(sasmsg(sashelp.dmine, rpt_percent_vlabel,        NOQUOTE))" PLOT =
28433         "%sysfunc(sasmsg(sashelp.dmine, rpt_plot_vlabel,           NOQUOTE))" LEVELINDEX = "%sysfunc(sasmsg(sashelp.dmine, rpt_levelIndex_vlabel,     NOQUOTE))";
MPRINT(EM_DIAGRAM):   label DATAROLE = "Data Role" LEVEL = "Level" TYPE = "Type" COUNT = "Frequency Count" ROLE = "Role" PERCENT = "Percent" PLOT = "Plot" LEVELINDEX = "Level Index";
28434      run;
MPRINT(EM_DIAGRAM):   run;

NOTE: There were 13 observations read from the data set EMWS1.STAT_CLASS.
NOTE: There were 3 observations read from the data set EMWS1.STAT_CLASSPLOT.
NOTE: The data set EMWS1.STAT_CLASS has 13 observations and 11 variables.
NOTE: DATA statement used (Total process time):
      real time           0.00 seconds
      cpu time            0.01 seconds
      

28435      data EMWS1.Stat_INTERVAL;
MPRINT(EM_DIAGRAM):    data EMWS1.Stat_INTERVAL;
28436      set EMWS1.Stat_INTERVAL;
MPRINT(EM_DIAGRAM):   set EMWS1.Stat_INTERVAL;
28437      label NMiss = "%sysfunc(sasmsg(sashelp.dmine, rpt_missing_vlabel, NOQUOTE))" absCV = "%sysfunc(sasmsg(sashelp.dmine, rpt_absCV_vlabel,   NOQUOTE))" CV = "%sysfunc(sasmsg(sashelp.dmine, rpt_cv_vlabel,      NOQUOTE))" Sign =
28438         "%sysfunc(sasmsg(sashelp.dmine, rpt_sign_vlabel,    NOQUOTE))";
MPRINT(EM_DIAGRAM):   label NMiss = "Missing" absCV = "Abs C.V." CV = "Coefficient of Variation" Sign = "Sign";
28439      if MEAN ne . then do;
MPRINT(EM_DIAGRAM):   if MEAN ne . then do;
28440      CV = STD/MEAN;
MPRINT(EM_DIAGRAM):   CV = STD/MEAN;
28441      absCV = abs(CV);
MPRINT(EM_DIAGRAM):   absCV = abs(CV);
28442      if absCV < 0 then Sign = '-';
MPRINT(EM_DIAGRAM):   if absCV < 0 then Sign = '-';
28443      else Sign = '+';
MPRINT(EM_DIAGRAM):   else Sign = '+';
28444      absCV = abs(absCV);
MPRINT(EM_DIAGRAM):   absCV = abs(absCV);
28445      end;
MPRINT(EM_DIAGRAM):   end;
28446      run;
MPRINT(EM_DIAGRAM):   run;

NOTE: There were 3 observations read from the data set EMWS1.STAT_INTERVAL.
NOTE: The data set EMWS1.STAT_INTERVAL has 3 observations and 16 variables.
NOTE: DATA statement used (Total process time):
      real time           0.00 seconds
      cpu time            0.00 seconds
      

28447      proc sort data = EMWS1.Stat_INTERVAL;
MPRINT(EM_DIAGRAM):   proc sort data = EMWS1.Stat_INTERVAL;
28448      by DATAROLE descending absCV;
MPRINT(EM_DIAGRAM):   by DATAROLE descending absCV;
28449      run;
MPRINT(EM_DIAGRAM):   run;

NOTE: There were 3 observations read from the data set EMWS1.STAT_INTERVAL.
NOTE: The data set EMWS1.STAT_INTERVAL has 3 observations and 16 variables.
NOTE: PROCEDURE SORT used (Total process time):
      real time           0.00 seconds
      cpu time            0.00 seconds
      

28450      data EMWS1.Stat_INTERVAL;
MPRINT(EM_DIAGRAM):   data EMWS1.Stat_INTERVAL;
28451      retain OrderedInput;
MPRINT(EM_DIAGRAM):   retain OrderedInput;
28452      set EMWS1.Stat_INTERVAL;
MPRINT(EM_DIAGRAM):   set EMWS1.Stat_INTERVAL;
28453      by DATAROLE;
MPRINT(EM_DIAGRAM):   by DATAROLE;
28454      label OrderedInput = "%sysfunc(sasmsg(sashelp.dmine, rpt_orderedInput_vlabel, NOQUOTE))";
MPRINT(EM_DIAGRAM):   label OrderedInput = "Ordered Inputs";
28455      format OrderedInput 5.0;
MPRINT(EM_DIAGRAM):   format OrderedInput 5.0;
28456      if first.DATAROLE then OrderedInput = 1;
MPRINT(EM_DIAGRAM):   if first.DATAROLE then OrderedInput = 1;
28457      else OrderedInput + 1;
MPRINT(EM_DIAGRAM):   else OrderedInput + 1;
28458      run;
MPRINT(EM_DIAGRAM):   run;

NOTE: There were 3 observations read from the data set EMWS1.STAT_INTERVAL.
NOTE: The data set EMWS1.STAT_INTERVAL has 3 observations and 17 variables.
NOTE: DATA statement used (Total process time):
      real time           0.00 seconds
      cpu time            0.00 seconds
      

28459      proc sort data=WORK.M0VRRISU;
MPRINT(EM_DIAGRAM):    proc sort data=WORK.M0VRRISU;
28460      by name;
MPRINT(EM_DIAGRAM):   by name;
28461      run;
MPRINT(EM_DIAGRAM):   run;

NOTE: Input data set is already sorted, no sorting done.
NOTE: PROCEDURE SORT used (Total process time):
      real time           0.00 seconds
      cpu time            0.00 seconds
      

28462      proc sort data=EMWS1.Stat_WORTH;
MPRINT(EM_DIAGRAM):    proc sort data=EMWS1.Stat_WORTH;
28463      by NAME;
MPRINT(EM_DIAGRAM):   by NAME;
28464      run;
MPRINT(EM_DIAGRAM):   run;

NOTE: There were 4 observations read from the data set EMWS1.STAT_WORTH.
NOTE: The data set EMWS1.STAT_WORTH has 4 observations and 5 variables.
NOTE: PROCEDURE SORT used (Total process time):
      real time           0.00 seconds
      cpu time            0.00 seconds
      

28465      data EMWS1.Stat_WORTH;
MPRINT(EM_DIAGRAM):   data EMWS1.Stat_WORTH;
28466      merge EMWS1.Stat_WORTH(in=_a) WORK.M0VRRISU(Keep=NAME LABEL REPORT);
MPRINT(EM_DIAGRAM):   merge EMWS1.Stat_WORTH(in=_a) WORK.M0VRRISU(Keep=NAME LABEL REPORT);
28467      by NAME;
MPRINT(EM_DIAGRAM):   by NAME;
28468      if REPORT = 'Y' then plot = 1;
MPRINT(EM_DIAGRAM):   if REPORT = 'Y' then plot = 1;
28469      if LABEL = "" then LABEL = NAME;
MPRINT(EM_DIAGRAM):   if LABEL = "" then LABEL = NAME;
28470      if _a then output;
MPRINT(EM_DIAGRAM):   if _a then output;
28471      drop report;
MPRINT(EM_DIAGRAM):   drop report;
28472      run;
MPRINT(EM_DIAGRAM):   run;

WARNING: Multiple lengths were specified for the BY variable Name by input data sets. This might cause unexpected results.
NOTE: There were 4 observations read from the data set EMWS1.STAT_WORTH.
NOTE: There were 6 observations read from the data set WORK.M0VRRISU.
NOTE: The data set EMWS1.STAT_WORTH has 4 observations and 7 variables.
NOTE: DATA statement used (Total process time):
      real time           0.00 seconds
      cpu time            0.00 seconds
      

28473      proc sort data=EMWS1.Stat_WORTH;
MPRINT(EM_DIAGRAM):   proc sort data=EMWS1.Stat_WORTH;
28474      by rank;
MPRINT(EM_DIAGRAM):   by rank;
28475      run;
MPRINT(EM_DIAGRAM):   run;

NOTE: There were 4 observations read from the data set EMWS1.STAT_WORTH.
NOTE: The data set EMWS1.STAT_WORTH has 4 observations and 7 variables.
NOTE: PROCEDURE SORT used (Total process time):
      real time           0.00 seconds
      cpu time            0.01 seconds
      

MPRINT(EM_DIAGRAM):    proc printto;
MPRINT(EM_DIAGRAM):   run;
