MPRINT(EM_DIAGRAM):    data _null_;
MPRINT(EM_DIAGRAM):   call symput('NLDATE', strip(put(date(), NLDATE.)));
MPRINT(EM_DIAGRAM):   call symput('NLTIME', strip(put(datetime(), NLTIME.)));
MPRINT(EM_DIAGRAM):   run;
MPRINT(EM_DIAGRAM):   data _null_;
MPRINT(EM_DIAGRAM):   nldate= sasmsg("sashelp.dmine", "log_date_note", 'N', "December 08, 2019" );
MPRINT(EM_DIAGRAM):   nltime= sasmsg("sashelp.dmine", "log_time_note", 'N', "17:53:41" );
MPRINT(EM_DIAGRAM):   put "*------------------------------------------------------------*";
MPRINT(EM_DIAGRAM):   put "* Training Log";
MPRINT(EM_DIAGRAM):   put nldate;
MPRINT(EM_DIAGRAM):   put nltime;
MPRINT(EM_DIAGRAM):   put "*------------------------------------------------------------*";
MPRINT(EM_DIAGRAM):   run;
*------------------------------------------------------------*
* Training Log
Date:                December 08, 2019
Time:                17:53:41
*------------------------------------------------------------*
MPRINT(EM_DIAGRAM):    filename O1XJK4O2 "C:\Users\student\Desktop\AA490\Project\AA490_Project\Modeling\Labor Force Model\Workspaces\EMWS1\Reg3\EMTRAIN.out" encoding="UTF-8" NOBOM;
MPRINT(EM_DIAGRAM):   proc printto print=O1XJK4O2 new;
MPRINT(EM_DIAGRAM):   run;
MPRINT(EM_DIAGRAM):    filename _LOG "C:\Users\student\Desktop\AA490\Project\AA490_Project\Modeling\Labor Force Model\Workspaces\EMWS1\Reg3\EMLOG.log" encoding="UTF-8" NOBOM;
MPRINT(EM_DIAGRAM):    data _null_;
MPRINT(EM_DIAGRAM):   call symput('NLDATE', strip(put(date(), NLDATE.)));
MPRINT(EM_DIAGRAM):   call symput('NLTIME', strip(put(datetime(), NLTIME.)));
MPRINT(EM_DIAGRAM):   run;
MPRINT(EM_DIAGRAM):   data _null_;
MPRINT(EM_DIAGRAM):   nldate= sasmsg("sashelp.dmine", "log_date_note", 'N', "December 08, 2019" );
MPRINT(EM_DIAGRAM):   nltime= sasmsg("sashelp.dmine", "log_time_note", 'N', "17:53:41" );
MPRINT(EM_DIAGRAM):   file _LOG;
MPRINT(EM_DIAGRAM):   put "*------------------------------------------------------------*";
MPRINT(EM_DIAGRAM):   put "User:                student";
MPRINT(EM_DIAGRAM):   put nldate;
MPRINT(EM_DIAGRAM):   put nltime;
MPRINT(EM_DIAGRAM):   put "Site:                70082322";
MPRINT(EM_DIAGRAM):   put "Platform:            X64_10PRO";
MPRINT(EM_DIAGRAM):   put "Maintenance Release: 9.04.01M4P110916";
MPRINT(EM_DIAGRAM):   put "EM Version:          14.2";
MPRINT(EM_DIAGRAM):   put "* ";
MPRINT(EM_DIAGRAM):   run;
MPRINT(EM_DIAGRAM):    filename _LOGIN "C:\Users\student\Desktop\AA490\Project\AA490_Project\Modeling\Labor Force Model\Workspaces\EMWS1\Reg3\EMTRAIN.log" encoding="UTF-8" NOBOM;
MPRINT(EM_COPYFILE):   data _null_;
MPRINT(EM_COPYFILE):   length line $20000;
MPRINT(EM_COPYFILE):   file _LOG MOD lrecl=20000;
MPRINT(EM_COPYFILE):   fid=fopen("_LOGIN",'i',20000,'v');
MPRINT(EM_COPYFILE):   if fid > 0 then do;
MPRINT(EM_COPYFILE):   do while(^fread(fid));
MPRINT(EM_COPYFILE):   rlen = frlen(fid);
MPRINT(EM_COPYFILE):   rc= fget(fid,line,20000);
MPRINT(EM_COPYFILE):   start = length(line)-length(left(line))+1;
MPRINT(EM_COPYFILE):   line=strip(line);
MPRINT(EM_COPYFILE):   put @start line;
MPRINT(EM_COPYFILE):   end;
MPRINT(EM_COPYFILE):   if fid > 0 then rc=fclose(fid);
MPRINT(EM_COPYFILE):   end;
MPRINT(EM_COPYFILE):   run;
MPRINT(EM_DIAGRAM):  ;
MPRINT(EM_DIAGRAM):   filename _LOGIN;
MPRINT(EM_DIAGRAM):    data _null_;
MPRINT(EM_DIAGRAM):   file _LOG mod;
MPRINT(EM_DIAGRAM):   put _page_;
MPRINT(EM_DIAGRAM):   run;
MPRINT(EM_DIAGRAM):   filename _LOGIN "C:\Users\student\Desktop\AA490\Project\AA490_Project\Modeling\Labor Force Model\Workspaces\EMWS1\Reg3\EMSCORE.log" encoding="UTF-8" NOBOM;
MPRINT(EM_DIAGRAM):  ;
MPRINT(EM_DIAGRAM):   data _null_;
MPRINT(EM_DIAGRAM):   file _LOG mod;
MPRINT(EM_DIAGRAM):   put _page_;
MPRINT(EM_DIAGRAM):   run;
MPRINT(EM_DIAGRAM):    filename _LOGIN "C:\Users\student\Desktop\AA490\Project\AA490_Project\Modeling\Labor Force Model\Workspaces\EMWS1\Reg3\EMREPORT.log" encoding="UTF-8" NOBOM;
MPRINT(EM_DIAGRAM):  ;
MPRINT(EM_DIAGRAM):   filename _LOGIN;
MPRINT(EM_DIAGRAM):    filename _LOG;
MPRINT(EM_DIAGRAM):    filename _OUT "C:\Users\student\Desktop\AA490\Project\AA490_Project\Modeling\Labor Force Model\Workspaces\EMWS1\Reg3\EMOUTPUT.out" encoding="UTF-8" NOBOM;
MPRINT(EM_DIAGRAM):    data _null_;
MPRINT(EM_DIAGRAM):   call symput('NLDATE', strip(put(date(), NLDATE.)));
MPRINT(EM_DIAGRAM):   call symput('NLTIME', strip(put(datetime(), NLTIME.)));
MPRINT(EM_DIAGRAM):   run;
MPRINT(EM_DIAGRAM):   data _null_;
MPRINT(EM_DIAGRAM):   nldate= sasmsg("sashelp.dmine", "log_date_note", 'N', "December 08, 2019" );
MPRINT(EM_DIAGRAM):   nltime= sasmsg("sashelp.dmine", "log_time_note", 'N', "17:53:41" );
MPRINT(EM_DIAGRAM):   file _OUT;
MPRINT(EM_DIAGRAM):   put "*------------------------------------------------------------*";
MPRINT(EM_DIAGRAM):   put "User:                student";
MPRINT(EM_DIAGRAM):   put nldate;
MPRINT(EM_DIAGRAM):   put nltime;
MPRINT(EM_DIAGRAM):   put "*------------------------------------------------------------*";
MPRINT(EM_DIAGRAM):   put "* Training Output";
MPRINT(EM_DIAGRAM):   put "*------------------------------------------------------------*";
MPRINT(EM_DIAGRAM):   run;
MPRINT(EM_DIAGRAM):    filename _OUTIN "C:\Users\student\Desktop\AA490\Project\AA490_Project\Modeling\Labor Force Model\Workspaces\EMWS1\Reg3\EMTRAIN.out" encoding="UTF-8" NOBOM;
MPRINT(EM_DIAGRAM):   ;
MPRINT(EM_COPYFILE):   data _null_;
MPRINT(EM_COPYFILE):   length line $20000;
MPRINT(EM_COPYFILE):   file _OUT MOD lrecl=20000;
MPRINT(EM_COPYFILE):   fid=fopen("_OUTIN",'i',20000,'v');
MPRINT(EM_COPYFILE):   if fid > 0 then do;
MPRINT(EM_COPYFILE):   do while(^fread(fid));
MPRINT(EM_COPYFILE):   rlen = frlen(fid);
MPRINT(EM_COPYFILE):   rc= fget(fid,line,20000);
MPRINT(EM_COPYFILE):   start = length(line)-length(left(line))+1;
MPRINT(EM_COPYFILE):   line=strip(line);
MPRINT(EM_COPYFILE):   put @start line;
MPRINT(EM_COPYFILE):   end;
MPRINT(EM_COPYFILE):   if fid > 0 then rc=fclose(fid);
MPRINT(EM_COPYFILE):   end;
MPRINT(EM_COPYFILE):   run;
MPRINT(EM_DIAGRAM):  ;
MPRINT(EM_DIAGRAM):   filename _OUTIN;
MPRINT(EM_DIAGRAM):    data _null_;
MPRINT(EM_DIAGRAM):   file _OUT mod;
MPRINT(EM_DIAGRAM):   put _page_;
MPRINT(EM_DIAGRAM):   put // "*------------------------------------------------------------*";
MPRINT(EM_DIAGRAM):   put "* Score Output";
MPRINT(EM_DIAGRAM):   put "*------------------------------------------------------------*";
MPRINT(EM_DIAGRAM):   run;
MPRINT(EM_DIAGRAM):    filename _OUTIN "C:\Users\student\Desktop\AA490\Project\AA490_Project\Modeling\Labor Force Model\Workspaces\EMWS1\Reg3\EMSCORE.out" encoding="UTF-8" NOBOM;
MPRINT(EM_DIAGRAM):  ;
MPRINT(EM_DIAGRAM):   filename _OUTIN;
MPRINT(EM_DIAGRAM):    data _null_;
MPRINT(EM_DIAGRAM):   file _OUT mod;
MPRINT(EM_DIAGRAM):   put _page_;
MPRINT(EM_DIAGRAM):   put // "*------------------------------------------------------------*";
MPRINT(EM_DIAGRAM):   put "* Report Output";
MPRINT(EM_DIAGRAM):   put "*------------------------------------------------------------*";
MPRINT(EM_DIAGRAM):   run;
MPRINT(EM_DIAGRAM):    filename _OUTIN "C:\Users\student\Desktop\AA490\Project\AA490_Project\Modeling\Labor Force Model\Workspaces\EMWS1\Reg3\EMREPORT.out" encoding="UTF-8" NOBOM;
MPRINT(EM_DIAGRAM):  ;
MPRINT(EM_DIAGRAM):   filename _OUTIN;
MPRINT(EM_DIAGRAM):    filename _OUT;
MPRINT(EM_DIAGRAM):    filename _emtool_ 'C:\Users\student\Desktop\AA490\Project\AA490_Project\Modeling\Labor Force Model\Workspaces\EMWS1\Reg3\EMRUNSTATUS.xml' encoding="UTF-8" NOBOM;
129998     proc freq data=EMWS1.Reg3_VariableSet noprint;
MPRINT(EM_DIAGRAM):    proc freq data=EMWS1.Reg3_VariableSet noprint;
129999     table ROLE*LEVEL/out=WORK.Reg3META;
MPRINT(EM_DIAGRAM):   table ROLE*LEVEL/out=WORK.Reg3META;
130000     run;
MPRINT(EM_DIAGRAM):   run;

NOTE: There were 4 observations read from the data set EMWS1.REG3_VARIABLESET.
NOTE: The data set WORK.REG3META has 3 observations and 4 variables.
NOTE: PROCEDURE FREQ used (Total process time):
      real time           0.03 seconds
      cpu time            0.03 seconds
      

130001     proc print data=WORK.Reg3META label noobs;
MPRINT(EM_DIAGRAM):   proc print data=WORK.Reg3META label noobs;
130002     var ROLE LEVEL COUNT;
MPRINT(EM_DIAGRAM):   var ROLE LEVEL COUNT;
130003     label ROLE = "%sysfunc(sasmsg(sashelp.dmine, meta_role_vlabel, NOQUOTE))" LEVEL = "%sysfunc(sasmsg(sashelp.dmine, meta_level_vlabel, NOQUOTE))" COUNT = "%sysfunc(sasmsg(sashelp.dmine, rpt_count_vlabel, NOQUOTE))";
MPRINT(EM_DIAGRAM):   label ROLE = "Role" LEVEL = "Measurement Level" COUNT = "Frequency Count";
130004     title9 ' ';
MPRINT(EM_DIAGRAM):   title9 ' ';
130005     title10 "%sysfunc(sasmsg(sashelp.dmine, rpt_varSummary_title  , NOQUOTE))";
MPRINT(EM_DIAGRAM):   title10 "Variable Summary";
MPRINT(EM_DIAGRAM):   run;
130006     run;

NOTE: There were 3 observations read from the data set WORK.REG3META.
NOTE: The PROCEDURE PRINT printed page 42.
NOTE: PROCEDURE PRINT used (Total process time):
      real time           0.01 seconds
      cpu time            0.01 seconds
      

130007     title10;
MPRINT(EM_DIAGRAM):   title10;
130008     %let EMNORLEN = %DMNORLEN;
MPRINT(EM_DIAGRAM):   
EMWS1.Trans_TRAIN EMWS1.Trans_TRAIN 
EMWS1.Trans_TRAIN EMWS1.Trans_TRAIN EMWS1 Trans_TRAIN 
EMWS1.Trans_TRAIN EMWS1.Trans_TRAIN 
EMWS1.Trans_TRAIN EMWS1.Trans_TRAIN EMWS1 Trans_TRAIN 
Executing  SASHELP.EMCORE.EMINFOITERATOR.SCL _INIT >> 
Executing  SASHELP.EMCORE.EMINFOITERATOR.SCL setMetaData >> 
Executing  SASHELP.EMCORE.EMINFOITERATOR.SCL next >> 
Executing  SASHELP.EMCORE.EMINFOITERATOR.SCL next >> 
Executing  SASHELP.EMCORE.EMINFOITERATOR.SCL setMetaData >> 
Executing  SASHELP.EMCORE.EMINFOITERATOR.SCL next >> 
Executing  SASHELP.EMCORE.EMINFOITERATOR.SCL next >> 
Executing  SASHELP.EMCORE.EMINFOITERATOR.SCL _term >> 
"No decisions defined for target "Sum_Labor_Force_Pop"." 
130009     proc print data = EMWS1.Ids_Sum_Labor_Force__DM noobs label;
MPRINT(EM_DIAGRAM):    proc print data = EMWS1.Ids_Sum_Labor_Force__DM noobs label;
130010     var _type_ variable label;
MPRINT(EM_DIAGRAM):   var _type_ variable label;
130011     where _type_ ^in('MATRIX', 'DECISION', 'TRAINPRIOR', 'DATAPRIOR', 'DECPRIOR');
MPRINT(EM_DIAGRAM):   where _type_ ^in('MATRIX', 'DECISION', 'TRAINPRIOR', 'DATAPRIOR', 'DECPRIOR');
130012     label _TYPE_ = "%sysfunc(sasmsg(sashelp.dmine, rpt_type_vlabel,     NOQUOTE))" VARIABLE = "%sysfunc(sasmsg(sashelp.dmine, rpt_variable_vlabel, NOQUOTE))" LABEL = "%sysfunc(sasmsg(sashelp.dmine, meta_label_vlabel, NOQUOTE))";
MPRINT(EM_DIAGRAM):   label _TYPE_ = "Type" VARIABLE = "Variable" LABEL = "Label";
130013     title9 ' ';
MPRINT(EM_DIAGRAM):   title9 ' ';
130014     title10 "%sysfunc(sasmsg(sashelp.dmine, rpt_predDecVars_title  , NOQUOTE))";
MPRINT(EM_DIAGRAM):   title10 "Predicted and decision variables";
MPRINT(EM_DIAGRAM):   run;
130015     run;

NOTE: There were 3 observations read from the data set EMWS1.IDS_SUM_LABOR_FORCE__DM.
      WHERE _type_ not in ('DATAPRIOR', 'DECISION', 'DECPRIOR', 'MATRIX', 'TRAINPRIOR');
NOTE: The PROCEDURE PRINT printed page 43.
NOTE: PROCEDURE PRINT used (Total process time):
      real time           0.01 seconds
      cpu time            0.01 seconds
      

130016     title10;
MPRINT(EM_DIAGRAM):   title10;
MPRINT(EM_DIAGRAM):    *------------------------------------------------------------*;
MPRINT(EM_DIAGRAM):   * Reg3: Preparing metadata for Training *------------------------------------------------------------*;
MPRINT(EM_DIAGRAM):   data WORK.M0J4PPB7;
MPRINT(EM_DIAGRAM):   set WORK.M0J4PPB7;
MPRINT(EM_DIAGRAM):   where use = 'Y' or (role = 'INPUT' and use = 'D') ;
MPRINT(EM_DIAGRAM):   if (role = 'REJECTED') then role = 'INPUT';
MPRINT(EM_DIAGRAM):   if use = 'D' then use = 'Y';
MPRINT(EM_DIAGRAM):   run;
NOTE: There were 3 observations read from the data set EMWS1.IDS_SUM_LABOR_FORCE__DD.
NOTE: The data set WORK.SUM_LABOR_FORCE_POP has 3 observations and 1 variables.
NOTE: There were 3 observations read from the data set EMWS1.IDS_SUM_LABOR_FORCE__DD.
NOTE: The data set WORK.SUM_LABOR_FORCE_POP has 3 observations and 1 variables.
130026     *------------------------------------------------------------*;
MPRINT(EM_DIAGRAM):    *------------------------------------------------------------*;
130027     * Reg3: Create decision matrix;
MPRINT(EM_DIAGRAM):   * Reg3: Create decision matrix;
130028     *------------------------------------------------------------*;
MPRINT(EM_DIAGRAM):   *------------------------------------------------------------*;
130029     data WORK.Sum_Labor_Force_Pop(label="Sum_Labor_Force_Pop");
MPRINT(EM_DIAGRAM):   data WORK.Sum_Labor_Force_Pop(label="Sum_Labor_Force_Pop");
130030       length   Sum_Labor_Force_Pop                  8
130031                ;
MPRINT(EM_DIAGRAM):   length Sum_Labor_Force_Pop 8 ;
130032     
130033       label    Sum_Labor_Force_Pop="Industry_Population"
130034                ;
MPRINT(EM_DIAGRAM):   label Sum_Labor_Force_Pop= "Industry_Population" ;
130035      Sum_Labor_Force_Pop=225000;
MPRINT(EM_DIAGRAM):   Sum_Labor_Force_Pop=225000;
130036     output;
MPRINT(EM_DIAGRAM):   output;
130037      Sum_Labor_Force_Pop=25077000;
MPRINT(EM_DIAGRAM):   Sum_Labor_Force_Pop=25077000;
130038     output;
MPRINT(EM_DIAGRAM):   output;
130039      Sum_Labor_Force_Pop=12651000;
MPRINT(EM_DIAGRAM):   Sum_Labor_Force_Pop=12651000;
130040     output;
MPRINT(EM_DIAGRAM):   output;
130041     ;
MPRINT(EM_DIAGRAM):   ;
130042     run;
MPRINT(EM_DIAGRAM):   run;

NOTE: The data set WORK.SUM_LABOR_FORCE_POP has 3 observations and 1 variables.
NOTE: DATA statement used (Total process time):
      real time           0.02 seconds
      cpu time            0.01 seconds
      

130043     proc datasets lib=work nolist;
MPRINT(EM_DIAGRAM):   proc datasets lib=work nolist;
130044     modify Sum_Labor_Force_Pop(type=PROFIT label=Sum_Labor_Force_Pop);
MPRINT(EM_DIAGRAM):   modify Sum_Labor_Force_Pop(type=PROFIT label= Sum_Labor_Force_Pop);
MPRINT(EM_DIAGRAM):   run;
130045     run;

NOTE: MODIFY was successful for WORK.SUM_LABOR_FORCE_POP.DATA.
130046     quit;
MPRINT(EM_DIAGRAM):   quit;

NOTE: PROCEDURE DATASETS used (Total process time):
      real time           0.02 seconds
      cpu time            0.01 seconds
      

130047     data EM_DMREG / view=EM_DMREG;
MPRINT(EM_DIAGRAM):   data EM_DMREG / view=EM_DMREG;
130048     set EMWS1.Trans_TRAIN(keep=
130049     Age_group Industry Population Sum_Labor_Force_Pop);
MPRINT(EM_DIAGRAM):   set EMWS1.Trans_TRAIN(keep= Age_group Industry Population Sum_Labor_Force_Pop);
130050     run;
MPRINT(EM_DIAGRAM):   run;

NOTE: DATA STEP view saved on file WORK.EM_DMREG.
NOTE: A stored DATA STEP view cannot run under a different operating system.
NOTE: View EMWS1.TRANS_TRAIN.VIEW used (Total process time):
      real time           0.05 seconds
      cpu time            0.04 seconds
      
NOTE: DATA statement used (Total process time):
      real time           0.06 seconds
      cpu time            0.07 seconds
      

MPRINT(EM_DIAGRAM):   *------------------------------------------------------------* ;
MPRINT(EM_DIAGRAM):   * Reg3: DMDBClass Macro ;
MPRINT(EM_DIAGRAM):   *------------------------------------------------------------* ;
130051     *------------------------------------------------------------* ;
130052     * Reg3: DMDBClass Macro ;
130053     *------------------------------------------------------------* ;
130054     %macro DMDBClass;
130055         Age_group(ASC) Industry(ASC)
130056     %mend DMDBClass;
130057     *------------------------------------------------------------* ;
MPRINT(EM_DIAGRAM):   *------------------------------------------------------------* ;
130058     * Reg3: DMDBVar Macro ;
MPRINT(EM_DIAGRAM):   * Reg3: DMDBVar Macro ;
130059     *------------------------------------------------------------* ;
MPRINT(EM_DIAGRAM):   *------------------------------------------------------------* ;
130060     %macro DMDBVar;
130061         Population Sum_Labor_Force_Pop
130062     %mend DMDBVar;
130063     *------------------------------------------------------------*;
MPRINT(EM_DIAGRAM):   *------------------------------------------------------------*;
130064     * Reg3: Create DMDB;
MPRINT(EM_DIAGRAM):   * Reg3: Create DMDB;
130065     *------------------------------------------------------------*;
MPRINT(EM_DIAGRAM):   *------------------------------------------------------------*;
130066     proc dmdb batch data=WORK.EM_DMREG
130067     dmdbcat=WORK.Reg3_DMDB
130068     maxlevel = 513
130069     ;
MPRINT(EM_DIAGRAM):   proc dmdb batch data=WORK.EM_DMREG dmdbcat=WORK.Reg3_DMDB maxlevel = 513 ;
MPRINT(EM_DIAGRAM):   class
130070     class %DMDBClass;
MPRINT(DMDBCLASS):   Age_group(ASC) Industry(ASC)
MPRINT(EM_DIAGRAM):  ;
MPRINT(EM_DIAGRAM):   var
130071     var %DMDBVar;
MPRINT(DMDBVAR):   Population Sum_Labor_Force_Pop
MPRINT(EM_DIAGRAM):  ;
130072     target
130073     Sum_Labor_Force_Pop
130074     ;
MPRINT(EM_DIAGRAM):   target Sum_Labor_Force_Pop ;
130075     run;
MPRINT(EM_DIAGRAM):   run;

NOTE: Records processed = 196   Memory used = 511K.
NOTE: There were 196 observations read from the data set EMWS1.PART_TRAIN.
NOTE: View WORK.EM_DMREG.VIEW used (Total process time):
      real time           0.07 seconds
      cpu time            0.06 seconds
      
NOTE: There were 196 observations read from the data set EMWS1.TRANS_TRAIN.
NOTE: There were 196 observations read from the data set WORK.EM_DMREG.
NOTE: PROCEDURE DMDB used (Total process time):
      real time           0.09 seconds
      cpu time            0.07 seconds
      

MPRINT(EM_DIAGRAM):   quit;
MPRINT(EM_DIAGRAM):   *--- end code ---*;
130076     quit;
130077     *--- end code ---*;

130078     *------------------------------------------------------------*;
MPRINT(EM_DIAGRAM):    *------------------------------------------------------------*;
130079     * Reg3: Run DMREG procedure;
MPRINT(EM_DIAGRAM):   * Reg3: Run DMREG procedure;
130080     *------------------------------------------------------------*;
MPRINT(EM_DIAGRAM):   *------------------------------------------------------------*;
130081     proc dmreg data=EM_DMREG dmdbcat=WORK.Reg3_DMDB
130082     validata = EMWS1.Trans_VALIDATE
130083     outest = EMWS1.Reg3_EMESTIMATE
130084     outterms = EMWS1.Reg3_OUTTERMS
130085     outmap= EMWS1.Reg3_MAPDS namelen=200
130086     ;
MPRINT(EM_DIAGRAM):   proc dmreg data=EM_DMREG dmdbcat=WORK.Reg3_DMDB validata = EMWS1.Trans_VALIDATE outest = EMWS1.Reg3_EMESTIMATE outterms = EMWS1.Reg3_OUTTERMS outmap= EMWS1.Reg3_MAPDS namelen=200 ;
130087     class
130088     Age_group
130089     Industry
130090     ;
MPRINT(EM_DIAGRAM):   class Age_group Industry ;
130091     model Sum_Labor_Force_Pop =
130092     Age_group
130093     Industry
130094     Population
130095     /error=normal
130096     coding=DEVIATION
130097     nodesignprint
130098     selection=FORWARD choose=NONE
130099     Hierarchy=CLASS
130100     Rule=NONE
130101     ;
MPRINT(EM_DIAGRAM):   model Sum_Labor_Force_Pop = Age_group Industry Population /error=normal coding=DEVIATION nodesignprint selection=FORWARD choose=NONE Hierarchy=CLASS Rule=NONE ;
130102     ;
MPRINT(EM_DIAGRAM):   ;
130103     code file="C:\Users\student\Desktop\AA490\Project\AA490_Project\Modeling\Labor Force Model\Workspaces\EMWS1\Reg3\EMPUBLISHSCORE.sas"
130104     group=Reg3
130105     ;
MPRINT(EM_DIAGRAM):   code file="C:\Users\student\Desktop\AA490\Project\AA490_Project\Modeling\Labor Force Model\Workspaces\EMWS1\Reg3\EMPUBLISHSCORE.sas" group=Reg3 ;
130106     code file="C:\Users\student\Desktop\AA490\Project\AA490_Project\Modeling\Labor Force Model\Workspaces\EMWS1\Reg3\EMFLOWSCORE.sas"
130107     group=Reg3
130108     residual
130109     ;
MPRINT(EM_DIAGRAM):   code file="C:\Users\student\Desktop\AA490\Project\AA490_Project\Modeling\Labor Force Model\Workspaces\EMWS1\Reg3\EMFLOWSCORE.sas" group=Reg3 residual ;
130110     run;
MPRINT(EM_DIAGRAM):   run;

NOTE: External file C:\Users\student\Desktop\AA490\Project\AA490_Project\Modeling\Labor Force Model\Workspaces\EMWS1\Reg3\EMPUBLISHSCORE.sas opened.
NOTE: External file C:\Users\student\Desktop\AA490\Project\AA490_Project\Modeling\Labor Force Model\Workspaces\EMWS1\Reg3\EMFLOWSCORE.sas opened.
NOTE: View EMWS1.TRANS_VALIDATE.VIEW used (Total process time):
      real time           0.13 seconds
      cpu time            0.14 seconds
      
NOTE: There were 84 observations read from the data set EMWS1.PART_VALIDATE.
NOTE: There were 196 observations read from the data set EMWS1.PART_TRAIN.
NOTE: View WORK.EM_DMREG.VIEW used (Total process time):
      real time           0.21 seconds
      cpu time            0.20 seconds
      
NOTE: There were 196 observations read from the data set EMWS1.TRANS_TRAIN.
NOTE: There were 196 observations read from the data set WORK.EM_DMREG.
NOTE: There were 84 observations read from the data set EMWS1.TRANS_VALIDATE.
NOTE: The data set EMWS1.REG3_EMESTIMATE has 12 observations and 43 variables.
NOTE: The data set EMWS1.REG3_OUTTERMS has 8 observations and 6 variables.
NOTE: The data set EMWS1.REG3_MAPDS has 2 observations and 10 variables.
NOTE: The PROCEDURE DMREG printed page 44.
NOTE: PROCEDURE DMREG used (Total process time):
      real time           0.25 seconds
      cpu time            0.25 seconds
      

MPRINT(EM_DIAGRAM):   quit;
130111     quit;

130112     proc datasets lib=WORK nolist;
MPRINT(EM_DIAGRAM):    proc datasets lib=WORK nolist;
130113     delete Reg3_DMDB;
MPRINT(EM_DIAGRAM):   delete Reg3_DMDB;
130114     run;
MPRINT(EM_DIAGRAM):   run;

NOTE: The file WORK.REG3_DMDB (memtype=DATA) was not found, but appears on a DELETE statement.
130115     quit;
MPRINT(EM_DIAGRAM):   quit;

NOTE: PROCEDURE DATASETS used (Total process time):
      real time           0.01 seconds
      cpu time            0.01 seconds
      

130116     proc datasets lib=WORK nolist;
MPRINT(EM_DIAGRAM):    proc datasets lib=WORK nolist;
130117     delete Reg3_DMDB / memtype=catalog;
MPRINT(EM_DIAGRAM):   delete Reg3_DMDB / memtype=catalog;
130118     run;
MPRINT(EM_DIAGRAM):   run;

NOTE: Deleting WORK.REG3_DMDB (memtype=CATALOG).
130119     quit;
MPRINT(EM_DIAGRAM):   quit;

NOTE: PROCEDURE DATASETS used (Total process time):
      real time           0.01 seconds
      cpu time            0.01 seconds
      

130120     data WORK.ESTIMATE;
MPRINT(EM_DIAGRAM):    data WORK.ESTIMATE;
130121     length _NAME_ $32;
MPRINT(EM_DIAGRAM):   length _NAME_ $32;
130122     set EMWS1.Reg3_EMESTIMATE;
MPRINT(EM_DIAGRAM):   set EMWS1.Reg3_EMESTIMATE;
130123     drop _AIC_--_VSUMW_
130124     ;
MPRINT(EM_DIAGRAM):   drop _AIC_--_VSUMW_ ;
130125     where _CHOSEN_ ne '' and _TYPE_ in('PARMS', 'T', 'P');
MPRINT(EM_DIAGRAM):   where _CHOSEN_ ne '' and _TYPE_ in('PARMS', 'T', 'P');
130126     drop _STEP_ _CHOSEN_;
MPRINT(EM_DIAGRAM):   drop _STEP_ _CHOSEN_;
130127     select(_TYPE_);
MPRINT(EM_DIAGRAM):   select(_TYPE_);
130128     when('PARMS') _NAME_='Coefficient';
MPRINT(EM_DIAGRAM):   when('PARMS') _NAME_='Coefficient';
130129     when('T') _NAME_='tValue';
MPRINT(EM_DIAGRAM):   when('T') _NAME_='tValue';
130130     when('P') _NAME_='PValue';
MPRINT(EM_DIAGRAM):   when('P') _NAME_='PValue';
130131     otherwise;
MPRINT(EM_DIAGRAM):   otherwise;
130132     end;
MPRINT(EM_DIAGRAM):   end;
130133     run;
MPRINT(EM_DIAGRAM):   run;

NOTE: There were 3 observations read from the data set EMWS1.REG3_EMESTIMATE.
      WHERE (_CHOSEN_ not = ' ') and _TYPE_ in ('P', 'PARMS', 'T');
NOTE: The data set WORK.ESTIMATE has 3 observations and 11 variables.
NOTE: DATA statement used (Total process time):
      real time           0.01 seconds
      cpu time            0.01 seconds
      

130134     proc transpose data=WORK.ESTIMATE out=WORK.ESTIMATE(rename=(_NAME_=Effect));
MPRINT(EM_DIAGRAM):   proc transpose data=WORK.ESTIMATE out=WORK.ESTIMATE(rename=(_NAME_=Effect));
130135     run;
MPRINT(EM_DIAGRAM):   run;

NOTE: There were 3 observations read from the data set WORK.ESTIMATE.
NOTE: The data set WORK.ESTIMATE has 9 observations and 5 variables.
NOTE: PROCEDURE TRANSPOSE used (Total process time):
      real time           0.01 seconds
      cpu time            0.01 seconds
      

130136     proc transpose data=EMWS1.Reg3_MAPDS out=WORK.MAP(rename=(_NAME_=Effect INPUT=Variable
130137     ));
MPRINT(EM_DIAGRAM):   proc transpose data=EMWS1.Reg3_MAPDS out=WORK.MAP(rename=(_NAME_=Effect INPUT=Variable ));
130138     var 'Age_group16_TO_24'n--'Population'n;
MPRINT(EM_DIAGRAM):   var 'Age_group16_TO_24'n--'Population'n;
130139     run;
MPRINT(EM_DIAGRAM):   run;

NOTE: There were 2 observations read from the data set EMWS1.REG3_MAPDS.
NOTE: The data set WORK.MAP has 8 observations and 4 variables.
NOTE: PROCEDURE TRANSPOSE used (Total process time):
      real time           0.01 seconds
      cpu time            0.01 seconds
      

130140     proc sort data=WORK.MAP;
MPRINT(EM_DIAGRAM):   proc sort data=WORK.MAP;
130141     by Effect;
MPRINT(EM_DIAGRAM):   by Effect;
130142     run;
MPRINT(EM_DIAGRAM):   run;

NOTE: There were 8 observations read from the data set WORK.MAP.
NOTE: The data set WORK.MAP has 8 observations and 4 variables.
NOTE: PROCEDURE SORT used (Total process time):
      real time           0.01 seconds
      cpu time            0.00 seconds
      

130143     proc sort data=WORK.ESTIMATE;
MPRINT(EM_DIAGRAM):   proc sort data=WORK.ESTIMATE;
130144     by Effect;
MPRINT(EM_DIAGRAM):   by Effect;
130145     run;
MPRINT(EM_DIAGRAM):   run;

NOTE: There were 9 observations read from the data set WORK.ESTIMATE.
NOTE: The data set WORK.ESTIMATE has 9 observations and 5 variables.
NOTE: PROCEDURE SORT used (Total process time):
      real time           0.01 seconds
      cpu time            0.01 seconds
      

130146     data EMWS1.Reg3_EFFECTS(rename=(_LABEL_=EffectLabel));
MPRINT(EM_DIAGRAM):   data EMWS1.Reg3_EFFECTS(rename=(_LABEL_=EffectLabel));
130147     length Variable ClassLevel $32;
MPRINT(EM_DIAGRAM):   length Variable ClassLevel $32;
130148     merge WORK.ESTIMATE WORK.MAP;
MPRINT(EM_DIAGRAM):   merge WORK.ESTIMATE WORK.MAP;
130149     by Effect;
MPRINT(EM_DIAGRAM):   by Effect;
130150     label Effect = "%sysfunc(sasmsg(sashelp.dmine, rpt_effect_vlabel, NOQUOTE))" Variable = "%sysfunc(sasmsg(sashelp.dmine, rpt_variable_vlabel, NOQUOTE))" Sign = "%sysfunc(sasmsg(sashelp.dmine, rpt_sign_vlabel, NOQUOTE))" ClassLevel =
130151        "%sysfunc(sasmsg(sashelp.dmine, rpt_level_vlabel, NOQUOTE))" Abscoefficient = "%sysfunc(sasmsg(sashelp.dmine, rpt_abscoefficient_vlabel, NOQUOTE))" Coefficient = "%sysfunc(sasmsg(sashelp.dmine, rpt_coefficient_vlabel, NOQUOTE))" _LABEL_ =
130152        "%sysfunc(sasmsg(sashelp.dmine, rpt_effectLabel_vlabel, NOQUOTE))" CODE = "%sysfunc(sasmsg(sashelp.dmine, rpt_scorecodevar_vlabel, NOQUOTE))";
MPRINT(EM_DIAGRAM):   label Effect = "Effect" Variable = "Variable" Sign = "Sign" ClassLevel = "Level" Abscoefficient = "Absolute Coefficient" Coefficient = "Coefficient" _LABEL_ = "Effect Label" CODE = "Score Code Variable";
130153     label tvalue = "%sysfunc(sasmsg(sashelp.dmine, rpt_tvalue_vlabel,         NOQUOTE))" abstvalue = "%sysfunc(sasmsg(sashelp.dmine, rpt_absoluteTvalue_vlabel, NOQUOTE))" PValue = "%sysfunc(sasmsg(sashelp.dmine, rpt_pvalue_vlabel,         NOQUOTE))"
130153   ! ;
MPRINT(EM_DIAGRAM):   label tvalue = "T-value" abstvalue = "Absolute T-value" PValue = "P Value";
130154     abstvalue = abs(tValue);
MPRINT(EM_DIAGRAM):   abstvalue = abs(tValue);
130155     if index(Effect, 'Intercept') then do;
MPRINT(EM_DIAGRAM):   if index(Effect, 'Intercept') then do;
130156     variable = 'Intercept';
MPRINT(EM_DIAGRAM):   variable = 'Intercept';
130157     classLevel = scan(_LABEL_, 2, '=');
MPRINT(EM_DIAGRAM):   classLevel = scan(_LABEL_, 2, '=');
130158     end;
MPRINT(EM_DIAGRAM):   end;
130159     if ^indexc(variable, '*') then do;
MPRINT(EM_DIAGRAM):   if ^indexc(variable, '*') then do;
130160     if length(effect)>length(variable) then classlevel = substr(Effect, length(variable)+1);
MPRINT(EM_DIAGRAM):   if length(effect)>length(variable) then classlevel = substr(Effect, length(variable)+1);
130161     end;
MPRINT(EM_DIAGRAM):   end;
130162     if Effect eq '' then Effect = Variable;
MPRINT(EM_DIAGRAM):   if Effect eq '' then Effect = Variable;
130163     if coefficient < 0 then sign = '-';
MPRINT(EM_DIAGRAM):   if coefficient < 0 then sign = '-';
130164     else sign = '+';
MPRINT(EM_DIAGRAM):   else sign = '+';
130165     abscoefficient = abs(coefficient);
MPRINT(EM_DIAGRAM):   abscoefficient = abs(coefficient);
130166     if _LABEL_ = '' then _LABEL_ = Effect;
MPRINT(EM_DIAGRAM):   if _LABEL_ = '' then _LABEL_ = Effect;
130167     if coefficient ne . then output;
MPRINT(EM_DIAGRAM):   if coefficient ne . then output;
130168     run;
MPRINT(EM_DIAGRAM):   run;

NOTE: Missing values were generated as a result of performing an operation on missing values.
      Each place is given by: (Number of times) at (Line):(Column).
      1 at 130154:13   1 at 130165:18   
NOTE: There were 9 observations read from the data set WORK.ESTIMATE.
NOTE: There were 8 observations read from the data set WORK.MAP.
NOTE: The data set EMWS1.REG3_EFFECTS has 8 observations and 11 variables.
NOTE: DATA statement used (Total process time):
      real time           0.04 seconds
      cpu time            0.03 seconds
      

130169     proc sort data =EMWS1.Reg3_EFFECTS;
MPRINT(EM_DIAGRAM):    proc sort data =EMWS1.Reg3_EFFECTS;
130170     by
130171     descending abstvalue;
MPRINT(EM_DIAGRAM):   by descending abstvalue;
130172     run;
MPRINT(EM_DIAGRAM):   run;

NOTE: There were 8 observations read from the data set EMWS1.REG3_EFFECTS.
NOTE: The data set EMWS1.REG3_EFFECTS has 8 observations and 11 variables.
NOTE: PROCEDURE SORT used (Total process time):
      real time           0.00 seconds
      cpu time            0.00 seconds
      

130173     data EMWS1.Reg3_EFFECTS;
MPRINT(EM_DIAGRAM):   data EMWS1.Reg3_EFFECTS;
130174     set EMWS1.Reg3_EFFECTS;
MPRINT(EM_DIAGRAM):   set EMWS1.Reg3_EFFECTS;
130175     format TEffectNum 3.;
MPRINT(EM_DIAGRAM):   format TEffectNum 3.;
130176     label TEffectNum = "%sysfunc(sasmsg(sashelp.dmine, rpt_teffectnum_vlabel, NOQUOTE))";
MPRINT(EM_DIAGRAM):   label TEffectNum = "TScore Number";
130177     retain TEffectNum;
MPRINT(EM_DIAGRAM):   retain TEffectNum;
130178     TEffectNum = _N_;
MPRINT(EM_DIAGRAM):   TEffectNum = _N_;
130179     run;
MPRINT(EM_DIAGRAM):   run;

NOTE: There were 8 observations read from the data set EMWS1.REG3_EFFECTS.
NOTE: The data set EMWS1.REG3_EFFECTS has 8 observations and 12 variables.
NOTE: DATA statement used (Total process time):
      real time           0.01 seconds
      cpu time            0.01 seconds
      

130180     proc sort data =EMWS1.Reg3_EFFECTS;
MPRINT(EM_DIAGRAM):    proc sort data =EMWS1.Reg3_EFFECTS;
130181     by
130182     descending absCoefficient;
MPRINT(EM_DIAGRAM):   by descending absCoefficient;
130183     run;
MPRINT(EM_DIAGRAM):   run;

NOTE: There were 8 observations read from the data set EMWS1.REG3_EFFECTS.
NOTE: The data set EMWS1.REG3_EFFECTS has 8 observations and 12 variables.
NOTE: PROCEDURE SORT used (Total process time):
      real time           0.00 seconds
      cpu time            0.00 seconds
      

130184     data EMWS1.Reg3_EFFECTS;
MPRINT(EM_DIAGRAM):   data EMWS1.Reg3_EFFECTS;
130185     set EMWS1.Reg3_EFFECTS;
MPRINT(EM_DIAGRAM):   set EMWS1.Reg3_EFFECTS;
130186     format EffectNum 3.;
MPRINT(EM_DIAGRAM):   format EffectNum 3.;
130187     label EffectNum = "%sysfunc(sasmsg(sashelp.dmine, rpt_effectnum_vlabel, NOQUOTE))";
MPRINT(EM_DIAGRAM):   label EffectNum = "Effect Number";
130188     retain EffectNum;
MPRINT(EM_DIAGRAM):   retain EffectNum;
130189     EffectNum = _N_;
MPRINT(EM_DIAGRAM):   EffectNum = _N_;
130190     run;
MPRINT(EM_DIAGRAM):   run;

NOTE: There were 8 observations read from the data set EMWS1.REG3_EFFECTS.
NOTE: The data set EMWS1.REG3_EFFECTS has 8 observations and 13 variables.
NOTE: DATA statement used (Total process time):
      real time           0.01 seconds
      cpu time            0.00 seconds
      

130191     proc transpose data=EMWS1.Reg3_EMESTIMATE out=EMWS1.Reg3_ESTIMATEGRID(rename=(PARMS=Coefficient T=TValue _NAME_=Effect _LABEL_=EffectLabel));
MPRINT(EM_DIAGRAM):    proc transpose data=EMWS1.Reg3_EMESTIMATE out=EMWS1.Reg3_ESTIMATEGRID(rename=(PARMS=Coefficient T=TValue _NAME_=Effect _LABEL_=EffectLabel));
130192     where _CHOSEN_ eq '' and _TYPE_ in('PARMS', 'T', 'P');
MPRINT(EM_DIAGRAM):   where _CHOSEN_ eq '' and _TYPE_ in('PARMS', 'T', 'P');
130193     var 'Age_group16_TO_24'n--'Population'n;
MPRINT(EM_DIAGRAM):   var 'Age_group16_TO_24'n--'Population'n;
130194     by _STEP_;
MPRINT(EM_DIAGRAM):   by _STEP_;
130195     id _TYPE_;
MPRINT(EM_DIAGRAM):   id _TYPE_;
130196     run;
MPRINT(EM_DIAGRAM):   run;

NOTE: There were 9 observations read from the data set EMWS1.REG3_EMESTIMATE.
      WHERE (_CHOSEN_=' ') and _TYPE_ in ('P', 'PARMS', 'T');
NOTE: The data set EMWS1.REG3_ESTIMATEGRID has 24 observations and 6 variables.
NOTE: PROCEDURE TRANSPOSE used (Total process time):
      real time           0.01 seconds
      cpu time            0.01 seconds
      

130197     data EMWS1.Reg3_ESTIMATEGRID;
MPRINT(EM_DIAGRAM):    data EMWS1.Reg3_ESTIMATEGRID;
130198     set EMWS1.Reg3_ESTIMATEGRID;
MPRINT(EM_DIAGRAM):   set EMWS1.Reg3_ESTIMATEGRID;
130199     if EffectLabel eq '' then EffectLabel = Effect;
MPRINT(EM_DIAGRAM):   if EffectLabel eq '' then EffectLabel = Effect;
130200     label EffectLabel = "%sysfunc(sasmsg(sashelp.dmine, rpt_effectLabel_vlabel, NOQUOTE))" Effect = "%sysfunc(sasmsg(sashelp.dmine, rpt_effect_vlabel, NOQUOTE))" Abscoefficient = "%sysfunc(sasmsg(sashelp.dmine, rpt_abscoefficient_vlabel, NOQUOTE))"
130201        Coefficient = "%sysfunc(sasmsg(sashelp.dmine, rpt_coefficient_vlabel, NOQUOTE))" tvalue = "%sysfunc(sasmsg(sashelp.dmine, rpt_tvalue_vlabel,         NOQUOTE))" abstvalue = "%sysfunc(sasmsg(sashelp.dmine, rpt_absoluteTvalue_vlabel, NOQUOTE))"
130201   ! PValue =
130202        "%sysfunc(sasmsg(sashelp.dmine, rpt_pvalue_vlabel,         NOQUOTE))";
MPRINT(EM_DIAGRAM):   label EffectLabel = "Effect Label" Effect = "Effect" Abscoefficient = "Absolute Coefficient" Coefficient = "Coefficient" tvalue = "T-value" abstvalue = "Absolute T-value" PValue = "P Value";
130203     AbsCoefficient = abs(Coefficient);
MPRINT(EM_DIAGRAM):   AbsCoefficient = abs(Coefficient);
130204     AbsTValue = abs(TValue);
MPRINT(EM_DIAGRAM):   AbsTValue = abs(TValue);
130205     where coefficient ne .;
MPRINT(EM_DIAGRAM):   where coefficient ne .;
130206     run;
MPRINT(EM_DIAGRAM):   run;

NOTE: Variable PValue is uninitialized.
NOTE: There were 10 observations read from the data set EMWS1.REG3_ESTIMATEGRID.
      WHERE coefficient not = .;
NOTE: The data set EMWS1.REG3_ESTIMATEGRID has 10 observations and 8 variables.
NOTE: DATA statement used (Total process time):
      real time           0.02 seconds
      cpu time            0.01 seconds
      

MPRINT(EM_DIAGRAM):    proc printto;
MPRINT(EM_DIAGRAM):   run;
