 
                                                                                                                                                                                                                                                                
 
 
Variable Summary

          Measurement    Frequency
 Role        Level         Count

INPUT      INTERVAL          1    
INPUT      NOMINAL           2    
TARGET     INTERVAL          1    
 
                                                                                                                                                                                                                                                                
 
 
Predicted and decision variables

Type               Variable           Label

TARGET       Sum_Labor_Force_Pop      Industry_Population           
PREDICTED    P_Sum_Labor_Force_Pop    Predicted: Sum_Labor_Force_Pop
RESIDUAL     R_Sum_Labor_Force_Pop    Residual: Sum_Labor_Force_Pop 
 
                                                                                                                                                                                                                                                                
 
 

The DMREG Procedure

                           Model Information

Training Data Set             WORK.EM_DMREG.VIEW                       
DMDB Catalog                  WORK.REG3_DMDB                           
Target Variable               Sum_Labor_Force_Pop (Industry_Population)
Target Measurement Level      Interval                                 
Error                         Normal                                   
Link Function                 Identity                                 
Number of Model Parameters    9                                        
Number of Observations        196                                      




Forward Selection Procedure


Step 0: Intercept entered.


                             Analysis of Variance
 
                                   Sum of
Source                 DF         Squares     Mean Square    F Value    Pr > F

Model                   0               0               .        .       .    
Error                 195    7.3556589E15    3.7721328E13                     
Corrected Total       195    7.3556589E15                                     


              Model Fit Statistics

R-Square        0.0000     Adj R-Sq        0.0000
AIC          6128.2018     BIC          6127.4634
SBC          6131.4799     C(p)          667.4643




                            Analysis of Maximum Likelihood Estimates
 
                                                                 Standard
Parameter                                      DF    Estimate       Error    t Value    Pr > |t|

Intercept                                       1     6986556      438698      15.93      <.0001


Step 1: Effect Age_group entered.


                             Analysis of Variance
 
                                   Sum of
Source                 DF         Squares     Mean Square    F Value    Pr > F

Model                   3    3.7453673E15    1.2484558E15      66.39    <.0001
Error                 192    3.6102917E15    1.8803602E13                     
Corrected Total       195    7.3556589E15                                     


              Model Fit Statistics

R-Square        0.5092     Adj R-Sq        0.5015
AIC          5994.7123     BIC          5991.8451
SBC          6007.8247     C(p)          234.8224


             Type 3 Analysis of Effects
 
                          Sum of
Effect          DF       Squares    F Value    Pr > F

Age_group        3    3.74537E15      66.39    <.0001


                            Analysis of Maximum Likelihood Estimates
 
                                                                 Standard
Parameter                                      DF    Estimate       Error    t Value    Pr > |t|

Intercept                                       1     6867258      310289      22.13      <.0001
Age_group  16 to 24                             1    -2711866      548331      -4.95      <.0001
Age_group  25 to 44                             1     5378451      540509       9.95      <.0001
Age_group  45 to 64                             1     2993131      519987       5.76      <.0001


Step 2: Effect Industry entered.


                             Analysis of Variance
 
                                   Sum of
Source                 DF         Squares     Mean Square    F Value    Pr > F

Model                   7    5.7340907E15    8.1915581E14      94.97    <.0001
Error                 188    1.6215683E15    8.6253631E12                     
Corrected Total       195    7.3556589E15                                     


              Model Fit Statistics

R-Square        0.7795     Adj R-Sq        0.7713
AIC          5845.8349     BIC          5848.3458
SBC          5872.0598     C(p)            9.9113


             Type 3 Analysis of Effects
 
                          Sum of
Effect          DF       Squares    F Value    Pr > F

Age_group        3    4.25653E15     164.50    <.0001
Industry         4    1.98872E15      57.64    <.0001


                            Analysis of Maximum Likelihood Estimates
 
                                                                 Standard
Parameter                                      DF    Estimate       Error    t Value    Pr > |t|

Intercept                                       1     6791358      211144      32.16      <.0001
Age_group  16 to 24                             1    -3050921      372947      -8.18      <.0001
Age_group  25 to 44                             1     5715179      367381      15.56      <.0001
Age_group  45 to 64                             1     3344401      353398       9.46      <.0001
Industry   Management, professional, and re     1     5305194      435275      12.19      <.0001
Industry   Natural resources, construction,     1    -3756132      430564      -8.72      <.0001
Industry   Production, transportation, and      1    -2725625      435708      -6.26      <.0001
Industry   Sales and office occupations         1     1992762      397123       5.02      <.0001


NOTE: No (additional) effects met the 0.05 significance level for entry into the model.


                Summary of Forward Selection
 
            Effect               Number
    Step    Entered        DF        In    F Value    Pr > F

       1    Age_group       3         1      66.39    <.0001
       2    Industry        4         2      57.64    <.0001


The selected model is the model trained in the last step (Step 2). It consists of the following effects:

Intercept  Age_group  Industry  


                             Analysis of Variance
 
                                   Sum of
Source                 DF         Squares     Mean Square    F Value    Pr > F

Model                   7    5.7340907E15    8.1915581E14      94.97    <.0001
Error                 188    1.6215683E15    8.6253631E12                     
Corrected Total       195    7.3556589E15                                     


              Model Fit Statistics

R-Square        0.7795     Adj R-Sq        0.7713
AIC          5845.8349     BIC          5848.3458
SBC          5872.0598     C(p)            9.9113


             Type 3 Analysis of Effects
 
                          Sum of
Effect          DF       Squares    F Value    Pr > F

Age_group        3    4.25653E15     164.50    <.0001
Industry         4    1.98872E15      57.64    <.0001


                            Analysis of Maximum Likelihood Estimates
 
                                                                 Standard
Parameter                                      DF    Estimate       Error    t Value    Pr > |t|

Intercept                                       1     6791358      211144      32.16      <.0001
Age_group  16 to 24                             1    -3050921      372947      -8.18      <.0001
Age_group  25 to 44                             1     5715179      367381      15.56      <.0001
Age_group  45 to 64                             1     3344401      353398       9.46      <.0001
Industry   Management, professional, and re     1     5305194      435275      12.19      <.0001
Industry   Natural resources, construction,     1    -3756132      430564      -8.72      <.0001
Industry   Production, transportation, and      1    -2725625      435708      -6.26      <.0001
Industry   Sales and office occupations         1     1992762      397123       5.02      <.0001
