 
                                                                                                                                                                                                                                                                
 
 
Fit Statistics

Target=Cases_in_1000s Target Label=' '

   Fit
Statistics    Statistics Label                       Train    Validation

 _AIC_        Akaike's Information Criterion       5497.86           .  
 _ASE_        Average Squared Error                2124.61       3036.41
 _AVERR_      Average Error Function               2124.61       3036.41
 _DFE_        Degrees of Freedom for Error          705.00           .  
 _DFM_        Model Degrees of Freedom               10.00           .  
 _DFT_        Total Degrees of Freedom              715.00           .  
 _DIV_        Divisor for ASE                       715.00        307.00
 _ERR_        Error Function                    1519093.67     932179.19
 _FPE_        Final Prediction Error               2184.88           .  
 _MAX_        Maximum Absolute Error                251.15        259.01
 _MSE_        Mean Square Error                    2154.74       3036.41
 _NOBS_       Sum of Frequencies                    715.00        307.00
 _NW_         Number of Estimate Weights             10.00           .  
 _RASE_       Root Average Sum of Squares            46.09         55.10
 _RFPE_       Root Final Prediction Error            46.74           .  
 _RMSE_       Root Mean Squared Error                46.42         55.10
 _SBC_        Schwarz's Bayesian Criterion         5543.58           .  
 _SSE_        Sum of Squared Errors             1519093.67     932179.19
 _SUMW_       Sum of Case Weights Times Freq        715.00        307.00
 
                                                                                                                                                                                                                                                                
 
 
Assessment Score Rankings

Data Role=TRAIN Target Variable=Cases_in_1000s Target Label=' '

           Number of        Mean       Mean
Depth    Observations     Target    Predicted

   5          24         303.417      171.997
  10          36         158.556      136.311
  15          37          98.297      122.172
  20          36          41.361      108.754
  25          36          41.528       76.787
  30          37          43.243       67.370
  35          36          19.056       56.551
  40          37          10.432       34.958
  45          36          23.111       25.786
  50          36          25.417       22.528
  55          37          23.297       20.633
  60          36          25.833       18.625
  65          37          28.432       15.944
  70          36          16.389       12.827
  75          36          10.389        7.049
  80          37           9.324        1.079
  85          36          11.056       -2.261
  90          37           6.243       -5.524
  95          36           6.000       -9.874
 100          36           0.000      -25.175


Data Role=VALIDATE Target Variable=Cases_in_1000s Target Label=' '

           Number of        Mean       Mean
Depth    Observations     Target    Predicted

   5          11         304.364      179.354
  10          16         225.188      144.855
  15          15          77.333      124.779
  20          16          41.625      109.967
  25          15          24.867       82.987
  30          16          53.750       69.551
  35          16          20.500       59.087
  40          15           7.733       40.577
  45          16          14.063       28.177
  50          15          44.533       24.080
  55          16          26.375       20.728
  60          16          19.500       18.687
  65          15          25.333       15.854
  70          16          22.625       12.087
  75          15          43.200        5.500
  80          16          10.250        1.094
  85          16           4.938       -2.588
  90          15           3.333       -5.158
  95          16           4.563       -8.986
 100          15           0.000      -23.057
 
                                                                                                                                                                                                                                                                
 
 
Assessment Score Distribution

Data Role=TRAIN Target Variable=Cases_in_1000s Target Label=' '

    Range for            Mean       Mean        Number of        Model
    Predicted          Target    Predicted    Observations       Score

175.414 -  186.325    309.636      180.946          11         180.870
164.503 -  175.414    274.600      169.282           5         169.959
153.592 -  164.503    320.333      160.802           9         159.048
142.681 -  153.592    308.500      143.823           2         148.136
131.770 -  142.681    153.444      136.175          27         137.225
120.858 -  131.770    108.077      127.371          26         126.314
109.947 -  120.858     65.781      114.703          32         115.403
99.036 -  109.947      37.095      106.670          21         104.492
88.125 -  99.036       29.714       92.404           7          93.580
77.214 -  88.125       16.000       84.852           3          82.669
66.303 -  77.214       47.377       69.873          53          71.758
55.391 -  66.303       30.621       63.360          29          60.847
44.480 -  55.391        7.850       49.236          20          49.936
33.569 -  44.480        5.455       42.595          11          39.025
22.658 -  33.569       17.233       26.631          73          28.113
11.747 -  22.658       25.564       17.881         163          17.202
0.835 -  11.747         8.869        5.751          61           6.291
-10.076 -  0.835        9.103       -4.385         116          -4.620
-20.987 -  -10.076      1.000      -15.986          18         -15.531
-31.898 -  -20.987      0.000      -26.823          28         -26.442


Data Role=VALIDATE Target Variable=Cases_in_1000s Target Label=' '

    Range for            Mean       Mean        Number of        Model
    Predicted          Target    Predicted    Observations       Score

176.752 -  187.612    299.667      181.068          9          182.182
165.893 -  176.752    325.500      171.641          2          171.322
155.033 -  165.893    335.333      160.836          6          160.463
144.174 -  155.033    352.000      145.745          1          149.604
133.314 -  144.174    226.250      138.749          4          138.744
122.455 -  133.314     70.500      128.123         16          127.885
111.595 -  122.455     63.100      116.028         10          117.025
100.736 -  111.595     41.444      108.772          9          106.166
89.876 -  100.736      31.400       92.258          5           95.306
79.017 -  89.876       23.200       87.346          5           84.447
68.158 -  79.017       48.526       71.119         19           73.587
57.298 -  68.158       25.917       63.717         12           62.728
46.439 -  57.298       10.692       51.915         13           51.868
35.579 -  46.439        6.333       42.829          3           41.009
24.720 -  35.579       20.821       28.256         28           30.149
13.860 -  24.720       25.860       19.149         57           19.290
3.001 -  13.860        35.750        9.151         28            8.430
-7.859 -  3.001         5.792       -2.336         53           -2.429
-18.718 -  -7.859       3.688      -11.573         16          -13.288
-29.578 -  -18.718      0.000      -25.109         11          -24.148
