MPRINT(EM_DIAGRAM):    data _null_;
MPRINT(EM_DIAGRAM):   call symput('NLDATE', strip(put(date(), NLDATE.)));
MPRINT(EM_DIAGRAM):   call symput('NLTIME', strip(put(datetime(), NLTIME.)));
MPRINT(EM_DIAGRAM):   run;
MPRINT(EM_DIAGRAM):   data _null_;
MPRINT(EM_DIAGRAM):   nldate= sasmsg("sashelp.dmine", "log_date_note", 'N', "December 09, 2019" );
MPRINT(EM_DIAGRAM):   nltime= sasmsg("sashelp.dmine", "log_time_note", 'N', "16:47:49" );
MPRINT(EM_DIAGRAM):   put "*------------------------------------------------------------*";
MPRINT(EM_DIAGRAM):   put "* Training Log";
MPRINT(EM_DIAGRAM):   put nldate;
MPRINT(EM_DIAGRAM):   put nltime;
MPRINT(EM_DIAGRAM):   put "*------------------------------------------------------------*";
MPRINT(EM_DIAGRAM):   run;
*------------------------------------------------------------*
* Training Log
Date:                December 09, 2019
Time:                16:47:49
*------------------------------------------------------------*
MPRINT(EM_DIAGRAM):    filename O1Z_MQP2 "C:\Users\student\Desktop\AA 490\Final Project\AA490_Project\Base Model\Workspaces\EMWS2\Reg\EMTRAIN.out" encoding="UTF-8" NOBOM;
MPRINT(EM_DIAGRAM):   proc printto print=O1Z_MQP2 new;
MPRINT(EM_DIAGRAM):   run;
MPRINT(EM_DIAGRAM):    filename _LOG "C:\Users\student\Desktop\AA 490\Final Project\AA490_Project\Base Model\Workspaces\EMWS2\Reg\EMLOG.log" encoding="UTF-8" NOBOM;
MPRINT(EM_DIAGRAM):    data _null_;
MPRINT(EM_DIAGRAM):   call symput('NLDATE', strip(put(date(), NLDATE.)));
MPRINT(EM_DIAGRAM):   call symput('NLTIME', strip(put(datetime(), NLTIME.)));
MPRINT(EM_DIAGRAM):   run;
MPRINT(EM_DIAGRAM):   data _null_;
MPRINT(EM_DIAGRAM):   nldate= sasmsg("sashelp.dmine", "log_date_note", 'N', "December 09, 2019" );
MPRINT(EM_DIAGRAM):   nltime= sasmsg("sashelp.dmine", "log_time_note", 'N', "16:47:49" );
MPRINT(EM_DIAGRAM):   file _LOG;
MPRINT(EM_DIAGRAM):   put "*------------------------------------------------------------*";
MPRINT(EM_DIAGRAM):   put "User:                student";
MPRINT(EM_DIAGRAM):   put nldate;
MPRINT(EM_DIAGRAM):   put nltime;
MPRINT(EM_DIAGRAM):   put "Site:                70082322";
MPRINT(EM_DIAGRAM):   put "Platform:            X64_10PRO";
MPRINT(EM_DIAGRAM):   put "Maintenance Release: 9.04.01M4P110916";
MPRINT(EM_DIAGRAM):   put "EM Version:          14.2";
MPRINT(EM_DIAGRAM):   put "* ";
MPRINT(EM_DIAGRAM):   run;
MPRINT(EM_DIAGRAM):    filename _LOGIN "C:\Users\student\Desktop\AA 490\Final Project\AA490_Project\Base Model\Workspaces\EMWS2\Reg\EMTRAIN.log" encoding="UTF-8" NOBOM;
MPRINT(EM_COPYFILE):   data _null_;
MPRINT(EM_COPYFILE):   length line $20000;
MPRINT(EM_COPYFILE):   file _LOG MOD lrecl=20000;
MPRINT(EM_COPYFILE):   fid=fopen("_LOGIN",'i',20000,'v');
MPRINT(EM_COPYFILE):   if fid > 0 then do;
MPRINT(EM_COPYFILE):   do while(^fread(fid));
MPRINT(EM_COPYFILE):   rlen = frlen(fid);
MPRINT(EM_COPYFILE):   rc= fget(fid,line,20000);
MPRINT(EM_COPYFILE):   start = length(line)-length(left(line))+1;
MPRINT(EM_COPYFILE):   line=strip(line);
MPRINT(EM_COPYFILE):   put @start line;
MPRINT(EM_COPYFILE):   end;
MPRINT(EM_COPYFILE):   if fid > 0 then rc=fclose(fid);
MPRINT(EM_COPYFILE):   end;
MPRINT(EM_COPYFILE):   run;
MPRINT(EM_DIAGRAM):  ;
MPRINT(EM_DIAGRAM):   filename _LOGIN;
MPRINT(EM_DIAGRAM):    data _null_;
MPRINT(EM_DIAGRAM):   file _LOG mod;
MPRINT(EM_DIAGRAM):   put _page_;
MPRINT(EM_DIAGRAM):   run;
MPRINT(EM_DIAGRAM):   filename _LOGIN "C:\Users\student\Desktop\AA 490\Final Project\AA490_Project\Base Model\Workspaces\EMWS2\Reg\EMSCORE.log" encoding="UTF-8" NOBOM;
MPRINT(EM_DIAGRAM):  ;
MPRINT(EM_DIAGRAM):   data _null_;
MPRINT(EM_DIAGRAM):   file _LOG mod;
MPRINT(EM_DIAGRAM):   put _page_;
MPRINT(EM_DIAGRAM):   run;
MPRINT(EM_DIAGRAM):    filename _LOGIN "C:\Users\student\Desktop\AA 490\Final Project\AA490_Project\Base Model\Workspaces\EMWS2\Reg\EMREPORT.log" encoding="UTF-8" NOBOM;
MPRINT(EM_DIAGRAM):  ;
MPRINT(EM_DIAGRAM):   filename _LOGIN;
MPRINT(EM_DIAGRAM):    filename _LOG;
MPRINT(EM_DIAGRAM):    filename _OUT "C:\Users\student\Desktop\AA 490\Final Project\AA490_Project\Base Model\Workspaces\EMWS2\Reg\EMOUTPUT.out" encoding="UTF-8" NOBOM;
MPRINT(EM_DIAGRAM):    data _null_;
MPRINT(EM_DIAGRAM):   call symput('NLDATE', strip(put(date(), NLDATE.)));
MPRINT(EM_DIAGRAM):   call symput('NLTIME', strip(put(datetime(), NLTIME.)));
MPRINT(EM_DIAGRAM):   run;
MPRINT(EM_DIAGRAM):   data _null_;
MPRINT(EM_DIAGRAM):   nldate= sasmsg("sashelp.dmine", "log_date_note", 'N', "December 09, 2019" );
MPRINT(EM_DIAGRAM):   nltime= sasmsg("sashelp.dmine", "log_time_note", 'N', "16:47:49" );
MPRINT(EM_DIAGRAM):   file _OUT;
MPRINT(EM_DIAGRAM):   put "*------------------------------------------------------------*";
MPRINT(EM_DIAGRAM):   put "User:                student";
MPRINT(EM_DIAGRAM):   put nldate;
MPRINT(EM_DIAGRAM):   put nltime;
MPRINT(EM_DIAGRAM):   put "*------------------------------------------------------------*";
MPRINT(EM_DIAGRAM):   put "* Training Output";
MPRINT(EM_DIAGRAM):   put "*------------------------------------------------------------*";
MPRINT(EM_DIAGRAM):   run;
MPRINT(EM_DIAGRAM):    filename _OUTIN "C:\Users\student\Desktop\AA 490\Final Project\AA490_Project\Base Model\Workspaces\EMWS2\Reg\EMTRAIN.out" encoding="UTF-8" NOBOM;
MPRINT(EM_DIAGRAM):   ;
MPRINT(EM_COPYFILE):   data _null_;
MPRINT(EM_COPYFILE):   length line $20000;
MPRINT(EM_COPYFILE):   file _OUT MOD lrecl=20000;
MPRINT(EM_COPYFILE):   fid=fopen("_OUTIN",'i',20000,'v');
MPRINT(EM_COPYFILE):   if fid > 0 then do;
MPRINT(EM_COPYFILE):   do while(^fread(fid));
MPRINT(EM_COPYFILE):   rlen = frlen(fid);
MPRINT(EM_COPYFILE):   rc= fget(fid,line,20000);
MPRINT(EM_COPYFILE):   start = length(line)-length(left(line))+1;
MPRINT(EM_COPYFILE):   line=strip(line);
MPRINT(EM_COPYFILE):   put @start line;
MPRINT(EM_COPYFILE):   end;
MPRINT(EM_COPYFILE):   if fid > 0 then rc=fclose(fid);
MPRINT(EM_COPYFILE):   end;
MPRINT(EM_COPYFILE):   run;
MPRINT(EM_DIAGRAM):  ;
MPRINT(EM_DIAGRAM):   filename _OUTIN;
MPRINT(EM_DIAGRAM):    data _null_;
MPRINT(EM_DIAGRAM):   file _OUT mod;
MPRINT(EM_DIAGRAM):   put _page_;
MPRINT(EM_DIAGRAM):   put // "*------------------------------------------------------------*";
MPRINT(EM_DIAGRAM):   put "* Score Output";
MPRINT(EM_DIAGRAM):   put "*------------------------------------------------------------*";
MPRINT(EM_DIAGRAM):   run;
MPRINT(EM_DIAGRAM):    filename _OUTIN "C:\Users\student\Desktop\AA 490\Final Project\AA490_Project\Base Model\Workspaces\EMWS2\Reg\EMSCORE.out" encoding="UTF-8" NOBOM;
MPRINT(EM_DIAGRAM):  ;
MPRINT(EM_DIAGRAM):   filename _OUTIN;
MPRINT(EM_DIAGRAM):    data _null_;
MPRINT(EM_DIAGRAM):   file _OUT mod;
MPRINT(EM_DIAGRAM):   put _page_;
MPRINT(EM_DIAGRAM):   put // "*------------------------------------------------------------*";
MPRINT(EM_DIAGRAM):   put "* Report Output";
MPRINT(EM_DIAGRAM):   put "*------------------------------------------------------------*";
MPRINT(EM_DIAGRAM):   run;
MPRINT(EM_DIAGRAM):    filename _OUTIN "C:\Users\student\Desktop\AA 490\Final Project\AA490_Project\Base Model\Workspaces\EMWS2\Reg\EMREPORT.out" encoding="UTF-8" NOBOM;
MPRINT(EM_DIAGRAM):  ;
MPRINT(EM_DIAGRAM):   filename _OUTIN;
MPRINT(EM_DIAGRAM):    filename _OUT;
MPRINT(EM_DIAGRAM):    filename _emtool_ 'C:\Users\student\Desktop\AA 490\Final Project\AA490_Project\Base Model\Workspaces\EMWS2\Reg\EMRUNSTATUS.xml' encoding="UTF-8" NOBOM;
50061      proc freq data=EMWS2.Reg_VariableSet noprint;
MPRINT(EM_DIAGRAM):    proc freq data=EMWS2.Reg_VariableSet noprint;
50062      table ROLE*LEVEL/out=WORK.RegMETA;
MPRINT(EM_DIAGRAM):   table ROLE*LEVEL/out=WORK.RegMETA;
50063      run;
MPRINT(EM_DIAGRAM):   run;

NOTE: There were 5 observations read from the data set EMWS2.REG_VARIABLESET.
NOTE: The data set WORK.REGMETA has 3 observations and 4 variables.
NOTE: PROCEDURE FREQ used (Total process time):
      real time           0.02 seconds
      cpu time            0.00 seconds
      

50064      proc print data=WORK.RegMETA label noobs;
MPRINT(EM_DIAGRAM):   proc print data=WORK.RegMETA label noobs;
50065      var ROLE LEVEL COUNT;
MPRINT(EM_DIAGRAM):   var ROLE LEVEL COUNT;
50066      label ROLE = "%sysfunc(sasmsg(sashelp.dmine, meta_role_vlabel, NOQUOTE))" LEVEL = "%sysfunc(sasmsg(sashelp.dmine, meta_level_vlabel, NOQUOTE))" COUNT = "%sysfunc(sasmsg(sashelp.dmine, rpt_count_vlabel, NOQUOTE))";
MPRINT(EM_DIAGRAM):   label ROLE = "Role" LEVEL = "Measurement Level" COUNT = "Frequency Count";
50067      title9 ' ';
MPRINT(EM_DIAGRAM):   title9 ' ';
50068      title10 "%sysfunc(sasmsg(sashelp.dmine, rpt_varSummary_title  , NOQUOTE))";
MPRINT(EM_DIAGRAM):   title10 "Variable Summary";
MPRINT(EM_DIAGRAM):   run;
50069      run;

NOTE: There were 3 observations read from the data set WORK.REGMETA.
NOTE: The PROCEDURE PRINT printed page 11.
NOTE: PROCEDURE PRINT used (Total process time):
      real time           0.00 seconds
      cpu time            0.00 seconds
      

50070      title10;
MPRINT(EM_DIAGRAM):   title10;
50071      %let EMNORLEN = %DMNORLEN;
MPRINT(EM_DIAGRAM):   
EMWS2.Part_TRAIN EMWS2.Part_TRAIN 
EMWS2.Part_TRAIN EMWS2.Part_TRAIN EMWS2 Part_TRAIN 
EMWS2.Part_TRAIN EMWS2.Part_TRAIN 
EMWS2.Part_TRAIN EMWS2.Part_TRAIN EMWS2 Part_TRAIN 
Executing  SASHELP.EMCORE.EMINFOITERATOR.SCL _INIT >> 
Executing  SASHELP.EMCORE.EMINFOITERATOR.SCL setMetaData >> 
Executing  SASHELP.EMCORE.EMINFOITERATOR.SCL next >> 
Executing  SASHELP.EMCORE.EMINFOITERATOR.SCL next >> 
Executing  SASHELP.EMCORE.EMINFOITERATOR.SCL setMetaData >> 
Executing  SASHELP.EMCORE.EMINFOITERATOR.SCL next >> 
Executing  SASHELP.EMCORE.EMINFOITERATOR.SCL next >> 
Executing  SASHELP.EMCORE.EMINFOITERATOR.SCL _term >> 
"No decisions defined for target "Cases_in_1000s"." 
50072      proc print data = EMWS2.Ids2_Cases_in_1000s_DM noobs label;
MPRINT(EM_DIAGRAM):    proc print data = EMWS2.Ids2_Cases_in_1000s_DM noobs label;
50073      var _type_ variable label;
MPRINT(EM_DIAGRAM):   var _type_ variable label;
50074      where _type_ ^in('MATRIX', 'DECISION', 'TRAINPRIOR', 'DATAPRIOR', 'DECPRIOR');
MPRINT(EM_DIAGRAM):   where _type_ ^in('MATRIX', 'DECISION', 'TRAINPRIOR', 'DATAPRIOR', 'DECPRIOR');
50075      label _TYPE_ = "%sysfunc(sasmsg(sashelp.dmine, rpt_type_vlabel,     NOQUOTE))" VARIABLE = "%sysfunc(sasmsg(sashelp.dmine, rpt_variable_vlabel, NOQUOTE))" LABEL = "%sysfunc(sasmsg(sashelp.dmine, meta_label_vlabel, NOQUOTE))";
MPRINT(EM_DIAGRAM):   label _TYPE_ = "Type" VARIABLE = "Variable" LABEL = "Label";
50076      title9 ' ';
MPRINT(EM_DIAGRAM):   title9 ' ';
50077      title10 "%sysfunc(sasmsg(sashelp.dmine, rpt_predDecVars_title  , NOQUOTE))";
MPRINT(EM_DIAGRAM):   title10 "Predicted and decision variables";
MPRINT(EM_DIAGRAM):   run;
50078      run;

NOTE: There were 3 observations read from the data set EMWS2.IDS2_CASES_IN_1000S_DM.
      WHERE _type_ not in ('DATAPRIOR', 'DECISION', 'DECPRIOR', 'MATRIX', 'TRAINPRIOR');
NOTE: The PROCEDURE PRINT printed page 12.
NOTE: PROCEDURE PRINT used (Total process time):
      real time           0.01 seconds
      cpu time            0.01 seconds
      

50079      title10;
MPRINT(EM_DIAGRAM):   title10;
MPRINT(EM_DIAGRAM):    *------------------------------------------------------------*;
MPRINT(EM_DIAGRAM):   * Reg: Preparing metadata for Training *------------------------------------------------------------*;
MPRINT(EM_DIAGRAM):   data WORK.M00TJMWF;
MPRINT(EM_DIAGRAM):   set WORK.M00TJMWF;
MPRINT(EM_DIAGRAM):   where use = 'Y' or (role = 'INPUT' and use = 'D') ;
MPRINT(EM_DIAGRAM):   if (role = 'REJECTED') then role = 'INPUT';
MPRINT(EM_DIAGRAM):   if use = 'D' then use = 'Y';
MPRINT(EM_DIAGRAM):   run;
NOTE: There were 3 observations read from the data set EMWS2.IDS2_CASES_IN_1000S_DD.
NOTE: The data set WORK.CASES_IN_1000S has 3 observations and 1 variables.
NOTE: There were 3 observations read from the data set EMWS2.IDS2_CASES_IN_1000S_DD.
NOTE: The data set WORK.CASES_IN_1000S has 3 observations and 1 variables.
50089      *------------------------------------------------------------*;
MPRINT(EM_DIAGRAM):    *------------------------------------------------------------*;
50090      * Reg: Create decision matrix;
MPRINT(EM_DIAGRAM):   * Reg: Create decision matrix;
50091      *------------------------------------------------------------*;
MPRINT(EM_DIAGRAM):   *------------------------------------------------------------*;
50092      data WORK.Cases_in_1000s(label="Cases_in_1000s");
MPRINT(EM_DIAGRAM):   data WORK.Cases_in_1000s(label="Cases_in_1000s");
50093        length   Cases_in_1000s                       8
50094                 ;
MPRINT(EM_DIAGRAM):   length Cases_in_1000s 8 ;
50095      
50096       Cases_in_1000s=0;
MPRINT(EM_DIAGRAM):   Cases_in_1000s=0;
50097      output;
MPRINT(EM_DIAGRAM):   output;
50098       Cases_in_1000s=801;
MPRINT(EM_DIAGRAM):   Cases_in_1000s=801;
50099      output;
MPRINT(EM_DIAGRAM):   output;
50100       Cases_in_1000s=400.5;
MPRINT(EM_DIAGRAM):   Cases_in_1000s=400.5;
50101      output;
MPRINT(EM_DIAGRAM):   output;
50102      ;
MPRINT(EM_DIAGRAM):   ;
50103      run;
MPRINT(EM_DIAGRAM):   run;

NOTE: The data set WORK.CASES_IN_1000S has 3 observations and 1 variables.
NOTE: DATA statement used (Total process time):
      real time           0.00 seconds
      cpu time            0.00 seconds
      

50104      proc datasets lib=work nolist;
MPRINT(EM_DIAGRAM):   proc datasets lib=work nolist;
50105      modify Cases_in_1000s(type=PROFIT label=Cases_in_1000s);
MPRINT(EM_DIAGRAM):   modify Cases_in_1000s(type=PROFIT label= Cases_in_1000s);
MPRINT(EM_DIAGRAM):   run;
50106      run;

NOTE: MODIFY was successful for WORK.CASES_IN_1000S.DATA.
50107      quit;
MPRINT(EM_DIAGRAM):   quit;

NOTE: PROCEDURE DATASETS used (Total process time):
      real time           0.01 seconds
      cpu time            0.00 seconds
      

50108      data EM_DMREG / view=EM_DMREG;
MPRINT(EM_DIAGRAM):   data EM_DMREG / view=EM_DMREG;
50109      set EMWS2.Part_TRAIN(keep=
50110      Age_group Cases_in_1000s Disease Gender Population_in_thousands);
MPRINT(EM_DIAGRAM):   set EMWS2.Part_TRAIN(keep= Age_group Cases_in_1000s Disease Gender Population_in_thousands);
50111      run;
MPRINT(EM_DIAGRAM):   run;

NOTE: DATA STEP view saved on file WORK.EM_DMREG.
NOTE: A stored DATA STEP view cannot run under a different operating system.
NOTE: DATA statement used (Total process time):
      real time           0.00 seconds
      cpu time            0.01 seconds
      

MPRINT(EM_DIAGRAM):   *------------------------------------------------------------* ;
MPRINT(EM_DIAGRAM):   * Reg: DMDBClass Macro ;
MPRINT(EM_DIAGRAM):   *------------------------------------------------------------* ;
50112      *------------------------------------------------------------* ;
50113      * Reg: DMDBClass Macro ;
50114      *------------------------------------------------------------* ;
50115      %macro DMDBClass;
50116          Age_group(ASC) Disease(ASC) Gender(ASC)
50117      %mend DMDBClass;
50118      *------------------------------------------------------------* ;
MPRINT(EM_DIAGRAM):   *------------------------------------------------------------* ;
50119      * Reg: DMDBVar Macro ;
MPRINT(EM_DIAGRAM):   * Reg: DMDBVar Macro ;
50120      *------------------------------------------------------------* ;
MPRINT(EM_DIAGRAM):   *------------------------------------------------------------* ;
50121      %macro DMDBVar;
50122          Cases_in_1000s Population_in_thousands
50123      %mend DMDBVar;
50124      *------------------------------------------------------------*;
MPRINT(EM_DIAGRAM):   *------------------------------------------------------------*;
50125      * Reg: Create DMDB;
MPRINT(EM_DIAGRAM):   * Reg: Create DMDB;
50126      *------------------------------------------------------------*;
MPRINT(EM_DIAGRAM):   *------------------------------------------------------------*;
50127      proc dmdb batch data=WORK.EM_DMREG
50128      dmdbcat=WORK.Reg_DMDB
50129      maxlevel = 513
50130      ;
MPRINT(EM_DIAGRAM):   proc dmdb batch data=WORK.EM_DMREG dmdbcat=WORK.Reg_DMDB maxlevel = 513 ;
MPRINT(EM_DIAGRAM):   class
50131      class %DMDBClass;
MPRINT(DMDBCLASS):   Age_group(ASC) Disease(ASC) Gender(ASC)
MPRINT(EM_DIAGRAM):  ;
MPRINT(EM_DIAGRAM):   var
50132      var %DMDBVar;
MPRINT(DMDBVAR):   Cases_in_1000s Population_in_thousands
MPRINT(EM_DIAGRAM):  ;
50133      target
50134      Cases_in_1000s
50135      ;
MPRINT(EM_DIAGRAM):   target Cases_in_1000s ;
50136      run;
MPRINT(EM_DIAGRAM):   run;

NOTE: Records processed = 750   Memory used = 511K.
NOTE: View WORK.EM_DMREG.VIEW used (Total process time):
      real time           0.03 seconds
      cpu time            0.04 seconds
      
NOTE: There were 750 observations read from the data set EMWS2.PART_TRAIN.
NOTE: There were 750 observations read from the data set WORK.EM_DMREG.
NOTE: PROCEDURE DMDB used (Total process time):
      real time           0.04 seconds
      cpu time            0.04 seconds
      

MPRINT(EM_DIAGRAM):   quit;
MPRINT(EM_DIAGRAM):   *--- end code ---*;
50137      quit;
50138      *--- end code ---*;

50139      *------------------------------------------------------------*;
MPRINT(EM_DIAGRAM):    *------------------------------------------------------------*;
50140      * Reg: Run DMREG procedure;
MPRINT(EM_DIAGRAM):   * Reg: Run DMREG procedure;
50141      *------------------------------------------------------------*;
MPRINT(EM_DIAGRAM):   *------------------------------------------------------------*;
50142      proc dmreg data=EM_DMREG dmdbcat=WORK.Reg_DMDB
50143      validata = EMWS2.Part_VALIDATE
50144      outest = EMWS2.Reg_EMESTIMATE
50145      outterms = EMWS2.Reg_OUTTERMS
50146      Simple
50147      outmap= EMWS2.Reg_MAPDS namelen=200
50148      ;
MPRINT(EM_DIAGRAM):   proc dmreg data=EM_DMREG dmdbcat=WORK.Reg_DMDB validata = EMWS2.Part_VALIDATE outest = EMWS2.Reg_EMESTIMATE outterms = EMWS2.Reg_OUTTERMS Simple outmap= EMWS2.Reg_MAPDS namelen=200 ;
50149      class
50150      Age_group
50151      Disease
50152      Gender
50153      ;
MPRINT(EM_DIAGRAM):   class Age_group Disease Gender ;
50154      model Cases_in_1000s =
50155      Age_group
50156      Disease
50157      Gender
50158      Population_in_thousands
50159      /error=normal
50160      coding=DEVIATION
50161      CorrB
50162      nodesignprint
50163      selection=STEPWISE choose=NONE
50164      Hierarchy=CLASS
50165      Rule=NONE
50166      ;
MPRINT(EM_DIAGRAM):   model Cases_in_1000s = Age_group Disease Gender Population_in_thousands /error=normal coding=DEVIATION CorrB nodesignprint selection=STEPWISE choose=NONE Hierarchy=CLASS Rule=NONE ;
50167      ;
MPRINT(EM_DIAGRAM):   ;
50168      score data=EMWS2.Part_TEST
50169      out=_null_
50170      outfit=EMWS2.Reg_FITTEST
50171      role = TEST
50172      ;
MPRINT(EM_DIAGRAM):   score data=EMWS2.Part_TEST out=_null_ outfit=EMWS2.Reg_FITTEST role = TEST ;
50173      code file="C:\Users\student\Desktop\AA 490\Final Project\AA490_Project\Base Model\Workspaces\EMWS2\Reg\EMPUBLISHSCORE.sas"
50174      group=Reg
50175      ;
MPRINT(EM_DIAGRAM):   code file="C:\Users\student\Desktop\AA 490\Final Project\AA490_Project\Base Model\Workspaces\EMWS2\Reg\EMPUBLISHSCORE.sas" group=Reg ;
50176      code file="C:\Users\student\Desktop\AA 490\Final Project\AA490_Project\Base Model\Workspaces\EMWS2\Reg\EMFLOWSCORE.sas"
50177      group=Reg
50178      residual
50179      ;
MPRINT(EM_DIAGRAM):   code file="C:\Users\student\Desktop\AA 490\Final Project\AA490_Project\Base Model\Workspaces\EMWS2\Reg\EMFLOWSCORE.sas" group=Reg residual ;
50180      run;
MPRINT(EM_DIAGRAM):   run;

NOTE: 7 observations in the training data were not used due to missing values in the target or input variables or to invalid frequency values.
NOTE: External file C:\Users\student\Desktop\AA 490\Final Project\AA490_Project\Base Model\Workspaces\EMWS2\Reg\EMPUBLISHSCORE.sas opened.
NOTE: External file C:\Users\student\Desktop\AA 490\Final Project\AA490_Project\Base Model\Workspaces\EMWS2\Reg\EMFLOWSCORE.sas opened.
NOTE: View WORK.EM_DMREG.VIEW used (Total process time):
      real time           0.16 seconds
      cpu time            0.17 seconds
      
NOTE: There were 750 observations read from the data set EMWS2.PART_TRAIN.
NOTE: There were 750 observations read from the data set WORK.EM_DMREG.
NOTE: There were 563 observations read from the data set EMWS2.PART_VALIDATE.
NOTE: There were 562 observations read from the data set EMWS2.PART_TEST.
NOTE: The data set EMWS2.REG_EMESTIMATE has 15 observations and 47 variables.
NOTE: The data set EMWS2.REG_OUTTERMS has 12 observations and 6 variables.
NOTE: The data set EMWS2.REG_MAPDS has 2 observations and 14 variables.
NOTE: The data set EMWS2.REG_FITTEST has 4 observations and 14 variables.
NOTE: The PROCEDURE DMREG printed page 13.
NOTE: PROCEDURE DMREG used (Total process time):
      real time           0.19 seconds
      cpu time            0.18 seconds
      

MPRINT(EM_DIAGRAM):   quit;
50181      quit;

50182      proc datasets lib=WORK nolist;
MPRINT(EM_DIAGRAM):    proc datasets lib=WORK nolist;
50183      delete Reg_DMDB;
MPRINT(EM_DIAGRAM):   delete Reg_DMDB;
50184      run;
MPRINT(EM_DIAGRAM):   run;

NOTE: The file WORK.REG_DMDB (memtype=DATA) was not found, but appears on a DELETE statement.
50185      quit;
MPRINT(EM_DIAGRAM):   quit;

NOTE: PROCEDURE DATASETS used (Total process time):
      real time           0.00 seconds
      cpu time            0.00 seconds
      

50186      proc datasets lib=WORK nolist;
MPRINT(EM_DIAGRAM):    proc datasets lib=WORK nolist;
50187      delete Reg_DMDB / memtype=catalog;
MPRINT(EM_DIAGRAM):   delete Reg_DMDB / memtype=catalog;
50188      run;
MPRINT(EM_DIAGRAM):   run;

NOTE: Deleting WORK.REG_DMDB (memtype=CATALOG).
50189      quit;
MPRINT(EM_DIAGRAM):   quit;

NOTE: PROCEDURE DATASETS used (Total process time):
      real time           0.00 seconds
      cpu time            0.00 seconds
      

50190      data WORK.ESTIMATE;
MPRINT(EM_DIAGRAM):    data WORK.ESTIMATE;
50191      length _NAME_ $32;
MPRINT(EM_DIAGRAM):   length _NAME_ $32;
50192      set EMWS2.Reg_EMESTIMATE;
MPRINT(EM_DIAGRAM):   set EMWS2.Reg_EMESTIMATE;
50193      drop _AIC_--_VSUMW_
50194      ;
MPRINT(EM_DIAGRAM):   drop _AIC_--_VSUMW_ ;
50195      where _CHOSEN_ ne '' and _TYPE_ in('PARMS', 'T', 'P');
MPRINT(EM_DIAGRAM):   where _CHOSEN_ ne '' and _TYPE_ in('PARMS', 'T', 'P');
50196      drop _STEP_ _CHOSEN_;
MPRINT(EM_DIAGRAM):   drop _STEP_ _CHOSEN_;
50197      select(_TYPE_);
MPRINT(EM_DIAGRAM):   select(_TYPE_);
50198      when('PARMS') _NAME_='Coefficient';
MPRINT(EM_DIAGRAM):   when('PARMS') _NAME_='Coefficient';
50199      when('T') _NAME_='tValue';
MPRINT(EM_DIAGRAM):   when('T') _NAME_='tValue';
50200      when('P') _NAME_='PValue';
MPRINT(EM_DIAGRAM):   when('P') _NAME_='PValue';
50201      otherwise;
MPRINT(EM_DIAGRAM):   otherwise;
50202      end;
MPRINT(EM_DIAGRAM):   end;
50203      run;
MPRINT(EM_DIAGRAM):   run;

NOTE: There were 3 observations read from the data set EMWS2.REG_EMESTIMATE.
      WHERE (_CHOSEN_ not = ' ') and _TYPE_ in ('P', 'PARMS', 'T');
NOTE: The data set WORK.ESTIMATE has 3 observations and 15 variables.
NOTE: DATA statement used (Total process time):
      real time           0.00 seconds
      cpu time            0.00 seconds
      

50204      proc transpose data=WORK.ESTIMATE out=WORK.ESTIMATE(rename=(_NAME_=Effect));
MPRINT(EM_DIAGRAM):   proc transpose data=WORK.ESTIMATE out=WORK.ESTIMATE(rename=(_NAME_=Effect));
50205      run;
MPRINT(EM_DIAGRAM):   run;

NOTE: There were 3 observations read from the data set WORK.ESTIMATE.
NOTE: The data set WORK.ESTIMATE has 13 observations and 5 variables.
NOTE: PROCEDURE TRANSPOSE used (Total process time):
      real time           0.00 seconds
      cpu time            0.00 seconds
      

50206      proc transpose data=EMWS2.Reg_MAPDS out=WORK.MAP(rename=(_NAME_=Effect INPUT=Variable
50207      ));
MPRINT(EM_DIAGRAM):   proc transpose data=EMWS2.Reg_MAPDS out=WORK.MAP(rename=(_NAME_=Effect INPUT=Variable ));
50208      var 'Age_group0N17'n--'Population_in_thousands'n;
MPRINT(EM_DIAGRAM):   var 'Age_group0N17'n--'Population_in_thousands'n;
50209      run;
MPRINT(EM_DIAGRAM):   run;

NOTE: There were 2 observations read from the data set EMWS2.REG_MAPDS.
NOTE: The data set WORK.MAP has 12 observations and 4 variables.
NOTE: PROCEDURE TRANSPOSE used (Total process time):
      real time           0.01 seconds
      cpu time            0.00 seconds
      

50210      proc sort data=WORK.MAP;
MPRINT(EM_DIAGRAM):   proc sort data=WORK.MAP;
50211      by Effect;
MPRINT(EM_DIAGRAM):   by Effect;
50212      run;
MPRINT(EM_DIAGRAM):   run;

NOTE: There were 12 observations read from the data set WORK.MAP.
NOTE: The data set WORK.MAP has 12 observations and 4 variables.
NOTE: PROCEDURE SORT used (Total process time):
      real time           0.00 seconds
      cpu time            0.00 seconds
      

50213      proc sort data=WORK.ESTIMATE;
MPRINT(EM_DIAGRAM):   proc sort data=WORK.ESTIMATE;
50214      by Effect;
MPRINT(EM_DIAGRAM):   by Effect;
50215      run;
MPRINT(EM_DIAGRAM):   run;

NOTE: There were 13 observations read from the data set WORK.ESTIMATE.
NOTE: The data set WORK.ESTIMATE has 13 observations and 5 variables.
NOTE: PROCEDURE SORT used (Total process time):
      real time           0.00 seconds
      cpu time            0.00 seconds
      

50216      data EMWS2.Reg_EFFECTS(rename=(_LABEL_=EffectLabel));
MPRINT(EM_DIAGRAM):   data EMWS2.Reg_EFFECTS(rename=(_LABEL_=EffectLabel));
50217      length Variable ClassLevel $32;
MPRINT(EM_DIAGRAM):   length Variable ClassLevel $32;
50218      merge WORK.ESTIMATE WORK.MAP;
MPRINT(EM_DIAGRAM):   merge WORK.ESTIMATE WORK.MAP;
50219      by Effect;
MPRINT(EM_DIAGRAM):   by Effect;
50220      label Effect = "%sysfunc(sasmsg(sashelp.dmine, rpt_effect_vlabel, NOQUOTE))" Variable = "%sysfunc(sasmsg(sashelp.dmine, rpt_variable_vlabel, NOQUOTE))" Sign = "%sysfunc(sasmsg(sashelp.dmine, rpt_sign_vlabel, NOQUOTE))" ClassLevel =
50221         "%sysfunc(sasmsg(sashelp.dmine, rpt_level_vlabel, NOQUOTE))" Abscoefficient = "%sysfunc(sasmsg(sashelp.dmine, rpt_abscoefficient_vlabel, NOQUOTE))" Coefficient = "%sysfunc(sasmsg(sashelp.dmine, rpt_coefficient_vlabel, NOQUOTE))" _LABEL_ =
50222         "%sysfunc(sasmsg(sashelp.dmine, rpt_effectLabel_vlabel, NOQUOTE))" CODE = "%sysfunc(sasmsg(sashelp.dmine, rpt_scorecodevar_vlabel, NOQUOTE))";
MPRINT(EM_DIAGRAM):   label Effect = "Effect" Variable = "Variable" Sign = "Sign" ClassLevel = "Level" Abscoefficient = "Absolute Coefficient" Coefficient = "Coefficient" _LABEL_ = "Effect Label" CODE = "Score Code Variable";
50223      label tvalue = "%sysfunc(sasmsg(sashelp.dmine, rpt_tvalue_vlabel,         NOQUOTE))" abstvalue = "%sysfunc(sasmsg(sashelp.dmine, rpt_absoluteTvalue_vlabel, NOQUOTE))" PValue = "%sysfunc(sasmsg(sashelp.dmine, rpt_pvalue_vlabel,         NOQUOTE))"
50223    ! ;
MPRINT(EM_DIAGRAM):   label tvalue = "T-value" abstvalue = "Absolute T-value" PValue = "P Value";
50224      abstvalue = abs(tValue);
MPRINT(EM_DIAGRAM):   abstvalue = abs(tValue);
50225      if index(Effect, 'Intercept') then do;
MPRINT(EM_DIAGRAM):   if index(Effect, 'Intercept') then do;
50226      variable = 'Intercept';
MPRINT(EM_DIAGRAM):   variable = 'Intercept';
50227      classLevel = scan(_LABEL_, 2, '=');
MPRINT(EM_DIAGRAM):   classLevel = scan(_LABEL_, 2, '=');
The SAS System

50228      end;
MPRINT(EM_DIAGRAM):   end;
50229      if ^indexc(variable, '*') then do;
MPRINT(EM_DIAGRAM):   if ^indexc(variable, '*') then do;
50230      if length(effect)>length(variable) then classlevel = substr(Effect, length(variable)+1);
MPRINT(EM_DIAGRAM):   if length(effect)>length(variable) then classlevel = substr(Effect, length(variable)+1);
50231      end;
MPRINT(EM_DIAGRAM):   end;
50232      if Effect eq '' then Effect = Variable;
MPRINT(EM_DIAGRAM):   if Effect eq '' then Effect = Variable;
50233      if coefficient < 0 then sign = '-';
MPRINT(EM_DIAGRAM):   if coefficient < 0 then sign = '-';
50234      else sign = '+';
MPRINT(EM_DIAGRAM):   else sign = '+';
50235      abscoefficient = abs(coefficient);
MPRINT(EM_DIAGRAM):   abscoefficient = abs(coefficient);
50236      if _LABEL_ = '' then _LABEL_ = Effect;
MPRINT(EM_DIAGRAM):   if _LABEL_ = '' then _LABEL_ = Effect;
50237      if coefficient ne . then output;
MPRINT(EM_DIAGRAM):   if coefficient ne . then output;
50238      run;
MPRINT(EM_DIAGRAM):   run;

NOTE: Missing values were generated as a result of performing an operation on missing values.
      Each place is given by: (Number of times) at (Line):(Column).
      1 at 50224:13   1 at 50235:18   
NOTE: There were 13 observations read from the data set WORK.ESTIMATE.
NOTE: There were 12 observations read from the data set WORK.MAP.
NOTE: The data set EMWS2.REG_EFFECTS has 12 observations and 11 variables.
NOTE: DATA statement used (Total process time):
      real time           0.02 seconds
      cpu time            0.03 seconds
      

50239      proc sort data =EMWS2.Reg_EFFECTS;
MPRINT(EM_DIAGRAM):    proc sort data =EMWS2.Reg_EFFECTS;
50240      by
50241      descending abstvalue;
MPRINT(EM_DIAGRAM):   by descending abstvalue;
50242      run;
MPRINT(EM_DIAGRAM):   run;

NOTE: There were 12 observations read from the data set EMWS2.REG_EFFECTS.
NOTE: The data set EMWS2.REG_EFFECTS has 12 observations and 11 variables.
NOTE: PROCEDURE SORT used (Total process time):
      real time           0.00 seconds
      cpu time            0.00 seconds
      

50243      data EMWS2.Reg_EFFECTS;
MPRINT(EM_DIAGRAM):   data EMWS2.Reg_EFFECTS;
50244      set EMWS2.Reg_EFFECTS;
MPRINT(EM_DIAGRAM):   set EMWS2.Reg_EFFECTS;
50245      format TEffectNum 3.;
MPRINT(EM_DIAGRAM):   format TEffectNum 3.;
50246      label TEffectNum = "%sysfunc(sasmsg(sashelp.dmine, rpt_teffectnum_vlabel, NOQUOTE))";
MPRINT(EM_DIAGRAM):   label TEffectNum = "TScore Number";
50247      retain TEffectNum;
MPRINT(EM_DIAGRAM):   retain TEffectNum;
50248      TEffectNum = _N_;
MPRINT(EM_DIAGRAM):   TEffectNum = _N_;
50249      run;
MPRINT(EM_DIAGRAM):   run;

NOTE: There were 12 observations read from the data set EMWS2.REG_EFFECTS.
NOTE: The data set EMWS2.REG_EFFECTS has 12 observations and 12 variables.
NOTE: DATA statement used (Total process time):
      real time           0.00 seconds
      cpu time            0.00 seconds
      

50250      proc sort data =EMWS2.Reg_EFFECTS;
MPRINT(EM_DIAGRAM):    proc sort data =EMWS2.Reg_EFFECTS;
50251      by
50252      descending absCoefficient;
MPRINT(EM_DIAGRAM):   by descending absCoefficient;
50253      run;
MPRINT(EM_DIAGRAM):   run;

NOTE: There were 12 observations read from the data set EMWS2.REG_EFFECTS.
NOTE: The data set EMWS2.REG_EFFECTS has 12 observations and 12 variables.
NOTE: PROCEDURE SORT used (Total process time):
      real time           0.00 seconds
      cpu time            0.01 seconds
      

50254      data EMWS2.Reg_EFFECTS;
MPRINT(EM_DIAGRAM):   data EMWS2.Reg_EFFECTS;
50255      set EMWS2.Reg_EFFECTS;
MPRINT(EM_DIAGRAM):   set EMWS2.Reg_EFFECTS;
50256      format EffectNum 3.;
MPRINT(EM_DIAGRAM):   format EffectNum 3.;
50257      label EffectNum = "%sysfunc(sasmsg(sashelp.dmine, rpt_effectnum_vlabel, NOQUOTE))";
MPRINT(EM_DIAGRAM):   label EffectNum = "Effect Number";
50258      retain EffectNum;
MPRINT(EM_DIAGRAM):   retain EffectNum;
50259      EffectNum = _N_;
MPRINT(EM_DIAGRAM):   EffectNum = _N_;
50260      run;
MPRINT(EM_DIAGRAM):   run;

NOTE: There were 12 observations read from the data set EMWS2.REG_EFFECTS.
NOTE: The data set EMWS2.REG_EFFECTS has 12 observations and 13 variables.
NOTE: DATA statement used (Total process time):
      real time           0.00 seconds
      cpu time            0.01 seconds
      

50261      proc transpose data=EMWS2.Reg_EMESTIMATE out=EMWS2.Reg_ESTIMATEGRID(rename=(PARMS=Coefficient T=TValue _NAME_=Effect _LABEL_=EffectLabel));
MPRINT(EM_DIAGRAM):    proc transpose data=EMWS2.Reg_EMESTIMATE out=EMWS2.Reg_ESTIMATEGRID(rename=(PARMS=Coefficient T=TValue _NAME_=Effect _LABEL_=EffectLabel));
50262      where _CHOSEN_ eq '' and _TYPE_ in('PARMS', 'T', 'P');
MPRINT(EM_DIAGRAM):   where _CHOSEN_ eq '' and _TYPE_ in('PARMS', 'T', 'P');
50263      var 'Age_group0N17'n--'Population_in_thousands'n;
MPRINT(EM_DIAGRAM):   var 'Age_group0N17'n--'Population_in_thousands'n;
50264      by _STEP_;
MPRINT(EM_DIAGRAM):   by _STEP_;
50265      id _TYPE_;
MPRINT(EM_DIAGRAM):   id _TYPE_;
50266      run;
MPRINT(EM_DIAGRAM):   run;

NOTE: There were 12 observations read from the data set EMWS2.REG_EMESTIMATE.
      WHERE (_CHOSEN_=' ') and _TYPE_ in ('P', 'PARMS', 'T');
NOTE: The data set EMWS2.REG_ESTIMATEGRID has 48 observations and 6 variables.
NOTE: PROCEDURE TRANSPOSE used (Total process time):
      real time           0.01 seconds
      cpu time            0.01 seconds
      

50267      data EMWS2.Reg_ESTIMATEGRID;
MPRINT(EM_DIAGRAM):    data EMWS2.Reg_ESTIMATEGRID;
50268      set EMWS2.Reg_ESTIMATEGRID;
MPRINT(EM_DIAGRAM):   set EMWS2.Reg_ESTIMATEGRID;
50269      if EffectLabel eq '' then EffectLabel = Effect;
MPRINT(EM_DIAGRAM):   if EffectLabel eq '' then EffectLabel = Effect;
50270      label EffectLabel = "%sysfunc(sasmsg(sashelp.dmine, rpt_effectLabel_vlabel, NOQUOTE))" Effect = "%sysfunc(sasmsg(sashelp.dmine, rpt_effect_vlabel, NOQUOTE))" Abscoefficient = "%sysfunc(sasmsg(sashelp.dmine, rpt_abscoefficient_vlabel, NOQUOTE))"
50271         Coefficient = "%sysfunc(sasmsg(sashelp.dmine, rpt_coefficient_vlabel, NOQUOTE))" tvalue = "%sysfunc(sasmsg(sashelp.dmine, rpt_tvalue_vlabel,         NOQUOTE))" abstvalue = "%sysfunc(sasmsg(sashelp.dmine, rpt_absoluteTvalue_vlabel, NOQUOTE))"
50271    ! PValue =
50272         "%sysfunc(sasmsg(sashelp.dmine, rpt_pvalue_vlabel,         NOQUOTE))";
MPRINT(EM_DIAGRAM):   label EffectLabel = "Effect Label" Effect = "Effect" Abscoefficient = "Absolute Coefficient" Coefficient = "Coefficient" tvalue = "T-value" abstvalue = "Absolute T-value" PValue = "P Value";
50273      AbsCoefficient = abs(Coefficient);
MPRINT(EM_DIAGRAM):   AbsCoefficient = abs(Coefficient);
50274      AbsTValue = abs(TValue);
MPRINT(EM_DIAGRAM):   AbsTValue = abs(TValue);
50275      where coefficient ne .;
MPRINT(EM_DIAGRAM):   where coefficient ne .;
50276      run;
MPRINT(EM_DIAGRAM):   run;

NOTE: Variable PValue is uninitialized.
NOTE: There were 25 observations read from the data set EMWS2.REG_ESTIMATEGRID.
      WHERE coefficient not = .;
NOTE: The data set EMWS2.REG_ESTIMATEGRID has 25 observations and 8 variables.
NOTE: DATA statement used (Total process time):
      real time           0.02 seconds
      cpu time            0.03 seconds
      

MPRINT(EM_DIAGRAM):    proc printto;
MPRINT(EM_DIAGRAM):   run;
