 
                                                                                                                                                                                                                                                                
 
 
Fit Statistics

Target=Cases_in_1000s Target Label=' '

   Fit
Statistics    Statistics Label                      Train    Validation         Test

 _AIC_        Akaike's Information Criterion      2966.69           .            .  
 _ASE_        Average Squared Error                347.68        632.29       596.28
 _AVERR_      Average Error Function               347.68        632.29       596.28
 _DFE_        Degrees of Freedom for Error         452.00           .            .  
 _DFM_        Model Degrees of Freedom              41.00           .            .  
 _DFT_        Total Degrees of Freedom             493.00           .            .  
 _DIV_        Divisor for ASE                      493.00        372.00       367.00
 _ERR_        Error Function                    171408.01     235211.82    218835.99
 _FPE_        Final Prediction Error               410.76           .            .  
 _MAX_        Maximum Absolute Error               111.38        140.14       147.98
 _MSE_        Mean Square Error                    379.22        632.29       596.28
 _NOBS_       Sum of Frequencies                   493.00        372.00       367.00
 _NW_         Number of Estimate Weights            41.00           .            .  
 _RASE_       Root Average Sum of Squares           18.65         25.15        24.42
 _RFPE_       Root Final Prediction Error           20.27           .            .  
 _RMSE_       Root Mean Squared Error               19.47         25.15        24.42
 _SBC_        Schwarz's Bayesian Criterion        3138.91           .            .  
 _SSE_        Sum of Squared Errors             171408.01     235211.82    218835.99
 _SUMW_       Sum of Case Weights Times Freq       493.00        372.00       367.00
 
                                                                                                                                                                                                                                                                
 
 
Assessment Score Rankings

Data Role=TRAIN Target Variable=Cases_in_1000s Target Label=' '

           Number of        Mean       Mean
Depth    Observations     Target    Predicted

   5          18         278.833      283.735
  10          25         214.880      201.129
  15          25         102.400      111.449
  20          26          89.500       89.202
  25          24          70.042       63.120
  30          25          47.440       50.782
  35          25          45.080       44.752
  40          25          36.880       34.944
  45          25          23.440       31.183
  50          25          20.480       25.489
  55          25          17.520       20.626
  60          25          11.200       17.075
  65          25           9.600       13.101
  70          25           4.920        7.301
  75          25           5.800        5.090
  80          25           3.240        3.517
  85          25           2.640        1.572
  90          25           0.560       -0.774
  95          25           0.960       -4.408
 100          25           0.360      -12.001


Data Role=VALIDATE Target Variable=Cases_in_1000s Target Label=' '

           Number of        Mean       Mean
Depth    Observations     Target    Predicted

   5          16         317.375      288.165
  10          19         228.632      221.972
  15          19         143.632      171.161
  20          18          81.167      104.044
  25          19          87.632       87.947
  30          19          67.789       63.292
  35          19          44.842       49.353
  40          18          43.444       40.181
  45          19          24.421       31.900
  50          19          18.526       27.427
  55          19          21.263       22.811
  60          18          13.333       19.443
  65          19          11.632       15.735
  70          19           8.368       10.488
  75          19           5.368        6.105
  80          18           4.389        4.133
  85          19           8.632        2.370
  90          19           2.579       -0.538
  95          19           1.211       -4.252
 100          18           0.611      -11.270
 
                                                                                                                                                                                                                                                                
 
 
Assessment Score Distribution

Data Role=TRAIN Target Variable=Cases_in_1000s Target Label=' '

    Range for            Mean       Mean        Number of        Model
    Predicted          Target    Predicted    Observations       Score

288.160 -  304.667    282.250      299.223           8         296.413
271.654 -  288.160    305.667      283.037           6         279.907
255.148 -  271.654    235.000      256.856           2         263.401
238.642 -  255.148    236.333      247.126           6         246.895
222.136 -  238.642    198.000      229.360           2         230.389
205.630 -  222.136    284.500      215.458           2         213.883
189.124 -  205.630    210.889      199.363           9         197.377
172.617 -  189.124    170.000      184.126           5         180.871
139.605 -  156.111    232.667      147.479           3         147.858
123.099 -  139.605    148.500      131.137           6         131.352
106.593 -  123.099    106.286      111.543           7         114.846
90.087 -  106.593      84.429       97.155          28          98.340
73.581 -  90.087       90.750       84.035           8          81.834
57.074 -  73.581       74.348       65.087          23          65.328
40.568 -  57.074       46.837       48.770          49          48.821
24.062 -  40.568       28.676       31.946          71          32.315
7.556 -  24.062        12.533       16.651          92          15.809
-8.950 -  7.556         2.662        1.024         151          -0.697
-25.456 -  -8.950       0.000      -15.006          15         -17.203


Data Role=VALIDATE Target Variable=Cases_in_1000s Target Label=' '

    Range for            Mean       Mean        Number of        Model
    Predicted          Target    Predicted    Observations       Score

285.296 -  301.405    322.778      296.766           9         293.351
269.187 -  285.296    333.200      282.292           5         277.241
253.078 -  269.187    258.000      262.945           3         261.132
236.969 -  253.078    210.500      241.189           2         245.023
220.860 -  236.969    228.500      227.842           6         228.914
204.751 -  220.860    219.250      213.495           8         212.805
188.642 -  204.751    204.286      198.303           7         196.696
172.533 -  188.642    104.875      179.716           8         180.587
140.315 -  156.424    222.667      147.306           3         148.369
124.205 -  140.315    122.000      131.047           2         132.260
108.096 -  124.205     85.667      118.059           3         116.151
91.987 -  108.096      82.174       99.921          23         100.042
75.878 -  91.987       87.556       87.808           9          83.933
59.769 -  75.878       78.333       68.865          15          67.824
43.660 -  59.769       49.367       50.385          30          51.715
27.551 -  43.660       27.952       33.482          42          35.606
11.442 -  27.551       15.141       19.833          71          19.497
-4.667 -  11.442        5.320        3.216         100           3.388
-20.776 -  -4.667       0.885       -9.377          26         -12.721
