 
                                                                                                                                                                                                                                                                
 
 
Variable Summary

          Measurement    Frequency
 Role        Level         Count

INPUT      INTERVAL          1    
INPUT      NOMINAL           3    
TARGET     INTERVAL          1    
 
                                                                                                                                                                                                                                                                
 
 
Predicted and decision variables

Type             Variable                  Label

TARGET       Cases_in_1000s                               
PREDICTED    P_Cases_in_1000s    Predicted: Cases_in_1000s
RESIDUAL     R_Cases_in_1000s    Residual: Cases_in_1000s 
 
                                                                                                                                                                                                                                                                
 
 

The DMREG Procedure

               Model Information

Training Data Set             WORK.EM_DMREG.VIEW
DMDB Catalog                  WORK.REG2_DMDB    
Target Variable               Cases_in_1000s    
Target Measurement Level      Interval          
Error                         Normal            
Link Function                 Identity          
Number of Model Parameters    41                
Number of Observations        493               


                             Analysis of Variance
 
                                   Sum of
Source                 DF         Squares     Mean Square    F Value    Pr > F

Model                  40         2274996           56875     149.98    <.0001
Error                 452          171408      379.221260                     
Corrected Total       492         2446404                                     


              Model Fit Statistics

R-Square        0.9299     Adj R-Sq        0.9237
AIC          2966.6874     BIC          2976.1090
SBC          3138.9082     C(p)           41.0000


                    Type 3 Analysis of Effects
 
                                       Sum of
Effect                       DF       Squares    F Value    Pr > F

Age_group                     5    1007777.81     531.50    <.0001
Disease                       4    521245.683     343.63    <.0001
Gender                        1     5022.0435      13.24    0.0003
Population_in_thousands       1    27133.4349      71.55    <.0001
Age_group*Disease            20    893390.938     117.79    <.0001
Age_group*Gender              5     4927.5237       2.60    0.0248
Disease*Gender                4     4336.3148       2.86    0.0232


                                                   Analysis of Maximum Likelihood Estimates
 
                                                                                                               Standard
Parameter                                                                                    DF    Estimate       Error    t Value    Pr > |t|

Intercept                                                                                     1    -19.8843      8.2570      -2.41      0.0164
Age_group               0-17                                                                  1    -66.5646      5.1521     -12.92      <.0001
Age_group               18-24                                                                 1    -17.1946      4.0095      -4.29      <.0001
Age_group               25-44                                                                 1    -75.2320      6.4462     -11.67      <.0001
Age_group               45-64                                                                 1     16.8608      3.5381       4.77      <.0001
Age_group               65-84                                                                 1       104.9      3.4029      30.83      <.0001
Disease                 Asthma                                                                1     -8.9806      1.8314      -4.90      <.0001
Disease                 Cancer, all                                                           1     58.6326      1.8537      31.63      <.0001
Disease                 Dementia and Alzheimer's disease                                      1    -40.9990      1.6730     -24.51      <.0001
Disease                 Osteoarthritis                                                        1      7.3267      1.8575       3.94      <.0001
Gender                  Female                                                                1      3.3204      0.9124       3.64      0.0003
Population_in_thousands                                                                       1     0.00292    0.000345       8.46      <.0001
Age_group*Disease       0-17                             Asthma                               1     80.6002      4.2220      19.09      <.0001
Age_group*Disease       0-17                             Cancer, all                          1    -66.9383      4.5656     -14.66      <.0001
Age_group*Disease       0-17                             Dementia and Alzheimer's disease     1     17.8963      4.1504       4.31      <.0001
Age_group*Disease       0-17                             Osteoarthritis                       1    -31.1813      3.8958      -8.00      <.0001
Age_group*Disease       18-24                            Asthma                               1     14.0334      3.8149       3.68      0.0003
Age_group*Disease       18-24                            Cancer, all                          1    -55.6197      4.2901     -12.96      <.0001
Age_group*Disease       18-24                            Dementia and Alzheimer's disease     1     38.2441      3.7475      10.21      <.0001
Age_group*Disease       18-24                            Osteoarthritis                       1    -10.5321      3.9630      -2.66      0.0081
Age_group*Disease       25-44                            Asthma                               1     27.1778      3.9485       6.88      <.0001
Age_group*Disease       25-44                            Cancer, all                          1    -23.6941      3.6638      -6.47      <.0001
Age_group*Disease       25-44                            Dementia and Alzheimer's disease     1     13.0675      3.5484       3.68      0.0003
Age_group*Disease       25-44                            Osteoarthritis                       1    -16.9276      4.7295      -3.58      0.0004
Age_group*Disease       45-64                            Asthma                               1    -30.7616      4.4415      -6.93      <.0001
Age_group*Disease       45-64                            Cancer, all                          1     83.1021      4.2096      19.74      <.0001
Age_group*Disease       45-64                            Dementia and Alzheimer's disease     1    -46.6867      3.7710     -12.38      <.0001
Age_group*Disease       45-64                            Osteoarthritis                       1     23.5388      3.9685       5.93      <.0001
Age_group*Disease       65-84                            Asthma                               1    -84.1948      3.8645     -21.79      <.0001
Age_group*Disease       65-84                            Cancer, all                          1       103.4      4.1885      24.68      <.0001
Age_group*Disease       65-84                            Dementia and Alzheimer's disease     1    -57.6242      3.4400     -16.75      <.0001
Age_group*Disease       65-84                            Osteoarthritis                       1     52.6796      4.4012      11.97      <.0001
Age_group*Gender        0-17                             Female                               1     -4.3980      2.1383      -2.06      0.0403
Age_group*Gender        18-24                            Female                               1     -1.9018      2.0113      -0.95      0.3449
Age_group*Gender        25-44                            Female                               1      6.0990      2.0169       3.02      0.0026
Age_group*Gender        45-64                            Female                               1      0.3661      2.0365       0.18      0.8574
Age_group*Gender        65-84                            Female                               1     -1.5905      2.0199      -0.79      0.4314
Disease*Gender          Asthma                           Female                               1      4.7158      1.8224       2.59      0.0100
Disease*Gender          Cancer, all                      Female                               1      0.5083      1.8388       0.28      0.7824
Disease*Gender          Dementia and Alzheimer's disease Female                               1     -3.9486      1.6763      -2.36      0.0189
Disease*Gender          Osteoarthritis                   Female                               1      0.9757      1.8500       0.53      0.5982
