 
                                                                                                                                                                                                                                                                
 
Variable Importance

                                                                                            Ratio of
                                  Number of                                               Validation
                                  Splitting                            Validation        to Training
Variable Name          Label        Rules           Importance         Importance         Importance

Projected_Sum_Pop                      1                1.0000             1.0000             1.0000
Gender                                 6                0.4336             0.4662             1.0751
Year                                  13                0.1180             0.1108             0.9388
Age_group            Age_group         3                0.0837             0.0948             1.1326
 
                                                                                                                                                                                                                                                                
 
Tree Leaf Report

Node               Training      Training     Validation     Validation    Training    Validation
 Id     Depth    Observations     Average    Observations      Average     Root ASE     Root ASE

  8       3           120         7311.00         96           7465.31      1254.66      1467.40 
 48       6            63         2311.43         42           2336.43       457.99       559.17 
 45       6            53         5169.06         43           5135.58       654.95       700.55 
 46       6            40         4236.00         24           4298.75       505.27       563.11 
 21       4            36          828.33         13            784.62       142.88       150.07 
 42       6            33         3002.73         22           3035.45       270.49       242.83 
 23       4            32          281.25         20            298.50       132.85       107.66 
 44       6            29         4423.45         27           4510.00      1046.24      1065.47 
 49       6            28         2956.07         23           3011.74       348.80       333.28 
 37       5            27          392.22         26            480.00       118.58       123.50 
 38       5            24        74357.50         12          73430.00      1769.02      2362.02 
 28       4            21        41105.71         25          41143.20      2212.76      1753.76 
 30       4            21        32671.43         25          32476.80      1557.32      1673.22 
 36       5            14          709.29         14            664.29        83.79        86.81 
 29       4            13        47704.62         10          48942.00      2150.42      2890.43 
 20       4            12         1112.50          9           1023.33        59.32       156.97 
 40       5            11        36550.91          6          36290.00      1285.28      1088.38 
 43       6            10         1848.00          8           1841.25       332.77       328.34 
 27       4             8        93720.00          1          92760.00      2132.32       960.00 
 26       4             6        83900.00          6          83400.00      1344.62      1438.05 
 25       4             5        79920.00          1          81120.00      1469.69      1200.00 
 39       5             5        69984.00          6          71070.00      2658.64      3246.03 
 41       5             5        41448.00          5          41448.00       886.21       886.21 
 47       6             5         2544.00          4           2550.00       111.28       123.84 
 
                                                                                                                                                                                                                                                                
 
 
Fit Statistics

Target=OG_Cases_in_Thousands Target Label=' '

   Fit
Statistics    Statistics Label                     Train      Validation            Test

  _NOBS_      Sum of Frequencies                  621.00          468.00          456.00
  _MAX_       Maximum Absolute Error             5057.50         5057.50         5057.50
  _SSE_       Sum of Squared Errors         680053791.77    671637089.47    622202585.55
  _ASE_       Average Squared Error           1095094.67      1435121.99      1364479.35
  _RASE_      Root Average Squared Error         1046.47         1197.97         1168.11
  _DIV_       Divisor for ASE                     621.00          468.00          456.00
  _DFT_       Total Degrees of Freedom            621.00             .               .  
 
                                                                                                                                                                                                                                                                
 
 
Assessment Score Rankings

Data Role=TRAIN Target Variable=OG_Cases_in_Thousands Target Label=' '

           Number of       Mean         Mean
Depth    Observations     Target     Predicted

   5           43        79938.14     79938.14
  10           18        53893.33     53893.33
  15           26        41171.54     41171.54
  20           32        34005.00     34005.00
  25          120         7311.00      7311.00
  40           53         5169.06      5169.06
  50           29         4423.45      4423.45
  55           40         4236.00      4236.00
  60           33         3002.73      3002.73
  65           28         2956.07      2956.07
  70           68         2328.53      2328.53
  80           10         1848.00      1848.00
  85           48          899.38       899.37
  90           14          709.29       709.29
  95           59          332.03       332.03


Data Role=VALIDATE Target Variable=OG_Cases_in_Thousands Target Label=' '

           Number of       Mean         Mean
Depth    Observations     Target     Predicted

   5          20         77772.00     78466.50
  10          46         46775.22     46344.20
  20          31         33214.84     33422.30
  25          96          7465.31      7311.00
  45          43          5135.58      5169.06
  55          27          4510.00      4423.45
  60          24          4298.75      4236.00
  65          22          3035.45      3002.73
  70          23          3011.74      2956.07
  75          46          2355.00      2331.65
  85          30          1138.00      1185.49
  90          14           664.29       709.29
  95          26           480.00       392.22
 100          20           298.50       281.25
 
                                                                                                                                                                                                                                                                
 
 
Assessment Score Distribution

Data Role=TRAIN Target Variable=OG_Cases_in_Thousands Target Label=' '

                            Mean         Mean        Number of       Model
 Range for Predicted       Target     Predicted    Observations      Score

89048.063 -  93720.000    93720.00     93720.00           8        91384.03
79704.188 -  84376.125    82090.91     82090.91          11        82040.16
70360.313 -  75032.250    74357.50     74357.50          24        72696.28
65688.375 -  70360.313    69984.00     69984.00           5        68024.34
47000.625 -  51672.563    47704.62     47704.62          13        49336.59
37656.750 -  42328.688    41171.54     41171.54          26        39992.72
32984.813 -  37656.750    36550.91     36550.91          11        35320.78
28312.875 -  32984.813    32671.43     32671.43          21        30648.84
4953.188 -  9625.125       6654.80      6654.80         173         7289.16
281.250 -  4953.188        2216.08      2216.08         329         2617.22


Data Role=VALIDATE Target Variable=OG_Cases_in_Thousands Target Label=' '

                            Mean         Mean        Number of       Model
 Range for Predicted       Target     Predicted    Observations      Score

89048.063 -  93720.000    92760.00     93720.00           1        91384.03
79704.188 -  84376.125    83074.29     83331.43           7        82040.16
70360.313 -  75032.250    73430.00     74357.50          12        72696.28
65688.375 -  70360.313    71070.00     69984.00           6        68024.34
47000.625 -  51672.563    48942.00     47704.62          10        49336.59
37656.750 -  42328.688    41194.00     41162.76          30        39992.72
32984.813 -  37656.750    36290.00     36550.91           6        35320.78
28312.875 -  32984.813    32476.80     32671.43          25        30648.84
4953.188 -  9625.125       6744.60      6648.38         139         7289.16
281.250 -  4953.188        2289.70      2257.42         232         2617.22
