 
                                                                                                                                                                                                                                                                
 
Variable Importance

                                                                                                               Ratio of
                                        Number of    Number of                                               Validation
Variable                                Splitting    Surrogate                            Validation        to Training
Name         Label                        Rules        Rules           Importance         Importance         Importance

Age_group    Age_group                      3            0                 1.0000             1.0000             1.0000
Gender                                      9            3                 0.6072             0.6861             1.1301
Disease      NAME OF FORMER VARIABLE        6            0                 0.5803             0.6541             1.1271
Date         NAME OF FORMER VARIABLE        0            1                 0.3060             0.2998             0.9797
 
                                                                                                                                                                                                                                                                
 
Tree Leaf Report

Node               Training      Training     Validation     Validation    Training    Validation
 Id     Depth    Observations     Average    Observations      Average     Root ASE     Root ASE

 15       3           67            0.42          55             0.15        1.8050       0.8193 
 21       4           45            0.00          35             0.00        0.0000       0.0000 
 34       5           29           15.69          27            15.11        8.4979      10.7423 
 30       5           23           16.65          19            17.68       12.1570      11.8773 
 31       5           23            8.87          19            13.21        5.6592       7.1200 
 33       5           19           73.00          12            89.33       22.8634      30.1330 
 17       4           18           12.56          11            10.64        8.7447       5.1085 
 26       4           18            4.44          10             5.90        2.4545       2.0515 
 36       6           18           29.06          11            28.09        8.2696      11.2781 
 35       5           16           32.38          14            32.43       13.1047      11.4563 
 37       6           16           50.38          17            49.29        9.0821      12.3512 
 13       3           12           19.50           5            20.20        3.7305       4.1292 
 16       4           12            4.25           7             2.57        4.8498       2.1192 
 25       4           11           12.73           5            13.20        3.4665       2.8954 
 27       4           11            9.36           4             8.75        2.6032       5.2976 
 19       4            9          178.89           6           204.50       32.1747      32.1172 
 28       5            9          112.89           9           110.89       18.0521      16.3669 
 24       4            8            6.13           5             6.40        1.8329       0.8459 
 29       5            8           66.63           6            62.33       10.7696      30.7621 
 
                                                                                                                                                                                                                                                                
 
 
Fit Statistics

Target=Cases_in_1000s Target Label=' '

   Fit
Statistics    Statistics Label                 Train    Validation        Test

  _NOBS_      Sum of Frequencies              372.00       277.00       278.00
  _MAX_       Maximum Absolute Error           61.00        82.00       178.89
  _SSE_       Sum of Squared Errors         37024.17     38403.56     56567.86
  _ASE_       Average Squared Error            99.53       138.64       203.48
  _RASE_      Root Average Squared Error        9.98        11.77        14.26
  _DIV_       Divisor for ASE                 372.00       277.00       278.00
  _DFT_       Total Degrees of Freedom        372.00          .            .  
 
                                                                                                                                                                                                                                                                
 
 
Assessment Score Rankings

Data Role=TRAIN Target Variable=Cases_in_1000s Target Label=' '

           Number of        Mean       Mean
Depth    Observations     Target    Predicted

   5          18         145.889     145.889 
  10          19          73.000      73.000 
  15          24          55.792      55.792 
  20          16          32.375      32.375 
  25          18          29.056      29.056 
  30          35          17.629      17.629 
  40          29          15.690      15.690 
  45          11          12.727      12.727 
  50          18          12.556      12.556 
  55          34           9.029       9.029 
  65          26           4.962       4.962 
  70          12           4.250       4.250 
  75          67           0.418       0.418 
  90          45           0.000       0.000 


Data Role=VALIDATE Target Variable=Cases_in_1000s Target Label=' '

           Number of        Mean       Mean
Depth    Observations     Target    Predicted

   5          15         148.333     139.289 
  10          12          89.333      73.000 
  15          23          52.696      54.614 
  25          14          32.429      32.375 
  30          16          25.625      26.069 
  35          19          17.684      16.652 
  40          27          15.111      15.690 
  50          16          11.438      12.609 
  55          23          12.435       8.955 
  65          15           6.067       5.005 
  70          62           0.419       0.851 
  90          35           0.000       0.000 
 
                                                                                                                                                                                                                                                                
 
 
Assessment Score Distribution

Data Role=TRAIN Target Variable=Cases_in_1000s Target Label=' '

    Range for           Mean        Mean        Number of      Model
    Predicted          Target    Predicted    Observations     Score

169.944 -  178.889    178.889     178.889            9        174.417
107.333 -  116.278    112.889     112.889            9        111.806
71.556 -  80.500       73.000      73.000           19         76.028
62.611 -  71.556       66.625      66.625            8         67.083
44.722 -  53.667       50.375      50.375           16         49.194
26.833 -  35.778       30.618      30.618           34         31.306
17.889 -  26.833       19.500      19.500           12         22.361
8.944 -  17.889        14.207      14.207           92         13.417
0.000 -  8.944          2.382       2.382          173          4.472


Data Role=VALIDATE Target Variable=Cases_in_1000s Target Label=' '

    Range for           Mean        Mean        Number of      Model
    Predicted          Target    Predicted    Observations     Score

169.944 -  178.889    204.500     178.889            6        174.417
107.333 -  116.278    110.889     112.889            9        111.806
71.556 -  80.500       89.333      73.000           12         76.028
62.611 -  71.556       62.333      66.625            6         67.083
44.722 -  53.667       49.294      50.375           17         49.194
26.833 -  35.778       30.520      30.914           25         31.306
17.889 -  26.833       20.200      19.500            5         22.361
8.944 -  17.889        14.576      14.837           66         13.417
0.000 -  8.944          2.809       2.262          131          4.472
