 
                                                                                                                                                                                                                                                                
 
Variable Importance

                                                                                        Ratio of
                              Number of                                               Validation
                              Splitting                            Validation        to Training
  Variable Name      Label      Rules           Importance         Importance         Importance

Projected_Sum_Pop                 4                 1.0000             1.0000             1.0000
 
                                                                                                                                                                                                                                                                
 
Tree Leaf Report

                                 Training                    Validation
Node               Training       Percent     Validation       Percent
 Id     Depth    Observations       85+      Observations        85+

  3       1           189            0            126             0    
  6       3           189            1            126             1    
  9       3           189            0            126             0    
  7       3           188            0            127             0    
  8       3           188            0            127             0    
 
                                                                                               
 
 
Fit Statistics

Target=Age_group Target Label=Age_group

   Fit
Statistics    Statistics Label              Train    Validation

  _NOBS_      Sum of Frequencies              943        632   
  _MISC_      Misclassification Rate            0          0   
  _MAX_       Maximum Absolute Error            0          0   
  _SSE_       Sum of Squared Errors             0          0   
  _ASE_       Average Squared Error             0          0   
  _RASE_      Root Average Squared Error        0          0   
  _DIV_       Divisor for ASE                4715       3160   
  _DFT_       Total Degrees of Freedom       3772          .   
 
                                                                                               
 
 
Classification Table

Data Role=TRAIN Target Variable=Age_group Target Label=Age_group

                       Target        Outcome     Frequency       Total
Target    Outcome    Percentage    Percentage      Count      Percentage

0-17       0-17          100           100          188         19.9364 
18-24      18-24         100           100          188         19.9364 
25-44      25-44         100           100          189         20.0424 
65-84      65-84         100           100          189         20.0424 
85+        85+           100           100          189         20.0424 


Data Role=VALIDATE Target Variable=Age_group Target Label=Age_group

                       Target        Outcome     Frequency       Total
Target    Outcome    Percentage    Percentage      Count      Percentage

0-17       0-17          100           100          127         20.0949 
18-24      18-24         100           100          127         20.0949 
25-44      25-44         100           100          126         19.9367 
65-84      65-84         100           100          126         19.9367 
85+        85+           100           100          126         19.9367 
 
                                                                                               
 
 
Event Classification Table

Data Role=TRAIN Target=Age_group Target Label=Age_group

  False       True        False       True
Negative    Negative    Positive    Positive

    0          754          0          189  


Data Role=VALIDATE Target=Age_group Target Label=Age_group

  False       True        False       True
Negative    Negative    Positive    Positive

    0          506          0          126  
 
                                                                                               
 
 
Assessment Score Rankings

Data Role=TRAIN Target Variable=Age_group Target Label=Age_group

                                                                                    Mean
                            Cumulative       %      Cumulative     Number of     Posterior
Depth      Gain     Lift       Lift      Response   % Response   Observations   Probability

   5    398.942   4.98942     4.98942       100       100.000         48             1     
  10    398.942   4.98942     4.98942       100       100.000         47             1     
  15    398.942   4.98942     4.98942       100       100.000         47             1     
  20    398.942   4.98942     4.98942       100       100.000         47             1     
  25    299.576   0.00000     3.99576         0        80.085         47             0     
  30    233.216   0.00000     3.33216         0        66.784         47             0     
  35    184.894   0.00000     2.84894         0        57.100         48             0     
  40    149.471   0.00000     2.49471         0        50.000         47             0     
  45    121.882   0.00000     2.21882         0        44.471         47             0     
  50     99.788   0.00000     1.99788         0        40.042         47             0     
  55     81.696   0.00000     1.81696         0        36.416         47             0     
  60     66.608   0.00000     1.66608         0        33.392         47             0     
  65     53.834   0.00000     1.53834         0        30.832         47             0     
  70     42.663   0.00000     1.42663         0        28.593         48             0     
  75     33.192   0.00000     1.33192         0        26.695         47             0     
  80     24.901   0.00000     1.24901         0        25.033         47             0     
  85     17.581   0.00000     1.17581         0        23.566         47             0     
  90     11.072   0.00000     1.11072         0        22.261         47             0     
  95      5.246   0.00000     1.05246         0        21.094         47             0     
 100      0.000   0.00000     1.00000         0        20.042         47             0     


Data Role=VALIDATE Target Variable=Age_group Target Label=Age_group

                                                                                    Mean
                            Cumulative       %      Cumulative     Number of     Posterior
Depth      Gain     Lift       Lift      Response   % Response   Observations   Probability

   5    401.587   5.01587     5.01587     100.000     100.000         32          1.00000  
  10    401.587   5.01587     5.01587     100.000     100.000         32          1.00000  
  15    401.587   5.01587     5.01587     100.000     100.000         31          1.00000  
  20    397.638   4.85913     4.97638      96.875      99.213         32          0.96875  
  25    300.000   0.00000     4.00000       0.000      79.747         31          0.00000  
  30    232.632   0.00000     3.32632       0.000      66.316         32          0.00000  
  35    184.685   0.00000     2.84685       0.000      56.757         32          0.00000  
  40    149.802   0.00000     2.49802       0.000      49.802         31          0.00000  
  45    121.754   0.00000     2.21754       0.000      44.211         32          0.00000  
  50    100.000   0.00000     2.00000       0.000      39.873         31          0.00000  
  55     81.609   0.00000     1.81609       0.000      36.207         32          0.00000  
  60     66.316   0.00000     1.66316       0.000      33.158         32          0.00000  
  65     53.771   0.00000     1.53771       0.000      30.657         31          0.00000  
  70     42.664   0.00000     1.42664       0.000      28.442         32          0.00000  
  75     33.333   0.00000     1.33333       0.000      26.582         31          0.00000  
  80     24.901   0.00000     1.24901       0.000      24.901         32          0.00000  
  85     17.472   0.00000     1.17472       0.000      23.420         32          0.00000  
  90     11.072   0.00000     1.11072       0.000      22.144         31          0.00000  
  95      5.158   0.00000     1.05158       0.000      20.965         32          0.00000  
 100      0.000   0.00000     1.00000       0.000      19.937         31          0.00000  
 
                                                                                               
 
 
Assessment Score Distribution

Data Role=TRAIN Target Variable=Age_group Target Label=Age_group

 Posterior     Number                     Mean
Probability      of      Number of     Posterior
   Range       Events    Nonevents    Probability    Percentage

 0.95-1.00       189          0            1           20.0424 
 0.00-0.05         0        754            0           79.9576 


Data Role=VALIDATE Target Variable=Age_group Target Label=Age_group

 Posterior     Number                     Mean
Probability      of      Number of     Posterior
   Range       Events    Nonevents    Probability    Percentage

 0.95-1.00       126          0            1           19.9367 
 0.00-0.05         0        506            0           80.0633 
