MPRINT(EM_DIAGRAM):    data _null_;
MPRINT(EM_DIAGRAM):   call symput('NLDATE', strip(put(date(), NLDATE.)));
MPRINT(EM_DIAGRAM):   call symput('NLTIME', strip(put(datetime(), NLTIME.)));
MPRINT(EM_DIAGRAM):   run;
MPRINT(EM_DIAGRAM):   data _null_;
MPRINT(EM_DIAGRAM):   nldate= sasmsg("sashelp.dmine", "log_date_note", 'N', "December 02, 2019" );
MPRINT(EM_DIAGRAM):   nltime= sasmsg("sashelp.dmine", "log_time_note", 'N', "17:06:36" );
MPRINT(EM_DIAGRAM):   put "*------------------------------------------------------------*";
MPRINT(EM_DIAGRAM):   put "* Training Log";
MPRINT(EM_DIAGRAM):   put nldate;
MPRINT(EM_DIAGRAM):   put nltime;
MPRINT(EM_DIAGRAM):   put "*------------------------------------------------------------*";
MPRINT(EM_DIAGRAM):   run;
*------------------------------------------------------------*
* Training Log
Date:                December 02, 2019
Time:                17:06:36
*------------------------------------------------------------*
MPRINT(EM_DIAGRAM):    filename O2I607F0 "C:\Users\student\Desktop\AA 490\Final Project\AA490_Project\Base Model\Workspaces\EMWS2\Stat\EMTRAIN.out" encoding="UTF-8" NOBOM;
MPRINT(EM_DIAGRAM):   proc printto print=O2I607F0 new;
MPRINT(EM_DIAGRAM):   run;
MPRINT(EM_DIAGRAM):    filename _LOG "C:\Users\student\Desktop\AA 490\Final Project\AA490_Project\Base Model\Workspaces\EMWS2\Stat\EMLOG.log" encoding="UTF-8" NOBOM;
MPRINT(EM_DIAGRAM):    data _null_;
MPRINT(EM_DIAGRAM):   call symput('NLDATE', strip(put(date(), NLDATE.)));
MPRINT(EM_DIAGRAM):   call symput('NLTIME', strip(put(datetime(), NLTIME.)));
MPRINT(EM_DIAGRAM):   run;
MPRINT(EM_DIAGRAM):   data _null_;
MPRINT(EM_DIAGRAM):   nldate= sasmsg("sashelp.dmine", "log_date_note", 'N', "December 02, 2019" );
MPRINT(EM_DIAGRAM):   nltime= sasmsg("sashelp.dmine", "log_time_note", 'N', "17:06:36" );
MPRINT(EM_DIAGRAM):   file _LOG;
MPRINT(EM_DIAGRAM):   put "*------------------------------------------------------------*";
MPRINT(EM_DIAGRAM):   put "User:                student";
MPRINT(EM_DIAGRAM):   put nldate;
MPRINT(EM_DIAGRAM):   put nltime;
MPRINT(EM_DIAGRAM):   put "Site:                70082322";
MPRINT(EM_DIAGRAM):   put "Platform:            X64_10PRO";
MPRINT(EM_DIAGRAM):   put "Maintenance Release: 9.04.01M4P110916";
MPRINT(EM_DIAGRAM):   put "EM Version:          14.2";
MPRINT(EM_DIAGRAM):   put "* ";
MPRINT(EM_DIAGRAM):   run;
MPRINT(EM_DIAGRAM):    filename _LOGIN "C:\Users\student\Desktop\AA 490\Final Project\AA490_Project\Base Model\Workspaces\EMWS2\Stat\EMTRAIN.log" encoding="UTF-8" NOBOM;
MPRINT(EM_COPYFILE):   data _null_;
MPRINT(EM_COPYFILE):   length line $20000;
MPRINT(EM_COPYFILE):   file _LOG MOD lrecl=20000;
MPRINT(EM_COPYFILE):   fid=fopen("_LOGIN",'i',20000,'v');
MPRINT(EM_COPYFILE):   if fid > 0 then do;
MPRINT(EM_COPYFILE):   do while(^fread(fid));
MPRINT(EM_COPYFILE):   rlen = frlen(fid);
MPRINT(EM_COPYFILE):   rc= fget(fid,line,20000);
MPRINT(EM_COPYFILE):   start = length(line)-length(left(line))+1;
MPRINT(EM_COPYFILE):   line=strip(line);
MPRINT(EM_COPYFILE):   put @start line;
MPRINT(EM_COPYFILE):   end;
MPRINT(EM_COPYFILE):   if fid > 0 then rc=fclose(fid);
MPRINT(EM_COPYFILE):   end;
MPRINT(EM_COPYFILE):   run;
MPRINT(EM_DIAGRAM):  ;
MPRINT(EM_DIAGRAM):   filename _LOGIN;
MPRINT(EM_DIAGRAM):    data _null_;
MPRINT(EM_DIAGRAM):   file _LOG mod;
MPRINT(EM_DIAGRAM):   put _page_;
MPRINT(EM_DIAGRAM):   run;
MPRINT(EM_DIAGRAM):   filename _LOGIN "C:\Users\student\Desktop\AA 490\Final Project\AA490_Project\Base Model\Workspaces\EMWS2\Stat\EMSCORE.log" encoding="UTF-8" NOBOM;
MPRINT(EM_DIAGRAM):  ;
MPRINT(EM_DIAGRAM):   data _null_;
MPRINT(EM_DIAGRAM):   file _LOG mod;
MPRINT(EM_DIAGRAM):   put _page_;
MPRINT(EM_DIAGRAM):   run;
MPRINT(EM_DIAGRAM):    filename _LOGIN "C:\Users\student\Desktop\AA 490\Final Project\AA490_Project\Base Model\Workspaces\EMWS2\Stat\EMREPORT.log" encoding="UTF-8" NOBOM;
MPRINT(EM_DIAGRAM):  ;
MPRINT(EM_DIAGRAM):   filename _LOGIN;
MPRINT(EM_DIAGRAM):    filename _LOG;
MPRINT(EM_DIAGRAM):    filename _OUT "C:\Users\student\Desktop\AA 490\Final Project\AA490_Project\Base Model\Workspaces\EMWS2\Stat\EMOUTPUT.out" encoding="UTF-8" NOBOM;
MPRINT(EM_DIAGRAM):    data _null_;
MPRINT(EM_DIAGRAM):   call symput('NLDATE', strip(put(date(), NLDATE.)));
MPRINT(EM_DIAGRAM):   call symput('NLTIME', strip(put(datetime(), NLTIME.)));
MPRINT(EM_DIAGRAM):   run;
MPRINT(EM_DIAGRAM):   data _null_;
MPRINT(EM_DIAGRAM):   nldate= sasmsg("sashelp.dmine", "log_date_note", 'N', "December 02, 2019" );
MPRINT(EM_DIAGRAM):   nltime= sasmsg("sashelp.dmine", "log_time_note", 'N', "17:06:36" );
MPRINT(EM_DIAGRAM):   file _OUT;
MPRINT(EM_DIAGRAM):   put "*------------------------------------------------------------*";
MPRINT(EM_DIAGRAM):   put "User:                student";
MPRINT(EM_DIAGRAM):   put nldate;
MPRINT(EM_DIAGRAM):   put nltime;
MPRINT(EM_DIAGRAM):   put "*------------------------------------------------------------*";
MPRINT(EM_DIAGRAM):   put "* Training Output";
MPRINT(EM_DIAGRAM):   put "*------------------------------------------------------------*";
MPRINT(EM_DIAGRAM):   run;
MPRINT(EM_DIAGRAM):    filename _OUTIN "C:\Users\student\Desktop\AA 490\Final Project\AA490_Project\Base Model\Workspaces\EMWS2\Stat\EMTRAIN.out" encoding="UTF-8" NOBOM;
MPRINT(EM_DIAGRAM):   ;
MPRINT(EM_COPYFILE):   data _null_;
MPRINT(EM_COPYFILE):   length line $20000;
MPRINT(EM_COPYFILE):   file _OUT MOD lrecl=20000;
MPRINT(EM_COPYFILE):   fid=fopen("_OUTIN",'i',20000,'v');
MPRINT(EM_COPYFILE):   if fid > 0 then do;
MPRINT(EM_COPYFILE):   do while(^fread(fid));
MPRINT(EM_COPYFILE):   rlen = frlen(fid);
MPRINT(EM_COPYFILE):   rc= fget(fid,line,20000);
MPRINT(EM_COPYFILE):   start = length(line)-length(left(line))+1;
MPRINT(EM_COPYFILE):   line=strip(line);
MPRINT(EM_COPYFILE):   put @start line;
MPRINT(EM_COPYFILE):   end;
MPRINT(EM_COPYFILE):   if fid > 0 then rc=fclose(fid);
MPRINT(EM_COPYFILE):   end;
MPRINT(EM_COPYFILE):   run;
MPRINT(EM_DIAGRAM):  ;
MPRINT(EM_DIAGRAM):   filename _OUTIN;
MPRINT(EM_DIAGRAM):    data _null_;
MPRINT(EM_DIAGRAM):   file _OUT mod;
MPRINT(EM_DIAGRAM):   put _page_;
MPRINT(EM_DIAGRAM):   put // "*------------------------------------------------------------*";
MPRINT(EM_DIAGRAM):   put "* Score Output";
MPRINT(EM_DIAGRAM):   put "*------------------------------------------------------------*";
MPRINT(EM_DIAGRAM):   run;
MPRINT(EM_DIAGRAM):    filename _OUTIN "C:\Users\student\Desktop\AA 490\Final Project\AA490_Project\Base Model\Workspaces\EMWS2\Stat\EMSCORE.out" encoding="UTF-8" NOBOM;
MPRINT(EM_DIAGRAM):  ;
MPRINT(EM_DIAGRAM):   filename _OUTIN;
MPRINT(EM_DIAGRAM):    data _null_;
MPRINT(EM_DIAGRAM):   file _OUT mod;
MPRINT(EM_DIAGRAM):   put _page_;
MPRINT(EM_DIAGRAM):   put // "*------------------------------------------------------------*";
MPRINT(EM_DIAGRAM):   put "* Report Output";
MPRINT(EM_DIAGRAM):   put "*------------------------------------------------------------*";
MPRINT(EM_DIAGRAM):   run;
MPRINT(EM_DIAGRAM):    filename _OUTIN "C:\Users\student\Desktop\AA 490\Final Project\AA490_Project\Base Model\Workspaces\EMWS2\Stat\EMREPORT.out" encoding="UTF-8" NOBOM;
MPRINT(EM_DIAGRAM):  ;
MPRINT(EM_DIAGRAM):   filename _OUTIN;
MPRINT(EM_DIAGRAM):    filename _OUT;
MPRINT(EM_DIAGRAM):    filename _emtool_ 'C:\Users\student\Desktop\AA 490\Final Project\AA490_Project\Base Model\Workspaces\EMWS2\Stat\EMRUNSTATUS.xml' encoding="UTF-8" NOBOM;
22078      proc freq data=EMWS2.Stat_VariableSet noprint;
MPRINT(EM_DIAGRAM):    proc freq data=EMWS2.Stat_VariableSet noprint;
22079      table ROLE*LEVEL/out=WORK.StatMETA;
MPRINT(EM_DIAGRAM):   table ROLE*LEVEL/out=WORK.StatMETA;
22080      run;
MPRINT(EM_DIAGRAM):   run;

NOTE: There were 5 observations read from the data set EMWS2.STAT_VARIABLESET.
NOTE: The data set WORK.STATMETA has 3 observations and 4 variables.
NOTE: PROCEDURE FREQ used (Total process time):
      real time           0.01 seconds
      cpu time            0.01 seconds
      

22081      proc print data=WORK.StatMETA label noobs;
MPRINT(EM_DIAGRAM):   proc print data=WORK.StatMETA label noobs;
22082      var ROLE LEVEL COUNT;
MPRINT(EM_DIAGRAM):   var ROLE LEVEL COUNT;
22083      label ROLE = "%sysfunc(sasmsg(sashelp.dmine, meta_role_vlabel, NOQUOTE))" LEVEL = "%sysfunc(sasmsg(sashelp.dmine, meta_level_vlabel, NOQUOTE))" COUNT = "%sysfunc(sasmsg(sashelp.dmine, rpt_count_vlabel, NOQUOTE))";
MPRINT(EM_DIAGRAM):   label ROLE = "Role" LEVEL = "Measurement Level" COUNT = "Frequency Count";
22084      title9 ' ';
MPRINT(EM_DIAGRAM):   title9 ' ';
22085      title10 "%sysfunc(sasmsg(sashelp.dmine, rpt_varSummary_title  , NOQUOTE))";
MPRINT(EM_DIAGRAM):   title10 "Variable Summary";
MPRINT(EM_DIAGRAM):   run;
22086      run;

NOTE: There were 3 observations read from the data set WORK.STATMETA.
NOTE: The PROCEDURE PRINT printed page 1.
NOTE: PROCEDURE PRINT used (Total process time):
      real time           0.00 seconds
      cpu time            0.01 seconds
      

22087      title10;
MPRINT(EM_DIAGRAM):   title10;
22088      data WORK.M0P8_GVA;
MPRINT(EM_DIAGRAM):    data WORK.M0P8_GVA;
22089      set WORK.M0P8_GVA;
MPRINT(EM_DIAGRAM):   set WORK.M0P8_GVA;
22090      where((role in('TARGET' 'FREQ' 'INPUT') and use in('D','Y')) or (role = 'REJECTED' and use = 'Y'));
MPRINT(EM_DIAGRAM):   where((role in('TARGET' 'FREQ' 'INPUT') and use in('D','Y')) or (role = 'REJECTED' and use = 'Y'));
22091      if ROLE = 'REJECTED' then role = 'INPUT';
MPRINT(EM_DIAGRAM):   if ROLE = 'REJECTED' then role = 'INPUT';
22092      run;
MPRINT(EM_DIAGRAM):   run;

NOTE: There were 5 observations read from the data set WORK.M0P8_GVA.
      WHERE (role in ('FREQ', 'INPUT', 'TARGET') and use in ('D', 'Y')) or ((role='REJECTED') and (use='Y'));
NOTE: The data set WORK.M0P8_GVA has 5 observations and 21 variables.
NOTE: DATA statement used (Total process time):
      real time           0.00 seconds
      cpu time            0.00 seconds
      

22093      *------------------------------------------------------------*;
MPRINT(EM_DIAGRAM):    *------------------------------------------------------------*;
22094      * Stat: Determining Analysis Variables;
MPRINT(EM_DIAGRAM):   * Stat: Determining Analysis Variables;
22095      *------------------------------------------------------------*;
MPRINT(EM_DIAGRAM):   *------------------------------------------------------------*;
22096      *------------------------------------------------------------*;
MPRINT(EM_DIAGRAM):   *------------------------------------------------------------*;
22097      * Stat: Creating Macros for Variable Selection;
MPRINT(EM_DIAGRAM):   * Stat: Creating Macros for Variable Selection;
22098      *------------------------------------------------------------*;
MPRINT(EM_DIAGRAM):   *------------------------------------------------------------*;
22099      *------------------------------------------------------------* ;
MPRINT(EM_DIAGRAM):   *------------------------------------------------------------* ;
22100      * Stat: Interval Input Variables Macro ;
MPRINT(EM_DIAGRAM):   * Stat: Interval Input Variables Macro ;
22101      *------------------------------------------------------------* ;
MPRINT(EM_DIAGRAM):   *------------------------------------------------------------* ;
22102      %macro INTINPUTS;
22103          Population_in_thousands
22104      %mend INTINPUTS;
22105      *------------------------------------------------------------*;
MPRINT(EM_DIAGRAM):   *------------------------------------------------------------*;
22106      * Stat: Creating Macros for Variable Selection;
MPRINT(EM_DIAGRAM):   * Stat: Creating Macros for Variable Selection;
22107      *------------------------------------------------------------*;
MPRINT(EM_DIAGRAM):   *------------------------------------------------------------*;
22108      *------------------------------------------------------------* ;
MPRINT(EM_DIAGRAM):   *------------------------------------------------------------* ;
22109      * Stat: Binary and Nominal Input Variables Macro ;
MPRINT(EM_DIAGRAM):   * Stat: Binary and Nominal Input Variables Macro ;
22110      *------------------------------------------------------------* ;
MPRINT(EM_DIAGRAM):   *------------------------------------------------------------* ;
22111      %macro NOMINPUTS;
22112          Age_group Date Gender
22113      %mend NOMINPUTS;
22114      *------------------------------------------------------------*;
MPRINT(EM_DIAGRAM):   *------------------------------------------------------------*;
22115      * Stat: Creating Macros for Variable Selection;
MPRINT(EM_DIAGRAM):   * Stat: Creating Macros for Variable Selection;
22116      *------------------------------------------------------------*;
MPRINT(EM_DIAGRAM):   *------------------------------------------------------------*;
22117      *------------------------------------------------------------* ;
MPRINT(EM_DIAGRAM):   *------------------------------------------------------------* ;
22118      * Stat: Ordinal Input Variables Macro ;
MPRINT(EM_DIAGRAM):   * Stat: Ordinal Input Variables Macro ;
22119      *------------------------------------------------------------* ;
MPRINT(EM_DIAGRAM):   *------------------------------------------------------------* ;
22120      %macro ORDINPUTS;
22121      
22122      %mend ORDINPUTS;
22123      data work.EM_Stat_tree / view=work.EM_Stat_tree;
MPRINT(EM_DIAGRAM):   data work.EM_Stat_tree / view=work.EM_Stat_tree;
22124      set EMWS2.Ids_DATA(obs=100000
MPRINT(EM_DIAGRAM):   set EMWS2.Ids_DATA(obs=100000 keep
NOTE: View EMWS2.IDS_DATA.VIEW used (Total process time):
      real time           0.00 seconds
      cpu time            0.00 seconds
      
22124    !                               keep=%INTINPUTS %ORDINPUTS %NOMINPUTS Sum_Labor_Force_Pop);
MPRINT(EM_DIAGRAM):  =Population_in_thousands Age_group Date Gender Sum_Labor_Force_Pop);
ERROR: The variable Population from data set DATASET.OG_LABOR_JOIN is not defined in the INPUT view EMWS2.IDS_DATA.
ERROR: Failure loading view EMWS2.IDS_DATA.VIEW. Error detected during View Load request.
22125      run;
MPRINT(EM_DIAGRAM):   run;

NOTE: The SAS System stopped processing this step because of errors.
NOTE: DATA statement used (Total process time):
      real time           0.00 seconds
      cpu time            0.01 seconds
      

22126      proc arbor data=EMWS2.Ids_DATA(obs=100000
MPRINT(EM_DIAGRAM):   proc arbor data=EMWS2.Ids_DATA(obs=100000 keep
22126    !                                           keep=%INTINPUTS %ORDINPUTS %NOMINPUTS Sum_Labor_Force_Pop) Criterion=VARIANCE Leafsize=5 Mincatsize = 5 Maxbranch=5 Maxdepth=1 Padjust= NONE NORULELIMIT MAXRULES=4 MAXSURRS=0 Missing=USEINSEARCH
22126    ! Exhaustive=5000;
NOTE: View EMWS2.IDS_DATA.VIEW used (Total process time):
      real time           0.00 seconds
      cpu time            0.00 seconds
      
ERROR: The variable Population from data set DATASET.OG_LABOR_JOIN is not defined in the INPUT view EMWS2.IDS_DATA.
ERROR: Failure loading view EMWS2.IDS_DATA.VIEW. Error detected during View Load request.
MPRINT(EM_DIAGRAM):  =Population_in_thousands Age_group Date Gender Sum_Labor_Force_Pop) Criterion=VARIANCE Leafsize=5 Mincatsize = 5 Maxbranch=5 Maxdepth=1 Padjust= NONE NORULELIMIT MAXRULES=4 MAXSURRS=0 Missing=USEINSEARCH Exhaustive=5000;
MPRINT(EM_DIAGRAM):   input
22127      input %INTINPUTS / level = interval;
MPRINT(INTINPUTS):   Population_in_thousands
ERROR: No data set open to look up variables.
MPRINT(EM_DIAGRAM):   / level = interval;
WARNING: INPUT statement ignored. Type RUN; to continue running the  procedure or QUIT; to stop.
NOTE: The previous statement has been deleted.
MPRINT(EM_DIAGRAM):   input
22128      input %NOMINPUTS / level=nominal;
ERROR: No data set open to look up variables.
ERROR: No data set open to look up variables.
MPRINT(NOMINPUTS):   Age_group Date Gender
ERROR: No data set open to look up variables.
MPRINT(EM_DIAGRAM):   / level=nominal;
WARNING: INPUT statement ignored. Type RUN; to continue running the  procedure or QUIT; to stop.
NOTE: The previous statement has been deleted.
22129      target Sum_Labor_Force_Pop / level=INTERVAL;
ERROR: No data set open to look up variables.
MPRINT(EM_DIAGRAM):   target Sum_Labor_Force_Pop / level=INTERVAL;
WARNING: TARGET statement ignored. Type RUN; to continue running the  procedure or QUIT; to stop.
NOTE: The previous statement has been deleted.
22130      Performance Disk NodeSize=10000;
MPRINT(EM_DIAGRAM):   Performance Disk NodeSize=10000;
WARNING: PERFORMA statement ignored. Type RUN; to continue running the  procedure or QUIT; to stop.
22131      Assess NoValidata measure=ASE;
MPRINT(EM_DIAGRAM):   Assess NoValidata measure=ASE;
WARNING: ASSESS statement ignored. Type RUN; to continue running the  procedure or QUIT; to stop.
22132      SUBTREE BEST;
MPRINT(EM_DIAGRAM):   SUBTREE BEST;
WARNING: SUBTREE statement ignored. Type RUN; to continue running the  procedure or QUIT; to stop.
22133      save RULES=WORK.Stat_RULE;
MPRINT(EM_DIAGRAM):   save RULES=WORK.Stat_RULE;
WARNING: SAVE statement ignored. Type RUN; to continue running the  procedure or QUIT; to stop.
22134      run;
MPRINT(EM_DIAGRAM):   run;

22135      quit;
MPRINT(EM_DIAGRAM):   quit;

NOTE: The SAS System stopped processing this step because of errors.
WARNING: The data set WORK.STAT_RULE may be incomplete.  When this step was stopped there were 0 observations and 0 variables.
NOTE: PROCEDURE ARBOR used (Total process time):
      real time           0.00 seconds
      cpu time            0.00 seconds
      

*------------------------------------------------------------* 
* 
* ERROR: Run time error was encountered.  The system error returned was 3000. 
* Please report unresolved problems to Technical Support. 
* 
*------------------------------------------------------------* 
MPRINT(EM_DIAGRAM):       proc printto;
MPRINT(EM_DIAGRAM):   run;
