 
                                                                                                                                                                                                                                                                
 
 
Variable Summary

            Measurement    Frequency
Role           Level         Count

INPUT        INTERVAL          1    
INPUT        NOMINAL           3    
REJECTED     NOMINAL           1    
TARGET       INTERVAL          1    
 
                                                                                                                                                                                                                                                                
 
Class Variable Summary Statistics
(maximum 500 observations printed)

Data Role=TRAIN

                               Number
Data     Variable                of                              Mode                        Mode2
Role     Name         Role     Levels    Missing     Mode     Percentage    Mode2          Percentage

TRAIN    Age_group    INPUT       6         0       0-17        16.80       18-24            16.80   
TRAIN    Disease      INPUT       5         0       Asthma      20.00       Cancer, all      20.00   
TRAIN    Gender       INPUT       2         0       Female      50.00       Male             50.00   
 
                                                                                                                                                                                                                                                                
 
Interval Variable Summary Statistics
(maximum 500 observations printed)

Data Role=TRAIN

                                                 Standard          Non
Variable                    Role         Mean    Deviation     Missing     Missing     Minimum      Median     Maximum    Skewness    Kurtosis

Population_in_thousands    INPUT     23775.46     14310.7         1250           0         852       22252    42536.47    -0.11583    -1.45328
Cases_in_1000s             TARGET    49.55357    76.64823         1232          18           0          17         416    2.296257    4.942657
 
                                                                                                                                                                                                                                                                
 
Correlation Statistics
(maximum 500 observations printed)

Data Role=TRAIN Type=PEARSON Target=Cases_in_1000s

         Input             Correlation

Population_in_thousands    -.003154989
