 
                                                                                                                                                                                                                                                                
 
 
Fit Statistics

Target=Sum_Labor_Force_Pop Target Label=' '

   Fit
Statistics    Statistics Label                        Train     Validation

 _AIC_        Akaike's Information Criterion       17994.38            .  
 _ASE_        Average Squared Error             1.926043E13    2.204355E13
 _AVERR_      Average Error Function            1.926043E13    2.204355E13
 _DFE_        Degrees of Freedom for Error           584.00            .  
 _DFM_        Model Degrees of Freedom                 4.00            .  
 _DFT_        Total Degrees of Freedom               588.00            .  
 _DIV_        Divisor for ASE                        588.00         252.00
 _ERR_        Error Function                    1.132513E16    5.554974E15
 _FPE_        Final Prediction Error            1.952427E13            .  
 _MAX_        Maximum Absolute Error            13642026.67    13642026.67
 _MSE_        Mean Square Error                 1.939235E13    2.204355E13
 _NOBS_       Sum of Frequencies                     588.00         252.00
 _NW_         Number of Estimate Weights               4.00            .  
 _RASE_       Root Average Sum of Squares        4388670.08     4695055.66
 _RFPE_       Root Final Prediction Error        4418627.22            .  
 _RMSE_       Root Mean Squared Error            4403674.12     4695055.66
 _SBC_        Schwarz's Bayesian Criterion         18011.88            .  
 _SSE_        Sum of Squared Errors             1.132513E16    5.554974E15
 _SUMW_       Sum of Case Weights Times Freq         588.00         252.00
 
                                                                                                                                                                                                                                                                
 
 
Assessment Score Rankings

Data Role=TRAIN Target Variable=Sum_Labor_Force_Pop Target Label=' '

           Number of                        Mean
Depth    Observations    Mean Target     Predicted

   5          149        12951261.74    12951261.74
  30          150         9618973.33     9618973.33
  55          135         3696637.04     3696637.04
  75          154         1100870.13     1100870.13


Data Role=VALIDATE Target Variable=Sum_Labor_Force_Pop Target Label=' '

           Number of                        Mean
Depth    Observations    Mean Target     Predicted

   5          61         12565918.03    12951261.74
  25          60         12311966.67     9618973.33
  50          75          3985733.33     3696637.04
  80          56          1158357.14     1100870.13
 
                                                                                                                                                                                                                                                                
 
 
Assessment Score Distribution

Data Role=TRAIN Target Variable=Sum_Labor_Force_Pop Target Label=' '

                                                  Mean         Number of
    Range for Predicted        Mean Target     Predicted     Observations    Model Score

12358742.164 - 12951261.745    12951261.74    12951261.74         149        12655001.95
 9396144.260 -  9988663.841     9618973.33     9618973.33         150         9692404.05
 3470948.453 -  4063468.034     3696637.04     3696637.04         135         3767208.24
 1100870.130 -  1693389.711     1100870.13     1100870.13         154         1397129.92


Data Role=VALIDATE Target Variable=Sum_Labor_Force_Pop Target Label=' '

                                                  Mean         Number of
    Range for Predicted        Mean Target     Predicted     Observations    Model Score

12358742.164 - 12951261.745    12565918.03    12951261.74         61         12655001.95
 9396144.260 -  9988663.841    12311966.67     9618973.33         60          9692404.05
 3470948.453 -  4063468.034     3985733.33     3696637.04         75          3767208.24
 1100870.130 -  1693389.711     1158357.14     1100870.13         56          1397129.92
