MPRINT(EM_DIAGRAM):    data _null_;
MPRINT(EM_DIAGRAM):   call symput('NLDATE', strip(put(date(), NLDATE.)));
MPRINT(EM_DIAGRAM):   call symput('NLTIME', strip(put(datetime(), NLTIME.)));
MPRINT(EM_DIAGRAM):   run;
MPRINT(EM_DIAGRAM):   data _null_;
MPRINT(EM_DIAGRAM):   nldate= sasmsg("sashelp.dmine", "log_date_note", 'N', "December 09, 2019" );
MPRINT(EM_DIAGRAM):   nltime= sasmsg("sashelp.dmine", "log_time_note", 'N', "16:17:48" );
MPRINT(EM_DIAGRAM):   put "*------------------------------------------------------------*";
MPRINT(EM_DIAGRAM):   put "* Score Log";
MPRINT(EM_DIAGRAM):   put nldate;
MPRINT(EM_DIAGRAM):   put nltime;
MPRINT(EM_DIAGRAM):   put "*------------------------------------------------------------*";
MPRINT(EM_DIAGRAM):   run;
*------------------------------------------------------------*
* Score Log
Date:                December 09, 2019
Time:                16:17:48
*------------------------------------------------------------*
MPRINT(EM_DIAGRAM):    filename O30HEZL1 "C:\Users\student\Desktop\AA490\Project\AA490_Project\Modeling\Labor Force Model\Workspaces\EMWS1\Reg\EMSCORE.out" encoding="UTF-8" NOBOM;
MPRINT(EM_DIAGRAM):   proc printto print=O30HEZL1 new;
MPRINT(EM_DIAGRAM):   run;
66213      filename emflow "C:\Users\student\Desktop\AA490\Project\AA490_Project\Modeling\Labor Force Model\Workspaces\EMWS1\Reg\EMFLOWSCORE.sas";
MPRINT(EM_DIAGRAM):    filename emflow "C:\Users\student\Desktop\AA490\Project\AA490_Project\Modeling\Labor Force Model\Workspaces\EMWS1\Reg\EMFLOWSCORE.sas";
MPRINT(EM_DIAGRAM):   *------------------------------------------------------------*;
MPRINT(EM_DIAGRAM):   * Reg: Scoring DATA data;
MPRINT(EM_DIAGRAM):   *------------------------------------------------------------*;
66214      *------------------------------------------------------------*;
66215      * Reg: Scoring DATA data;
66216      *------------------------------------------------------------*;
66217      data EMWS1.Reg_TRAIN
66218      / view=EMWS1.Reg_TRAIN
66219      ;
MPRINT(EM_DIAGRAM):   data EMWS1.Reg_TRAIN / view=EMWS1.Reg_TRAIN ;
66220      set EMWS1.Trans_TRAIN
66221      ;
MPRINT(EM_DIAGRAM):   set EMWS1.Trans_TRAIN ;
66222      %inc emflow;
NOTE: %INCLUDE (level 1) file EMFLOW is file C:\Users\student\Desktop\AA490\Project\AA490_Project\Modeling\Labor Force Model\Workspaces\EMWS1\Reg\EMFLOWSCORE.sas.
66223     +*************************************;
MPRINT(EM_DIAGRAM):   *************************************;
66224     +*** begin scoring code for regression;
MPRINT(EM_DIAGRAM):   *** begin scoring code for regression;
66225     +*************************************;
MPRINT(EM_DIAGRAM):   *************************************;
66226     +
66227     +length _WARN_ $4;
MPRINT(EM_DIAGRAM):   length _WARN_ $4;
66228     +label _WARN_ = 'Warnings' ;
MPRINT(EM_DIAGRAM):   label _WARN_ = 'Warnings' ;
66229     +
66230     +drop _Y;
MPRINT(EM_DIAGRAM):   drop _Y;
66231     +_Y = Sum_Labor_Force_Pop ;
MPRINT(EM_DIAGRAM):   _Y = Sum_Labor_Force_Pop ;
66232     +
66233     +drop _DM_BAD;
MPRINT(EM_DIAGRAM):   drop _DM_BAD;
66234     +_DM_BAD=0;
MPRINT(EM_DIAGRAM):   _DM_BAD=0;
66235     +
66236     +*** Check Population for missing values ;
MPRINT(EM_DIAGRAM):   *** Check Population for missing values ;
66237     +if missing( Population ) then do;
MPRINT(EM_DIAGRAM):   if missing( Population ) then do;
66238     +   substr(_warn_,1,1) = 'M';
MPRINT(EM_DIAGRAM):   substr(_warn_,1,1) = 'M';
66239     +   _DM_BAD = 1;
MPRINT(EM_DIAGRAM):   _DM_BAD = 1;
66240     +end;
MPRINT(EM_DIAGRAM):   end;
66241     +
66242     +*** Generate dummy variables for Age_group ;
MPRINT(EM_DIAGRAM):   *** Generate dummy variables for Age_group ;
66243     +drop _0_0 _0_1 _0_2 ;
MPRINT(EM_DIAGRAM):   drop _0_0 _0_1 _0_2 ;
66244     +if missing( Age_group ) then do;
MPRINT(EM_DIAGRAM):   if missing( Age_group ) then do;
66245     +   _0_0 = .;
MPRINT(EM_DIAGRAM):   _0_0 = .;
66246     +   _0_1 = .;
MPRINT(EM_DIAGRAM):   _0_1 = .;
66247     +   _0_2 = .;
MPRINT(EM_DIAGRAM):   _0_2 = .;
66248     +   substr(_warn_,1,1) = 'M';
MPRINT(EM_DIAGRAM):   substr(_warn_,1,1) = 'M';
66249     +   _DM_BAD = 1;
MPRINT(EM_DIAGRAM):   _DM_BAD = 1;
66250     +end;
MPRINT(EM_DIAGRAM):   end;
66251     +else do;
MPRINT(EM_DIAGRAM):   else do;
66252     +   length _dm19 $ 19; drop _dm19 ;
MPRINT(EM_DIAGRAM):   length _dm19 $ 19;
MPRINT(EM_DIAGRAM):   drop _dm19 ;
66253     +   %DMNORMCP( Age_group , _dm19 )
MPRINT(DMNORMCP):   _dm19=dmnorm(Age_group,
MPRINT(DMNORLEN):  32
MPRINT(DMNORMCP):  );
MPRINT(EM_DIAGRAM):   if _dm19 = '45 TO 64' then do;
MPRINT(EM_DIAGRAM):   _0_0 = 0;
MPRINT(EM_DIAGRAM):   _0_1 = 0;
MPRINT(EM_DIAGRAM):   _0_2 = 1;
MPRINT(EM_DIAGRAM):   end;
66254     +   if _dm19 = '45 TO 64'  then do;
66255     +      _0_0 = 0;
MPRINT(EM_DIAGRAM):   else if _dm19 = '65+' then do;
66256     +      _0_1 = 0;
MPRINT(EM_DIAGRAM):   _0_0 = -1;
66257     +      _0_2 = 1;
MPRINT(EM_DIAGRAM):   _0_1 = -1;
66258     +   end;
MPRINT(EM_DIAGRAM):   _0_2 = -1;
66259     +   else if _dm19 = '65+'  then do;
MPRINT(EM_DIAGRAM):   end;
66260     +      _0_0 = -1;
MPRINT(EM_DIAGRAM):   else if _dm19 = '25 TO 44' then do;
66261     +      _0_1 = -1;
MPRINT(EM_DIAGRAM):   _0_0 = 0;
66262     +      _0_2 = -1;
MPRINT(EM_DIAGRAM):   _0_1 = 1;
66263     +   end;
MPRINT(EM_DIAGRAM):   _0_2 = 0;
66264     +   else if _dm19 = '25 TO 44'  then do;
MPRINT(EM_DIAGRAM):   end;
66265     +      _0_0 = 0;
MPRINT(EM_DIAGRAM):   else if _dm19 = '16 TO 24' then do;
66266     +      _0_1 = 1;
MPRINT(EM_DIAGRAM):   _0_0 = 1;
66267     +      _0_2 = 0;
MPRINT(EM_DIAGRAM):   _0_1 = 0;
66268     +   end;
MPRINT(EM_DIAGRAM):   _0_2 = 0;
66269     +   else if _dm19 = '16 TO 24'  then do;
MPRINT(EM_DIAGRAM):   end;
66270     +      _0_0 = 1;
MPRINT(EM_DIAGRAM):   else do;
66271     +      _0_1 = 0;
MPRINT(EM_DIAGRAM):   _0_0 = .;
66272     +      _0_2 = 0;
MPRINT(EM_DIAGRAM):   _0_1 = .;
66273     +   end;
MPRINT(EM_DIAGRAM):   _0_2 = .;
66274     +   else do;
MPRINT(EM_DIAGRAM):   substr(_warn_,2,1) = 'U';
MPRINT(EM_DIAGRAM):   _DM_BAD = 1;
66275     +      _0_0 = .;
MPRINT(EM_DIAGRAM):   end;
66276     +      _0_1 = .;
MPRINT(EM_DIAGRAM):   end;
66277     +      _0_2 = .;
66278     +      substr(_warn_,2,1) = 'U';
MPRINT(EM_DIAGRAM):   *** Generate dummy variables for Industry ;
66279     +      _DM_BAD = 1;
MPRINT(EM_DIAGRAM):   drop _1_0 _1_1 _1_2 _1_3 ;
66280     +   end;
MPRINT(EM_DIAGRAM):   *** encoding is sparse, initialize to zero;
66281     +end;
MPRINT(EM_DIAGRAM):   _1_0 = 0;
66282     +
MPRINT(EM_DIAGRAM):   _1_1 = 0;
66283     +*** Generate dummy variables for Industry ;
MPRINT(EM_DIAGRAM):   _1_2 = 0;
66284     +drop _1_0 _1_1 _1_2 _1_3 ;
MPRINT(EM_DIAGRAM):   _1_3 = 0;
66285     +*** encoding is sparse, initialize to zero;
MPRINT(EM_DIAGRAM):   if missing( Industry ) then do;
66286     +_1_0 = 0;
MPRINT(EM_DIAGRAM):   _1_0 = .;
66287     +_1_1 = 0;
MPRINT(EM_DIAGRAM):   _1_1 = .;
66288     +_1_2 = 0;
MPRINT(EM_DIAGRAM):   _1_2 = .;
66289     +_1_3 = 0;
MPRINT(EM_DIAGRAM):   _1_3 = .;
66290     +if missing( Industry ) then do;
MPRINT(EM_DIAGRAM):   substr(_warn_,1,1) = 'M';
66291     +   _1_0 = .;
MPRINT(EM_DIAGRAM):   _DM_BAD = 1;
66292     +   _1_1 = .;
MPRINT(EM_DIAGRAM):   end;
66293     +   _1_2 = .;
66294     +   _1_3 = .;
MPRINT(EM_DIAGRAM):   else do;
66295     +   substr(_warn_,1,1) = 'M';
MPRINT(EM_DIAGRAM):   length _dm32 $ 32;
66296     +   _DM_BAD = 1;
MPRINT(EM_DIAGRAM):   drop _dm32 ;
66297     +end;
MPRINT(EM_DIAGRAM):   length _dm111 $ 111;
66298     +else do;
MPRINT(EM_DIAGRAM):   drop _dm111;
MPRINT(EM_DIAGRAM):   _dm111 = put( Industry , $CHAR111. );
66299     +   length _dm32 $ 32; drop _dm32 ;
66300     +   length _dm111 $ 111; drop _dm111;
66301     +   _dm111 = put( Industry , $CHAR111. );
MPRINT(DMNORMCP):   _dm32=dmnorm(_dm111,
66302     +   %DMNORMCP( _dm111, _dm32 )
MPRINT(DMNORLEN):  32
MPRINT(DMNORMCP):  );
MPRINT(EM_DIAGRAM):   if _dm32 = 'SALES AND OFFICE OCCUPATIONS' then do;
MPRINT(EM_DIAGRAM):   _1_3 = 1;
MPRINT(EM_DIAGRAM):   end;
MPRINT(EM_DIAGRAM):   else if _dm32 = 'SERVICE OCCUPATIONS' then do;
66303     +   if _dm32 = 'SALES AND OFFICE OCCUPATIONS'  then do;
MPRINT(EM_DIAGRAM):   _1_0 = -1;
66304     +      _1_3 = 1;
MPRINT(EM_DIAGRAM):   _1_1 = -1;
66305     +   end;
MPRINT(EM_DIAGRAM):   _1_2 = -1;
66306     +   else if _dm32 = 'SERVICE OCCUPATIONS'  then do;
MPRINT(EM_DIAGRAM):   _1_3 = -1;
MPRINT(EM_DIAGRAM):   end;
66307     +      _1_0 = -1;
66308     +      _1_1 = -1;
MPRINT(EM_DIAGRAM):   else if _dm32 = 'NATURAL RESOURCES, CONSTRUCTION,' then do;
66309     +      _1_2 = -1;
MPRINT(EM_DIAGRAM):   _1_1 = 1;
66310     +      _1_3 = -1;
MPRINT(EM_DIAGRAM):   end;
66311     +   end;
66312     +   else if _dm32 = 'NATURAL RESOURCES, CONSTRUCTION,'  then do;
MPRINT(EM_DIAGRAM):   else if _dm32 = 'PRODUCTION, TRANSPORTATION, AND' then do;
MPRINT(EM_DIAGRAM):   _1_2 = 1;
66313     +      _1_1 = 1;
MPRINT(EM_DIAGRAM):   end;
66314     +   end;
66315     +   else if _dm32 = 'PRODUCTION, TRANSPORTATION, AND'  then do;
MPRINT(EM_DIAGRAM):   else if _dm32 = 'MANAGEMENT, PROFESSIONAL, AND RE' then do;
MPRINT(EM_DIAGRAM):   _1_0 = 1;
66316     +      _1_2 = 1;
MPRINT(EM_DIAGRAM):   end;
66317     +   end;
66318     +   else if _dm32 = 'MANAGEMENT, PROFESSIONAL, AND RE'  then do;
MPRINT(EM_DIAGRAM):   else do;
MPRINT(EM_DIAGRAM):   _1_0 = .;
66319     +      _1_0 = 1;
MPRINT(EM_DIAGRAM):   _1_1 = .;
66320     +   end;
MPRINT(EM_DIAGRAM):   _1_2 = .;
66321     +   else do;
MPRINT(EM_DIAGRAM):   _1_3 = .;
MPRINT(EM_DIAGRAM):   substr(_warn_,2,1) = 'U';
66322     +      _1_0 = .;
MPRINT(EM_DIAGRAM):   _DM_BAD = 1;
66323     +      _1_1 = .;
MPRINT(EM_DIAGRAM):   end;
66324     +      _1_2 = .;
MPRINT(EM_DIAGRAM):   end;
66325     +      _1_3 = .;
66326     +      substr(_warn_,2,1) = 'U';
MPRINT(EM_DIAGRAM):   *** If missing inputs, use averages;
66327     +      _DM_BAD = 1;
MPRINT(EM_DIAGRAM):   if _DM_BAD > 0 then do;
66328     +   end;
MPRINT(EM_DIAGRAM):   _LP0 = 6986556.12244898;
66329     +end;
MPRINT(EM_DIAGRAM):   goto REGDR1;
66330     +
MPRINT(EM_DIAGRAM):   end;
66331     +*** If missing inputs, use averages;
66332     +if _DM_BAD > 0 then do;
MPRINT(EM_DIAGRAM):   *** Compute Linear Predictor;
66333     +   _LP0 =     6986556.12244898;
MPRINT(EM_DIAGRAM):   drop _TEMP;
66334     +   goto REGDR1;
MPRINT(EM_DIAGRAM):   drop _LP0;
66335     +end;
MPRINT(EM_DIAGRAM):   _LP0 = 0;
66336     +
66337     +*** Compute Linear Predictor;
MPRINT(EM_DIAGRAM):   *** Effect: Age_group ;
66338     +drop _TEMP;
MPRINT(EM_DIAGRAM):   _TEMP = 1;
66339     +drop _LP0;
MPRINT(EM_DIAGRAM):   _LP0 = _LP0 + ( -1280741.55501022) * _TEMP * _0_0;
66340     +_LP0 = 0;
MPRINT(EM_DIAGRAM):   _LP0 = _LP0 + ( 3596879.9533224) * _TEMP * _0_1;
66341     +
MPRINT(EM_DIAGRAM):   _LP0 = _LP0 + ( 1943389.82816721) * _TEMP * _0_2;
66342     +***  Effect: Age_group ;
66343     +_TEMP = 1;
MPRINT(EM_DIAGRAM):   *** Effect: Industry ;
66344     +_LP0 = _LP0 + (   -1280741.55501022) * _TEMP * _0_0;
MPRINT(EM_DIAGRAM):   _TEMP = 1;
66345     +_LP0 = _LP0 + (     3596879.9533224) * _TEMP * _0_1;
MPRINT(EM_DIAGRAM):   _LP0 = _LP0 + ( 5297262.64948957) * _TEMP * _1_0;
66346     +_LP0 = _LP0 + (    1943389.82816721) * _TEMP * _0_2;
MPRINT(EM_DIAGRAM):   _LP0 = _LP0 + ( -3760550.6616354) * _TEMP * _1_1;
66347     +
MPRINT(EM_DIAGRAM):   _LP0 = _LP0 + ( -2693101.93205503) * _TEMP * _1_2;
66348     +***  Effect: Industry ;
MPRINT(EM_DIAGRAM):   _LP0 = _LP0 + ( 1999500.20996591) * _TEMP * _1_3;
66349     +_TEMP = 1;
66350     +_LP0 = _LP0 + (    5297262.64948957) * _TEMP * _1_0;
MPRINT(EM_DIAGRAM):   *** Effect: Population ;
66351     +_LP0 = _LP0 + (    -3760550.6616354) * _TEMP * _1_1;
MPRINT(EM_DIAGRAM):   _TEMP = Population ;
66352     +_LP0 = _LP0 + (   -2693101.93205503) * _TEMP * _1_2;
MPRINT(EM_DIAGRAM):   _LP0 = _LP0 + ( 0.08668853048058 * _TEMP);
66353     +_LP0 = _LP0 + (    1999500.20996591) * _TEMP * _1_3;
MPRINT(EM_DIAGRAM):   *--- Intercept ---*;
66354     +
MPRINT(EM_DIAGRAM):   _LP0 = _LP0 + ( 1707724.24781224);
66355     +***  Effect: Population ;
66356     +_TEMP = Population ;
66357     +_LP0 = _LP0 + (    0.08668853048058 * _TEMP);
66358     +*--- Intercept ---*;
66359     +_LP0 = _LP0 + (    1707724.24781224);
MPRINT(EM_DIAGRAM):   REGDR1: *** Predicted Value, Error, and Residual;
66360     +
MPRINT(EM_DIAGRAM):   label P_Sum_Labor_Force_Pop = 'Predicted: Sum_Labor_Force_Pop' ;
66361     +REGDR1:
MPRINT(EM_DIAGRAM):   P_Sum_Labor_Force_Pop = _LP0;
66362     +
66363     +*** Predicted Value, Error, and Residual;
MPRINT(EM_DIAGRAM):   drop _R;
66364     +label P_Sum_Labor_Force_Pop = 'Predicted: Sum_Labor_Force_Pop' ;
MPRINT(EM_DIAGRAM):   if _Y = . then do;
MPRINT(EM_DIAGRAM):   R_Sum_Labor_Force_Pop = .;
66365     +P_Sum_Labor_Force_Pop = _LP0;
MPRINT(EM_DIAGRAM):   end;
66366     +
66367     +drop _R;
MPRINT(EM_DIAGRAM):   else do;
66368     +if _Y = . then do;
MPRINT(EM_DIAGRAM):   _R = _Y - _LP0;
66369     +   R_Sum_Labor_Force_Pop = .;
MPRINT(EM_DIAGRAM):   label R_Sum_Labor_Force_Pop = 'Residual: Sum_Labor_Force_Pop' ;
66370     +end;
66371     +else do;
MPRINT(EM_DIAGRAM):   R_Sum_Labor_Force_Pop = _R;
MPRINT(EM_DIAGRAM):   end;
66372     +   _R = _Y - _LP0;
66373     +    label R_Sum_Labor_Force_Pop = 'Residual: Sum_Labor_Force_Pop' ;
MPRINT(EM_DIAGRAM):   *************************************;
MPRINT(EM_DIAGRAM):   ***** end scoring code for regression;
66374     +   R_Sum_Labor_Force_Pop = _R;
MPRINT(EM_DIAGRAM):   *************************************;
66375     +end;
66376     +
66377     +*************************************;
66378     +***** end scoring code for regression;
66379     +*************************************;
NOTE: %INCLUDE (level 1) ending.
MPRINT(EM_DIAGRAM):   run;
66380      run;

NOTE: DATA STEP view saved on file EMWS1.REG_TRAIN.
NOTE: A stored DATA STEP view cannot run under a different operating system.
NOTE: View EMWS1.TRANS_TRAIN.VIEW used (Total process time):
      real time           0.03 seconds
      cpu time            0.03 seconds
      
NOTE: DATA statement used (Total process time):
      real time           0.04 seconds
      cpu time            0.04 seconds
      

MPRINT(EM_DIAGRAM):   quit;
66381      quit;
66382      filename emflow;
MPRINT(EM_DIAGRAM):   filename emflow;
NOTE: Fileref EMFLOW has been deassigned.
66383      filename emflow "C:\Users\student\Desktop\AA490\Project\AA490_Project\Modeling\Labor Force Model\Workspaces\EMWS1\Reg\EMFLOWSCORE.sas";
MPRINT(EM_DIAGRAM):    filename emflow "C:\Users\student\Desktop\AA490\Project\AA490_Project\Modeling\Labor Force Model\Workspaces\EMWS1\Reg\EMFLOWSCORE.sas";
MPRINT(EM_DIAGRAM):   *------------------------------------------------------------*;
MPRINT(EM_DIAGRAM):   * Reg: Scoring VALIDATE data;
MPRINT(EM_DIAGRAM):   *------------------------------------------------------------*;
66384      *------------------------------------------------------------*;
66385      * Reg: Scoring VALIDATE data;
66386      *------------------------------------------------------------*;
66387      data EMWS1.Reg_VALIDATE
66388      / view=EMWS1.Reg_VALIDATE
66389      ;
MPRINT(EM_DIAGRAM):   data EMWS1.Reg_VALIDATE / view=EMWS1.Reg_VALIDATE ;
66390      set EMWS1.Trans_VALIDATE
66391      ;
MPRINT(EM_DIAGRAM):   set EMWS1.Trans_VALIDATE ;
66392      %inc emflow;
NOTE: %INCLUDE (level 1) file EMFLOW is file C:\Users\student\Desktop\AA490\Project\AA490_Project\Modeling\Labor Force Model\Workspaces\EMWS1\Reg\EMFLOWSCORE.sas.
66393     +*************************************;
MPRINT(EM_DIAGRAM):   *************************************;
66394     +*** begin scoring code for regression;
MPRINT(EM_DIAGRAM):   *** begin scoring code for regression;
66395     +*************************************;
MPRINT(EM_DIAGRAM):   *************************************;
66396     +
66397     +length _WARN_ $4;
MPRINT(EM_DIAGRAM):   length _WARN_ $4;
66398     +label _WARN_ = 'Warnings' ;
MPRINT(EM_DIAGRAM):   label _WARN_ = 'Warnings' ;
66399     +
66400     +drop _Y;
MPRINT(EM_DIAGRAM):   drop _Y;
66401     +_Y = Sum_Labor_Force_Pop ;
MPRINT(EM_DIAGRAM):   _Y = Sum_Labor_Force_Pop ;
66402     +
66403     +drop _DM_BAD;
MPRINT(EM_DIAGRAM):   drop _DM_BAD;
66404     +_DM_BAD=0;
MPRINT(EM_DIAGRAM):   _DM_BAD=0;
66405     +
66406     +*** Check Population for missing values ;
MPRINT(EM_DIAGRAM):   *** Check Population for missing values ;
66407     +if missing( Population ) then do;
MPRINT(EM_DIAGRAM):   if missing( Population ) then do;
66408     +   substr(_warn_,1,1) = 'M';
MPRINT(EM_DIAGRAM):   substr(_warn_,1,1) = 'M';
66409     +   _DM_BAD = 1;
MPRINT(EM_DIAGRAM):   _DM_BAD = 1;
66410     +end;
MPRINT(EM_DIAGRAM):   end;
66411     +
66412     +*** Generate dummy variables for Age_group ;
MPRINT(EM_DIAGRAM):   *** Generate dummy variables for Age_group ;
66413     +drop _0_0 _0_1 _0_2 ;
MPRINT(EM_DIAGRAM):   drop _0_0 _0_1 _0_2 ;
66414     +if missing( Age_group ) then do;
MPRINT(EM_DIAGRAM):   if missing( Age_group ) then do;
66415     +   _0_0 = .;
MPRINT(EM_DIAGRAM):   _0_0 = .;
66416     +   _0_1 = .;
MPRINT(EM_DIAGRAM):   _0_1 = .;
66417     +   _0_2 = .;
MPRINT(EM_DIAGRAM):   _0_2 = .;
66418     +   substr(_warn_,1,1) = 'M';
MPRINT(EM_DIAGRAM):   substr(_warn_,1,1) = 'M';
66419     +   _DM_BAD = 1;
MPRINT(EM_DIAGRAM):   _DM_BAD = 1;
66420     +end;
MPRINT(EM_DIAGRAM):   end;
66421     +else do;
MPRINT(EM_DIAGRAM):   else do;
66422     +   length _dm19 $ 19; drop _dm19 ;
MPRINT(EM_DIAGRAM):   length _dm19 $ 19;
MPRINT(EM_DIAGRAM):   drop _dm19 ;
66423     +   %DMNORMCP( Age_group , _dm19 )
MPRINT(DMNORMCP):   _dm19=dmnorm(Age_group,
MPRINT(DMNORLEN):  32
MPRINT(DMNORMCP):  );
66424     +   if _dm19 = '45 TO 64'  then do;
MPRINT(EM_DIAGRAM):   if _dm19 = '45 TO 64' then do;
66425     +      _0_0 = 0;
MPRINT(EM_DIAGRAM):   _0_0 = 0;
66426     +      _0_1 = 0;
MPRINT(EM_DIAGRAM):   _0_1 = 0;
66427     +      _0_2 = 1;
MPRINT(EM_DIAGRAM):   _0_2 = 1;
66428     +   end;
MPRINT(EM_DIAGRAM):   end;
66429     +   else if _dm19 = '65+'  then do;
MPRINT(EM_DIAGRAM):   else if _dm19 = '65+' then do;
66430     +      _0_0 = -1;
MPRINT(EM_DIAGRAM):   _0_0 = -1;
66431     +      _0_1 = -1;
MPRINT(EM_DIAGRAM):   _0_1 = -1;
66432     +      _0_2 = -1;
MPRINT(EM_DIAGRAM):   _0_2 = -1;
66433     +   end;
MPRINT(EM_DIAGRAM):   end;
66434     +   else if _dm19 = '25 TO 44'  then do;
MPRINT(EM_DIAGRAM):   else if _dm19 = '25 TO 44' then do;
66435     +      _0_0 = 0;
MPRINT(EM_DIAGRAM):   _0_0 = 0;
66436     +      _0_1 = 1;
MPRINT(EM_DIAGRAM):   _0_1 = 1;
66437     +      _0_2 = 0;
MPRINT(EM_DIAGRAM):   _0_2 = 0;
66438     +   end;
MPRINT(EM_DIAGRAM):   end;
66439     +   else if _dm19 = '16 TO 24'  then do;
MPRINT(EM_DIAGRAM):   else if _dm19 = '16 TO 24' then do;
66440     +      _0_0 = 1;
MPRINT(EM_DIAGRAM):   _0_0 = 1;
66441     +      _0_1 = 0;
MPRINT(EM_DIAGRAM):   _0_1 = 0;
66442     +      _0_2 = 0;
MPRINT(EM_DIAGRAM):   _0_2 = 0;
66443     +   end;
MPRINT(EM_DIAGRAM):   end;
66444     +   else do;
MPRINT(EM_DIAGRAM):   else do;
66445     +      _0_0 = .;
MPRINT(EM_DIAGRAM):   _0_0 = .;
66446     +      _0_1 = .;
MPRINT(EM_DIAGRAM):   _0_1 = .;
66447     +      _0_2 = .;
MPRINT(EM_DIAGRAM):   _0_2 = .;
66448     +      substr(_warn_,2,1) = 'U';
MPRINT(EM_DIAGRAM):   substr(_warn_,2,1) = 'U';
66449     +      _DM_BAD = 1;
MPRINT(EM_DIAGRAM):   _DM_BAD = 1;
66450     +   end;
MPRINT(EM_DIAGRAM):   end;
66451     +end;
MPRINT(EM_DIAGRAM):   end;
66452     +
66453     +*** Generate dummy variables for Industry ;
MPRINT(EM_DIAGRAM):   *** Generate dummy variables for Industry ;
66454     +drop _1_0 _1_1 _1_2 _1_3 ;
MPRINT(EM_DIAGRAM):   drop _1_0 _1_1 _1_2 _1_3 ;
66455     +*** encoding is sparse, initialize to zero;
MPRINT(EM_DIAGRAM):   *** encoding is sparse, initialize to zero;
66456     +_1_0 = 0;
MPRINT(EM_DIAGRAM):   _1_0 = 0;
66457     +_1_1 = 0;
MPRINT(EM_DIAGRAM):   _1_1 = 0;
66458     +_1_2 = 0;
MPRINT(EM_DIAGRAM):   _1_2 = 0;
66459     +_1_3 = 0;
MPRINT(EM_DIAGRAM):   _1_3 = 0;
66460     +if missing( Industry ) then do;
MPRINT(EM_DIAGRAM):   if missing( Industry ) then do;
66461     +   _1_0 = .;
MPRINT(EM_DIAGRAM):   _1_0 = .;
66462     +   _1_1 = .;
MPRINT(EM_DIAGRAM):   _1_1 = .;
66463     +   _1_2 = .;
MPRINT(EM_DIAGRAM):   _1_2 = .;
66464     +   _1_3 = .;
MPRINT(EM_DIAGRAM):   _1_3 = .;
66465     +   substr(_warn_,1,1) = 'M';
MPRINT(EM_DIAGRAM):   substr(_warn_,1,1) = 'M';
66466     +   _DM_BAD = 1;
MPRINT(EM_DIAGRAM):   _DM_BAD = 1;
66467     +end;
MPRINT(EM_DIAGRAM):   end;
66468     +else do;
MPRINT(EM_DIAGRAM):   else do;
66469     +   length _dm32 $ 32; drop _dm32 ;
MPRINT(EM_DIAGRAM):   length _dm32 $ 32;
MPRINT(EM_DIAGRAM):   drop _dm32 ;
66470     +   length _dm111 $ 111; drop _dm111;
MPRINT(EM_DIAGRAM):   length _dm111 $ 111;
MPRINT(EM_DIAGRAM):   drop _dm111;
66471     +   _dm111 = put( Industry , $CHAR111. );
MPRINT(EM_DIAGRAM):   _dm111 = put( Industry , $CHAR111. );
66472     +   %DMNORMCP( _dm111, _dm32 )
MPRINT(DMNORMCP):   _dm32=dmnorm(_dm111,
MPRINT(DMNORLEN):  32
MPRINT(DMNORMCP):  );
66473     +   if _dm32 = 'SALES AND OFFICE OCCUPATIONS'  then do;
MPRINT(EM_DIAGRAM):   if _dm32 = 'SALES AND OFFICE OCCUPATIONS' then do;
66474     +      _1_3 = 1;
MPRINT(EM_DIAGRAM):   _1_3 = 1;
66475     +   end;
MPRINT(EM_DIAGRAM):   end;
66476     +   else if _dm32 = 'SERVICE OCCUPATIONS'  then do;
MPRINT(EM_DIAGRAM):   else if _dm32 = 'SERVICE OCCUPATIONS' then do;
66477     +      _1_0 = -1;
MPRINT(EM_DIAGRAM):   _1_0 = -1;
66478     +      _1_1 = -1;
MPRINT(EM_DIAGRAM):   _1_1 = -1;
66479     +      _1_2 = -1;
MPRINT(EM_DIAGRAM):   _1_2 = -1;
66480     +      _1_3 = -1;
MPRINT(EM_DIAGRAM):   _1_3 = -1;
66481     +   end;
MPRINT(EM_DIAGRAM):   end;
66482     +   else if _dm32 = 'NATURAL RESOURCES, CONSTRUCTION,'  then do;
MPRINT(EM_DIAGRAM):   else if _dm32 = 'NATURAL RESOURCES, CONSTRUCTION,' then do;
66483     +      _1_1 = 1;
MPRINT(EM_DIAGRAM):   _1_1 = 1;
66484     +   end;
MPRINT(EM_DIAGRAM):   end;
66485     +   else if _dm32 = 'PRODUCTION, TRANSPORTATION, AND'  then do;
MPRINT(EM_DIAGRAM):   else if _dm32 = 'PRODUCTION, TRANSPORTATION, AND' then do;
66486     +      _1_2 = 1;
MPRINT(EM_DIAGRAM):   _1_2 = 1;
66487     +   end;
MPRINT(EM_DIAGRAM):   end;
66488     +   else if _dm32 = 'MANAGEMENT, PROFESSIONAL, AND RE'  then do;
MPRINT(EM_DIAGRAM):   else if _dm32 = 'MANAGEMENT, PROFESSIONAL, AND RE' then do;
66489     +      _1_0 = 1;
MPRINT(EM_DIAGRAM):   _1_0 = 1;
66490     +   end;
MPRINT(EM_DIAGRAM):   end;
66491     +   else do;
MPRINT(EM_DIAGRAM):   else do;
66492     +      _1_0 = .;
MPRINT(EM_DIAGRAM):   _1_0 = .;
66493     +      _1_1 = .;
MPRINT(EM_DIAGRAM):   _1_1 = .;
66494     +      _1_2 = .;
MPRINT(EM_DIAGRAM):   _1_2 = .;
66495     +      _1_3 = .;
MPRINT(EM_DIAGRAM):   _1_3 = .;
66496     +      substr(_warn_,2,1) = 'U';
MPRINT(EM_DIAGRAM):   substr(_warn_,2,1) = 'U';
66497     +      _DM_BAD = 1;
MPRINT(EM_DIAGRAM):   _DM_BAD = 1;
66498     +   end;
MPRINT(EM_DIAGRAM):   end;
66499     +end;
MPRINT(EM_DIAGRAM):   end;
66500     +
66501     +*** If missing inputs, use averages;
MPRINT(EM_DIAGRAM):   *** If missing inputs, use averages;
66502     +if _DM_BAD > 0 then do;
MPRINT(EM_DIAGRAM):   if _DM_BAD > 0 then do;
66503     +   _LP0 =     6986556.12244898;
MPRINT(EM_DIAGRAM):   _LP0 = 6986556.12244898;
66504     +   goto REGDR1;
MPRINT(EM_DIAGRAM):   goto REGDR1;
66505     +end;
MPRINT(EM_DIAGRAM):   end;
66506     +
66507     +*** Compute Linear Predictor;
MPRINT(EM_DIAGRAM):   *** Compute Linear Predictor;
66508     +drop _TEMP;
MPRINT(EM_DIAGRAM):   drop _TEMP;
66509     +drop _LP0;
MPRINT(EM_DIAGRAM):   drop _LP0;
66510     +_LP0 = 0;
MPRINT(EM_DIAGRAM):   _LP0 = 0;
66511     +
66512     +***  Effect: Age_group ;
MPRINT(EM_DIAGRAM):   *** Effect: Age_group ;
66513     +_TEMP = 1;
MPRINT(EM_DIAGRAM):   _TEMP = 1;
66514     +_LP0 = _LP0 + (   -1280741.55501022) * _TEMP * _0_0;
MPRINT(EM_DIAGRAM):   _LP0 = _LP0 + ( -1280741.55501022) * _TEMP * _0_0;
66515     +_LP0 = _LP0 + (     3596879.9533224) * _TEMP * _0_1;
MPRINT(EM_DIAGRAM):   _LP0 = _LP0 + ( 3596879.9533224) * _TEMP * _0_1;
66516     +_LP0 = _LP0 + (    1943389.82816721) * _TEMP * _0_2;
MPRINT(EM_DIAGRAM):   _LP0 = _LP0 + ( 1943389.82816721) * _TEMP * _0_2;
66517     +
66518     +***  Effect: Industry ;
MPRINT(EM_DIAGRAM):   *** Effect: Industry ;
66519     +_TEMP = 1;
MPRINT(EM_DIAGRAM):   _TEMP = 1;
66520     +_LP0 = _LP0 + (    5297262.64948957) * _TEMP * _1_0;
MPRINT(EM_DIAGRAM):   _LP0 = _LP0 + ( 5297262.64948957) * _TEMP * _1_0;
66521     +_LP0 = _LP0 + (    -3760550.6616354) * _TEMP * _1_1;
MPRINT(EM_DIAGRAM):   _LP0 = _LP0 + ( -3760550.6616354) * _TEMP * _1_1;
66522     +_LP0 = _LP0 + (   -2693101.93205503) * _TEMP * _1_2;
MPRINT(EM_DIAGRAM):   _LP0 = _LP0 + ( -2693101.93205503) * _TEMP * _1_2;
66523     +_LP0 = _LP0 + (    1999500.20996591) * _TEMP * _1_3;
MPRINT(EM_DIAGRAM):   _LP0 = _LP0 + ( 1999500.20996591) * _TEMP * _1_3;
66524     +
66525     +***  Effect: Population ;
MPRINT(EM_DIAGRAM):   *** Effect: Population ;
66526     +_TEMP = Population ;
MPRINT(EM_DIAGRAM):   _TEMP = Population ;
66527     +_LP0 = _LP0 + (    0.08668853048058 * _TEMP);
MPRINT(EM_DIAGRAM):   _LP0 = _LP0 + ( 0.08668853048058 * _TEMP);
66528     +*--- Intercept ---*;
MPRINT(EM_DIAGRAM):   *--- Intercept ---*;
66529     +_LP0 = _LP0 + (    1707724.24781224);
MPRINT(EM_DIAGRAM):   _LP0 = _LP0 + ( 1707724.24781224);
66530     +
66531     +REGDR1:
66532     +
66533     +*** Predicted Value, Error, and Residual;
MPRINT(EM_DIAGRAM):   REGDR1: *** Predicted Value, Error, and Residual;
66534     +label P_Sum_Labor_Force_Pop = 'Predicted: Sum_Labor_Force_Pop' ;
MPRINT(EM_DIAGRAM):   label P_Sum_Labor_Force_Pop = 'Predicted: Sum_Labor_Force_Pop' ;
66535     +P_Sum_Labor_Force_Pop = _LP0;
MPRINT(EM_DIAGRAM):   P_Sum_Labor_Force_Pop = _LP0;
66536     +
66537     +drop _R;
MPRINT(EM_DIAGRAM):   drop _R;
66538     +if _Y = . then do;
MPRINT(EM_DIAGRAM):   if _Y = . then do;
66539     +   R_Sum_Labor_Force_Pop = .;
MPRINT(EM_DIAGRAM):   R_Sum_Labor_Force_Pop = .;
66540     +end;
MPRINT(EM_DIAGRAM):   end;
66541     +else do;
MPRINT(EM_DIAGRAM):   else do;
66542     +   _R = _Y - _LP0;
MPRINT(EM_DIAGRAM):   _R = _Y - _LP0;
66543     +    label R_Sum_Labor_Force_Pop = 'Residual: Sum_Labor_Force_Pop' ;
MPRINT(EM_DIAGRAM):   label R_Sum_Labor_Force_Pop = 'Residual: Sum_Labor_Force_Pop' ;
66544     +   R_Sum_Labor_Force_Pop = _R;
MPRINT(EM_DIAGRAM):   R_Sum_Labor_Force_Pop = _R;
66545     +end;
MPRINT(EM_DIAGRAM):   end;
66546     +
66547     +*************************************;
MPRINT(EM_DIAGRAM):   *************************************;
66548     +***** end scoring code for regression;
MPRINT(EM_DIAGRAM):   ***** end scoring code for regression;
66549     +*************************************;
MPRINT(EM_DIAGRAM):   *************************************;
NOTE: %INCLUDE (level 1) ending.
MPRINT(EM_DIAGRAM):   run;
66550      run;

NOTE: DATA STEP view saved on file EMWS1.REG_VALIDATE.
NOTE: A stored DATA STEP view cannot run under a different operating system.
NOTE: View EMWS1.TRANS_VALIDATE.VIEW used (Total process time):
      real time           0.03 seconds
      cpu time            0.04 seconds
      
NOTE: DATA statement used (Total process time):
      real time           0.04 seconds
      cpu time            0.04 seconds
      

MPRINT(EM_DIAGRAM):   quit;
66551      quit;
66552      filename emflow;
MPRINT(EM_DIAGRAM):   filename emflow;
NOTE: Fileref EMFLOW has been deassigned.
66553      *------------------------------------------------------------*;
MPRINT(EM_DIAGRAM):    *------------------------------------------------------------*;
66554      * Reg: Computing metadata for TRAIN data;
MPRINT(EM_DIAGRAM):   * Reg: Computing metadata for TRAIN data;
66555      *------------------------------------------------------------*;
MPRINT(EM_DIAGRAM):   *------------------------------------------------------------*;

NOTE: View EMWS1.REG_TRAIN.VIEW used (Total process time):
      real time           0.05 seconds
      cpu time            0.04 seconds
      
MPRINT(EM_DIAGRAM):    *------------------------------------------------------------*;
MPRINT(EM_DIAGRAM):   * &nodeid: Computing Metadata for TRAIN data;
MPRINT(EM_DIAGRAM):   *------------------------------------------------------------*;
MPRINT(EM_DIAGRAM):   filename _delta "C:\Users\student\Desktop\AA490\Project\AA490_Project\Modeling\Labor Force Model\Workspaces\EMWS1\Reg\CDELTA_TRAIN.sas";
MPRINT(EMADVISECOLUMNS):   proc display c=sashelp.emmeta.advisecolumns.scl;
MPRINT(EMADVISECOLUMNS):   run;
MPRINT(EMADVISECOLUMNS):    options validvarname=any;
MPRINT(EMADVISECOLUMNS):   proc contents data=EMWS1.Reg_TRAIN out=_tempAdvisor noprint;
MPRINT(EMADVISECOLUMNS):   run;
MPRINT(EMADVISECOLUMNS):   options validvarname=V7;
MPRINT(EMADVISECOLUMNS):    data _null_;
MPRINT(EMADVISECOLUMNS):   dsid = open('EMWS1.Reg_TRAIN');
MPRINT(EMADVISECOLUMNS):   call symput('_dsidTable', strip(put(dsid, best.)));
MPRINT(EMADVISECOLUMNS):   if dsid then do;
MPRINT(EMADVISECOLUMNS):   call symput('_engineTable', attrc(dsid, 'ENGINE'));
MPRINT(EMADVISECOLUMNS):   dsid = close(dsid);
MPRINT(EMADVISECOLUMNS):   end;
MPRINT(EMADVISECOLUMNS):   run;
MPRINT(EMADVISECOLUMNS):    proc contents data=EMWS1.Reg_TRAIN out=WORK.M1E5YOVE noprint;
MPRINT(EMADVISECOLUMNS):   run;
MPRINT(EMADVISECOLUMNS):    data WORK.M1E5YOVE;
MPRINT(EMADVISECOLUMNS):   length NAME $ 64 TYPE $ 1 LABEL $ 200 FORMAT $ 36 INFORMAT $36 INDEX $ 1 INDEXTYPE $ 9;
MPRINT(EMADVISECOLUMNS):   label NAME =;
MPRINT(EMADVISECOLUMNS):   set WORK.M1E5YOVE(keep=name type length label format formatl formatd informat informl informd idxusage rename=(type=itype));
MPRINT(EMADVISECOLUMNS):   if itype = 1 then type = 'N';
MPRINT(EMADVISECOLUMNS):   else type = 'C';
MPRINT(EMADVISECOLUMNS):   if formatl > 0 then do;
MPRINT(EMADVISECOLUMNS):   if format ne '' then do;
MPRINT(EMADVISECOLUMNS):   if type='N' then format = strip(format)!!strip(put(formatl, best12.))!!'.'!!strip(put(formatd, best12.));
MPRINT(EMADVISECOLUMNS):   else format = strip(format)!!strip(put(formatl, best12.))!!'.';
MPRINT(EMADVISECOLUMNS):   end;
MPRINT(EMADVISECOLUMNS):   else format = strip(put(formatl, best12.))!!'.'!!strip(put(formatd, best12.));
MPRINT(EMADVISECOLUMNS):   end;
MPRINT(EMADVISECOLUMNS):   else if format ne '' then format = strip(format)!!'.';
MPRINT(EMADVISECOLUMNS):   if informl > 0 then do;
MPRINT(EMADVISECOLUMNS):   if informat ne ' ' then do;
MPRINT(EMADVISECOLUMNS):   if type='N' then informat = strip(informat)!!strip(put(informl, best12.))!!'.'!!strip(put(informd, best12.));
MPRINT(EMADVISECOLUMNS):   else informat = strip(informat)!!strip(put(informl, best12.))!!'.';
MPRINT(EMADVISECOLUMNS):   end;
MPRINT(EMADVISECOLUMNS):   else informat = strip(put(informl, best12.))!!'.'!!strip(put(informd, best12.));
MPRINT(EMADVISECOLUMNS):   end;
MPRINT(EMADVISECOLUMNS):   else if informat ne '' then informat = strip(informat)!!'.';
MPRINT(EMADVISECOLUMNS):   if idxusage = 'NONE' then index ="N";
MPRINT(EMADVISECOLUMNS):   else index = "Y";
MPRINT(EMADVISECOLUMNS):   indextype = idxusage;
MPRINT(EMADVISECOLUMNS):   drop idxusage itype formatl formatd informl informd;
MPRINT(EMADVISECOLUMNS):   run;
MPRINT(EMADVISECOLUMNS):    data WORK.M1E5YOVE;
MPRINT(EMADVISECOLUMNS):   length UNAME $64;
MPRINT(EMADVISECOLUMNS):   set WORK.M1E5YOVE;
MPRINT(EMADVISECOLUMNS):   UNAME = upcase(NAME);
MPRINT(EMADVISECOLUMNS):   run;
MPRINT(EMADVISECOLUMNS):    proc sort data=WORK.M3EAK8FD NOTHREADS;
MPRINT(EMADVISECOLUMNS):   by UNAME;
MPRINT(EMADVISECOLUMNS):   run;
MPRINT(EMADVISECOLUMNS):    data WORK.M3EAK8FD;
MPRINT(EMADVISECOLUMNS):   drop UNAME;
MPRINT(EMADVISECOLUMNS):   set WORK.M3EAK8FD;
MPRINT(EMADVISECOLUMNS):   run;
MPRINT(EMADVISECOLUMNS):    data WORK.M1JG99PR(keep=NAME ATTR);
MPRINT(EMADVISECOLUMNS):   length ATTR $ 20;
MPRINT(EMADVISECOLUMNS):   set WORK.M3EAK8FD;
MPRINT(EMADVISECOLUMNS):   if level ne "INTERVAL" then do;
MPRINT(EMADVISECOLUMNS):   if order = ' ' then do;
MPRINT(EMADVISECOLUMNS):   attr = 'ORDER';
MPRINT(EMADVISECOLUMNS):   output;
MPRINT(EMADVISECOLUMNS):   end;
MPRINT(EMADVISECOLUMNS):   end;
MPRINT(EMADVISECOLUMNS):   if format ne ' ' and formattype = ' ' then do;
MPRINT(EMADVISECOLUMNS):   attr = 'FORMATTYPE';
MPRINT(EMADVISECOLUMNS):   output;
MPRINT(EMADVISECOLUMNS):   end;
MPRINT(EMADVISECOLUMNS):   if role = ' ' then do;
MPRINT(EMADVISECOLUMNS):   attr = 'ROLE';
MPRINT(EMADVISECOLUMNS):   output;
MPRINT(EMADVISECOLUMNS):   end;
MPRINT(EMADVISECOLUMNS):   if level = ' ' then do;
MPRINT(EMADVISECOLUMNS):   attr = 'LEVEL';
MPRINT(EMADVISECOLUMNS):   output;
MPRINT(EMADVISECOLUMNS):   end;
MPRINT(EMADVISECOLUMNS):   if type = ' ' then do;
MPRINT(EMADVISECOLUMNS):   attr = 'TYPE';
MPRINT(EMADVISECOLUMNS):   output;
MPRINT(EMADVISECOLUMNS):   end;
MPRINT(EMADVISECOLUMNS):   if index = ' ' then do;
MPRINT(EMADVISECOLUMNS):   attr = 'INDEX';
MPRINT(EMADVISECOLUMNS):   output;
MPRINT(EMADVISECOLUMNS):   end;
MPRINT(EMADVISECOLUMNS):   if report = ' ' then do;
MPRINT(EMADVISECOLUMNS):   attr = 'REPORT';
MPRINT(EMADVISECOLUMNS):   output;
MPRINT(EMADVISECOLUMNS):   end;
MPRINT(EMADVISECOLUMNS):   run;
MPRINT(EMADVISECOLUMNS):   proc sort NOTHREADS;
MPRINT(EMADVISECOLUMNS):   by attr;
MPRINT(EMADVISECOLUMNS):   run;
MPRINT(EMADVISECOLUMNS):    data WORK.M3EAK8FD;
MPRINT(EMADVISECOLUMNS):   length NAME $64 ROLE $ 32 LEVEL $ 10 ORDER $ 8 CREATOR $32 FORMATTYPE $ 10 FAMILY $ 10 LOWERLIMIT 8 UPPERLIMIT 8 REPORT $1 DISTRIBUTION $ 20 COMMENT $64;
MPRINT(EMADVISECOLUMNS):   length levelAssigned 8 roleAssigned 8 PRICE 8;
MPRINT(EMADVISECOLUMNS):   set WORK.M3EAK8FD;
MPRINT(EMADVISECOLUMNS):   if formattype = ' ' then do;
MPRINT(EMADVISECOLUMNS):   if format ne ' ' then do;
MPRINT(EMADVISECOLUMNS):   if type = 'N' then do;
MPRINT(EMADVISECOLUMNS):   pos = indexc(format,'.1234567890');
MPRINT(EMADVISECOLUMNS):   if pos > 1 then tempfmt = substr(format,1, pos-1);
MPRINT(EMADVISECOLUMNS):   else tempfmt = ' ';
MPRINT(EMADVISECOLUMNS):   flen = length(tempfmt);
MPRINT(EMADVISECOLUMNS):   select;
MPRINT(EMADVISECOLUMNS):   when(tempfmt in ("DATE" "DAY" "DDMMYY" "DOWNAME" "JULDAY" "JULIAN" "MMDDYY" "MMDDYYD" "MMDDYYC" "MMDDYYN" "MMDDYYP" "MMDDYYS" "MONNAME" "MONTH" "MONYY" "NENGO" "QTR" "QTRR" "WEEKDATE" "WEEKDATX" "WEEKDAY" "WORDDATE" "WORDDATX" 
"YEAR" "YYMMDD" "YYMON" "YYMMDDC" "YYMMDDD" "YYMMDDN" "YYMMDDP" "YYMMDDS" "EURDFDE" "NJDATE" "NLDATE" "EURDFDD" "EURDFDWN" "EURDFMN" "EURDFMY" "EURDFWK" "EURDFWKX" "EURDFWDX" "EURDFDN" "EURDFDE" )) formattype = 'DATE';
MPRINT(EMADVISECOLUMNS):   when(tempfmt in ("DATETIME" "EURDFDT" "TOD" )) formattype = "DATETIME";
MPRINT(EMADVISECOLUMNS):   when(tempfmt in ("HHMM" "HOUR" "MMSS" "TIME" "TIMEAMPM" )) formattype = "TIME";
MPRINT(EMADVISECOLUMNS):   when(tempfmt in ("COMMA" "COMMAX" "DOLLAR" "DOLLARX" "E" "FRACT" "NEGPAREN" "PERCENT")) formattype="QUANTITY";
MPRINT(EMADVISECOLUMNS):   when(tempfmt in ("BINARY" "HEX" "IB" "OCTAL" "PD" "PIB" "PK" "RB" "SSN" "Z" "ZD")) formattype = "CODING";
MPRINT(EMADVISECOLUMNS):   otherwise do;
MPRINT(EMADVISECOLUMNS):   formattype = "USER";
MPRINT(EMADVISECOLUMNS):   if compress(tempfmt, '0123456789.', '') = '' then formattype='NUM';
MPRINT(EMADVISECOLUMNS):   else if substr(tempfmt, 1, 6)='NLDATE' then formattype = "DATE";
MPRINT(EMADVISECOLUMNS):   else if substr(tempfmt, 1, 6)='NLDATM' then formattype = "DATETIME";
MPRINT(EMADVISECOLUMNS):   else if substr(tempfmt, 1, 4)='NLTIM' then formattype = "TIME";
MPRINT(EMADVISECOLUMNS):   else if flen >= 4 then do;
MPRINT(EMADVISECOLUMNS):   str = substr(tempfmt,1,4);
MPRINT(EMADVISECOLUMNS):   if str in ("MMYY" "YYMM" "YYQR") then formattype ="DATE";
MPRINT(EMADVISECOLUMNS):   else if str = "S370" then formattype = "CODING";
MPRINT(EMADVISECOLUMNS):   else if str = "BEST" then formattype = "NUM";
MPRINT(EMADVISECOLUMNS):   drop str;
MPRINT(EMADVISECOLUMNS):   end;
MPRINT(EMADVISECOLUMNS):   else if flen >=3 and substr(tempfmt,1,3) = "YYQ" then formatType = "DATE";
MPRINT(EMADVISECOLUMNS):   end;
MPRINT(EMADVISECOLUMNS):   end;
MPRINT(EMADVISECOLUMNS):   drop flen tempfmt pos;
MPRINT(EMADVISECOLUMNS):   end;
MPRINT(EMADVISECOLUMNS):   else do;
MPRINT(EMADVISECOLUMNS):   formatType = "CATEGORY";
MPRINT(EMADVISECOLUMNS):   end;
MPRINT(EMADVISECOLUMNS):   end;
MPRINT(EMADVISECOLUMNS):   if formatType = "NUM" then do;
MPRINT(EMADVISECOLUMNS):   if index = "Y" then formatType = "DISCRETE";
MPRINT(EMADVISECOLUMNS):   else formatType = "QUANTITY";
MPRINT(EMADVISECOLUMNS):   end;
MPRINT(EMADVISECOLUMNS):   end;
MPRINT(EMADVISECOLUMNS):   if level = ' ' then do;
MPRINT(EMADVISECOLUMNS):   if formatType in ("CATEGORY", "CODING", "ID") or type = "C" then level = "NOMINAL";
MPRINT(EMADVISECOLUMNS):   else level = "INTERVAL";
MPRINT(EMADVISECOLUMNS):   levelAssigned = 1;
MPRINT(EMADVISECOLUMNS):   end;
MPRINT(EMADVISECOLUMNS):   else level = upcase(level);
MPRINT(EMADVISECOLUMNS):   if role = ' ' then do;
MPRINT(EMADVISECOLUMNS):   length name_prefix $8 _uname $64;
MPRINT(EMADVISECOLUMNS):   drop name_prefix _uname _freqflag;
MPRINT(EMADVISECOLUMNS):   retain _freqflag;
MPRINT(EMADVISECOLUMNS):   if LENGTH> 80 then ROLE = 'TEXT';
MPRINT(EMADVISECOLUMNS):   _uname = upcase(NAME);
MPRINT(EMADVISECOLUMNS):   select(_uname);
MPRINT(EMADVISECOLUMNS):   when('_PARTIND_') do;
MPRINT(EMADVISECOLUMNS):   ROLE = 'ID';
MPRINT(EMADVISECOLUMNS):   LEVEL = 'NOMINAL';
MPRINT(EMADVISECOLUMNS):   end;
MPRINT(EMADVISECOLUMNS):   when('_WARN_') ROLE = 'ASSESS';
MPRINT(EMADVISECOLUMNS):   when('EM_SEGMENT') do;
MPRINT(EMADVISECOLUMNS):   ROLE = 'SEGMENT';
MPRINT(EMADVISECOLUMNS):   LEVEL = 'NOMINAL';
MPRINT(EMADVISECOLUMNS):   end;
MPRINT(EMADVISECOLUMNS):   when('_NODE_') do;
MPRINT(EMADVISECOLUMNS):   ROLE = 'SEGMENT';
MPRINT(EMADVISECOLUMNS):   LEVEL = 'NOMINAL';
MPRINT(EMADVISECOLUMNS):   end;
MPRINT(EMADVISECOLUMNS):   when('EM_CLASSTARGET') ROLE = 'ASSESS';
MPRINT(EMADVISECOLUMNS):   when('EM_VALUETARGET') ROLE = 'ASSESS';
MPRINT(EMADVISECOLUMNS):   when('EM_PREDICTION') ROLE = 'PREDICT';
MPRINT(EMADVISECOLUMNS):   when('EM_PROBABILITY') ROLE = 'PREDICT';
MPRINT(EMADVISECOLUMNS):   when('EM_EVENTPROBABILITY') ROLE = 'PREDICT';
MPRINT(EMADVISECOLUMNS):   when('EM_CLASSIFICATION') ROLE = 'CLASSIFICATION';
MPRINT(EMADVISECOLUMNS):   when('EM_DECISION') ROLE = 'DECISION';
MPRINT(EMADVISECOLUMNS):   when('EM_PROFIT') ROLE = 'ASSESS';
MPRINT(EMADVISECOLUMNS):   when('EM_LOSS') ROLE = 'ASSESS';
MPRINT(EMADVISECOLUMNS):   when('EM_ROI') ROLE = 'ASSESS';
MPRINT(EMADVISECOLUMNS):   when('URI') ROLE = 'URL';
MPRINT(EMADVISECOLUMNS):   when('FILTERED') ROLE = 'TEXTLOC';
MPRINT(EMADVISECOLUMNS):   otherwise do;
MPRINT(EMADVISECOLUMNS):   if upcase(NAME) =: 'ZIP' then do;
MPRINT(EMADVISECOLUMNS):   ROLE = 'REJECTED';
MPRINT(EMADVISECOLUMNS):   LEVEL = 'NOMINAL';
MPRINT(EMADVISECOLUMNS):   COMMENT = 'Rejected by: Exceed the maximum class level of %s';
MPRINT(EMADVISECOLUMNS):   end;
MPRINT(EMADVISECOLUMNS):   else if upcase(NAME) in('FREQ', 'FREQUENCY') then do;
MPRINT(EMADVISECOLUMNS):   ROLE = 'FREQ';
MPRINT(EMADVISECOLUMNS):   if TYPE = 'C' then ROLE = 'INPUT';
MPRINT(EMADVISECOLUMNS):   else if _freqflag =1 then ROLE='REJECTED';
MPRINT(EMADVISECOLUMNS):   end;
MPRINT(EMADVISECOLUMNS):   else do;
MPRINT(EMADVISECOLUMNS):   name_prefix = scan(_uname, 1, '_');
MPRINT(EMADVISECOLUMNS):   if scan(_uname, 2, '_') = '' then name_prefix='';
MPRINT(EMADVISECOLUMNS):   if name_prefix in('F', 'I', 'U') then do;
MPRINT(EMADVISECOLUMNS):   ROLE = 'CLASSIFICATION';
MPRINT(EMADVISECOLUMNS):   LEVEL = 'NOMINAL';
MPRINT(EMADVISECOLUMNS):   end;
MPRINT(EMADVISECOLUMNS):   else if name_prefix in('Q') then ROLE = 'ASSESS';
MPRINT(EMADVISECOLUMNS):   else if name_prefix in('P', 'V') then ROLE = 'PREDICT';
MPRINT(EMADVISECOLUMNS):   else if name_prefix in('R', 'RS', 'RT', 'RD', 'RDS', 'RDT', 'RA', 'RAS', 'RAT') then ROLE = 'RESIDUAL';
MPRINT(EMADVISECOLUMNS):   else if name_prefix ='D' then do;
MPRINT(EMADVISECOLUMNS):   ROLE = 'DECISION';
MPRINT(EMADVISECOLUMNS):   LEVEL = 'NOMINAL';
MPRINT(EMADVISECOLUMNS):   end;
MPRINT(EMADVISECOLUMNS):   else if name_prefix ='B' then do;
MPRINT(EMADVISECOLUMNS):   ROLE = 'SEGMENT';
MPRINT(EMADVISECOLUMNS):   LEVEL = 'NOMINAL';
MPRINT(EMADVISECOLUMNS):   end;
MPRINT(EMADVISECOLUMNS):   else if name_prefix in('EP', 'BP', 'CP', 'EL', 'CL', 'BL', 'W', 'ROI', 'IC') then ROLE = 'ASSESS';
MPRINT(EMADVISECOLUMNS):   else do;
MPRINT(EMADVISECOLUMNS):   array _ROLE_ (19) $32 _TEMPORARY_ ('ASSESS','CLASSIFICATION','CENSOR', 'COST', 'CROSSID', 'DECISION', 'ID','INPUT', 'LABEL', 'MISSING','PREDICT','REFERRER','REJECTED', 'RESIDUAL','SEGMENT', 'SEQUENCE','TARGET', 'TEXT', 'TIMEID');
MPRINT(EMADVISECOLUMNS):   drop _found_ i;
MPRINT(EMADVISECOLUMNS):   _found_=0;
MPRINT(EMADVISECOLUMNS):   do i=1 to 19 until(_found_=1);
MPRINT(EMADVISECOLUMNS):   if index(_uname, trim(_ROLE_{i}))=1 then do;
MPRINT(EMADVISECOLUMNS):   ROLE=_ROLE_{i};
MPRINT(EMADVISECOLUMNS):   if ROLE = 'ID' then LEVEL = 'NOMINAL';
MPRINT(EMADVISECOLUMNS):   else if ROLE = 'SEGMENT' then LEVEL = 'NOMINAL';
MPRINT(EMADVISECOLUMNS):   else if ROLE = 'TIMEID' and TYPE='N' then LEVEL = 'INTERVAL';
MPRINT(EMADVISECOLUMNS):   _found_=1;
MPRINT(EMADVISECOLUMNS):   end;
MPRINT(EMADVISECOLUMNS):   end;
MPRINT(EMADVISECOLUMNS):   if length(_uname)>2 then do;
MPRINT(EMADVISECOLUMNS):   if substr(reverse(trim(_uname)), 1, 3) = 'DI_' then do;
MPRINT(EMADVISECOLUMNS):   ROLE = 'ID';
MPRINT(EMADVISECOLUMNS):   LEVEL = 'NOMINAL';
MPRINT(EMADVISECOLUMNS):   end;
MPRINT(EMADVISECOLUMNS):   end;
MPRINT(EMADVISECOLUMNS):   end;
MPRINT(EMADVISECOLUMNS):   end;
MPRINT(EMADVISECOLUMNS):   end;
MPRINT(EMADVISECOLUMNS):   end;
MPRINT(EMADVISECOLUMNS):   if ROLE='FREQ' then _freqflag=1;
MPRINT(EMADVISECOLUMNS):   else if ROLE = 'CLASSIFICATION' then LEVEL = 'NOMINAL';
MPRINT(EMADVISECOLUMNS):   if symexist('RATEMKG_ROLE') then do;
MPRINT(EMADVISECOLUMNS):   if upcase(symget('RATEMKG_ROLE')) in('Y', 'YES') then do;
MPRINT(EMADVISECOLUMNS):   if _uname =: 'POLICY' then ROLE = 'POLICYID';
MPRINT(EMADVISECOLUMNS):   else if _uname in ('PARTITION', '_PARTIND_') then ROLE = 'PARTITION';
MPRINT(EMADVISECOLUMNS):   else if type = 'N' then do;
MPRINT(EMADVISECOLUMNS):   if _uname = 'EXPOSURE' then ROLE = 'EXPOSURE';
MPRINT(EMADVISECOLUMNS):   else if _uname = 'YEAR' then ROLE = 'YEAR';
MPRINT(EMADVISECOLUMNS):   else if _uname = 'WEIGHT' then ROLE = 'WEIGHT';
MPRINT(EMADVISECOLUMNS):   else if _uname = 'OFFSET' then ROLE = 'OFFSET';
MPRINT(EMADVISECOLUMNS):   end;
MPRINT(EMADVISECOLUMNS):   end;
MPRINT(EMADVISECOLUMNS):   end;
MPRINT(EMADVISECOLUMNS):   end;
MPRINT(EMADVISECOLUMNS):   if role = ' ' then do;
MPRINT(EMADVISECOLUMNS):   if formattype in('DATE', 'DATETIME', 'TIME') then role = 'TIMEID';
MPRINT(EMADVISECOLUMNS):   else role = 'INPUT';
MPRINT(EMADVISECOLUMNS):   roleAssigned = 1;
MPRINT(EMADVISECOLUMNS):   end;
MPRINT(EMADVISECOLUMNS):   else role = upcase(role);
MPRINT(EMADVISECOLUMNS):   if REPORT = '' then REPORT = 'N';
MPRINT(EMADVISECOLUMNS):   if symexist('dmwb_product') then do;
MPRINT(EMADVISECOLUMNS):   if upcase(symget('dmwb_product')) = 'FACTORYMINER_DATASOURCE' then do;
MPRINT(EMADVISECOLUMNS):   if ROLE ^in('INPUT', 'TARGET', 'REJECTED', 'SEGMENT', 'FREQ', 'ID', 'KEY') then ROLE='REJECTED';
MPRINT(EMADVISECOLUMNS):   end;
MPRINT(EMADVISECOLUMNS):   end;
MPRINT(EMADVISECOLUMNS):   run;
MPRINT(EMADVISECOLUMNS):    data WORK.M3EAK8FD;
MPRINT(EMADVISECOLUMNS):   set WORK.M3EAK8FD;
MPRINT(EMADVISECOLUMNS):   label NAME = "Variable Name" TYPE = "Type" ROLE = "Role" LEVEL= "Measurement Level" ORDER= "Order" CREATOR= "Creator" FORMATTYPE= "Format Type" FAMILY= "Family" DISTRIBUTION= "Distribution" PRICE= "Price" LOWERLIMIT= "Lower 
limit" UPPERLIMIT= "Upper Limit" REPORT= "Report" COMMENT= "Comment" INDEX= "Index" INDEXTYPE= "IndexType" LABEL= "Label" LENGTH= "Length";
MPRINT(EMADVISECOLUMNS):   drop levelAssigned roleAssigned;
MPRINT(EMADVISECOLUMNS):   run;
MPRINT(EMADVISECOLUMNS):   
MPRINT(EM_DIAGRAM):  ;
MPRINT(EM_DIAGRAM):   proc sort data=WORK.COLUMNMETA;
MPRINT(EM_DIAGRAM):   by NAME;
MPRINT(EM_DIAGRAM):   run;
MPRINT(EM_DIAGRAM):   *------------------------------------------------------------*;
MPRINT(EM_DIAGRAM):   * &nodeid: Merge incoming metadata;
MPRINT(EM_DIAGRAM):   *------------------------------------------------------------*;
MPRINT(EM_DIAGRAM):   proc contents data=EMWS1.Trans_TRAIN noprint out=_temp2(keep=NAME);
MPRINT(EM_DIAGRAM):   run;
MPRINT(EM_DIAGRAM):   proc sort data=_temp2;
MPRINT(EM_DIAGRAM):   by NAME;
MPRINT(EM_DIAGRAM):   run;
MPRINT(EM_DIAGRAM):   proc sort data=EMWS1.Trans_CMeta_TRAIN out=_temp;
MPRINT(EM_DIAGRAM):   by NAME;
MPRINT(EM_DIAGRAM):   run;
MPRINT(EM_DIAGRAM):   data EMWS1.Reg_CMeta_TRAIN;
MPRINT(EM_DIAGRAM):   merge WORK.COLUMNMETA(in=_a) _temp2(in=_b) _temp(drop=FORMAT INFORMAT LENGTH INDEX INDEXTYPE in=_c) end=_eof_;
MPRINT(EM_DIAGRAM):   by NAME;
MPRINT(EM_DIAGRAM):   if (^_a and _b) or (^_c and _a and _b) then delete;
MPRINT(EM_DIAGRAM):   if ^_b then CREATOR = "Reg";
MPRINT(EM_DIAGRAM):   length model $200;
MPRINT(EM_DIAGRAM):   label MODEL = "Model Node";
MPRINT(EM_DIAGRAM):   select(upcase(name));
MPRINT(EM_DIAGRAM):   when("P_SUM_LABOR_FORCE_POP") creator = "Reg";
MPRINT(EM_DIAGRAM):   when("R_SUM_LABOR_FORCE_POP") creator = "Reg";
MPRINT(EM_DIAGRAM):   when("_WARN_") creator = "Reg";
MPRINT(EM_DIAGRAM):   when("SUM_LABOR_FORCE_POP") model = "Reg";
MPRINT(EM_DIAGRAM):   when('');
MPRINT(EM_DIAGRAM):   otherwise;
MPRINT(EM_DIAGRAM):   end;
MPRINT(EM_DIAGRAM):   *------------------------------------------------------------*;
MPRINT(EM_DIAGRAM):   * Reg: Apply Delta Code;
MPRINT(EM_DIAGRAM):   *------------------------------------------------------------*;
MPRINT(EM_DIAGRAM):   run;
MPRINT(EM_DIAGRAM):   filename _delta;
66903      data WORK.MODELTEMP_INFO;
MPRINT(EM_DIAGRAM):    data WORK.MODELTEMP_INFO;
66904      set EMWS1.Reg_EMINFO;
MPRINT(EM_DIAGRAM):   set EMWS1.Reg_EMINFO;
66905      where DATA='Reg' and KEY ^in('DECDATA', 'DECMETA', 'IMPORTANCE', 'MODEL');
MPRINT(EM_DIAGRAM):   where DATA='Reg' and KEY ^in('DECDATA', 'DECMETA', 'IMPORTANCE', 'MODEL');
66906      run;
MPRINT(EM_DIAGRAM):   run;

NOTE: There were 0 observations read from the data set EMWS1.REG_EMINFO.
      WHERE (DATA='Reg') and KEY not in ('DECDATA', 'DECMETA', 'IMPORTANCE', 'MODEL');
NOTE: The data set WORK.MODELTEMP_INFO has 0 observations and 3 variables.
NOTE: DATA statement used (Total process time):
      real time           0.00 seconds
      cpu time            0.00 seconds
      

66907      data EMWS1.Reg_EMINFO;
MPRINT(EM_DIAGRAM):    data EMWS1.Reg_EMINFO;
66908      length TARGET KEY $32 DATA $43;
MPRINT(EM_DIAGRAM):   length TARGET KEY $32 DATA $43;
66909      input TARGET KEY DATA $;
MPRINT(EM_DIAGRAM):   input TARGET KEY DATA $;
66910      cards;
MPRINT(EM_DIAGRAM):   cards;

NOTE: The data set EMWS1.REG_EMINFO has 3 observations and 3 variables.
NOTE: DATA statement used (Total process time):
      real time           0.00 seconds
      cpu time            0.00 seconds
      

MPRINT(EM_DIAGRAM):   run;
66914      run;
66915      data EMWS1.Reg_EMINFO;
MPRINT(EM_DIAGRAM):   data EMWS1.Reg_EMINFO;
66916      set EMWS1.Reg_EMINFO WORK.MODELTEMP_INFO;
MPRINT(EM_DIAGRAM):   set EMWS1.Reg_EMINFO WORK.MODELTEMP_INFO;
66917      run;
MPRINT(EM_DIAGRAM):   run;

NOTE: There were 3 observations read from the data set EMWS1.REG_EMINFO.
NOTE: There were 0 observations read from the data set WORK.MODELTEMP_INFO.
NOTE: The data set EMWS1.REG_EMINFO has 3 observations and 3 variables.
NOTE: DATA statement used (Total process time):
      real time           0.01 seconds
      cpu time            0.00 seconds
      

66918      proc sort data = EMWS1.Reg_EMINFO NOTHREADS;
MPRINT(EM_DIAGRAM):    proc sort data = EMWS1.Reg_EMINFO NOTHREADS;
66919      by TARGET KEY;
MPRINT(EM_DIAGRAM):   by TARGET KEY;
66920      run;
MPRINT(EM_DIAGRAM):   run;

NOTE: There were 3 observations read from the data set EMWS1.REG_EMINFO.
NOTE: The data set EMWS1.REG_EMINFO has 3 observations and 3 variables.
NOTE: PROCEDURE SORT used (Total process time):
      real time           0.00 seconds
      cpu time            0.00 seconds
      

66921      proc sort data = EMWS1.Ids_EMINFO OUT=WORK.SORTEDEMINFO NOTHREADS;
MPRINT(EM_DIAGRAM):    proc sort data = EMWS1.Ids_EMINFO OUT=WORK.SORTEDEMINFO NOTHREADS;
66922      by TARGET KEY;
MPRINT(EM_DIAGRAM):   by TARGET KEY;
66923      run;
MPRINT(EM_DIAGRAM):   run;

NOTE: There were 3 observations read from the data set EMWS1.IDS_EMINFO.
NOTE: The data set WORK.SORTEDEMINFO has 3 observations and 3 variables.
NOTE: PROCEDURE SORT used (Total process time):
      real time           0.00 seconds
      cpu time            0.01 seconds
      

66924      proc sort data = EMWS1.Reg_EMINFO OUT=WORK.TEMP_INFO NOTHREADS;
MPRINT(EM_DIAGRAM):   proc sort data = EMWS1.Reg_EMINFO OUT=WORK.TEMP_INFO NOTHREADS;
66925      by TARGET KEY;
MPRINT(EM_DIAGRAM):   by TARGET KEY;
66926      run;
MPRINT(EM_DIAGRAM):   run;

NOTE: Input data set is already sorted; it has been copied to the output data set.
NOTE: There were 3 observations read from the data set EMWS1.REG_EMINFO.
NOTE: The data set WORK.TEMP_INFO has 3 observations and 3 variables.
NOTE: PROCEDURE SORT used (Total process time):
      real time           0.00 seconds
      cpu time            0.01 seconds
      

66927      data EMWS1.Reg_EMINFO;
MPRINT(EM_DIAGRAM):   data EMWS1.Reg_EMINFO;
66928      merge WORK.SORTEDEMINFO WORK.TEMP_INFO;
MPRINT(EM_DIAGRAM):   merge WORK.SORTEDEMINFO WORK.TEMP_INFO;
66929      by TARGET KEY;
MPRINT(EM_DIAGRAM):   by TARGET KEY;
66930      run;
MPRINT(EM_DIAGRAM):   run;

NOTE: There were 3 observations read from the data set WORK.SORTEDEMINFO.
NOTE: There were 3 observations read from the data set WORK.TEMP_INFO.
NOTE: The data set EMWS1.REG_EMINFO has 4 observations and 3 variables.
NOTE: DATA statement used (Total process time):
      real time           0.01 seconds
      cpu time            0.00 seconds
      

66931      proc datasets lib=work nolist;
MPRINT(EM_DIAGRAM):   proc datasets lib=work nolist;
66932      delete TEMP_INFO SORTEDEMINFO;
MPRINT(EM_DIAGRAM):   delete TEMP_INFO SORTEDEMINFO;
66933      run;
MPRINT(EM_DIAGRAM):   run;

NOTE: Deleting WORK.TEMP_INFO (memtype=DATA).
NOTE: Deleting WORK.SORTEDEMINFO (memtype=DATA).
66934      quit;
MPRINT(EM_DIAGRAM):   quit;

NOTE: PROCEDURE DATASETS used (Total process time):
      real time           0.01 seconds
      cpu time            0.01 seconds
      

NOTE: View EMWS1.REG_TRAIN.VIEW used (Total process time):
      real time           0.05 seconds
      cpu time            0.06 seconds
      
NOTE: View EMWS1.REG_VALIDATE.VIEW used (Total process time):
      real time           0.05 seconds
      cpu time            0.04 seconds
      
MPRINT(EM_DIAGRAM):    proc printto;
MPRINT(EM_DIAGRAM):   run;
