 
                                                                                                                                                                                                                                                                
 
 
Variable Summary

          Measurement    Frequency
 Role        Level         Count

INPUT      NOMINAL           3    
TARGET     INTERVAL          1    
 
                                                                                                                                                                                                                                                                
 
 
Predicted and decision variables

Type               Variable                       Label

TARGET       Sum_Labor_Force_Pop                                    
PREDICTED    P_Sum_Labor_Force_Pop    Predicted: Sum_Labor_Force_Pop
RESIDUAL     R_Sum_Labor_Force_Pop    Residual: Sum_Labor_Force_Pop 
 
                                                                                                                                                                                                                                                                
 
 

The DMREG Procedure

                Model Information

Training Data Set             WORK.EM_DMREG.VIEW 
DMDB Catalog                  WORK.REG_DMDB      
Target Variable               Sum_Labor_Force_Pop
Target Measurement Level      Interval           
Error                         Normal             
Link Function                 Identity           
Number of Model Parameters    19                 
Number of Observations        588                




Stepwise Selection Procedure


Step 0: Intercept entered.


                             Analysis of Variance
 
                                   Sum of
Source                 DF         Squares     Mean Square    F Value    Pr > F

Model                   0               0               .        .       .    
Error                 587    2.4453975E16    4.1659243E13                     
Corrected Total       587    2.4453975E16                                     


              Model Fit Statistics

R-Square        0.0000     Adj R-Sq        0.0000
AIC         18440.9992     BIC         18441.3808
SBC         18445.3760     C(p)          662.8993




                                 Analysis of Maximum Likelihood Estimates
 
                                                                            Standard
Parameter                                                 DF    Estimate       Error    t Value    Pr > |t|

Intercept                                                  1     6872728      266175      25.82      <.0001


Step 1: Effect Age_group entered.


                             Analysis of Variance
 
                                   Sum of
Source                 DF         Squares     Mean Square    F Value    Pr > F

Model                   3    1.3128845E16    4.3762818E15     225.67    <.0001
Error                 584     1.132513E16    1.9392346E13                     
Corrected Total       587    2.4453975E16                                     


              Model Fit Statistics

R-Square        0.5369     Adj R-Sq        0.5345
AIC         17994.3753     BIC         17996.5076
SBC         18011.8822     C(p)           -1.6095


                      Type 3 Analysis of Effects
 
                                           Sum of
Effect                           DF       Squares    F Value    Pr > F

Age_group                         3    1.31288E16     225.67    <.0001


                                 Analysis of Maximum Likelihood Estimates
 
                                                                            Standard
Parameter                                                 DF    Estimate       Error    t Value    Pr > |t|

Intercept                                                  1     6841936      181832      37.63      <.0001
Age_group                   16 to 24                       1    -3145299      323861      -9.71      <.0001
Age_group                   25 to 44                       1     6109326      313269      19.50      <.0001
Age_group                   45 to 64                       1     2777038      312576       8.88      <.0001


NOTE: No (additional) effects met the 0.05 significance level for entry into the model.


                Summary of Stepwise Selection
 
             Effect              Number
    Step    Entered        DF        In    F Value    Pr > F

       1    Age_group       3         1     225.67    <.0001


The selected model is the model trained in the last step (Step 1). It consists of the following effects:

Intercept  Age_group  


                             Analysis of Variance
 
                                   Sum of
Source                 DF         Squares     Mean Square    F Value    Pr > F

Model                   3    1.3128845E16    4.3762818E15     225.67    <.0001
Error                 584     1.132513E16    1.9392346E13                     
Corrected Total       587    2.4453975E16                                     


              Model Fit Statistics

R-Square        0.5369     Adj R-Sq        0.5345
AIC         17994.3753     BIC         17996.5076
SBC         18011.8822     C(p)           -1.6095


                      Type 3 Analysis of Effects
 
                                           Sum of
Effect                           DF       Squares    F Value    Pr > F

Age_group                         3    1.31288E16     225.67    <.0001


                                 Analysis of Maximum Likelihood Estimates
 
                                                                            Standard
Parameter                                                 DF    Estimate       Error    t Value    Pr > |t|

Intercept                                                  1     6841936      181832      37.63      <.0001
Age_group                   16 to 24                       1    -3145299      323861      -9.71      <.0001
Age_group                   25 to 44                       1     6109326      313269      19.50      <.0001
Age_group                   45 to 64                       1     2777038      312576       8.88      <.0001
