 
                                                                                                                                                                                                                                                                
 
 
Variable Summary

          Measurement    Frequency
 Role        Level         Count

INPUT      NOMINAL           3    
TARGET     INTERVAL          2    
 
                                                                                                                                                                                                                                                                
 
Class Variable Summary Statistics
(maximum 500 observations printed)

Data Role=TRAIN

                               Number
Data     Variable                of                                  Mode                     Mode2
Role     Name         Role     Levels    Missing    Mode          Percentage    Mode2       Percentage

TRAIN    Age_group    INPUT       4         0       16 to 24        25.00       25 to 44      25.00   
TRAIN    Date         INPUT      14         0       2000             7.14       2001           7.14   
TRAIN    Gender       INPUT       3         0       both sexes      33.33       female        33.33   
 
                                                                                                                                                                                                                                                                
 
Interval Variable Summary Statistics
(maximum 500 observations printed)

Data Role=TRAIN

                                                 Standard          Non
       Variable             Role         Mean    Deviation     Missing     Missing     Minimum      Median     Maximum    Skewness    Kurtosis

Population_in_thousands    TARGET    39110.44    20289.67          840           0    14454.42     37989.2    84973.34    1.030576    0.182559
Sum_Labor_Force_Pop        TARGET     7035954     6526916          840           0      225000     5691000    25077000    1.314262    0.999667
