MPRINT(EM_DIAGRAM):    data _null_;
MPRINT(EM_DIAGRAM):   call symput('NLDATE', strip(put(date(), NLDATE.)));
MPRINT(EM_DIAGRAM):   call symput('NLTIME', strip(put(datetime(), NLTIME.)));
MPRINT(EM_DIAGRAM):   run;
MPRINT(EM_DIAGRAM):   data _null_;
MPRINT(EM_DIAGRAM):   nldate= sasmsg("sashelp.dmine", "log_date_note", 'N', "December 09, 2019" );
MPRINT(EM_DIAGRAM):   nltime= sasmsg("sashelp.dmine", "log_time_note", 'N', "17:23:01" );
MPRINT(EM_DIAGRAM):   put "*------------------------------------------------------------*";
MPRINT(EM_DIAGRAM):   put "* Training Log";
MPRINT(EM_DIAGRAM):   put nldate;
MPRINT(EM_DIAGRAM):   put nltime;
MPRINT(EM_DIAGRAM):   put "*------------------------------------------------------------*";
MPRINT(EM_DIAGRAM):   run;
*------------------------------------------------------------*
* Training Log
Date:                December 09, 2019
Time:                17:23:01
*------------------------------------------------------------*
MPRINT(EM_DIAGRAM):    filename O0SG51IJ "C:\Users\student\Desktop\AA 490\Final Project\AA490_Project\Base Model\Workspaces\EMWS2\Trans\EMTRAIN.out" encoding="UTF-8" NOBOM;
MPRINT(EM_DIAGRAM):   proc printto print=O0SG51IJ new;
MPRINT(EM_DIAGRAM):   run;
MPRINT(EM_DIAGRAM):    filename _LOG "C:\Users\student\Desktop\AA 490\Final Project\AA490_Project\Base Model\Workspaces\EMWS2\Trans\EMLOG.log" encoding="UTF-8" NOBOM;
MPRINT(EM_DIAGRAM):    data _null_;
MPRINT(EM_DIAGRAM):   call symput('NLDATE', strip(put(date(), NLDATE.)));
MPRINT(EM_DIAGRAM):   call symput('NLTIME', strip(put(datetime(), NLTIME.)));
MPRINT(EM_DIAGRAM):   run;
MPRINT(EM_DIAGRAM):   data _null_;
MPRINT(EM_DIAGRAM):   nldate= sasmsg("sashelp.dmine", "log_date_note", 'N', "December 09, 2019" );
MPRINT(EM_DIAGRAM):   nltime= sasmsg("sashelp.dmine", "log_time_note", 'N', "17:23:01" );
MPRINT(EM_DIAGRAM):   file _LOG;
MPRINT(EM_DIAGRAM):   put "*------------------------------------------------------------*";
MPRINT(EM_DIAGRAM):   put "User:                student";
MPRINT(EM_DIAGRAM):   put nldate;
MPRINT(EM_DIAGRAM):   put nltime;
MPRINT(EM_DIAGRAM):   put "Site:                70082322";
MPRINT(EM_DIAGRAM):   put "Platform:            X64_10PRO";
MPRINT(EM_DIAGRAM):   put "Maintenance Release: 9.04.01M4P110916";
MPRINT(EM_DIAGRAM):   put "EM Version:          14.2";
MPRINT(EM_DIAGRAM):   put "* ";
MPRINT(EM_DIAGRAM):   run;
MPRINT(EM_DIAGRAM):    filename _LOGIN "C:\Users\student\Desktop\AA 490\Final Project\AA490_Project\Base Model\Workspaces\EMWS2\Trans\EMTRAIN.log" encoding="UTF-8" NOBOM;
MPRINT(EM_COPYFILE):   data _null_;
MPRINT(EM_COPYFILE):   length line $20000;
MPRINT(EM_COPYFILE):   file _LOG MOD lrecl=20000;
MPRINT(EM_COPYFILE):   fid=fopen("_LOGIN",'i',20000,'v');
MPRINT(EM_COPYFILE):   if fid > 0 then do;
MPRINT(EM_COPYFILE):   do while(^fread(fid));
MPRINT(EM_COPYFILE):   rlen = frlen(fid);
MPRINT(EM_COPYFILE):   rc= fget(fid,line,20000);
MPRINT(EM_COPYFILE):   start = length(line)-length(left(line))+1;
MPRINT(EM_COPYFILE):   line=strip(line);
MPRINT(EM_COPYFILE):   put @start line;
MPRINT(EM_COPYFILE):   end;
MPRINT(EM_COPYFILE):   if fid > 0 then rc=fclose(fid);
MPRINT(EM_COPYFILE):   end;
MPRINT(EM_COPYFILE):   run;
MPRINT(EM_DIAGRAM):  ;
MPRINT(EM_DIAGRAM):   filename _LOGIN;
MPRINT(EM_DIAGRAM):    data _null_;
MPRINT(EM_DIAGRAM):   file _LOG mod;
MPRINT(EM_DIAGRAM):   put _page_;
MPRINT(EM_DIAGRAM):   run;
MPRINT(EM_DIAGRAM):   filename _LOGIN "C:\Users\student\Desktop\AA 490\Final Project\AA490_Project\Base Model\Workspaces\EMWS2\Trans\EMSCORE.log" encoding="UTF-8" NOBOM;
MPRINT(EM_DIAGRAM):  ;
MPRINT(EM_DIAGRAM):   data _null_;
MPRINT(EM_DIAGRAM):   file _LOG mod;
MPRINT(EM_DIAGRAM):   put _page_;
MPRINT(EM_DIAGRAM):   run;
MPRINT(EM_DIAGRAM):    filename _LOGIN "C:\Users\student\Desktop\AA 490\Final Project\AA490_Project\Base Model\Workspaces\EMWS2\Trans\EMREPORT.log" encoding="UTF-8" NOBOM;
MPRINT(EM_DIAGRAM):  ;
MPRINT(EM_DIAGRAM):   filename _LOGIN;
MPRINT(EM_DIAGRAM):    filename _LOG;
MPRINT(EM_DIAGRAM):    filename _OUT "C:\Users\student\Desktop\AA 490\Final Project\AA490_Project\Base Model\Workspaces\EMWS2\Trans\EMOUTPUT.out" encoding="UTF-8" NOBOM;
MPRINT(EM_DIAGRAM):    data _null_;
MPRINT(EM_DIAGRAM):   call symput('NLDATE', strip(put(date(), NLDATE.)));
MPRINT(EM_DIAGRAM):   call symput('NLTIME', strip(put(datetime(), NLTIME.)));
MPRINT(EM_DIAGRAM):   run;
MPRINT(EM_DIAGRAM):   data _null_;
MPRINT(EM_DIAGRAM):   nldate= sasmsg("sashelp.dmine", "log_date_note", 'N', "December 09, 2019" );
MPRINT(EM_DIAGRAM):   nltime= sasmsg("sashelp.dmine", "log_time_note", 'N', "17:23:01" );
MPRINT(EM_DIAGRAM):   file _OUT;
MPRINT(EM_DIAGRAM):   put "*------------------------------------------------------------*";
MPRINT(EM_DIAGRAM):   put "User:                student";
MPRINT(EM_DIAGRAM):   put nldate;
MPRINT(EM_DIAGRAM):   put nltime;
MPRINT(EM_DIAGRAM):   put "*------------------------------------------------------------*";
MPRINT(EM_DIAGRAM):   put "* Training Output";
MPRINT(EM_DIAGRAM):   put "*------------------------------------------------------------*";
MPRINT(EM_DIAGRAM):   run;
MPRINT(EM_DIAGRAM):    filename _OUTIN "C:\Users\student\Desktop\AA 490\Final Project\AA490_Project\Base Model\Workspaces\EMWS2\Trans\EMTRAIN.out" encoding="UTF-8" NOBOM;
MPRINT(EM_DIAGRAM):   ;
MPRINT(EM_COPYFILE):   data _null_;
MPRINT(EM_COPYFILE):   length line $20000;
MPRINT(EM_COPYFILE):   file _OUT MOD lrecl=20000;
MPRINT(EM_COPYFILE):   fid=fopen("_OUTIN",'i',20000,'v');
MPRINT(EM_COPYFILE):   if fid > 0 then do;
MPRINT(EM_COPYFILE):   do while(^fread(fid));
MPRINT(EM_COPYFILE):   rlen = frlen(fid);
MPRINT(EM_COPYFILE):   rc= fget(fid,line,20000);
MPRINT(EM_COPYFILE):   start = length(line)-length(left(line))+1;
MPRINT(EM_COPYFILE):   line=strip(line);
MPRINT(EM_COPYFILE):   put @start line;
MPRINT(EM_COPYFILE):   end;
MPRINT(EM_COPYFILE):   if fid > 0 then rc=fclose(fid);
MPRINT(EM_COPYFILE):   end;
MPRINT(EM_COPYFILE):   run;
MPRINT(EM_DIAGRAM):  ;
MPRINT(EM_DIAGRAM):   filename _OUTIN;
MPRINT(EM_DIAGRAM):    data _null_;
MPRINT(EM_DIAGRAM):   file _OUT mod;
MPRINT(EM_DIAGRAM):   put _page_;
MPRINT(EM_DIAGRAM):   put // "*------------------------------------------------------------*";
MPRINT(EM_DIAGRAM):   put "* Score Output";
MPRINT(EM_DIAGRAM):   put "*------------------------------------------------------------*";
MPRINT(EM_DIAGRAM):   run;
MPRINT(EM_DIAGRAM):    filename _OUTIN "C:\Users\student\Desktop\AA 490\Final Project\AA490_Project\Base Model\Workspaces\EMWS2\Trans\EMSCORE.out" encoding="UTF-8" NOBOM;
MPRINT(EM_DIAGRAM):  ;
MPRINT(EM_DIAGRAM):   filename _OUTIN;
MPRINT(EM_DIAGRAM):    data _null_;
MPRINT(EM_DIAGRAM):   file _OUT mod;
MPRINT(EM_DIAGRAM):   put _page_;
MPRINT(EM_DIAGRAM):   put // "*------------------------------------------------------------*";
MPRINT(EM_DIAGRAM):   put "* Report Output";
MPRINT(EM_DIAGRAM):   put "*------------------------------------------------------------*";
MPRINT(EM_DIAGRAM):   run;
MPRINT(EM_DIAGRAM):    filename _OUTIN "C:\Users\student\Desktop\AA 490\Final Project\AA490_Project\Base Model\Workspaces\EMWS2\Trans\EMREPORT.out" encoding="UTF-8" NOBOM;
MPRINT(EM_DIAGRAM):  ;
MPRINT(EM_DIAGRAM):   filename _OUTIN;
MPRINT(EM_DIAGRAM):    filename _OUT;
MPRINT(EM_DIAGRAM):    filename _emtool_ 'C:\Users\student\Desktop\AA 490\Final Project\AA490_Project\Base Model\Workspaces\EMWS2\Trans\EMRUNSTATUS.xml' encoding="UTF-8" NOBOM;
22355      proc freq data=EMWS2.Trans_VariableSet noprint;
MPRINT(EM_DIAGRAM):    proc freq data=EMWS2.Trans_VariableSet noprint;
22356      table ROLE*LEVEL/out=WORK.TransMETA;
MPRINT(EM_DIAGRAM):   table ROLE*LEVEL/out=WORK.TransMETA;
22357      run;
MPRINT(EM_DIAGRAM):   run;

NOTE: There were 5 observations read from the data set EMWS2.TRANS_VARIABLESET.
NOTE: The data set WORK.TRANSMETA has 3 observations and 4 variables.
NOTE: PROCEDURE FREQ used (Total process time):
      real time           0.02 seconds
      cpu time            0.00 seconds
      

22358      proc print data=WORK.TransMETA label noobs;
MPRINT(EM_DIAGRAM):   proc print data=WORK.TransMETA label noobs;
22359      var ROLE LEVEL COUNT;
MPRINT(EM_DIAGRAM):   var ROLE LEVEL COUNT;
22360      label ROLE = "%sysfunc(sasmsg(sashelp.dmine, meta_role_vlabel, NOQUOTE))" LEVEL = "%sysfunc(sasmsg(sashelp.dmine, meta_level_vlabel, NOQUOTE))" COUNT = "%sysfunc(sasmsg(sashelp.dmine, rpt_count_vlabel, NOQUOTE))";
MPRINT(EM_DIAGRAM):   label ROLE = "Role" LEVEL = "Measurement Level" COUNT = "Frequency Count";
22361      title9 ' ';
MPRINT(EM_DIAGRAM):   title9 ' ';
22362      title10 "%sysfunc(sasmsg(sashelp.dmine, rpt_varSummary_title  , NOQUOTE))";
MPRINT(EM_DIAGRAM):   title10 "Variable Summary";
MPRINT(EM_DIAGRAM):   run;
22363      run;

NOTE: There were 3 observations read from the data set WORK.TRANSMETA.
NOTE: The PROCEDURE PRINT printed page 1.
NOTE: PROCEDURE PRINT used (Total process time):
      real time           0.02 seconds
      cpu time            0.03 seconds
      

22364      title10;
MPRINT(EM_DIAGRAM):   title10;
22365      data WORK.M04K1KOO;
MPRINT(EM_DIAGRAM):    data WORK.M04K1KOO;
22366      set WORK.M04K1KOO;
MPRINT(EM_DIAGRAM):   set WORK.M04K1KOO;
22367      if (METHOD='NONE' and ROLE ne 'FREQ') or (role = 'REJECTED' and METHOD = 'DEFAULT') then delete;
MPRINT(EM_DIAGRAM):   if (METHOD='NONE' and ROLE ne 'FREQ') or (role = 'REJECTED' and METHOD = 'DEFAULT') then delete;
22368      run;
MPRINT(EM_DIAGRAM):   run;

NOTE: There were 5 observations read from the data set WORK.M04K1KOO.
NOTE: The data set WORK.M04K1KOO has 5 observations and 22 variables.
NOTE: DATA statement used (Total process time):
      real time           0.01 seconds
      cpu time            0.01 seconds
      

MPRINT(EM_DIAGRAM):   reset noprint;
MPRINT(EM_DIAGRAM):   select count(*) into :_tmpnobs from EMWS2.Impt_TRAIN;
NOTE: View EMWS2.IMPT_TRAIN.VIEW used (Total process time):
      real time           0.04 seconds
      cpu time            0.04 seconds
      
NOTE: There were 875 observations read from the data set EMWS2.PART_TRAIN.
MPRINT(EM_DIAGRAM):   quit;
22433      *------------------------------------------------------------*;
MPRINT(EM_DIAGRAM):     *------------------------------------------------------------*;
22434      * Trans: Computing Summary Statistics;
MPRINT(EM_DIAGRAM):   * Trans: Computing Summary Statistics;
22435      *------------------------------------------------------------*;
MPRINT(EM_DIAGRAM):   *------------------------------------------------------------*;
22436      data WORK.M3ESHMIR;
MPRINT(EM_DIAGRAM):   data WORK.M3ESHMIR;
22437      set WORK.M3ESHMIR;
MPRINT(EM_DIAGRAM):   set WORK.M3ESHMIR;
22438      if (role = 'REJECTED') then role = 'INPUT';
MPRINT(EM_DIAGRAM):   if (role = 'REJECTED') then role = 'INPUT';
22439      run;
MPRINT(EM_DIAGRAM):   run;

NOTE: There were 5 observations read from the data set WORK.M3ESHMIR.
NOTE: The data set WORK.M3ESHMIR has 5 observations and 22 variables.
NOTE: DATA statement used (Total process time):
      real time           0.00 seconds
      cpu time            0.00 seconds
      

22440      *------------------------------------------------------------* ;
MPRINT(EM_DIAGRAM):    *------------------------------------------------------------* ;
22441      * EM: DMDBClass Macro ;
MPRINT(EM_DIAGRAM):   * EM: DMDBClass Macro ;
22442      *------------------------------------------------------------* ;
MPRINT(EM_DIAGRAM):   *------------------------------------------------------------* ;
22443      %macro DMDBClass;
22444          Age_group(ASC) Disease(ASC) Gender(ASC)
22445      %mend DMDBClass;
22446      *------------------------------------------------------------* ;
MPRINT(EM_DIAGRAM):   *------------------------------------------------------------* ;
22447      * EM: DMDBVar Macro ;
MPRINT(EM_DIAGRAM):   * EM: DMDBVar Macro ;
22448      *------------------------------------------------------------* ;
MPRINT(EM_DIAGRAM):   *------------------------------------------------------------* ;
22449      %macro DMDBVar;
22450          Cases_in_1000s Population_in_thousands
22451      %mend DMDBVar;
22452      *------------------------------------------------------------*;
MPRINT(EM_DIAGRAM):   *------------------------------------------------------------*;
22453      * EM: Create DMDB;
MPRINT(EM_DIAGRAM):   * EM: Create DMDB;
22454      *------------------------------------------------------------*;
MPRINT(EM_DIAGRAM):   *------------------------------------------------------------*;
22455      proc dmdb batch data=EMWS2.Impt_TRAIN
22456      dmdbcat=WORK.EM_DMDB
22457      classout=WORK.Transclassout
22458      maxlevel = 513
22459      ;
MPRINT(EM_DIAGRAM):   proc dmdb batch data=EMWS2.Impt_TRAIN dmdbcat=WORK.EM_DMDB classout=WORK.Transclassout maxlevel = 513 ;
MPRINT(EM_DIAGRAM):   class
22460      class %DMDBClass;
MPRINT(DMDBCLASS):   Age_group(ASC) Disease(ASC) Gender(ASC)
MPRINT(EM_DIAGRAM):  ;
MPRINT(EM_DIAGRAM):   var
22461      var %DMDBVar;
MPRINT(DMDBVAR):   Cases_in_1000s Population_in_thousands
MPRINT(EM_DIAGRAM):  ;
22462      target
22463      Cases_in_1000s
22464      ;
MPRINT(EM_DIAGRAM):   target Cases_in_1000s ;
22465      run;
MPRINT(EM_DIAGRAM):   run;

NOTE: Records processed = 875   Memory used = 511K.
NOTE: View EMWS2.IMPT_TRAIN.VIEW used (Total process time):
      real time           0.04 seconds
      cpu time            0.03 seconds
      
NOTE: There were 875 observations read from the data set EMWS2.PART_TRAIN.
NOTE: There were 875 observations read from the data set EMWS2.IMPT_TRAIN.
NOTE: The data set WORK.TRANSCLASSOUT has 13 observations and 9 variables.
NOTE: PROCEDURE DMDB used (Total process time):
      real time           0.05 seconds
      cpu time            0.04 seconds
      

MPRINT(EM_DIAGRAM):   quit;
MPRINT(EM_DIAGRAM):   *--- end code ---*;
22466      quit;
22467      *--- end code ---*;

22468      data WORK.TransINTERVALMETA;
MPRINT(EM_DIAGRAM):    data WORK.TransINTERVALMETA;
22469      set WORK.M04K1KOO;
MPRINT(EM_DIAGRAM):   set WORK.M04K1KOO;
22470      if LEVEL ne 'INTERVAL' then delete;
MPRINT(EM_DIAGRAM):   if LEVEL ne 'INTERVAL' then delete;
22471      run;
MPRINT(EM_DIAGRAM):   run;

NOTE: There were 5 observations read from the data set WORK.M04K1KOO.
NOTE: The data set WORK.TRANSINTERVALMETA has 2 observations and 22 variables.
NOTE: DATA statement used (Total process time):
      real time           0.00 seconds
      cpu time            0.01 seconds
      

22472      *------------------------------------------------------------*;
MPRINT(EM_DIAGRAM):    *------------------------------------------------------------*;
22473      * Trans: Determining Variables to Scale;
MPRINT(EM_DIAGRAM):   * Trans: Determining Variables to Scale;
22474      *------------------------------------------------------------*;
MPRINT(EM_DIAGRAM):   *------------------------------------------------------------*;
22475      data WORK.M22JK191;
MPRINT(EM_DIAGRAM):   data WORK.M22JK191;
22476      set WORK.M22JK191;
MPRINT(EM_DIAGRAM):   set WORK.M22JK191;
22477      where (TYPE="N" and (METHOD in("MAX_NORM", "MAX_CORR", "EQUALIZE", "OP_MAX_NORM", "OP_EQUALIZE"))) or (ROLE eq "FREQ");
MPRINT(EM_DIAGRAM):   where (TYPE="N" and (METHOD in("MAX_NORM", "MAX_CORR", "EQUALIZE", "OP_MAX_NORM", "OP_EQUALIZE"))) or (ROLE eq "FREQ");
22478      run;
MPRINT(EM_DIAGRAM):   run;

NOTE: There were 0 observations read from the data set WORK.M22JK191.
      WHERE ((TYPE='N') and METHOD in ('EQUALIZE', 'MAX_CORR', 'MAX_NORM', 'OP_EQUALIZE', 'OP_MAX_NORM')) or (ROLE='FREQ');
NOTE: The data set WORK.M22JK191 has 0 observations and 22 variables.
NOTE: DATA statement used (Total process time):
      real time           0.00 seconds
      cpu time            0.00 seconds
      

*------------------------------------------------------------* 
*  Trans: Equalize transformation requires a class target variable.  Transformation will be ignored. 
*------------------------------------------------------------* 
*------------------------------------------------------------* 
*  Trans: Optimize equalize max. transformation requires a class target variable.  Transformation will be ignored. 
*------------------------------------------------------------* 
NOTE: View EMWS2.IMPT_TRAIN.VIEW used (Total process time):
      real time           0.28 seconds
      cpu time            0.21 seconds
      
NOTE: This SAS session is using a registry in WORK.  All changes will be lost at the end of this session.
*------------------------------------------------------------* 
*  Trans: Creating EMWS2.Trans_RESULT 
*------------------------------------------------------------* 
MPRINT(EM_DIAGRAM):      data EMWS2.Trans_RESULT;
MPRINT(EM_DIAGRAM):   length NAME NEWVAR $32 LEVEL $10 POWER 8 FORMULA $70 LABEL $44 TERM $200;
MPRINT(EM_DIAGRAM):   NAME = "Cases_in_1000s";
MPRINT(EM_DIAGRAM):   NEWVAR = "LG10_Cases_in_1000s";
MPRINT(EM_DIAGRAM):   POWER = .;
MPRINT(EM_DIAGRAM):   FORMULA = "log10(Cases_in_1000s  + 1)";
MPRINT(EM_DIAGRAM):   LABEL = 'Transformed Cases_in_1000s';
MPRINT(EM_DIAGRAM):   LEVEL = "INTERVAL";
MPRINT(EM_DIAGRAM):   TYPE = "N";
MPRINT(EM_DIAGRAM):   output;
MPRINT(EM_DIAGRAM):   NAME = "Population_in_thousands";
MPRINT(EM_DIAGRAM):   NEWVAR = "LG10_Population_in_thousands";
MPRINT(EM_DIAGRAM):   POWER = .;
MPRINT(EM_DIAGRAM):   FORMULA = "log10(Population_in_thousands  + 1)";
MPRINT(EM_DIAGRAM):   LABEL = 'Transformed Population_in_thousands';
MPRINT(EM_DIAGRAM):   LEVEL = "INTERVAL";
MPRINT(EM_DIAGRAM):   TYPE = "N";
MPRINT(EM_DIAGRAM):   output;
MPRINT(EM_DIAGRAM):   run;
MPRINT(EM_DIAGRAM):   proc sort data=EMWS2.Trans_RESULT NOTHREADS;
MPRINT(EM_DIAGRAM):   by NAME;
MPRINT(EM_DIAGRAM):   run;
MPRINT(EM_DIAGRAM):   proc sort data=WORK.M04K1KOO out=WORK._TRANSRESLT(RENAME=(LEVEL=INPUTLEVEL TYPE=INPUTTYPE) KEEP=NAME ROLE LEVEL TYPE) NOTHREADS;
MPRINT(EM_DIAGRAM):   by NAME;
MPRINT(EM_DIAGRAM):   run;
MPRINT(EM_DIAGRAM):   data EMWS2.Trans_RESULT(RENAME=(NAME=INPUTNAME NEWVAR=NAME));
MPRINT(EM_DIAGRAM):   merge EMWS2.Trans_RESULT(in=a) WORK._TRANSRESLT;
MPRINT(EM_DIAGRAM):   by NAME;
MPRINT(EM_DIAGRAM):   if a then output;
MPRINT(EM_DIAGRAM):   run;
WARNING: Multiple lengths were specified for the BY variable NAME by input data sets. This might cause unexpected results.
MPRINT(EM_DIAGRAM):   proc datasets library=EMWS2 nolist;
MPRINT(EM_DIAGRAM):   modify Trans_RESULT;
MPRINT(EM_DIAGRAM):   label INPUTNAME = "Input Name" NAME = "Output Name" POWER = "Power" FORMULA = "Formula" ROLE = "rpt_role_vlabel" INPUTLEVEL = "Input Level" LEVEL = "Output Level" INPUTTYPE = "Input Type" TYPE = "Output Type";
MPRINT(EM_DIAGRAM):   run;

NOTE: PROCEDURE DATASETS used (Total process time):
      real time           0.04 seconds
      cpu time            0.04 seconds
      

22517      data EMWS2.Trans_RESULT;
MPRINT(EM_DIAGRAM):   data EMWS2.Trans_RESULT;
22518      length NAME $32 FORMULA $70 POWER 8 ROLE $32 LEVEL $10 INPUTNAME $32 INPUTTYPE $1 LABEL $44;
MPRINT(EM_DIAGRAM):   length NAME $32 FORMULA $70 POWER 8 ROLE $32 LEVEL $10 INPUTNAME $32 INPUTTYPE $1 LABEL $44;
22519      label INPUTNAME ='Input Name' NAME='Name' POWER='Power' FORMULA='Formula' ROLE='Role' INPUTLEVEL='Input Level' LEVEL='Level' INPUTTYPE='Input Type' TYPE='Type';
MPRINT(EM_DIAGRAM):   label INPUTNAME = 'Input Name' NAME= 'Name' POWER= 'Power' FORMULA= 'Formula' ROLE= 'Role' INPUTLEVEL= 'Input Level' LEVEL= 'Level' INPUTTYPE= 'Input Type' TYPE= 'Type';
22520      set EMWS2.Trans_RESULT;
MPRINT(EM_DIAGRAM):   set EMWS2.Trans_RESULT;
22521      if INPUTNAME = '' then INPUTNAME = "Mixture of variables";
MPRINT(EM_DIAGRAM):   if INPUTNAME = '' then INPUTNAME = "Mixture of variables";
22522      run;
MPRINT(EM_DIAGRAM):   run;

NOTE: There were 2 observations read from the data set EMWS2.TRANS_RESULT.
NOTE: The data set EMWS2.TRANS_RESULT has 2 observations and 11 variables.
NOTE: DATA statement used (Total process time):
      real time           0.00 seconds
      cpu time            0.01 seconds
      

22523      data WORK.M3QG8A88;
MPRINT(EM_DIAGRAM):    data WORK.M3QG8A88;
22524      set WORK.M3QG8A88;
MPRINT(EM_DIAGRAM):   set WORK.M3QG8A88;
22525      if ROLE='REJECTED' then ROLE='INPUT';
MPRINT(EM_DIAGRAM):   if ROLE='REJECTED' then ROLE='INPUT';
22526      run;
MPRINT(EM_DIAGRAM):   run;

NOTE: There were 2 observations read from the data set WORK.M3QG8A88.
NOTE: The data set WORK.M3QG8A88 has 2 observations and 11 variables.
NOTE: DATA statement used (Total process time):
      real time           0.00 seconds
      cpu time            0.00 seconds
      

*------------------------------------------------------------* 
*  Trans: Computing summary statistics for transformed variables 
*------------------------------------------------------------* 
MPRINT(EM_DIAGRAM):    data WORK.Trans_TRANSFORM / view=WORK.Trans_TRANSFORM;
MPRINT(EM_DIAGRAM):   set EMWS2.Impt_TRAIN;
MPRINT(EM_DIAGRAM):   *------------------------------------------------------------*;
MPRINT(EM_DIAGRAM):   * TRANSFORM: Cases_in_1000s , log10(Cases_in_1000s + 1);
MPRINT(EM_DIAGRAM):   *------------------------------------------------------------*;
MPRINT(EM_DIAGRAM):   label LG10_Cases_in_1000s = 'Transformed Cases_in_1000s';
MPRINT(EM_DIAGRAM):   length LG10_Cases_in_1000s 8;
MPRINT(EM_DIAGRAM):   if Cases_in_1000s eq . then LG10_Cases_in_1000s = .;
MPRINT(EM_DIAGRAM):   else do;
MPRINT(EM_DIAGRAM):   if Cases_in_1000s + 1 > 0 then LG10_Cases_in_1000s = log10(Cases_in_1000s + 1);
MPRINT(EM_DIAGRAM):   else LG10_Cases_in_1000s = .;
MPRINT(EM_DIAGRAM):   end;
MPRINT(EM_DIAGRAM):   *------------------------------------------------------------*;
MPRINT(EM_DIAGRAM):   * TRANSFORM: Population_in_thousands , log10(Population_in_thousands + 1);
MPRINT(EM_DIAGRAM):   *------------------------------------------------------------*;
MPRINT(EM_DIAGRAM):   label LG10_Population_in_thousands = 'Transformed Population_in_thousands';
MPRINT(EM_DIAGRAM):   length LG10_Population_in_thousands 8;
MPRINT(EM_DIAGRAM):   if Population_in_thousands eq . then LG10_Population_in_thousands = .;
MPRINT(EM_DIAGRAM):   else do;
MPRINT(EM_DIAGRAM):   if Population_in_thousands + 1 > 0 then LG10_Population_in_thousands = log10(Population_in_thousands + 1);
MPRINT(EM_DIAGRAM):   else LG10_Population_in_thousands = .;
MPRINT(EM_DIAGRAM):   end;
MPRINT(EM_DIAGRAM):   run;
MPRINT(EM_DIAGRAM):    *------------------------------------------------------------* ;
MPRINT(EM_DIAGRAM):   * EM: DMDBClass Macro ;
MPRINT(EM_DIAGRAM):   *------------------------------------------------------------* ;
MPRINT(EM_DIAGRAM):   *------------------------------------------------------------* ;
MPRINT(EM_DIAGRAM):   * EM: DMDBVar Macro ;
MPRINT(EM_DIAGRAM):   *------------------------------------------------------------* ;
MPRINT(EM_DIAGRAM):   *------------------------------------------------------------*;
MPRINT(EM_DIAGRAM):   * EM: Create DMDB;
MPRINT(EM_DIAGRAM):   *------------------------------------------------------------*;
MPRINT(EM_DIAGRAM):   proc dmdb batch data=WORK.Trans_TRANSFORM dmdbcat=WORK.EM_DMDB maxlevel = 513 ;
MPRINT(EM_DIAGRAM):   var
MPRINT(DMDBVAR):   LG10_Cases_in_1000s LG10_Population_in_thousands
MPRINT(EM_DIAGRAM):  ;
MPRINT(EM_DIAGRAM):   target LG10_Cases_in_1000s ;
MPRINT(EM_DIAGRAM):   run;
MPRINT(EM_DIAGRAM):   quit;
MPRINT(EM_DIAGRAM):   *--- end code ---*;
MPRINT(EM_DIAGRAM):    data WORK.Trans_TEMP;
MPRINT(EM_DIAGRAM):   length SOURCE $6 NAME $32;
MPRINT(EM_DIAGRAM):   label SOURCE = "Source" NAME = "Variable Name" NLEVEL = "Number of Levels" NMISS = "Missing" MIN = "Minimum" MAX = "Maximum" MEAN = "Mean" STD = "Standard Deviation" SKEWNESS = "Skewness" KURTOSIS = "Kurtosis";
MPRINT(EM_DIAGRAM):   SOURCE = "OUTPUT";
MPRINT(EM_DIAGRAM):   NAME = "LG10_Cases_in_1000s";
MPRINT(EM_DIAGRAM):   NMISS = 10;
MPRINT(EM_DIAGRAM):   NLEVEL = .;
MPRINT(EM_DIAGRAM):   MIN = 0;
MPRINT(EM_DIAGRAM):   MAX = 2.62013605497375;
MPRINT(EM_DIAGRAM):   MEAN = 1.17971457004206;
MPRINT(EM_DIAGRAM):   STD = 0.78853689062108;
MPRINT(EM_DIAGRAM):   SKEWNESS = -0.26659246484723;
MPRINT(EM_DIAGRAM):   KURTOSIS = -1.05339991228605;
MPRINT(EM_DIAGRAM):   output;
MPRINT(EM_DIAGRAM):   SOURCE = "OUTPUT";
MPRINT(EM_DIAGRAM):   NAME = "LG10_Population_in_thousands";
MPRINT(EM_DIAGRAM):   NMISS = 0;
MPRINT(EM_DIAGRAM):   NLEVEL = .;
MPRINT(EM_DIAGRAM):   MIN = 2.93094903116752;
MPRINT(EM_DIAGRAM):   MAX = 4.62877162518412;
MPRINT(EM_DIAGRAM):   MEAN = 4.20783110643764;
MPRINT(EM_DIAGRAM):   STD = 0.4759461643039;
MPRINT(EM_DIAGRAM):   SKEWNESS = -1.29686905437325;
MPRINT(EM_DIAGRAM):   KURTOSIS = 0.59812140183636;
MPRINT(EM_DIAGRAM):   output;
MPRINT(EM_DIAGRAM):   run;
22605      data WORK.TRANSFOR_033V5ZQ_STATISTIC;
MPRINT(EM_DIAGRAM):    data WORK.TRANSFOR_033V5ZQ_STATISTIC;
22606      set WORK.Trans_TEMP;
MPRINT(EM_DIAGRAM):   set WORK.Trans_TEMP;
22607      run;
MPRINT(EM_DIAGRAM):   run;

NOTE: There were 2 observations read from the data set WORK.TRANS_TEMP.
NOTE: The data set WORK.TRANSFOR_033V5ZQ_STATISTIC has 2 observations and 10 variables.
NOTE: DATA statement used (Total process time):
      real time           0.00 seconds
      cpu time            0.00 seconds
      

22608      proc print data = EMWS2.Trans_RESULT(obs=500) noobs label;
MPRINT(EM_DIAGRAM):    proc print data = EMWS2.Trans_RESULT(obs=500) noobs label;
22609      title9 "%sysfunc(sasmsg(sashelp.dmine, rpt_computedtransformations_title, NOQUOTE))";
MPRINT(EM_DIAGRAM):   title9 "Computed Transformations";
22610      title10 "%sysfunc(sasmsg(sashelp.dmine, rpt_maxObsPrinted_title, NOQUOTE))";
MPRINT(EM_DIAGRAM):   title10 "(maximum 500 observations printed)";
MPRINT(EM_DIAGRAM):   var INPUTNAME ROLE INPUTLEVEL NAME LEVEL FORMULA;
MPRINT(EM_DIAGRAM):   run;
22611      var INPUTNAME ROLE INPUTLEVEL NAME LEVEL FORMULA;
22612      run;

NOTE: There were 2 observations read from the data set EMWS2.TRANS_RESULT.
NOTE: The PROCEDURE PRINT printed page 2.
NOTE: PROCEDURE PRINT used (Total process time):
      real time           0.00 seconds
      cpu time            0.00 seconds
      

22613      title9;
MPRINT(EM_DIAGRAM):   title9;
22614      title10;
MPRINT(EM_DIAGRAM):   title10;
MPRINT(EM_DIAGRAM):    proc printto;
MPRINT(EM_DIAGRAM):   run;
