 
                                                                                               
 
 
Variable Summary

          Measurement    Frequency
 Role        Level         Count

INPUT      INTERVAL          2    
TARGET     NOMINAL           1    
 
                                                                                               
 
 
Model Events

                                     Number
                      Measurement      of
 Target      Event       Level       Levels      Order         Label

Age_group     85+       NOMINAL         5      Descending    Age_group
 
                                                                                               
 
 
Predicted and decision variables

Type         Variable            Label

TARGET       Age_group           Age_group                 
PREDICTED    P_Age_group85_      Predicted: Age_group=85+  
RESIDUAL     R_Age_group85_      Residual: Age_group=85+   
PREDICTED    P_Age_group65_84    Predicted: Age_group=65-84
RESIDUAL     R_Age_group65_84    Residual: Age_group=65-84 
PREDICTED    P_Age_group25_44    Predicted: Age_group=25-44
RESIDUAL     R_Age_group25_44    Residual: Age_group=25-44 
PREDICTED    P_Age_group18_24    Predicted: Age_group=18-24
RESIDUAL     R_Age_group18_24    Residual: Age_group=18-24 
PREDICTED    P_Age_group0_17     Predicted: Age_group=0-17 
RESIDUAL     R_Age_group0_17     Residual: Age_group=0-17  
FROM         F_Age_group         From: Age_group           
INTO         I_Age_group         Into: Age_group           
 
                                                                                               
 
 

The DMREG Procedure

                 Model Information

Training Data Set              WORK.EM_DMREG.VIEW   
DMDB Catalog                   WORK.REG_DMDB        
Target Variable                Age_group (Age_group)
Target Measurement Level       Nominal              
Number of Target Categories    5                    
Error                          MBernoulli           
Link Function                  Logit                
Number of Model Parameters     12                   
Number of Observations         924                  


           Target Profile
 
 Ordered                       Total
   Value     Age_group     Frequency

       1     85+                 189
       2     65-84               189
       3     25-44               189
       4     18-24               176
       5     0-17                181


                       Descriptive Statistics for Continuous Variables
 
                                                       Standard
Variable                Age_group           Mean      Deviation        Minimum        Maximum

OG_Cases_in_Thousands   85+          4812.539683    2449.058418    1290.000000          10650
                        65-84              52462          19492          29640          96360
                        25-44        5052.222222    2126.915991    2190.000000    9090.000000
                        18-24         587.556818     290.265390      60.000000    1200.000000
                        0-17         4495.856354    2002.245673    1500.000000    8700.000000
---------------------------------------------------------------------------------------------
                        Total              13741          21653      60.000000          96360

Projected_Sum_Pop       85+               251809              0         251809         251809
                        65-84            2467960              0        2467960        2467960
                        25-44            1921193              0        1921193        1921193
                        18-24             648952              0         648952         648952
                        0-17             1640759              0        1640759        1640759
---------------------------------------------------------------------------------------------
                        Total            1394302         823416         251809        2467960




Stepwise Selection Procedure


Step 0: Intercepts entered.
 
                                                                                               
 
 

The DMREG Procedure

Newton-Raphson Ridge Optimization

Without Parameter Scaling

Parameter Estimates               4

                                      Optimization Start

Active Constraints                           0  Objective Function                1486.7262509
Max Abs Gradient Element          1.711964E-13                                                

                                     Optimization Results

Iterations                                   0  Function Calls                               3
Hessian Calls                                1  Active Constraints                           0
Objective Function                1486.7262509  Max Abs Gradient Element          1.711964E-13
Ridge                                        0  Actual Over Pred Change                      0

Convergence criterion (ABSGCONV=0.00001) satisfied.                                            


     Likelihood Ratio Test for Global Null Hypothesis: BETA=0
 
     -2 Log Likelihood          Likelihood
  Intercept     Intercept &          Ratio
       Only      Covariates     Chi-Square       DF     Pr > ChiSq

   2973.453        2973.453         0.0000        0          .    




                          Analysis of Maximum Likelihood Estimates
 
                                                  Standard       Wald            Standardized
Parameter                   Age_group DF Estimate    Error Chi-Square Pr > ChiSq     Estimate

Intercept                   85+        1   0.0432   0.1040       0.17     0.6775             
Intercept                   65-84      1   0.0432   0.1040       0.17     0.6775             
Intercept                   25-44      1   0.0432   0.1040       0.17     0.6775             
Intercept                   18-24      1  -0.0280   0.1059       0.07     0.7913             

   Analysis of Maximum Likelihood Estimates
 
Parameter                   Age_group Exp(Est)

Intercept                   85+          1.044
Intercept                   65-84        1.044
Intercept                   25-44        1.044
Intercept                   18-24        0.972




                         Estimated Correlation Matrix
 
                     Intercept_      Intercept_      Intercept_      Intercept_
Parameter                   85_           65_84           25_44           18_24

Intercept_85_           1.00000         0.51081         0.51081         0.50182
Intercept_65_84         0.51081         1.00000         0.51081         0.50182
Intercept_25_44         0.51081         0.51081         1.00000         0.50182
Intercept_18_24         0.50182         0.50182         0.50182         1.00000


Step 1: Effect Projected_Sum_Pop entered.
 
                                                                                               
 
 

The DMREG Procedure

Newton-Raphson Ridge Optimization

Without Parameter Scaling

Parameter Estimates               8

                                      Optimization Start

Active Constraints                           0  Objective Function                1486.7262509
Max Abs Gradient Element          194.87039993                                                


                                                                                        Ratio
                                                                                      Between
                                                                                       Actual
                                                       Objective   Max Abs                and
                 Function       Active      Objective   Function  Gradient          Predicted
Iter   Restarts     Calls  Constraints       Function     Change   Element   Ridge     Change

   1          0         2            0      962.93264      523.8   54.7403       0      1.134
   2          0         3            0      706.03867      256.9   32.0502       0      1.364
   3          0         4            0      463.15092      242.9   14.9116       0      1.355
   4          0         5            0      223.51360      239.6    7.6520       0      1.345
   5          0         6            0       69.57219      153.9    3.2893       0      1.242
   6          0         7            0       23.99183    45.5804    1.2259       0      1.252
   7          0         8            0        8.63453    15.3573    0.4525       0      1.260
   8          0         9            0        3.15156     5.4830    0.1666       0      1.263
   9          0        10            0        1.15607     1.9955    0.0613       0      1.264

                                     Optimization Results

Iterations                                   9  Function Calls                              12
Hessian Calls                               10  Active Constraints                           0
Objective Function                1.1560658538  Max Abs Gradient Element          0.0613281864
Ridge                                        0  Actual Over Pred Change           1.2636997728

Convergence criterion (ABSCONV=1.4867262509) satisfied.                                        

NOTE: At least one element of the gradient is greater than 1e-3.



     Likelihood Ratio Test for Global Null Hypothesis: BETA=0
 
     -2 Log Likelihood          Likelihood
  Intercept     Intercept &          Ratio
       Only      Covariates     Chi-Square       DF     Pr > ChiSq

   2973.453           2.312      2971.1404        4         <.0001


               Type 3 Analysis of Effects
 
                                       Wald
Effect                     DF    Chi-Square    Pr > ChiSq

Projected_Sum_Pop           4       56.2710        <.0001


                          Analysis of Maximum Likelihood Estimates
 
                                                  Standard       Wald            Standardized
Parameter                   Age_group DF Estimate    Error Chi-Square Pr > ChiSq     Estimate

Intercept                   85+        1  34.6945   8.4919      16.69     <.0001             
Intercept                   65-84      1   -143.7  26.0022      30.56     <.0001             
Intercept                   25-44      1 -81.8323  16.6624      24.12     <.0001             
Intercept                   18-24      1  18.3100   7.0338       6.78     0.0092             
Projected_Sum_Pop           85+        1 -0.00005 0.000011      21.55     <.0001     -23.7756
Projected_Sum_Pop           65-84      1 0.000074 0.000013      33.18     <.0001      33.6367
Projected_Sum_Pop           25-44      1 0.000046  9.31E-6      24.35     <.0001      20.8589
Projected_Sum_Pop           18-24      1 -0.00002 5.673E-6       7.97     0.0047      -7.2728

   Analysis of Maximum Likelihood Estimates
 
Parameter                   Age_group Exp(Est)

Intercept                   85+        999.000
Intercept                   65-84        0.000
Intercept                   25-44        0.000
Intercept                   18-24      999.000
Projected_Sum_Pop           85+          1.000
Projected_Sum_Pop           65-84        1.000
Projected_Sum_Pop           25-44        1.000
Projected_Sum_Pop           18-24        1.000


               Odds Ratio Estimates
                         
                                              Point
Effect                        Age_group    Estimate

Projected_Sum_Pop             85+             1.000
Projected_Sum_Pop             65-84           1.000
Projected_Sum_Pop             25-44           1.000
Projected_Sum_Pop             18-24           1.000


                         Estimated Correlation Matrix
 
                     Intercept_      Intercept_      Intercept_      Intercept_
Parameter                   85_           65_84           25_44           18_24

Intercept_85_           1.00000        -0.00011        -0.00017         0.82839
Intercept_65_84        -0.00011         1.00000         0.64113        -0.00013
Intercept_25_44        -0.00017         0.64113         1.00000        -0.00021
Intercept_18_24         0.82839        -0.00013        -0.00021         1.00000
                       -0.82429         0.00013         0.00020        -0.46125
                        0.00012        -0.98827        -0.72189         0.00014
                        0.00016        -0.63919        -0.99693         0.00019
                       -0.75924         0.00026         0.00040        -0.91654

                     Estimated Correlation Matrix
 
Parameter

Intercept_85_        -0.82429       0.00012       0.00016      -0.75924
Intercept_65_84       0.00013      -0.98827      -0.63919       0.00026
Intercept_25_44       0.00020      -0.72189      -0.99693       0.00040
Intercept_18_24      -0.46125       0.00014       0.00019      -0.91654
                      1.00000      -0.00013      -0.00019       0.50315
                     -0.00013       1.00000       0.72414      -0.00027
                     -0.00019       0.72414       1.00000      -0.00037
                      0.50315      -0.00027      -0.00037       1.00000


NOTE: No (additional) effects met the 0.05 significance level for entry into the model.


                              Summary of Stepwise Selection
 
                 Effect                  Number         Score          Wald
    Step    Entered                DF        In    Chi-Square    Chi-Square    Pr > ChiSq

       1    Projected_Sum_Pop       4         1      924.0000                      <.0001


The selected model is the model trained in the last step (Step 1). It consists of the 
following effects:

Intercept  Projected_Sum_Pop  


     Likelihood Ratio Test for Global Null Hypothesis: BETA=0
 
     -2 Log Likelihood          Likelihood
  Intercept     Intercept &          Ratio
       Only      Covariates     Chi-Square       DF     Pr > ChiSq

   2973.453           2.312      2971.1404        4         <.0001


               Type 3 Analysis of Effects
 
                                       Wald
Effect                     DF    Chi-Square    Pr > ChiSq

Projected_Sum_Pop           4       56.2710        <.0001


                          Analysis of Maximum Likelihood Estimates
 
                                                  Standard       Wald            Standardized
Parameter                   Age_group DF Estimate    Error Chi-Square Pr > ChiSq     Estimate

Intercept                   85+        1  34.6945   8.4919      16.69     <.0001             
Intercept                   65-84      1   -143.7  26.0022      30.56     <.0001             
Intercept                   25-44      1 -81.8323  16.6624      24.12     <.0001             
Intercept                   18-24      1  18.3100   7.0338       6.78     0.0092             
Projected_Sum_Pop           85+        1 -0.00005 0.000011      21.55     <.0001     -23.7756
Projected_Sum_Pop           65-84      1 0.000074 0.000013      33.18     <.0001      33.6367
Projected_Sum_Pop           25-44      1 0.000046  9.31E-6      24.35     <.0001      20.8589
Projected_Sum_Pop           18-24      1 -0.00002 5.673E-6       7.97     0.0047      -7.2728

   Analysis of Maximum Likelihood Estimates
 
Parameter                   Age_group Exp(Est)

Intercept                   85+        999.000
Intercept                   65-84        0.000
Intercept                   25-44        0.000
Intercept                   18-24      999.000
Projected_Sum_Pop           85+          1.000
Projected_Sum_Pop           65-84        1.000
Projected_Sum_Pop           25-44        1.000
Projected_Sum_Pop           18-24        1.000


               Odds Ratio Estimates
                         
                                              Point
Effect                        Age_group    Estimate

Projected_Sum_Pop             85+             1.000
Projected_Sum_Pop             65-84           1.000
Projected_Sum_Pop             25-44           1.000
Projected_Sum_Pop             18-24           1.000
