MPRINT(EM_DIAGRAM):    data _null_;
MPRINT(EM_DIAGRAM):   call symput('NLDATE', strip(put(date(), NLDATE.)));
MPRINT(EM_DIAGRAM):   call symput('NLTIME', strip(put(datetime(), NLTIME.)));
MPRINT(EM_DIAGRAM):   run;
MPRINT(EM_DIAGRAM):   data _null_;
MPRINT(EM_DIAGRAM):   nldate= sasmsg("sashelp.dmine", "log_date_note", 'N', "November 12, 2019" );
MPRINT(EM_DIAGRAM):   nltime= sasmsg("sashelp.dmine", "log_time_note", 'N', "16:26:16" );
MPRINT(EM_DIAGRAM):   put "*------------------------------------------------------------*";
MPRINT(EM_DIAGRAM):   put "* Training Log";
MPRINT(EM_DIAGRAM):   put nldate;
MPRINT(EM_DIAGRAM):   put nltime;
MPRINT(EM_DIAGRAM):   put "*------------------------------------------------------------*";
MPRINT(EM_DIAGRAM):   run;
*------------------------------------------------------------*
* Training Log
Date:                November 12, 2019
Time:                16:26:16
*------------------------------------------------------------*
MPRINT(EM_DIAGRAM):    filename O1_TSG45 "C:\Users\student\Desktop\AA 490\Final Project\AA490_Project\Base Model\Workspaces\EMWS1\Stat3\EMTRAIN.out" encoding="UTF-8" NOBOM;
MPRINT(EM_DIAGRAM):   proc printto print=O1_TSG45 new;
MPRINT(EM_DIAGRAM):   run;
MPRINT(EM_DIAGRAM):    filename _LOG "C:\Users\student\Desktop\AA 490\Final Project\AA490_Project\Base Model\Workspaces\EMWS1\Stat3\EMLOG.log" encoding="UTF-8" NOBOM;
MPRINT(EM_DIAGRAM):    data _null_;
MPRINT(EM_DIAGRAM):   call symput('NLDATE', strip(put(date(), NLDATE.)));
MPRINT(EM_DIAGRAM):   call symput('NLTIME', strip(put(datetime(), NLTIME.)));
MPRINT(EM_DIAGRAM):   run;
MPRINT(EM_DIAGRAM):   data _null_;
MPRINT(EM_DIAGRAM):   nldate= sasmsg("sashelp.dmine", "log_date_note", 'N', "November 12, 2019" );
MPRINT(EM_DIAGRAM):   nltime= sasmsg("sashelp.dmine", "log_time_note", 'N', "16:26:16" );
MPRINT(EM_DIAGRAM):   file _LOG;
MPRINT(EM_DIAGRAM):   put "*------------------------------------------------------------*";
MPRINT(EM_DIAGRAM):   put "User:                student";
MPRINT(EM_DIAGRAM):   put nldate;
MPRINT(EM_DIAGRAM):   put nltime;
MPRINT(EM_DIAGRAM):   put "Site:                70082322";
MPRINT(EM_DIAGRAM):   put "Platform:            X64_10PRO";
MPRINT(EM_DIAGRAM):   put "Maintenance Release: 9.04.01M4P110916";
MPRINT(EM_DIAGRAM):   put "EM Version:          14.2";
MPRINT(EM_DIAGRAM):   put "* ";
MPRINT(EM_DIAGRAM):   run;
MPRINT(EM_DIAGRAM):    filename _LOGIN "C:\Users\student\Desktop\AA 490\Final Project\AA490_Project\Base Model\Workspaces\EMWS1\Stat3\EMTRAIN.log" encoding="UTF-8" NOBOM;
MPRINT(EM_COPYFILE):   data _null_;
MPRINT(EM_COPYFILE):   length line $20000;
MPRINT(EM_COPYFILE):   file _LOG MOD lrecl=20000;
MPRINT(EM_COPYFILE):   fid=fopen("_LOGIN",'i',20000,'v');
MPRINT(EM_COPYFILE):   if fid > 0 then do;
MPRINT(EM_COPYFILE):   do while(^fread(fid));
MPRINT(EM_COPYFILE):   rlen = frlen(fid);
MPRINT(EM_COPYFILE):   rc= fget(fid,line,20000);
MPRINT(EM_COPYFILE):   start = length(line)-length(left(line))+1;
MPRINT(EM_COPYFILE):   line=strip(line);
MPRINT(EM_COPYFILE):   put @start line;
MPRINT(EM_COPYFILE):   end;
MPRINT(EM_COPYFILE):   if fid > 0 then rc=fclose(fid);
MPRINT(EM_COPYFILE):   end;
MPRINT(EM_COPYFILE):   run;
MPRINT(EM_DIAGRAM):  ;
MPRINT(EM_DIAGRAM):   filename _LOGIN;
MPRINT(EM_DIAGRAM):    data _null_;
MPRINT(EM_DIAGRAM):   file _LOG mod;
MPRINT(EM_DIAGRAM):   put _page_;
MPRINT(EM_DIAGRAM):   run;
MPRINT(EM_DIAGRAM):   filename _LOGIN "C:\Users\student\Desktop\AA 490\Final Project\AA490_Project\Base Model\Workspaces\EMWS1\Stat3\EMSCORE.log" encoding="UTF-8" NOBOM;
MPRINT(EM_DIAGRAM):  ;
MPRINT(EM_DIAGRAM):   data _null_;
MPRINT(EM_DIAGRAM):   file _LOG mod;
MPRINT(EM_DIAGRAM):   put _page_;
MPRINT(EM_DIAGRAM):   run;
MPRINT(EM_DIAGRAM):    filename _LOGIN "C:\Users\student\Desktop\AA 490\Final Project\AA490_Project\Base Model\Workspaces\EMWS1\Stat3\EMREPORT.log" encoding="UTF-8" NOBOM;
MPRINT(EM_DIAGRAM):  ;
MPRINT(EM_DIAGRAM):   filename _LOGIN;
MPRINT(EM_DIAGRAM):    filename _LOG;
MPRINT(EM_DIAGRAM):    filename _OUT "C:\Users\student\Desktop\AA 490\Final Project\AA490_Project\Base Model\Workspaces\EMWS1\Stat3\EMOUTPUT.out" encoding="UTF-8" NOBOM;
MPRINT(EM_DIAGRAM):    data _null_;
MPRINT(EM_DIAGRAM):   call symput('NLDATE', strip(put(date(), NLDATE.)));
MPRINT(EM_DIAGRAM):   call symput('NLTIME', strip(put(datetime(), NLTIME.)));
MPRINT(EM_DIAGRAM):   run;
MPRINT(EM_DIAGRAM):   data _null_;
MPRINT(EM_DIAGRAM):   nldate= sasmsg("sashelp.dmine", "log_date_note", 'N', "November 12, 2019" );
MPRINT(EM_DIAGRAM):   nltime= sasmsg("sashelp.dmine", "log_time_note", 'N', "16:26:16" );
MPRINT(EM_DIAGRAM):   file _OUT;
MPRINT(EM_DIAGRAM):   put "*------------------------------------------------------------*";
MPRINT(EM_DIAGRAM):   put "User:                student";
MPRINT(EM_DIAGRAM):   put nldate;
MPRINT(EM_DIAGRAM):   put nltime;
MPRINT(EM_DIAGRAM):   put "*------------------------------------------------------------*";
MPRINT(EM_DIAGRAM):   put "* Training Output";
MPRINT(EM_DIAGRAM):   put "*------------------------------------------------------------*";
MPRINT(EM_DIAGRAM):   run;
MPRINT(EM_DIAGRAM):    filename _OUTIN "C:\Users\student\Desktop\AA 490\Final Project\AA490_Project\Base Model\Workspaces\EMWS1\Stat3\EMTRAIN.out" encoding="UTF-8" NOBOM;
MPRINT(EM_DIAGRAM):   ;
MPRINT(EM_COPYFILE):   data _null_;
MPRINT(EM_COPYFILE):   length line $20000;
MPRINT(EM_COPYFILE):   file _OUT MOD lrecl=20000;
MPRINT(EM_COPYFILE):   fid=fopen("_OUTIN",'i',20000,'v');
MPRINT(EM_COPYFILE):   if fid > 0 then do;
MPRINT(EM_COPYFILE):   do while(^fread(fid));
MPRINT(EM_COPYFILE):   rlen = frlen(fid);
MPRINT(EM_COPYFILE):   rc= fget(fid,line,20000);
MPRINT(EM_COPYFILE):   start = length(line)-length(left(line))+1;
MPRINT(EM_COPYFILE):   line=strip(line);
MPRINT(EM_COPYFILE):   put @start line;
MPRINT(EM_COPYFILE):   end;
MPRINT(EM_COPYFILE):   if fid > 0 then rc=fclose(fid);
MPRINT(EM_COPYFILE):   end;
MPRINT(EM_COPYFILE):   run;
MPRINT(EM_DIAGRAM):  ;
MPRINT(EM_DIAGRAM):   filename _OUTIN;
MPRINT(EM_DIAGRAM):    data _null_;
MPRINT(EM_DIAGRAM):   file _OUT mod;
MPRINT(EM_DIAGRAM):   put _page_;
MPRINT(EM_DIAGRAM):   put // "*------------------------------------------------------------*";
MPRINT(EM_DIAGRAM):   put "* Score Output";
MPRINT(EM_DIAGRAM):   put "*------------------------------------------------------------*";
MPRINT(EM_DIAGRAM):   run;
MPRINT(EM_DIAGRAM):    filename _OUTIN "C:\Users\student\Desktop\AA 490\Final Project\AA490_Project\Base Model\Workspaces\EMWS1\Stat3\EMSCORE.out" encoding="UTF-8" NOBOM;
MPRINT(EM_DIAGRAM):  ;
MPRINT(EM_DIAGRAM):   filename _OUTIN;
MPRINT(EM_DIAGRAM):    data _null_;
MPRINT(EM_DIAGRAM):   file _OUT mod;
MPRINT(EM_DIAGRAM):   put _page_;
MPRINT(EM_DIAGRAM):   put // "*------------------------------------------------------------*";
MPRINT(EM_DIAGRAM):   put "* Report Output";
MPRINT(EM_DIAGRAM):   put "*------------------------------------------------------------*";
MPRINT(EM_DIAGRAM):   run;
MPRINT(EM_DIAGRAM):    filename _OUTIN "C:\Users\student\Desktop\AA 490\Final Project\AA490_Project\Base Model\Workspaces\EMWS1\Stat3\EMREPORT.out" encoding="UTF-8" NOBOM;
MPRINT(EM_DIAGRAM):  ;
MPRINT(EM_DIAGRAM):   filename _OUTIN;
MPRINT(EM_DIAGRAM):    filename _OUT;
MPRINT(EM_DIAGRAM):    filename _emtool_ 'C:\Users\student\Desktop\AA 490\Final Project\AA490_Project\Base Model\Workspaces\EMWS1\Stat3\EMRUNSTATUS.xml' encoding="UTF-8" NOBOM;
MPRINT(EM_DIAGRAM):    filename _emtool_ 'C:\Users\student\Desktop\AA 490\Final Project\AA490_Project\Base Model\Workspaces\EMWS1\Stat3\EMRUNSTATUS.xml' encoding="UTF-8" NOBOM;
22112      proc freq data=EMWS1.Stat3_VariableSet noprint;
MPRINT(EM_DIAGRAM):    proc freq data=EMWS1.Stat3_VariableSet noprint;
22113      table ROLE*LEVEL/out=WORK.Stat3META;
MPRINT(EM_DIAGRAM):   table ROLE*LEVEL/out=WORK.Stat3META;
22114      run;
MPRINT(EM_DIAGRAM):   run;

NOTE: There were 6 observations read from the data set EMWS1.STAT3_VARIABLESET.
NOTE: The data set WORK.STAT3META has 3 observations and 4 variables.
NOTE: PROCEDURE FREQ used (Total process time):
      real time           0.01 seconds
      cpu time            0.00 seconds
      

22115      proc print data=WORK.Stat3META label noobs;
MPRINT(EM_DIAGRAM):   proc print data=WORK.Stat3META label noobs;
22116      var ROLE LEVEL COUNT;
MPRINT(EM_DIAGRAM):   var ROLE LEVEL COUNT;
22117      label ROLE = "%sysfunc(sasmsg(sashelp.dmine, meta_role_vlabel, NOQUOTE))" LEVEL = "%sysfunc(sasmsg(sashelp.dmine, meta_level_vlabel, NOQUOTE))" COUNT = "%sysfunc(sasmsg(sashelp.dmine, rpt_count_vlabel, NOQUOTE))";
MPRINT(EM_DIAGRAM):   label ROLE = "Role" LEVEL = "Measurement Level" COUNT = "Frequency Count";
22118      title9 ' ';
MPRINT(EM_DIAGRAM):   title9 ' ';
22119      title10 "%sysfunc(sasmsg(sashelp.dmine, rpt_varSummary_title  , NOQUOTE))";
MPRINT(EM_DIAGRAM):   title10 "Variable Summary";
MPRINT(EM_DIAGRAM):   run;
22120      run;

NOTE: There were 3 observations read from the data set WORK.STAT3META.
NOTE: The PROCEDURE PRINT printed page 1.
NOTE: PROCEDURE PRINT used (Total process time):
      real time           0.00 seconds
      cpu time            0.00 seconds
      

22121      title10;
MPRINT(EM_DIAGRAM):   title10;
22122      data WORK.M2UIJMHP;
MPRINT(EM_DIAGRAM):    data WORK.M2UIJMHP;
22123      set WORK.M2UIJMHP;
MPRINT(EM_DIAGRAM):   set WORK.M2UIJMHP;
22124      where((role in('TARGET' 'FREQ' 'INPUT') and use in('D','Y')) or (role = 'REJECTED' and use = 'Y'));
MPRINT(EM_DIAGRAM):   where((role in('TARGET' 'FREQ' 'INPUT') and use in('D','Y')) or (role = 'REJECTED' and use = 'Y'));
22125      if ROLE = 'REJECTED' then role = 'INPUT';
MPRINT(EM_DIAGRAM):   if ROLE = 'REJECTED' then role = 'INPUT';
22126      run;
MPRINT(EM_DIAGRAM):   run;

NOTE: There were 6 observations read from the data set WORK.M2UIJMHP.
      WHERE (role in ('FREQ', 'INPUT', 'TARGET') and use in ('D', 'Y')) or ((role='REJECTED') and (use='Y'));
NOTE: The data set WORK.M2UIJMHP has 6 observations and 21 variables.
NOTE: DATA statement used (Total process time):
      real time           0.00 seconds
      cpu time            0.01 seconds
      

22127      *------------------------------------------------------------*;
MPRINT(EM_DIAGRAM):    *------------------------------------------------------------*;
22128      * Stat3: Determining Analysis Variables;
MPRINT(EM_DIAGRAM):   * Stat3: Determining Analysis Variables;
22129      *------------------------------------------------------------*;
MPRINT(EM_DIAGRAM):   *------------------------------------------------------------*;
22130      *------------------------------------------------------------*;
MPRINT(EM_DIAGRAM):   *------------------------------------------------------------*;
22131      * Stat3: Creating Macros for Variable Selection;
MPRINT(EM_DIAGRAM):   * Stat3: Creating Macros for Variable Selection;
22132      *------------------------------------------------------------*;
MPRINT(EM_DIAGRAM):   *------------------------------------------------------------*;
22133      *------------------------------------------------------------* ;
MPRINT(EM_DIAGRAM):   *------------------------------------------------------------* ;
22134      * Stat3: Interval Input Variables Macro ;
MPRINT(EM_DIAGRAM):   * Stat3: Interval Input Variables Macro ;
22135      *------------------------------------------------------------* ;
MPRINT(EM_DIAGRAM):   *------------------------------------------------------------* ;
22136      %macro INTINPUTS;
22137          Projected_Sum_Pop Year
22138      %mend INTINPUTS;
22139      *------------------------------------------------------------*;
MPRINT(EM_DIAGRAM):   *------------------------------------------------------------*;
22140      * Stat3: Creating Macros for Variable Selection;
MPRINT(EM_DIAGRAM):   * Stat3: Creating Macros for Variable Selection;
22141      *------------------------------------------------------------*;
MPRINT(EM_DIAGRAM):   *------------------------------------------------------------*;
22142      *------------------------------------------------------------* ;
MPRINT(EM_DIAGRAM):   *------------------------------------------------------------* ;
22143      * Stat3: Binary and Nominal Input Variables Macro ;
MPRINT(EM_DIAGRAM):   * Stat3: Binary and Nominal Input Variables Macro ;
22144      *------------------------------------------------------------* ;
MPRINT(EM_DIAGRAM):   *------------------------------------------------------------* ;
22145      %macro NOMINPUTS;
22146          Age_group Disease Gender
22147      %mend NOMINPUTS;
22148      *------------------------------------------------------------*;
MPRINT(EM_DIAGRAM):   *------------------------------------------------------------*;
22149      * Stat3: Creating Macros for Variable Selection;
MPRINT(EM_DIAGRAM):   * Stat3: Creating Macros for Variable Selection;
22150      *------------------------------------------------------------*;
MPRINT(EM_DIAGRAM):   *------------------------------------------------------------*;
22151      *------------------------------------------------------------* ;
MPRINT(EM_DIAGRAM):   *------------------------------------------------------------* ;
22152      * Stat3: Ordinal Input Variables Macro ;
MPRINT(EM_DIAGRAM):   * Stat3: Ordinal Input Variables Macro ;
22153      *------------------------------------------------------------* ;
MPRINT(EM_DIAGRAM):   *------------------------------------------------------------* ;
22154      %macro ORDINPUTS;
22155      
22156      %mend ORDINPUTS;
22157      data work.EM_Stat3_tree / view=work.EM_Stat3_tree;
MPRINT(EM_DIAGRAM):   data work.EM_Stat3_tree / view=work.EM_Stat3_tree;
22158      set EMWS1.Ids_DATA(obs=100000
MPRINT(EM_DIAGRAM):   set EMWS1.Ids_DATA(obs=100000 keep
22158    !                               keep=%INTINPUTS %ORDINPUTS %NOMINPUTS OG_Cases_in_Thousands);
MPRINT(EM_DIAGRAM):  =Projected_Sum_Pop Year Age_group Disease Gender OG_Cases_in_Thousands);
22159      run;
MPRINT(EM_DIAGRAM):   run;

NOTE: DATA STEP view saved on file WORK.EM_STAT3_TREE.
NOTE: A stored DATA STEP view cannot run under a different operating system.
NOTE: View EMWS1.IDS_DATA.VIEW used (Total process time):
      real time           0.01 seconds
      cpu time            0.01 seconds
      
NOTE: DATA statement used (Total process time):
      real time           0.02 seconds
      cpu time            0.01 seconds
      

22160      proc arbor data=EMWS1.Ids_DATA(obs=100000
MPRINT(EM_DIAGRAM):   proc arbor data=EMWS1.Ids_DATA(obs=100000 keep
22160    !                                           keep=%INTINPUTS %ORDINPUTS %NOMINPUTS OG_Cases_in_Thousands) Criterion=VARIANCE Leafsize=5 Mincatsize = 5 Maxbranch=5 Maxdepth=1 Padjust= NONE NORULELIMIT MAXRULES=5 MAXSURRS=0 Missing=USEINSEARCH
22160    ! Exhaustive=5000;
MPRINT(EM_DIAGRAM):  =Projected_Sum_Pop Year Age_group Disease Gender OG_Cases_in_Thousands) Criterion=VARIANCE Leafsize=5 Mincatsize = 5 Maxbranch=5 Maxdepth=1 Padjust= NONE NORULELIMIT MAXRULES=5 MAXSURRS=0 Missing=USEINSEARCH Exhaustive=5000;
WARNING: PADJUST and PVAR options are ignored with this splitting criterion.
MPRINT(EM_DIAGRAM):   input
22161      input %INTINPUTS / level = interval;
MPRINT(INTINPUTS):   Projected_Sum_Pop Year
MPRINT(EM_DIAGRAM):   / level = interval;
MPRINT(EM_DIAGRAM):   input
22162      input %NOMINPUTS / level=nominal;
MPRINT(NOMINPUTS):   Age_group Disease Gender
MPRINT(EM_DIAGRAM):   / level=nominal;
22163      target OG_Cases_in_Thousands / level=INTERVAL;
MPRINT(EM_DIAGRAM):   target OG_Cases_in_Thousands / level=INTERVAL;
22164      Performance Disk NodeSize=10000;
MPRINT(EM_DIAGRAM):   Performance Disk NodeSize=10000;
22165      Assess NoValidata measure=ASE;
MPRINT(EM_DIAGRAM):   Assess NoValidata measure=ASE;
NOTE: 1593864 kilobytes of physical memory.
NOTE: Will use 1545 out of 1575 training cases.
NOTE: Using memory pool with 26590208 bytes.
NOTE: Will not search for split on variable Disease.
NOTE: Acceptable cases have the same value.
NOTE: Option MINCATSIZE=5 may apply.
NOTE: Passed training data 2 times.
NOTE: Training used 254296 bytes of work memory.
NOTE: The subtree sequence contains 2 subtrees. The largest has 6 nodes and 5 leaves.
NOTE: Using subtree with 6 nodes and 5 leaves.
22166      SUBTREE BEST;
MPRINT(EM_DIAGRAM):   SUBTREE BEST;
NOTE: Using subtree with 6 nodes and 5 leaves.
22167      save RULES=WORK.Stat3_RULE;
MPRINT(EM_DIAGRAM):   save RULES=WORK.Stat3_RULE;
NOTE: The data set WORK.STAT3_RULE has 34 observations and 6 variables.
22168      run;
MPRINT(EM_DIAGRAM):   run;

22169      quit;
MPRINT(EM_DIAGRAM):   quit;

NOTE: View EMWS1.IDS_DATA.VIEW used (Total process time):
      real time           0.05 seconds
      cpu time            0.06 seconds
      
NOTE: There were 1575 observations read from the data set DISEASE.OG_DISEASE_AND_PROJECTED.
NOTE: There were 1575 observations read from the data set EMWS1.IDS_DATA.
NOTE: PROCEDURE ARBOR used (Total process time):
      real time           0.06 seconds
      cpu time            0.06 seconds
      

22170      data WORK.Stat3_RULE(keep=Target Name Rank Numeric_Value StatVar rename=(numeric_value=Worth));
MPRINT(EM_DIAGRAM):    data WORK.Stat3_RULE(keep=Target Name Rank Numeric_Value StatVar rename=(numeric_value=Worth));
22171      label Target = "%sysfunc(sasmsg(sashelp.dmine, rpt_target_vlabel,      NOQUOTE))" Name = "%sysfunc(sasmsg(sashelp.dmine, rpt_variable_vlabel,    NOQUOTE))" Rank = "%sysfunc(sasmsg(sashelp.dmine, rpt_importance_vlabel,  NOQUOTE))" Numeric_Value =
22172         "%sysfunc(sasmsg(sashelp.dmine, rpt_worth_vlabel,       NOQUOTE))" StatVar = "%sysfunc(sasmsg(sashelp.dmine, rpt_analysisVar_vlabel, NOQUOTE))";
MPRINT(EM_DIAGRAM):   label Target = "Target" Name = "Variable" Rank = "Importance" Numeric_Value = "Worth" StatVar = "Analysis Variable";
22173      length Target $32 Name $32;
MPRINT(EM_DIAGRAM):   length Target $32 Name $32;
22174      retain TARGET "OG_Cases_in_Thousands" Name;
MPRINT(EM_DIAGRAM):   retain TARGET "OG_Cases_in_Thousands" Name;
22175      format STATVAR 6.0;
MPRINT(EM_DIAGRAM):   format STATVAR 6.0;
22176      set WORK.Stat3_RULE;
MPRINT(EM_DIAGRAM):   set WORK.Stat3_RULE;
22177      where stat in('VARIABLE','WORTH');
MPRINT(EM_DIAGRAM):   where stat in('VARIABLE','WORTH');
22178      if stat = 'VARIABLE' then Name = character_value;
MPRINT(EM_DIAGRAM):   if stat = 'VARIABLE' then Name = character_value;
22179      else do;
MPRINT(EM_DIAGRAM):   else do;
22180      if _N_<= 2*1000 then STATVAR=1;
MPRINT(EM_DIAGRAM):   if _N_<= 2*1000 then STATVAR=1;
22181      else STATVAR=0;
MPRINT(EM_DIAGRAM):   else STATVAR=0;
22182      output;
MPRINT(EM_DIAGRAM):   output;
22183      end;
MPRINT(EM_DIAGRAM):   end;
22184      run;
MPRINT(EM_DIAGRAM):   run;

NOTE: There were 8 observations read from the data set WORK.STAT3_RULE.
      WHERE stat in ('VARIABLE', 'WORTH');
NOTE: The data set WORK.STAT3_RULE has 4 observations and 5 variables.
NOTE: DATA statement used (Total process time):
      real time           0.00 seconds
      cpu time            0.00 seconds
      

22185      proc append base=EMWS1.Stat3_WORTH data=WORK.Stat3_RULE force;
MPRINT(EM_DIAGRAM):   proc append base=EMWS1.Stat3_WORTH data=WORK.Stat3_RULE force;
22186      run;
MPRINT(EM_DIAGRAM):   run;

NOTE: Appending WORK.STAT3_RULE to EMWS1.STAT3_WORTH.
NOTE: BASE data set does not exist. DATA file is being copied to BASE file.
NOTE: There were 4 observations read from the data set WORK.STAT3_RULE.
NOTE: The data set EMWS1.STAT3_WORTH has 4 observations and 5 variables.
NOTE: PROCEDURE APPEND used (Total process time):
      real time           0.00 seconds
      cpu time            0.01 seconds
      

22187      proc sort data=EMWS1.Stat3_WORTH nodupkey out=WORK.Stat3_SELVAR(keep=Name StatVar);
MPRINT(EM_DIAGRAM):    proc sort data=EMWS1.Stat3_WORTH nodupkey out=WORK.Stat3_SELVAR(keep=Name StatVar);
22188      by NAME;
MPRINT(EM_DIAGRAM):   by NAME;
22189      where statvar=1;
MPRINT(EM_DIAGRAM):   where statvar=1;
22190      run;
MPRINT(EM_DIAGRAM):   run;

NOTE: There were 4 observations read from the data set EMWS1.STAT3_WORTH.
      WHERE statvar=1;
NOTE: 0 observations with duplicate key values were deleted.
NOTE: The data set WORK.STAT3_SELVAR has 4 observations and 2 variables.
NOTE: PROCEDURE SORT used (Total process time):
      real time           0.00 seconds
      cpu time            0.00 seconds
      

22191      proc sort data=EMWS1.Stat3_WORTH;
MPRINT(EM_DIAGRAM):    proc sort data=EMWS1.Stat3_WORTH;
22192      by Rank;
MPRINT(EM_DIAGRAM):   by Rank;
22193      where statvar=1;
MPRINT(EM_DIAGRAM):   where statvar=1;
22194      run;
MPRINT(EM_DIAGRAM):   run;

NOTE: There were 4 observations read from the data set EMWS1.STAT3_WORTH.
      WHERE statvar=1;
NOTE: The data set EMWS1.STAT3_WORTH has 4 observations and 5 variables.
NOTE: PROCEDURE SORT used (Total process time):
      real time           0.00 seconds
      cpu time            0.00 seconds
      

22195      proc sort data=WORK.M2K5VN9D;
MPRINT(EM_DIAGRAM):    proc sort data=WORK.M2K5VN9D;
22196      by name;
MPRINT(EM_DIAGRAM):   by name;
22197      run;
MPRINT(EM_DIAGRAM):   run;

NOTE: There were 6 observations read from the data set WORK.M2K5VN9D.
NOTE: The data set WORK.M2K5VN9D has 6 observations and 21 variables.
NOTE: PROCEDURE SORT used (Total process time):
      real time           0.00 seconds
      cpu time            0.00 seconds
      

22198      data WORK.Stat3_analysisMeta;
MPRINT(EM_DIAGRAM):   data WORK.Stat3_analysisMeta;
22199      merge WORK.M2K5VN9D WORK.Stat3_SELVAR(in=_a);
MPRINT(EM_DIAGRAM):   merge WORK.M2K5VN9D WORK.Stat3_SELVAR(in=_a);
22200      by name;
MPRINT(EM_DIAGRAM):   by name;
22201      if _a then STATVAR = 1;
MPRINT(EM_DIAGRAM):   if _a then STATVAR = 1;
22202      else if ROLE in('INPUT', 'REJECTED') and REPORT ne 'Y' then delete;
MPRINT(EM_DIAGRAM):   else if ROLE in('INPUT', 'REJECTED') and REPORT ne 'Y' then delete;
22203      if REPORT eq 'Y' then STATVAR = 1;
MPRINT(EM_DIAGRAM):   if REPORT eq 'Y' then STATVAR = 1;
22204      run;
MPRINT(EM_DIAGRAM):   run;

NOTE: There were 6 observations read from the data set WORK.M2K5VN9D.
NOTE: There were 4 observations read from the data set WORK.STAT3_SELVAR.
NOTE: The data set WORK.STAT3_ANALYSISMETA has 6 observations and 22 variables.
NOTE: DATA statement used (Total process time):
      real time           0.00 seconds
      cpu time            0.00 seconds
      

22205      data WORK.M0NV2CMT;
MPRINT(EM_DIAGRAM):    data WORK.M0NV2CMT;
22206      set WORK.M0NV2CMT;
MPRINT(EM_DIAGRAM):   set WORK.M0NV2CMT;
22207      where(use = 'Y' or Report='Y' or (role in('TARGET' 'FREQ' 'PREDICT' 'RESIDUAL' 'INPUT') and use = 'D'));
MPRINT(EM_DIAGRAM):   where(use = 'Y' or Report='Y' or (role in('TARGET' 'FREQ' 'PREDICT' 'RESIDUAL' 'INPUT') and use = 'D'));
22208      if ROLE = 'SEGMENT' then delete;
MPRINT(EM_DIAGRAM):   if ROLE = 'SEGMENT' then delete;
22209      else if ROLE ^in('FREQ','TARGET') then role = 'INPUT';
MPRINT(EM_DIAGRAM):   else if ROLE ^in('FREQ','TARGET') then role = 'INPUT';
22210      run;
MPRINT(EM_DIAGRAM):   run;

NOTE: There were 6 observations read from the data set WORK.M0NV2CMT.
      WHERE (use='Y') or (Report='Y') or (role in ('FREQ', 'INPUT', 'PREDICT', 'RESIDUAL', 'TARGET') and (use='D'));
NOTE: The data set WORK.M0NV2CMT has 6 observations and 22 variables.
NOTE: DATA statement used (Total process time):
      real time           0.00 seconds
      cpu time            0.00 seconds
      

22211      data WORK.M3QDROTQ;
MPRINT(EM_DIAGRAM):    data WORK.M3QDROTQ;
22212      set WORK.M3QDROTQ;
MPRINT(EM_DIAGRAM):   set WORK.M3QDROTQ;
22213      where(use = 'Y' or Report='Y' or (role in('SEGMENT', 'TARGET' 'FREQ' 'PREDICT' 'RESIDUAL' 'INPUT') and use = 'D'));
MPRINT(EM_DIAGRAM):   where(use = 'Y' or Report='Y' or (role in('SEGMENT', 'TARGET' 'FREQ' 'PREDICT' 'RESIDUAL' 'INPUT') and use = 'D'));
22214      if ROLE ne 'FREQ' then role = 'INPUT';
MPRINT(EM_DIAGRAM):   if ROLE ne 'FREQ' then role = 'INPUT';
22215      run;
MPRINT(EM_DIAGRAM):   run;

NOTE: There were 6 observations read from the data set WORK.M3QDROTQ.
      WHERE (use='Y') or (Report='Y') or (role in ('FREQ', 'INPUT', 'PREDICT', 'RESIDUAL', 'SEGMENT', 'TARGET') and (use='D'));
NOTE: The data set WORK.M3QDROTQ has 6 observations and 22 variables.
NOTE: DATA statement used (Total process time):
      real time           0.00 seconds
      cpu time            0.00 seconds
      

22216      *------------------------------------------------------------*;
MPRINT(EM_DIAGRAM):    *------------------------------------------------------------*;
22217      * Stat3: Computing Statistics for Interval Variables;
MPRINT(EM_DIAGRAM):   * Stat3: Computing Statistics for Interval Variables;
22218      *------------------------------------------------------------*;
MPRINT(EM_DIAGRAM):   *------------------------------------------------------------*;
22219      proc dmdb data=EMWS1.Ids_DATA(obs=100000) nonorm maxlevel=513
22220      varout=work._DMDBVAR(RENAME=(NAME=VARIABLE))
22221      classout=WORK.Stat3CLASS(drop=NMISSPERCENT rename=(NAME=VARIABLE FREQUENCY=COUNT FREQPERCENT=PERCENT))
22222      ;
MPRINT(EM_DIAGRAM):   proc dmdb data=EMWS1.Ids_DATA(obs=100000) nonorm maxlevel=513 varout=work._DMDBVAR(RENAME=(NAME=VARIABLE)) classout=WORK.Stat3CLASS(drop=NMISSPERCENT rename=(NAME=VARIABLE FREQUENCY=COUNT FREQPERCENT=PERCENT)) ;
22223      var
22224      OG_Cases_in_Thousands Projected_Sum_Pop Year
22225      ;
MPRINT(EM_DIAGRAM):   var OG_Cases_in_Thousands Projected_Sum_Pop Year ;
22226      class
22227      Age_group Disease Gender
22228      ;
MPRINT(EM_DIAGRAM):   class Age_group Disease Gender ;
22229      ;
MPRINT(EM_DIAGRAM):   ;
22230      run;
MPRINT(EM_DIAGRAM):   run;

NOTE: Records processed = 1575   Memory used = 511K.
NOTE: View EMWS1.IDS_DATA.VIEW used (Total process time):
      real time           0.01 seconds
      cpu time            0.01 seconds
      
NOTE: There were 1575 observations read from the data set DISEASE.OG_DISEASE_AND_PROJECTED.
NOTE: There were 1575 observations read from the data set EMWS1.IDS_DATA.
NOTE: The data set WORK._DMDBVAR has 3 observations and 9 variables.
NOTE: The data set WORK.STAT3CLASS has 13 observations and 8 variables.
NOTE: PROCEDURE DMDB used (Total process time):
      real time           0.02 seconds
      cpu time            0.01 seconds
      

22231      proc stdize data = EMWS1.Ids_DATA(obs=100000) out=_null_ outstat=work._STDIZE add=0 fuzz=1E-14 initial=MAD vardef=df method=STD mult=1 pctlmtd=ORD_STAT pctldef=2 pctlpts=(0 5 50 95 100);
MPRINT(EM_DIAGRAM):   proc stdize data = EMWS1.Ids_DATA(obs=100000) out=_null_ outstat=work._STDIZE add=0 fuzz=1E-14 initial=MAD vardef=df method=STD mult=1 pctlmtd=ORD_STAT pctldef=2 pctlpts=(0 5 50 95 100);
22232      var
22233      OG_Cases_in_Thousands Projected_Sum_Pop Year
22234      ;
MPRINT(EM_DIAGRAM):   var OG_Cases_in_Thousands Projected_Sum_Pop Year ;
22235      run;
MPRINT(EM_DIAGRAM):   run;

NOTE: INITIAL= will be ignored.
NOTE: View EMWS1.IDS_DATA.VIEW used (Total process time):
      real time           0.05 seconds
      cpu time            0.06 seconds
      
NOTE: There were 1575 observations read from the data set DISEASE.OG_DISEASE_AND_PROJECTED.
NOTE: There were 1575 observations read from the data set EMWS1.IDS_DATA.
NOTE: The data set WORK._STDIZE has 13 observations and 4 variables.
NOTE: PROCEDURE STDIZE used (Total process time):
      real time           0.05 seconds
      cpu time            0.06 seconds
      

22236      proc transpose data=work._STDIZE out=work._TRANSSTDIZE(drop=_LABEL_ rename=(_NAME_=VARIABLE));
MPRINT(EM_DIAGRAM):   proc transpose data=work._STDIZE out=work._TRANSSTDIZE(drop=_LABEL_ rename=(_NAME_=VARIABLE));
22237      id _type_;
MPRINT(EM_DIAGRAM):   id _type_;
22238      where _TYPE_='P50';
MPRINT(EM_DIAGRAM):   where _TYPE_='P50';
22239      run;
MPRINT(EM_DIAGRAM):   run;

WARNING: The variable _LABEL_ in the DROP, KEEP, or RENAME list has never been referenced.
NOTE: There were 1 observations read from the data set WORK._STDIZE.
      WHERE _TYPE_='P50';
NOTE: The data set WORK._TRANSSTDIZE has 3 observations and 2 variables.
NOTE: PROCEDURE TRANSPOSE used (Total process time):
      real time           0.00 seconds
      cpu time            0.01 seconds
      

22240      proc sort data=work._TRANSSTDIZE;
MPRINT(EM_DIAGRAM):   proc sort data=work._TRANSSTDIZE;
22241      by VARIABLE;
MPRINT(EM_DIAGRAM):   by VARIABLE;
22242      run;
MPRINT(EM_DIAGRAM):   run;

NOTE: There were 3 observations read from the data set WORK._TRANSSTDIZE.
NOTE: The data set WORK._TRANSSTDIZE has 3 observations and 2 variables.
NOTE: PROCEDURE SORT used (Total process time):
      real time           0.00 seconds
      cpu time            0.00 seconds
      

22243      proc sort data=work._DMDBVAR;
MPRINT(EM_DIAGRAM):   proc sort data=work._DMDBVAR;
22244      by VARIABLE;
MPRINT(EM_DIAGRAM):   by VARIABLE;
22245      run;
MPRINT(EM_DIAGRAM):   run;

NOTE: There were 3 observations read from the data set WORK._DMDBVAR.
NOTE: The data set WORK._DMDBVAR has 3 observations and 9 variables.
NOTE: PROCEDURE SORT used (Total process time):
      real time           0.00 seconds
      cpu time            0.00 seconds
      

22246      data WORK.Stat3INTERVAL;
MPRINT(EM_DIAGRAM):   data WORK.Stat3INTERVAL;
22247      merge work._TRANSSTDIZE work._DMDBVAR;
MPRINT(EM_DIAGRAM):   merge work._TRANSSTDIZE work._DMDBVAR;
22248      format N NMISS 8. MIN MAX P50 MEAN STD SKEWNESS KURTOSIS BEST8.3;
MPRINT(EM_DIAGRAM):   format N NMISS 8. MIN MAX P50 MEAN STD SKEWNESS KURTOSIS BEST8.3;
22249      by VARIABLE;
MPRINT(EM_DIAGRAM):   by VARIABLE;
22250      run;
MPRINT(EM_DIAGRAM):   run;

WARNING: Multiple lengths were specified for the BY variable VARIABLE by input data sets. This might cause unexpected results.
NOTE: There were 3 observations read from the data set WORK._TRANSSTDIZE.
NOTE: There were 3 observations read from the data set WORK._DMDBVAR.
NOTE: The data set WORK.STAT3INTERVAL has 3 observations and 10 variables.
NOTE: DATA statement used (Total process time):
      real time           0.00 seconds
      cpu time            0.00 seconds
      

22251      proc sort data=WORK.Stat3CLASS;
MPRINT(EM_DIAGRAM):    proc sort data=WORK.Stat3CLASS;
22252      by Variable Level;
MPRINT(EM_DIAGRAM):   by Variable Level;
22253      run;
MPRINT(EM_DIAGRAM):   run;

NOTE: There were 13 observations read from the data set WORK.STAT3CLASS.
NOTE: The data set WORK.STAT3CLASS has 13 observations and 8 variables.
NOTE: PROCEDURE SORT used (Total process time):
      real time           0.00 seconds
      cpu time            0.00 seconds
      

NOTE: There were 13 observations read from the data set WORK._STDIZE.
NOTE: The data set EMWS1.STAT3_TRAINPCTLS has 13 observations and 4 variables.
22254      data colorindex;
MPRINT(EM_DIAGRAM):    data colorindex;
22255      retain LevelIndex 0;
MPRINT(EM_DIAGRAM):   retain LevelIndex 0;
22256      set WORK.Stat3CLASS(keep=Variable Level);
MPRINT(EM_DIAGRAM):   set WORK.Stat3CLASS(keep=Variable Level);
22257      by variable level;
MPRINT(EM_DIAGRAM):   by variable level;
22258      if first.variable then LevelIndex = 0;
MPRINT(EM_DIAGRAM):   if first.variable then LevelIndex = 0;
22259      if first.level then LevelIndex + 1;
MPRINT(EM_DIAGRAM):   if first.level then LevelIndex + 1;
22260      run;
MPRINT(EM_DIAGRAM):   run;

NOTE: There were 13 observations read from the data set WORK.STAT3CLASS.
NOTE: The data set WORK.COLORINDEX has 13 observations and 3 variables.
NOTE: DATA statement used (Total process time):
      real time           0.00 seconds
      cpu time            0.00 seconds
      

22261      data WORK.Stat3CLASS;
MPRINT(EM_DIAGRAM):    data WORK.Stat3CLASS;
22262      merge WORK.Stat3CLASS(in=_a) colorindex;
MPRINT(EM_DIAGRAM):   merge WORK.Stat3CLASS(in=_a) colorindex;
22263      by variable level;
MPRINT(EM_DIAGRAM):   by variable level;
22264      if _a then output;
MPRINT(EM_DIAGRAM):   if _a then output;
22265      run;
MPRINT(EM_DIAGRAM):   run;

NOTE: There were 13 observations read from the data set WORK.STAT3CLASS.
NOTE: There were 13 observations read from the data set WORK.COLORINDEX.
NOTE: The data set WORK.STAT3CLASS has 13 observations and 9 variables.
NOTE: DATA statement used (Total process time):
      real time           0.00 seconds
      cpu time            0.00 seconds
      

22266      data WORK.Stat3INTERVAL;
MPRINT(EM_DIAGRAM):    data WORK.Stat3INTERVAL;
22267      length DATAROLE $20;
MPRINT(EM_DIAGRAM):   length DATAROLE $20;
22268      retain DATAROLE "TRAIN";
MPRINT(EM_DIAGRAM):   retain DATAROLE "TRAIN";
22269      set WORK.Stat3INTERVAL;
MPRINT(EM_DIAGRAM):   set WORK.Stat3INTERVAL;
22270      run;
MPRINT(EM_DIAGRAM):   run;

NOTE: There were 3 observations read from the data set WORK.STAT3INTERVAL.
NOTE: The data set WORK.STAT3INTERVAL has 3 observations and 11 variables.
NOTE: DATA statement used (Total process time):
      real time           0.00 seconds
      cpu time            0.00 seconds
      

22271      proc append base=EMWS1.Stat3_INTERVAL data=WORK.Stat3INTERVAL force;
MPRINT(EM_DIAGRAM):   proc append base=EMWS1.Stat3_INTERVAL data=WORK.Stat3INTERVAL force;
22272      run;
MPRINT(EM_DIAGRAM):   run;

NOTE: Appending WORK.STAT3INTERVAL to EMWS1.STAT3_INTERVAL.
NOTE: BASE data set does not exist. DATA file is being copied to BASE file.
NOTE: There were 3 observations read from the data set WORK.STAT3INTERVAL.
NOTE: The data set EMWS1.STAT3_INTERVAL has 3 observations and 11 variables.
NOTE: PROCEDURE APPEND used (Total process time):
      real time           0.00 seconds
      cpu time            0.00 seconds
      

22273      data WORK.Stat3CLASS;
MPRINT(EM_DIAGRAM):    data WORK.Stat3CLASS;
22274      length DATAROLE $20;
MPRINT(EM_DIAGRAM):   length DATAROLE $20;
22275      retain DATAROLE "TRAIN";
MPRINT(EM_DIAGRAM):   retain DATAROLE "TRAIN";
22276      set WORK.Stat3CLASS;
MPRINT(EM_DIAGRAM):   set WORK.Stat3CLASS;
22277      run;
MPRINT(EM_DIAGRAM):   run;

NOTE: There were 13 observations read from the data set WORK.STAT3CLASS.
NOTE: The data set WORK.STAT3CLASS has 13 observations and 10 variables.
NOTE: DATA statement used (Total process time):
      real time           0.00 seconds
      cpu time            0.00 seconds
      

22278      proc append base=EMWS1.Stat3_CLASS data=WORK.Stat3CLASS force;
MPRINT(EM_DIAGRAM):   proc append base=EMWS1.Stat3_CLASS data=WORK.Stat3CLASS force;
22279      run;
MPRINT(EM_DIAGRAM):   run;

NOTE: Appending WORK.STAT3CLASS to EMWS1.STAT3_CLASS.
NOTE: BASE data set does not exist. DATA file is being copied to BASE file.
NOTE: There were 13 observations read from the data set WORK.STAT3CLASS.
NOTE: The data set EMWS1.STAT3_CLASS has 13 observations and 10 variables.
NOTE: PROCEDURE APPEND used (Total process time):
      real time           0.00 seconds
      cpu time            0.00 seconds
      

22280      proc sort data=EMWS1.Stat3_VariableSet out=tempVariable(keep=name label role rename=(name=variable));
MPRINT(EM_DIAGRAM):    proc sort data=EMWS1.Stat3_VariableSet out=tempVariable(keep=name label role rename=(name=variable));
22281      by name;
MPRINT(EM_DIAGRAM):   by name;
22282      run;
MPRINT(EM_DIAGRAM):   run;

NOTE: There were 6 observations read from the data set EMWS1.STAT3_VARIABLESET.
NOTE: The data set WORK.TEMPVARIABLE has 6 observations and 3 variables.
NOTE: PROCEDURE SORT used (Total process time):
      real time           0.00 seconds
      cpu time            0.00 seconds
      

22283      proc sort data=EMWS1.Stat3_CLASS;
MPRINT(EM_DIAGRAM):   proc sort data=EMWS1.Stat3_CLASS;
22284      by Variable;
MPRINT(EM_DIAGRAM):   by Variable;
22285      run;
MPRINT(EM_DIAGRAM):   run;

NOTE: There were 13 observations read from the data set EMWS1.STAT3_CLASS.
NOTE: The data set EMWS1.STAT3_CLASS has 13 observations and 10 variables.
NOTE: PROCEDURE SORT used (Total process time):
      real time           0.00 seconds
      cpu time            0.00 seconds
      

22286      data EMWS1.Stat3_CLASS;
MPRINT(EM_DIAGRAM):   data EMWS1.Stat3_CLASS;
22287      merge EMWS1.Stat3_CLASS(in=_a) tempVariable;
MPRINT(EM_DIAGRAM):   merge EMWS1.Stat3_CLASS(in=_a) tempVariable;
22288      by variable;
MPRINT(EM_DIAGRAM):   by variable;
22289      if label = '' then label=Variable;
MPRINT(EM_DIAGRAM):   if label = '' then label=Variable;
22290      if _a then output;
MPRINT(EM_DIAGRAM):   if _a then output;
22291      run;
MPRINT(EM_DIAGRAM):   run;

WARNING: Multiple lengths were specified for the BY variable VARIABLE by input data sets. This might cause unexpected results.
NOTE: There were 13 observations read from the data set EMWS1.STAT3_CLASS.
NOTE: There were 6 observations read from the data set WORK.TEMPVARIABLE.
NOTE: The data set EMWS1.STAT3_CLASS has 13 observations and 12 variables.
NOTE: DATA statement used (Total process time):
      real time           0.01 seconds
      cpu time            0.01 seconds
      

22292      run;
MPRINT(EM_DIAGRAM):    run;
22293      proc sort data=EMWS1.Stat3_VariableSet out=tempVariable(keep=name label role rename=(name=variable));
MPRINT(EM_DIAGRAM):   proc sort data=EMWS1.Stat3_VariableSet out=tempVariable(keep=name label role rename=(name=variable));
22294      by name;
MPRINT(EM_DIAGRAM):   by name;
22295      run;
MPRINT(EM_DIAGRAM):   run;

NOTE: There were 6 observations read from the data set EMWS1.STAT3_VARIABLESET.
NOTE: The data set WORK.TEMPVARIABLE has 6 observations and 3 variables.
NOTE: PROCEDURE SORT used (Total process time):
      real time           0.00 seconds
      cpu time            0.01 seconds
      

22296      proc sort data=EMWS1.Stat3_INTERVAL;
MPRINT(EM_DIAGRAM):   proc sort data=EMWS1.Stat3_INTERVAL;
22297      by Variable;
MPRINT(EM_DIAGRAM):   by Variable;
22298      run;
MPRINT(EM_DIAGRAM):   run;

NOTE: There were 3 observations read from the data set EMWS1.STAT3_INTERVAL.
NOTE: The data set EMWS1.STAT3_INTERVAL has 3 observations and 11 variables.
NOTE: PROCEDURE SORT used (Total process time):
      real time           0.00 seconds
      cpu time            0.00 seconds
      

22299      data EMWS1.Stat3_INTERVAL;
MPRINT(EM_DIAGRAM):   data EMWS1.Stat3_INTERVAL;
22300      merge EMWS1.Stat3_INTERVAL(in=_a) tempVariable;
MPRINT(EM_DIAGRAM):   merge EMWS1.Stat3_INTERVAL(in=_a) tempVariable;
22301      by variable;
MPRINT(EM_DIAGRAM):   by variable;
22302      if label = '' then label=Variable;
MPRINT(EM_DIAGRAM):   if label = '' then label=Variable;
22303      if _a then output;
MPRINT(EM_DIAGRAM):   if _a then output;
22304      run;
MPRINT(EM_DIAGRAM):   run;

WARNING: Multiple lengths were specified for the BY variable VARIABLE by input data sets. This might cause unexpected results.
NOTE: There were 3 observations read from the data set EMWS1.STAT3_INTERVAL.
NOTE: There were 6 observations read from the data set WORK.TEMPVARIABLE.
NOTE: The data set EMWS1.STAT3_INTERVAL has 3 observations and 13 variables.
NOTE: DATA statement used (Total process time):
      real time           0.00 seconds
      cpu time            0.00 seconds
      

22305      proc datasets library=EMWS1 nolist;
MPRINT(EM_DIAGRAM):   proc datasets library=EMWS1 nolist;
22306      modify Stat3_INTERVAL;
MPRINT(EM_DIAGRAM):   modify Stat3_INTERVAL;
MPRINT(EM_DIAGRAM):   label DATAROLE = "Data Role";
22307      label DATAROLE = "%sysfunc(sasmsg(sashelp.dmine, rpt_datarole_vlabel, NOQUOTE))";
MPRINT(EM_DIAGRAM):   label Variable = "Variable";
22308      label Variable = "%sysfunc(sasmsg(sashelp.dmine, rpt_variable_vlabel, NOQUOTE))";
MPRINT(EM_DIAGRAM):   label MEAN = "Mean";
22309      label MEAN = "%sysfunc(sasmsg(sashelp.dmine, rpt_mean_vlabel,    NOQUOTE))";
MPRINT(EM_DIAGRAM):   label N = "Non Missing";
22310      label N = "%sysfunc(sasmsg(sashelp.dmine, rpt_nonMiss_vlabel, NOQUOTE))";
MPRINT(EM_DIAGRAM):   label STD = "Standard Deviation";
22311      label STD = "%sysfunc(sasmsg(sashelp.dmine, rpt_std_vlabel,     NOQUOTE))";
MPRINT(EM_DIAGRAM):   label NMISS = "Missing";
22312      label NMISS = "%sysfunc(sasmsg(sashelp.dmine, rpt_missing_vlabel, NOQUOTE))";
MPRINT(EM_DIAGRAM):   label p50 = "Median";
22313      label p50 = "%sysfunc(sasmsg(sashelp.dmine, rpt_median_vlabel, NOQUOTE))";
MPRINT(EM_DIAGRAM):   label MIN = "Minimum";
22314      label MIN = "%sysfunc(sasmsg(sashelp.dmine, rpt_minimum_vlabel, NOQUOTE))";
MPRINT(EM_DIAGRAM):   label MAX = "Maximum";
22315      label MAX = "%sysfunc(sasmsg(sashelp.dmine, rpt_maximum_vlabel, NOQUOTE))";
MPRINT(EM_DIAGRAM):   label SKEWNESS = "Skewness";
22316      label SKEWNESS = "%sysfunc(sasmsg(sashelp.dmine, rpt_skewness_vlabel, NOQUOTE))";
MPRINT(EM_DIAGRAM):   label KURTOSIS = "Kurtosis";
22317      label KURTOSIS = "%sysfunc(sasmsg(sashelp.dmine, rpt_kurtosis_vlabel, NOQUOTE))";
MPRINT(EM_DIAGRAM):   run;
22318      run;

NOTE: MODIFY was successful for EMWS1.STAT3_INTERVAL.DATA.

NOTE: PROCEDURE DATASETS used (Total process time):
      real time           0.00 seconds
      cpu time            0.01 seconds
      

22319      proc sort data=EMWS1.Stat3_CLASS NOTHREADS;
MPRINT(EM_DIAGRAM):   proc sort data=EMWS1.Stat3_CLASS NOTHREADS;
22320      by DATAROLE ROLE Variable descending COUNT;
MPRINT(EM_DIAGRAM):   by DATAROLE ROLE Variable descending COUNT;
22321      run;
MPRINT(EM_DIAGRAM):   run;

NOTE: There were 13 observations read from the data set EMWS1.STAT3_CLASS.
NOTE: The data set EMWS1.STAT3_CLASS has 13 observations and 12 variables.
NOTE: PROCEDURE SORT used (Total process time):
      real time           0.00 seconds
      cpu time            0.00 seconds
      

22322      data WORK.Stat3CLASS(keep=DATAROLE Variable ROLE Numcat Nmiss Mode ModePct Mode2 Mode2Pct);
MPRINT(EM_DIAGRAM):   data WORK.Stat3CLASS(keep=DATAROLE Variable ROLE Numcat Nmiss Mode ModePct Mode2 Mode2Pct);
22323      set EMWS1.Stat3_CLASS;
MPRINT(EM_DIAGRAM):   set EMWS1.Stat3_CLASS;
22324      length Mode Mode2 $32;
MPRINT(EM_DIAGRAM):   length Mode Mode2 $32;
22325      retain NMiss 0 ModePct 0 Mode2Pct 0 Mode '' Mode2 '';
MPRINT(EM_DIAGRAM):   retain NMiss 0 ModePct 0 Mode2Pct 0 Mode '' Mode2 '';
22326      by DATAROLE ROLE Variable;
MPRINT(EM_DIAGRAM):   by DATAROLE ROLE Variable;
22327      if first.DATAROLE or first.variable then do;
MPRINT(EM_DIAGRAM):   if first.DATAROLE or first.variable then do;
22328      Numcat = 1;
MPRINT(EM_DIAGRAM):   Numcat = 1;
22329      NMiss = 0;
MPRINT(EM_DIAGRAM):   NMiss = 0;
22330      Mode = strip(LEVEL);
MPRINT(EM_DIAGRAM):   Mode = strip(LEVEL);
22331      ModePct = PERCENT;
MPRINT(EM_DIAGRAM):   ModePct = PERCENT;
22332      Mode2 = '';
MPRINT(EM_DIAGRAM):   Mode2 = '';
22333      Mode2Pct = 0;
MPRINT(EM_DIAGRAM):   Mode2Pct = 0;
22334      end;
MPRINT(EM_DIAGRAM):   end;
22335      else Numcat +1;
MPRINT(EM_DIAGRAM):   else Numcat +1;
22336      if Numcat =2 then do;
MPRINT(EM_DIAGRAM):   if Numcat =2 then do;
22337      Mode2 = strip(LEVEL);
MPRINT(EM_DIAGRAM):   Mode2 = strip(LEVEL);
22338      Mode2Pct = PERCENT;
MPRINT(EM_DIAGRAM):   Mode2Pct = PERCENT;
22339      end;
MPRINT(EM_DIAGRAM):   end;
22340      if NRAW=. and CRAW='' then NMiss= COUNT;
MPRINT(EM_DIAGRAM):   if NRAW=. and CRAW='' then NMiss= COUNT;
22341      if last.DATAROLE or last.variable then output;
MPRINT(EM_DIAGRAM):   if last.DATAROLE or last.variable then output;
22342      run;
MPRINT(EM_DIAGRAM):   run;

NOTE: There were 13 observations read from the data set EMWS1.STAT3_CLASS.
NOTE: The data set WORK.STAT3CLASS has 3 observations and 9 variables.
NOTE: DATA statement used (Total process time):
      real time           0.00 seconds
      cpu time            0.01 seconds
      

22343      %let _cn = %sysfunc(getoption(CENTER));
22344      %let _nb = %sysfunc(getoption(NUMBER));
22345      options nonumber nocenter;
MPRINT(EM_DIAGRAM):   options nonumber nocenter;
22346      title;
MPRINT(EM_DIAGRAM):   title;
22347      title9 ' ';
MPRINT(EM_DIAGRAM):   title9 ' ';
22348      proc print data=WORK.Stat3CLASS(obs=500) label noobs;
MPRINT(EM_DIAGRAM):   proc print data=WORK.Stat3CLASS(obs=500) label noobs;
22349      var DATAROLE VARIABLE ROLE NUMCAT NMISS Mode ModePct Mode2 Mode2Pct;
MPRINT(EM_DIAGRAM):   var DATAROLE VARIABLE ROLE NUMCAT NMISS Mode ModePct Mode2 Mode2Pct;
22350      label DATAROLE = "%sysfunc(sasmsg(sashelp.dmine, rpt_datarole_vlabel, NOQUOTE))" ROLE = "%sysfunc(sasmsg(sashelp.dmine, meta_role_vlabel, NOQUOTE))" NUMCAT = "%sysfunc(sasmsg(sashelp.dmine, rpt_numcat_vlabel,   NOQUOTE))" NMISS =
22351         "%sysfunc(sasmsg(sashelp.dmine, rpt_missing_vlabel,  NOQUOTE))" MODE = "%sysfunc(sasmsg(sashelp.dmine, rpt_mode_vlabel,     NOQUOTE))" MODEPCT = "%sysfunc(sasmsg(sashelp.dmine, rpt_modepct_vlabel,  NOQUOTE))" MODE2 =
22352         "%sysfunc(sasmsg(sashelp.dmine, rpt_mode2_vlabel,     NOQUOTE))" MODE2PCT = "%sysfunc(sasmsg(sashelp.dmine, rpt_mode2pct_vlabel, NOQUOTE))";
MPRINT(EM_DIAGRAM):   label DATAROLE = "Data Role" ROLE = "Role" NUMCAT = "Number of Levels" NMISS = "Missing" MODE = "Mode" MODEPCT = "Mode Percentage" MODE2 = "Mode2" MODE2PCT = "Mode2 Percentage";
22353      format ModePct Mode2Pct 5.2;
MPRINT(EM_DIAGRAM):   format ModePct Mode2Pct 5.2;
22354      by DATAROLE;
MPRINT(EM_DIAGRAM):   by DATAROLE;
22355      title9 "%sysfunc(sasmsg(sashelp.dmine, rpt_classStats_title,     NOQUOTE))";
MPRINT(EM_DIAGRAM):   title9 "Class Variable Summary Statistics";
22356      title10 "%sysfunc(sasmsg(sashelp.dmine, rpt_maxObsPrinted_title,  NOQUOTE))";
MPRINT(EM_DIAGRAM):   title10 "(maximum 500 observations printed)";
MPRINT(EM_DIAGRAM):   run;
22357      run;

NOTE: There were 3 observations read from the data set WORK.STAT3CLASS.
NOTE: The PROCEDURE PRINT printed page 2.
NOTE: PROCEDURE PRINT used (Total process time):
      real time           0.00 seconds
      cpu time            0.00 seconds
      

22358      title9;
MPRINT(EM_DIAGRAM):   title9;
22359      title10;
MPRINT(EM_DIAGRAM):   title10;
22360      options &_cn &_nb;
MPRINT(EM_DIAGRAM):   options NOCENTER NONUMBER;
22361      data WORK.Stat3INTERVALSUMMARY;
MPRINT(EM_DIAGRAM):    data WORK.Stat3INTERVALSUMMARY;
22362      set EMWS1.Stat3_INTERVAL;
MPRINT(EM_DIAGRAM):   set EMWS1.Stat3_INTERVAL;
22363      length ROLE $32;
MPRINT(EM_DIAGRAM):   length ROLE $32;
22364      if Variable = "OG_Cases_in_Thousands" then ROLE="TARGET";
MPRINT(EM_DIAGRAM):   if Variable = "OG_Cases_in_Thousands" then ROLE="TARGET";
22365      else
22366      if Variable = "Projected_Sum_Pop" then ROLE="INPUT";
MPRINT(EM_DIAGRAM):   else if Variable = "Projected_Sum_Pop" then ROLE="INPUT";
22367      else
22368      if Variable = "Year" then ROLE="INPUT";
MPRINT(EM_DIAGRAM):   else if Variable = "Year" then ROLE="INPUT";
22369      run;
MPRINT(EM_DIAGRAM):   run;

NOTE: There were 3 observations read from the data set EMWS1.STAT3_INTERVAL.
NOTE: The data set WORK.STAT3INTERVALSUMMARY has 3 observations and 13 variables.
NOTE: DATA statement used (Total process time):
      real time           0.00 seconds
      cpu time            0.00 seconds
      

22370      proc sort data=WORK.Stat3INTERVALSUMMARY NOTHREADS;
MPRINT(EM_DIAGRAM):    proc sort data=WORK.Stat3INTERVALSUMMARY NOTHREADS;
22371      by DATAROLE ROLE Variable;
MPRINT(EM_DIAGRAM):   by DATAROLE ROLE Variable;
22372      run;
MPRINT(EM_DIAGRAM):   run;

NOTE: There were 3 observations read from the data set WORK.STAT3INTERVALSUMMARY.
NOTE: The data set WORK.STAT3INTERVALSUMMARY has 3 observations and 13 variables.
NOTE: PROCEDURE SORT used (Total process time):
      real time           0.00 seconds
      cpu time            0.01 seconds
      

22373      %let _cn = %sysfunc(getoption(CENTER));
22374      %let _nb = %sysfunc(getoption(NUMBER));
22375      options nonumber nocenter;
MPRINT(EM_DIAGRAM):   options nonumber nocenter;
22376      title;
MPRINT(EM_DIAGRAM):   title;
22377      proc print data=WORK.Stat3INTERVALSUMMARY(obs=500) label noobs;
MPRINT(EM_DIAGRAM):   proc print data=WORK.Stat3INTERVALSUMMARY(obs=500) label noobs;
22378      var Variable ROLE MEAN STD N NMISS MIN P50 MAX SKEWNESS KURTOSIS;
MPRINT(EM_DIAGRAM):   var Variable ROLE MEAN STD N NMISS MIN P50 MAX SKEWNESS KURTOSIS;
22379      by DATAROLE;
MPRINT(EM_DIAGRAM):   by DATAROLE;
22380      title9 "%sysfunc(sasmsg(sashelp.dmine, rpt_intervalStats_title, NOQUOTE))";
MPRINT(EM_DIAGRAM):   title9 "Interval Variable Summary Statistics";
22381      title10 "%sysfunc(sasmsg(sashelp.dmine, rpt_maxObsPrinted_title, NOQUOTE))";
MPRINT(EM_DIAGRAM):   title10 "(maximum 500 observations printed)";
MPRINT(EM_DIAGRAM):   run;
22382      run;

NOTE: There were 3 observations read from the data set WORK.STAT3INTERVALSUMMARY.
NOTE: The PROCEDURE PRINT printed page 3.
NOTE: PROCEDURE PRINT used (Total process time):
      real time           0.00 seconds
      cpu time            0.00 seconds
      

22383      title9;
MPRINT(EM_DIAGRAM):   title9;
22384      title10;
MPRINT(EM_DIAGRAM):   title10;
22385      options &_cn &_nb;
MPRINT(EM_DIAGRAM):   options NOCENTER NONUMBER;
22386      *------------------------------------------------------------*;
MPRINT(EM_DIAGRAM):    *------------------------------------------------------------*;
22387      * Stat3: Computing Correlation Statistics;
MPRINT(EM_DIAGRAM):   * Stat3: Computing Correlation Statistics;
22388      *------------------------------------------------------------*;
MPRINT(EM_DIAGRAM):   *------------------------------------------------------------*;
22389      proc corr data=EMWS1.Ids_DATA(obs=100000)
22390      pearson outp = WORK.Stat3_TEMP
22391      noprint
22392      ;
MPRINT(EM_DIAGRAM):   proc corr data=EMWS1.Ids_DATA(obs=100000) pearson outp = WORK.Stat3_TEMP noprint ;
22393      var
22394      OG_Cases_in_Thousands
22395      ;
MPRINT(EM_DIAGRAM):   var OG_Cases_in_Thousands ;
22396      with
22397      OG_Cases_in_Thousands
22398      Projected_Sum_Pop
22399      Year
22400      ;
MPRINT(EM_DIAGRAM):   with OG_Cases_in_Thousands Projected_Sum_Pop Year ;
22401      ;
MPRINT(EM_DIAGRAM):   ;
22402      run;
MPRINT(EM_DIAGRAM):   run;

NOTE: View EMWS1.IDS_DATA.VIEW used (Total process time):
      real time           0.05 seconds
      cpu time            0.04 seconds
      
NOTE: There were 1575 observations read from the data set DISEASE.OG_DISEASE_AND_PROJECTED.
NOTE: The data set WORK.STAT3_TEMP has 6 observations and 3 variables.
NOTE: PROCEDURE CORR used (Total process time):
      real time           0.05 seconds
      cpu time            0.04 seconds
      

MPRINT(EM_DIAGRAM):   quit;
22403      quit;

22404      data WORK.Stat3CORR;
MPRINT(EM_DIAGRAM):    data WORK.Stat3CORR;
22405      length CORRTYPE $8;
MPRINT(EM_DIAGRAM):   length CORRTYPE $8;
22406      drop _TYPE_;
MPRINT(EM_DIAGRAM):   drop _TYPE_;
22407      set
22408      WORK.Stat3_TEMP(in=a)
22409      ;
MPRINT(EM_DIAGRAM):   set WORK.Stat3_TEMP(in=a) ;
22410      if a then CORRTYPE = 'PEARSON';
MPRINT(EM_DIAGRAM):   if a then CORRTYPE = 'PEARSON';
22411      where _TYPE_ = 'CORR';
MPRINT(EM_DIAGRAM):   where _TYPE_ = 'CORR';
22412      run;
MPRINT(EM_DIAGRAM):   run;

NOTE: There were 3 observations read from the data set WORK.STAT3_TEMP.
      WHERE _TYPE_='CORR';
NOTE: The data set WORK.STAT3CORR has 3 observations and 3 variables.
NOTE: DATA statement used (Total process time):
      real time           0.00 seconds
      cpu time            0.00 seconds
      

MPRINT(EM_DIAGRAM):   quit;
22413      quit;
22414      proc sort data=WORK.Stat3CORR;
MPRINT(EM_DIAGRAM):   proc sort data=WORK.Stat3CORR;
22415      by CORRTYPE _NAME_;
MPRINT(EM_DIAGRAM):   by CORRTYPE _NAME_;
22416      run;
MPRINT(EM_DIAGRAM):   run;

NOTE: There were 3 observations read from the data set WORK.STAT3CORR.
NOTE: The data set WORK.STAT3CORR has 3 observations and 3 variables.
NOTE: PROCEDURE SORT used (Total process time):
      real time           0.00 seconds
      cpu time            0.00 seconds
      

22417      proc transpose data=WORK.Stat3CORR(rename=_NAME_=INPUT) out=WORK.Stat3CORR(DROP=_LABEL_ RENAME=(COL1=CORRVALUE)) NAME=TARGET;
MPRINT(EM_DIAGRAM):   proc transpose data=WORK.Stat3CORR(rename=_NAME_=INPUT) out=WORK.Stat3CORR(DROP=_LABEL_ RENAME=(COL1=CORRVALUE)) NAME=TARGET;
22418      by CORRTYPE INPUT;
MPRINT(EM_DIAGRAM):   by CORRTYPE INPUT;
22419      run;
MPRINT(EM_DIAGRAM):   run;

WARNING: The variable _LABEL_ in the DROP, KEEP, or RENAME list has never been referenced.
NOTE: There were 3 observations read from the data set WORK.STAT3CORR.
NOTE: The data set WORK.STAT3CORR has 3 observations and 4 variables.
NOTE: PROCEDURE TRANSPOSE used (Total process time):
      real time           0.00 seconds
      cpu time            0.00 seconds
      

22420      proc datasets lib=WORK nolist;
MPRINT(EM_DIAGRAM):   proc datasets lib=WORK nolist;
22421      modify Stat3CORR;
MPRINT(EM_DIAGRAM):   modify Stat3CORR;
22422      label Target = "%sysfunc(sasmsg(sashelp.dmine, rpt_target_vlabel ,      NOQUOTE))" INPUT = "%sysfunc(sasmsg(sashelp.dmine, rpt_input_vlabel ,       NOQUOTE))" CORRTYPE = "%sysfunc(sasmsg(sashelp.dmine, meta_type_vlabel ,       NOQUOTE))"
22422    ! CORRVALUE =
MPRINT(EM_DIAGRAM):   label Target = "Target" INPUT = "Input" CORRTYPE = "Type" CORRVALUE = "Correlation";
22423         "%sysfunc(sasmsg(sashelp.dmine, rpt_correlation_vlabel , NOQUOTE))";
MPRINT(EM_DIAGRAM):   run;
22424      run;

NOTE: MODIFY was successful for WORK.STAT3CORR.DATA.

NOTE: PROCEDURE DATASETS used (Total process time):
      real time           0.00 seconds
      cpu time            0.00 seconds
      

22425      proc sort data=WORK.Stat3CORR;
MPRINT(EM_DIAGRAM):   proc sort data=WORK.Stat3CORR;
22426      by CORRTYPE TARGET INPUT;
MPRINT(EM_DIAGRAM):   by CORRTYPE TARGET INPUT;
22427      where TARGET ne INPUT;
MPRINT(EM_DIAGRAM):   where TARGET ne INPUT;
22428      run;
MPRINT(EM_DIAGRAM):   run;

NOTE: There were 2 observations read from the data set WORK.STAT3CORR.
      WHERE TARGET not = INPUT;
NOTE: The data set WORK.STAT3CORR has 2 observations and 4 variables.
NOTE: PROCEDURE SORT used (Total process time):
      real time           0.00 seconds
      cpu time            0.00 seconds
      

22429      data WORK.Stat3CORR;
MPRINT(EM_DIAGRAM):    data WORK.Stat3CORR;
22430      length DATAROLE $20;
MPRINT(EM_DIAGRAM):   length DATAROLE $20;
22431      retain DATAROLE "TRAIN";
MPRINT(EM_DIAGRAM):   retain DATAROLE "TRAIN";
22432      SegmentVar = "";
MPRINT(EM_DIAGRAM):   SegmentVar = "";
22433      SegmentValue = "";
MPRINT(EM_DIAGRAM):   SegmentValue = "";
22434      SegmentId = "_OVERALL_";
MPRINT(EM_DIAGRAM):   SegmentId = "_OVERALL_";
22435      set WORK.Stat3CORR;
MPRINT(EM_DIAGRAM):   set WORK.Stat3CORR;
22436      run;
MPRINT(EM_DIAGRAM):   run;

NOTE: There were 2 observations read from the data set WORK.STAT3CORR.
NOTE: The data set WORK.STAT3CORR has 2 observations and 8 variables.
NOTE: DATA statement used (Total process time):
      real time           0.00 seconds
      cpu time            0.00 seconds
      

22437      proc append base=EMWS1.Stat3_CORR data=WORK.Stat3CORR force;
MPRINT(EM_DIAGRAM):   proc append base=EMWS1.Stat3_CORR data=WORK.Stat3CORR force;
22438      run;
MPRINT(EM_DIAGRAM):   run;

NOTE: Appending WORK.STAT3CORR to EMWS1.STAT3_CORR.
NOTE: BASE data set does not exist. DATA file is being copied to BASE file.
NOTE: There were 2 observations read from the data set WORK.STAT3CORR.
NOTE: The data set EMWS1.STAT3_CORR has 2 observations and 8 variables.
NOTE: PROCEDURE APPEND used (Total process time):
      real time           0.00 seconds
      cpu time            0.01 seconds
      

22439      %let _cn = %sysfunc(getoption(CENTER));
22440      %let _nb = %sysfunc(getoption(NUMBER));
22441      proc sort data=EMWS1.Stat3_VariableSet out=tempVariable(keep=name label role rename=(name=INPUT));
MPRINT(EM_DIAGRAM):    proc sort data=EMWS1.Stat3_VariableSet out=tempVariable(keep=name label role rename=(name=INPUT));
22442      by name;
MPRINT(EM_DIAGRAM):   by name;
22443      run;
MPRINT(EM_DIAGRAM):   run;

NOTE: There were 6 observations read from the data set EMWS1.STAT3_VARIABLESET.
NOTE: The data set WORK.TEMPVARIABLE has 6 observations and 3 variables.
NOTE: PROCEDURE SORT used (Total process time):
      real time           0.00 seconds
      cpu time            0.00 seconds
      

22444      proc sort data=EMWS1.Stat3_CORR;
MPRINT(EM_DIAGRAM):   proc sort data=EMWS1.Stat3_CORR;
22445      by INPUT;
MPRINT(EM_DIAGRAM):   by INPUT;
22446      run;
MPRINT(EM_DIAGRAM):   run;

NOTE: There were 2 observations read from the data set EMWS1.STAT3_CORR.
NOTE: The data set EMWS1.STAT3_CORR has 2 observations and 8 variables.
NOTE: PROCEDURE SORT used (Total process time):
      real time           0.00 seconds
      cpu time            0.01 seconds
      

22447      data EMWS1.Stat3_CORR;
MPRINT(EM_DIAGRAM):   data EMWS1.Stat3_CORR;
22448      merge EMWS1.Stat3_CORR(in=_a) tempVariable;
MPRINT(EM_DIAGRAM):   merge EMWS1.Stat3_CORR(in=_a) tempVariable;
22449      by INPUT;
MPRINT(EM_DIAGRAM):   by INPUT;
22450      if label = '' then label=INPUT;
MPRINT(EM_DIAGRAM):   if label = '' then label=INPUT;
22451      if _a then output;
MPRINT(EM_DIAGRAM):   if _a then output;
22452      run;
MPRINT(EM_DIAGRAM):   run;

WARNING: Multiple lengths were specified for the BY variable INPUT by input data sets. This might cause unexpected results.
NOTE: There were 2 observations read from the data set EMWS1.STAT3_CORR.
NOTE: There were 6 observations read from the data set WORK.TEMPVARIABLE.
NOTE: The data set EMWS1.STAT3_CORR has 2 observations and 10 variables.
NOTE: DATA statement used (Total process time):
      real time           0.00 seconds
      cpu time            0.00 seconds
      

22453      proc sort data=EMWS1.Stat3_CORR NOTHREADS;
MPRINT(EM_DIAGRAM):   proc sort data=EMWS1.Stat3_CORR NOTHREADS;
22454      by DATAROLE CORRTYPE SEGMENTID TARGET descending CORRVALUE;
MPRINT(EM_DIAGRAM):   by DATAROLE CORRTYPE SEGMENTID TARGET descending CORRVALUE;
22455      run;
MPRINT(EM_DIAGRAM):   run;

NOTE: There were 2 observations read from the data set EMWS1.STAT3_CORR.
NOTE: The data set EMWS1.STAT3_CORR has 2 observations and 10 variables.
NOTE: PROCEDURE SORT used (Total process time):
      real time           0.00 seconds
      cpu time            0.01 seconds
      

22456      data EMWS1.Stat3_CORR;
MPRINT(EM_DIAGRAM):   data EMWS1.Stat3_CORR;
22457      set EMWS1.Stat3_CORR;
MPRINT(EM_DIAGRAM):   set EMWS1.Stat3_CORR;
22458      label DATAROLE = "%sysfunc(sasmsg(sashelp.dmine,  rpt_datarole_vlabel, NOQUOTE))" ORDEREDINPUTS = "%sysfunc(sasmsg(sashelp.dmine, rpt_orderedInput_vlabel  , NOQUOTE))";
MPRINT(EM_DIAGRAM):   label DATAROLE = "Data Role" ORDEREDINPUTS = "Ordered Inputs";
22459      label SegmentValue= "%sysfunc(sasmsg(sashelp.dmine, rpt_segmentId_vlabel, NOQUOTE))" SegmentVar = "%sysfunc(sasmsg(sashelp.dmine, rpt_segment_vlabel, NOQUOTE))" SegmentId = "%sysfunc(sasmsg(sashelp.dmine, rpt_segmentNameValue_vlabel, NOQUOTE))";
MPRINT(EM_DIAGRAM):   label SegmentValue= "Segment Id" SegmentVar = "Segment" SegmentId = "Segment Name:Value";
22460      format ORDEREDINPUTS 5.0;
MPRINT(EM_DIAGRAM):   format ORDEREDINPUTS 5.0;
22461      retain ORDEREDINPUTS 0;
MPRINT(EM_DIAGRAM):   retain ORDEREDINPUTS 0;
22462      if first.DATAROLE or first.CORRTYPE or first.SEGMENTID or first.TARGET then ORDEREDINPUTS=1;
MPRINT(EM_DIAGRAM):   if first.DATAROLE or first.CORRTYPE or first.SEGMENTID or first.TARGET then ORDEREDINPUTS=1;
22463      else ORDEREDINPUTS+1;
MPRINT(EM_DIAGRAM):   else ORDEREDINPUTS+1;
22464      by DATAROLE CORRTYPE TARGET;
MPRINT(EM_DIAGRAM):   by DATAROLE CORRTYPE TARGET;
22465      run;
MPRINT(EM_DIAGRAM):   run;

NOTE: Variable first.SEGMENTID is uninitialized.
NOTE: There were 2 observations read from the data set EMWS1.STAT3_CORR.
NOTE: The data set EMWS1.STAT3_CORR has 2 observations and 11 variables.
NOTE: DATA statement used (Total process time):
      real time           0.00 seconds
      cpu time            0.00 seconds
      

22466      options nonumber nocenter;
MPRINT(EM_DIAGRAM):   options nonumber nocenter;
22467      title;
MPRINT(EM_DIAGRAM):   title;
22468      title9 ' ';
MPRINT(EM_DIAGRAM):   title9 ' ';
22469      proc sort data=EMWS1.Stat3_CORR NOTHREADS;
MPRINT(EM_DIAGRAM):   proc sort data=EMWS1.Stat3_CORR NOTHREADS;
22470      by DATAROLE CORRTYPE TARGET descending CORRVALUE;
MPRINT(EM_DIAGRAM):   by DATAROLE CORRTYPE TARGET descending CORRVALUE;
22471      run;
MPRINT(EM_DIAGRAM):   run;

NOTE: There were 2 observations read from the data set EMWS1.STAT3_CORR.
NOTE: The data set EMWS1.STAT3_CORR has 2 observations and 11 variables.
NOTE: PROCEDURE SORT used (Total process time):
      real time           0.00 seconds
      cpu time            0.01 seconds
      

22472      proc print data=EMWS1.Stat3_CORR(obs=500) noobs label;
MPRINT(EM_DIAGRAM):   proc print data=EMWS1.Stat3_CORR(obs=500) noobs label;
22473      var INPUT CORRVALUE;
MPRINT(EM_DIAGRAM):   var INPUT CORRVALUE;
22474      by DATAROLE CORRTYPE TARGET;
MPRINT(EM_DIAGRAM):   by DATAROLE CORRTYPE TARGET;
22475      title9 "%sysfunc(sasmsg(sashelp.dmine, rpt_corrStats_title    , NOQUOTE))";
MPRINT(EM_DIAGRAM):   title9 "Correlation Statistics";
22476      title10 "%sysfunc(sasmsg(sashelp.dmine, rpt_maxObsPrinted_title, NOQUOTE))";
MPRINT(EM_DIAGRAM):   title10 "(maximum 500 observations printed)";
MPRINT(EM_DIAGRAM):   run;
22477      run;

NOTE: There were 2 observations read from the data set EMWS1.STAT3_CORR.
NOTE: The PROCEDURE PRINT printed page 4.
NOTE: PROCEDURE PRINT used (Total process time):
      real time           0.00 seconds
      cpu time            0.00 seconds
      

22478      title10;
MPRINT(EM_DIAGRAM):   title10;
22479      options &_cn &_nb;
MPRINT(EM_DIAGRAM):   options NOCENTER NONUMBER;
22480      proc sort data=WORK.M2K5VN9D;
MPRINT(EM_DIAGRAM):   proc sort data=WORK.M2K5VN9D;
22481      by name;
MPRINT(EM_DIAGRAM):   by name;
22482      run;
MPRINT(EM_DIAGRAM):   run;

NOTE: Input data set is already sorted, no sorting done.
NOTE: PROCEDURE SORT used (Total process time):
      real time           0.00 seconds
      cpu time            0.00 seconds
      

22483      proc means data=EMWS1.Stat3_CLASS noprint;
MPRINT(EM_DIAGRAM):    proc means data=EMWS1.Stat3_CLASS noprint;
22484      class DATAROLE Variable;
MPRINT(EM_DIAGRAM):   class DATAROLE Variable;
22485      var PERCENT;
MPRINT(EM_DIAGRAM):   var PERCENT;
22486      output out=EMWS1.Stat3_CLASSPLOT;
MPRINT(EM_DIAGRAM):   output out=EMWS1.Stat3_CLASSPLOT;
22487      run;
MPRINT(EM_DIAGRAM):   run;

NOTE: There were 13 observations read from the data set EMWS1.STAT3_CLASS.
NOTE: The data set EMWS1.STAT3_CLASSPLOT has 40 observations and 6 variables.
NOTE: PROCEDURE MEANS used (Total process time):
      real time           0.00 seconds
      cpu time            0.01 seconds
      

22488      proc transpose data=EMWS1.Stat3_CLASSPLOT out=EMWS1.Stat3_CLASSPLOT;
MPRINT(EM_DIAGRAM):   proc transpose data=EMWS1.Stat3_CLASSPLOT out=EMWS1.Stat3_CLASSPLOT;
22489      where _type_=3 and _STAT_ = 'STD';
MPRINT(EM_DIAGRAM):   where _type_=3 and _STAT_ = 'STD';
22490      var PERCENT;
MPRINT(EM_DIAGRAM):   var PERCENT;
22491      id _STAT_;
MPRINT(EM_DIAGRAM):   id _STAT_;
22492      by DATAROLE Variable;
MPRINT(EM_DIAGRAM):   by DATAROLE Variable;
22493      run;
MPRINT(EM_DIAGRAM):   run;

NOTE: There were 3 observations read from the data set EMWS1.STAT3_CLASSPLOT.
      WHERE (_type_=3) and (_STAT_='STD');
NOTE: The data set EMWS1.STAT3_CLASSPLOT has 3 observations and 4 variables.
NOTE: PROCEDURE TRANSPOSE used (Total process time):
      real time           0.00 seconds
      cpu time            0.00 seconds
      

22494      proc sort data=EMWS1.Stat3_CLASSPLOT;
MPRINT(EM_DIAGRAM):   proc sort data=EMWS1.Stat3_CLASSPLOT;
22495      by DATAROLE descending STD;
MPRINT(EM_DIAGRAM):   by DATAROLE descending STD;
22496      where STD ne .;
MPRINT(EM_DIAGRAM):   where STD ne .;
22497      run;
MPRINT(EM_DIAGRAM):   run;

NOTE: There were 3 observations read from the data set EMWS1.STAT3_CLASSPLOT.
      WHERE STD not = .;
NOTE: The data set EMWS1.STAT3_CLASSPLOT has 3 observations and 4 variables.
NOTE: PROCEDURE SORT used (Total process time):
      real time           0.00 seconds
      cpu time            0.00 seconds
      

22498      data EMWS1.Stat3_CLASSPLOT(keep=DATAROLE Variable STD OrderedInput);
MPRINT(EM_DIAGRAM):   data EMWS1.Stat3_CLASSPLOT(keep=DATAROLE Variable STD OrderedInput);
22499      label OrderedInput = "%sysfunc(sasmsg(sashelp.dmine, rpt_orderedInput_vlabel, NOQUOTE))";
MPRINT(EM_DIAGRAM):   label OrderedInput = "Ordered Inputs";
22500      format OrderedInput 5.0;
MPRINT(EM_DIAGRAM):   format OrderedInput 5.0;
22501      label STD = "%sysfunc(sasmsg(sashelp.dmine, rpt_pctVariability_vlabel, NOQUOTE))";
MPRINT(EM_DIAGRAM):   label STD = "Percent Variability";
22502      retain OrderedInput 0;
MPRINT(EM_DIAGRAM):   retain OrderedInput 0;
22503      set EMWS1.Stat3_CLASSPLOT;
MPRINT(EM_DIAGRAM):   set EMWS1.Stat3_CLASSPLOT;
22504      by DATAROLE;
MPRINT(EM_DIAGRAM):   by DATAROLE;
22505      if first.DATAROLE then OrderedInput = 1;
MPRINT(EM_DIAGRAM):   if first.DATAROLE then OrderedInput = 1;
22506      else OrderedInput + 1;
MPRINT(EM_DIAGRAM):   else OrderedInput + 1;
22507      run;
MPRINT(EM_DIAGRAM):   run;

NOTE: There were 3 observations read from the data set EMWS1.STAT3_CLASSPLOT.
NOTE: The data set EMWS1.STAT3_CLASSPLOT has 3 observations and 4 variables.
NOTE: DATA statement used (Total process time):
      real time           0.00 seconds
      cpu time            0.00 seconds
      

22508      proc sort data=EMWS1.Stat3_CLASSPLOT;
MPRINT(EM_DIAGRAM):   proc sort data=EMWS1.Stat3_CLASSPLOT;
22509      by Variable;
MPRINT(EM_DIAGRAM):   by Variable;
22510      run;
MPRINT(EM_DIAGRAM):   run;

NOTE: There were 3 observations read from the data set EMWS1.STAT3_CLASSPLOT.
NOTE: The data set EMWS1.STAT3_CLASSPLOT has 3 observations and 4 variables.
NOTE: PROCEDURE SORT used (Total process time):
      real time           0.00 seconds
      cpu time            0.01 seconds
      

22511      data EMWS1.Stat3_CLASSPLOT;
MPRINT(EM_DIAGRAM):   data EMWS1.Stat3_CLASSPLOT;
22512      merge EMWS1.Stat3_CLASSPLOT(in=_a) WORK.M2K5VN9D(rename=(NAME=VARIABLE) Keep=NAME ROLE LABEL REPORT);
MPRINT(EM_DIAGRAM):   merge EMWS1.Stat3_CLASSPLOT(in=_a) WORK.M2K5VN9D(rename=(NAME=VARIABLE) Keep=NAME ROLE LABEL REPORT);
22513      by Variable;
MPRINT(EM_DIAGRAM):   by Variable;
22514      if _a and (OrderedInput<100 or Report='Y') then output;
MPRINT(EM_DIAGRAM):   if _a and (OrderedInput<100 or Report='Y') then output;
22515      run;
MPRINT(EM_DIAGRAM):   run;

WARNING: Multiple lengths were specified for the BY variable VARIABLE by input data sets. This might cause unexpected results.
NOTE: There were 3 observations read from the data set EMWS1.STAT3_CLASSPLOT.
NOTE: There were 6 observations read from the data set WORK.M2K5VN9D.
NOTE: The data set EMWS1.STAT3_CLASSPLOT has 3 observations and 7 variables.
NOTE: DATA statement used (Total process time):
      real time           0.00 seconds
      cpu time            0.00 seconds
      

22516      data temp;
MPRINT(EM_DIAGRAM):   data temp;
22517      set EMWS1.Stat3_CLASSPLOT;
MPRINT(EM_DIAGRAM):   set EMWS1.Stat3_CLASSPLOT;
22518      where DATAROLE='TRAIN';
MPRINT(EM_DIAGRAM):   where DATAROLE='TRAIN';
22519      if OrderedInput<21 then plot = 1;
MPRINT(EM_DIAGRAM):   if OrderedInput<21 then plot = 1;
22520      else plot=0;
MPRINT(EM_DIAGRAM):   else plot=0;
22521      if LABEL = "" then LABEL = Variable;
MPRINT(EM_DIAGRAM):   if LABEL = "" then LABEL = Variable;
22522      keep Variable Label plot;
MPRINT(EM_DIAGRAM):   keep Variable Label plot;
22523      run;
MPRINT(EM_DIAGRAM):   run;

NOTE: There were 3 observations read from the data set EMWS1.STAT3_CLASSPLOT.
      WHERE DATAROLE='TRAIN';
NOTE: The data set WORK.TEMP has 3 observations and 3 variables.
NOTE: DATA statement used (Total process time):
      real time           0.00 seconds
      cpu time            0.00 seconds
      

22524      data EMWS1.Stat3_CLASSPLOT;
MPRINT(EM_DIAGRAM):   data EMWS1.Stat3_CLASSPLOT;
22525      merge EMWS1.Stat3_CLASSPLOT temp;
MPRINT(EM_DIAGRAM):   merge EMWS1.Stat3_CLASSPLOT temp;
22526      by Variable;
MPRINT(EM_DIAGRAM):   by Variable;
22527      label DATAROLE = "%sysfunc(sasmsg(sashelp.dmine,  rpt_datarole_vlabel, NOQUOTE))" ROLE = "%sysfunc(sasmsg(sashelp.dmine, meta_role_vlabel,          NOQUOTE))" PLOT = "%sysfunc(sasmsg(sashelp.dmine, rpt_plot_vlabel,           NOQUOTE))" REPORT =
22528         "%sysfunc(sasmsg(sashelp.dmine, meta_report_vlabel,         NOQUOTE))";
MPRINT(EM_DIAGRAM):   label DATAROLE = "Data Role" ROLE = "Role" PLOT = "Plot" REPORT = "Report";
22529      run;
MPRINT(EM_DIAGRAM):   run;

NOTE: There were 3 observations read from the data set EMWS1.STAT3_CLASSPLOT.
NOTE: There were 3 observations read from the data set WORK.TEMP.
NOTE: The data set EMWS1.STAT3_CLASSPLOT has 3 observations and 8 variables.
NOTE: DATA statement used (Total process time):
      real time           0.00 seconds
      cpu time            0.01 seconds
      

22530      proc sort data=EMWS1.Stat3_CLASSPLOT;
MPRINT(EM_DIAGRAM):   proc sort data=EMWS1.Stat3_CLASSPLOT;
22531      by DATAROLE Variable;
MPRINT(EM_DIAGRAM):   by DATAROLE Variable;
22532      run;
MPRINT(EM_DIAGRAM):   run;

NOTE: There were 3 observations read from the data set EMWS1.STAT3_CLASSPLOT.
NOTE: The data set EMWS1.STAT3_CLASSPLOT has 3 observations and 8 variables.
NOTE: PROCEDURE SORT used (Total process time):
      real time           0.00 seconds
      cpu time            0.00 seconds
      

22533      proc sort data=EMWS1.Stat3_CLASS;
MPRINT(EM_DIAGRAM):   proc sort data=EMWS1.Stat3_CLASS;
22534      by DATAROLE Variable;
MPRINT(EM_DIAGRAM):   by DATAROLE Variable;
22535      run;
MPRINT(EM_DIAGRAM):   run;

NOTE: There were 13 observations read from the data set EMWS1.STAT3_CLASS.
NOTE: The data set EMWS1.STAT3_CLASS has 13 observations and 12 variables.
NOTE: PROCEDURE SORT used (Total process time):
      real time           0.00 seconds
      cpu time            0.01 seconds
      

22536      data EMWS1.Stat3_CLASS;
MPRINT(EM_DIAGRAM):   data EMWS1.Stat3_CLASS;
22537      merge EMWS1.Stat3_CLASS(drop=NRAW CRAW) EMWS1.Stat3_CLASSPLOT(keep=DATAROLE Variable Plot);
MPRINT(EM_DIAGRAM):   merge EMWS1.Stat3_CLASS(drop=NRAW CRAW) EMWS1.Stat3_CLASSPLOT(keep=DATAROLE Variable Plot);
22538      by DATAROLE Variable;
MPRINT(EM_DIAGRAM):   by DATAROLE Variable;
22539      if plot eq . then delete;
MPRINT(EM_DIAGRAM):   if plot eq . then delete;
22540      label DATAROLE = "%sysfunc(sasmsg(sashelp.dmine, rpt_datarole_vlabel,       NOQUOTE))" LEVEL = "%sysfunc(sasmsg(sashelp.dmine, rpt_level_vlabel,          NOQUOTE))" TYPE = "%sysfunc(sasmsg(sashelp.dmine, rpt_type_vlabel,           NOQUOTE))"
22540    ! COUNT =
22541         "%sysfunc(sasmsg(sashelp.dmine, rpt_count_vlabel,          NOQUOTE))" ROLE = "%sysfunc(sasmsg(sashelp.dmine, meta_role_vlabel,          NOQUOTE))" PERCENT = "%sysfunc(sasmsg(sashelp.dmine, rpt_percent_vlabel,        NOQUOTE))" PLOT =
22542         "%sysfunc(sasmsg(sashelp.dmine, rpt_plot_vlabel,           NOQUOTE))" LEVELINDEX = "%sysfunc(sasmsg(sashelp.dmine, rpt_levelIndex_vlabel,     NOQUOTE))";
MPRINT(EM_DIAGRAM):   label DATAROLE = "Data Role" LEVEL = "Level" TYPE = "Type" COUNT = "Frequency Count" ROLE = "Role" PERCENT = "Percent" PLOT = "Plot" LEVELINDEX = "Level Index";
22543      run;
MPRINT(EM_DIAGRAM):   run;

NOTE: There were 13 observations read from the data set EMWS1.STAT3_CLASS.
NOTE: There were 3 observations read from the data set EMWS1.STAT3_CLASSPLOT.
NOTE: The data set EMWS1.STAT3_CLASS has 13 observations and 11 variables.
NOTE: DATA statement used (Total process time):
      real time           0.00 seconds
      cpu time            0.00 seconds
      

22544      data EMWS1.Stat3_INTERVAL;
MPRINT(EM_DIAGRAM):    data EMWS1.Stat3_INTERVAL;
22545      set EMWS1.Stat3_INTERVAL;
MPRINT(EM_DIAGRAM):   set EMWS1.Stat3_INTERVAL;
22546      label NMiss = "%sysfunc(sasmsg(sashelp.dmine, rpt_missing_vlabel, NOQUOTE))" absCV = "%sysfunc(sasmsg(sashelp.dmine, rpt_absCV_vlabel,   NOQUOTE))" CV = "%sysfunc(sasmsg(sashelp.dmine, rpt_cv_vlabel,      NOQUOTE))" Sign =
22547         "%sysfunc(sasmsg(sashelp.dmine, rpt_sign_vlabel,    NOQUOTE))";
MPRINT(EM_DIAGRAM):   label NMiss = "Missing" absCV = "Abs C.V." CV = "Coefficient of Variation" Sign = "Sign";
22548      if MEAN ne . then do;
MPRINT(EM_DIAGRAM):   if MEAN ne . then do;
22549      CV = STD/MEAN;
MPRINT(EM_DIAGRAM):   CV = STD/MEAN;
22550      absCV = abs(CV);
MPRINT(EM_DIAGRAM):   absCV = abs(CV);
22551      if absCV < 0 then Sign = '-';
MPRINT(EM_DIAGRAM):   if absCV < 0 then Sign = '-';
22552      else Sign = '+';
MPRINT(EM_DIAGRAM):   else Sign = '+';
22553      absCV = abs(absCV);
MPRINT(EM_DIAGRAM):   absCV = abs(absCV);
22554      end;
MPRINT(EM_DIAGRAM):   end;
22555      run;
MPRINT(EM_DIAGRAM):   run;

NOTE: There were 3 observations read from the data set EMWS1.STAT3_INTERVAL.
NOTE: The data set EMWS1.STAT3_INTERVAL has 3 observations and 16 variables.
NOTE: DATA statement used (Total process time):
      real time           0.00 seconds
      cpu time            0.01 seconds
      

22556      proc sort data = EMWS1.Stat3_INTERVAL;
MPRINT(EM_DIAGRAM):   proc sort data = EMWS1.Stat3_INTERVAL;
22557      by DATAROLE descending absCV;
MPRINT(EM_DIAGRAM):   by DATAROLE descending absCV;
22558      run;
MPRINT(EM_DIAGRAM):   run;

NOTE: There were 3 observations read from the data set EMWS1.STAT3_INTERVAL.
NOTE: The data set EMWS1.STAT3_INTERVAL has 3 observations and 16 variables.
NOTE: PROCEDURE SORT used (Total process time):
      real time           0.00 seconds
      cpu time            0.00 seconds
      

22559      data EMWS1.Stat3_INTERVAL;
MPRINT(EM_DIAGRAM):   data EMWS1.Stat3_INTERVAL;
22560      retain OrderedInput;
MPRINT(EM_DIAGRAM):   retain OrderedInput;
22561      set EMWS1.Stat3_INTERVAL;
MPRINT(EM_DIAGRAM):   set EMWS1.Stat3_INTERVAL;
22562      by DATAROLE;
MPRINT(EM_DIAGRAM):   by DATAROLE;
22563      label OrderedInput = "%sysfunc(sasmsg(sashelp.dmine, rpt_orderedInput_vlabel, NOQUOTE))";
MPRINT(EM_DIAGRAM):   label OrderedInput = "Ordered Inputs";
22564      format OrderedInput 5.0;
MPRINT(EM_DIAGRAM):   format OrderedInput 5.0;
22565      if first.DATAROLE then OrderedInput = 1;
MPRINT(EM_DIAGRAM):   if first.DATAROLE then OrderedInput = 1;
22566      else OrderedInput + 1;
MPRINT(EM_DIAGRAM):   else OrderedInput + 1;
22567      run;
MPRINT(EM_DIAGRAM):   run;

NOTE: There were 3 observations read from the data set EMWS1.STAT3_INTERVAL.
NOTE: The data set EMWS1.STAT3_INTERVAL has 3 observations and 17 variables.
NOTE: DATA statement used (Total process time):
      real time           0.00 seconds
      cpu time            0.01 seconds
      

22568      proc sort data=WORK.M2K5VN9D;
MPRINT(EM_DIAGRAM):    proc sort data=WORK.M2K5VN9D;
22569      by name;
MPRINT(EM_DIAGRAM):   by name;
22570      run;
MPRINT(EM_DIAGRAM):   run;

NOTE: Input data set is already sorted, no sorting done.
NOTE: PROCEDURE SORT used (Total process time):
      real time           0.00 seconds
      cpu time            0.00 seconds
      

22571      proc sort data=EMWS1.Stat3_WORTH;
MPRINT(EM_DIAGRAM):    proc sort data=EMWS1.Stat3_WORTH;
22572      by NAME;
MPRINT(EM_DIAGRAM):   by NAME;
22573      run;
MPRINT(EM_DIAGRAM):   run;

NOTE: There were 4 observations read from the data set EMWS1.STAT3_WORTH.
NOTE: The data set EMWS1.STAT3_WORTH has 4 observations and 5 variables.
NOTE: PROCEDURE SORT used (Total process time):
      real time           0.00 seconds
      cpu time            0.00 seconds
      

22574      data EMWS1.Stat3_WORTH;
MPRINT(EM_DIAGRAM):   data EMWS1.Stat3_WORTH;
22575      merge EMWS1.Stat3_WORTH(in=_a) WORK.M2K5VN9D(Keep=NAME LABEL REPORT);
MPRINT(EM_DIAGRAM):   merge EMWS1.Stat3_WORTH(in=_a) WORK.M2K5VN9D(Keep=NAME LABEL REPORT);
22576      by NAME;
MPRINT(EM_DIAGRAM):   by NAME;
22577      if REPORT = 'Y' then plot = 1;
MPRINT(EM_DIAGRAM):   if REPORT = 'Y' then plot = 1;
22578      if LABEL = "" then LABEL = NAME;
MPRINT(EM_DIAGRAM):   if LABEL = "" then LABEL = NAME;
22579      if _a then output;
MPRINT(EM_DIAGRAM):   if _a then output;
22580      drop report;
MPRINT(EM_DIAGRAM):   drop report;
22581      run;
MPRINT(EM_DIAGRAM):   run;

WARNING: Multiple lengths were specified for the BY variable Name by input data sets. This might cause unexpected results.
NOTE: There were 4 observations read from the data set EMWS1.STAT3_WORTH.
NOTE: There were 6 observations read from the data set WORK.M2K5VN9D.
NOTE: The data set EMWS1.STAT3_WORTH has 4 observations and 7 variables.
NOTE: DATA statement used (Total process time):
      real time           0.00 seconds
      cpu time            0.01 seconds
      

22582      proc sort data=EMWS1.Stat3_WORTH;
MPRINT(EM_DIAGRAM):   proc sort data=EMWS1.Stat3_WORTH;
22583      by rank;
MPRINT(EM_DIAGRAM):   by rank;
22584      run;
MPRINT(EM_DIAGRAM):   run;

NOTE: There were 4 observations read from the data set EMWS1.STAT3_WORTH.
NOTE: The data set EMWS1.STAT3_WORTH has 4 observations and 7 variables.
NOTE: PROCEDURE SORT used (Total process time):
      real time           0.00 seconds
      cpu time            0.00 seconds
      

MPRINT(EM_DIAGRAM):    proc printto;
MPRINT(EM_DIAGRAM):   run;
