MPRINT(EM_DIAGRAM):    data _null_;
MPRINT(EM_DIAGRAM):   call symput('NLDATE', strip(put(date(), NLDATE.)));
MPRINT(EM_DIAGRAM):   call symput('NLTIME', strip(put(datetime(), NLTIME.)));
MPRINT(EM_DIAGRAM):   run;
MPRINT(EM_DIAGRAM):   data _null_;
MPRINT(EM_DIAGRAM):   nldate= sasmsg("sashelp.dmine", "log_date_note", 'N', "November 21, 2019" );
MPRINT(EM_DIAGRAM):   nltime= sasmsg("sashelp.dmine", "log_time_note", 'N', "15:12:10" );
MPRINT(EM_DIAGRAM):   put "*------------------------------------------------------------*";
MPRINT(EM_DIAGRAM):   put "* Training Log";
MPRINT(EM_DIAGRAM):   put nldate;
MPRINT(EM_DIAGRAM):   put nltime;
MPRINT(EM_DIAGRAM):   put "*------------------------------------------------------------*";
MPRINT(EM_DIAGRAM):   run;
*------------------------------------------------------------*
* Training Log
Date:                November 21, 2019
Time:                15:12:10
*------------------------------------------------------------*
MPRINT(EM_DIAGRAM):    filename O3DIZXSK "C:\Users\student\Desktop\AA490\Project\AA490_Project\Modeling\Labor Force Model\Workspaces\EMWS1\Varsel\EMTRAIN.out" encoding="UTF-8" NOBOM;
MPRINT(EM_DIAGRAM):   proc printto print=O3DIZXSK new;
MPRINT(EM_DIAGRAM):   run;
MPRINT(EM_DIAGRAM):    filename _LOG "C:\Users\student\Desktop\AA490\Project\AA490_Project\Modeling\Labor Force Model\Workspaces\EMWS1\Varsel\EMLOG.log" encoding="UTF-8" NOBOM;
MPRINT(EM_DIAGRAM):    data _null_;
MPRINT(EM_DIAGRAM):   call symput('NLDATE', strip(put(date(), NLDATE.)));
MPRINT(EM_DIAGRAM):   call symput('NLTIME', strip(put(datetime(), NLTIME.)));
MPRINT(EM_DIAGRAM):   run;
MPRINT(EM_DIAGRAM):   data _null_;
MPRINT(EM_DIAGRAM):   nldate= sasmsg("sashelp.dmine", "log_date_note", 'N', "November 21, 2019" );
MPRINT(EM_DIAGRAM):   nltime= sasmsg("sashelp.dmine", "log_time_note", 'N', "15:12:10" );
MPRINT(EM_DIAGRAM):   file _LOG;
MPRINT(EM_DIAGRAM):   put "*------------------------------------------------------------*";
MPRINT(EM_DIAGRAM):   put "User:                student";
MPRINT(EM_DIAGRAM):   put nldate;
MPRINT(EM_DIAGRAM):   put nltime;
MPRINT(EM_DIAGRAM):   put "Site:                70082322";
MPRINT(EM_DIAGRAM):   put "Platform:            X64_10PRO";
MPRINT(EM_DIAGRAM):   put "Maintenance Release: 9.04.01M4P110916";
MPRINT(EM_DIAGRAM):   put "EM Version:          14.2";
MPRINT(EM_DIAGRAM):   put "* ";
MPRINT(EM_DIAGRAM):   run;
MPRINT(EM_DIAGRAM):    filename _LOGIN "C:\Users\student\Desktop\AA490\Project\AA490_Project\Modeling\Labor Force Model\Workspaces\EMWS1\Varsel\EMTRAIN.log" encoding="UTF-8" NOBOM;
MPRINT(EM_COPYFILE):   data _null_;
MPRINT(EM_COPYFILE):   length line $20000;
MPRINT(EM_COPYFILE):   file _LOG MOD lrecl=20000;
MPRINT(EM_COPYFILE):   fid=fopen("_LOGIN",'i',20000,'v');
MPRINT(EM_COPYFILE):   if fid > 0 then do;
MPRINT(EM_COPYFILE):   do while(^fread(fid));
MPRINT(EM_COPYFILE):   rlen = frlen(fid);
MPRINT(EM_COPYFILE):   rc= fget(fid,line,20000);
MPRINT(EM_COPYFILE):   start = length(line)-length(left(line))+1;
MPRINT(EM_COPYFILE):   line=strip(line);
MPRINT(EM_COPYFILE):   put @start line;
MPRINT(EM_COPYFILE):   end;
MPRINT(EM_COPYFILE):   if fid > 0 then rc=fclose(fid);
MPRINT(EM_COPYFILE):   end;
MPRINT(EM_COPYFILE):   run;
MPRINT(EM_DIAGRAM):  ;
MPRINT(EM_DIAGRAM):   filename _LOGIN;
MPRINT(EM_DIAGRAM):    data _null_;
MPRINT(EM_DIAGRAM):   file _LOG mod;
MPRINT(EM_DIAGRAM):   put _page_;
MPRINT(EM_DIAGRAM):   run;
MPRINT(EM_DIAGRAM):   filename _LOGIN "C:\Users\student\Desktop\AA490\Project\AA490_Project\Modeling\Labor Force Model\Workspaces\EMWS1\Varsel\EMSCORE.log" encoding="UTF-8" NOBOM;
MPRINT(EM_DIAGRAM):  ;
MPRINT(EM_DIAGRAM):   data _null_;
MPRINT(EM_DIAGRAM):   file _LOG mod;
MPRINT(EM_DIAGRAM):   put _page_;
MPRINT(EM_DIAGRAM):   run;
MPRINT(EM_DIAGRAM):    filename _LOGIN "C:\Users\student\Desktop\AA490\Project\AA490_Project\Modeling\Labor Force Model\Workspaces\EMWS1\Varsel\EMREPORT.log" encoding="UTF-8" NOBOM;
MPRINT(EM_DIAGRAM):  ;
MPRINT(EM_DIAGRAM):   filename _LOGIN;
MPRINT(EM_DIAGRAM):    filename _LOG;
MPRINT(EM_DIAGRAM):    filename _OUT "C:\Users\student\Desktop\AA490\Project\AA490_Project\Modeling\Labor Force Model\Workspaces\EMWS1\Varsel\EMOUTPUT.out" encoding="UTF-8" NOBOM;
MPRINT(EM_DIAGRAM):    data _null_;
MPRINT(EM_DIAGRAM):   call symput('NLDATE', strip(put(date(), NLDATE.)));
MPRINT(EM_DIAGRAM):   call symput('NLTIME', strip(put(datetime(), NLTIME.)));
MPRINT(EM_DIAGRAM):   run;
MPRINT(EM_DIAGRAM):   data _null_;
MPRINT(EM_DIAGRAM):   nldate= sasmsg("sashelp.dmine", "log_date_note", 'N', "November 21, 2019" );
MPRINT(EM_DIAGRAM):   nltime= sasmsg("sashelp.dmine", "log_time_note", 'N', "15:12:10" );
MPRINT(EM_DIAGRAM):   file _OUT;
MPRINT(EM_DIAGRAM):   put "*------------------------------------------------------------*";
MPRINT(EM_DIAGRAM):   put "User:                student";
MPRINT(EM_DIAGRAM):   put nldate;
MPRINT(EM_DIAGRAM):   put nltime;
MPRINT(EM_DIAGRAM):   put "*------------------------------------------------------------*";
MPRINT(EM_DIAGRAM):   put "* Training Output";
MPRINT(EM_DIAGRAM):   put "*------------------------------------------------------------*";
MPRINT(EM_DIAGRAM):   run;
MPRINT(EM_DIAGRAM):    filename _OUTIN "C:\Users\student\Desktop\AA490\Project\AA490_Project\Modeling\Labor Force Model\Workspaces\EMWS1\Varsel\EMTRAIN.out" encoding="UTF-8" NOBOM;
MPRINT(EM_DIAGRAM):   ;
MPRINT(EM_COPYFILE):   data _null_;
MPRINT(EM_COPYFILE):   length line $20000;
MPRINT(EM_COPYFILE):   file _OUT MOD lrecl=20000;
MPRINT(EM_COPYFILE):   fid=fopen("_OUTIN",'i',20000,'v');
MPRINT(EM_COPYFILE):   if fid > 0 then do;
MPRINT(EM_COPYFILE):   do while(^fread(fid));
MPRINT(EM_COPYFILE):   rlen = frlen(fid);
MPRINT(EM_COPYFILE):   rc= fget(fid,line,20000);
MPRINT(EM_COPYFILE):   start = length(line)-length(left(line))+1;
MPRINT(EM_COPYFILE):   line=strip(line);
MPRINT(EM_COPYFILE):   put @start line;
MPRINT(EM_COPYFILE):   end;
MPRINT(EM_COPYFILE):   if fid > 0 then rc=fclose(fid);
MPRINT(EM_COPYFILE):   end;
MPRINT(EM_COPYFILE):   run;
MPRINT(EM_DIAGRAM):  ;
MPRINT(EM_DIAGRAM):   filename _OUTIN;
MPRINT(EM_DIAGRAM):    data _null_;
MPRINT(EM_DIAGRAM):   file _OUT mod;
MPRINT(EM_DIAGRAM):   put _page_;
MPRINT(EM_DIAGRAM):   put // "*------------------------------------------------------------*";
MPRINT(EM_DIAGRAM):   put "* Score Output";
MPRINT(EM_DIAGRAM):   put "*------------------------------------------------------------*";
MPRINT(EM_DIAGRAM):   run;
MPRINT(EM_DIAGRAM):    filename _OUTIN "C:\Users\student\Desktop\AA490\Project\AA490_Project\Modeling\Labor Force Model\Workspaces\EMWS1\Varsel\EMSCORE.out" encoding="UTF-8" NOBOM;
MPRINT(EM_DIAGRAM):  ;
MPRINT(EM_DIAGRAM):   filename _OUTIN;
MPRINT(EM_DIAGRAM):    data _null_;
MPRINT(EM_DIAGRAM):   file _OUT mod;
MPRINT(EM_DIAGRAM):   put _page_;
MPRINT(EM_DIAGRAM):   put // "*------------------------------------------------------------*";
MPRINT(EM_DIAGRAM):   put "* Report Output";
MPRINT(EM_DIAGRAM):   put "*------------------------------------------------------------*";
MPRINT(EM_DIAGRAM):   run;
MPRINT(EM_DIAGRAM):    filename _OUTIN "C:\Users\student\Desktop\AA490\Project\AA490_Project\Modeling\Labor Force Model\Workspaces\EMWS1\Varsel\EMREPORT.out" encoding="UTF-8" NOBOM;
MPRINT(EM_DIAGRAM):  ;
MPRINT(EM_DIAGRAM):   filename _OUTIN;
MPRINT(EM_DIAGRAM):    filename _OUT;
MPRINT(EM_DIAGRAM):    filename _emtool_ 'C:\Users\student\Desktop\AA490\Project\AA490_Project\Modeling\Labor Force Model\Workspaces\EMWS1\Varsel\EMRUNSTATUS.xml' encoding="UTF-8" NOBOM;
MPRINT(EM_DIAGRAM):    filename _emtool_ 'C:\Users\student\Desktop\AA490\Project\AA490_Project\Modeling\Labor Force Model\Workspaces\EMWS1\Varsel\EMRUNSTATUS.xml' encoding="UTF-8" NOBOM;
63178      proc freq data=EMWS1.Varsel_VariableSet noprint;
MPRINT(EM_DIAGRAM):    proc freq data=EMWS1.Varsel_VariableSet noprint;
63179      table ROLE*LEVEL/out=WORK.VarselMETA;
MPRINT(EM_DIAGRAM):   table ROLE*LEVEL/out=WORK.VarselMETA;
63180      run;
MPRINT(EM_DIAGRAM):   run;

NOTE: There were 4 observations read from the data set EMWS1.VARSEL_VARIABLESET.
NOTE: The data set WORK.VARSELMETA has 2 observations and 4 variables.
NOTE: PROCEDURE FREQ used (Total process time):
      real time           0.03 seconds
      cpu time            0.01 seconds
      

63181      proc print data=WORK.VarselMETA label noobs;
MPRINT(EM_DIAGRAM):   proc print data=WORK.VarselMETA label noobs;
63182      var ROLE LEVEL COUNT;
MPRINT(EM_DIAGRAM):   var ROLE LEVEL COUNT;
63183      label ROLE = "%sysfunc(sasmsg(sashelp.dmine, meta_role_vlabel, NOQUOTE))" LEVEL = "%sysfunc(sasmsg(sashelp.dmine, meta_level_vlabel, NOQUOTE))" COUNT = "%sysfunc(sasmsg(sashelp.dmine, rpt_count_vlabel, NOQUOTE))";
MPRINT(EM_DIAGRAM):   label ROLE = "Role" LEVEL = "Measurement Level" COUNT = "Frequency Count";
63184      title9 ' ';
MPRINT(EM_DIAGRAM):   title9 ' ';
63185      title10 "%sysfunc(sasmsg(sashelp.dmine, rpt_varSummary_title  , NOQUOTE))";
MPRINT(EM_DIAGRAM):   title10 "Variable Summary";
MPRINT(EM_DIAGRAM):   run;
63186      run;

NOTE: There were 2 observations read from the data set WORK.VARSELMETA.
NOTE: The PROCEDURE PRINT printed page 14.
NOTE: PROCEDURE PRINT used (Total process time):
      real time           0.01 seconds
      cpu time            0.01 seconds
      

63187      title10;
MPRINT(EM_DIAGRAM):   title10;
63188      data WORK.M140JKN4;
MPRINT(EM_DIAGRAM):    data WORK.M140JKN4;
63189      set WORK.M140JKN4;
MPRINT(EM_DIAGRAM):   set WORK.M140JKN4;
63190      if role = 'TARGET' and use = 'Y' then do;
MPRINT(EM_DIAGRAM):   if role = 'TARGET' and use = 'Y' then do;
63191      role = 'TARGET';
MPRINT(EM_DIAGRAM):   role = 'TARGET';
63192      output;
MPRINT(EM_DIAGRAM):   output;
63193      end;
MPRINT(EM_DIAGRAM):   end;
63194      if role = 'INPUT' and use in ('Y','D','N') then do;
MPRINT(EM_DIAGRAM):   if role = 'INPUT' and use in ('Y','D','N') then do;
63195      role = 'INPUT';
MPRINT(EM_DIAGRAM):   role = 'INPUT';
63196      output;
MPRINT(EM_DIAGRAM):   output;
63197      end;
MPRINT(EM_DIAGRAM):   end;
63198      if role = 'REJECTED' and use = 'Y' then do;
MPRINT(EM_DIAGRAM):   if role = 'REJECTED' and use = 'Y' then do;
63199      role = 'INPUT';
MPRINT(EM_DIAGRAM):   role = 'INPUT';
63200      output;
MPRINT(EM_DIAGRAM):   output;
63201      end;
MPRINT(EM_DIAGRAM):   end;
63202      if role = 'FREQ' and use in ('Y', 'D') then do;
MPRINT(EM_DIAGRAM):   if role = 'FREQ' and use in ('Y', 'D') then do;
63203      role = 'FREQ';
MPRINT(EM_DIAGRAM):   role = 'FREQ';
63204      output;
MPRINT(EM_DIAGRAM):   output;
63205      end;
MPRINT(EM_DIAGRAM):   end;
63206      if role = 'REJECTED' and use in ('N', 'D') then do;
MPRINT(EM_DIAGRAM):   if role = 'REJECTED' and use in ('N', 'D') then do;
63207      role = 'REJECTED';
MPRINT(EM_DIAGRAM):   role = 'REJECTED';
63208      output;
MPRINT(EM_DIAGRAM):   output;
63209      end;
MPRINT(EM_DIAGRAM):   end;
63210      run;
MPRINT(EM_DIAGRAM):   run;

NOTE: There were 4 observations read from the data set WORK.M140JKN4.
NOTE: The data set WORK.M140JKN4 has 4 observations and 21 variables.
NOTE: DATA statement used (Total process time):
      real time           0.01 seconds
      cpu time            0.01 seconds
      

63211      /*by pass cmeta */
63212      data WORK.M140JKN4;
MPRINT(EM_DIAGRAM):    data WORK.M140JKN4;
63213      set WORK.M140JKN4;
MPRINT(EM_DIAGRAM):   set WORK.M140JKN4;
63214      run;
MPRINT(EM_DIAGRAM):   run;

NOTE: There were 4 observations read from the data set WORK.M140JKN4.
NOTE: The data set WORK.M140JKN4 has 4 observations and 21 variables.
NOTE: DATA statement used (Total process time):
      real time           0.01 seconds
      cpu time            0.00 seconds
      

63215      data WORK.M0ZD1UKV;
MPRINT(EM_DIAGRAM):    data WORK.M0ZD1UKV;
63216      set WORK.M0ZD1UKV;
MPRINT(EM_DIAGRAM):   set WORK.M0ZD1UKV;
63217      if role = 'INPUT' and use in ('N') then delete;
MPRINT(EM_DIAGRAM):   if role = 'INPUT' and use in ('N') then delete;
63218      if role = 'REJECTED' and use in ('N', 'D') then delete;
MPRINT(EM_DIAGRAM):   if role = 'REJECTED' and use in ('N', 'D') then delete;
63219      run;
MPRINT(EM_DIAGRAM):   run;

NOTE: There were 4 observations read from the data set WORK.M0ZD1UKV.
NOTE: The data set WORK.M0ZD1UKV has 4 observations and 21 variables.
NOTE: DATA statement used (Total process time):
      real time           0.01 seconds
      cpu time            0.01 seconds
      

NOTE: Run proc dmdb with the specified maxlevel criterion. 
63220      *------------------------------------------------------------* ;
MPRINT(EM_DIAGRAM):    *------------------------------------------------------------* ;
63221      * EM: DMDBClass Macro ;
MPRINT(EM_DIAGRAM):   * EM: DMDBClass Macro ;
63222      *------------------------------------------------------------* ;
MPRINT(EM_DIAGRAM):   *------------------------------------------------------------* ;
63223      %macro DMDBClass;
63224          Age_group(ASC) Date(ASC) OPT_Population_in_thousands(ASC)
63225      %mend DMDBClass;
63226      *------------------------------------------------------------* ;
MPRINT(EM_DIAGRAM):   *------------------------------------------------------------* ;
63227      * EM: DMDBVar Macro ;
MPRINT(EM_DIAGRAM):   * EM: DMDBVar Macro ;
63228      *------------------------------------------------------------* ;
MPRINT(EM_DIAGRAM):   *------------------------------------------------------------* ;
63229      %macro DMDBVar;
63230          Sum_Labor_Force_Pop
63231      %mend DMDBVar;
63232      *------------------------------------------------------------*;
MPRINT(EM_DIAGRAM):   *------------------------------------------------------------*;
63233      * EM: Create DMDB;
MPRINT(EM_DIAGRAM):   * EM: Create DMDB;
63234      *------------------------------------------------------------*;
MPRINT(EM_DIAGRAM):   *------------------------------------------------------------*;
63235      libname _spdslib SPDE "C:\Users\student\AppData\Local\Temp\SAS Temporary Files\_TD12928_WINDOWS-MLD7D7P_\Prc2";
MPRINT(EM_DIAGRAM):   libname _spdslib SPDE "C:\Users\student\AppData\Local\Temp\SAS Temporary Files\_TD12928_WINDOWS-MLD7D7P_\Prc2";
NOTE: Libref _SPDSLIB was successfully assigned as follows: 
      Engine:        SPDE 
      Physical Name: C:\Users\student\AppData\Local\Temp\SAS Temporary Files\_TD12928_WINDOWS-MLD7D7P_\Prc2\
63236      proc dmdb batch data=EMWS1.Trans_TRAIN
63237      dmdbcat=WORK.EM_DMDB
63238      maxlevel = 101
63239      out=_spdslib.EM_DMDB
63240      ;
MPRINT(EM_DIAGRAM):   proc dmdb batch data=EMWS1.Trans_TRAIN dmdbcat=WORK.EM_DMDB maxlevel = 101 out=_spdslib.EM_DMDB ;
MPRINT(EM_DIAGRAM):   class
63241      class %DMDBClass;
MPRINT(DMDBCLASS):   Age_group(ASC) Date(ASC) OPT_Population_in_thousands(ASC)
MPRINT(EM_DIAGRAM):  ;
MPRINT(EM_DIAGRAM):   var
63242      var %DMDBVar;
MPRINT(DMDBVAR):   Sum_Labor_Force_Pop
MPRINT(EM_DIAGRAM):  ;
63243      target
63244      Sum_Labor_Force_Pop
63245      ;
MPRINT(EM_DIAGRAM):   target Sum_Labor_Force_Pop ;
63246      run;
MPRINT(EM_DIAGRAM):   run;

NOTE: Records processed = 588   Memory used = 511K.
NOTE: View EMWS1.TRANS_TRAIN.VIEW used (Total process time):
      real time           0.05 seconds
      cpu time            0.04 seconds
      
NOTE: There were 588 observations read from the data set EMWS1.PART_TRAIN.
NOTE: There were 588 observations read from the data set EMWS1.TRANS_TRAIN.
NOTE: The data set _SPDSLIB.EM_DMDB has 588 observations and 4 variables.
NOTE: PROCEDURE DMDB used (Total process time):
      real time           0.08 seconds
      cpu time            0.04 seconds
      

MPRINT(EM_DIAGRAM):   quit;
63247      quit;

MPRINT(EM_DIAGRAM):   reset noprint;
MPRINT(EM_DIAGRAM):   select count(*) into :_tmpnobs from EMWS1.Trans_TRAIN;
NOTE: View EMWS1.TRANS_TRAIN.VIEW used (Total process time):
      real time           0.02 seconds
      cpu time            0.03 seconds
      
NOTE: There were 588 observations read from the data set EMWS1.PART_TRAIN.
MPRINT(EM_DIAGRAM):   quit;
63248      *------------------------------------------------------------* ;
MPRINT(EM_DIAGRAM):    *------------------------------------------------------------* ;
63249      * Varsel: Input Variables Macro ;
MPRINT(EM_DIAGRAM):   * Varsel: Input Variables Macro ;
63250      *------------------------------------------------------------* ;
MPRINT(EM_DIAGRAM):   *------------------------------------------------------------* ;
63251      %macro INPUTS;
63252          AGE_GROUP DATE OPT_POPULATION_IN_THOUSANDS
63253      %mend INPUTS;
63254      proc dmine data=_spdslib.EM_DMDB dmdbcat=WORK.EM_DMDB
63255      minr2=0.005 maxrows=3000 stopr2=0.0005 NOAOV16 NOINTER USEGROUPS OUTGROUP=EMWS1.Varsel_OUTGROUP outest=EMWS1.Varsel_OUTESTDMINE outeffect=EMWS1.Varsel_OUTEFFECT outrsquare =EMWS1.Varsel_OUTRSQUARE
63256      NOMONITOR
63257      PSHORT
63258      ;
MPRINT(EM_DIAGRAM):   proc dmine data=_spdslib.EM_DMDB dmdbcat=WORK.EM_DMDB minr2=0.005 maxrows=3000 stopr2=0.0005 NOAOV16 NOINTER USEGROUPS OUTGROUP=EMWS1.Varsel_OUTGROUP outest=EMWS1.Varsel_OUTESTDMINE outeffect=EMWS1.Varsel_OUTEFFECT outrsquare 
=EMWS1.Varsel_OUTRSQUARE NOMONITOR PSHORT ;
MPRINT(EM_DIAGRAM):   var
63259      var %INPUTS;
MPRINT(INPUTS):   AGE_GROUP DATE OPT_POPULATION_IN_THOUSANDS
MPRINT(EM_DIAGRAM):  ;
63260      target Sum_Labor_Force_Pop;
MPRINT(EM_DIAGRAM):   target Sum_Labor_Force_Pop;
63261      code file="C:\Users\student\Desktop\AA490\Project\AA490_Project\Modeling\Labor Force Model\Workspaces\EMWS1\Varsel\EMFLOWSCORE.sas";
MPRINT(EM_DIAGRAM):   code file="C:\Users\student\Desktop\AA490\Project\AA490_Project\Modeling\Labor Force Model\Workspaces\EMWS1\Varsel\EMFLOWSCORE.sas";
63262      code file="C:\Users\student\Desktop\AA490\Project\AA490_Project\Modeling\Labor Force Model\Workspaces\EMWS1\Varsel\EMPUBLISHSCORE.sas";
MPRINT(EM_DIAGRAM):   code file="C:\Users\student\Desktop\AA490\Project\AA490_Project\Modeling\Labor Force Model\Workspaces\EMWS1\Varsel\EMPUBLISHSCORE.sas";
63263      run;
MPRINT(EM_DIAGRAM):   run;

NOTE: Checking database engine with sqluse...
NOTE: Number of threads reset to 1 because of fewer partitions.

Initial pass to compute R2s for all targets
588 records read
NOTE: The full X'X matrix has 21 rows and columns.

Building X'X  for target: Sum_Labor_Force_Pop rows=22 memory=0.00 meg.
588 records read
NOTE: External file C:\Users\student\Desktop\AA490\Project\AA490_Project\Modeling\Labor Force Model\Workspaces\EMWS1\Varsel\EMFLOWSCORE.sas opened.
NOTE: External file C:\Users\student\Desktop\AA490\Project\AA490_Project\Modeling\Labor Force Model\Workspaces\EMWS1\Varsel\EMPUBLISHSCORE.sas opened.
NOTE: There were 588 observations read from the data set _SPDSLIB.EM_DMDB.
NOTE: The data set EMWS1.VARSEL_OUTGROUP has 14 observations and 8 variables.
NOTE: The data set EMWS1.VARSEL_OUTESTDMINE has 5 observations and 23 variables.
NOTE: The data set EMWS1.VARSEL_OUTEFFECT has 3 observations and 6 variables.
NOTE: The data set EMWS1.VARSEL_OUTRSQUARE has 10 observations and 4 variables.
NOTE: The PROCEDURE DMINE printed pages 15-17.
NOTE: PROCEDURE DMINE used (Total process time):
      real time           0.06 seconds
      cpu time            0.01 seconds
      

MPRINT(EM_DIAGRAM):   quit;
MPRINT(EM_DIAGRAM):   run;
63264      quit;
63265      /*      proc print data =EMWS1.Varsel_OUTEFFECT;      proc print data =EMWS1.Varsel_OUTRSQUARE;      */
63266      run;

63267      data EMWS1.Varsel_OUTESTDMINE;
MPRINT(EM_DIAGRAM):    data EMWS1.Varsel_OUTESTDMINE;
63268      set EMWS1.Varsel_OUTESTDMINE;
MPRINT(EM_DIAGRAM):   set EMWS1.Varsel_OUTESTDMINE;
63269      _uname_=upcase(_name_);
MPRINT(EM_DIAGRAM):   _uname_=upcase(_name_);
63270      run;
MPRINT(EM_DIAGRAM):   run;

NOTE: There were 5 observations read from the data set EMWS1.VARSEL_OUTESTDMINE.
NOTE: The data set EMWS1.VARSEL_OUTESTDMINE has 5 observations and 24 variables.
NOTE: DATA statement used (Total process time):
      real time           0.03 seconds
      cpu time            0.01 seconds
      

63271      proc sql;
MPRINT(EM_DIAGRAM):    proc sql;
63272      create table _tmpoutgroup as select distinct VARIABLE from EMWS1.Varsel_OUTGROUP where VARTYPE='GROUP';
MPRINT(EM_DIAGRAM):   create table _tmpoutgroup as select distinct VARIABLE from EMWS1.Varsel_OUTGROUP where VARTYPE='GROUP';
NOTE: Table WORK._TMPOUTGROUP created, with 1 rows and 1 columns.

63273      quit;
MPRINT(EM_DIAGRAM):   quit;
NOTE: PROCEDURE SQL used (Total process time):
      real time           0.02 seconds
      cpu time            0.01 seconds
      

MPRINT(EM_DIAGRAM):   run;
63274      run;

63275      data EMWS1.Varsel_OUTAOV16;
MPRINT(EM_DIAGRAM):    data EMWS1.Varsel_OUTAOV16;
63276      set EMWS1.Varsel_OUTGROUP;
MPRINT(EM_DIAGRAM):   set EMWS1.Varsel_OUTGROUP;
63277      if STRIP(VARTYPE) eq 'AOV16' then output;
MPRINT(EM_DIAGRAM):   if STRIP(VARTYPE) eq 'AOV16' then output;
63278      DROP VARTYPE LEVEL LEVEL2 VARIABLE2;
MPRINT(EM_DIAGRAM):   DROP VARTYPE LEVEL LEVEL2 VARIABLE2;
63279      label NAME= "Name";
MPRINT(EM_DIAGRAM):   label NAME= "Name";
63280      label GROUP = "Group";
MPRINT(EM_DIAGRAM):   label GROUP = "Group";
63281      label VARIABLE = "Variable";
MPRINT(EM_DIAGRAM):   label VARIABLE = "Variable";
63282      label BIN = "Bin Cutoff";
MPRINT(EM_DIAGRAM):   label BIN = "Bin Cutoff";
63283      run;
MPRINT(EM_DIAGRAM):   run;

NOTE: There were 14 observations read from the data set EMWS1.VARSEL_OUTGROUP.
NOTE: The data set EMWS1.VARSEL_OUTAOV16 has 0 observations and 4 variables.
NOTE: DATA statement used (Total process time):
      real time           0.00 seconds
      cpu time            0.00 seconds
      

63284      data EMWS1.Varsel_OUTGINT;
MPRINT(EM_DIAGRAM):   data EMWS1.Varsel_OUTGINT;
63285      set EMWS1.Varsel_OUTGROUP;
MPRINT(EM_DIAGRAM):   set EMWS1.Varsel_OUTGROUP;
63286      if STRIP(VARTYPE) eq 'GINTER' then output;
MPRINT(EM_DIAGRAM):   if STRIP(VARTYPE) eq 'GINTER' then output;
63287      DROP VARTYPE BIN;
MPRINT(EM_DIAGRAM):   DROP VARTYPE BIN;
63288      label NAME= "Name";
MPRINT(EM_DIAGRAM):   label NAME= "Name";
63289      label GROUP = "Group";
MPRINT(EM_DIAGRAM):   label GROUP = "Group";
63290      label VARIABLE = "Variable 1";
MPRINT(EM_DIAGRAM):   label VARIABLE = "Variable 1";
63291      label VARIABLE2 = "Variable 2";
MPRINT(EM_DIAGRAM):   label VARIABLE2 = "Variable 2";
63292      label LEVEL = "Level 1";
MPRINT(EM_DIAGRAM):   label LEVEL = "Level 1";
63293      label LEVEL2 = "Level 2";
MPRINT(EM_DIAGRAM):   label LEVEL2 = "Level 2";
63294      run;
MPRINT(EM_DIAGRAM):   run;

NOTE: There were 14 observations read from the data set EMWS1.VARSEL_OUTGROUP.
NOTE: The data set EMWS1.VARSEL_OUTGINT has 0 observations and 6 variables.
NOTE: DATA statement used (Total process time):
      real time           0.00 seconds
      cpu time            0.01 seconds
      

63295      data EMWS1.Varsel_OUTGVAR;
MPRINT(EM_DIAGRAM):   data EMWS1.Varsel_OUTGVAR;
63296      set EMWS1.Varsel_OUTGROUP;
MPRINT(EM_DIAGRAM):   set EMWS1.Varsel_OUTGROUP;
63297      if STRIP(VARTYPE) eq 'GROUP' then output;
MPRINT(EM_DIAGRAM):   if STRIP(VARTYPE) eq 'GROUP' then output;
63298      DROP VARTYPE BIN VARIABLE2 LEVEL2;
MPRINT(EM_DIAGRAM):   DROP VARTYPE BIN VARIABLE2 LEVEL2;
63299      label NAME= "Name";
MPRINT(EM_DIAGRAM):   label NAME= "Name";
63300      label GROUP = "Group";
MPRINT(EM_DIAGRAM):   label GROUP = "Group";
63301      label VARIABLE = "Variable";
MPRINT(EM_DIAGRAM):   label VARIABLE = "Variable";
63302      label LEVEL = "Level";
MPRINT(EM_DIAGRAM):   label LEVEL = "Level";
63303      run;
MPRINT(EM_DIAGRAM):   run;

NOTE: There were 14 observations read from the data set EMWS1.VARSEL_OUTGROUP.
NOTE: The data set EMWS1.VARSEL_OUTGVAR has 14 observations and 4 variables.
NOTE: DATA statement used (Total process time):
      real time           0.00 seconds
      cpu time            0.00 seconds
      

MPRINT(EM_DIAGRAM):   quit;
63304      quit;

63305      options nonotes nosource;
MPRINT(EM_DIAGRAM):    options nonotes nosource;
MPRINT(EM_DIAGRAM):   data _null_;
MPRINT(EM_DIAGRAM):   file print;
MPRINT(EM_DIAGRAM):   put ' ';
MPRINT(EM_DIAGRAM):   put '-------------------------------------------------------------------';
MPRINT(EM_DIAGRAM):   put "Summary of Variable Selection from Training";
MPRINT(EM_DIAGRAM):   put '-------------------------------------------------------------------';
MPRINT(EM_DIAGRAM):   put ' ';
MPRINT(EM_DIAGRAM):   put ' ';
MPRINT(EM_DIAGRAM):   put "Target Name : Sum_Labor_Force_Pop";
MPRINT(EM_DIAGRAM):   put "Target Level : INTERVAL";
MPRINT(EM_DIAGRAM):   put "Variable Selection Model : R-Square";
MPRINT(EM_DIAGRAM):   put '  ';
MPRINT(EM_DIAGRAM):   put "Total number of inputs : 3";
MPRINT(EM_DIAGRAM):   put "Total number of used inputs : 3";
MPRINT(EM_DIAGRAM):   put "Total number of unused inputs : 0";
MPRINT(EM_DIAGRAM):   put "Total number of rejected inputs : 1";
MPRINT(EM_DIAGRAM):   put ' ';
MPRINT(EM_DIAGRAM):   put "Maximum missing percentage : 50";
MPRINT(EM_DIAGRAM):   put "NOTE: There is no rejected variable by maximum missing percentage";
MPRINT(EM_DIAGRAM):   put ' ';
MPRINT(EM_DIAGRAM):   put "Maximum class level : 100";
MPRINT(EM_DIAGRAM):   put "NOTE:There is no rejected variable by maximum class level";
MPRINT(EM_DIAGRAM):   put ' ';
MPRINT(EM_DIAGRAM):   put "NOTE: 1 group variable has been created";
MPRINT(EM_DIAGRAM):   options notes source;
MPRINT(EM_DIAGRAM):   run;
63331      run;

NOTE: 15 lines were written to file PRINT.
NOTE: The DATA step printed page 18.
NOTE: DATA statement used (Total process time):
      real time           0.03 seconds
      cpu time            0.03 seconds
      

63332      data EMWS1.Varsel_RESULTEDVARS;
MPRINT(EM_DIAGRAM):    data EMWS1.Varsel_RESULTEDVARS;
63333      run;
MPRINT(EM_DIAGRAM):   run;

NOTE: The data set EMWS1.VARSEL_RESULTEDVARS has 1 observations and 0 variables.
NOTE: DATA statement used (Total process time):
      real time           0.00 seconds
      cpu time            0.00 seconds
      

63334      libname _spdslib;
MPRINT(EM_DIAGRAM):    libname _spdslib;
NOTE: Libref _SPDSLIB has been deassigned.
63335      *;
MPRINT(EM_DIAGRAM):    *;
63336      data EMWS1.Varsel_EMSCOREVAR;
MPRINT(EM_DIAGRAM):   data EMWS1.Varsel_EMSCOREVAR;
63337      length Name $32 formula $70 file $200;
MPRINT(EM_DIAGRAM):   length Name $32 formula $70 file $200;
63338      keep NAME Formula file;
MPRINT(EM_DIAGRAM):   keep NAME Formula file;
63339      name = "G_Date";
MPRINT(EM_DIAGRAM):   name = "G_Date";
63340      file="VARSELCODE\G_Date.sas";
MPRINT(EM_DIAGRAM):   file="VARSELCODE\G_Date.sas";
63341      output;
MPRINT(EM_DIAGRAM):   output;
63342      run;
MPRINT(EM_DIAGRAM):   run;

NOTE: Variable formula is uninitialized.
NOTE: The data set EMWS1.VARSEL_EMSCOREVAR has 1 observations and 3 variables.
NOTE: DATA statement used (Total process time):
      real time           0.00 seconds
      cpu time            0.00 seconds
      

MPRINT(EM_DIAGRAM):    proc printto;
MPRINT(EM_DIAGRAM):   run;
