 
                                                                                                                                                                                                                                                                
 
 
Variable Summary

          Measurement    Frequency
 Role        Level         Count

INPUT      INTERVAL          2    
TARGET     NOMINAL           1    
 
                                                                                                                                                                                                                                                                
 
 
Model Events

                                     Number
                      Measurement      of
 Target      Event       Level       Levels      Order         Label

Age_group     85+       NOMINAL         5      Descending    Age_group
 
                                                                                                                                                                                                                                                                
 
 
Predicted and decision variables

Type         Variable            Label

TARGET       Age_group           Age_group                 
PREDICTED    P_Age_group85_      Predicted: Age_group=85+  
RESIDUAL     R_Age_group85_      Residual: Age_group=85+   
PREDICTED    P_Age_group65_84    Predicted: Age_group=65-84
RESIDUAL     R_Age_group65_84    Residual: Age_group=65-84 
PREDICTED    P_Age_group25_44    Predicted: Age_group=25-44
RESIDUAL     R_Age_group25_44    Residual: Age_group=25-44 
PREDICTED    P_Age_group18_24    Predicted: Age_group=18-24
RESIDUAL     R_Age_group18_24    Residual: Age_group=18-24 
PREDICTED    P_Age_group0_17     Predicted: Age_group=0-17 
RESIDUAL     R_Age_group0_17     Residual: Age_group=0-17  
FROM         F_Age_group         From: Age_group           
INTO         I_Age_group         Into: Age_group           
 
                                                                                                                                                                                                                                                                
 
 

The NEURAL Procedure

Preliminary       Starting         Objective         Number
 Training          Random           Function           of        Terminating
    Run             Seed             Value         Iterations     Criteria

        1               12345    0.054499347165           10                
        2           494012387    0.012738208866           10                
        3           936745137    0.001538974307            9      ABSCONV   
        4           337281485    0.126158585419           10                
        5            42129862    0.031672197917           10                
 
                                                                                                                                                                                                                                                                
 
 

The NEURAL Procedure

                         Optimization Start
                         Parameter Estimates
                                                            Gradient
                                                           Objective
  N Parameter                               Estimate        Function

  1 OG_Cases_in_Thousands_H11               0.764539     0.000007593
  2 Projected_Sum_Pop_H11                  -4.963852        0.000362
  3 OG_Cases_in_Thousands_H12               0.309725        0.000114
  4 Projected_Sum_Pop_H12                  -0.594616     0.000053218
  5 OG_Cases_in_Thousands_H13               1.001352     0.000046263
  6 Projected_Sum_Pop_H13                  -3.813994     0.000071086
  7 OG_Cases_in_Thousands_H14              -2.902415     0.000000772
  8 Projected_Sum_Pop_H14                  -2.245238    -0.000001793
  9 OG_Cases_in_Thousands_H15              -0.405707        0.000238
 10 Projected_Sum_Pop_H15                  -5.916784    -0.000055246
 11 BIAS_H11                               -6.023327       -0.000130
 12 BIAS_H12                                1.679969       -0.000221
 13 BIAS_H13                               -1.271473    -0.000075214
 14 BIAS_H14                                3.072759    -0.000000809
 15 BIAS_H15                                2.849502       -0.000537
 16 H11_Age_group85_                        7.436168       -0.000898
 17 H12_Age_group85_                       -0.603450        0.000752
 18 H13_Age_group85_                        7.096173        0.000705
 19 H14_Age_group85_                       -0.554478        0.000780
 20 H15_Age_group85_                        0.250548        0.000780
 21 H11_Age_group6584                       0.720539     0.000001858
 22 H12_Age_group6584                      -1.920237    -0.000001537
 23 H13_Age_group6584                       0.238937     0.000001860
 24 H14_Age_group6584                      -6.158995     0.000002824
 25 H15_Age_group6584                      -3.198931     0.000002515
 26 H11_Age_group2544                       1.039751       -0.000300
 27 H12_Age_group2544                      -2.273742        0.000268
 28 H13_Age_group2544                       0.214184       -0.000298
 29 H14_Age_group2544                       3.883850        0.000297
 30 H15_Age_group2544                      -7.264115        0.000376
 31 H11_Age_group1824                       1.114966        0.000933
 32 H12_Age_group1824                       0.866596       -0.000789
 33 H13_Age_group1824                       7.175062       -0.000777
 34 H14_Age_group1824                       0.090766       -0.000817
 35 H15_Age_group1824                       0.498377       -0.000820
 36 OG_Cases_in_Thousands_Age_group8        0.045465       -0.000489
 37 Projected_Sum_Pop_Age_group85_         -5.220980       -0.000653
 38 OG_Cases_in_Thousands_Age_group6        1.748277    -0.000002570
 39 Projected_Sum_Pop_Age_group6584         3.120173    -0.000002898
 40 OG_Cases_in_Thousands_Age_group2       -1.540942       -0.000131
 41 Projected_Sum_Pop_Age_group2544         3.218688     0.000065755
 42 OG_Cases_in_Thousands_Age_group1       -0.729098        0.000515
 43 Projected_Sum_Pop_Age_group1824        -1.190377        0.000710
 44 BIAS_Age_group85_                      -0.346570        0.000780
 45 BIAS_Age_group6584                     -1.164078    -0.000001858
 46 BIAS_Age_group2544                     -1.575763        0.000300
 47 BIAS_Age_group1824                     -1.230557       -0.000817

Value of Objective Function = 0.0015389743

 
                                                                                                                                                                                                                                                                
 
 

The NEURAL Procedure

Levenberg-Marquardt Optimization


Minimum Iterations                                0
Maximum Iterations                               50
Maximum Function Calls                   2147483647
Maximum CPU Time                              14400
ABSGCONV Gradient Criterion                 0.00001
GCONV Gradient Criterion                       1E-8
GCONV2 Gradient Criterion                         0
ABSFCONV Function Criterion                       0
FCONV Function Criterion                     0.0001
FCONV2 Function Criterion                         0
FSIZE Parameter                                   0
ABSXCONV Parameter Change Criterion               0
XCONV Parameter Change Criterion                  0
XSIZE Parameter                                   0
ABSCONV Function Criterion             0.0032188826
Trust Region Initial Radius Factor                1
Singularity Tolerance (SINGULAR)               1E-8

Levenberg-Marquardt Optimization

Scaling Update of More (1978)

Parameter Estimates              47

                                             Optimization Start

Active Constraints                                  0  Objective Function                       0.0015389743
Max Abs Gradient Element                 0.0009325791  Radius                                              1

                                            Optimization Results

Iterations                                          0  Function Calls                                      3
Jacobian Calls                                      1  Active Constraints                                  0
Objective Function                       0.0015389743  Max Abs Gradient Element                 0.0009325791
Lambda                                              0  Actual Over Pred Change                             0
Radius                                              1                                                       

Convergence criterion (ABSCONV=0.0032188826) satisfied.                                           
 
                                                                                                                                                                                                                                                                
 
 

The NEURAL Procedure

                        Optimization Results
                         Parameter Estimates
                                                            Gradient
                                                           Objective
  N Parameter                               Estimate        Function

  1 OG_Cases_in_Thousands_H11               0.764539     0.000007593
  2 Projected_Sum_Pop_H11                  -4.963852        0.000362
  3 OG_Cases_in_Thousands_H12               0.309725        0.000114
  4 Projected_Sum_Pop_H12                  -0.594616     0.000053218
  5 OG_Cases_in_Thousands_H13               1.001352     0.000046263
  6 Projected_Sum_Pop_H13                  -3.813994     0.000071086
  7 OG_Cases_in_Thousands_H14              -2.902415     0.000000772
  8 Projected_Sum_Pop_H14                  -2.245238    -0.000001793
  9 OG_Cases_in_Thousands_H15              -0.405707        0.000238
 10 Projected_Sum_Pop_H15                  -5.916784    -0.000055246
 11 BIAS_H11                               -6.023327       -0.000130
 12 BIAS_H12                                1.679969       -0.000221
 13 BIAS_H13                               -1.271473    -0.000075214
 14 BIAS_H14                                3.072759    -0.000000809
 15 BIAS_H15                                2.849502       -0.000537
 16 H11_Age_group85_                        7.436168       -0.000898
 17 H12_Age_group85_                       -0.603450        0.000752
 18 H13_Age_group85_                        7.096173        0.000705
 19 H14_Age_group85_                       -0.554478        0.000780
 20 H15_Age_group85_                        0.250548        0.000780
 21 H11_Age_group6584                       0.720539     0.000001858
 22 H12_Age_group6584                      -1.920237    -0.000001537
 23 H13_Age_group6584                       0.238937     0.000001860
 24 H14_Age_group6584                      -6.158995     0.000002824
 25 H15_Age_group6584                      -3.198931     0.000002515
 26 H11_Age_group2544                       1.039751       -0.000300
 27 H12_Age_group2544                      -2.273742        0.000268
 28 H13_Age_group2544                       0.214184       -0.000298
 29 H14_Age_group2544                       3.883850        0.000297
 30 H15_Age_group2544                      -7.264115        0.000376
 31 H11_Age_group1824                       1.114966        0.000933
 32 H12_Age_group1824                       0.866596       -0.000789
 33 H13_Age_group1824                       7.175062       -0.000777
 34 H14_Age_group1824                       0.090766       -0.000817
 35 H15_Age_group1824                       0.498377       -0.000820
 36 OG_Cases_in_Thousands_Age_group8        0.045465       -0.000489
 37 Projected_Sum_Pop_Age_group85_         -5.220980       -0.000653
 38 OG_Cases_in_Thousands_Age_group6        1.748277    -0.000002570
 39 Projected_Sum_Pop_Age_group6584         3.120173    -0.000002898
 40 OG_Cases_in_Thousands_Age_group2       -1.540942       -0.000131
 41 Projected_Sum_Pop_Age_group2544         3.218688     0.000065755
 42 OG_Cases_in_Thousands_Age_group1       -0.729098        0.000515
 43 Projected_Sum_Pop_Age_group1824        -1.190377        0.000710
 44 BIAS_Age_group85_                      -0.346570        0.000780
 45 BIAS_Age_group6584                     -1.164078    -0.000001858
 46 BIAS_Age_group2544                     -1.575763        0.000300
 47 BIAS_Age_group1824                     -1.230557       -0.000817

Value of Objective Function = 0.0015389743

