MPRINT(EM_DIAGRAM):    data _null_;
MPRINT(EM_DIAGRAM):   call symput('NLDATE', strip(put(date(), NLDATE.)));
MPRINT(EM_DIAGRAM):   call symput('NLTIME', strip(put(datetime(), NLTIME.)));
MPRINT(EM_DIAGRAM):   run;
MPRINT(EM_DIAGRAM):   data _null_;
MPRINT(EM_DIAGRAM):   nldate= sasmsg("sashelp.dmine", "log_date_note", 'N', "December 09, 2019" );
MPRINT(EM_DIAGRAM):   nltime= sasmsg("sashelp.dmine", "log_time_note", 'N', "18:13:12" );
MPRINT(EM_DIAGRAM):   put "*------------------------------------------------------------*";
MPRINT(EM_DIAGRAM):   put "* Training Log";
MPRINT(EM_DIAGRAM):   put nldate;
MPRINT(EM_DIAGRAM):   put nltime;
MPRINT(EM_DIAGRAM):   put "*------------------------------------------------------------*";
MPRINT(EM_DIAGRAM):   run;
*------------------------------------------------------------*
* Training Log
Date:                December 09, 2019
Time:                18:13:12
*------------------------------------------------------------*
MPRINT(EM_DIAGRAM):    filename O2QL3JCD "C:\Users\student\Desktop\AA490\Project\AA490_Project\Modeling\Labor Force Model\Workspaces\EMWS1\Stat\EMTRAIN.out" encoding="UTF-8" NOBOM;
MPRINT(EM_DIAGRAM):   proc printto print=O2QL3JCD new;
MPRINT(EM_DIAGRAM):   run;
MPRINT(EM_DIAGRAM):    filename _LOG "C:\Users\student\Desktop\AA490\Project\AA490_Project\Modeling\Labor Force Model\Workspaces\EMWS1\Stat\EMLOG.log" encoding="UTF-8" NOBOM;
MPRINT(EM_DIAGRAM):    data _null_;
MPRINT(EM_DIAGRAM):   call symput('NLDATE', strip(put(date(), NLDATE.)));
MPRINT(EM_DIAGRAM):   call symput('NLTIME', strip(put(datetime(), NLTIME.)));
MPRINT(EM_DIAGRAM):   run;
MPRINT(EM_DIAGRAM):   data _null_;
MPRINT(EM_DIAGRAM):   nldate= sasmsg("sashelp.dmine", "log_date_note", 'N', "December 09, 2019" );
MPRINT(EM_DIAGRAM):   nltime= sasmsg("sashelp.dmine", "log_time_note", 'N', "18:13:12" );
MPRINT(EM_DIAGRAM):   file _LOG;
MPRINT(EM_DIAGRAM):   put "*------------------------------------------------------------*";
MPRINT(EM_DIAGRAM):   put "User:                student";
MPRINT(EM_DIAGRAM):   put nldate;
MPRINT(EM_DIAGRAM):   put nltime;
MPRINT(EM_DIAGRAM):   put "Site:                70082322";
MPRINT(EM_DIAGRAM):   put "Platform:            X64_10PRO";
MPRINT(EM_DIAGRAM):   put "Maintenance Release: 9.04.01M4P110916";
MPRINT(EM_DIAGRAM):   put "EM Version:          14.2";
MPRINT(EM_DIAGRAM):   put "* ";
MPRINT(EM_DIAGRAM):   run;
MPRINT(EM_DIAGRAM):    filename _LOGIN "C:\Users\student\Desktop\AA490\Project\AA490_Project\Modeling\Labor Force Model\Workspaces\EMWS1\Stat\EMTRAIN.log" encoding="UTF-8" NOBOM;
MPRINT(EM_COPYFILE):   data _null_;
MPRINT(EM_COPYFILE):   length line $20000;
MPRINT(EM_COPYFILE):   file _LOG MOD lrecl=20000;
MPRINT(EM_COPYFILE):   fid=fopen("_LOGIN",'i',20000,'v');
MPRINT(EM_COPYFILE):   if fid > 0 then do;
MPRINT(EM_COPYFILE):   do while(^fread(fid));
MPRINT(EM_COPYFILE):   rlen = frlen(fid);
MPRINT(EM_COPYFILE):   rc= fget(fid,line,20000);
MPRINT(EM_COPYFILE):   start = length(line)-length(left(line))+1;
MPRINT(EM_COPYFILE):   line=strip(line);
MPRINT(EM_COPYFILE):   put @start line;
MPRINT(EM_COPYFILE):   end;
MPRINT(EM_COPYFILE):   if fid > 0 then rc=fclose(fid);
MPRINT(EM_COPYFILE):   end;
MPRINT(EM_COPYFILE):   run;
MPRINT(EM_DIAGRAM):  ;
MPRINT(EM_DIAGRAM):   filename _LOGIN;
MPRINT(EM_DIAGRAM):    data _null_;
MPRINT(EM_DIAGRAM):   file _LOG mod;
MPRINT(EM_DIAGRAM):   put _page_;
MPRINT(EM_DIAGRAM):   run;
MPRINT(EM_DIAGRAM):   filename _LOGIN "C:\Users\student\Desktop\AA490\Project\AA490_Project\Modeling\Labor Force Model\Workspaces\EMWS1\Stat\EMSCORE.log" encoding="UTF-8" NOBOM;
MPRINT(EM_DIAGRAM):  ;
MPRINT(EM_DIAGRAM):   data _null_;
MPRINT(EM_DIAGRAM):   file _LOG mod;
MPRINT(EM_DIAGRAM):   put _page_;
MPRINT(EM_DIAGRAM):   run;
MPRINT(EM_DIAGRAM):    filename _LOGIN "C:\Users\student\Desktop\AA490\Project\AA490_Project\Modeling\Labor Force Model\Workspaces\EMWS1\Stat\EMREPORT.log" encoding="UTF-8" NOBOM;
MPRINT(EM_DIAGRAM):  ;
MPRINT(EM_DIAGRAM):   filename _LOGIN;
MPRINT(EM_DIAGRAM):    filename _LOG;
MPRINT(EM_DIAGRAM):    filename _OUT "C:\Users\student\Desktop\AA490\Project\AA490_Project\Modeling\Labor Force Model\Workspaces\EMWS1\Stat\EMOUTPUT.out" encoding="UTF-8" NOBOM;
MPRINT(EM_DIAGRAM):    data _null_;
MPRINT(EM_DIAGRAM):   call symput('NLDATE', strip(put(date(), NLDATE.)));
MPRINT(EM_DIAGRAM):   call symput('NLTIME', strip(put(datetime(), NLTIME.)));
MPRINT(EM_DIAGRAM):   run;
MPRINT(EM_DIAGRAM):   data _null_;
MPRINT(EM_DIAGRAM):   nldate= sasmsg("sashelp.dmine", "log_date_note", 'N', "December 09, 2019" );
MPRINT(EM_DIAGRAM):   nltime= sasmsg("sashelp.dmine", "log_time_note", 'N', "18:13:12" );
MPRINT(EM_DIAGRAM):   file _OUT;
MPRINT(EM_DIAGRAM):   put "*------------------------------------------------------------*";
MPRINT(EM_DIAGRAM):   put "User:                student";
MPRINT(EM_DIAGRAM):   put nldate;
MPRINT(EM_DIAGRAM):   put nltime;
MPRINT(EM_DIAGRAM):   put "*------------------------------------------------------------*";
MPRINT(EM_DIAGRAM):   put "* Training Output";
MPRINT(EM_DIAGRAM):   put "*------------------------------------------------------------*";
MPRINT(EM_DIAGRAM):   run;
MPRINT(EM_DIAGRAM):    filename _OUTIN "C:\Users\student\Desktop\AA490\Project\AA490_Project\Modeling\Labor Force Model\Workspaces\EMWS1\Stat\EMTRAIN.out" encoding="UTF-8" NOBOM;
MPRINT(EM_DIAGRAM):   ;
MPRINT(EM_COPYFILE):   data _null_;
MPRINT(EM_COPYFILE):   length line $20000;
MPRINT(EM_COPYFILE):   file _OUT MOD lrecl=20000;
MPRINT(EM_COPYFILE):   fid=fopen("_OUTIN",'i',20000,'v');
MPRINT(EM_COPYFILE):   if fid > 0 then do;
MPRINT(EM_COPYFILE):   do while(^fread(fid));
MPRINT(EM_COPYFILE):   rlen = frlen(fid);
MPRINT(EM_COPYFILE):   rc= fget(fid,line,20000);
MPRINT(EM_COPYFILE):   start = length(line)-length(left(line))+1;
MPRINT(EM_COPYFILE):   line=strip(line);
MPRINT(EM_COPYFILE):   put @start line;
MPRINT(EM_COPYFILE):   end;
MPRINT(EM_COPYFILE):   if fid > 0 then rc=fclose(fid);
MPRINT(EM_COPYFILE):   end;
MPRINT(EM_COPYFILE):   run;
MPRINT(EM_DIAGRAM):  ;
MPRINT(EM_DIAGRAM):   filename _OUTIN;
MPRINT(EM_DIAGRAM):    data _null_;
MPRINT(EM_DIAGRAM):   file _OUT mod;
MPRINT(EM_DIAGRAM):   put _page_;
MPRINT(EM_DIAGRAM):   put // "*------------------------------------------------------------*";
MPRINT(EM_DIAGRAM):   put "* Score Output";
MPRINT(EM_DIAGRAM):   put "*------------------------------------------------------------*";
MPRINT(EM_DIAGRAM):   run;
MPRINT(EM_DIAGRAM):    filename _OUTIN "C:\Users\student\Desktop\AA490\Project\AA490_Project\Modeling\Labor Force Model\Workspaces\EMWS1\Stat\EMSCORE.out" encoding="UTF-8" NOBOM;
MPRINT(EM_DIAGRAM):  ;
MPRINT(EM_DIAGRAM):   filename _OUTIN;
MPRINT(EM_DIAGRAM):    data _null_;
MPRINT(EM_DIAGRAM):   file _OUT mod;
MPRINT(EM_DIAGRAM):   put _page_;
MPRINT(EM_DIAGRAM):   put // "*------------------------------------------------------------*";
MPRINT(EM_DIAGRAM):   put "* Report Output";
MPRINT(EM_DIAGRAM):   put "*------------------------------------------------------------*";
MPRINT(EM_DIAGRAM):   run;
MPRINT(EM_DIAGRAM):    filename _OUTIN "C:\Users\student\Desktop\AA490\Project\AA490_Project\Modeling\Labor Force Model\Workspaces\EMWS1\Stat\EMREPORT.out" encoding="UTF-8" NOBOM;
MPRINT(EM_DIAGRAM):  ;
MPRINT(EM_DIAGRAM):   filename _OUTIN;
MPRINT(EM_DIAGRAM):    filename _OUT;
MPRINT(EM_DIAGRAM):    filename _emtool_ 'C:\Users\student\Desktop\AA490\Project\AA490_Project\Modeling\Labor Force Model\Workspaces\EMWS1\Stat\EMRUNSTATUS.xml' encoding="UTF-8" NOBOM;
22121      proc freq data=EMWS1.Stat_VariableSet noprint;
MPRINT(EM_DIAGRAM):    proc freq data=EMWS1.Stat_VariableSet noprint;
22122      table ROLE*LEVEL/out=WORK.StatMETA;
MPRINT(EM_DIAGRAM):   table ROLE*LEVEL/out=WORK.StatMETA;
22123      run;
MPRINT(EM_DIAGRAM):   run;

NOTE: There were 4 observations read from the data set EMWS1.STAT_VARIABLESET.
NOTE: The data set WORK.STATMETA has 3 observations and 4 variables.
NOTE: PROCEDURE FREQ used (Total process time):
      real time           0.03 seconds
      cpu time            0.03 seconds
      

22124      proc print data=WORK.StatMETA label noobs;
MPRINT(EM_DIAGRAM):   proc print data=WORK.StatMETA label noobs;
22125      var ROLE LEVEL COUNT;
MPRINT(EM_DIAGRAM):   var ROLE LEVEL COUNT;
22126      label ROLE = "%sysfunc(sasmsg(sashelp.dmine, meta_role_vlabel, NOQUOTE))" LEVEL = "%sysfunc(sasmsg(sashelp.dmine, meta_level_vlabel, NOQUOTE))" COUNT = "%sysfunc(sasmsg(sashelp.dmine, rpt_count_vlabel, NOQUOTE))";
MPRINT(EM_DIAGRAM):   label ROLE = "Role" LEVEL = "Measurement Level" COUNT = "Frequency Count";
22127      title9 ' ';
MPRINT(EM_DIAGRAM):   title9 ' ';
22128      title10 "%sysfunc(sasmsg(sashelp.dmine, rpt_varSummary_title  , NOQUOTE))";
MPRINT(EM_DIAGRAM):   title10 "Variable Summary";
MPRINT(EM_DIAGRAM):   run;
22129      run;

NOTE: There were 3 observations read from the data set WORK.STATMETA.
NOTE: The PROCEDURE PRINT printed page 1.
NOTE: PROCEDURE PRINT used (Total process time):
      real time           0.03 seconds
      cpu time            0.03 seconds
      

22130      title10;
MPRINT(EM_DIAGRAM):   title10;
22131      data WORK.M0RUOM6M;
MPRINT(EM_DIAGRAM):    data WORK.M0RUOM6M;
22132      set WORK.M0RUOM6M;
MPRINT(EM_DIAGRAM):   set WORK.M0RUOM6M;
22133      where((role in('TARGET' 'FREQ' 'INPUT') and use in('D','Y')) or (role = 'REJECTED' and use = 'Y'));
MPRINT(EM_DIAGRAM):   where((role in('TARGET' 'FREQ' 'INPUT') and use in('D','Y')) or (role = 'REJECTED' and use = 'Y'));
22134      if ROLE = 'REJECTED' then role = 'INPUT';
MPRINT(EM_DIAGRAM):   if ROLE = 'REJECTED' then role = 'INPUT';
22135      run;
MPRINT(EM_DIAGRAM):   run;

NOTE: There were 4 observations read from the data set WORK.M0RUOM6M.
      WHERE (role in ('FREQ', 'INPUT', 'TARGET') and use in ('D', 'Y')) or ((role='REJECTED') and (use='Y'));
NOTE: The data set WORK.M0RUOM6M has 4 observations and 21 variables.
NOTE: DATA statement used (Total process time):
      real time           0.01 seconds
      cpu time            0.01 seconds
      

22136      *------------------------------------------------------------*;
MPRINT(EM_DIAGRAM):    *------------------------------------------------------------*;
22137      * Stat: Determining Analysis Variables;
MPRINT(EM_DIAGRAM):   * Stat: Determining Analysis Variables;
22138      *------------------------------------------------------------*;
MPRINT(EM_DIAGRAM):   *------------------------------------------------------------*;
22139      *------------------------------------------------------------*;
MPRINT(EM_DIAGRAM):   *------------------------------------------------------------*;
22140      * Stat: Creating Macros for Variable Selection;
MPRINT(EM_DIAGRAM):   * Stat: Creating Macros for Variable Selection;
22141      *------------------------------------------------------------*;
MPRINT(EM_DIAGRAM):   *------------------------------------------------------------*;
22142      *------------------------------------------------------------* ;
MPRINT(EM_DIAGRAM):   *------------------------------------------------------------* ;
22143      * Stat: Interval Input Variables Macro ;
MPRINT(EM_DIAGRAM):   * Stat: Interval Input Variables Macro ;
22144      *------------------------------------------------------------* ;
MPRINT(EM_DIAGRAM):   *------------------------------------------------------------* ;
22145      %macro INTINPUTS;
22146          Population
22147      %mend INTINPUTS;
22148      *------------------------------------------------------------*;
MPRINT(EM_DIAGRAM):   *------------------------------------------------------------*;
22149      * Stat: Creating Macros for Variable Selection;
MPRINT(EM_DIAGRAM):   * Stat: Creating Macros for Variable Selection;
22150      *------------------------------------------------------------*;
MPRINT(EM_DIAGRAM):   *------------------------------------------------------------*;
22151      *------------------------------------------------------------* ;
MPRINT(EM_DIAGRAM):   *------------------------------------------------------------* ;
22152      * Stat: Binary and Nominal Input Variables Macro ;
MPRINT(EM_DIAGRAM):   * Stat: Binary and Nominal Input Variables Macro ;
22153      *------------------------------------------------------------* ;
MPRINT(EM_DIAGRAM):   *------------------------------------------------------------* ;
22154      %macro NOMINPUTS;
22155          Age_group Industry
22156      %mend NOMINPUTS;
22157      *------------------------------------------------------------*;
MPRINT(EM_DIAGRAM):   *------------------------------------------------------------*;
22158      * Stat: Creating Macros for Variable Selection;
MPRINT(EM_DIAGRAM):   * Stat: Creating Macros for Variable Selection;
22159      *------------------------------------------------------------*;
MPRINT(EM_DIAGRAM):   *------------------------------------------------------------*;
22160      *------------------------------------------------------------* ;
MPRINT(EM_DIAGRAM):   *------------------------------------------------------------* ;
22161      * Stat: Ordinal Input Variables Macro ;
MPRINT(EM_DIAGRAM):   * Stat: Ordinal Input Variables Macro ;
22162      *------------------------------------------------------------* ;
MPRINT(EM_DIAGRAM):   *------------------------------------------------------------* ;
22163      %macro ORDINPUTS;
22164      
22165      %mend ORDINPUTS;
22166      data work.EM_Stat_tree / view=work.EM_Stat_tree;
MPRINT(EM_DIAGRAM):   data work.EM_Stat_tree / view=work.EM_Stat_tree;
22167      set
22167    ! EMWS1.Ids_DATA(keep=%INTINPUTS %ORDINPUTS %NOMINPUTS Sum_Labor_Force_Pop);
MPRINT(EM_DIAGRAM):   set EMWS1.Ids_DATA(keep
MPRINT(EM_DIAGRAM):  =Population Age_group Industry Sum_Labor_Force_Pop);
22168      run;
MPRINT(EM_DIAGRAM):   run;

NOTE: DATA STEP view saved on file WORK.EM_STAT_TREE.
NOTE: A stored DATA STEP view cannot run under a different operating system.
NOTE: DATA statement used (Total process time):
      real time           0.01 seconds
      cpu time            0.00 seconds
      

22169      proc arbor
22169    ! data=EMWS1.Ids_DATA(keep=%INTINPUTS %ORDINPUTS %NOMINPUTS Sum_Labor_Force_Pop) Criterion=VARIANCE Leafsize=5 Mincatsize = 5 Maxbranch=5 Maxdepth=1 Padjust= NONE NORULELIMIT MAXRULES=3 MAXSURRS=0 Missing=USEINSEARCH Exhaustive=5000;
MPRINT(EM_DIAGRAM):   proc arbor data=EMWS1.Ids_DATA(keep
MPRINT(EM_DIAGRAM):  =Population Age_group Industry Sum_Labor_Force_Pop) Criterion=VARIANCE Leafsize=5 Mincatsize = 5 Maxbranch=5 Maxdepth=1 Padjust= NONE NORULELIMIT MAXRULES=3 MAXSURRS=0 Missing=USEINSEARCH Exhaustive=5000;
WARNING: PADJUST and PVAR options are ignored with this splitting criterion.
MPRINT(EM_DIAGRAM):   input
22170      input %INTINPUTS / level = interval;
MPRINT(INTINPUTS):   Population
MPRINT(EM_DIAGRAM):   / level = interval;
MPRINT(EM_DIAGRAM):   input
22171      input %NOMINPUTS / level=nominal;
MPRINT(NOMINPUTS):   Age_group Industry
MPRINT(EM_DIAGRAM):   / level=nominal;
22172      target Sum_Labor_Force_Pop / level=INTERVAL;
MPRINT(EM_DIAGRAM):   target Sum_Labor_Force_Pop / level=INTERVAL;
22173      Performance Disk NodeSize=10000;
MPRINT(EM_DIAGRAM):   Performance Disk NodeSize=10000;
22174      Assess NoValidata measure=ASE;
MPRINT(EM_DIAGRAM):   Assess NoValidata measure=ASE;
NOTE: 1645580 kilobytes of physical memory.
NOTE: Will use 280 out of 280 training cases.
NOTE: Using memory pool with 13910016 bytes.
NOTE: Passed training data 2 times.
NOTE: Training used 38152 bytes of work memory.
NOTE: The subtree sequence contains 2 subtrees. The largest has 5 nodes and 4 leaves.
NOTE: Using subtree with 5 nodes and 4 leaves.
22175      SUBTREE BEST;
MPRINT(EM_DIAGRAM):   SUBTREE BEST;
NOTE: Using subtree with 5 nodes and 4 leaves.
22176      save RULES=WORK.Stat_RULE;
MPRINT(EM_DIAGRAM):   save RULES=WORK.Stat_RULE;
NOTE: The data set WORK.STAT_RULE has 28 observations and 6 variables.
22177      run;
MPRINT(EM_DIAGRAM):   run;

22178      quit;
MPRINT(EM_DIAGRAM):   quit;

NOTE: There were 280 observations read from the data set EMWS1.IDS_DATA.
NOTE: PROCEDURE ARBOR used (Total process time):
      real time           0.01 seconds
      cpu time            0.01 seconds
      

22179      data WORK.Stat_RULE(keep=Target Name Rank Numeric_Value StatVar rename=(numeric_value=Worth));
MPRINT(EM_DIAGRAM):    data WORK.Stat_RULE(keep=Target Name Rank Numeric_Value StatVar rename=(numeric_value=Worth));
22180      label Target = "%sysfunc(sasmsg(sashelp.dmine, rpt_target_vlabel,      NOQUOTE))" Name = "%sysfunc(sasmsg(sashelp.dmine, rpt_variable_vlabel,    NOQUOTE))" Rank = "%sysfunc(sasmsg(sashelp.dmine, rpt_importance_vlabel,  NOQUOTE))" Numeric_Value =
22181         "%sysfunc(sasmsg(sashelp.dmine, rpt_worth_vlabel,       NOQUOTE))" StatVar = "%sysfunc(sasmsg(sashelp.dmine, rpt_analysisVar_vlabel, NOQUOTE))";
MPRINT(EM_DIAGRAM):   label Target = "Target" Name = "Variable" Rank = "Importance" Numeric_Value = "Worth" StatVar = "Analysis Variable";
22182      length Target $32 Name $32;
MPRINT(EM_DIAGRAM):   length Target $32 Name $32;
22183      retain TARGET "Sum_Labor_Force_Pop" Name;
MPRINT(EM_DIAGRAM):   retain TARGET "Sum_Labor_Force_Pop" Name;
22184      format STATVAR 6.0;
MPRINT(EM_DIAGRAM):   format STATVAR 6.0;
22185      set WORK.Stat_RULE;
MPRINT(EM_DIAGRAM):   set WORK.Stat_RULE;
22186      where stat in('VARIABLE','WORTH');
MPRINT(EM_DIAGRAM):   where stat in('VARIABLE','WORTH');
22187      if stat = 'VARIABLE' then Name = character_value;
MPRINT(EM_DIAGRAM):   if stat = 'VARIABLE' then Name = character_value;
22188      else do;
MPRINT(EM_DIAGRAM):   else do;
22189      if _N_<= 2*1000 then STATVAR=1;
MPRINT(EM_DIAGRAM):   if _N_<= 2*1000 then STATVAR=1;
22190      else STATVAR=0;
MPRINT(EM_DIAGRAM):   else STATVAR=0;
22191      output;
MPRINT(EM_DIAGRAM):   output;
22192      end;
MPRINT(EM_DIAGRAM):   end;
22193      run;
MPRINT(EM_DIAGRAM):   run;

NOTE: There were 6 observations read from the data set WORK.STAT_RULE.
      WHERE stat in ('VARIABLE', 'WORTH');
NOTE: The data set WORK.STAT_RULE has 3 observations and 5 variables.
NOTE: DATA statement used (Total process time):
      real time           0.03 seconds
      cpu time            0.04 seconds
      

22194      proc append base=EMWS1.Stat_WORTH data=WORK.Stat_RULE force;
MPRINT(EM_DIAGRAM):   proc append base=EMWS1.Stat_WORTH data=WORK.Stat_RULE force;
22195      run;
MPRINT(EM_DIAGRAM):   run;

NOTE: Appending WORK.STAT_RULE to EMWS1.STAT_WORTH.
NOTE: BASE data set does not exist. DATA file is being copied to BASE file.
NOTE: There were 3 observations read from the data set WORK.STAT_RULE.
NOTE: The data set EMWS1.STAT_WORTH has 3 observations and 5 variables.
NOTE: PROCEDURE APPEND used (Total process time):
      real time           0.01 seconds
      cpu time            0.01 seconds
      

22196      proc sort data=EMWS1.Stat_WORTH nodupkey out=WORK.Stat_SELVAR(keep=Name StatVar);
MPRINT(EM_DIAGRAM):    proc sort data=EMWS1.Stat_WORTH nodupkey out=WORK.Stat_SELVAR(keep=Name StatVar);
22197      by NAME;
MPRINT(EM_DIAGRAM):   by NAME;
22198      where statvar=1;
MPRINT(EM_DIAGRAM):   where statvar=1;
22199      run;
MPRINT(EM_DIAGRAM):   run;

NOTE: There were 3 observations read from the data set EMWS1.STAT_WORTH.
      WHERE statvar=1;
NOTE: 0 observations with duplicate key values were deleted.
NOTE: The data set WORK.STAT_SELVAR has 3 observations and 2 variables.
NOTE: PROCEDURE SORT used (Total process time):
      real time           0.01 seconds
      cpu time            0.01 seconds
      

22200      proc sort data=EMWS1.Stat_WORTH;
MPRINT(EM_DIAGRAM):    proc sort data=EMWS1.Stat_WORTH;
22201      by Rank;
MPRINT(EM_DIAGRAM):   by Rank;
22202      where statvar=1;
MPRINT(EM_DIAGRAM):   where statvar=1;
22203      run;
MPRINT(EM_DIAGRAM):   run;

NOTE: There were 3 observations read from the data set EMWS1.STAT_WORTH.
      WHERE statvar=1;
NOTE: The data set EMWS1.STAT_WORTH has 3 observations and 5 variables.
NOTE: PROCEDURE SORT used (Total process time):
      real time           0.01 seconds
      cpu time            0.01 seconds
      

22204      proc sort data=WORK.M0XBPQHQ;
MPRINT(EM_DIAGRAM):    proc sort data=WORK.M0XBPQHQ;
22205      by name;
MPRINT(EM_DIAGRAM):   by name;
22206      run;
MPRINT(EM_DIAGRAM):   run;

NOTE: There were 4 observations read from the data set WORK.M0XBPQHQ.
NOTE: The data set WORK.M0XBPQHQ has 4 observations and 21 variables.
NOTE: PROCEDURE SORT used (Total process time):
      real time           0.01 seconds
      cpu time            0.00 seconds
      

22207      data WORK.Stat_analysisMeta;
MPRINT(EM_DIAGRAM):   data WORK.Stat_analysisMeta;
22208      merge WORK.M0XBPQHQ WORK.Stat_SELVAR(in=_a);
MPRINT(EM_DIAGRAM):   merge WORK.M0XBPQHQ WORK.Stat_SELVAR(in=_a);
22209      by name;
MPRINT(EM_DIAGRAM):   by name;
22210      if _a then STATVAR = 1;
MPRINT(EM_DIAGRAM):   if _a then STATVAR = 1;
22211      else if ROLE in('INPUT', 'REJECTED') and REPORT ne 'Y' then delete;
MPRINT(EM_DIAGRAM):   else if ROLE in('INPUT', 'REJECTED') and REPORT ne 'Y' then delete;
22212      if REPORT eq 'Y' then STATVAR = 1;
MPRINT(EM_DIAGRAM):   if REPORT eq 'Y' then STATVAR = 1;
22213      run;
MPRINT(EM_DIAGRAM):   run;

NOTE: There were 4 observations read from the data set WORK.M0XBPQHQ.
NOTE: There were 3 observations read from the data set WORK.STAT_SELVAR.
NOTE: The data set WORK.STAT_ANALYSISMETA has 4 observations and 22 variables.
NOTE: DATA statement used (Total process time):
      real time           0.01 seconds
      cpu time            0.00 seconds
      

22214      data WORK.M2BK0KJ_;
MPRINT(EM_DIAGRAM):    data WORK.M2BK0KJ_;
22215      set WORK.M2BK0KJ_;
MPRINT(EM_DIAGRAM):   set WORK.M2BK0KJ_;
22216      where(use = 'Y' or Report='Y' or (role in('TARGET' 'FREQ' 'PREDICT' 'RESIDUAL' 'INPUT') and use = 'D'));
MPRINT(EM_DIAGRAM):   where(use = 'Y' or Report='Y' or (role in('TARGET' 'FREQ' 'PREDICT' 'RESIDUAL' 'INPUT') and use = 'D'));
22217      if ROLE = 'SEGMENT' then delete;
MPRINT(EM_DIAGRAM):   if ROLE = 'SEGMENT' then delete;
22218      else if ROLE ^in('FREQ','TARGET') then role = 'INPUT';
MPRINT(EM_DIAGRAM):   else if ROLE ^in('FREQ','TARGET') then role = 'INPUT';
22219      run;
MPRINT(EM_DIAGRAM):   run;

NOTE: There were 4 observations read from the data set WORK.M2BK0KJ_.
      WHERE (use='Y') or (Report='Y') or (role in ('FREQ', 'INPUT', 'PREDICT', 'RESIDUAL', 'TARGET') and (use='D'));
NOTE: The data set WORK.M2BK0KJ_ has 4 observations and 22 variables.
NOTE: DATA statement used (Total process time):
      real time           0.01 seconds
      cpu time            0.01 seconds
      

22220      data WORK.M1VHQ7TU;
MPRINT(EM_DIAGRAM):    data WORK.M1VHQ7TU;
22221      set WORK.M1VHQ7TU;
MPRINT(EM_DIAGRAM):   set WORK.M1VHQ7TU;
22222      where(use = 'Y' or Report='Y' or (role in('SEGMENT', 'TARGET' 'FREQ' 'PREDICT' 'RESIDUAL' 'INPUT') and use = 'D'));
MPRINT(EM_DIAGRAM):   where(use = 'Y' or Report='Y' or (role in('SEGMENT', 'TARGET' 'FREQ' 'PREDICT' 'RESIDUAL' 'INPUT') and use = 'D'));
22223      if ROLE ne 'FREQ' then role = 'INPUT';
MPRINT(EM_DIAGRAM):   if ROLE ne 'FREQ' then role = 'INPUT';
22224      run;
MPRINT(EM_DIAGRAM):   run;

NOTE: There were 4 observations read from the data set WORK.M1VHQ7TU.
      WHERE (use='Y') or (Report='Y') or (role in ('FREQ', 'INPUT', 'PREDICT', 'RESIDUAL', 'SEGMENT', 'TARGET') and (use='D'));
NOTE: The data set WORK.M1VHQ7TU has 4 observations and 22 variables.
NOTE: DATA statement used (Total process time):
      real time           0.01 seconds
      cpu time            0.01 seconds
      

22225      *------------------------------------------------------------*;
MPRINT(EM_DIAGRAM):    *------------------------------------------------------------*;
22226      * Stat: Computing Statistics for Interval Variables;
MPRINT(EM_DIAGRAM):   * Stat: Computing Statistics for Interval Variables;
22227      *------------------------------------------------------------*;
MPRINT(EM_DIAGRAM):   *------------------------------------------------------------*;
22228      proc dmdb data=EMWS1.Ids_DATA nonorm maxlevel=513
22229      varout=work._DMDBVAR(RENAME=(NAME=VARIABLE))
22230      classout=WORK.StatCLASS(drop=NMISSPERCENT rename=(NAME=VARIABLE FREQUENCY=COUNT FREQPERCENT=PERCENT))
22231      ;
MPRINT(EM_DIAGRAM):   proc dmdb data=EMWS1.Ids_DATA nonorm maxlevel=513 varout=work._DMDBVAR(RENAME=(NAME=VARIABLE)) classout=WORK.StatCLASS(drop=NMISSPERCENT rename=(NAME=VARIABLE FREQUENCY=COUNT FREQPERCENT=PERCENT)) ;
22232      var
22233      Population Sum_Labor_Force_Pop
22234      ;
MPRINT(EM_DIAGRAM):   var Population Sum_Labor_Force_Pop ;
22235      class
22236      Age_group Industry
22237      ;
MPRINT(EM_DIAGRAM):   class Age_group Industry ;
22238      ;
MPRINT(EM_DIAGRAM):   ;
22239      run;
MPRINT(EM_DIAGRAM):   run;

NOTE: Records processed = 280   Memory used = 511K.
NOTE: There were 280 observations read from the data set EMWS1.IDS_DATA.
NOTE: The data set WORK._DMDBVAR has 2 observations and 9 variables.
NOTE: The data set WORK.STATCLASS has 9 observations and 8 variables.
NOTE: PROCEDURE DMDB used (Total process time):
      real time           0.01 seconds
      cpu time            0.01 seconds
      

22240      proc stdize data = EMWS1.Ids_DATA out=_null_ outstat=work._STDIZE add=0 fuzz=1E-14 initial=MAD vardef=df method=STD mult=1 pctlmtd=ORD_STAT pctldef=2 pctlpts=(0 5 50 95 100);
MPRINT(EM_DIAGRAM):   proc stdize data = EMWS1.Ids_DATA out=_null_ outstat=work._STDIZE add=0 fuzz=1E-14 initial=MAD vardef=df method=STD mult=1 pctlmtd=ORD_STAT pctldef=2 pctlpts=(0 5 50 95 100);
22241      var
22242      Population Sum_Labor_Force_Pop
22243      ;
MPRINT(EM_DIAGRAM):   var Population Sum_Labor_Force_Pop ;
22244      run;
MPRINT(EM_DIAGRAM):   run;

NOTE: INITIAL= will be ignored.
NOTE: There were 280 observations read from the data set EMWS1.IDS_DATA.
NOTE: The data set WORK._STDIZE has 13 observations and 3 variables.
NOTE: PROCEDURE STDIZE used (Total process time):
      real time           0.00 seconds
      cpu time            0.00 seconds
      

22245      proc transpose data=work._STDIZE out=work._TRANSSTDIZE(drop=_LABEL_ rename=(_NAME_=VARIABLE));
MPRINT(EM_DIAGRAM):   proc transpose data=work._STDIZE out=work._TRANSSTDIZE(drop=_LABEL_ rename=(_NAME_=VARIABLE));
22246      id _type_;
MPRINT(EM_DIAGRAM):   id _type_;
22247      where _TYPE_='P50';
MPRINT(EM_DIAGRAM):   where _TYPE_='P50';
22248      run;
MPRINT(EM_DIAGRAM):   run;

NOTE: There were 1 observations read from the data set WORK._STDIZE.
      WHERE _TYPE_='P50';
NOTE: The data set WORK._TRANSSTDIZE has 2 observations and 2 variables.
NOTE: PROCEDURE TRANSPOSE used (Total process time):
      real time           0.01 seconds
      cpu time            0.01 seconds
      

22249      proc sort data=work._TRANSSTDIZE;
MPRINT(EM_DIAGRAM):   proc sort data=work._TRANSSTDIZE;
22250      by VARIABLE;
MPRINT(EM_DIAGRAM):   by VARIABLE;
22251      run;
MPRINT(EM_DIAGRAM):   run;

NOTE: There were 2 observations read from the data set WORK._TRANSSTDIZE.
NOTE: The data set WORK._TRANSSTDIZE has 2 observations and 2 variables.
NOTE: PROCEDURE SORT used (Total process time):
      real time           0.01 seconds
      cpu time            0.00 seconds
      

22252      proc sort data=work._DMDBVAR;
MPRINT(EM_DIAGRAM):   proc sort data=work._DMDBVAR;
22253      by VARIABLE;
MPRINT(EM_DIAGRAM):   by VARIABLE;
22254      run;
MPRINT(EM_DIAGRAM):   run;

NOTE: There were 2 observations read from the data set WORK._DMDBVAR.
NOTE: The data set WORK._DMDBVAR has 2 observations and 9 variables.
NOTE: PROCEDURE SORT used (Total process time):
      real time           0.01 seconds
      cpu time            0.01 seconds
      

22255      data WORK.StatINTERVAL;
MPRINT(EM_DIAGRAM):   data WORK.StatINTERVAL;
22256      merge work._TRANSSTDIZE work._DMDBVAR;
MPRINT(EM_DIAGRAM):   merge work._TRANSSTDIZE work._DMDBVAR;
22257      format N NMISS 8. MIN MAX P50 MEAN STD SKEWNESS KURTOSIS BEST8.3;
MPRINT(EM_DIAGRAM):   format N NMISS 8. MIN MAX P50 MEAN STD SKEWNESS KURTOSIS BEST8.3;
22258      by VARIABLE;
MPRINT(EM_DIAGRAM):   by VARIABLE;
22259      run;
MPRINT(EM_DIAGRAM):   run;

WARNING: Multiple lengths were specified for the BY variable VARIABLE by input data sets. This might cause unexpected results.
NOTE: There were 2 observations read from the data set WORK._TRANSSTDIZE.
NOTE: There were 2 observations read from the data set WORK._DMDBVAR.
NOTE: The data set WORK.STATINTERVAL has 2 observations and 10 variables.
NOTE: DATA statement used (Total process time):
      real time           0.01 seconds
      cpu time            0.01 seconds
      

22260      proc sort data=WORK.StatCLASS;
MPRINT(EM_DIAGRAM):    proc sort data=WORK.StatCLASS;
22261      by Variable Level;
MPRINT(EM_DIAGRAM):   by Variable Level;
22262      run;
MPRINT(EM_DIAGRAM):   run;

NOTE: There were 9 observations read from the data set WORK.STATCLASS.
NOTE: The data set WORK.STATCLASS has 9 observations and 8 variables.
NOTE: PROCEDURE SORT used (Total process time):
      real time           0.01 seconds
      cpu time            0.01 seconds
      

NOTE: There were 13 observations read from the data set WORK._STDIZE.
NOTE: The data set EMWS1.STAT_TRAINPCTLS has 13 observations and 3 variables.
22263      data colorindex;
MPRINT(EM_DIAGRAM):    data colorindex;
22264      retain LevelIndex 0;
MPRINT(EM_DIAGRAM):   retain LevelIndex 0;
22265      set WORK.StatCLASS(keep=Variable Level);
MPRINT(EM_DIAGRAM):   set WORK.StatCLASS(keep=Variable Level);
22266      by variable level;
MPRINT(EM_DIAGRAM):   by variable level;
22267      if first.variable then LevelIndex = 0;
MPRINT(EM_DIAGRAM):   if first.variable then LevelIndex = 0;
22268      if first.level then LevelIndex + 1;
MPRINT(EM_DIAGRAM):   if first.level then LevelIndex + 1;
22269      run;
MPRINT(EM_DIAGRAM):   run;

NOTE: There were 9 observations read from the data set WORK.STATCLASS.
NOTE: The data set WORK.COLORINDEX has 9 observations and 3 variables.
NOTE: DATA statement used (Total process time):
      real time           0.01 seconds
      cpu time            0.00 seconds
      

22270      data WORK.StatCLASS;
MPRINT(EM_DIAGRAM):    data WORK.StatCLASS;
22271      merge WORK.StatCLASS(in=_a) colorindex;
MPRINT(EM_DIAGRAM):   merge WORK.StatCLASS(in=_a) colorindex;
22272      by variable level;
MPRINT(EM_DIAGRAM):   by variable level;
22273      if _a then output;
MPRINT(EM_DIAGRAM):   if _a then output;
22274      run;
MPRINT(EM_DIAGRAM):   run;

NOTE: There were 9 observations read from the data set WORK.STATCLASS.
NOTE: There were 9 observations read from the data set WORK.COLORINDEX.
NOTE: The data set WORK.STATCLASS has 9 observations and 9 variables.
NOTE: DATA statement used (Total process time):
      real time           0.01 seconds
      cpu time            0.01 seconds
      

22275      data WORK.StatINTERVAL;
MPRINT(EM_DIAGRAM):    data WORK.StatINTERVAL;
22276      length DATAROLE $20;
MPRINT(EM_DIAGRAM):   length DATAROLE $20;
22277      retain DATAROLE "TRAIN";
MPRINT(EM_DIAGRAM):   retain DATAROLE "TRAIN";
22278      set WORK.StatINTERVAL;
MPRINT(EM_DIAGRAM):   set WORK.StatINTERVAL;
22279      run;
MPRINT(EM_DIAGRAM):   run;

NOTE: There were 2 observations read from the data set WORK.STATINTERVAL.
NOTE: The data set WORK.STATINTERVAL has 2 observations and 11 variables.
NOTE: DATA statement used (Total process time):
      real time           0.01 seconds
      cpu time            0.01 seconds
      

22280      proc append base=EMWS1.Stat_INTERVAL data=WORK.StatINTERVAL force;
MPRINT(EM_DIAGRAM):   proc append base=EMWS1.Stat_INTERVAL data=WORK.StatINTERVAL force;
22281      run;
MPRINT(EM_DIAGRAM):   run;

NOTE: Appending WORK.STATINTERVAL to EMWS1.STAT_INTERVAL.
NOTE: BASE data set does not exist. DATA file is being copied to BASE file.
NOTE: There were 2 observations read from the data set WORK.STATINTERVAL.
NOTE: The data set EMWS1.STAT_INTERVAL has 2 observations and 11 variables.
NOTE: PROCEDURE APPEND used (Total process time):
      real time           0.00 seconds
      cpu time            0.01 seconds
      

22282      data WORK.StatCLASS;
MPRINT(EM_DIAGRAM):    data WORK.StatCLASS;
22283      length DATAROLE $20;
MPRINT(EM_DIAGRAM):   length DATAROLE $20;
22284      retain DATAROLE "TRAIN";
MPRINT(EM_DIAGRAM):   retain DATAROLE "TRAIN";
22285      set WORK.StatCLASS;
MPRINT(EM_DIAGRAM):   set WORK.StatCLASS;
22286      run;
MPRINT(EM_DIAGRAM):   run;

NOTE: There were 9 observations read from the data set WORK.STATCLASS.
NOTE: The data set WORK.STATCLASS has 9 observations and 10 variables.
NOTE: DATA statement used (Total process time):
      real time           0.01 seconds
      cpu time            0.00 seconds
      

22287      proc append base=EMWS1.Stat_CLASS data=WORK.StatCLASS force;
MPRINT(EM_DIAGRAM):   proc append base=EMWS1.Stat_CLASS data=WORK.StatCLASS force;
22288      run;
MPRINT(EM_DIAGRAM):   run;

NOTE: Appending WORK.STATCLASS to EMWS1.STAT_CLASS.
NOTE: BASE data set does not exist. DATA file is being copied to BASE file.
NOTE: There were 9 observations read from the data set WORK.STATCLASS.
NOTE: The data set EMWS1.STAT_CLASS has 9 observations and 10 variables.
NOTE: PROCEDURE APPEND used (Total process time):
      real time           0.00 seconds
      cpu time            0.01 seconds
      

22289      proc sort data=EMWS1.Stat_VariableSet out=tempVariable(keep=name label role rename=(name=variable));
MPRINT(EM_DIAGRAM):    proc sort data=EMWS1.Stat_VariableSet out=tempVariable(keep=name label role rename=(name=variable));
22290      by name;
MPRINT(EM_DIAGRAM):   by name;
22291      run;
MPRINT(EM_DIAGRAM):   run;

NOTE: There were 4 observations read from the data set EMWS1.STAT_VARIABLESET.
NOTE: The data set WORK.TEMPVARIABLE has 4 observations and 3 variables.
NOTE: PROCEDURE SORT used (Total process time):
      real time           0.00 seconds
      cpu time            0.00 seconds
      

22292      proc sort data=EMWS1.Stat_CLASS;
MPRINT(EM_DIAGRAM):   proc sort data=EMWS1.Stat_CLASS;
22293      by Variable;
MPRINT(EM_DIAGRAM):   by Variable;
22294      run;
MPRINT(EM_DIAGRAM):   run;

NOTE: There were 9 observations read from the data set EMWS1.STAT_CLASS.
NOTE: The data set EMWS1.STAT_CLASS has 9 observations and 10 variables.
NOTE: PROCEDURE SORT used (Total process time):
      real time           0.00 seconds
      cpu time            0.00 seconds
      

22295      data EMWS1.Stat_CLASS;
MPRINT(EM_DIAGRAM):   data EMWS1.Stat_CLASS;
22296      merge EMWS1.Stat_CLASS(in=_a) tempVariable;
MPRINT(EM_DIAGRAM):   merge EMWS1.Stat_CLASS(in=_a) tempVariable;
22297      by variable;
MPRINT(EM_DIAGRAM):   by variable;
22298      if label = '' then label=Variable;
MPRINT(EM_DIAGRAM):   if label = '' then label=Variable;
22299      if _a then output;
MPRINT(EM_DIAGRAM):   if _a then output;
22300      run;
MPRINT(EM_DIAGRAM):   run;

WARNING: Multiple lengths were specified for the BY variable VARIABLE by input data sets. This might cause unexpected results.
NOTE: There were 9 observations read from the data set EMWS1.STAT_CLASS.
NOTE: There were 4 observations read from the data set WORK.TEMPVARIABLE.
NOTE: The data set EMWS1.STAT_CLASS has 9 observations and 12 variables.
NOTE: DATA statement used (Total process time):
      real time           0.01 seconds
      cpu time            0.01 seconds
      

22301      run;
MPRINT(EM_DIAGRAM):    run;
22302      proc sort data=EMWS1.Stat_VariableSet out=tempVariable(keep=name label role rename=(name=variable));
MPRINT(EM_DIAGRAM):   proc sort data=EMWS1.Stat_VariableSet out=tempVariable(keep=name label role rename=(name=variable));
22303      by name;
MPRINT(EM_DIAGRAM):   by name;
22304      run;
MPRINT(EM_DIAGRAM):   run;

NOTE: There were 4 observations read from the data set EMWS1.STAT_VARIABLESET.
NOTE: The data set WORK.TEMPVARIABLE has 4 observations and 3 variables.
NOTE: PROCEDURE SORT used (Total process time):
      real time           0.00 seconds
      cpu time            0.00 seconds
      

22305      proc sort data=EMWS1.Stat_INTERVAL;
MPRINT(EM_DIAGRAM):   proc sort data=EMWS1.Stat_INTERVAL;
22306      by Variable;
MPRINT(EM_DIAGRAM):   by Variable;
22307      run;
MPRINT(EM_DIAGRAM):   run;

NOTE: There were 2 observations read from the data set EMWS1.STAT_INTERVAL.
NOTE: The data set EMWS1.STAT_INTERVAL has 2 observations and 11 variables.
NOTE: PROCEDURE SORT used (Total process time):
      real time           0.00 seconds
      cpu time            0.01 seconds
      

22308      data EMWS1.Stat_INTERVAL;
MPRINT(EM_DIAGRAM):   data EMWS1.Stat_INTERVAL;
22309      merge EMWS1.Stat_INTERVAL(in=_a) tempVariable;
MPRINT(EM_DIAGRAM):   merge EMWS1.Stat_INTERVAL(in=_a) tempVariable;
22310      by variable;
MPRINT(EM_DIAGRAM):   by variable;
22311      if label = '' then label=Variable;
MPRINT(EM_DIAGRAM):   if label = '' then label=Variable;
22312      if _a then output;
MPRINT(EM_DIAGRAM):   if _a then output;
22313      run;
MPRINT(EM_DIAGRAM):   run;

WARNING: Multiple lengths were specified for the BY variable VARIABLE by input data sets. This might cause unexpected results.
NOTE: There were 2 observations read from the data set EMWS1.STAT_INTERVAL.
NOTE: There were 4 observations read from the data set WORK.TEMPVARIABLE.
NOTE: The data set EMWS1.STAT_INTERVAL has 2 observations and 13 variables.
NOTE: DATA statement used (Total process time):
      real time           0.01 seconds
      cpu time            0.01 seconds
      

22314      proc datasets library=EMWS1 nolist;
MPRINT(EM_DIAGRAM):   proc datasets library=EMWS1 nolist;
22315      modify Stat_INTERVAL;
MPRINT(EM_DIAGRAM):   modify Stat_INTERVAL;
MPRINT(EM_DIAGRAM):   label DATAROLE = "Data Role";
22316      label DATAROLE = "%sysfunc(sasmsg(sashelp.dmine, rpt_datarole_vlabel, NOQUOTE))";
MPRINT(EM_DIAGRAM):   label Variable = "Variable";
22317      label Variable = "%sysfunc(sasmsg(sashelp.dmine, rpt_variable_vlabel, NOQUOTE))";
MPRINT(EM_DIAGRAM):   label MEAN = "Mean";
22318      label MEAN = "%sysfunc(sasmsg(sashelp.dmine, rpt_mean_vlabel,    NOQUOTE))";
MPRINT(EM_DIAGRAM):   label N = "Non Missing";
22319      label N = "%sysfunc(sasmsg(sashelp.dmine, rpt_nonMiss_vlabel, NOQUOTE))";
MPRINT(EM_DIAGRAM):   label STD = "Standard Deviation";
22320      label STD = "%sysfunc(sasmsg(sashelp.dmine, rpt_std_vlabel,     NOQUOTE))";
MPRINT(EM_DIAGRAM):   label NMISS = "Missing";
22321      label NMISS = "%sysfunc(sasmsg(sashelp.dmine, rpt_missing_vlabel, NOQUOTE))";
MPRINT(EM_DIAGRAM):   label p50 = "Median";
22322      label p50 = "%sysfunc(sasmsg(sashelp.dmine, rpt_median_vlabel, NOQUOTE))";
MPRINT(EM_DIAGRAM):   label MIN = "Minimum";
22323      label MIN = "%sysfunc(sasmsg(sashelp.dmine, rpt_minimum_vlabel, NOQUOTE))";
MPRINT(EM_DIAGRAM):   label MAX = "Maximum";
22324      label MAX = "%sysfunc(sasmsg(sashelp.dmine, rpt_maximum_vlabel, NOQUOTE))";
MPRINT(EM_DIAGRAM):   label SKEWNESS = "Skewness";
22325      label SKEWNESS = "%sysfunc(sasmsg(sashelp.dmine, rpt_skewness_vlabel, NOQUOTE))";
MPRINT(EM_DIAGRAM):   label KURTOSIS = "Kurtosis";
22326      label KURTOSIS = "%sysfunc(sasmsg(sashelp.dmine, rpt_kurtosis_vlabel, NOQUOTE))";
MPRINT(EM_DIAGRAM):   run;
22327      run;

NOTE: MODIFY was successful for EMWS1.STAT_INTERVAL.DATA.

NOTE: PROCEDURE DATASETS used (Total process time):
      real time           0.06 seconds
      cpu time            0.06 seconds
      

22328      proc sort data=EMWS1.Stat_CLASS NOTHREADS;
MPRINT(EM_DIAGRAM):   proc sort data=EMWS1.Stat_CLASS NOTHREADS;
22329      by DATAROLE ROLE Variable descending COUNT;
MPRINT(EM_DIAGRAM):   by DATAROLE ROLE Variable descending COUNT;
22330      run;
MPRINT(EM_DIAGRAM):   run;

NOTE: There were 9 observations read from the data set EMWS1.STAT_CLASS.
NOTE: The data set EMWS1.STAT_CLASS has 9 observations and 12 variables.
NOTE: PROCEDURE SORT used (Total process time):
      real time           0.01 seconds
      cpu time            0.01 seconds
      

22331      data WORK.StatCLASS(keep=DATAROLE Variable ROLE Numcat Nmiss Mode ModePct Mode2 Mode2Pct);
MPRINT(EM_DIAGRAM):   data WORK.StatCLASS(keep=DATAROLE Variable ROLE Numcat Nmiss Mode ModePct Mode2 Mode2Pct);
22332      set EMWS1.Stat_CLASS;
MPRINT(EM_DIAGRAM):   set EMWS1.Stat_CLASS;
22333      length Mode Mode2 $32;
MPRINT(EM_DIAGRAM):   length Mode Mode2 $32;
22334      retain NMiss 0 ModePct 0 Mode2Pct 0 Mode '' Mode2 '';
MPRINT(EM_DIAGRAM):   retain NMiss 0 ModePct 0 Mode2Pct 0 Mode '' Mode2 '';
22335      by DATAROLE ROLE Variable;
MPRINT(EM_DIAGRAM):   by DATAROLE ROLE Variable;
22336      if first.DATAROLE or first.variable then do;
MPRINT(EM_DIAGRAM):   if first.DATAROLE or first.variable then do;
22337      Numcat = 1;
MPRINT(EM_DIAGRAM):   Numcat = 1;
22338      NMiss = 0;
MPRINT(EM_DIAGRAM):   NMiss = 0;
22339      Mode = strip(LEVEL);
MPRINT(EM_DIAGRAM):   Mode = strip(LEVEL);
22340      ModePct = PERCENT;
MPRINT(EM_DIAGRAM):   ModePct = PERCENT;
22341      Mode2 = '';
MPRINT(EM_DIAGRAM):   Mode2 = '';
22342      Mode2Pct = 0;
MPRINT(EM_DIAGRAM):   Mode2Pct = 0;
22343      end;
MPRINT(EM_DIAGRAM):   end;
22344      else Numcat +1;
MPRINT(EM_DIAGRAM):   else Numcat +1;
22345      if Numcat =2 then do;
MPRINT(EM_DIAGRAM):   if Numcat =2 then do;
22346      Mode2 = strip(LEVEL);
MPRINT(EM_DIAGRAM):   Mode2 = strip(LEVEL);
22347      Mode2Pct = PERCENT;
MPRINT(EM_DIAGRAM):   Mode2Pct = PERCENT;
22348      end;
MPRINT(EM_DIAGRAM):   end;
22349      if NRAW=. and CRAW='' then NMiss= COUNT;
MPRINT(EM_DIAGRAM):   if NRAW=. and CRAW='' then NMiss= COUNT;
22350      if last.DATAROLE or last.variable then output;
MPRINT(EM_DIAGRAM):   if last.DATAROLE or last.variable then output;
22351      run;
MPRINT(EM_DIAGRAM):   run;

NOTE: There were 9 observations read from the data set EMWS1.STAT_CLASS.
NOTE: The data set WORK.STATCLASS has 2 observations and 9 variables.
NOTE: DATA statement used (Total process time):
      real time           0.01 seconds
      cpu time            0.01 seconds
      

22352      %let _cn = %sysfunc(getoption(CENTER));
22353      %let _nb = %sysfunc(getoption(NUMBER));
22354      options nonumber nocenter;
MPRINT(EM_DIAGRAM):   options nonumber nocenter;
22355      title;
MPRINT(EM_DIAGRAM):   title;
22356      title9 ' ';
MPRINT(EM_DIAGRAM):   title9 ' ';
22357      proc print data=WORK.StatCLASS(obs=500) label noobs;
MPRINT(EM_DIAGRAM):   proc print data=WORK.StatCLASS(obs=500) label noobs;
22358      var DATAROLE VARIABLE ROLE NUMCAT NMISS Mode ModePct Mode2 Mode2Pct;
MPRINT(EM_DIAGRAM):   var DATAROLE VARIABLE ROLE NUMCAT NMISS Mode ModePct Mode2 Mode2Pct;
22359      label DATAROLE = "%sysfunc(sasmsg(sashelp.dmine, rpt_datarole_vlabel, NOQUOTE))" ROLE = "%sysfunc(sasmsg(sashelp.dmine, meta_role_vlabel, NOQUOTE))" NUMCAT = "%sysfunc(sasmsg(sashelp.dmine, rpt_numcat_vlabel,   NOQUOTE))" NMISS =
22360         "%sysfunc(sasmsg(sashelp.dmine, rpt_missing_vlabel,  NOQUOTE))" MODE = "%sysfunc(sasmsg(sashelp.dmine, rpt_mode_vlabel,     NOQUOTE))" MODEPCT = "%sysfunc(sasmsg(sashelp.dmine, rpt_modepct_vlabel,  NOQUOTE))" MODE2 =
22361         "%sysfunc(sasmsg(sashelp.dmine, rpt_mode2_vlabel,     NOQUOTE))" MODE2PCT = "%sysfunc(sasmsg(sashelp.dmine, rpt_mode2pct_vlabel, NOQUOTE))";
MPRINT(EM_DIAGRAM):   label DATAROLE = "Data Role" ROLE = "Role" NUMCAT = "Number of Levels" NMISS = "Missing" MODE = "Mode" MODEPCT = "Mode Percentage" MODE2 = "Mode2" MODE2PCT = "Mode2 Percentage";
22362      format ModePct Mode2Pct 5.2;
MPRINT(EM_DIAGRAM):   format ModePct Mode2Pct 5.2;
22363      by DATAROLE;
MPRINT(EM_DIAGRAM):   by DATAROLE;
22364      title9 "%sysfunc(sasmsg(sashelp.dmine, rpt_classStats_title,     NOQUOTE))";
MPRINT(EM_DIAGRAM):   title9 "Class Variable Summary Statistics";
22365      title10 "%sysfunc(sasmsg(sashelp.dmine, rpt_maxObsPrinted_title,  NOQUOTE))";
MPRINT(EM_DIAGRAM):   title10 "(maximum 500 observations printed)";
MPRINT(EM_DIAGRAM):   run;
22366      run;

NOTE: There were 2 observations read from the data set WORK.STATCLASS.
NOTE: The PROCEDURE PRINT printed page 2.
NOTE: PROCEDURE PRINT used (Total process time):
      real time           0.03 seconds
      cpu time            0.04 seconds
      

22367      title9;
MPRINT(EM_DIAGRAM):   title9;
22368      title10;
MPRINT(EM_DIAGRAM):   title10;
22369      options &_cn &_nb;
MPRINT(EM_DIAGRAM):   options NOCENTER NONUMBER;
22370      data WORK.StatINTERVALSUMMARY;
MPRINT(EM_DIAGRAM):    data WORK.StatINTERVALSUMMARY;
22371      set EMWS1.Stat_INTERVAL;
MPRINT(EM_DIAGRAM):   set EMWS1.Stat_INTERVAL;
22372      length ROLE $32;
MPRINT(EM_DIAGRAM):   length ROLE $32;
22373      if Variable = "Population" then ROLE="INPUT";
MPRINT(EM_DIAGRAM):   if Variable = "Population" then ROLE="INPUT";
22374      else
22375      if Variable = "Sum_Labor_Force_Pop" then ROLE="TARGET";
MPRINT(EM_DIAGRAM):   else if Variable = "Sum_Labor_Force_Pop" then ROLE="TARGET";
22376      run;
MPRINT(EM_DIAGRAM):   run;

NOTE: There were 2 observations read from the data set EMWS1.STAT_INTERVAL.
NOTE: The data set WORK.STATINTERVALSUMMARY has 2 observations and 13 variables.
NOTE: DATA statement used (Total process time):
      real time           0.00 seconds
      cpu time            0.00 seconds
      

22377      proc sort data=WORK.StatINTERVALSUMMARY NOTHREADS;
MPRINT(EM_DIAGRAM):    proc sort data=WORK.StatINTERVALSUMMARY NOTHREADS;
22378      by DATAROLE ROLE Variable;
MPRINT(EM_DIAGRAM):   by DATAROLE ROLE Variable;
22379      run;
MPRINT(EM_DIAGRAM):   run;

NOTE: There were 2 observations read from the data set WORK.STATINTERVALSUMMARY.
NOTE: The data set WORK.STATINTERVALSUMMARY has 2 observations and 13 variables.
NOTE: PROCEDURE SORT used (Total process time):
      real time           0.01 seconds
      cpu time            0.01 seconds
      

22380      %let _cn = %sysfunc(getoption(CENTER));
22381      %let _nb = %sysfunc(getoption(NUMBER));
22382      options nonumber nocenter;
MPRINT(EM_DIAGRAM):   options nonumber nocenter;
22383      title;
MPRINT(EM_DIAGRAM):   title;
22384      proc print data=WORK.StatINTERVALSUMMARY(obs=500) label noobs;
MPRINT(EM_DIAGRAM):   proc print data=WORK.StatINTERVALSUMMARY(obs=500) label noobs;
22385      var Variable ROLE MEAN STD N NMISS MIN P50 MAX SKEWNESS KURTOSIS;
MPRINT(EM_DIAGRAM):   var Variable ROLE MEAN STD N NMISS MIN P50 MAX SKEWNESS KURTOSIS;
22386      by DATAROLE;
MPRINT(EM_DIAGRAM):   by DATAROLE;
22387      title9 "%sysfunc(sasmsg(sashelp.dmine, rpt_intervalStats_title, NOQUOTE))";
MPRINT(EM_DIAGRAM):   title9 "Interval Variable Summary Statistics";
22388      title10 "%sysfunc(sasmsg(sashelp.dmine, rpt_maxObsPrinted_title, NOQUOTE))";
MPRINT(EM_DIAGRAM):   title10 "(maximum 500 observations printed)";
MPRINT(EM_DIAGRAM):   run;
22389      run;

NOTE: There were 2 observations read from the data set WORK.STATINTERVALSUMMARY.
NOTE: The PROCEDURE PRINT printed page 3.
NOTE: PROCEDURE PRINT used (Total process time):
      real time           0.01 seconds
      cpu time            0.01 seconds
      

22390      title9;
MPRINT(EM_DIAGRAM):   title9;
22391      title10;
MPRINT(EM_DIAGRAM):   title10;
22392      options &_cn &_nb;
MPRINT(EM_DIAGRAM):   options NOCENTER NONUMBER;
22393      *------------------------------------------------------------*;
MPRINT(EM_DIAGRAM):    *------------------------------------------------------------*;
22394      * Stat: Computing Correlation Statistics;
MPRINT(EM_DIAGRAM):   * Stat: Computing Correlation Statistics;
22395      *------------------------------------------------------------*;
MPRINT(EM_DIAGRAM):   *------------------------------------------------------------*;
22396      proc corr data=EMWS1.Ids_DATA
22397      pearson outp = WORK.Stat_TEMP
22398      noprint
22399      ;
MPRINT(EM_DIAGRAM):   proc corr data=EMWS1.Ids_DATA pearson outp = WORK.Stat_TEMP noprint ;
22400      var
22401      Sum_Labor_Force_Pop
22402      ;
MPRINT(EM_DIAGRAM):   var Sum_Labor_Force_Pop ;
22403      with
22404      Population
22405      Sum_Labor_Force_Pop
22406      ;
MPRINT(EM_DIAGRAM):   with Population Sum_Labor_Force_Pop ;
22407      ;
MPRINT(EM_DIAGRAM):   ;
22408      run;
MPRINT(EM_DIAGRAM):   run;

NOTE: The data set WORK.STAT_TEMP has 5 observations and 3 variables.
NOTE: PROCEDURE CORR used (Total process time):
      real time           0.00 seconds
      cpu time            0.00 seconds
      

MPRINT(EM_DIAGRAM):   quit;
22409      quit;

22410      data WORK.StatCORR;
MPRINT(EM_DIAGRAM):    data WORK.StatCORR;
22411      length CORRTYPE $8;
MPRINT(EM_DIAGRAM):   length CORRTYPE $8;
22412      drop _TYPE_;
MPRINT(EM_DIAGRAM):   drop _TYPE_;
22413      set
22414      WORK.Stat_TEMP(in=a)
22415      ;
MPRINT(EM_DIAGRAM):   set WORK.Stat_TEMP(in=a) ;
22416      if a then CORRTYPE = 'PEARSON';
MPRINT(EM_DIAGRAM):   if a then CORRTYPE = 'PEARSON';
22417      where _TYPE_ = 'CORR';
MPRINT(EM_DIAGRAM):   where _TYPE_ = 'CORR';
22418      run;
MPRINT(EM_DIAGRAM):   run;

NOTE: There were 2 observations read from the data set WORK.STAT_TEMP.
      WHERE _TYPE_='CORR';
NOTE: The data set WORK.STATCORR has 2 observations and 3 variables.
NOTE: DATA statement used (Total process time):
      real time           0.00 seconds
      cpu time            0.01 seconds
      

MPRINT(EM_DIAGRAM):   quit;
22419      quit;
22420      proc sort data=WORK.StatCORR;
MPRINT(EM_DIAGRAM):   proc sort data=WORK.StatCORR;
22421      by CORRTYPE _NAME_;
MPRINT(EM_DIAGRAM):   by CORRTYPE _NAME_;
22422      run;
MPRINT(EM_DIAGRAM):   run;

NOTE: There were 2 observations read from the data set WORK.STATCORR.
NOTE: The data set WORK.STATCORR has 2 observations and 3 variables.
NOTE: PROCEDURE SORT used (Total process time):
      real time           0.00 seconds
      cpu time            0.01 seconds
      

22423      proc transpose data=WORK.StatCORR(rename=_NAME_=INPUT) out=WORK.StatCORR(DROP=_LABEL_ RENAME=(COL1=CORRVALUE)) NAME=TARGET;
MPRINT(EM_DIAGRAM):   proc transpose data=WORK.StatCORR(rename=_NAME_=INPUT) out=WORK.StatCORR(DROP=_LABEL_ RENAME=(COL1=CORRVALUE)) NAME=TARGET;
22424      by CORRTYPE INPUT;
MPRINT(EM_DIAGRAM):   by CORRTYPE INPUT;
22425      run;
MPRINT(EM_DIAGRAM):   run;

NOTE: There were 2 observations read from the data set WORK.STATCORR.
NOTE: The data set WORK.STATCORR has 2 observations and 4 variables.
NOTE: PROCEDURE TRANSPOSE used (Total process time):
      real time           0.01 seconds
      cpu time            0.00 seconds
      

22426      proc datasets lib=WORK nolist;
MPRINT(EM_DIAGRAM):   proc datasets lib=WORK nolist;
22427      modify StatCORR;
MPRINT(EM_DIAGRAM):   modify StatCORR;
22428      label Target = "%sysfunc(sasmsg(sashelp.dmine, rpt_target_vlabel ,      NOQUOTE))" INPUT = "%sysfunc(sasmsg(sashelp.dmine, rpt_input_vlabel ,       NOQUOTE))" CORRTYPE = "%sysfunc(sasmsg(sashelp.dmine, meta_type_vlabel ,       NOQUOTE))"
22428    ! CORRVALUE =
MPRINT(EM_DIAGRAM):   label Target = "Target" INPUT = "Input" CORRTYPE = "Type" CORRVALUE = "Correlation";
22429         "%sysfunc(sasmsg(sashelp.dmine, rpt_correlation_vlabel , NOQUOTE))";
MPRINT(EM_DIAGRAM):   run;
22430      run;

NOTE: MODIFY was successful for WORK.STATCORR.DATA.

NOTE: PROCEDURE DATASETS used (Total process time):
      real time           0.01 seconds
      cpu time            0.01 seconds
      

22431      proc sort data=WORK.StatCORR;
MPRINT(EM_DIAGRAM):   proc sort data=WORK.StatCORR;
22432      by CORRTYPE TARGET INPUT;
MPRINT(EM_DIAGRAM):   by CORRTYPE TARGET INPUT;
22433      where TARGET ne INPUT;
MPRINT(EM_DIAGRAM):   where TARGET ne INPUT;
22434      run;
MPRINT(EM_DIAGRAM):   run;

NOTE: There were 1 observations read from the data set WORK.STATCORR.
      WHERE TARGET not = INPUT;
NOTE: The data set WORK.STATCORR has 1 observations and 4 variables.
NOTE: PROCEDURE SORT used (Total process time):
      real time           0.00 seconds
      cpu time            0.00 seconds
      

22435      data WORK.StatCORR;
MPRINT(EM_DIAGRAM):    data WORK.StatCORR;
22436      length DATAROLE $20;
MPRINT(EM_DIAGRAM):   length DATAROLE $20;
22437      retain DATAROLE "TRAIN";
MPRINT(EM_DIAGRAM):   retain DATAROLE "TRAIN";
22438      SegmentVar = "";
MPRINT(EM_DIAGRAM):   SegmentVar = "";
22439      SegmentValue = "";
MPRINT(EM_DIAGRAM):   SegmentValue = "";
22440      SegmentId = "_OVERALL_";
MPRINT(EM_DIAGRAM):   SegmentId = "_OVERALL_";
22441      set WORK.StatCORR;
MPRINT(EM_DIAGRAM):   set WORK.StatCORR;
22442      run;
MPRINT(EM_DIAGRAM):   run;

NOTE: There were 1 observations read from the data set WORK.STATCORR.
NOTE: The data set WORK.STATCORR has 1 observations and 8 variables.
NOTE: DATA statement used (Total process time):
      real time           0.00 seconds
      cpu time            0.00 seconds
      

22443      proc append base=EMWS1.Stat_CORR data=WORK.StatCORR force;
MPRINT(EM_DIAGRAM):   proc append base=EMWS1.Stat_CORR data=WORK.StatCORR force;
22444      run;
MPRINT(EM_DIAGRAM):   run;

NOTE: Appending WORK.STATCORR to EMWS1.STAT_CORR.
NOTE: BASE data set does not exist. DATA file is being copied to BASE file.
NOTE: There were 1 observations read from the data set WORK.STATCORR.
NOTE: The data set EMWS1.STAT_CORR has 1 observations and 8 variables.
NOTE: PROCEDURE APPEND used (Total process time):
      real time           0.00 seconds
      cpu time            0.01 seconds
      

22445      %let _cn = %sysfunc(getoption(CENTER));
22446      %let _nb = %sysfunc(getoption(NUMBER));
22447      proc sort data=EMWS1.Stat_VariableSet out=tempVariable(keep=name label role rename=(name=INPUT));
MPRINT(EM_DIAGRAM):    proc sort data=EMWS1.Stat_VariableSet out=tempVariable(keep=name label role rename=(name=INPUT));
22448      by name;
MPRINT(EM_DIAGRAM):   by name;
22449      run;
MPRINT(EM_DIAGRAM):   run;

NOTE: There were 4 observations read from the data set EMWS1.STAT_VARIABLESET.
NOTE: The data set WORK.TEMPVARIABLE has 4 observations and 3 variables.
NOTE: PROCEDURE SORT used (Total process time):
      real time           0.01 seconds
      cpu time            0.01 seconds
      

22450      proc sort data=EMWS1.Stat_CORR;
MPRINT(EM_DIAGRAM):   proc sort data=EMWS1.Stat_CORR;
22451      by INPUT;
MPRINT(EM_DIAGRAM):   by INPUT;
22452      run;
MPRINT(EM_DIAGRAM):   run;

NOTE: There were 1 observations read from the data set EMWS1.STAT_CORR.
NOTE: The data set EMWS1.STAT_CORR has 1 observations and 8 variables.
NOTE: PROCEDURE SORT used (Total process time):
      real time           0.00 seconds
      cpu time            0.01 seconds
      

22453      data EMWS1.Stat_CORR;
MPRINT(EM_DIAGRAM):   data EMWS1.Stat_CORR;
22454      merge EMWS1.Stat_CORR(in=_a) tempVariable;
MPRINT(EM_DIAGRAM):   merge EMWS1.Stat_CORR(in=_a) tempVariable;
22455      by INPUT;
MPRINT(EM_DIAGRAM):   by INPUT;
22456      if label = '' then label=INPUT;
MPRINT(EM_DIAGRAM):   if label = '' then label=INPUT;
22457      if _a then output;
MPRINT(EM_DIAGRAM):   if _a then output;
22458      run;
MPRINT(EM_DIAGRAM):   run;

WARNING: Multiple lengths were specified for the BY variable INPUT by input data sets. This might cause unexpected results.
NOTE: There were 1 observations read from the data set EMWS1.STAT_CORR.
NOTE: There were 4 observations read from the data set WORK.TEMPVARIABLE.
NOTE: The data set EMWS1.STAT_CORR has 1 observations and 10 variables.
NOTE: DATA statement used (Total process time):
      real time           0.01 seconds
      cpu time            0.01 seconds
      

22459      proc sort data=EMWS1.Stat_CORR NOTHREADS;
MPRINT(EM_DIAGRAM):   proc sort data=EMWS1.Stat_CORR NOTHREADS;
22460      by DATAROLE CORRTYPE SEGMENTID TARGET descending CORRVALUE;
MPRINT(EM_DIAGRAM):   by DATAROLE CORRTYPE SEGMENTID TARGET descending CORRVALUE;
22461      run;
MPRINT(EM_DIAGRAM):   run;

NOTE: There were 1 observations read from the data set EMWS1.STAT_CORR.
NOTE: The data set EMWS1.STAT_CORR has 1 observations and 10 variables.
NOTE: PROCEDURE SORT used (Total process time):
      real time           0.00 seconds
      cpu time            0.01 seconds
      

22462      data EMWS1.Stat_CORR;
MPRINT(EM_DIAGRAM):   data EMWS1.Stat_CORR;
22463      set EMWS1.Stat_CORR;
MPRINT(EM_DIAGRAM):   set EMWS1.Stat_CORR;
22464      label DATAROLE = "%sysfunc(sasmsg(sashelp.dmine,  rpt_datarole_vlabel, NOQUOTE))" ORDEREDINPUTS = "%sysfunc(sasmsg(sashelp.dmine, rpt_orderedInput_vlabel  , NOQUOTE))";
MPRINT(EM_DIAGRAM):   label DATAROLE = "Data Role" ORDEREDINPUTS = "Ordered Inputs";
22465      label SegmentValue= "%sysfunc(sasmsg(sashelp.dmine, rpt_segmentId_vlabel, NOQUOTE))" SegmentVar = "%sysfunc(sasmsg(sashelp.dmine, rpt_segment_vlabel, NOQUOTE))" SegmentId = "%sysfunc(sasmsg(sashelp.dmine, rpt_segmentNameValue_vlabel, NOQUOTE))";
MPRINT(EM_DIAGRAM):   label SegmentValue= "Segment Id" SegmentVar = "Segment" SegmentId = "Segment Name:Value";
22466      format ORDEREDINPUTS 5.0;
MPRINT(EM_DIAGRAM):   format ORDEREDINPUTS 5.0;
22467      retain ORDEREDINPUTS 0;
MPRINT(EM_DIAGRAM):   retain ORDEREDINPUTS 0;
22468      if first.DATAROLE or first.CORRTYPE or first.SEGMENTID or first.TARGET then ORDEREDINPUTS=1;
MPRINT(EM_DIAGRAM):   if first.DATAROLE or first.CORRTYPE or first.SEGMENTID or first.TARGET then ORDEREDINPUTS=1;
22469      else ORDEREDINPUTS+1;
MPRINT(EM_DIAGRAM):   else ORDEREDINPUTS+1;
22470      by DATAROLE CORRTYPE TARGET;
MPRINT(EM_DIAGRAM):   by DATAROLE CORRTYPE TARGET;
22471      run;
MPRINT(EM_DIAGRAM):   run;

NOTE: Variable first.SEGMENTID is uninitialized.
NOTE: There were 1 observations read from the data set EMWS1.STAT_CORR.
NOTE: The data set EMWS1.STAT_CORR has 1 observations and 11 variables.
NOTE: DATA statement used (Total process time):
      real time           0.03 seconds
      cpu time            0.03 seconds
      

22472      options nonumber nocenter;
MPRINT(EM_DIAGRAM):   options nonumber nocenter;
22473      title;
MPRINT(EM_DIAGRAM):   title;
22474      title9 ' ';
MPRINT(EM_DIAGRAM):   title9 ' ';
22475      proc sort data=EMWS1.Stat_CORR NOTHREADS;
MPRINT(EM_DIAGRAM):   proc sort data=EMWS1.Stat_CORR NOTHREADS;
22476      by DATAROLE CORRTYPE TARGET descending CORRVALUE;
MPRINT(EM_DIAGRAM):   by DATAROLE CORRTYPE TARGET descending CORRVALUE;
22477      run;
MPRINT(EM_DIAGRAM):   run;

NOTE: There were 1 observations read from the data set EMWS1.STAT_CORR.
NOTE: The data set EMWS1.STAT_CORR has 1 observations and 11 variables.
NOTE: PROCEDURE SORT used (Total process time):
      real time           0.00 seconds
      cpu time            0.00 seconds
      

22478      proc print data=EMWS1.Stat_CORR(obs=500) noobs label;
MPRINT(EM_DIAGRAM):   proc print data=EMWS1.Stat_CORR(obs=500) noobs label;
22479      var INPUT CORRVALUE;
MPRINT(EM_DIAGRAM):   var INPUT CORRVALUE;
22480      by DATAROLE CORRTYPE TARGET;
MPRINT(EM_DIAGRAM):   by DATAROLE CORRTYPE TARGET;
22481      title9 "%sysfunc(sasmsg(sashelp.dmine, rpt_corrStats_title    , NOQUOTE))";
MPRINT(EM_DIAGRAM):   title9 "Correlation Statistics";
22482      title10 "%sysfunc(sasmsg(sashelp.dmine, rpt_maxObsPrinted_title, NOQUOTE))";
MPRINT(EM_DIAGRAM):   title10 "(maximum 500 observations printed)";
MPRINT(EM_DIAGRAM):   run;
22483      run;

NOTE: There were 1 observations read from the data set EMWS1.STAT_CORR.
NOTE: The PROCEDURE PRINT printed page 4.
NOTE: PROCEDURE PRINT used (Total process time):
      real time           0.01 seconds
      cpu time            0.01 seconds
      

22484      title10;
MPRINT(EM_DIAGRAM):   title10;
22485      options &_cn &_nb;
MPRINT(EM_DIAGRAM):   options NOCENTER NONUMBER;
22486      proc sort data=WORK.M0XBPQHQ;
MPRINT(EM_DIAGRAM):   proc sort data=WORK.M0XBPQHQ;
22487      by name;
MPRINT(EM_DIAGRAM):   by name;
22488      run;
MPRINT(EM_DIAGRAM):   run;

NOTE: Input data set is already sorted, no sorting done.
NOTE: PROCEDURE SORT used (Total process time):
      real time           0.00 seconds
      cpu time            0.00 seconds
      

22489      proc means data=EMWS1.Stat_CLASS noprint;
MPRINT(EM_DIAGRAM):    proc means data=EMWS1.Stat_CLASS noprint;
22490      class DATAROLE Variable;
MPRINT(EM_DIAGRAM):   class DATAROLE Variable;
22491      var PERCENT;
MPRINT(EM_DIAGRAM):   var PERCENT;
22492      output out=EMWS1.Stat_CLASSPLOT;
MPRINT(EM_DIAGRAM):   output out=EMWS1.Stat_CLASSPLOT;
22493      run;
MPRINT(EM_DIAGRAM):   run;

NOTE: There were 9 observations read from the data set EMWS1.STAT_CLASS.
NOTE: The data set EMWS1.STAT_CLASSPLOT has 30 observations and 6 variables.
NOTE: PROCEDURE MEANS used (Total process time):
      real time           0.02 seconds
      cpu time            0.01 seconds
      

22494      proc transpose data=EMWS1.Stat_CLASSPLOT out=EMWS1.Stat_CLASSPLOT;
MPRINT(EM_DIAGRAM):   proc transpose data=EMWS1.Stat_CLASSPLOT out=EMWS1.Stat_CLASSPLOT;
22495      where _type_=3 and _STAT_ = 'STD';
MPRINT(EM_DIAGRAM):   where _type_=3 and _STAT_ = 'STD';
22496      var PERCENT;
MPRINT(EM_DIAGRAM):   var PERCENT;
22497      id _STAT_;
MPRINT(EM_DIAGRAM):   id _STAT_;
22498      by DATAROLE Variable;
MPRINT(EM_DIAGRAM):   by DATAROLE Variable;
22499      run;
MPRINT(EM_DIAGRAM):   run;

NOTE: There were 2 observations read from the data set EMWS1.STAT_CLASSPLOT.
      WHERE (_type_=3) and (_STAT_='STD');
NOTE: The data set EMWS1.STAT_CLASSPLOT has 2 observations and 4 variables.
NOTE: PROCEDURE TRANSPOSE used (Total process time):
      real time           0.02 seconds
      cpu time            0.03 seconds
      

22500      proc sort data=EMWS1.Stat_CLASSPLOT;
MPRINT(EM_DIAGRAM):   proc sort data=EMWS1.Stat_CLASSPLOT;
22501      by DATAROLE descending STD;
MPRINT(EM_DIAGRAM):   by DATAROLE descending STD;
22502      where STD ne .;
MPRINT(EM_DIAGRAM):   where STD ne .;
22503      run;
MPRINT(EM_DIAGRAM):   run;

NOTE: There were 2 observations read from the data set EMWS1.STAT_CLASSPLOT.
      WHERE STD not = .;
NOTE: The data set EMWS1.STAT_CLASSPLOT has 2 observations and 4 variables.
NOTE: PROCEDURE SORT used (Total process time):
      real time           0.01 seconds
      cpu time            0.01 seconds
      

22504      data EMWS1.Stat_CLASSPLOT(keep=DATAROLE Variable STD OrderedInput);
MPRINT(EM_DIAGRAM):   data EMWS1.Stat_CLASSPLOT(keep=DATAROLE Variable STD OrderedInput);
22505      label OrderedInput = "%sysfunc(sasmsg(sashelp.dmine, rpt_orderedInput_vlabel, NOQUOTE))";
MPRINT(EM_DIAGRAM):   label OrderedInput = "Ordered Inputs";
22506      format OrderedInput 5.0;
MPRINT(EM_DIAGRAM):   format OrderedInput 5.0;
22507      label STD = "%sysfunc(sasmsg(sashelp.dmine, rpt_pctVariability_vlabel, NOQUOTE))";
MPRINT(EM_DIAGRAM):   label STD = "Percent Variability";
22508      retain OrderedInput 0;
MPRINT(EM_DIAGRAM):   retain OrderedInput 0;
22509      set EMWS1.Stat_CLASSPLOT;
MPRINT(EM_DIAGRAM):   set EMWS1.Stat_CLASSPLOT;
22510      by DATAROLE;
MPRINT(EM_DIAGRAM):   by DATAROLE;
22511      if first.DATAROLE then OrderedInput = 1;
MPRINT(EM_DIAGRAM):   if first.DATAROLE then OrderedInput = 1;
22512      else OrderedInput + 1;
MPRINT(EM_DIAGRAM):   else OrderedInput + 1;
22513      run;
MPRINT(EM_DIAGRAM):   run;

NOTE: There were 2 observations read from the data set EMWS1.STAT_CLASSPLOT.
NOTE: The data set EMWS1.STAT_CLASSPLOT has 2 observations and 4 variables.
NOTE: DATA statement used (Total process time):
      real time           0.02 seconds
      cpu time            0.03 seconds
      

22514      proc sort data=EMWS1.Stat_CLASSPLOT;
MPRINT(EM_DIAGRAM):   proc sort data=EMWS1.Stat_CLASSPLOT;
22515      by Variable;
MPRINT(EM_DIAGRAM):   by Variable;
22516      run;
MPRINT(EM_DIAGRAM):   run;

NOTE: There were 2 observations read from the data set EMWS1.STAT_CLASSPLOT.
NOTE: The data set EMWS1.STAT_CLASSPLOT has 2 observations and 4 variables.
NOTE: PROCEDURE SORT used (Total process time):
      real time           0.01 seconds
      cpu time            0.01 seconds
      

22517      data EMWS1.Stat_CLASSPLOT;
MPRINT(EM_DIAGRAM):   data EMWS1.Stat_CLASSPLOT;
22518      merge EMWS1.Stat_CLASSPLOT(in=_a) WORK.M0XBPQHQ(rename=(NAME=VARIABLE) Keep=NAME ROLE LABEL REPORT);
MPRINT(EM_DIAGRAM):   merge EMWS1.Stat_CLASSPLOT(in=_a) WORK.M0XBPQHQ(rename=(NAME=VARIABLE) Keep=NAME ROLE LABEL REPORT);
22519      by Variable;
MPRINT(EM_DIAGRAM):   by Variable;
22520      if _a and (OrderedInput<100 or Report='Y') then output;
MPRINT(EM_DIAGRAM):   if _a and (OrderedInput<100 or Report='Y') then output;
22521      run;
MPRINT(EM_DIAGRAM):   run;

WARNING: Multiple lengths were specified for the BY variable VARIABLE by input data sets. This might cause unexpected results.
NOTE: There were 2 observations read from the data set EMWS1.STAT_CLASSPLOT.
NOTE: There were 4 observations read from the data set WORK.M0XBPQHQ.
NOTE: The data set EMWS1.STAT_CLASSPLOT has 2 observations and 7 variables.
NOTE: DATA statement used (Total process time):
      real time           0.01 seconds
      cpu time            0.01 seconds
      

22522      data temp;
MPRINT(EM_DIAGRAM):   data temp;
22523      set EMWS1.Stat_CLASSPLOT;
MPRINT(EM_DIAGRAM):   set EMWS1.Stat_CLASSPLOT;
22524      where DATAROLE='TRAIN';
MPRINT(EM_DIAGRAM):   where DATAROLE='TRAIN';
22525      if OrderedInput<21 then plot = 1;
MPRINT(EM_DIAGRAM):   if OrderedInput<21 then plot = 1;
22526      else plot=0;
MPRINT(EM_DIAGRAM):   else plot=0;
22527      if LABEL = "" then LABEL = Variable;
MPRINT(EM_DIAGRAM):   if LABEL = "" then LABEL = Variable;
22528      keep Variable Label plot;
MPRINT(EM_DIAGRAM):   keep Variable Label plot;
22529      run;
MPRINT(EM_DIAGRAM):   run;

NOTE: There were 2 observations read from the data set EMWS1.STAT_CLASSPLOT.
      WHERE DATAROLE='TRAIN';
NOTE: The data set WORK.TEMP has 2 observations and 3 variables.
NOTE: DATA statement used (Total process time):
      real time           0.02 seconds
      cpu time            0.03 seconds
      

22530      data EMWS1.Stat_CLASSPLOT;
MPRINT(EM_DIAGRAM):   data EMWS1.Stat_CLASSPLOT;
22531      merge EMWS1.Stat_CLASSPLOT temp;
MPRINT(EM_DIAGRAM):   merge EMWS1.Stat_CLASSPLOT temp;
22532      by Variable;
MPRINT(EM_DIAGRAM):   by Variable;
22533      label DATAROLE = "%sysfunc(sasmsg(sashelp.dmine,  rpt_datarole_vlabel, NOQUOTE))" ROLE = "%sysfunc(sasmsg(sashelp.dmine, meta_role_vlabel,          NOQUOTE))" PLOT = "%sysfunc(sasmsg(sashelp.dmine, rpt_plot_vlabel,           NOQUOTE))" REPORT =
22534         "%sysfunc(sasmsg(sashelp.dmine, meta_report_vlabel,         NOQUOTE))";
MPRINT(EM_DIAGRAM):   label DATAROLE = "Data Role" ROLE = "Role" PLOT = "Plot" REPORT = "Report";
22535      run;
MPRINT(EM_DIAGRAM):   run;

NOTE: There were 2 observations read from the data set EMWS1.STAT_CLASSPLOT.
NOTE: There were 2 observations read from the data set WORK.TEMP.
NOTE: The data set EMWS1.STAT_CLASSPLOT has 2 observations and 8 variables.
NOTE: DATA statement used (Total process time):
      real time           0.02 seconds
      cpu time            0.03 seconds
      

22536      proc sort data=EMWS1.Stat_CLASSPLOT;
MPRINT(EM_DIAGRAM):   proc sort data=EMWS1.Stat_CLASSPLOT;
22537      by DATAROLE Variable;
MPRINT(EM_DIAGRAM):   by DATAROLE Variable;
22538      run;
MPRINT(EM_DIAGRAM):   run;

NOTE: There were 2 observations read from the data set EMWS1.STAT_CLASSPLOT.
NOTE: The data set EMWS1.STAT_CLASSPLOT has 2 observations and 8 variables.
NOTE: PROCEDURE SORT used (Total process time):
      real time           0.00 seconds
      cpu time            0.01 seconds
      

22539      proc sort data=EMWS1.Stat_CLASS;
MPRINT(EM_DIAGRAM):   proc sort data=EMWS1.Stat_CLASS;
22540      by DATAROLE Variable;
MPRINT(EM_DIAGRAM):   by DATAROLE Variable;
22541      run;
MPRINT(EM_DIAGRAM):   run;

NOTE: There were 9 observations read from the data set EMWS1.STAT_CLASS.
NOTE: The data set EMWS1.STAT_CLASS has 9 observations and 12 variables.
NOTE: PROCEDURE SORT used (Total process time):
      real time           0.01 seconds
      cpu time            0.00 seconds
      

22542      data EMWS1.Stat_CLASS;
MPRINT(EM_DIAGRAM):   data EMWS1.Stat_CLASS;
22543      merge EMWS1.Stat_CLASS(drop=NRAW CRAW) EMWS1.Stat_CLASSPLOT(keep=DATAROLE Variable Plot);
MPRINT(EM_DIAGRAM):   merge EMWS1.Stat_CLASS(drop=NRAW CRAW) EMWS1.Stat_CLASSPLOT(keep=DATAROLE Variable Plot);
22544      by DATAROLE Variable;
MPRINT(EM_DIAGRAM):   by DATAROLE Variable;
22545      if plot eq . then delete;
MPRINT(EM_DIAGRAM):   if plot eq . then delete;
22546      label DATAROLE = "%sysfunc(sasmsg(sashelp.dmine, rpt_datarole_vlabel,       NOQUOTE))" LEVEL = "%sysfunc(sasmsg(sashelp.dmine, rpt_level_vlabel,          NOQUOTE))" TYPE = "%sysfunc(sasmsg(sashelp.dmine, rpt_type_vlabel,           NOQUOTE))"
22546    ! COUNT =
22547         "%sysfunc(sasmsg(sashelp.dmine, rpt_count_vlabel,          NOQUOTE))" ROLE = "%sysfunc(sasmsg(sashelp.dmine, meta_role_vlabel,          NOQUOTE))" PERCENT = "%sysfunc(sasmsg(sashelp.dmine, rpt_percent_vlabel,        NOQUOTE))" PLOT =
22548         "%sysfunc(sasmsg(sashelp.dmine, rpt_plot_vlabel,           NOQUOTE))" LEVELINDEX = "%sysfunc(sasmsg(sashelp.dmine, rpt_levelIndex_vlabel,     NOQUOTE))";
MPRINT(EM_DIAGRAM):   label DATAROLE = "Data Role" LEVEL = "Level" TYPE = "Type" COUNT = "Frequency Count" ROLE = "Role" PERCENT = "Percent" PLOT = "Plot" LEVELINDEX = "Level Index";
22549      run;
MPRINT(EM_DIAGRAM):   run;

NOTE: There were 9 observations read from the data set EMWS1.STAT_CLASS.
NOTE: There were 2 observations read from the data set EMWS1.STAT_CLASSPLOT.
NOTE: The data set EMWS1.STAT_CLASS has 9 observations and 11 variables.
NOTE: DATA statement used (Total process time):
      real time           0.04 seconds
      cpu time            0.03 seconds
      

22550      data EMWS1.Stat_INTERVAL;
MPRINT(EM_DIAGRAM):    data EMWS1.Stat_INTERVAL;
22551      set EMWS1.Stat_INTERVAL;
MPRINT(EM_DIAGRAM):   set EMWS1.Stat_INTERVAL;
22552      label NMiss = "%sysfunc(sasmsg(sashelp.dmine, rpt_missing_vlabel, NOQUOTE))" absCV = "%sysfunc(sasmsg(sashelp.dmine, rpt_absCV_vlabel,   NOQUOTE))" CV = "%sysfunc(sasmsg(sashelp.dmine, rpt_cv_vlabel,      NOQUOTE))" Sign =
22553         "%sysfunc(sasmsg(sashelp.dmine, rpt_sign_vlabel,    NOQUOTE))";
MPRINT(EM_DIAGRAM):   label NMiss = "Missing" absCV = "Abs C.V." CV = "Coefficient of Variation" Sign = "Sign";
22554      if MEAN ne . then do;
MPRINT(EM_DIAGRAM):   if MEAN ne . then do;
22555      CV = STD/MEAN;
MPRINT(EM_DIAGRAM):   CV = STD/MEAN;
22556      absCV = abs(CV);
MPRINT(EM_DIAGRAM):   absCV = abs(CV);
22557      if absCV < 0 then Sign = '-';
MPRINT(EM_DIAGRAM):   if absCV < 0 then Sign = '-';
22558      else Sign = '+';
MPRINT(EM_DIAGRAM):   else Sign = '+';
22559      absCV = abs(absCV);
MPRINT(EM_DIAGRAM):   absCV = abs(absCV);
22560      end;
MPRINT(EM_DIAGRAM):   end;
22561      run;
MPRINT(EM_DIAGRAM):   run;

NOTE: There were 2 observations read from the data set EMWS1.STAT_INTERVAL.
NOTE: The data set EMWS1.STAT_INTERVAL has 2 observations and 16 variables.
NOTE: DATA statement used (Total process time):
      real time           0.01 seconds
      cpu time            0.01 seconds
      

22562      proc sort data = EMWS1.Stat_INTERVAL;
MPRINT(EM_DIAGRAM):   proc sort data = EMWS1.Stat_INTERVAL;
22563      by DATAROLE descending absCV;
MPRINT(EM_DIAGRAM):   by DATAROLE descending absCV;
22564      run;
MPRINT(EM_DIAGRAM):   run;

NOTE: There were 2 observations read from the data set EMWS1.STAT_INTERVAL.
NOTE: The data set EMWS1.STAT_INTERVAL has 2 observations and 16 variables.
NOTE: PROCEDURE SORT used (Total process time):
      real time           0.01 seconds
      cpu time            0.01 seconds
      

22565      data EMWS1.Stat_INTERVAL;
MPRINT(EM_DIAGRAM):   data EMWS1.Stat_INTERVAL;
22566      retain OrderedInput;
MPRINT(EM_DIAGRAM):   retain OrderedInput;
22567      set EMWS1.Stat_INTERVAL;
MPRINT(EM_DIAGRAM):   set EMWS1.Stat_INTERVAL;
22568      by DATAROLE;
MPRINT(EM_DIAGRAM):   by DATAROLE;
22569      label OrderedInput = "%sysfunc(sasmsg(sashelp.dmine, rpt_orderedInput_vlabel, NOQUOTE))";
MPRINT(EM_DIAGRAM):   label OrderedInput = "Ordered Inputs";
22570      format OrderedInput 5.0;
MPRINT(EM_DIAGRAM):   format OrderedInput 5.0;
22571      if first.DATAROLE then OrderedInput = 1;
MPRINT(EM_DIAGRAM):   if first.DATAROLE then OrderedInput = 1;
22572      else OrderedInput + 1;
MPRINT(EM_DIAGRAM):   else OrderedInput + 1;
22573      run;
MPRINT(EM_DIAGRAM):   run;

NOTE: There were 2 observations read from the data set EMWS1.STAT_INTERVAL.
NOTE: The data set EMWS1.STAT_INTERVAL has 2 observations and 17 variables.
NOTE: DATA statement used (Total process time):
      real time           0.02 seconds
      cpu time            0.03 seconds
      

22574      proc sort data=WORK.M0XBPQHQ;
MPRINT(EM_DIAGRAM):    proc sort data=WORK.M0XBPQHQ;
22575      by name;
MPRINT(EM_DIAGRAM):   by name;
22576      run;
MPRINT(EM_DIAGRAM):   run;

NOTE: Input data set is already sorted, no sorting done.
NOTE: PROCEDURE SORT used (Total process time):
      real time           0.00 seconds
      cpu time            0.00 seconds
      

22577      proc sort data=EMWS1.Stat_WORTH;
MPRINT(EM_DIAGRAM):    proc sort data=EMWS1.Stat_WORTH;
22578      by NAME;
MPRINT(EM_DIAGRAM):   by NAME;
22579      run;
MPRINT(EM_DIAGRAM):   run;

NOTE: There were 3 observations read from the data set EMWS1.STAT_WORTH.
NOTE: The data set EMWS1.STAT_WORTH has 3 observations and 5 variables.
NOTE: PROCEDURE SORT used (Total process time):
      real time           0.01 seconds
      cpu time            0.01 seconds
      

22580      data EMWS1.Stat_WORTH;
MPRINT(EM_DIAGRAM):   data EMWS1.Stat_WORTH;
22581      merge EMWS1.Stat_WORTH(in=_a) WORK.M0XBPQHQ(Keep=NAME LABEL REPORT);
MPRINT(EM_DIAGRAM):   merge EMWS1.Stat_WORTH(in=_a) WORK.M0XBPQHQ(Keep=NAME LABEL REPORT);
22582      by NAME;
MPRINT(EM_DIAGRAM):   by NAME;
22583      if REPORT = 'Y' then plot = 1;
MPRINT(EM_DIAGRAM):   if REPORT = 'Y' then plot = 1;
22584      if LABEL = "" then LABEL = NAME;
MPRINT(EM_DIAGRAM):   if LABEL = "" then LABEL = NAME;
22585      if _a then output;
MPRINT(EM_DIAGRAM):   if _a then output;
22586      drop report;
MPRINT(EM_DIAGRAM):   drop report;
22587      run;
MPRINT(EM_DIAGRAM):   run;

WARNING: Multiple lengths were specified for the BY variable Name by input data sets. This might cause unexpected results.
NOTE: There were 3 observations read from the data set EMWS1.STAT_WORTH.
NOTE: There were 4 observations read from the data set WORK.M0XBPQHQ.
NOTE: The data set EMWS1.STAT_WORTH has 3 observations and 7 variables.
NOTE: DATA statement used (Total process time):
      real time           0.01 seconds
      cpu time            0.03 seconds
      

22588      proc sort data=EMWS1.Stat_WORTH;
MPRINT(EM_DIAGRAM):   proc sort data=EMWS1.Stat_WORTH;
22589      by rank;
MPRINT(EM_DIAGRAM):   by rank;
22590      run;
MPRINT(EM_DIAGRAM):   run;

NOTE: There were 3 observations read from the data set EMWS1.STAT_WORTH.
NOTE: The data set EMWS1.STAT_WORTH has 3 observations and 7 variables.
NOTE: PROCEDURE SORT used (Total process time):
      real time           0.01 seconds
      cpu time            0.01 seconds
      

MPRINT(EM_DIAGRAM):    proc printto;
MPRINT(EM_DIAGRAM):   run;
