 
                                                                                                                                                                                                                                                                
 
 
Variable Summary

          Measurement    Frequency
 Role        Level         Count

INPUT      INTERVAL          1    
INPUT      NOMINAL           2    
TARGET     INTERVAL          1    
 
                                                                                                                                                                                                                                                                
 
Class Variable Summary Statistics
(maximum 500 observations printed)

Data Role=TRAIN

                               Number
Data     Variable                of                                                        Mode                                             Mode2
Role       Name       Role     Levels    Missing    Mode                                Percentage    Mode2                               Percentage

TRAIN    Age_group    INPUT       4         0       16 to 24                              25.00       25 to 44                              25.00   
TRAIN    Industry     INPUT       5         0       Management, professional, and re      20.00       Natural resources, construction,      20.00   
 
                                                                                                                                                                                                                                                                
 
Interval Variable Summary Statistics
(maximum 500 observations printed)

Data Role=TRAIN

                                             Standard          Non
Variable                Role         Mean    Deviation     Missing     Missing     Minimum      Median     Maximum    Skewness    Kurtosis

Population             INPUT     58665661    20938001          280           0    35069568    44723041    84973340    0.102083    -1.87431
Sum_Labor_Force_Pop    TARGET     7035954     6534710          280           0      225000     5691000    25077000     1.31899    1.026178
 
                                                                                                                                                                                                                                                                
 
Correlation Statistics
(maximum 500 observations printed)

Data Role=TRAIN Type=PEARSON Target=Sum_Labor_Force_Pop

  Input       Correlation

Population      0.71193  
