MPRINT(EM_DIAGRAM):    data _null_;
MPRINT(EM_DIAGRAM):   call symput('NLDATE', strip(put(date(), NLDATE.)));
MPRINT(EM_DIAGRAM):   call symput('NLTIME', strip(put(datetime(), NLTIME.)));
MPRINT(EM_DIAGRAM):   run;
MPRINT(EM_DIAGRAM):   data _null_;
MPRINT(EM_DIAGRAM):   nldate= sasmsg("sashelp.dmine", "log_date_note", 'N', "November 26, 2019" );
MPRINT(EM_DIAGRAM):   nltime= sasmsg("sashelp.dmine", "log_time_note", 'N', "15:41:57" );
MPRINT(EM_DIAGRAM):   put "*------------------------------------------------------------*";
MPRINT(EM_DIAGRAM):   put "* Report Log";
MPRINT(EM_DIAGRAM):   put nldate;
MPRINT(EM_DIAGRAM):   put nltime;
MPRINT(EM_DIAGRAM):   put "*------------------------------------------------------------*";
MPRINT(EM_DIAGRAM):   run;
*------------------------------------------------------------*
* Report Log
Date:                November 26, 2019
Time:                15:41:57
*------------------------------------------------------------*
MPRINT(EM_DIAGRAM):    filename O1ALBAK2 "C:\Users\student\Desktop\AA 490\Final Project\AA490_Project\Base Model\Workspaces\EMWS2\Score2\EMREPORT.out" encoding="UTF-8" NOBOM;
MPRINT(EM_DIAGRAM):   proc printto print=O1ALBAK2 new;
MPRINT(EM_DIAGRAM):   run;
32415      data WORK.SCOREFREQMETA;
MPRINT(EM_DIAGRAM):    data WORK.SCOREFREQMETA;
32416      length NAME $32 ROLE $32 LEVEL $8;
MPRINT(EM_DIAGRAM):   length NAME $32 ROLE $32 LEVEL $8;
32417      NAME="b_Sum_Labor_Force_";
MPRINT(EM_DIAGRAM):   NAME="b_Sum_Labor_Force_";
32418      ROLE="INPUT";
MPRINT(EM_DIAGRAM):   ROLE="INPUT";
32419      LEVEL="NOMINAL";
MPRINT(EM_DIAGRAM):   LEVEL="NOMINAL";
32420      TYPE="N";
MPRINT(EM_DIAGRAM):   TYPE="N";
32421      output;
MPRINT(EM_DIAGRAM):   output;
32422      run;
MPRINT(EM_DIAGRAM):   run;

NOTE: The data set WORK.SCOREFREQMETA has 1 observations and 4 variables.
NOTE: DATA statement used (Total process time):
      real time           0.00 seconds
      cpu time            0.00 seconds
      

32423      data WORK.SCOREHISTMETA;
MPRINT(EM_DIAGRAM):    data WORK.SCOREHISTMETA;
32424      length NAME $32 ROLE $32 LEVEL $8;
MPRINT(EM_DIAGRAM):   length NAME $32 ROLE $32 LEVEL $8;
32425      NAME="P_Sum_Labor_Force_Pop";
MPRINT(EM_DIAGRAM):   NAME="P_Sum_Labor_Force_Pop";
32426      ROLE="INPUT";
MPRINT(EM_DIAGRAM):   ROLE="INPUT";
32427      LEVEL="INTERVAL";
MPRINT(EM_DIAGRAM):   LEVEL="INTERVAL";
32428      TYPE="N";
MPRINT(EM_DIAGRAM):   TYPE="N";
32429      output;
MPRINT(EM_DIAGRAM):   output;
32430      run;
MPRINT(EM_DIAGRAM):   run;

NOTE: The data set WORK.SCOREHISTMETA has 1 observations and 4 variables.
NOTE: DATA statement used (Total process time):
      real time           0.00 seconds
      cpu time            0.01 seconds
      

NOTE: View EMWS2.MDLCOMP_TRAIN.VIEW used (Total process time):
      real time           0.05 seconds
      cpu time            0.06 seconds
      
32431      ods listing close;
MPRINT(EM_DIAGRAM):    ods listing close;
32432      ods output onewayfreqs=WORK.TEMPFREQ;
MPRINT(EM_DIAGRAM):   ods output onewayfreqs=WORK.TEMPFREQ;
32433      proc freq data = EMWS2.MdlComp_TRAIN order=formatted addnames;
MPRINT(EM_DIAGRAM):   proc freq data = EMWS2.MdlComp_TRAIN order=formatted addnames;
32434      table b_Sum_Labor_Force_ / missing;
MPRINT(EM_DIAGRAM):   table b_Sum_Labor_Force_ / missing;
32435      run;
MPRINT(EM_DIAGRAM):   run;

NOTE: There were 336 observations read from the data set EMWS2.PART_TRAIN.
NOTE: View EMWS2.MDLCOMP_TRAIN.VIEW used (Total process time):
      real time           0.08 seconds
      cpu time            0.06 seconds
      
NOTE: There were 336 observations read from the data set EMWS2.REG_TRAIN.
NOTE: The data set WORK.TEMPFREQ has 7 observations and 8 variables.
NOTE: There were 336 observations read from the data set EMWS2.MDLCOMP_TRAIN.
NOTE: PROCEDURE FREQ used (Total process time):
      real time           0.10 seconds
      cpu time            0.11 seconds
      

MPRINT(EM_DIAGRAM):   quit;
32436      quit;
32437      ods listing;
MPRINT(EM_DIAGRAM):   ods listing;
32438      data WORK.Score2_BAR(keep=_VARIABLE_ TYPE COUNT PERCENT _X_ _XLABEL_);
MPRINT(EM_DIAGRAM):    data WORK.Score2_BAR(keep=_VARIABLE_ TYPE COUNT PERCENT _X_ _XLABEL_);
32439      label _VARIABLE_ = "%sysfunc(sasmsg(sashelp.dmine, rpt_variable_vlabel, NOQUOTE))" Type = "%sysfunc(sasmsg(sashelp.dmine, rpt_type_vlabel,         NOQUOTE))" _X_ = "%sysfunc(sasmsg(sashelp.dmine, rpt_numValue_vlabel, NOQUOTE))" _XLABEL_ =
32440         "%sysfunc(sasmsg(sashelp.dmine, rpt_fmtValue_vlabel ,    NOQUOTE))" COUNT = "%sysfunc(sasmsg(sashelp.dmine, rpt_count_vlabel,        NOQUOTE))" PERCENT = "%sysfunc(sasmsg(sashelp.dmine, rpt_percent_vlabel,      NOQUOTE))";
MPRINT(EM_DIAGRAM):   label _VARIABLE_ = "Variable" Type = "Type" _X_ = "Numeric Value" _XLABEL_ = "Formatted Value" COUNT = "Frequency Count" PERCENT = "Percent";
32441      dsid = open("WORK.TEMPFREQ");
MPRINT(EM_DIAGRAM):   dsid = open("WORK.TEMPFREQ");
32442      varnum = varnum(dsid, 'VARIABLE');
MPRINT(EM_DIAGRAM):   varnum = varnum(dsid, 'VARIABLE');
32443      freqnum = varnum(dsid, 'FREQUENCY');
MPRINT(EM_DIAGRAM):   freqnum = varnum(dsid, 'FREQUENCY');
32444      pvarnum = varnum(dsid, 'PERCENT');
MPRINT(EM_DIAGRAM):   pvarnum = varnum(dsid, 'PERCENT');
32445      typenum = varnum(dsid, '_TYPE_');
MPRINT(EM_DIAGRAM):   typenum = varnum(dsid, '_TYPE_');
32446      length _VARIABLE_ $32 TYPE $1 _XLABEL_ $32;
MPRINT(EM_DIAGRAM):   length _VARIABLE_ $32 TYPE $1 _XLABEL_ $32;
32447      do while(^fetch(dsid));
MPRINT(EM_DIAGRAM):   do while(^fetch(dsid));
32448      _VARIABLE_ = strip(getvarc(dsid, varnum));
MPRINT(EM_DIAGRAM):   _VARIABLE_ = strip(getvarc(dsid, varnum));
32449      count = getvarn(dsid, freqnum);
MPRINT(EM_DIAGRAM):   count = getvarn(dsid, freqnum);
32450      percent= getvarn(dsid, pvarnum);
MPRINT(EM_DIAGRAM):   percent= getvarn(dsid, pvarnum);
32451      vvarnum = varnum(dsid, _VARIABLE_);
MPRINT(EM_DIAGRAM):   vvarnum = varnum(dsid, _VARIABLE_);
32452      type = vartype(dsid, vvarnum);
MPRINT(EM_DIAGRAM):   type = vartype(dsid, vvarnum);
32453      fvarnum = varnum(dsid, 'F_'!!substr(_VARIABLE_, 1, 30));
MPRINT(EM_DIAGRAM):   fvarnum = varnum(dsid, 'F_'!!substr(_VARIABLE_, 1, 30));
32454      _XLABEL_ = left(getvarc(dsid, fvarnum));
MPRINT(EM_DIAGRAM):   _XLABEL_ = left(getvarc(dsid, fvarnum));
32455      _X_ = .;
MPRINT(EM_DIAGRAM):   _X_ = .;
32456      if TYPE eq 'N' then _X_ = getvarn(dsid, vvarnum);
MPRINT(EM_DIAGRAM):   if TYPE eq 'N' then _X_ = getvarn(dsid, vvarnum);
32457      output;
MPRINT(EM_DIAGRAM):   output;
32458      end;
MPRINT(EM_DIAGRAM):   end;
32459      dsid = close(dsid);
MPRINT(EM_DIAGRAM):   dsid = close(dsid);
32460      run;
MPRINT(EM_DIAGRAM):   run;

NOTE: The data set WORK.SCORE2_BAR has 7 observations and 6 variables.
NOTE: DATA statement used (Total process time):
      real time           0.01 seconds
      cpu time            0.01 seconds
      

32461      proc sort data=WORK.Score2_BAR NOTHREADS;
MPRINT(EM_DIAGRAM):   proc sort data=WORK.Score2_BAR NOTHREADS;
32462      by _VARIABLE_;
MPRINT(EM_DIAGRAM):   by _VARIABLE_;
32463      run;
MPRINT(EM_DIAGRAM):   run;

NOTE: There were 7 observations read from the data set WORK.SCORE2_BAR.
NOTE: The data set WORK.SCORE2_BAR has 7 observations and 6 variables.
NOTE: PROCEDURE SORT used (Total process time):
      real time           0.00 seconds
      cpu time            0.01 seconds
      

32464      proc sort data=WORK.M0BLGSGG;
MPRINT(EM_DIAGRAM):   proc sort data=WORK.M0BLGSGG;
32465      by Name;
MPRINT(EM_DIAGRAM):   by Name;
32466      run;
MPRINT(EM_DIAGRAM):   run;

NOTE: There were 1 observations read from the data set WORK.M0BLGSGG.
NOTE: The data set WORK.M0BLGSGG has 1 observations and 4 variables.
NOTE: PROCEDURE SORT used (Total process time):
      real time           0.00 seconds
      cpu time            0.00 seconds
      

32467      data WORK.Score2_BAR;
MPRINT(EM_DIAGRAM):   data WORK.Score2_BAR;
32468      merge WORK.Score2_BAR(in=_a) WORK.M0BLGSGG(keep=Name Role rename=(Name=_Variable_));
MPRINT(EM_DIAGRAM):   merge WORK.Score2_BAR(in=_a) WORK.M0BLGSGG(keep=Name Role rename=(Name=_Variable_));
32469      by _Variable_;
MPRINT(EM_DIAGRAM):   by _Variable_;
32470      label Role = "%sysfunc(sasmsg(sashelp.dmine, meta_role_vlabel ,  NOQUOTE))";
MPRINT(EM_DIAGRAM):   label Role = "Role";
32471      if _a then output;
MPRINT(EM_DIAGRAM):   if _a then output;
32472      run;
MPRINT(EM_DIAGRAM):   run;

NOTE: There were 7 observations read from the data set WORK.SCORE2_BAR.
NOTE: There were 1 observations read from the data set WORK.M0BLGSGG.
NOTE: The data set WORK.SCORE2_BAR has 7 observations and 7 variables.
NOTE: DATA statement used (Total process time):
      real time           0.01 seconds
      cpu time            0.00 seconds
      

32473      data WORK.Score2_BAR;
MPRINT(EM_DIAGRAM):    data WORK.Score2_BAR;
32474      length DATAROLE $8 TYPE $14;
MPRINT(EM_DIAGRAM):   length DATAROLE $8 TYPE $14;
32475      retain DATAROLE "TRAIN";
MPRINT(EM_DIAGRAM):   retain DATAROLE "TRAIN";
32476      set WORK.Score2_BAR;
MPRINT(EM_DIAGRAM):   set WORK.Score2_BAR;
32477      run;
MPRINT(EM_DIAGRAM):   run;

NOTE: There were 7 observations read from the data set WORK.SCORE2_BAR.
NOTE: The data set WORK.SCORE2_BAR has 7 observations and 8 variables.
NOTE: DATA statement used (Total process time):
      real time           0.00 seconds
      cpu time            0.00 seconds
      

32478      proc append base=EMWS2.Score2_BAR data=WORK.Score2_BAR;
MPRINT(EM_DIAGRAM):   proc append base=EMWS2.Score2_BAR data=WORK.Score2_BAR;
32479      run;
MPRINT(EM_DIAGRAM):   run;

NOTE: Appending WORK.SCORE2_BAR to EMWS2.SCORE2_BAR.
NOTE: BASE data set does not exist. DATA file is being copied to BASE file.
NOTE: There were 7 observations read from the data set WORK.SCORE2_BAR.
NOTE: The data set EMWS2.SCORE2_BAR has 7 observations and 8 variables.
NOTE: PROCEDURE APPEND used (Total process time):
      real time           0.00 seconds
      cpu time            0.01 seconds
      

32480      %var_profile(DATA=EMWS2.MdlComp_TRAIN, OUTPUT=work.Score2_VARHIST, METADATA=WORK.SCOREHISTMETA, COMPUTESTAT=N, BINDATA=_bindata, STAT=_STAT, PCTLSTAT=work.Score2_SUMDATA, FREQ=, BIN=Y, NUMBARS= 16);
MPRINT(EM_DIAGRAM):   
*------------------------------------------------------------*
* Score2: Computing Summary Statistics
*------------------------------------------------------------*
MPRINT(VAR_PROFILE):   filename _mac catalog 'WORK.MACROS.VARIABLES.SOURCE';
MPRINT(VAR_PROFILE):   data _null;
MPRINT(VAR_PROFILE):   set WORK.SCOREHISTMETA(where=(LEVEL = 'INTERVAL' and ROLE ne 'FREQ')) end=eof;
MPRINT(VAR_PROFILE):   if eof then call symput('_nobs', put(_N_, best.));
MPRINT(VAR_PROFILE):   run;

NOTE: There were 1 observations read from the data set WORK.SCOREHISTMETA.
      WHERE (LEVEL='INTERVAL') and (ROLE not = 'FREQ');
NOTE: The data set WORK._NULL has 1 observations and 4 variables.
NOTE: DATA statement used (Total process time):
      real time           0.00 seconds
      cpu time            0.00 seconds
      

MPRINT(VAR_PROFILE):   data _null_;
MPRINT(VAR_PROFILE):   file _mac;
MPRINT(VAR_PROFILE):   length _VARS $80;
MPRINT(VAR_PROFILE):   retain _vars;
MPRINT(VAR_PROFILE):   if _n_ =1 then put '%macro _vars;';
MPRINT(VAR_PROFILE):   set WORK.SCOREHISTMETA end=eof;
MPRINT(VAR_PROFILE):   where LEVEL = 'INTERVAL' or ROLE='FREQ';
MPRINT(VAR_PROFILE):   if ROLE='FREQ' then call symput('FREQ', trim(NAME));
MPRINT(VAR_PROFILE):   else do;
MPRINT(VAR_PROFILE):   if length(strip(_vars)) + length(strip(NAME)) + 1 <80 then _vars = strip(_vars)!! ' ' !!strip(NAME);
MPRINT(VAR_PROFILE):   else do;
MPRINT(VAR_PROFILE):   put _Vars;
MPRINT(VAR_PROFILE):   _vars = strip(NAME);
MPRINT(VAR_PROFILE):   end;
MPRINT(VAR_PROFILE):   end;
MPRINT(VAR_PROFILE):   if eof then do;
MPRINT(VAR_PROFILE):   put _Vars;
MPRINT(VAR_PROFILE):   put '%mend _vars;';
MPRINT(VAR_PROFILE):   end;
MPRINT(VAR_PROFILE):   run;

NOTE: The file _MAC is:
      Catalog Name=WORK.MACROS.VARIABLES.SOURCE,
      Catalog Page Size=4096,
      Number of Catalog Pages=4,
      Created=Tue, Nov 26, 2019 03:41:57 PM,
      Last Modified=Tue, Nov 26, 2019 03:41:57 PM,
      Filename=C:\Users\student\AppData\Local\Temp\SAS Temporary Files\_TD31604_830-5CG9310VLM_\Prc2\macros.sas7bcat,
      Release Created=9.0401M4,
      Host Created=X64_10PRO,
      Owner Name=830-5CG9310VLM\student,
      File Size=             5KB,
      File Size (bytes)=5120

NOTE: 3 records were written to the file _MAC.
      The minimum record length was 12.
      The maximum record length was 21.
NOTE: There were 1 observations read from the data set WORK.SCOREHISTMETA.
      WHERE (LEVEL='INTERVAL') or (ROLE='FREQ');
NOTE: DATA statement used (Total process time):
      real time           0.02 seconds
      cpu time            0.01 seconds
      

NOTE: %INCLUDE (level 1) file _MAC is file WORK.MACROS.VARIABLES.SOURCE.
32481     +%macro _vars;
32482     +P_Sum_Labor_Force_Pop
32483     +%mend _vars;
NOTE: %INCLUDE (level 1) ending.
MPRINT(VAR_PROFILE):   filename _mac;
NOTE: Fileref _MAC has been deassigned.
*------------------------------------------------------------*
* computingmidpoints_note
*------------------------------------------------------------*
MPRINT(VAR_PROFILE):   filename fref catalog 'work.em.profileformat.source';
MPRINT(VAR_PROFILE):   proc dmdb data=EMWS2.MdlComp_TRAIN(obs=1000000) classout=_CLASSOUT maxlevel=17;
MPRINT(VAR_PROFILE):   class
MPRINT(_VARS):   P_Sum_Labor_Force_Pop
MPRINT(VAR_PROFILE):   ;
MPRINT(VAR_PROFILE):   run;

NOTE: Records processed = 336   Memory used = 511K.
NOTE: There were 336 observations read from the data set EMWS2.PART_TRAIN.
NOTE: View EMWS2.MDLCOMP_TRAIN.VIEW used (Total process time):
      real time           0.06 seconds
      cpu time            0.06 seconds
      
NOTE: There were 336 observations read from the data set EMWS2.REG_TRAIN.
NOTE: There were 336 observations read from the data set EMWS2.MDLCOMP_TRAIN.
NOTE: The data set WORK._CLASSOUT has 4 observations and 9 variables.
NOTE: PROCEDURE DMDB used (Total process time):
      real time           0.08 seconds
      cpu time            0.07 seconds
      

MPRINT(VAR_PROFILE):   proc freq data=_CLASSOUT ORDER=DATA noprint;
MPRINT(VAR_PROFILE):   table NAME / OUT = _COUNT(where=(COUNT<17));
MPRINT(VAR_PROFILE):   run;

NOTE: There were 4 observations read from the data set WORK._CLASSOUT.
NOTE: The data set WORK._COUNT has 1 observations and 3 variables.
NOTE: PROCEDURE FREQ used (Total process time):
      real time           0.01 seconds
      cpu time            0.01 seconds
      

MPRINT(VAR_PROFILE):   proc sort data=_COUNT(keep=NAME COUNT rename=(COUNT=_NUMCLASSBINS_));
MPRINT(VAR_PROFILE):   by NAME;
MPRINT(VAR_PROFILE):   run;

NOTE: There were 1 observations read from the data set WORK._COUNT.
NOTE: The data set WORK._COUNT has 1 observations and 2 variables.
NOTE: PROCEDURE SORT used (Total process time):
      real time           0.00 seconds
      cpu time            0.00 seconds
      

MPRINT(VAR_PROFILE):   proc sort data=_CLASSOUT;
MPRINT(VAR_PROFILE):   by NAME;
MPRINT(VAR_PROFILE):   run;

NOTE: There were 4 observations read from the data set WORK._CLASSOUT.
NOTE: The data set WORK._CLASSOUT has 4 observations and 9 variables.
NOTE: PROCEDURE SORT used (Total process time):
      real time           0.00 seconds
      cpu time            0.01 seconds
      

MPRINT(VAR_PROFILE):   proc transpose data=_CLASSOUT out=_DISCRETEMID(DROP=_NAME_ RENAME=(NAME=VARIABLE)) prefix=_MIDPOINT;
MPRINT(VAR_PROFILE):   var NRAW;
MPRINT(VAR_PROFILE):   by NAME;
MPRINT(VAR_PROFILE):   run;

NOTE: There were 4 observations read from the data set WORK._CLASSOUT.
NOTE: The data set WORK._DISCRETEMID has 1 observations and 5 variables.
NOTE: PROCEDURE TRANSPOSE used (Total process time):
      real time           0.00 seconds
      cpu time            0.01 seconds
      

MPRINT(VAR_PROFILE):   proc delete data=WORK._CLASSOUT;
MPRINT(VAR_PROFILE):   run;

NOTE: Deleting WORK._CLASSOUT (memtype=DATA).
NOTE: PROCEDURE DELETE used (Total process time):
      real time           0.00 seconds
      cpu time            0.00 seconds
      

MPRINT(VAR_PROFILE):   data _null_;
MPRINT(VAR_PROFILE):   dsid = open('_DISCRETEMID');
MPRINT(VAR_PROFILE):   if dsid then do;
MPRINT(VAR_PROFILE):   call symput('NUMCLASSBARS', left(trim(put(attrn(dsid, 'NVARS')-1, best12.))));
MPRINT(VAR_PROFILE):   dsid = close(dsid);
MPRINT(VAR_PROFILE):   end;
MPRINT(VAR_PROFILE):   run;

NOTE: DATA statement used (Total process time):
      real time           0.00 seconds
      cpu time            0.01 seconds
      

MPRINT(VAR_PROFILE):   data _DISCRETEMID;
MPRINT(VAR_PROFILE):   merge _DISCRETEMID _COUNT(in=_b rename=(NAME=VARIABLE));
MPRINT(VAR_PROFILE):   keep VARIABLE _MIDPOINT1--_MIDPOINT4 _NUMCLASSBINS_;
MPRINT(VAR_PROFILE):   by VARIABLE;
MPRINT(VAR_PROFILE):   if _b then output;
MPRINT(VAR_PROFILE):   run;

NOTE: There were 1 observations read from the data set WORK._DISCRETEMID.
NOTE: There were 1 observations read from the data set WORK._COUNT.
NOTE: The data set WORK._DISCRETEMID has 1 observations and 6 variables.
NOTE: DATA statement used (Total process time):
      real time           0.00 seconds
      cpu time            0.00 seconds
      

MPRINT(VAR_PROFILE):   data _EMVARDIST / view=_EMVARDIST;
MPRINT(VAR_PROFILE):   set EMWS2.MdlComp_TRAIN(keep
MPRINT(VAR_PROFILE):  =P_Sum_Labor_Force_Pop obs=1000000);
MPRINT(VAR_PROFILE):   run;

NOTE: DATA STEP view saved on file WORK._EMVARDIST.
NOTE: A stored DATA STEP view cannot run under a different operating system.
NOTE: View EMWS2.MDLCOMP_TRAIN.VIEW used (Total process time):
      real time           0.07 seconds
      cpu time            0.06 seconds
      
NOTE: DATA statement used (Total process time):
      real time           0.08 seconds
      cpu time            0.09 seconds
      

MPRINT(VAR_PROFILE):   proc stdize data=_EMVARDIST outstat=work.Score2_SUMDATA out=_null_ pctlpts=(0 5 25 50 75 95 100);
MPRINT(VAR_PROFILE):   var
MPRINT(_VARS):   P_Sum_Labor_Force_Pop
MPRINT(VAR_PROFILE):   ;
MPRINT(VAR_PROFILE):   run;

NOTE: There were 336 observations read from the data set EMWS2.PART_TRAIN.
NOTE: There were 336 observations read from the data set EMWS2.REG_TRAIN.
NOTE: View WORK._EMVARDIST.VIEW used (Total process time):
      real time           0.15 seconds
      cpu time            0.14 seconds
      
NOTE: There were 336 observations read from the data set EMWS2.MDLCOMP_TRAIN.
NOTE: There were 336 observations read from the data set WORK._EMVARDIST.
NOTE: The data set WORK.SCORE2_SUMDATA has 15 observations and 2 variables.
NOTE: PROCEDURE STDIZE used (Total process time):
      real time           0.17 seconds
      cpu time            0.15 seconds
      

MPRINT(VAR_PROFILE):   proc datasets lib=WORK NOLIST;
MPRINT(VAR_PROFILE):   delete _EMVARDIST / mt=view;
MPRINT(VAR_PROFILE):   run;

NOTE: Deleting WORK._EMVARDIST (memtype=VIEW).
MPRINT(VAR_PROFILE):   quit;

NOTE: PROCEDURE DATASETS used (Total process time):
      real time           0.00 seconds
      cpu time            0.01 seconds
      

MPRINT(VAR_PROFILE):   proc transpose data=work.Score2_SUMDATA out=_bindata(rename=(_NAME_=VARIABLE COL1=MIN COL2=P5 COL3=P95 COL4=MAX));
MPRINT(VAR_PROFILE):   where _type_ in('P0', 'P5', 'P95', 'P100');
MPRINT(VAR_PROFILE):   run;

NOTE: There were 4 observations read from the data set WORK.SCORE2_SUMDATA.
      WHERE _type_ in ('P0', 'P100', 'P5', 'P95');
NOTE: The data set WORK._BINDATA has 1 observations and 6 variables.
NOTE: PROCEDURE TRANSPOSE used (Total process time):
      real time           0.01 seconds
      cpu time            0.01 seconds
      

MPRINT(VAR_PROFILE):   proc sort data=_bindata;
MPRINT(VAR_PROFILE):   by VARIABLE;
MPRINT(VAR_PROFILE):   run;

NOTE: There were 1 observations read from the data set WORK._BINDATA.
NOTE: The data set WORK._BINDATA has 1 observations and 6 variables.
NOTE: PROCEDURE SORT used (Total process time):
      real time           0.00 seconds
      cpu time            0.00 seconds
      

MPRINT(VAR_PROFILE):   data _bindata;
MPRINT(VAR_PROFILE):   set _bindata;
MPRINT(VAR_PROFILE):   length Format $12;
MPRINT(VAR_PROFILE):   array _midpoint{28};
MPRINT(VAR_PROFILE):   array _bounds{28};
MPRINT(VAR_PROFILE):   if (max - min)>1e-10 then do;
MPRINT(VAR_PROFILE):   step = abs(P95-P5)/16;
MPRINT(VAR_PROFILE):   lstep = abs(p5- min)/5;
MPRINT(VAR_PROFILE):   ustep = abs(max-p95)/5;
MPRINT(VAR_PROFILE):   ;
MPRINT(VAR_PROFILE):   if lstep<=step and ustep<=step then do;
MPRINT(VAR_PROFILE):   step = abs(MIN-MAX)/16;
MPRINT(VAR_PROFILE):   START=MIN;
MPRINT(VAR_PROFILE):   do i=1 to 16;
MPRINT(VAR_PROFILE):   _bounds(i) = MIN + i*step;
MPRINT(VAR_PROFILE):   if abs(_bounds{i})< 1e-10 then _bounds(i)= 0;
MPRINT(VAR_PROFILE):   _midpoint(i) = MIN+ (i-0.5)*step;
MPRINT(VAR_PROFILE):   if abs(_midpoint{i})< 1e-10 then _midpoint(i)= 0;
MPRINT(VAR_PROFILE):   end;
MPRINT(VAR_PROFILE):   end;
MPRINT(VAR_PROFILE):   else do;
MPRINT(VAR_PROFILE):   if lstep<=step then do;
MPRINT(VAR_PROFILE):   step = abs(MIN-P95)/16;
MPRINT(VAR_PROFILE):   do i=1 to 16;
MPRINT(VAR_PROFILE):   _bounds(i) = MIN + i*step;
MPRINT(VAR_PROFILE):   if abs(_bounds{i})< 1e-10 then _bounds(i)= 0;
MPRINT(VAR_PROFILE):   _midpoint(i) = MIN+ (i-0.5)*step;
MPRINT(VAR_PROFILE):   if abs(_midpoint{i})< 1e-10 then _midpoint(i)= 0;
MPRINT(VAR_PROFILE):   end;
MPRINT(VAR_PROFILE):   do i=1 to 5;
MPRINT(VAR_PROFILE):   numbars = 16 + i;
MPRINT(VAR_PROFILE):   _bounds(numbars) = P95 + i*ustep;
MPRINT(VAR_PROFILE):   if abs(_bounds{numbars})< 1e-10 then _bounds(numbars)= 0;
MPRINT(VAR_PROFILE):   _midpoint(numbars) = P95 + (i-0.5)*ustep + abs(ustep-step)/2;
MPRINT(VAR_PROFILE):   if abs(_bounds{numbars})< 1e-10 then _bounds(numbars)= 0;
MPRINT(VAR_PROFILE):   end;
MPRINT(VAR_PROFILE):   end;
MPRINT(VAR_PROFILE):   else do;
MPRINT(VAR_PROFILE):   do i=1 to 5;
MPRINT(VAR_PROFILE):   _bounds(i) = P5 - (5-i)*lstep;
MPRINT(VAR_PROFILE):   if abs(_bounds{i})< 1e-10 then _bounds(i)= 0;
MPRINT(VAR_PROFILE):   _midpoint(i) = P5 - (5 - i + 0.5)*lstep - abs(lstep-step)/2;
MPRINT(VAR_PROFILE):   if abs(_midpoint{i})< 1e-10 then _midpoint(i)= 0;
MPRINT(VAR_PROFILE):   end;
MPRINT(VAR_PROFILE):   if ustep<= step then do;
MPRINT(VAR_PROFILE):   step = abs(P5-MAX)/16;
MPRINT(VAR_PROFILE):   do i=1 to 16;
MPRINT(VAR_PROFILE):   numbars = i+5;
MPRINT(VAR_PROFILE):   _bounds(numbars) = P5 + i*step;
MPRINT(VAR_PROFILE):   if abs(_bounds{numbars})< 1e-10 then _bounds(numbars)= 0;
MPRINT(VAR_PROFILE):   _midpoint(numbars) = P5 + (i-0.5)*step;
MPRINT(VAR_PROFILE):   if abs(_midpoint{numbars})< 1e-10 then _midpoint(numbars)= 0;
MPRINT(VAR_PROFILE):   end;
MPRINT(VAR_PROFILE):   end;
MPRINT(VAR_PROFILE):   else do;
MPRINT(VAR_PROFILE):   do i=1 to 16;
MPRINT(VAR_PROFILE):   numbars = i+5;
MPRINT(VAR_PROFILE):   _bounds(numbars) = P5 + i*step;
MPRINT(VAR_PROFILE):   if abs(_bounds{numbars})< 1e-10 then _bounds(numbars)= 0;
MPRINT(VAR_PROFILE):   _midpoint(numbars) = P5 + (i-0.5)*step;
MPRINT(VAR_PROFILE):   if abs(_midpoint{numbars})< 1e-10 then _midpoint(numbars)= 0;
MPRINT(VAR_PROFILE):   end;
MPRINT(VAR_PROFILE):   do i=1 to 5;
MPRINT(VAR_PROFILE):   numbars = 16+5+i;
MPRINT(VAR_PROFILE):   _bounds(numbars) = P95 + i*ustep;
MPRINT(VAR_PROFILE):   if abs(_bounds{numbars})< 1e-10 then _bounds(numbars)= 0;
MPRINT(VAR_PROFILE):   _midpoint(numbars) = P95 + (i-0.5)*ustep + abs(ustep-step)/2;
MPRINT(VAR_PROFILE):  if abs(_midpoint{numbars})< 1e-10 then _midpoint(numbars)= 0;
MPRINT(VAR_PROFILE):   end;
MPRINT(VAR_PROFILE):   end;
MPRINT(VAR_PROFILE):   end;
MPRINT(VAR_PROFILE):   end;
MPRINT(VAR_PROFILE):   end;
MPRINT(VAR_PROFILE):   else do;
MPRINT(VAR_PROFILE):   _bounds(1) = MIN;
MPRINT(VAR_PROFILE):   _midpoint(1) = MIN;
MPRINT(VAR_PROFILE):   end;
MPRINT(VAR_PROFILE):   Format = 'F'!!trim(left(put(_n_,6.)))!!'_';
MPRINT(VAR_PROFILE):   run;

NOTE: There were 1 observations read from the data set WORK._BINDATA.
NOTE: The data set WORK._BINDATA has 1 observations and 69 variables.
NOTE: DATA statement used (Total process time):
      real time           0.00 seconds
      cpu time            0.01 seconds
      

MPRINT(VAR_PROFILE):   data _bindata;
MPRINT(VAR_PROFILE):   merge _bindata _DISCRETEMID(in = _b);
MPRINT(VAR_PROFILE):   by VARIABLE;
MPRINT(VAR_PROFILE):   if _b then _DISCRETE=1;
MPRINT(VAR_PROFILE):   else _DISCRETE=0;
MPRINT(VAR_PROFILE):   run;

WARNING: Multiple lengths were specified for the BY variable VARIABLE by input data sets. This might cause unexpected results.
NOTE: There were 1 observations read from the data set WORK._BINDATA.
NOTE: There were 1 observations read from the data set WORK._DISCRETEMID.
NOTE: The data set WORK._BINDATA has 1 observations and 71 variables.
NOTE: DATA statement used (Total process time):
      real time           0.00 seconds
      cpu time            0.01 seconds
      

MPRINT(VAR_PROFILE):   data _null_;
MPRINT(VAR_PROFILE):   file fref;
MPRINT(VAR_PROFILE):   set _bindata end=eof;
MPRINT(VAR_PROFILE):   array _bounds{26};
MPRINT(VAR_PROFILE):   array _midpoint{26};
MPRINT(VAR_PROFILE):   if _n_=1 then put 'proc format;';
MPRINT(VAR_PROFILE):   put 'value ' Format;
MPRINT(VAR_PROFILE):   if _DISCRETE then do;
MPRINT(VAR_PROFILE):   do i=1 to 16;
MPRINT(VAR_PROFILE):   _MID = _midpoint{i};
MPRINT(VAR_PROFILE):   if _MID ne . and i<= _NUMCLASSBINS_ then put _MID '="' _MID '"';
MPRINT(VAR_PROFILE):   end;
MPRINT(VAR_PROFILE):   put ';';
MPRINT(VAR_PROFILE):   end;
MPRINT(VAR_PROFILE):   else do;
MPRINT(VAR_PROFILE):   if min eq max then do;
MPRINT(VAR_PROFILE):   put 'low - high ="' MIN '";';
MPRINT(VAR_PROFILE):   end;
MPRINT(VAR_PROFILE):   else do;
MPRINT(VAR_PROFILE):   _LB = MIN;
MPRINT(VAR_PROFILE):   _MID = _midpoint{1};
MPRINT(VAR_PROFILE):   _UB = _bounds{1};
MPRINT(VAR_PROFILE):   put 'LOW -' _UB '="' _MID '"';
MPRINT(VAR_PROFILE):   do i=1 to 26-1;
MPRINT(VAR_PROFILE):   _LB = _bounds{i};
MPRINT(VAR_PROFILE):   j=i+1;
MPRINT(VAR_PROFILE):   _MID = _midpoint{j};
MPRINT(VAR_PROFILE):   _UB = _bounds{j};
MPRINT(VAR_PROFILE):   if (_UB ne .) and (_LB ne _UB) then do;
MPRINT(VAR_PROFILE):   if _UB>=MAX then put _LB '-HIGH="' _MID '"';
MPRINT(VAR_PROFILE):   else put _LB '-' _UB '="' _MID '"';
MPRINT(VAR_PROFILE):   end;
MPRINT(VAR_PROFILE):   end;
MPRINT(VAR_PROFILE):   end;
MPRINT(VAR_PROFILE):   end;
MPRINT(VAR_PROFILE):   put ';';
MPRINT(VAR_PROFILE):   if eof then put 'run;';
MPRINT(VAR_PROFILE):   run;

NOTE: The file FREF is:
      Catalog Name=WORK.EM.PROFILEFORMAT.SOURCE,
      Catalog Page Size=4096,
      Number of Catalog Pages=4,
      Created=Tue, Nov 26, 2019 03:41:58 PM,
      Last Modified=Tue, Nov 26, 2019 03:41:58 PM,
      Filename=C:\Users\student\AppData\Local\Temp\SAS Temporary Files\_TD31604_830-5CG9310VLM_\Prc2\em.sas7bcat,
      Release Created=9.0401M4,
      Host Created=X64_10PRO,
      Owner Name=830-5CG9310VLM\student,
      File Size=             5KB,
      File Size (bytes)=5120

NOTE: 9 records were written to the file FREF.
      The minimum record length was 1.
      The maximum record length was 29.
NOTE: There were 1 observations read from the data set WORK._BINDATA.
NOTE: DATA statement used (Total process time):
      real time           0.00 seconds
      cpu time            0.00 seconds
      

NOTE: %INCLUDE (level 1) file FREF is file WORK.EM.PROFILEFORMAT.SOURCE.
32484     +proc format;
MPRINT(VAR_PROFILE):   proc format;
32485     +value F1_
32486     +1083534.0909 ="1083534.0909 "
32487     +3744154.7619 ="3744154.7619 "
32488     +9464920 ="9464920 "
32489     +12847651.685 ="12847651.685 "
32490     +;
MPRINT(VAR_PROFILE):   value F1_ 1083534.0909 ="1083534.0909 " 3744154.7619 ="3744154.7619 " 9464920 ="9464920 " 12847651.685 ="12847651.685 " ;
NOTE: Format F1_ has been output.
MPRINT(VAR_PROFILE):   ;
MPRINT(VAR_PROFILE):   run;
32491     +;
32492     +run;

NOTE: PROCEDURE FORMAT used (Total process time):
      real time           0.00 seconds
      cpu time            0.00 seconds
      

NOTE: %INCLUDE (level 1) ending.
MPRINT(VAR_PROFILE):   filename fref;
NOTE: Fileref FREF has been deassigned.
MPRINT(VAR_PROFILE):   data _binneddata / view=_binneddata;
MPRINT(VAR_PROFILE):   set EMWS2.MdlComp_TRAIN(obs=1000000);
MPRINT(VAR_PROFILE):   format P_Sum_Labor_Force_Pop F1_. ;
MPRINT(VAR_PROFILE):   run;

NOTE: DATA STEP view saved on file WORK._BINNEDDATA.
NOTE: A stored DATA STEP view cannot run under a different operating system.
NOTE: View EMWS2.MDLCOMP_TRAIN.VIEW used (Total process time):
      real time           0.07 seconds
      cpu time            0.07 seconds
      
NOTE: DATA statement used (Total process time):
      real time           0.08 seconds
      cpu time            0.07 seconds
      

MPRINT(VAR_PROFILE):   proc dmdb data=_binneddata(obs=1000000) classout=_temptab(rename=(NAME=VARIABLE FREQUENCY=COUNT FREQPERCENT=PERCENT));
MPRINT(VAR_PROFILE):   class
MPRINT(_VARS):   P_Sum_Labor_Force_Pop
MPRINT(VAR_PROFILE):   ;
MPRINT(VAR_PROFILE):   run;

NOTE: Records processed = 336   Memory used = 511K.
NOTE: There were 336 observations read from the data set EMWS2.PART_TRAIN.
NOTE: There were 336 observations read from the data set EMWS2.REG_TRAIN.
NOTE: View WORK._BINNEDDATA.VIEW used (Total process time):
      real time           0.08 seconds
      cpu time            0.07 seconds
      
NOTE: There were 336 observations read from the data set EMWS2.MDLCOMP_TRAIN.
NOTE: There were 336 observations read from the data set WORK._BINNEDDATA.
NOTE: The data set WORK._TEMPTAB has 4 observations and 9 variables.
NOTE: PROCEDURE DMDB used (Total process time):
      real time           0.11 seconds
      cpu time            0.12 seconds
      

MPRINT(VAR_PROFILE):   data work.Score2_VARHIST;
MPRINT(VAR_PROFILE):   label VALUE = "Value";
MPRINT(VAR_PROFILE):   label VARIABLE = "Variable";
MPRINT(VAR_PROFILE):   label COUNT = "Frequency Count";
MPRINT(VAR_PROFILE):   label PERCENT = "Percent";
MPRINT(VAR_PROFILE):   set _temptab;
MPRINT(VAR_PROFILE):   format VALUE 12.3 count;
MPRINT(VAR_PROFILE):   value = inputn(level, 'best12.');
MPRINT(VAR_PROFILE):   keep VARIABLE COUNT PERCENT VALUE;
MPRINT(VAR_PROFILE):   run;

NOTE: There were 4 observations read from the data set WORK._TEMPTAB.
NOTE: The data set WORK.SCORE2_VARHIST has 4 observations and 4 variables.
NOTE: DATA statement used (Total process time):
      real time           0.01 seconds
      cpu time            0.01 seconds
      

MPRINT(VAR_PROFILE):   proc datasets lib=work nolist mt=(DATA VIEW);
MPRINT(VAR_PROFILE):   delete _TEMPTAB _BINNEDDATA _MINMAXDATA;
MPRINT(VAR_PROFILE):   run;

NOTE: The file WORK._MINMAXDATA (memtype=(DATA VIEW)) was not found, but appears on a DELETE statement.
NOTE: Deleting WORK._TEMPTAB (memtype=DATA).
NOTE: Deleting WORK._BINNEDDATA (memtype=VIEW).
MPRINT(VAR_PROFILE):   quit;

NOTE: PROCEDURE DATASETS used (Total process time):
      real time           0.01 seconds
      cpu time            0.00 seconds
      

MPRINT(EM_DIAGRAM):  ;

32493      data work.Score2_VARHIST;
MPRINT(EM_DIAGRAM):    data work.Score2_VARHIST;
32494      length DATAROLE $8 TYPE $14;
MPRINT(EM_DIAGRAM):   length DATAROLE $8 TYPE $14;
32495      retain DATAROLE "TRAIN" TYPE "";
MPRINT(EM_DIAGRAM):   retain DATAROLE "TRAIN" TYPE "";
32496      set work.Score2_VARHIST(rename=(VALUE=X));
MPRINT(EM_DIAGRAM):   set work.Score2_VARHIST(rename=(VALUE=X));
32497      run;
MPRINT(EM_DIAGRAM):   run;

NOTE: There were 4 observations read from the data set WORK.SCORE2_VARHIST.
NOTE: The data set WORK.SCORE2_VARHIST has 4 observations and 6 variables.
NOTE: DATA statement used (Total process time):
      real time           0.00 seconds
      cpu time            0.00 seconds
      

32498      proc append base=work.Score2_HIST data=work.Score2_VARHIST;
MPRINT(EM_DIAGRAM):   proc append base=work.Score2_HIST data=work.Score2_VARHIST;
32499      run;
MPRINT(EM_DIAGRAM):   run;

NOTE: Appending WORK.SCORE2_VARHIST to WORK.SCORE2_HIST.
NOTE: BASE data set does not exist. DATA file is being copied to BASE file.
NOTE: There were 4 observations read from the data set WORK.SCORE2_VARHIST.
NOTE: The data set WORK.SCORE2_HIST has 4 observations and 6 variables.
NOTE: PROCEDURE APPEND used (Total process time):
      real time           0.00 seconds
      cpu time            0.00 seconds
      

32500      proc transpose data=work.Score2_SUMDATA out=work.Score2_SUMDATA( rename=(_NAME_=VARIABLE _LABEL_=LABEL LOCATION=MEAN SCALE=STD P0=MIN P50=MEDIAN P100=MAX));
MPRINT(EM_DIAGRAM):    proc transpose data=work.Score2_SUMDATA out=work.Score2_SUMDATA( rename=(_NAME_=VARIABLE _LABEL_=LABEL LOCATION=MEAN SCALE=STD P0=MIN P50=MEDIAN P100=MAX));
32501      where _TYPE_ in('LOCATION' 'SCALE' 'N' 'P0' 'P25' 'P50' 'P75' 'P100');
MPRINT(EM_DIAGRAM):   where _TYPE_ in('LOCATION' 'SCALE' 'N' 'P0' 'P25' 'P50' 'P75' 'P100');
32502      id _type_;
MPRINT(EM_DIAGRAM):   id _type_;
32503      run;
MPRINT(EM_DIAGRAM):   run;

NOTE: There were 8 observations read from the data set WORK.SCORE2_SUMDATA.
      WHERE _TYPE_ in ('LOCATION', 'N', 'P0', 'P100', 'P25', 'P50', 'P75', 'SCALE');
NOTE: The data set WORK.SCORE2_SUMDATA has 1 observations and 10 variables.
NOTE: PROCEDURE TRANSPOSE used (Total process time):
      real time           0.01 seconds
      cpu time            0.00 seconds
      

32504      data work.Score2_SUMDATA;
MPRINT(EM_DIAGRAM):   data work.Score2_SUMDATA;
32505      length DATAROLE $8 TYPE $14;
MPRINT(EM_DIAGRAM):   length DATAROLE $8 TYPE $14;
32506      retain DATAROLE "TRAIN" Type "";
MPRINT(EM_DIAGRAM):   retain DATAROLE "TRAIN" Type "";
32507      set work.Score2_SUMDATA;
MPRINT(EM_DIAGRAM):   set work.Score2_SUMDATA;
32508      run;
MPRINT(EM_DIAGRAM):   run;

NOTE: There were 1 observations read from the data set WORK.SCORE2_SUMDATA.
NOTE: The data set WORK.SCORE2_SUMDATA has 1 observations and 12 variables.
NOTE: DATA statement used (Total process time):
      real time           0.00 seconds
      cpu time            0.00 seconds
      

32509      proc append base=WORK.Score2STAT data=work.Score2_SUMDATA;
MPRINT(EM_DIAGRAM):   proc append base=WORK.Score2STAT data=work.Score2_SUMDATA;
32510      run;
MPRINT(EM_DIAGRAM):   run;

NOTE: Appending WORK.SCORE2_SUMDATA to WORK.SCORE2STAT.
NOTE: BASE data set does not exist. DATA file is being copied to BASE file.
NOTE: There were 1 observations read from the data set WORK.SCORE2_SUMDATA.
NOTE: The data set WORK.SCORE2STAT has 1 observations and 12 variables.
NOTE: PROCEDURE APPEND used (Total process time):
      real time           0.00 seconds
      cpu time            0.01 seconds
      

32511      data WORK.SCOREFREQMETA;
MPRINT(EM_DIAGRAM):    data WORK.SCOREFREQMETA;
32512      length NAME $32 ROLE $32 LEVEL $8;
MPRINT(EM_DIAGRAM):   length NAME $32 ROLE $32 LEVEL $8;
32513      NAME="b_Sum_Labor_Force_";
MPRINT(EM_DIAGRAM):   NAME="b_Sum_Labor_Force_";
32514      ROLE="INPUT";
MPRINT(EM_DIAGRAM):   ROLE="INPUT";
32515      LEVEL="NOMINAL";
MPRINT(EM_DIAGRAM):   LEVEL="NOMINAL";
32516      TYPE="N";
MPRINT(EM_DIAGRAM):   TYPE="N";
32517      output;
MPRINT(EM_DIAGRAM):   output;
32518      run;
MPRINT(EM_DIAGRAM):   run;

NOTE: The data set WORK.SCOREFREQMETA has 1 observations and 4 variables.
NOTE: DATA statement used (Total process time):
      real time           0.00 seconds
      cpu time            0.01 seconds
      

32519      data WORK.SCOREHISTMETA;
MPRINT(EM_DIAGRAM):    data WORK.SCOREHISTMETA;
32520      length NAME $32 ROLE $32 LEVEL $8;
MPRINT(EM_DIAGRAM):   length NAME $32 ROLE $32 LEVEL $8;
32521      NAME="P_Sum_Labor_Force_Pop";
MPRINT(EM_DIAGRAM):   NAME="P_Sum_Labor_Force_Pop";
32522      ROLE="INPUT";
MPRINT(EM_DIAGRAM):   ROLE="INPUT";
32523      LEVEL="INTERVAL";
MPRINT(EM_DIAGRAM):   LEVEL="INTERVAL";
32524      TYPE="N";
MPRINT(EM_DIAGRAM):   TYPE="N";
32525      output;
MPRINT(EM_DIAGRAM):   output;
32526      run;
MPRINT(EM_DIAGRAM):   run;

NOTE: The data set WORK.SCOREHISTMETA has 1 observations and 4 variables.
NOTE: DATA statement used (Total process time):
      real time           0.00 seconds
      cpu time            0.00 seconds
      

NOTE: View EMWS2.MDLCOMP_VALIDATE.VIEW used (Total process time):
      real time           0.08 seconds
      cpu time            0.07 seconds
      
32527      ods listing close;
MPRINT(EM_DIAGRAM):    ods listing close;
32528      ods output onewayfreqs=WORK.TEMPFREQ;
MPRINT(EM_DIAGRAM):   ods output onewayfreqs=WORK.TEMPFREQ;
32529      proc freq data = EMWS2.MdlComp_VALIDATE order=formatted addnames;
MPRINT(EM_DIAGRAM):   proc freq data = EMWS2.MdlComp_VALIDATE order=formatted addnames;
32530      table b_Sum_Labor_Force_ / missing;
MPRINT(EM_DIAGRAM):   table b_Sum_Labor_Force_ / missing;
32531      run;
MPRINT(EM_DIAGRAM):   run;

NOTE: There were 252 observations read from the data set EMWS2.PART_VALIDATE.
NOTE: View EMWS2.MDLCOMP_VALIDATE.VIEW used (Total process time):
      real time           0.07 seconds
      cpu time            0.07 seconds
      
NOTE: There were 252 observations read from the data set EMWS2.REG_VALIDATE.
NOTE: The data set WORK.TEMPFREQ has 7 observations and 8 variables.
NOTE: There were 252 observations read from the data set EMWS2.MDLCOMP_VALIDATE.
NOTE: PROCEDURE FREQ used (Total process time):
      real time           0.09 seconds
      cpu time            0.09 seconds
      

MPRINT(EM_DIAGRAM):   quit;
32532      quit;
32533      ods listing;
MPRINT(EM_DIAGRAM):   ods listing;
32534      data WORK.Score2_BAR(keep=_VARIABLE_ TYPE COUNT PERCENT _X_ _XLABEL_);
MPRINT(EM_DIAGRAM):    data WORK.Score2_BAR(keep=_VARIABLE_ TYPE COUNT PERCENT _X_ _XLABEL_);
32535      label _VARIABLE_ = "%sysfunc(sasmsg(sashelp.dmine, rpt_variable_vlabel, NOQUOTE))" Type = "%sysfunc(sasmsg(sashelp.dmine, rpt_type_vlabel,         NOQUOTE))" _X_ = "%sysfunc(sasmsg(sashelp.dmine, rpt_numValue_vlabel, NOQUOTE))" _XLABEL_ =
32536         "%sysfunc(sasmsg(sashelp.dmine, rpt_fmtValue_vlabel ,    NOQUOTE))" COUNT = "%sysfunc(sasmsg(sashelp.dmine, rpt_count_vlabel,        NOQUOTE))" PERCENT = "%sysfunc(sasmsg(sashelp.dmine, rpt_percent_vlabel,      NOQUOTE))";
MPRINT(EM_DIAGRAM):   label _VARIABLE_ = "Variable" Type = "Type" _X_ = "Numeric Value" _XLABEL_ = "Formatted Value" COUNT = "Frequency Count" PERCENT = "Percent";
32537      dsid = open("WORK.TEMPFREQ");
MPRINT(EM_DIAGRAM):   dsid = open("WORK.TEMPFREQ");
32538      varnum = varnum(dsid, 'VARIABLE');
MPRINT(EM_DIAGRAM):   varnum = varnum(dsid, 'VARIABLE');
32539      freqnum = varnum(dsid, 'FREQUENCY');
MPRINT(EM_DIAGRAM):   freqnum = varnum(dsid, 'FREQUENCY');
32540      pvarnum = varnum(dsid, 'PERCENT');
MPRINT(EM_DIAGRAM):   pvarnum = varnum(dsid, 'PERCENT');
32541      typenum = varnum(dsid, '_TYPE_');
MPRINT(EM_DIAGRAM):   typenum = varnum(dsid, '_TYPE_');
32542      length _VARIABLE_ $32 TYPE $1 _XLABEL_ $32;
MPRINT(EM_DIAGRAM):   length _VARIABLE_ $32 TYPE $1 _XLABEL_ $32;
32543      do while(^fetch(dsid));
MPRINT(EM_DIAGRAM):   do while(^fetch(dsid));
32544      _VARIABLE_ = strip(getvarc(dsid, varnum));
MPRINT(EM_DIAGRAM):   _VARIABLE_ = strip(getvarc(dsid, varnum));
32545      count = getvarn(dsid, freqnum);
MPRINT(EM_DIAGRAM):   count = getvarn(dsid, freqnum);
32546      percent= getvarn(dsid, pvarnum);
MPRINT(EM_DIAGRAM):   percent= getvarn(dsid, pvarnum);
32547      vvarnum = varnum(dsid, _VARIABLE_);
MPRINT(EM_DIAGRAM):   vvarnum = varnum(dsid, _VARIABLE_);
32548      type = vartype(dsid, vvarnum);
MPRINT(EM_DIAGRAM):   type = vartype(dsid, vvarnum);
32549      fvarnum = varnum(dsid, 'F_'!!substr(_VARIABLE_, 1, 30));
MPRINT(EM_DIAGRAM):   fvarnum = varnum(dsid, 'F_'!!substr(_VARIABLE_, 1, 30));
32550      _XLABEL_ = left(getvarc(dsid, fvarnum));
MPRINT(EM_DIAGRAM):   _XLABEL_ = left(getvarc(dsid, fvarnum));
32551      _X_ = .;
MPRINT(EM_DIAGRAM):   _X_ = .;
32552      if TYPE eq 'N' then _X_ = getvarn(dsid, vvarnum);
MPRINT(EM_DIAGRAM):   if TYPE eq 'N' then _X_ = getvarn(dsid, vvarnum);
32553      output;
MPRINT(EM_DIAGRAM):   output;
32554      end;
MPRINT(EM_DIAGRAM):   end;
32555      dsid = close(dsid);
MPRINT(EM_DIAGRAM):   dsid = close(dsid);
32556      run;
MPRINT(EM_DIAGRAM):   run;

NOTE: The data set WORK.SCORE2_BAR has 7 observations and 6 variables.
NOTE: DATA statement used (Total process time):
      real time           0.01 seconds
      cpu time            0.01 seconds
      

32557      proc sort data=WORK.Score2_BAR NOTHREADS;
MPRINT(EM_DIAGRAM):   proc sort data=WORK.Score2_BAR NOTHREADS;
32558      by _VARIABLE_;
MPRINT(EM_DIAGRAM):   by _VARIABLE_;
32559      run;
MPRINT(EM_DIAGRAM):   run;

NOTE: There were 7 observations read from the data set WORK.SCORE2_BAR.
NOTE: The data set WORK.SCORE2_BAR has 7 observations and 6 variables.
NOTE: PROCEDURE SORT used (Total process time):
      real time           0.00 seconds
      cpu time            0.01 seconds
      

32560      proc sort data=WORK.M2KCL76S;
MPRINT(EM_DIAGRAM):   proc sort data=WORK.M2KCL76S;
32561      by Name;
MPRINT(EM_DIAGRAM):   by Name;
32562      run;
MPRINT(EM_DIAGRAM):   run;

NOTE: There were 1 observations read from the data set WORK.M2KCL76S.
NOTE: The data set WORK.M2KCL76S has 1 observations and 4 variables.
NOTE: PROCEDURE SORT used (Total process time):
      real time           0.00 seconds
      cpu time            0.00 seconds
      

32563      data WORK.Score2_BAR;
MPRINT(EM_DIAGRAM):   data WORK.Score2_BAR;
32564      merge WORK.Score2_BAR(in=_a) WORK.M2KCL76S(keep=Name Role rename=(Name=_Variable_));
MPRINT(EM_DIAGRAM):   merge WORK.Score2_BAR(in=_a) WORK.M2KCL76S(keep=Name Role rename=(Name=_Variable_));
32565      by _Variable_;
MPRINT(EM_DIAGRAM):   by _Variable_;
32566      label Role = "%sysfunc(sasmsg(sashelp.dmine, meta_role_vlabel ,  NOQUOTE))";
MPRINT(EM_DIAGRAM):   label Role = "Role";
32567      if _a then output;
MPRINT(EM_DIAGRAM):   if _a then output;
32568      run;
MPRINT(EM_DIAGRAM):   run;

NOTE: There were 7 observations read from the data set WORK.SCORE2_BAR.
NOTE: There were 1 observations read from the data set WORK.M2KCL76S.
NOTE: The data set WORK.SCORE2_BAR has 7 observations and 7 variables.
NOTE: DATA statement used (Total process time):
      real time           0.00 seconds
      cpu time            0.00 seconds
      

32569      data WORK.Score2_BAR;
MPRINT(EM_DIAGRAM):    data WORK.Score2_BAR;
32570      length DATAROLE $8 TYPE $14;
MPRINT(EM_DIAGRAM):   length DATAROLE $8 TYPE $14;
32571      retain DATAROLE "VALIDATE";
MPRINT(EM_DIAGRAM):   retain DATAROLE "VALIDATE";
32572      set WORK.Score2_BAR;
MPRINT(EM_DIAGRAM):   set WORK.Score2_BAR;
32573      run;
MPRINT(EM_DIAGRAM):   run;

NOTE: There were 7 observations read from the data set WORK.SCORE2_BAR.
NOTE: The data set WORK.SCORE2_BAR has 7 observations and 8 variables.
NOTE: DATA statement used (Total process time):
      real time           0.00 seconds
      cpu time            0.01 seconds
      

32574      proc append base=EMWS2.Score2_BAR data=WORK.Score2_BAR;
MPRINT(EM_DIAGRAM):   proc append base=EMWS2.Score2_BAR data=WORK.Score2_BAR;
32575      run;
MPRINT(EM_DIAGRAM):   run;

NOTE: Appending WORK.SCORE2_BAR to EMWS2.SCORE2_BAR.
NOTE: There were 7 observations read from the data set WORK.SCORE2_BAR.
NOTE: 7 observations added.
NOTE: The data set EMWS2.SCORE2_BAR has 14 observations and 8 variables.
NOTE: PROCEDURE APPEND used (Total process time):
      real time           0.00 seconds
      cpu time            0.00 seconds
      

32576      %var_profile(DATA=EMWS2.MdlComp_VALIDATE, OUTPUT=work.Score2_VARHIST, METADATA=WORK.SCOREHISTMETA, COMPUTESTAT=N, BINDATA=_bindata, STAT=_STAT, PCTLSTAT=work.Score2_SUMDATA, FREQ=, BIN=Y, NUMBARS= 16);
MPRINT(EM_DIAGRAM):   
*------------------------------------------------------------*
* Score2: Computing Summary Statistics
*------------------------------------------------------------*
MPRINT(VAR_PROFILE):   filename _mac catalog 'WORK.MACROS.VARIABLES.SOURCE';
MPRINT(VAR_PROFILE):   data _null;
MPRINT(VAR_PROFILE):   set WORK.SCOREHISTMETA(where=(LEVEL = 'INTERVAL' and ROLE ne 'FREQ')) end=eof;
MPRINT(VAR_PROFILE):   if eof then call symput('_nobs', put(_N_, best.));
MPRINT(VAR_PROFILE):   run;

NOTE: There were 1 observations read from the data set WORK.SCOREHISTMETA.
      WHERE (LEVEL='INTERVAL') and (ROLE not = 'FREQ');
NOTE: The data set WORK._NULL has 1 observations and 4 variables.
NOTE: DATA statement used (Total process time):
      real time           0.00 seconds
      cpu time            0.00 seconds
      

MPRINT(VAR_PROFILE):   data _null_;
MPRINT(VAR_PROFILE):   file _mac;
MPRINT(VAR_PROFILE):   length _VARS $80;
MPRINT(VAR_PROFILE):   retain _vars;
MPRINT(VAR_PROFILE):   if _n_ =1 then put '%macro _vars;';
MPRINT(VAR_PROFILE):   set WORK.SCOREHISTMETA end=eof;
MPRINT(VAR_PROFILE):   where LEVEL = 'INTERVAL' or ROLE='FREQ';
MPRINT(VAR_PROFILE):   if ROLE='FREQ' then call symput('FREQ', trim(NAME));
MPRINT(VAR_PROFILE):   else do;
MPRINT(VAR_PROFILE):   if length(strip(_vars)) + length(strip(NAME)) + 1 <80 then _vars = strip(_vars)!! ' ' !!strip(NAME);
MPRINT(VAR_PROFILE):   else do;
MPRINT(VAR_PROFILE):   put _Vars;
MPRINT(VAR_PROFILE):   _vars = strip(NAME);
MPRINT(VAR_PROFILE):   end;
MPRINT(VAR_PROFILE):   end;
MPRINT(VAR_PROFILE):   if eof then do;
MPRINT(VAR_PROFILE):   put _Vars;
MPRINT(VAR_PROFILE):   put '%mend _vars;';
MPRINT(VAR_PROFILE):   end;
MPRINT(VAR_PROFILE):   run;

NOTE: The file _MAC is:
      Catalog Name=WORK.MACROS.VARIABLES.SOURCE,
      Catalog Page Size=4096,
      Number of Catalog Pages=5,
      Created=Tue, Nov 26, 2019 03:41:57 PM,
      Last Modified=Tue, Nov 26, 2019 03:41:57 PM,
      Filename=C:\Users\student\AppData\Local\Temp\SAS Temporary Files\_TD31604_830-5CG9310VLM_\Prc2\macros.sas7bcat,
      Release Created=9.0401M4,
      Host Created=X64_10PRO,
      Owner Name=830-5CG9310VLM\student,
      File Size=            17KB,
      File Size (bytes)=17408

NOTE: 3 records were written to the file _MAC.
      The minimum record length was 12.
      The maximum record length was 21.
NOTE: There were 1 observations read from the data set WORK.SCOREHISTMETA.
      WHERE (LEVEL='INTERVAL') or (ROLE='FREQ');
NOTE: DATA statement used (Total process time):
      real time           0.00 seconds
      cpu time            0.00 seconds
      

NOTE: %INCLUDE (level 1) file _MAC is file WORK.MACROS.VARIABLES.SOURCE.
32577     +%macro _vars;
32578     +P_Sum_Labor_Force_Pop
32579     +%mend _vars;
NOTE: %INCLUDE (level 1) ending.
MPRINT(VAR_PROFILE):   filename _mac;
NOTE: Fileref _MAC has been deassigned.
MPRINT(VAR_PROFILE):   data _binneddata / view=_binneddata;
MPRINT(VAR_PROFILE):   set EMWS2.MdlComp_VALIDATE(obs=1000000);
MPRINT(VAR_PROFILE):   format P_Sum_Labor_Force_Pop F1_. ;
MPRINT(VAR_PROFILE):   run;

NOTE: DATA STEP view saved on file WORK._BINNEDDATA.
NOTE: A stored DATA STEP view cannot run under a different operating system.
NOTE: View EMWS2.MDLCOMP_VALIDATE.VIEW used (Total process time):
      real time           0.06 seconds
      cpu time            0.06 seconds
      
NOTE: DATA statement used (Total process time):
      real time           0.08 seconds
      cpu time            0.07 seconds
      

MPRINT(VAR_PROFILE):   proc dmdb data=_binneddata(obs=1000000) classout=_temptab(rename=(NAME=VARIABLE FREQUENCY=COUNT FREQPERCENT=PERCENT));
MPRINT(VAR_PROFILE):   class
MPRINT(_VARS):   P_Sum_Labor_Force_Pop
MPRINT(VAR_PROFILE):   ;
MPRINT(VAR_PROFILE):   run;

NOTE: Records processed = 252   Memory used = 511K.
NOTE: There were 252 observations read from the data set EMWS2.PART_VALIDATE.
NOTE: There were 252 observations read from the data set EMWS2.REG_VALIDATE.
NOTE: View WORK._BINNEDDATA.VIEW used (Total process time):
      real time           0.09 seconds
      cpu time            0.07 seconds
      
NOTE: There were 252 observations read from the data set EMWS2.MDLCOMP_VALIDATE.
NOTE: There were 252 observations read from the data set WORK._BINNEDDATA.
NOTE: The data set WORK._TEMPTAB has 4 observations and 9 variables.
NOTE: PROCEDURE DMDB used (Total process time):
      real time           0.12 seconds
      cpu time            0.14 seconds
      

MPRINT(VAR_PROFILE):   data work.Score2_VARHIST;
MPRINT(VAR_PROFILE):   label VALUE = "Value";
MPRINT(VAR_PROFILE):   label VARIABLE = "Variable";
MPRINT(VAR_PROFILE):   label COUNT = "Frequency Count";
MPRINT(VAR_PROFILE):   label PERCENT = "Percent";
MPRINT(VAR_PROFILE):   set _temptab;
MPRINT(VAR_PROFILE):   format VALUE 12.3 count;
MPRINT(VAR_PROFILE):   value = inputn(level, 'best12.');
MPRINT(VAR_PROFILE):   keep VARIABLE COUNT PERCENT VALUE;
MPRINT(VAR_PROFILE):   run;

NOTE: There were 4 observations read from the data set WORK._TEMPTAB.
NOTE: The data set WORK.SCORE2_VARHIST has 4 observations and 4 variables.
NOTE: DATA statement used (Total process time):
      real time           0.01 seconds
      cpu time            0.01 seconds
      

MPRINT(VAR_PROFILE):   proc datasets lib=work nolist mt=(DATA VIEW);
MPRINT(VAR_PROFILE):   delete _TEMPTAB _BINNEDDATA _MINMAXDATA;
MPRINT(VAR_PROFILE):   run;

NOTE: The file WORK._MINMAXDATA (memtype=(DATA VIEW)) was not found, but appears on a DELETE statement.
NOTE: Deleting WORK._TEMPTAB (memtype=DATA).
NOTE: Deleting WORK._BINNEDDATA (memtype=VIEW).
MPRINT(VAR_PROFILE):   quit;

NOTE: PROCEDURE DATASETS used (Total process time):
      real time           0.01 seconds
      cpu time            0.00 seconds
      

MPRINT(EM_DIAGRAM):  ;

32580      data work.Score2_VARHIST;
MPRINT(EM_DIAGRAM):    data work.Score2_VARHIST;
32581      length DATAROLE $8 TYPE $14;
MPRINT(EM_DIAGRAM):   length DATAROLE $8 TYPE $14;
32582      retain DATAROLE "VALIDATE" TYPE "";
MPRINT(EM_DIAGRAM):   retain DATAROLE "VALIDATE" TYPE "";
32583      set work.Score2_VARHIST(rename=(VALUE=X));
MPRINT(EM_DIAGRAM):   set work.Score2_VARHIST(rename=(VALUE=X));
32584      run;
MPRINT(EM_DIAGRAM):   run;

NOTE: There were 4 observations read from the data set WORK.SCORE2_VARHIST.
NOTE: The data set WORK.SCORE2_VARHIST has 4 observations and 6 variables.
NOTE: DATA statement used (Total process time):
      real time           0.00 seconds
      cpu time            0.00 seconds
      

32585      proc append base=work.Score2_HIST data=work.Score2_VARHIST;
MPRINT(EM_DIAGRAM):   proc append base=work.Score2_HIST data=work.Score2_VARHIST;
32586      run;
MPRINT(EM_DIAGRAM):   run;

NOTE: Appending WORK.SCORE2_VARHIST to WORK.SCORE2_HIST.
NOTE: There were 4 observations read from the data set WORK.SCORE2_VARHIST.
NOTE: 4 observations added.
NOTE: The data set WORK.SCORE2_HIST has 8 observations and 6 variables.
NOTE: PROCEDURE APPEND used (Total process time):
      real time           0.00 seconds
      cpu time            0.00 seconds
      

32587      proc stdize data=EMWS2.MdlComp_VALIDATE(obs=1000000) outstat=work.Score2_SUMDATA out=_null_ pctlpts=(0 5 25 50 75 95 100);
MPRINT(EM_DIAGRAM):    proc stdize data=EMWS2.MdlComp_VALIDATE(obs=1000000) outstat=work.Score2_SUMDATA out=_null_ pctlpts=(0 5 25 50 75 95 100);
32588      var
32589      P_Sum_Labor_Force_Pop;
MPRINT(EM_DIAGRAM):   var P_Sum_Labor_Force_Pop;
32590      run;
MPRINT(EM_DIAGRAM):   run;

NOTE: There were 252 observations read from the data set EMWS2.PART_VALIDATE.
NOTE: View EMWS2.MDLCOMP_VALIDATE.VIEW used (Total process time):
      real time           0.10 seconds
      cpu time            0.11 seconds
      
NOTE: There were 252 observations read from the data set EMWS2.REG_VALIDATE.
NOTE: There were 252 observations read from the data set EMWS2.MDLCOMP_VALIDATE.
NOTE: The data set WORK.SCORE2_SUMDATA has 15 observations and 2 variables.
NOTE: PROCEDURE STDIZE used (Total process time):
      real time           0.12 seconds
      cpu time            0.12 seconds
      

MPRINT(EM_DIAGRAM):   quit;
32591      quit;

32592      proc transpose data=work.Score2_SUMDATA out=work.Score2_SUMDATA( rename=(_NAME_=VARIABLE _LABEL_=LABEL LOCATION=MEAN SCALE=STD P0=MIN P50=MEDIAN P100=MAX));
MPRINT(EM_DIAGRAM):    proc transpose data=work.Score2_SUMDATA out=work.Score2_SUMDATA( rename=(_NAME_=VARIABLE _LABEL_=LABEL LOCATION=MEAN SCALE=STD P0=MIN P50=MEDIAN P100=MAX));
32593      where _TYPE_ in('LOCATION' 'SCALE' 'N' 'P0' 'P25' 'P50' 'P75' 'P100');
MPRINT(EM_DIAGRAM):   where _TYPE_ in('LOCATION' 'SCALE' 'N' 'P0' 'P25' 'P50' 'P75' 'P100');
32594      id _type_;
MPRINT(EM_DIAGRAM):   id _type_;
32595      run;
MPRINT(EM_DIAGRAM):   run;

NOTE: There were 8 observations read from the data set WORK.SCORE2_SUMDATA.
      WHERE _TYPE_ in ('LOCATION', 'N', 'P0', 'P100', 'P25', 'P50', 'P75', 'SCALE');
NOTE: The data set WORK.SCORE2_SUMDATA has 1 observations and 10 variables.
NOTE: PROCEDURE TRANSPOSE used (Total process time):
      real time           0.01 seconds
      cpu time            0.01 seconds
      

32596      data work.Score2_SUMDATA;
MPRINT(EM_DIAGRAM):   data work.Score2_SUMDATA;
32597      length DATAROLE $8 TYPE $14;
MPRINT(EM_DIAGRAM):   length DATAROLE $8 TYPE $14;
32598      retain DATAROLE "VALIDATE" Type "";
MPRINT(EM_DIAGRAM):   retain DATAROLE "VALIDATE" Type "";
32599      set work.Score2_SUMDATA;
MPRINT(EM_DIAGRAM):   set work.Score2_SUMDATA;
32600      run;
MPRINT(EM_DIAGRAM):   run;

NOTE: There were 1 observations read from the data set WORK.SCORE2_SUMDATA.
NOTE: The data set WORK.SCORE2_SUMDATA has 1 observations and 12 variables.
NOTE: DATA statement used (Total process time):
      real time           0.00 seconds
      cpu time            0.00 seconds
      

32601      proc append base=WORK.Score2STAT data=work.Score2_SUMDATA;
MPRINT(EM_DIAGRAM):   proc append base=WORK.Score2STAT data=work.Score2_SUMDATA;
32602      run;
MPRINT(EM_DIAGRAM):   run;

NOTE: Appending WORK.SCORE2_SUMDATA to WORK.SCORE2STAT.
NOTE: There were 1 observations read from the data set WORK.SCORE2_SUMDATA.
NOTE: 1 observations added.
NOTE: The data set WORK.SCORE2STAT has 2 observations and 12 variables.
NOTE: PROCEDURE APPEND used (Total process time):
      real time           0.00 seconds
      cpu time            0.00 seconds
      

32603      data WORK.SCOREFREQMETA;
MPRINT(EM_DIAGRAM):    data WORK.SCOREFREQMETA;
32604      length NAME $32 ROLE $32 LEVEL $8;
MPRINT(EM_DIAGRAM):   length NAME $32 ROLE $32 LEVEL $8;
32605      NAME="b_Sum_Labor_Force_";
MPRINT(EM_DIAGRAM):   NAME="b_Sum_Labor_Force_";
32606      ROLE="INPUT";
MPRINT(EM_DIAGRAM):   ROLE="INPUT";
32607      LEVEL="NOMINAL";
MPRINT(EM_DIAGRAM):   LEVEL="NOMINAL";
32608      TYPE="N";
MPRINT(EM_DIAGRAM):   TYPE="N";
32609      output;
MPRINT(EM_DIAGRAM):   output;
32610      run;
MPRINT(EM_DIAGRAM):   run;

NOTE: The data set WORK.SCOREFREQMETA has 1 observations and 4 variables.
NOTE: DATA statement used (Total process time):
      real time           0.00 seconds
      cpu time            0.00 seconds
      

32611      data WORK.SCOREHISTMETA;
MPRINT(EM_DIAGRAM):    data WORK.SCOREHISTMETA;
32612      length NAME $32 ROLE $32 LEVEL $8;
MPRINT(EM_DIAGRAM):   length NAME $32 ROLE $32 LEVEL $8;
32613      NAME="P_Sum_Labor_Force_Pop";
MPRINT(EM_DIAGRAM):   NAME="P_Sum_Labor_Force_Pop";
32614      ROLE="INPUT";
MPRINT(EM_DIAGRAM):   ROLE="INPUT";
32615      LEVEL="INTERVAL";
MPRINT(EM_DIAGRAM):   LEVEL="INTERVAL";
32616      TYPE="N";
MPRINT(EM_DIAGRAM):   TYPE="N";
32617      output;
MPRINT(EM_DIAGRAM):   output;
32618      run;
MPRINT(EM_DIAGRAM):   run;

NOTE: The data set WORK.SCOREHISTMETA has 1 observations and 4 variables.
NOTE: DATA statement used (Total process time):
      real time           0.00 seconds
      cpu time            0.01 seconds
      

NOTE: View EMWS2.MDLCOMP_TEST.VIEW used (Total process time):
      real time           0.07 seconds
      cpu time            0.07 seconds
      
32619      ods listing close;
MPRINT(EM_DIAGRAM):    ods listing close;
32620      ods output onewayfreqs=WORK.TEMPFREQ;
MPRINT(EM_DIAGRAM):   ods output onewayfreqs=WORK.TEMPFREQ;
32621      proc freq data = EMWS2.MdlComp_TEST order=formatted addnames;
MPRINT(EM_DIAGRAM):   proc freq data = EMWS2.MdlComp_TEST order=formatted addnames;
32622      table b_Sum_Labor_Force_ / missing;
MPRINT(EM_DIAGRAM):   table b_Sum_Labor_Force_ / missing;
32623      run;
MPRINT(EM_DIAGRAM):   run;

NOTE: There were 252 observations read from the data set EMWS2.PART_TEST.
NOTE: View EMWS2.MDLCOMP_TEST.VIEW used (Total process time):
      real time           0.06 seconds
      cpu time            0.04 seconds
      
NOTE: There were 252 observations read from the data set EMWS2.REG_TEST.
NOTE: The data set WORK.TEMPFREQ has 7 observations and 8 variables.
NOTE: There were 252 observations read from the data set EMWS2.MDLCOMP_TEST.
NOTE: PROCEDURE FREQ used (Total process time):
      real time           0.08 seconds
      cpu time            0.06 seconds
      

MPRINT(EM_DIAGRAM):   quit;
32624      quit;
32625      ods listing;
MPRINT(EM_DIAGRAM):   ods listing;
32626      data WORK.Score2_BAR(keep=_VARIABLE_ TYPE COUNT PERCENT _X_ _XLABEL_);
MPRINT(EM_DIAGRAM):    data WORK.Score2_BAR(keep=_VARIABLE_ TYPE COUNT PERCENT _X_ _XLABEL_);
32627      label _VARIABLE_ = "%sysfunc(sasmsg(sashelp.dmine, rpt_variable_vlabel, NOQUOTE))" Type = "%sysfunc(sasmsg(sashelp.dmine, rpt_type_vlabel,         NOQUOTE))" _X_ = "%sysfunc(sasmsg(sashelp.dmine, rpt_numValue_vlabel, NOQUOTE))" _XLABEL_ =
32628         "%sysfunc(sasmsg(sashelp.dmine, rpt_fmtValue_vlabel ,    NOQUOTE))" COUNT = "%sysfunc(sasmsg(sashelp.dmine, rpt_count_vlabel,        NOQUOTE))" PERCENT = "%sysfunc(sasmsg(sashelp.dmine, rpt_percent_vlabel,      NOQUOTE))";
MPRINT(EM_DIAGRAM):   label _VARIABLE_ = "Variable" Type = "Type" _X_ = "Numeric Value" _XLABEL_ = "Formatted Value" COUNT = "Frequency Count" PERCENT = "Percent";
32629      dsid = open("WORK.TEMPFREQ");
MPRINT(EM_DIAGRAM):   dsid = open("WORK.TEMPFREQ");
32630      varnum = varnum(dsid, 'VARIABLE');
MPRINT(EM_DIAGRAM):   varnum = varnum(dsid, 'VARIABLE');
32631      freqnum = varnum(dsid, 'FREQUENCY');
MPRINT(EM_DIAGRAM):   freqnum = varnum(dsid, 'FREQUENCY');
32632      pvarnum = varnum(dsid, 'PERCENT');
MPRINT(EM_DIAGRAM):   pvarnum = varnum(dsid, 'PERCENT');
32633      typenum = varnum(dsid, '_TYPE_');
MPRINT(EM_DIAGRAM):   typenum = varnum(dsid, '_TYPE_');
32634      length _VARIABLE_ $32 TYPE $1 _XLABEL_ $32;
MPRINT(EM_DIAGRAM):   length _VARIABLE_ $32 TYPE $1 _XLABEL_ $32;
32635      do while(^fetch(dsid));
MPRINT(EM_DIAGRAM):   do while(^fetch(dsid));
32636      _VARIABLE_ = strip(getvarc(dsid, varnum));
MPRINT(EM_DIAGRAM):   _VARIABLE_ = strip(getvarc(dsid, varnum));
32637      count = getvarn(dsid, freqnum);
MPRINT(EM_DIAGRAM):   count = getvarn(dsid, freqnum);
32638      percent= getvarn(dsid, pvarnum);
MPRINT(EM_DIAGRAM):   percent= getvarn(dsid, pvarnum);
32639      vvarnum = varnum(dsid, _VARIABLE_);
MPRINT(EM_DIAGRAM):   vvarnum = varnum(dsid, _VARIABLE_);
32640      type = vartype(dsid, vvarnum);
MPRINT(EM_DIAGRAM):   type = vartype(dsid, vvarnum);
32641      fvarnum = varnum(dsid, 'F_'!!substr(_VARIABLE_, 1, 30));
MPRINT(EM_DIAGRAM):   fvarnum = varnum(dsid, 'F_'!!substr(_VARIABLE_, 1, 30));
32642      _XLABEL_ = left(getvarc(dsid, fvarnum));
MPRINT(EM_DIAGRAM):   _XLABEL_ = left(getvarc(dsid, fvarnum));
32643      _X_ = .;
MPRINT(EM_DIAGRAM):   _X_ = .;
32644      if TYPE eq 'N' then _X_ = getvarn(dsid, vvarnum);
MPRINT(EM_DIAGRAM):   if TYPE eq 'N' then _X_ = getvarn(dsid, vvarnum);
32645      output;
MPRINT(EM_DIAGRAM):   output;
32646      end;
MPRINT(EM_DIAGRAM):   end;
32647      dsid = close(dsid);
MPRINT(EM_DIAGRAM):   dsid = close(dsid);
32648      run;
MPRINT(EM_DIAGRAM):   run;

NOTE: The data set WORK.SCORE2_BAR has 7 observations and 6 variables.
NOTE: DATA statement used (Total process time):
      real time           0.01 seconds
      cpu time            0.01 seconds
      

32649      proc sort data=WORK.Score2_BAR NOTHREADS;
MPRINT(EM_DIAGRAM):   proc sort data=WORK.Score2_BAR NOTHREADS;
32650      by _VARIABLE_;
MPRINT(EM_DIAGRAM):   by _VARIABLE_;
32651      run;
MPRINT(EM_DIAGRAM):   run;

NOTE: There were 7 observations read from the data set WORK.SCORE2_BAR.
NOTE: The data set WORK.SCORE2_BAR has 7 observations and 6 variables.
NOTE: PROCEDURE SORT used (Total process time):
      real time           0.00 seconds
      cpu time            0.01 seconds
      

32652      proc sort data=WORK.M3OGYUWA;
MPRINT(EM_DIAGRAM):   proc sort data=WORK.M3OGYUWA;
32653      by Name;
MPRINT(EM_DIAGRAM):   by Name;
32654      run;
MPRINT(EM_DIAGRAM):   run;

NOTE: There were 1 observations read from the data set WORK.M3OGYUWA.
NOTE: The data set WORK.M3OGYUWA has 1 observations and 4 variables.
NOTE: PROCEDURE SORT used (Total process time):
      real time           0.00 seconds
      cpu time            0.01 seconds
      

32655      data WORK.Score2_BAR;
MPRINT(EM_DIAGRAM):   data WORK.Score2_BAR;
32656      merge WORK.Score2_BAR(in=_a) WORK.M3OGYUWA(keep=Name Role rename=(Name=_Variable_));
MPRINT(EM_DIAGRAM):   merge WORK.Score2_BAR(in=_a) WORK.M3OGYUWA(keep=Name Role rename=(Name=_Variable_));
32657      by _Variable_;
MPRINT(EM_DIAGRAM):   by _Variable_;
32658      label Role = "%sysfunc(sasmsg(sashelp.dmine, meta_role_vlabel ,  NOQUOTE))";
MPRINT(EM_DIAGRAM):   label Role = "Role";
32659      if _a then output;
MPRINT(EM_DIAGRAM):   if _a then output;
32660      run;
MPRINT(EM_DIAGRAM):   run;

NOTE: There were 7 observations read from the data set WORK.SCORE2_BAR.
NOTE: There were 1 observations read from the data set WORK.M3OGYUWA.
NOTE: The data set WORK.SCORE2_BAR has 7 observations and 7 variables.
NOTE: DATA statement used (Total process time):
      real time           0.00 seconds
      cpu time            0.01 seconds
      

32661      data WORK.Score2_BAR;
MPRINT(EM_DIAGRAM):    data WORK.Score2_BAR;
32662      length DATAROLE $8 TYPE $14;
MPRINT(EM_DIAGRAM):   length DATAROLE $8 TYPE $14;
32663      retain DATAROLE "TEST";
MPRINT(EM_DIAGRAM):   retain DATAROLE "TEST";
32664      set WORK.Score2_BAR;
MPRINT(EM_DIAGRAM):   set WORK.Score2_BAR;
32665      run;
MPRINT(EM_DIAGRAM):   run;

NOTE: There were 7 observations read from the data set WORK.SCORE2_BAR.
NOTE: The data set WORK.SCORE2_BAR has 7 observations and 8 variables.
NOTE: DATA statement used (Total process time):
      real time           0.00 seconds
      cpu time            0.00 seconds
      

32666      proc append base=EMWS2.Score2_BAR data=WORK.Score2_BAR;
MPRINT(EM_DIAGRAM):   proc append base=EMWS2.Score2_BAR data=WORK.Score2_BAR;
32667      run;
MPRINT(EM_DIAGRAM):   run;

NOTE: Appending WORK.SCORE2_BAR to EMWS2.SCORE2_BAR.
NOTE: There were 7 observations read from the data set WORK.SCORE2_BAR.
NOTE: 7 observations added.
NOTE: The data set EMWS2.SCORE2_BAR has 21 observations and 8 variables.
NOTE: PROCEDURE APPEND used (Total process time):
      real time           0.00 seconds
      cpu time            0.00 seconds
      

32668      %var_profile(DATA=EMWS2.MdlComp_TEST, OUTPUT=work.Score2_VARHIST, METADATA=WORK.SCOREHISTMETA, COMPUTESTAT=N, BINDATA=_bindata, STAT=_STAT, PCTLSTAT=work.Score2_SUMDATA, FREQ=, BIN=Y, NUMBARS= 16);
MPRINT(EM_DIAGRAM):   
*------------------------------------------------------------*
* Score2: Computing Summary Statistics
*------------------------------------------------------------*
MPRINT(VAR_PROFILE):   filename _mac catalog 'WORK.MACROS.VARIABLES.SOURCE';
MPRINT(VAR_PROFILE):   data _null;
MPRINT(VAR_PROFILE):   set WORK.SCOREHISTMETA(where=(LEVEL = 'INTERVAL' and ROLE ne 'FREQ')) end=eof;
MPRINT(VAR_PROFILE):   if eof then call symput('_nobs', put(_N_, best.));
MPRINT(VAR_PROFILE):   run;

NOTE: There were 1 observations read from the data set WORK.SCOREHISTMETA.
      WHERE (LEVEL='INTERVAL') and (ROLE not = 'FREQ');
NOTE: The data set WORK._NULL has 1 observations and 4 variables.
NOTE: DATA statement used (Total process time):
      real time           0.00 seconds
      cpu time            0.01 seconds
      

MPRINT(VAR_PROFILE):   data _null_;
MPRINT(VAR_PROFILE):   file _mac;
MPRINT(VAR_PROFILE):   length _VARS $80;
MPRINT(VAR_PROFILE):   retain _vars;
MPRINT(VAR_PROFILE):   if _n_ =1 then put '%macro _vars;';
MPRINT(VAR_PROFILE):   set WORK.SCOREHISTMETA end=eof;
MPRINT(VAR_PROFILE):   where LEVEL = 'INTERVAL' or ROLE='FREQ';
MPRINT(VAR_PROFILE):   if ROLE='FREQ' then call symput('FREQ', trim(NAME));
MPRINT(VAR_PROFILE):   else do;
MPRINT(VAR_PROFILE):   if length(strip(_vars)) + length(strip(NAME)) + 1 <80 then _vars = strip(_vars)!! ' ' !!strip(NAME);
MPRINT(VAR_PROFILE):   else do;
MPRINT(VAR_PROFILE):   put _Vars;
MPRINT(VAR_PROFILE):   _vars = strip(NAME);
MPRINT(VAR_PROFILE):   end;
MPRINT(VAR_PROFILE):   end;
MPRINT(VAR_PROFILE):   if eof then do;
MPRINT(VAR_PROFILE):   put _Vars;
MPRINT(VAR_PROFILE):   put '%mend _vars;';
MPRINT(VAR_PROFILE):   end;
MPRINT(VAR_PROFILE):   run;

NOTE: The file _MAC is:
      Catalog Name=WORK.MACROS.VARIABLES.SOURCE,
      Catalog Page Size=4096,
      Number of Catalog Pages=5,
      Created=Tue, Nov 26, 2019 03:41:57 PM,
      Last Modified=Tue, Nov 26, 2019 03:41:58 PM,
      Filename=C:\Users\student\AppData\Local\Temp\SAS Temporary Files\_TD31604_830-5CG9310VLM_\Prc2\macros.sas7bcat,
      Release Created=9.0401M4,
      Host Created=X64_10PRO,
      Owner Name=830-5CG9310VLM\student,
      File Size=            21KB,
      File Size (bytes)=21504

NOTE: 3 records were written to the file _MAC.
      The minimum record length was 12.
      The maximum record length was 21.
NOTE: There were 1 observations read from the data set WORK.SCOREHISTMETA.
      WHERE (LEVEL='INTERVAL') or (ROLE='FREQ');
NOTE: DATA statement used (Total process time):
      real time           0.00 seconds
      cpu time            0.00 seconds
      

NOTE: %INCLUDE (level 1) file _MAC is file WORK.MACROS.VARIABLES.SOURCE.
32669     +%macro _vars;
32670     +P_Sum_Labor_Force_Pop
32671     +%mend _vars;
NOTE: %INCLUDE (level 1) ending.
MPRINT(VAR_PROFILE):   filename _mac;
NOTE: Fileref _MAC has been deassigned.
MPRINT(VAR_PROFILE):   data _binneddata / view=_binneddata;
MPRINT(VAR_PROFILE):   set EMWS2.MdlComp_TEST(obs=1000000);
MPRINT(VAR_PROFILE):   format P_Sum_Labor_Force_Pop F1_. ;
MPRINT(VAR_PROFILE):   run;

NOTE: DATA STEP view saved on file WORK._BINNEDDATA.
NOTE: A stored DATA STEP view cannot run under a different operating system.
NOTE: View EMWS2.MDLCOMP_TEST.VIEW used (Total process time):
      real time           0.06 seconds
      cpu time            0.06 seconds
      
NOTE: DATA statement used (Total process time):
      real time           0.08 seconds
      cpu time            0.07 seconds
      

MPRINT(VAR_PROFILE):   proc dmdb data=_binneddata(obs=1000000) classout=_temptab(rename=(NAME=VARIABLE FREQUENCY=COUNT FREQPERCENT=PERCENT));
MPRINT(VAR_PROFILE):   class
MPRINT(_VARS):   P_Sum_Labor_Force_Pop
MPRINT(VAR_PROFILE):   ;
MPRINT(VAR_PROFILE):   run;

NOTE: Records processed = 252   Memory used = 511K.
NOTE: There were 252 observations read from the data set EMWS2.PART_TEST.
NOTE: There were 252 observations read from the data set EMWS2.REG_TEST.
NOTE: View WORK._BINNEDDATA.VIEW used (Total process time):
      real time           0.09 seconds
      cpu time            0.09 seconds
      
NOTE: There were 252 observations read from the data set EMWS2.MDLCOMP_TEST.
NOTE: There were 252 observations read from the data set WORK._BINNEDDATA.
NOTE: The data set WORK._TEMPTAB has 4 observations and 9 variables.
NOTE: PROCEDURE DMDB used (Total process time):
      real time           0.12 seconds
      cpu time            0.12 seconds
      

MPRINT(VAR_PROFILE):   data work.Score2_VARHIST;
MPRINT(VAR_PROFILE):   label VALUE = "Value";
MPRINT(VAR_PROFILE):   label VARIABLE = "Variable";
MPRINT(VAR_PROFILE):   label COUNT = "Frequency Count";
MPRINT(VAR_PROFILE):   label PERCENT = "Percent";
MPRINT(VAR_PROFILE):   set _temptab;
MPRINT(VAR_PROFILE):   format VALUE 12.3 count;
MPRINT(VAR_PROFILE):   value = inputn(level, 'best12.');
MPRINT(VAR_PROFILE):   keep VARIABLE COUNT PERCENT VALUE;
MPRINT(VAR_PROFILE):   run;

NOTE: There were 4 observations read from the data set WORK._TEMPTAB.
NOTE: The data set WORK.SCORE2_VARHIST has 4 observations and 4 variables.
NOTE: DATA statement used (Total process time):
      real time           0.01 seconds
      cpu time            0.00 seconds
      

MPRINT(VAR_PROFILE):   proc datasets lib=work nolist mt=(DATA VIEW);
MPRINT(VAR_PROFILE):   delete _TEMPTAB _BINNEDDATA _MINMAXDATA;
MPRINT(VAR_PROFILE):   run;

NOTE: The file WORK._MINMAXDATA (memtype=(DATA VIEW)) was not found, but appears on a DELETE statement.
NOTE: Deleting WORK._TEMPTAB (memtype=DATA).
NOTE: Deleting WORK._BINNEDDATA (memtype=VIEW).
MPRINT(VAR_PROFILE):   quit;

NOTE: PROCEDURE DATASETS used (Total process time):
      real time           0.01 seconds
      cpu time            0.00 seconds
      

MPRINT(EM_DIAGRAM):  ;

32672      data work.Score2_VARHIST;
MPRINT(EM_DIAGRAM):    data work.Score2_VARHIST;
32673      length DATAROLE $8 TYPE $14;
MPRINT(EM_DIAGRAM):   length DATAROLE $8 TYPE $14;
32674      retain DATAROLE "TEST" TYPE "";
MPRINT(EM_DIAGRAM):   retain DATAROLE "TEST" TYPE "";
32675      set work.Score2_VARHIST(rename=(VALUE=X));
MPRINT(EM_DIAGRAM):   set work.Score2_VARHIST(rename=(VALUE=X));
32676      run;
MPRINT(EM_DIAGRAM):   run;

NOTE: There were 4 observations read from the data set WORK.SCORE2_VARHIST.
NOTE: The data set WORK.SCORE2_VARHIST has 4 observations and 6 variables.
NOTE: DATA statement used (Total process time):
      real time           0.00 seconds
      cpu time            0.00 seconds
      

32677      proc append base=work.Score2_HIST data=work.Score2_VARHIST;
MPRINT(EM_DIAGRAM):   proc append base=work.Score2_HIST data=work.Score2_VARHIST;
32678      run;
MPRINT(EM_DIAGRAM):   run;

NOTE: Appending WORK.SCORE2_VARHIST to WORK.SCORE2_HIST.
NOTE: There were 4 observations read from the data set WORK.SCORE2_VARHIST.
NOTE: 4 observations added.
NOTE: The data set WORK.SCORE2_HIST has 12 observations and 6 variables.
NOTE: PROCEDURE APPEND used (Total process time):
      real time           0.00 seconds
      cpu time            0.00 seconds
      

32679      proc stdize data=EMWS2.MdlComp_TEST(obs=1000000) outstat=work.Score2_SUMDATA out=_null_ pctlpts=(0 5 25 50 75 95 100);
MPRINT(EM_DIAGRAM):    proc stdize data=EMWS2.MdlComp_TEST(obs=1000000) outstat=work.Score2_SUMDATA out=_null_ pctlpts=(0 5 25 50 75 95 100);
32680      var
32681      P_Sum_Labor_Force_Pop;
MPRINT(EM_DIAGRAM):   var P_Sum_Labor_Force_Pop;
32682      run;
MPRINT(EM_DIAGRAM):   run;

NOTE: There were 252 observations read from the data set EMWS2.PART_TEST.
NOTE: View EMWS2.MDLCOMP_TEST.VIEW used (Total process time):
      real time           0.14 seconds
      cpu time            0.14 seconds
      
NOTE: There were 252 observations read from the data set EMWS2.REG_TEST.
NOTE: There were 252 observations read from the data set EMWS2.MDLCOMP_TEST.
NOTE: The data set WORK.SCORE2_SUMDATA has 15 observations and 2 variables.
NOTE: PROCEDURE STDIZE used (Total process time):
      real time           0.15 seconds
      cpu time            0.15 seconds
      

MPRINT(EM_DIAGRAM):   quit;
32683      quit;

32684      proc transpose data=work.Score2_SUMDATA out=work.Score2_SUMDATA( rename=(_NAME_=VARIABLE _LABEL_=LABEL LOCATION=MEAN SCALE=STD P0=MIN P50=MEDIAN P100=MAX));
MPRINT(EM_DIAGRAM):    proc transpose data=work.Score2_SUMDATA out=work.Score2_SUMDATA( rename=(_NAME_=VARIABLE _LABEL_=LABEL LOCATION=MEAN SCALE=STD P0=MIN P50=MEDIAN P100=MAX));
32685      where _TYPE_ in('LOCATION' 'SCALE' 'N' 'P0' 'P25' 'P50' 'P75' 'P100');
MPRINT(EM_DIAGRAM):   where _TYPE_ in('LOCATION' 'SCALE' 'N' 'P0' 'P25' 'P50' 'P75' 'P100');
32686      id _type_;
MPRINT(EM_DIAGRAM):   id _type_;
32687      run;
MPRINT(EM_DIAGRAM):   run;

NOTE: There were 8 observations read from the data set WORK.SCORE2_SUMDATA.
      WHERE _TYPE_ in ('LOCATION', 'N', 'P0', 'P100', 'P25', 'P50', 'P75', 'SCALE');
NOTE: The data set WORK.SCORE2_SUMDATA has 1 observations and 10 variables.
NOTE: PROCEDURE TRANSPOSE used (Total process time):
      real time           0.01 seconds
      cpu time            0.00 seconds
      

32688      data work.Score2_SUMDATA;
MPRINT(EM_DIAGRAM):   data work.Score2_SUMDATA;
32689      length DATAROLE $8 TYPE $14;
MPRINT(EM_DIAGRAM):   length DATAROLE $8 TYPE $14;
32690      retain DATAROLE "TEST" Type "";
MPRINT(EM_DIAGRAM):   retain DATAROLE "TEST" Type "";
32691      set work.Score2_SUMDATA;
MPRINT(EM_DIAGRAM):   set work.Score2_SUMDATA;
32692      run;
MPRINT(EM_DIAGRAM):   run;

NOTE: There were 1 observations read from the data set WORK.SCORE2_SUMDATA.
NOTE: The data set WORK.SCORE2_SUMDATA has 1 observations and 12 variables.
NOTE: DATA statement used (Total process time):
      real time           0.00 seconds
      cpu time            0.01 seconds
      

32693      proc append base=WORK.Score2STAT data=work.Score2_SUMDATA;
MPRINT(EM_DIAGRAM):   proc append base=WORK.Score2STAT data=work.Score2_SUMDATA;
32694      run;
MPRINT(EM_DIAGRAM):   run;

NOTE: Appending WORK.SCORE2_SUMDATA to WORK.SCORE2STAT.
NOTE: There were 1 observations read from the data set WORK.SCORE2_SUMDATA.
NOTE: 1 observations added.
NOTE: The data set WORK.SCORE2STAT has 3 observations and 12 variables.
NOTE: PROCEDURE APPEND used (Total process time):
      real time           0.00 seconds
      cpu time            0.00 seconds
      

32695      data EMWS2.Score2_BAR(DROP=ROLE rename = (_VARIABLE_=VARIABLE _XLABEL_=X));
MPRINT(EM_DIAGRAM):    data EMWS2.Score2_BAR(DROP=ROLE rename = (_VARIABLE_=VARIABLE _XLABEL_=X));
32696      set EMWS2.Score2_BAR;
MPRINT(EM_DIAGRAM):   set EMWS2.Score2_BAR;
32697      label VARIABLE= "%sysfunc(sasmsg(sashelp.dmine, meta_name_vlabel,  NOQUOTE))" DATAROLE= "%sysfunc(sasmsg(sashelp.dmine, rpt_datarole_vlabel,  NOQUOTE))" TYPE = "%sysfunc(sasmsg(sashelp.dmine, rpt_outputType_vlabel,  NOQUOTE))";
MPRINT(EM_DIAGRAM):   label VARIABLE= "Variable Name" DATAROLE= "Data Role" TYPE = "Output Type";
32698      select(_VARIABLE_);
MPRINT(EM_DIAGRAM):   select(_VARIABLE_);
32699      when("b_Sum_Labor_Force_") TYPE = 'SEGMENT';
MPRINT(EM_DIAGRAM):   when("b_Sum_Labor_Force_") TYPE = 'SEGMENT';
32700      otherwise;
MPRINT(EM_DIAGRAM):   otherwise;
32701      end;
MPRINT(EM_DIAGRAM):   end;
32702      run;
MPRINT(EM_DIAGRAM):   run;

NOTE: Variable VARIABLE is uninitialized.
NOTE: There were 21 observations read from the data set EMWS2.SCORE2_BAR.
NOTE: The data set EMWS2.SCORE2_BAR has 21 observations and 7 variables.
NOTE: DATA statement used (Total process time):
      real time           0.00 seconds
      cpu time            0.01 seconds
      

32703      proc sort data = EMWS2.Score2_BAR NOTHREADS;
MPRINT(EM_DIAGRAM):   proc sort data = EMWS2.Score2_BAR NOTHREADS;
32704      by DATAROLE TYPE;
MPRINT(EM_DIAGRAM):   by DATAROLE TYPE;
32705      run;
MPRINT(EM_DIAGRAM):   run;

NOTE: There were 21 observations read from the data set EMWS2.SCORE2_BAR.
NOTE: The data set EMWS2.SCORE2_BAR has 21 observations and 7 variables.
NOTE: PROCEDURE SORT used (Total process time):
      real time           0.00 seconds
      cpu time            0.01 seconds
      

32706      %let _cn = %sysfunc(getoption(CENTER));
32707      %let _nb = %sysfunc(getoption(NUMBER));
32708      options nonumber nocenter;
MPRINT(EM_DIAGRAM):   options nonumber nocenter;
32709      title;
MPRINT(EM_DIAGRAM):   title;
32710      proc print data = EMWS2.Score2_BAR noobs label;
MPRINT(EM_DIAGRAM):   proc print data = EMWS2.Score2_BAR noobs label;
32711      by DATAROLE TYPE;
MPRINT(EM_DIAGRAM):   by DATAROLE TYPE;
32712      title9 ' ';
MPRINT(EM_DIAGRAM):   title9 ' ';
32713      title10 "%sysfunc(sasmsg(sashelp.dmine, rpt_classStats_title, NOQUOTE))";
MPRINT(EM_DIAGRAM):   title10 "Class Variable Summary Statistics";
MPRINT(EM_DIAGRAM):   run;
32714      run;

NOTE: There were 21 observations read from the data set EMWS2.SCORE2_BAR.
NOTE: The PROCEDURE PRINT printed page 7.
NOTE: PROCEDURE PRINT used (Total process time):
      real time           0.00 seconds
      cpu time            0.00 seconds
      

32715      title10;
MPRINT(EM_DIAGRAM):   title10;
32716      options &_cn &_nb;
MPRINT(EM_DIAGRAM):   options NOCENTER NONUMBER;
32717      data EMWS2.Score2_HIST;
MPRINT(EM_DIAGRAM):    data EMWS2.Score2_HIST;
32718      set work.Score2_HIST(rename=(Percent=Value));
MPRINT(EM_DIAGRAM):   set work.Score2_HIST(rename=(Percent=Value));
32719      label VARIABLE= "%sysfunc(sasmsg(sashelp.dmine, meta_name_vlabel,      NOQUOTE))" DATAROLE= "%sysfunc(sasmsg(sashelp.dmine, rpt_datarole_vlabel,   NOQUOTE))" TYPE = "%sysfunc(sasmsg(sashelp.dmine, rpt_outputType_vlabel, NOQUOTE))" X =
32720         "%sysfunc(sasmsg(sashelp.dmine, rpt_numValue_vlabel,   NOQUOTE))" COUNT = "%sysfunc(sasmsg(sashelp.dmine, rpt_count_vlabel,      NOQUOTE))" Value = "%sysfunc(sasmsg(sashelp.dmine, rpt_percent_vlabel,    NOQUOTE))";
MPRINT(EM_DIAGRAM):   label VARIABLE= "Variable Name" DATAROLE= "Data Role" TYPE = "Output Type" X = "Numeric Value" COUNT = "Frequency Count" Value = "Percent";
32721      select(VARIABLE);
MPRINT(EM_DIAGRAM):   select(VARIABLE);
32722      when("P_Sum_Labor_Force_Pop") TYPE = 'PREDICTED';
MPRINT(EM_DIAGRAM):   when("P_Sum_Labor_Force_Pop") TYPE = 'PREDICTED';
32723      when("b_Sum_Labor_Force_") TYPE= 'SEGMENT';
MPRINT(EM_DIAGRAM):   when("b_Sum_Labor_Force_") TYPE= 'SEGMENT';
32724      otherwise;
MPRINT(EM_DIAGRAM):   otherwise;
32725      end;
MPRINT(EM_DIAGRAM):   end;
32726      run;
MPRINT(EM_DIAGRAM):   run;

NOTE: There were 12 observations read from the data set WORK.SCORE2_HIST.
NOTE: The data set EMWS2.SCORE2_HIST has 12 observations and 6 variables.
NOTE: DATA statement used (Total process time):
      real time           0.01 seconds
      cpu time            0.00 seconds
      

32727      data WORK.Score2STAT;
MPRINT(EM_DIAGRAM):    data WORK.Score2STAT;
32728      set WORK.Score2STAT;
MPRINT(EM_DIAGRAM):   set WORK.Score2STAT;
32729      label VARIABLE= "%sysfunc(sasmsg(sashelp.dmine, meta_name_vlabel,  NOQUOTE))" LABEL = "%sysfunc(sasmsg(sashelp.dmine, meta_label_vlabel,  NOQUOTE))" MEAN = "%sysfunc(sasmsg(sashelp.dmine, rpt_mean_vlabel,  NOQUOTE))" N =
32730         "%sysfunc(sasmsg(sashelp.dmine, rpt_nonmiss_vlabel,  NOQUOTE))" STD = "%sysfunc(sasmsg(sashelp.dmine, rpt_std_vlabel,  NOQUOTE))" MIN = "%sysfunc(sasmsg(sashelp.dmine, rpt_minimum_vlabel,  NOQUOTE))" MAX =
32731         "%sysfunc(sasmsg(sashelp.dmine, rpt_maximum_vlabel,  NOQUOTE))" MEDIAN = "%sysfunc(sasmsg(sashelp.dmine, rpt_median_vlabel,  NOQUOTE))" P25 = "%sysfunc(sasmsg(sashelp.dmine, rpt_p25_vlabel,  NOQUOTE))" P75 =
32732         "%sysfunc(sasmsg(sashelp.dmine, rpt_p75_vlabel,  NOQUOTE))";
MPRINT(EM_DIAGRAM):   label VARIABLE= "Variable Name" LABEL = "Label" MEAN = "Mean" N = "Non Missing" STD = "Standard Deviation" MIN = "Minimum" MAX = "Maximum" MEDIAN = "Median" P25 = "25th Percentile" P75 = "75th Percentile";
32733      select(VARIABLE);
MPRINT(EM_DIAGRAM):   select(VARIABLE);
32734      when("P_Sum_Labor_Force_Pop") TYPE = 'PREDICTED';
MPRINT(EM_DIAGRAM):   when("P_Sum_Labor_Force_Pop") TYPE = 'PREDICTED';
32735      when("b_Sum_Labor_Force_") TYPE= 'SEGMENT';
MPRINT(EM_DIAGRAM):   when("b_Sum_Labor_Force_") TYPE= 'SEGMENT';
32736      otherwise;
MPRINT(EM_DIAGRAM):   otherwise;
32737      end;
MPRINT(EM_DIAGRAM):   end;
32738      run;
MPRINT(EM_DIAGRAM):   run;

NOTE: There were 3 observations read from the data set WORK.SCORE2STAT.
NOTE: The data set WORK.SCORE2STAT has 3 observations and 12 variables.
NOTE: DATA statement used (Total process time):
      real time           0.02 seconds
      cpu time            0.01 seconds
      

32739      proc sort data = WORK.Score2STAT NOTHREADS;
MPRINT(EM_DIAGRAM):   proc sort data = WORK.Score2STAT NOTHREADS;
32740      by VARIABLE;
MPRINT(EM_DIAGRAM):   by VARIABLE;
32741      run;
MPRINT(EM_DIAGRAM):   run;

NOTE: There were 3 observations read from the data set WORK.SCORE2STAT.
NOTE: The data set WORK.SCORE2STAT has 3 observations and 12 variables.
NOTE: PROCEDURE SORT used (Total process time):
      real time           0.00 seconds
      cpu time            0.01 seconds
      

32742      proc transpose data = WORK.Score2STAT out=WORK.Score2STAT(rename=(_NAME_=STATISTICS _LABEL_=LABEL));
MPRINT(EM_DIAGRAM):   proc transpose data = WORK.Score2STAT out=WORK.Score2STAT(rename=(_NAME_=STATISTICS _LABEL_=LABEL));
32743      by VARIABLE;
MPRINT(EM_DIAGRAM):   by VARIABLE;
32744      id DATAROLE;
MPRINT(EM_DIAGRAM):   id DATAROLE;
32745      run;
MPRINT(EM_DIAGRAM):   run;

NOTE: There were 3 observations read from the data set WORK.SCORE2STAT.
NOTE: The data set WORK.SCORE2STAT has 8 observations and 6 variables.
NOTE: PROCEDURE TRANSPOSE used (Total process time):
      real time           0.01 seconds
      cpu time            0.01 seconds
      

32746      proc datasets library=WORK nolist;
MPRINT(EM_DIAGRAM):   proc datasets library=WORK nolist;
32747      modify Score2STAT;
MPRINT(EM_DIAGRAM):   modify Score2STAT;
32748      label STATISTICS = "%sysfunc(sasmsg(sashelp.dmine, rpt_statistics_vlabel,  NOQUOTE))" VARIABLE= "%sysfunc(sasmsg(sashelp.dmine, meta_name_vlabel,  NOQUOTE))" LABEL = "%sysfunc(sasmsg(sashelp.dmine, meta_label_vlabel,  NOQUOTE))" TYPE =
MPRINT(EM_DIAGRAM):   label STATISTICS = "Statistics" VARIABLE= "Variable Name" LABEL = "Label" TYPE = "Output Type";
WARNING: Variable TYPE not found in data set WORK.SCORE2STAT.
32749         "%sysfunc(sasmsg(sashelp.dmine, rpt_outputType_vlabel,  NOQUOTE))";
MPRINT(EM_DIAGRAM):   run;
32750      run;

NOTE: MODIFY was successful for WORK.SCORE2STAT.DATA.
32751      %let _cn = %sysfunc(getoption(CENTER));
32752      %let _nb = %sysfunc(getoption(NUMBER));
32753      options nonumber nocenter;
MPRINT(EM_DIAGRAM):   options nonumber nocenter;
32754      title;
MPRINT(EM_DIAGRAM):   title;

NOTE: PROCEDURE DATASETS used (Total process time):
      real time           0.02 seconds
      cpu time            0.04 seconds
      

32755      proc print data = WORK.Score2STAT label noobs;
MPRINT(EM_DIAGRAM):   proc print data = WORK.Score2STAT label noobs;
32756      by VARIABLE;
MPRINT(EM_DIAGRAM):   by VARIABLE;
32757      title9 ' ';
MPRINT(EM_DIAGRAM):   title9 ' ';
32758      title10 "%sysfunc(sasmsg(sashelp.dmine, rpt_intervalStats_title, NOQUOTE))";
MPRINT(EM_DIAGRAM):   title10 "Interval Variable Summary Statistics";
MPRINT(EM_DIAGRAM):   run;
32759      run;

NOTE: There were 8 observations read from the data set WORK.SCORE2STAT.
NOTE: The PROCEDURE PRINT printed page 8.
NOTE: PROCEDURE PRINT used (Total process time):
      real time           0.00 seconds
      cpu time            0.00 seconds
      

32760      title10;
MPRINT(EM_DIAGRAM):   title10;
32761      options &_cn &_nb;
MPRINT(EM_DIAGRAM):   options NOCENTER NONUMBER;
MPRINT(EM_DIAGRAM):    proc printto;
MPRINT(EM_DIAGRAM):   run;
