MPRINT(EM_DIAGRAM):    data _null_;
MPRINT(EM_DIAGRAM):   call symput('NLDATE', strip(put(date(), NLDATE.)));
MPRINT(EM_DIAGRAM):   call symput('NLTIME', strip(put(datetime(), NLTIME.)));
MPRINT(EM_DIAGRAM):   run;
MPRINT(EM_DIAGRAM):   data _null_;
MPRINT(EM_DIAGRAM):   nldate= sasmsg("sashelp.dmine", "log_date_note", 'N', "December 09, 2019" );
MPRINT(EM_DIAGRAM):   nltime= sasmsg("sashelp.dmine", "log_time_note", 'N', "17:28:01" );
MPRINT(EM_DIAGRAM):   put "*------------------------------------------------------------*";
MPRINT(EM_DIAGRAM):   put "* Training Log";
MPRINT(EM_DIAGRAM):   put nldate;
MPRINT(EM_DIAGRAM):   put nltime;
MPRINT(EM_DIAGRAM):   put "*------------------------------------------------------------*";
MPRINT(EM_DIAGRAM):   run;
*------------------------------------------------------------*
* Training Log
Date:                December 09, 2019
Time:                17:28:01
*------------------------------------------------------------*
MPRINT(EM_DIAGRAM):    filename O35OU6B1 "C:\Users\student\Desktop\AA 490\Final Project\AA490_Project\Base Model\Workspaces\EMWS2\Score2\EMTRAIN.out" encoding="UTF-8" NOBOM;
MPRINT(EM_DIAGRAM):   proc printto print=O35OU6B1 new;
MPRINT(EM_DIAGRAM):   run;
MPRINT(EM_DIAGRAM):    filename _LOG "C:\Users\student\Desktop\AA 490\Final Project\AA490_Project\Base Model\Workspaces\EMWS2\Score2\EMLOG.log" encoding="UTF-8" NOBOM;
MPRINT(EM_DIAGRAM):    data _null_;
MPRINT(EM_DIAGRAM):   call symput('NLDATE', strip(put(date(), NLDATE.)));
MPRINT(EM_DIAGRAM):   call symput('NLTIME', strip(put(datetime(), NLTIME.)));
MPRINT(EM_DIAGRAM):   run;
MPRINT(EM_DIAGRAM):   data _null_;
MPRINT(EM_DIAGRAM):   nldate= sasmsg("sashelp.dmine", "log_date_note", 'N', "December 09, 2019" );
MPRINT(EM_DIAGRAM):   nltime= sasmsg("sashelp.dmine", "log_time_note", 'N', "17:28:01" );
MPRINT(EM_DIAGRAM):   file _LOG;
MPRINT(EM_DIAGRAM):   put "*------------------------------------------------------------*";
MPRINT(EM_DIAGRAM):   put "User:                student";
MPRINT(EM_DIAGRAM):   put nldate;
MPRINT(EM_DIAGRAM):   put nltime;
MPRINT(EM_DIAGRAM):   put "Site:                70082322";
MPRINT(EM_DIAGRAM):   put "Platform:            X64_10PRO";
MPRINT(EM_DIAGRAM):   put "Maintenance Release: 9.04.01M4P110916";
MPRINT(EM_DIAGRAM):   put "EM Version:          14.2";
MPRINT(EM_DIAGRAM):   put "* ";
MPRINT(EM_DIAGRAM):   run;
MPRINT(EM_DIAGRAM):    filename _LOGIN "C:\Users\student\Desktop\AA 490\Final Project\AA490_Project\Base Model\Workspaces\EMWS2\Score2\EMTRAIN.log" encoding="UTF-8" NOBOM;
MPRINT(EM_COPYFILE):   data _null_;
MPRINT(EM_COPYFILE):   length line $20000;
MPRINT(EM_COPYFILE):   file _LOG MOD lrecl=20000;
MPRINT(EM_COPYFILE):   fid=fopen("_LOGIN",'i',20000,'v');
MPRINT(EM_COPYFILE):   if fid > 0 then do;
MPRINT(EM_COPYFILE):   do while(^fread(fid));
MPRINT(EM_COPYFILE):   rlen = frlen(fid);
MPRINT(EM_COPYFILE):   rc= fget(fid,line,20000);
MPRINT(EM_COPYFILE):   start = length(line)-length(left(line))+1;
MPRINT(EM_COPYFILE):   line=strip(line);
MPRINT(EM_COPYFILE):   put @start line;
MPRINT(EM_COPYFILE):   end;
MPRINT(EM_COPYFILE):   if fid > 0 then rc=fclose(fid);
MPRINT(EM_COPYFILE):   end;
MPRINT(EM_COPYFILE):   run;
MPRINT(EM_DIAGRAM):  ;
MPRINT(EM_DIAGRAM):   filename _LOGIN;
MPRINT(EM_DIAGRAM):    data _null_;
MPRINT(EM_DIAGRAM):   file _LOG mod;
MPRINT(EM_DIAGRAM):   put _page_;
MPRINT(EM_DIAGRAM):   run;
MPRINT(EM_DIAGRAM):   filename _LOGIN "C:\Users\student\Desktop\AA 490\Final Project\AA490_Project\Base Model\Workspaces\EMWS2\Score2\EMSCORE.log" encoding="UTF-8" NOBOM;
MPRINT(EM_DIAGRAM):  ;
MPRINT(EM_DIAGRAM):   data _null_;
MPRINT(EM_DIAGRAM):   file _LOG mod;
MPRINT(EM_DIAGRAM):   put _page_;
MPRINT(EM_DIAGRAM):   run;
MPRINT(EM_DIAGRAM):    filename _LOGIN "C:\Users\student\Desktop\AA 490\Final Project\AA490_Project\Base Model\Workspaces\EMWS2\Score2\EMREPORT.log" encoding="UTF-8" NOBOM;
MPRINT(EM_DIAGRAM):  ;
MPRINT(EM_DIAGRAM):   filename _LOGIN;
MPRINT(EM_DIAGRAM):    filename _LOG;
MPRINT(EM_DIAGRAM):    filename _OUT "C:\Users\student\Desktop\AA 490\Final Project\AA490_Project\Base Model\Workspaces\EMWS2\Score2\EMOUTPUT.out" encoding="UTF-8" NOBOM;
MPRINT(EM_DIAGRAM):    data _null_;
MPRINT(EM_DIAGRAM):   call symput('NLDATE', strip(put(date(), NLDATE.)));
MPRINT(EM_DIAGRAM):   call symput('NLTIME', strip(put(datetime(), NLTIME.)));
MPRINT(EM_DIAGRAM):   run;
MPRINT(EM_DIAGRAM):   data _null_;
MPRINT(EM_DIAGRAM):   nldate= sasmsg("sashelp.dmine", "log_date_note", 'N', "December 09, 2019" );
MPRINT(EM_DIAGRAM):   nltime= sasmsg("sashelp.dmine", "log_time_note", 'N', "17:28:01" );
MPRINT(EM_DIAGRAM):   file _OUT;
MPRINT(EM_DIAGRAM):   put "*------------------------------------------------------------*";
MPRINT(EM_DIAGRAM):   put "User:                student";
MPRINT(EM_DIAGRAM):   put nldate;
MPRINT(EM_DIAGRAM):   put nltime;
MPRINT(EM_DIAGRAM):   put "*------------------------------------------------------------*";
MPRINT(EM_DIAGRAM):   put "* Training Output";
MPRINT(EM_DIAGRAM):   put "*------------------------------------------------------------*";
MPRINT(EM_DIAGRAM):   run;
MPRINT(EM_DIAGRAM):    filename _OUTIN "C:\Users\student\Desktop\AA 490\Final Project\AA490_Project\Base Model\Workspaces\EMWS2\Score2\EMTRAIN.out" encoding="UTF-8" NOBOM;
MPRINT(EM_DIAGRAM):   ;
MPRINT(EM_COPYFILE):   data _null_;
MPRINT(EM_COPYFILE):   length line $20000;
MPRINT(EM_COPYFILE):   file _OUT MOD lrecl=20000;
MPRINT(EM_COPYFILE):   fid=fopen("_OUTIN",'i',20000,'v');
MPRINT(EM_COPYFILE):   if fid > 0 then do;
MPRINT(EM_COPYFILE):   do while(^fread(fid));
MPRINT(EM_COPYFILE):   rlen = frlen(fid);
MPRINT(EM_COPYFILE):   rc= fget(fid,line,20000);
MPRINT(EM_COPYFILE):   start = length(line)-length(left(line))+1;
MPRINT(EM_COPYFILE):   line=strip(line);
MPRINT(EM_COPYFILE):   put @start line;
MPRINT(EM_COPYFILE):   end;
MPRINT(EM_COPYFILE):   if fid > 0 then rc=fclose(fid);
MPRINT(EM_COPYFILE):   end;
MPRINT(EM_COPYFILE):   run;
MPRINT(EM_DIAGRAM):  ;
MPRINT(EM_DIAGRAM):   filename _OUTIN;
MPRINT(EM_DIAGRAM):    data _null_;
MPRINT(EM_DIAGRAM):   file _OUT mod;
MPRINT(EM_DIAGRAM):   put _page_;
MPRINT(EM_DIAGRAM):   put // "*------------------------------------------------------------*";
MPRINT(EM_DIAGRAM):   put "* Score Output";
MPRINT(EM_DIAGRAM):   put "*------------------------------------------------------------*";
MPRINT(EM_DIAGRAM):   run;
MPRINT(EM_DIAGRAM):    filename _OUTIN "C:\Users\student\Desktop\AA 490\Final Project\AA490_Project\Base Model\Workspaces\EMWS2\Score2\EMSCORE.out" encoding="UTF-8" NOBOM;
MPRINT(EM_DIAGRAM):  ;
MPRINT(EM_DIAGRAM):   filename _OUTIN;
MPRINT(EM_DIAGRAM):    data _null_;
MPRINT(EM_DIAGRAM):   file _OUT mod;
MPRINT(EM_DIAGRAM):   put _page_;
MPRINT(EM_DIAGRAM):   put // "*------------------------------------------------------------*";
MPRINT(EM_DIAGRAM):   put "* Report Output";
MPRINT(EM_DIAGRAM):   put "*------------------------------------------------------------*";
MPRINT(EM_DIAGRAM):   run;
MPRINT(EM_DIAGRAM):    filename _OUTIN "C:\Users\student\Desktop\AA 490\Final Project\AA490_Project\Base Model\Workspaces\EMWS2\Score2\EMREPORT.out" encoding="UTF-8" NOBOM;
MPRINT(EM_DIAGRAM):  ;
MPRINT(EM_DIAGRAM):   filename _OUTIN;
MPRINT(EM_DIAGRAM):    filename _OUT;
MPRINT(EM_DIAGRAM):    filename _emtool_ 'C:\Users\student\Desktop\AA 490\Final Project\AA490_Project\Base Model\Workspaces\EMWS2\Score2\EMRUNSTATUS.xml' encoding="UTF-8" NOBOM;
50708      proc freq data=EMWS2.Score2_VariableSet noprint;
MPRINT(EM_DIAGRAM):    proc freq data=EMWS2.Score2_VariableSet noprint;
50709      table ROLE*LEVEL/out=WORK.Score2META;
MPRINT(EM_DIAGRAM):   table ROLE*LEVEL/out=WORK.Score2META;
50710      run;
MPRINT(EM_DIAGRAM):   run;

NOTE: There were 2 observations read from the data set EMWS2.SCORE2_VARIABLESET.
NOTE: The data set WORK.SCORE2META has 2 observations and 4 variables.
NOTE: PROCEDURE FREQ used (Total process time):
      real time           0.02 seconds
      cpu time            0.01 seconds
      

50711      proc print data=WORK.Score2META label noobs;
MPRINT(EM_DIAGRAM):   proc print data=WORK.Score2META label noobs;
50712      var ROLE LEVEL COUNT;
MPRINT(EM_DIAGRAM):   var ROLE LEVEL COUNT;
50713      label ROLE = "%sysfunc(sasmsg(sashelp.dmine, meta_role_vlabel, NOQUOTE))" LEVEL = "%sysfunc(sasmsg(sashelp.dmine, meta_level_vlabel, NOQUOTE))" COUNT = "%sysfunc(sasmsg(sashelp.dmine, rpt_count_vlabel, NOQUOTE))";
MPRINT(EM_DIAGRAM):   label ROLE = "Role" LEVEL = "Measurement Level" COUNT = "Frequency Count";
50714      title9 ' ';
MPRINT(EM_DIAGRAM):   title9 ' ';
50715      title10 "%sysfunc(sasmsg(sashelp.dmine, rpt_varSummary_title  , NOQUOTE))";
MPRINT(EM_DIAGRAM):   title10 "Variable Summary";
MPRINT(EM_DIAGRAM):   run;
50716      run;

NOTE: There were 2 observations read from the data set WORK.SCORE2META.
NOTE: The PROCEDURE PRINT printed page 13.
NOTE: PROCEDURE PRINT used (Total process time):
      real time           0.01 seconds
      cpu time            0.01 seconds
      

50717      title10;
MPRINT(EM_DIAGRAM):   title10;
50718      %let groupid =;
50719      %let endGroupid =;
50720      %let prescoreid =;
50721      %let idsTable =;
50722      %let hpdmTable =;
50723      %let lasthptm =;
50724      data _null_;
MPRINT(EM_DIAGRAM):    data _null_;
50725      set EMWS2.Reg5_EMINFO;
MPRINT(EM_DIAGRAM):   set EMWS2.Reg5_EMINFO;
50726      where upcase(key) in('LASTHPTM', 'IDSTABLE', 'HPDMSAMPLE', 'PRESCORECODE','ENDGROUP', 'GROUPINFO', 'BOOSTINFO', 'BAGINFO', 'TARGETINFO', 'INDEXINFO');
MPRINT(EM_DIAGRAM):   where upcase(key) in('LASTHPTM', 'IDSTABLE', 'HPDMSAMPLE', 'PRESCORECODE','ENDGROUP', 'GROUPINFO', 'BOOSTINFO', 'BAGINFO', 'TARGETINFO', 'INDEXINFO');
50727      select(upcase(key));
MPRINT(EM_DIAGRAM):   select(upcase(key));
50728      when('LASTHPTM') call symput('lasthptm', DATA);
MPRINT(EM_DIAGRAM):   when('LASTHPTM') call symput('lasthptm', DATA);
50729      when('IDSTABLE') call symput('idsTable', DATA);
MPRINT(EM_DIAGRAM):   when('IDSTABLE') call symput('idsTable', DATA);
50730      when('HPDMSAMPLE') call symput('hpdmSample', DATA);
MPRINT(EM_DIAGRAM):   when('HPDMSAMPLE') call symput('hpdmSample', DATA);
50731      when('PRESCORECODE') call symput('prescoreId', DATA);
MPRINT(EM_DIAGRAM):   when('PRESCORECODE') call symput('prescoreId', DATA);
50732      when('ENDGROUP') call symput('endGroupId', DATA);
MPRINT(EM_DIAGRAM):   when('ENDGROUP') call symput('endGroupId', DATA);
50733      otherwise call symput('groupId', DATA);
MPRINT(EM_DIAGRAM):   otherwise call symput('groupId', DATA);
50734      end;
MPRINT(EM_DIAGRAM):   end;
50735      run;
MPRINT(EM_DIAGRAM):   run;

NOTE: There were 1 observations read from the data set EMWS2.REG5_EMINFO.
      WHERE UPCASE(key) in ('BAGINFO', 'BOOSTINFO', 'ENDGROUP', 'GROUPINFO', 'HPDMSAMPLE', 'IDSTABLE', 'INDEXINFO', 'LASTHPTM', 'PRESCORECODE', 'TARGETINFO');
NOTE: DATA statement used (Total process time):
      real time           0.00 seconds
      cpu time            0.00 seconds
      

50736      %let lastModelid =;
50737      data _null_;
MPRINT(EM_DIAGRAM):    data _null_;
50738      set EMWS2.Reg5_EMINFO;
MPRINT(EM_DIAGRAM):   set EMWS2.Reg5_EMINFO;
50739      where upcase(key) = 'MODEL' and TARGET = "Cases_in_1000s";
MPRINT(EM_DIAGRAM):   where upcase(key) = 'MODEL' and TARGET = "Cases_in_1000s";
50740      call symput('lastModelID', DATA);
MPRINT(EM_DIAGRAM):   call symput('lastModelID', DATA);
50741      run;
MPRINT(EM_DIAGRAM):   run;

NOTE: There were 1 observations read from the data set EMWS2.REG5_EMINFO.
      WHERE (UPCASE(key)='MODEL') and (TARGET='Cases_in_1000s');
NOTE: DATA statement used (Total process time):
      real time           0.00 seconds
      cpu time            0.00 seconds
      

Executing  SASHELP.EMCORE.EMINFOITERATOR.SCL _INIT >> 
Executing  SASHELP.EMCORE.EMINFOITERATOR.SCL setMetaData >> 
NOTE: There were 1 observations read from the data set EMWS2.REG5_EMINFO.
      WHERE (TARGET='Cases_in_1000s') and (KEY='MODEL');
NOTE: The data set WORK.EMINFO40LQJPNX has 1 observations and 3 variables.
Executing  SASHELP.EMCORE.EMINFOITERATOR.SCL NUMELEMENTS >> 
Executing  SASHELP.EMCORE.EMINFOITERATOR.SCL _term >> 
Executing  SASHELP.EMCORE.EMINFOITERATOR.SCL _INIT >> 
Executing  SASHELP.EMCORE.EMINFOITERATOR.SCL setMetaData >> 
NOTE: There were 1 observations read from the data set EMWS2.REG5_EMINFO.
      WHERE (TARGET='Cases_in_1000s') and (KEY='DECMETA');
NOTE: The data set WORK.EMINFO43BFFNKU has 1 observations and 3 variables.
Executing  SASHELP.EMCORE.EMINFOITERATOR.SCL next >> 
Executing  SASHELP.EMCORE.EMINFOITERATOR.SCL next >> 
Executing  SASHELP.EMCORE.EMINFOITERATOR.SCL _term >> 
50742      %let em_rootkey=;
50743      %let em_keytype=;
50744      %let em_keylen=;
50745      data _null_;
MPRINT(EM_DIAGRAM):    data _null_;
50746      set EMWS2.Ids2_cmeta_data;
MPRINT(EM_DIAGRAM):   set EMWS2.Ids2_cmeta_data;
50747      where role='KEY';
MPRINT(EM_DIAGRAM):   where role='KEY';
50748      call symput('em_rootkey', strip(NAME));
MPRINT(EM_DIAGRAM):   call symput('em_rootkey', strip(NAME));
50749      call symput('em_keytype', strip(TYPE));
MPRINT(EM_DIAGRAM):   call symput('em_keytype', strip(TYPE));
50750      call symput('em_rootlen', strip(put(length, best.)));
MPRINT(EM_DIAGRAM):   call symput('em_rootlen', strip(put(length, best.)));
50751      run;
MPRINT(EM_DIAGRAM):   run;

NOTE: There were 0 observations read from the data set EMWS2.IDS2_CMETA_DATA.
      WHERE role='KEY';
NOTE: DATA statement used (Total process time):
      real time           0.00 seconds
      cpu time            0.00 seconds
      

MPRINT(EM_DIAGRAM):    data EMWS2.Score2_SCORE / view = EMWS2.Score2_SCORE;
MPRINT(EM_DIAGRAM):   set EMWS2.Ids_DATA;
MPRINT(EM_DIAGRAM):   *------------------------------------------------------------*;
MPRINT(EM_DIAGRAM):   * EM SCORE CODE;
MPRINT(EM_DIAGRAM):   * EM Version: 14.2;
MPRINT(EM_DIAGRAM):   * SAS Release: 9.04.01M4P110916;
MPRINT(EM_DIAGRAM):   * Host: 830-5CG9310VLM;
MPRINT(EM_DIAGRAM):   * Encoding: wlatin1;
MPRINT(EM_DIAGRAM):   * Locale: en_US;
MPRINT(EM_DIAGRAM):   * Project Path: C:\Users\student\Desktop\AA 490\Final Project\AA490_Project;
MPRINT(EM_DIAGRAM):   * Project Name: Base Model;
MPRINT(EM_DIAGRAM):   * Diagram Id: EMWS2;
MPRINT(EM_DIAGRAM):   * Diagram Name: Base Model 2;
MPRINT(EM_DIAGRAM):   * Generated by: student;
MPRINT(EM_DIAGRAM):   * Date: 09DEC2019:17:28:02;
MPRINT(EM_DIAGRAM):   *------------------------------------------------------------*;
MPRINT(EM_DIAGRAM):   *------------------------------------------------------------*;
MPRINT(EM_DIAGRAM):   * TOOL: Input Data Source;
MPRINT(EM_DIAGRAM):   * TYPE: SAMPLE;
MPRINT(EM_DIAGRAM):   * NODE: Ids2;
MPRINT(EM_DIAGRAM):   *------------------------------------------------------------*;
MPRINT(EM_DIAGRAM):   *------------------------------------------------------------*;
MPRINT(EM_DIAGRAM):   * TOOL: Statistics Exploration;
MPRINT(EM_DIAGRAM):   * TYPE: EXPLORE;
MPRINT(EM_DIAGRAM):   * NODE: Stat;
MPRINT(EM_DIAGRAM):   *------------------------------------------------------------*;
MPRINT(EM_DIAGRAM):   *------------------------------------------------------------*;
MPRINT(EM_DIAGRAM):   * TOOL: Partition Class;
MPRINT(EM_DIAGRAM):   * TYPE: SAMPLE;
MPRINT(EM_DIAGRAM):   * NODE: Part;
MPRINT(EM_DIAGRAM):   *------------------------------------------------------------*;
MPRINT(EM_DIAGRAM):   *------------------------------------------------------------*;
MPRINT(EM_DIAGRAM):   * TOOL: Regression;
MPRINT(EM_DIAGRAM):   * TYPE: MODEL;
MPRINT(EM_DIAGRAM):   * NODE: Reg5;
MPRINT(EM_DIAGRAM):   *------------------------------------------------------------*;
MPRINT(EM_DIAGRAM):   *************************************;
MPRINT(EM_DIAGRAM):   *** begin scoring code for regression;
MPRINT(EM_DIAGRAM):   *************************************;
MPRINT(EM_DIAGRAM):   length _WARN_ $4;
MPRINT(EM_DIAGRAM):   label _WARN_ = 'Warnings' ;
MPRINT(EM_DIAGRAM):   drop _DM_BAD;
MPRINT(EM_DIAGRAM):   _DM_BAD=0;
MPRINT(EM_DIAGRAM):   *** Check Population_in_thousands for missing values ;
MPRINT(EM_DIAGRAM):   if missing( Population_in_thousands ) then do;
MPRINT(EM_DIAGRAM):   substr(_warn_,1,1) = 'M';
MPRINT(EM_DIAGRAM):   _DM_BAD = 1;
MPRINT(EM_DIAGRAM):   end;
MPRINT(EM_DIAGRAM):   *** Generate dummy variables for Age_group ;
MPRINT(EM_DIAGRAM):   drop _0_0 _0_1 _0_2 _0_3 _0_4 ;
MPRINT(EM_DIAGRAM):   *** encoding is sparse, initialize to zero;
MPRINT(EM_DIAGRAM):   _0_0 = 0;
MPRINT(EM_DIAGRAM):   _0_1 = 0;
MPRINT(EM_DIAGRAM):   _0_2 = 0;
MPRINT(EM_DIAGRAM):   _0_3 = 0;
MPRINT(EM_DIAGRAM):   _0_4 = 0;
MPRINT(EM_DIAGRAM):   if missing( Age_group ) then do;
MPRINT(EM_DIAGRAM):   _0_0 = .;
MPRINT(EM_DIAGRAM):   _0_1 = .;
MPRINT(EM_DIAGRAM):   _0_2 = .;
MPRINT(EM_DIAGRAM):   _0_3 = .;
MPRINT(EM_DIAGRAM):   _0_4 = .;
MPRINT(EM_DIAGRAM):   substr(_warn_,1,1) = 'M';
MPRINT(EM_DIAGRAM):   _DM_BAD = 1;
MPRINT(EM_DIAGRAM):   end;
MPRINT(EM_DIAGRAM):   else do;
MPRINT(EM_DIAGRAM):   length _dm19 $ 19;
MPRINT(EM_DIAGRAM):   drop _dm19 ;
MPRINT(DMNORMCP):   _dm19=dmnorm(Age_group,
MPRINT(DMNORLEN):  32
MPRINT(DMNORMCP):  );
MPRINT(EM_DIAGRAM):   if _dm19 = '25-44' then do;
MPRINT(EM_DIAGRAM):   _0_2 = 1;
MPRINT(EM_DIAGRAM):   end;
MPRINT(EM_DIAGRAM):   else if _dm19 = '45-64' then do;
MPRINT(EM_DIAGRAM):   _0_3 = 1;
MPRINT(EM_DIAGRAM):   end;
MPRINT(EM_DIAGRAM):   else if _dm19 = '85+' then do;
MPRINT(EM_DIAGRAM):   _0_0 = -1;
MPRINT(EM_DIAGRAM):   _0_1 = -1;
MPRINT(EM_DIAGRAM):   _0_2 = -1;
MPRINT(EM_DIAGRAM):   _0_3 = -1;
MPRINT(EM_DIAGRAM):   _0_4 = -1;
MPRINT(EM_DIAGRAM):   end;
MPRINT(EM_DIAGRAM):   else if _dm19 = '65-84' then do;
MPRINT(EM_DIAGRAM):   _0_4 = 1;
MPRINT(EM_DIAGRAM):   end;
MPRINT(EM_DIAGRAM):   else if _dm19 = '18-24' then do;
MPRINT(EM_DIAGRAM):   _0_1 = 1;
MPRINT(EM_DIAGRAM):   end;
MPRINT(EM_DIAGRAM):   else if _dm19 = '0-17' then do;
MPRINT(EM_DIAGRAM):   _0_0 = 1;
MPRINT(EM_DIAGRAM):   end;
MPRINT(EM_DIAGRAM):   else do;
MPRINT(EM_DIAGRAM):   _0_0 = .;
MPRINT(EM_DIAGRAM):   _0_1 = .;
MPRINT(EM_DIAGRAM):   _0_2 = .;
MPRINT(EM_DIAGRAM):   _0_3 = .;
MPRINT(EM_DIAGRAM):   _0_4 = .;
MPRINT(EM_DIAGRAM):   substr(_warn_,2,1) = 'U';
MPRINT(EM_DIAGRAM):   _DM_BAD = 1;
MPRINT(EM_DIAGRAM):   end;
MPRINT(EM_DIAGRAM):   end;
MPRINT(EM_DIAGRAM):   *** Generate dummy variables for Disease ;
MPRINT(EM_DIAGRAM):   drop _1_0 _1_1 _1_2 _1_3 ;
MPRINT(EM_DIAGRAM):   *** encoding is sparse, initialize to zero;
MPRINT(EM_DIAGRAM):   _1_0 = 0;
MPRINT(EM_DIAGRAM):   _1_1 = 0;
MPRINT(EM_DIAGRAM):   _1_2 = 0;
MPRINT(EM_DIAGRAM):   _1_3 = 0;
MPRINT(EM_DIAGRAM):   if missing( Disease ) then do;
MPRINT(EM_DIAGRAM):   _1_0 = .;
MPRINT(EM_DIAGRAM):   _1_1 = .;
MPRINT(EM_DIAGRAM):   _1_2 = .;
MPRINT(EM_DIAGRAM):   _1_3 = .;
MPRINT(EM_DIAGRAM):   substr(_warn_,1,1) = 'M';
MPRINT(EM_DIAGRAM):   _DM_BAD = 1;
MPRINT(EM_DIAGRAM):   end;
MPRINT(EM_DIAGRAM):   else do;
MPRINT(EM_DIAGRAM):   length _dm32 $ 32;
MPRINT(EM_DIAGRAM):   drop _dm32 ;
MPRINT(DMNORMCP):   _dm32=dmnorm(Disease,
MPRINT(DMNORLEN):  32
MPRINT(DMNORMCP):  );
MPRINT(EM_DIAGRAM):   if _dm32 = 'DEMENTIA AND ALZHEIMER''S DISEASE' then do;
MPRINT(EM_DIAGRAM):   _1_2 = 1;
MPRINT(EM_DIAGRAM):   end;
MPRINT(EM_DIAGRAM):   else if _dm32 = 'SEPTICEMIA' then do;
MPRINT(EM_DIAGRAM):   _1_0 = -1;
MPRINT(EM_DIAGRAM):   _1_1 = -1;
MPRINT(EM_DIAGRAM):   _1_2 = -1;
MPRINT(EM_DIAGRAM):   _1_3 = -1;
MPRINT(EM_DIAGRAM):   end;
MPRINT(EM_DIAGRAM):   else if _dm32 = 'CANCER, ALL' then do;
MPRINT(EM_DIAGRAM):   _1_1 = 1;
MPRINT(EM_DIAGRAM):   end;
MPRINT(EM_DIAGRAM):   else if _dm32 = 'OSTEOARTHRITIS' then do;
MPRINT(EM_DIAGRAM):   _1_3 = 1;
MPRINT(EM_DIAGRAM):   end;
MPRINT(EM_DIAGRAM):   else if _dm32 = 'ASTHMA' then do;
MPRINT(EM_DIAGRAM):   _1_0 = 1;
MPRINT(EM_DIAGRAM):   end;
MPRINT(EM_DIAGRAM):   else do;
MPRINT(EM_DIAGRAM):   _1_0 = .;
MPRINT(EM_DIAGRAM):   _1_1 = .;
MPRINT(EM_DIAGRAM):   _1_2 = .;
MPRINT(EM_DIAGRAM):   _1_3 = .;
MPRINT(EM_DIAGRAM):   substr(_warn_,2,1) = 'U';
MPRINT(EM_DIAGRAM):   _DM_BAD = 1;
MPRINT(EM_DIAGRAM):   end;
MPRINT(EM_DIAGRAM):   end;
MPRINT(EM_DIAGRAM):   *** Generate dummy variables for Gender ;
MPRINT(EM_DIAGRAM):   drop _2_0 ;
MPRINT(EM_DIAGRAM):   if missing( Gender ) then do;
MPRINT(EM_DIAGRAM):   _2_0 = .;
MPRINT(EM_DIAGRAM):   substr(_warn_,1,1) = 'M';
MPRINT(EM_DIAGRAM):   _DM_BAD = 1;
MPRINT(EM_DIAGRAM):   end;
MPRINT(EM_DIAGRAM):   else do;
MPRINT(EM_DIAGRAM):   length _dm10 $ 10;
MPRINT(EM_DIAGRAM):   drop _dm10 ;
MPRINT(EM_DIAGRAM):   _dm10 = put( Gender , $CHAR10. );
MPRINT(DMNORMIP):   call dmnorm(_dm10,
MPRINT(DMNORLEN):  32
MPRINT(DMNORMIP):  );
MPRINT(EM_DIAGRAM):   if _dm10 = 'FEMALE' then do;
MPRINT(EM_DIAGRAM):   _2_0 = 1;
MPRINT(EM_DIAGRAM):   end;
MPRINT(EM_DIAGRAM):   else if _dm10 = 'MALE' then do;
MPRINT(EM_DIAGRAM):   _2_0 = -1;
MPRINT(EM_DIAGRAM):   end;
MPRINT(EM_DIAGRAM):   else do;
MPRINT(EM_DIAGRAM):   _2_0 = .;
MPRINT(EM_DIAGRAM):   substr(_warn_,2,1) = 'U';
MPRINT(EM_DIAGRAM):   _DM_BAD = 1;
MPRINT(EM_DIAGRAM):   end;
MPRINT(EM_DIAGRAM):   end;
MPRINT(EM_DIAGRAM):   *** If missing inputs, use averages;
MPRINT(EM_DIAGRAM):   if _DM_BAD > 0 then do;
MPRINT(EM_DIAGRAM):   _LP0 = 49.9179190751445;
MPRINT(EM_DIAGRAM):   goto REG5DR1;
MPRINT(EM_DIAGRAM):   end;
MPRINT(EM_DIAGRAM):   *** Compute Linear Predictor;
MPRINT(EM_DIAGRAM):   drop _TEMP;
MPRINT(EM_DIAGRAM):   drop _LP0;
MPRINT(EM_DIAGRAM):   _LP0 = 0;
MPRINT(EM_DIAGRAM):   *** Effect: Age_group ;
MPRINT(EM_DIAGRAM):   _TEMP = 1;
MPRINT(EM_DIAGRAM):   _LP0 = _LP0 + ( -68.218939505593) * _TEMP * _0_0;
MPRINT(EM_DIAGRAM):   _LP0 = _LP0 + ( -14.7579337629462) * _TEMP * _0_1;
MPRINT(EM_DIAGRAM):   _LP0 = _LP0 + ( -78.5097315230807) * _TEMP * _0_2;
MPRINT(EM_DIAGRAM):   _LP0 = _LP0 + ( 14.8718794691663) * _TEMP * _0_3;
MPRINT(EM_DIAGRAM):   _LP0 = _LP0 + ( 105.10105866912) * _TEMP * _0_4;
MPRINT(EM_DIAGRAM):   *** Effect: Disease ;
MPRINT(EM_DIAGRAM):   _TEMP = 1;
MPRINT(EM_DIAGRAM):   _LP0 = _LP0 + ( -9.24084009672934) * _TEMP * _1_0;
MPRINT(EM_DIAGRAM):   _LP0 = _LP0 + ( 61.7847909243756) * _TEMP * _1_1;
MPRINT(EM_DIAGRAM):   _LP0 = _LP0 + ( -39.8142696137315) * _TEMP * _1_2;
MPRINT(EM_DIAGRAM):   _LP0 = _LP0 + ( 2.97554555294165) * _TEMP * _1_3;
MPRINT(EM_DIAGRAM):   *** Effect: Gender ;
MPRINT(EM_DIAGRAM):   _TEMP = 1;
MPRINT(EM_DIAGRAM):   _LP0 = _LP0 + ( 4.36294125979976) * _TEMP * _2_0;
MPRINT(EM_DIAGRAM):   *** Effect: Population_in_thousands ;
MPRINT(EM_DIAGRAM):   _TEMP = Population_in_thousands ;
MPRINT(EM_DIAGRAM):   _LP0 = _LP0 + ( 0.00310607604835 * _TEMP);
MPRINT(EM_DIAGRAM):   *** Effect: Age_group*Disease ;
MPRINT(EM_DIAGRAM):   _TEMP = 1;
MPRINT(EM_DIAGRAM):   _LP0 = _LP0 + ( 80.303346895729) * _TEMP * _0_0 * _1_0;
MPRINT(EM_DIAGRAM):   _LP0 = _LP0 + ( -70.252908521696) * _TEMP * _0_0 * _1_1;
MPRINT(EM_DIAGRAM):   _LP0 = _LP0 + ( 18.0287580656425) * _TEMP * _0_0 * _1_2;
MPRINT(EM_DIAGRAM):   _LP0 = _LP0 + ( -27.4006629526389) * _TEMP * _0_0 * _1_3;
MPRINT(EM_DIAGRAM):   _LP0 = _LP0 + ( 15.2611371052263) * _TEMP * _0_1 * _1_0;
MPRINT(EM_DIAGRAM):   _LP0 = _LP0 + ( -59.5878423999859) * _TEMP * _0_1 * _1_1;
MPRINT(EM_DIAGRAM):   _LP0 = _LP0 + ( 36.5507247588724) * _TEMP * _0_1 * _1_2;
MPRINT(EM_DIAGRAM):   _LP0 = _LP0 + ( -6.3277402763714) * _TEMP * _0_1 * _1_3;
MPRINT(EM_DIAGRAM):   _LP0 = _LP0 + ( 23.5696362287826) * _TEMP * _0_2 * _1_0;
MPRINT(EM_DIAGRAM):   _LP0 = _LP0 + ( -26.3213979493903) * _TEMP * _0_2 * _1_1;
MPRINT(EM_DIAGRAM):   _LP0 = _LP0 + ( 13.9686093610471) * _TEMP * _0_2 * _1_2;
MPRINT(EM_DIAGRAM):   _LP0 = _LP0 + ( -15.1414857600671) * _TEMP * _0_2 * _1_3;
MPRINT(EM_DIAGRAM):   _LP0 = _LP0 + ( -28.5925125279295) * _TEMP * _0_3 * _1_0;
MPRINT(EM_DIAGRAM):   _LP0 = _LP0 + ( 79.5855180172679) * _TEMP * _0_3 * _1_1;
MPRINT(EM_DIAGRAM):   _LP0 = _LP0 + ( -45.539444954891) * _TEMP * _0_3 * _1_2;
MPRINT(EM_DIAGRAM):   _LP0 = _LP0 + ( 23.7501274677249) * _TEMP * _0_3 * _1_3;
MPRINT(EM_DIAGRAM):   _LP0 = _LP0 + ( -82.8375370158417) * _TEMP * _0_4 * _1_0;
MPRINT(EM_DIAGRAM):   _LP0 = _LP0 + ( 120.063914512013) * _TEMP * _0_4 * _1_1;
MPRINT(EM_DIAGRAM):   _LP0 = _LP0 + ( -57.0141821034771) * _TEMP * _0_4 * _1_2;
MPRINT(EM_DIAGRAM):   _LP0 = _LP0 + ( 37.9161094005809) * _TEMP * _0_4 * _1_3;
MPRINT(EM_DIAGRAM):   *** Effect: Age_group*Gender ;
MPRINT(EM_DIAGRAM):   _TEMP = 1;
MPRINT(EM_DIAGRAM):   _LP0 = _LP0 + ( -7.93150243104012) * _TEMP * _0_0 * _2_0;
MPRINT(EM_DIAGRAM):   _LP0 = _LP0 + ( -2.88473738844764) * _TEMP * _0_1 * _2_0;
MPRINT(EM_DIAGRAM):   _LP0 = _LP0 + ( 3.91403164879495) * _TEMP * _0_2 * _2_0;
MPRINT(EM_DIAGRAM):   _LP0 = _LP0 + ( 2.58317683633376) * _TEMP * _0_3 * _2_0;
MPRINT(EM_DIAGRAM):   _LP0 = _LP0 + ( 3.75341533588197) * _TEMP * _0_4 * _2_0;
MPRINT(EM_DIAGRAM):   *** Effect: Disease*Gender ;
MPRINT(EM_DIAGRAM):   _TEMP = 1;
MPRINT(EM_DIAGRAM):   _LP0 = _LP0 + ( 1.19621301954507) * _TEMP * _1_0 * _2_0;
MPRINT(EM_DIAGRAM):   _LP0 = _LP0 + ( 1.42200033324647) * _TEMP * _1_1 * _2_0;
MPRINT(EM_DIAGRAM):   _LP0 = _LP0 + ( -4.28664963595513) * _TEMP * _1_2 * _2_0;
MPRINT(EM_DIAGRAM):   _LP0 = _LP0 + ( 3.75438619150629) * _TEMP * _1_3 * _2_0;
MPRINT(EM_DIAGRAM):   *--- Intercept ---*;
MPRINT(EM_DIAGRAM):   _LP0 = _LP0 + ( -24.8018210357458);
MPRINT(EM_DIAGRAM):   REG5DR1: *** Predicted Value;
MPRINT(EM_DIAGRAM):   label P_Cases_in_1000s = 'Predicted: Cases_in_1000s' ;
MPRINT(EM_DIAGRAM):   P_Cases_in_1000s = _LP0;
MPRINT(EM_DIAGRAM):   *************************************;
MPRINT(EM_DIAGRAM):   ***** end scoring code for regression;
MPRINT(EM_DIAGRAM):   *************************************;
MPRINT(EM_DIAGRAM):   *------------------------------------------------------------*;
MPRINT(EM_DIAGRAM):   * TOOL: Model Compare Class;
MPRINT(EM_DIAGRAM):   * TYPE: ASSESS;
MPRINT(EM_DIAGRAM):   * NODE: MdlComp;
MPRINT(EM_DIAGRAM):   *------------------------------------------------------------*;
MPRINT(EM_DIAGRAM):   if (P_Cases_in_1000s ge 254.504715691805) then do;
MPRINT(EM_DIAGRAM):   b_Cases_in_1000s = 1;
MPRINT(EM_DIAGRAM):   end;
MPRINT(EM_DIAGRAM):   else if (P_Cases_in_1000s ge 155.453627385272) then do;
MPRINT(EM_DIAGRAM):   b_Cases_in_1000s = 2;
MPRINT(EM_DIAGRAM):   end;
MPRINT(EM_DIAGRAM):   else if (P_Cases_in_1000s ge 104.512893800771) then do;
MPRINT(EM_DIAGRAM):   b_Cases_in_1000s = 3;
MPRINT(EM_DIAGRAM):   end;
MPRINT(EM_DIAGRAM):   else if (P_Cases_in_1000s ge 82.6928999075811) then do;
MPRINT(EM_DIAGRAM):   b_Cases_in_1000s = 4;
MPRINT(EM_DIAGRAM):   end;
MPRINT(EM_DIAGRAM):   else if (P_Cases_in_1000s ge 57.7020158302998) then do;
MPRINT(EM_DIAGRAM):   b_Cases_in_1000s = 5;
MPRINT(EM_DIAGRAM):   end;
MPRINT(EM_DIAGRAM):   else if (P_Cases_in_1000s ge 50.4809349799713) then do;
MPRINT(EM_DIAGRAM):   b_Cases_in_1000s = 6;
MPRINT(EM_DIAGRAM):   end;
MPRINT(EM_DIAGRAM):   else if (P_Cases_in_1000s ge 43.4294220913613) then do;
MPRINT(EM_DIAGRAM):   b_Cases_in_1000s = 7;
MPRINT(EM_DIAGRAM):   end;
MPRINT(EM_DIAGRAM):   else if (P_Cases_in_1000s ge 32.7426066181951) then do;
MPRINT(EM_DIAGRAM):   b_Cases_in_1000s = 8;
MPRINT(EM_DIAGRAM):   end;
MPRINT(EM_DIAGRAM):   else if (P_Cases_in_1000s ge 28.4929612188917) then do;
MPRINT(EM_DIAGRAM):   b_Cases_in_1000s = 9;
MPRINT(EM_DIAGRAM):   end;
MPRINT(EM_DIAGRAM):   else if (P_Cases_in_1000s ge 23.4044044589745) then do;
MPRINT(EM_DIAGRAM):   b_Cases_in_1000s = 10;
MPRINT(EM_DIAGRAM):   end;
MPRINT(EM_DIAGRAM):   else if (P_Cases_in_1000s ge 19.7722977260921) then do;
MPRINT(EM_DIAGRAM):   b_Cases_in_1000s = 11;
MPRINT(EM_DIAGRAM):   end;
MPRINT(EM_DIAGRAM):   else if (P_Cases_in_1000s ge 15.715538694116) then do;
MPRINT(EM_DIAGRAM):   b_Cases_in_1000s = 12;
MPRINT(EM_DIAGRAM):   end;
MPRINT(EM_DIAGRAM):   else if (P_Cases_in_1000s ge 12.4284054000453) then do;
MPRINT(EM_DIAGRAM):   b_Cases_in_1000s = 13;
MPRINT(EM_DIAGRAM):   end;
MPRINT(EM_DIAGRAM):   else if (P_Cases_in_1000s ge 7.25587059735292) then do;
MPRINT(EM_DIAGRAM):   b_Cases_in_1000s = 14;
MPRINT(EM_DIAGRAM):   end;
MPRINT(EM_DIAGRAM):   else if (P_Cases_in_1000s ge 4.59311759682893) then do;
MPRINT(EM_DIAGRAM):   b_Cases_in_1000s = 15;
MPRINT(EM_DIAGRAM):   end;
MPRINT(EM_DIAGRAM):   else if (P_Cases_in_1000s ge 2.50932460096733) then do;
MPRINT(EM_DIAGRAM):   b_Cases_in_1000s = 16;
MPRINT(EM_DIAGRAM):   end;
MPRINT(EM_DIAGRAM):   else if (P_Cases_in_1000s ge 0.57366915180539) then do;
MPRINT(EM_DIAGRAM):   b_Cases_in_1000s = 17;
MPRINT(EM_DIAGRAM):   end;
MPRINT(EM_DIAGRAM):   else if (P_Cases_in_1000s ge -2.27839455173779) then do;
MPRINT(EM_DIAGRAM):   b_Cases_in_1000s = 18;
MPRINT(EM_DIAGRAM):   end;
MPRINT(EM_DIAGRAM):   else if (P_Cases_in_1000s ge -5.77882190392638) then do;
MPRINT(EM_DIAGRAM):   b_Cases_in_1000s = 19;
MPRINT(EM_DIAGRAM):   end;
MPRINT(EM_DIAGRAM):   else do;
MPRINT(EM_DIAGRAM):   b_Cases_in_1000s = 20;
MPRINT(EM_DIAGRAM):   end;
MPRINT(EM_DIAGRAM):   *------------------------------------------------------------*;
MPRINT(EM_DIAGRAM):   * TOOL: Score Node;
MPRINT(EM_DIAGRAM):   * TYPE: ASSESS;
MPRINT(EM_DIAGRAM):   * NODE: Score2;
MPRINT(EM_DIAGRAM):   *------------------------------------------------------------*;
MPRINT(EM_DIAGRAM):   *------------------------------------------------------------*;
MPRINT(EM_DIAGRAM):   * Score2: Creating Fixed Names;
MPRINT(EM_DIAGRAM):   *------------------------------------------------------------*;
MPRINT(EM_DIAGRAM):   LABEL EM_SEGMENT = 'Segment';
MPRINT(EM_DIAGRAM):   EM_SEGMENT = b_Cases_in_1000s;
MPRINT(EM_DIAGRAM):   LABEL EM_PREDICTION= "Prediction for Cases_in_1000s";
MPRINT(EM_DIAGRAM):   EM_PREDICTION = P_Cases_in_1000s;
MPRINT(EM_DIAGRAM):   run;
MPRINT(EM_DIAGRAM):    proc printto;
MPRINT(EM_DIAGRAM):   run;
