 
                                                                                                                                                                                                                                                                
 
 
Fit Statistics

Target=Sum_Labor_Force_Pop Target Label=Industry_Population

   Fit
Statistics    Statistics Label                            Train         Validation               Test

 _AIC_        Akaike's Information Criterion            2973.61                .                  .  
 _ASE_        Average Squared Error             233179704841.84    318944769588.89    364105412093.45
 _AVERR_      Average Error Function            233179704841.84    318944769588.89    364105412093.45
 _DFE_        Degrees of Freedom for Error                91.00                .                  .  
 _DFM_        Model Degrees of Freedom                    21.00                .                  .  
 _DFT_        Total Degrees of Freedom                   112.00                .                  .  
 _DIV_        Divisor for ASE                            112.00              84.00              84.00
 _ERR_        Error Function                     26116126942287     26791360645467     30584854615850
 _FPE_        Final Prediction Error            340801107076.54                .                  .  
 _MAX_        Maximum Absolute Error                 1498181.36         1983748.11         2020226.74
 _MSE_        Mean Square Error                 286990405959.19    318944769588.89    364105412093.45
 _NOBS_       Sum of Frequencies                         112.00              84.00              84.00
 _NW_         Number of Estimate Weights                  21.00                .                  .  
 _RASE_       Root Average Sum of Squares             482886.84          564751.95          603411.48
 _RFPE_       Root Final Prediction Error             583781.73                .                  .  
 _RMSE_       Root Mean Squared Error                 535714.86          564751.95          603411.48
 _SBC_        Schwarz's Bayesian Criterion              3030.70                .                  .  
 _SSE_        Sum of Squared Errors              26116126942287     26791360645467     30584854615850
 _SUMW_       Sum of Case Weights Times Freq             112.00              84.00              84.00
 
                                                                                                                                                                                                                                                                
 
 
Assessment Score Rankings

Data Role=TRAIN Target Variable=Sum_Labor_Force_Pop Target Label=Industry_Population

           Number of                        Mean
Depth    Observations    Mean Target     Predicted

   5           6         22027666.67    22037349.50
  10           6         14186000.00    14395240.93
  15           5         12854800.00    12725833.75
  20           6         10704333.33    10769570.69
  25           5          9464200.00     9117766.63
  30           6          7879833.33     7888085.03
  35           6          7410833.33     7409818.77
  40           5          6921800.00     6893856.56
  45           6          6231000.00     6575552.36
  50           5          6226400.00     6235068.44
  55           6          5932000.00     5718771.30
  60           6          4830666.67     4810287.61
  65           5          3184200.00     3206898.26
  70           6          2347166.67     2506637.34
  75           5          2303600.00     2043584.26
  80           6          1739166.67     1877883.78
  85           6          1522000.00     1552730.63
  90           5           875200.00     1119660.58
  95           6           785000.00      677464.37
 100           5           398600.00      137660.73


Data Role=VALIDATE Target Variable=Sum_Labor_Force_Pop Target Label=Industry_Population

           Number of       Mean          Mean
Depth    Observations     Target      Predicted

   5           5         24308000    24534824.16
  10           4         22659750    22169273.16
  15           4         15738750    16098451.90
  20           4         14079500    14349507.92
  25           4         10667000    10663929.88
  30           5          8453800     8330868.52
  35           4          7486750     7119052.78
  40           4          6738500     6656088.35
  45           4          5675250     6405997.79
  50           4          6574500     6154632.93
  55           5          6136400     5901344.75
  60           4          5567250     5409284.31
  65           4          5199500     4938593.22
  70           4          3244250     3306703.84
  75           4          1749500     2285045.84
  80           5          2625200     2089691.35
  85           4          1543500     1712730.75
  90           4          1206500     1250511.09
  95           4           683000      636307.09
 100           4           444000      289842.56
 
                                                                                                                                                                                                                                                                
 
 
Assessment Score Distribution

Data Role=TRAIN Target Variable=Sum_Labor_Force_Pop Target Label=Industry_Population

                                                  Mean         Number of
    Range for Predicted        Mean Target     Predicted     Observations    Model Score

23228478.978 - 24465441.120    24442000.00    24397126.11          2         23846960.05
21991516.836 - 23228478.978    22948500.00    22414023.46          2         22609997.91
19517592.552 - 20754554.694    19450000.00    19716824.16          1         20136073.62
18280630.410 - 19517592.552    17935000.00    18884973.69          1         18899111.48
14569743.985 - 15806706.127    14958000.00    14980819.03          4         15188225.06
12095819.701 - 13332781.843    12794000.00    12868191.18          7         12714300.77
10858857.559 - 12095819.701    11831000.00    11575505.34          3         11477338.63
 9621895.417 - 10858857.559     9916666.67     9904353.42          6         10240376.49
 7147971.133 -  8384933.275     7735571.43     7702931.69         14          7766452.20
 5911008.991 -  7147971.133     6445437.50     6568621.20         16          6529490.06
 4674046.849 -  5911008.991     5652444.44     5546542.68          9          5292527.92
 3437084.707 -  4674046.849     4408250.00     4306994.91          4          4055565.78
 2200122.566 -  3437084.707     2727888.89     2769051.36          9          2818603.64
 963160.424 -  2200122.566      1608043.48     1677402.32         23          1581641.49
 -273801.718 -  963160.424       609363.64      432099.08         11           344679.35


Data Role=VALIDATE Target Variable=Sum_Labor_Force_Pop Target Label=Industry_Population

                                                  Mean         Number of
    Range for Predicted        Mean Target     Predicted     Observations    Model Score

23541396.327 - 24784062.887    24407833.33    24506684.57          6         24162729.61
22298729.766 - 23541396.327    23261000.00    22470902.22          1         22920063.05
21056063.206 - 22298729.766    21963000.00    21297059.20          1         21677396.49
19813396.645 - 21056063.206    20508000.00    20543144.60          1         20434729.93
18570730.085 - 19813396.645    18710000.00    19307668.09          1         19192063.36
14842730.403 - 16085396.964    14562166.67    14981644.50          6         15464063.68
12357397.282 - 13600063.843    13190000.00    12594304.16          1         12978730.56
11114730.722 - 12357397.282    12147000.00    11728393.63          1         11736064.00
 9872064.161 - 11114730.722    10244750.00    10201807.75          4         10493397.44
 7386731.040 -  8629397.601     7935400.00     7884773.53          5          8008064.32
 6144064.480 -  7386731.040     6523461.54     6572914.47         13          6765397.76
 4901397.920 -  6144064.480     5879846.15     5651882.41         13          5522731.20
 3658731.359 -  4901397.920     4890000.00     4636783.59          3          4280064.64
 2416064.799 -  3658731.359     2949000.00     2995332.07          3          3037398.08
 1173398.238 -  2416064.799     1900312.50     1917891.66         16          1794731.52
 -69268.322 -  1173398.238       580777.78      495548.82          9           552064.96
