NOTE: PROCEDURE PRINTTO used (Total process time):
      real time           0.00 seconds
      cpu time            0.00 seconds
      

Traverser: Traverser invoked.  MPCONNECT command is !sascmdv -nosyntaxcheck -noasynchio -noobjectserver. 
Traverser: Beginning flow traversal 
17155      data _null_;
MPRINT(EM_DIAGRAM):    data _null_;
17156      file emwipmsg;
MPRINT(EM_DIAGRAM):   file emwipmsg;
17157      put '<Node Id="Ids" Event="Run" Pid="20812" Gridid=""/>';
MPRINT(EM_DIAGRAM):   put '<Node Id="Ids" Event="Run" Pid="20812" Gridid=""/>';
17158      run;
MPRINT(EM_DIAGRAM):   run;

NOTE: The file EMWIPMSG is:
      Local Host Name=830-5CG9310VLM,
      Local Host IP addr=fe80::5138:e67e:d937:38d%7,
      Peer Hostname Name=830-5CG9310VLM,
      Peer IP addr=127.0.0.1,Peer Name=N/A,
      Peer Portno=50870,Lrecl=32767,Recfm=Variable

NOTE: 1 record was written to the file EMWIPMSG.
      The minimum record length was 50.
      The maximum record length was 50.
NOTE: DATA statement used (Total process time):
      real time           0.08 seconds
      cpu time            0.00 seconds
      

17159      %let emloopmode =;
*------------------------------------------------------------* 
* 
* Ids : Beginning update before running 
* datetime : 09DEC2019:17:27:37 
* 
*------------------------------------------------------------* 
17160      *------------------------------------------------------------*;
MPRINT(EM_DIAGRAM):     *------------------------------------------------------------*;
17161      * Ids: Update Variables Set;
MPRINT(EM_DIAGRAM):   * Ids: Update Variables Set;
17162      *------------------------------------------------------------*;
MPRINT(EM_DIAGRAM):   *------------------------------------------------------------*;

17163      data EMWS2.Ids_VariableSet;
MPRINT(EM_DIAGRAM):    data EMWS2.Ids_VariableSet;
17164      length ROLE $32;
MPRINT(EM_DIAGRAM):   length ROLE $32;
17165      length LEVEL $10;
MPRINT(EM_DIAGRAM):   length LEVEL $10;
17166      length REPORT $1;
MPRINT(EM_DIAGRAM):   length REPORT $1;
17167      label REPORT = "Report";
MPRINT(EM_DIAGRAM):   label REPORT = "Report";
17168      length ORDER $8;
MPRINT(EM_DIAGRAM):   length ORDER $8;
17169      length DROP $1;
MPRINT(EM_DIAGRAM):   length DROP $1;
17170      length LOWERLIMIT 8;
MPRINT(EM_DIAGRAM):   length LOWERLIMIT 8;
17171      length UPPERLIMIT 8;
MPRINT(EM_DIAGRAM):   length UPPERLIMIT 8;
17172      set EMWS2.Ids_EMCMETADEFAULT;
MPRINT(EM_DIAGRAM):   set EMWS2.Ids_EMCMETADEFAULT;
17173      run;
MPRINT(EM_DIAGRAM):   run;

NOTE: There were 5 observations read from the data set EMWS2.IDS_EMCMETADEFAULT.
NOTE: The data set EMWS2.IDS_VARIABLESET has 5 observations and 21 variables.
NOTE: DATA statement used (Total process time):
      real time           0.03 seconds
      cpu time            0.00 seconds
      

17174      * Ids: End of Update Variables Set;
MPRINT(EM_DIAGRAM):    * Ids: End of Update Variables Set;
17175      *------------------------------------------------------------*;
MPRINT(EM_DIAGRAM):   *------------------------------------------------------------*;

MPRINT(EM_DIAGRAM):    filename _emtool_ 'C:\Users\student\Desktop\AA 490\Final Project\AA490_Project\Base Model\Workspaces\EMWS2\Ids\PROPERTIES.xml' encoding="UTF-8" NOBOM;
17177      %let _HPDMGRIDHOST=;
17178      %let _HPDMGRIDINSTALLLOC=;
17179      %let _HPDMGRIDDATASERVER=;
17180      %hpdm_gridSetOPtions;
MPRINT(EM_DIAGRAM):   
MPRINT(HPDM_GRIDSETOPTIONS):   data _null_;
MPRINT(HPDM_GRIDSETOPTIONS):   length optionString string $2000;
MPRINT(HPDM_GRIDSETOPTIONS):   optionString = reverse(getoption('SET'));
MPRINT(HPDM_GRIDSETOPTIONS):   index = index(optionString, reverse('GRIDHOST'));
MPRINT(HPDM_GRIDSETOPTIONS):   if index then do;
MPRINT(HPDM_GRIDSETOPTIONS):   string = reverse(substr(optionString, 1, index-4));
MPRINT(HPDM_GRIDSETOPTIONS):   host = '"'!!strip(tranwrd(scan(string, 1, ']'), '"', ''))!!'"';
MPRINT(HPDM_GRIDSETOPTIONS):   call symput('_HPDMGRIDHOST', strip(host));
MPRINT(HPDM_GRIDSETOPTIONS):   end;
MPRINT(HPDM_GRIDSETOPTIONS):   index = index(optionString, reverse('GRIDINSTALLLOC'));
MPRINT(HPDM_GRIDSETOPTIONS):   if index then do;
MPRINT(HPDM_GRIDSETOPTIONS):   string = reverse(substr(optionString, 1, index-4));
MPRINT(HPDM_GRIDSETOPTIONS):   install = '"'!!strip(tranwrd(scan(string, 1, ']'), '"', ''))!!'"';
MPRINT(HPDM_GRIDSETOPTIONS):   call symput('_HPDMGRIDINSTALLLOC', strip(install));
MPRINT(HPDM_GRIDSETOPTIONS):   end;
MPRINT(HPDM_GRIDSETOPTIONS):   index = index(optionString, reverse('GRIDDATASERVER'));
MPRINT(HPDM_GRIDSETOPTIONS):   if index then do;
MPRINT(HPDM_GRIDSETOPTIONS):   string = reverse(substr(optionString, 1, index-4));
MPRINT(HPDM_GRIDSETOPTIONS):   server = '"'!!strip(tranwrd(scan(string, 1, ']'), '"', ''))!!'"';
MPRINT(HPDM_GRIDSETOPTIONS):   call symput('_HPDMGRIDDATASERVER', strip(server));
MPRINT(HPDM_GRIDSETOPTIONS):   end;
MPRINT(HPDM_GRIDSETOPTIONS):   run;

NOTE: DATA statement used (Total process time):
      real time           0.00 seconds
      cpu time            0.01 seconds
      

MPRINT(EM_DIAGRAM):  ;

*------------------------------------------------------------* 
* 
* Ids : End update 
* datetime : 09DEC2019:17:27:37 
* 
*------------------------------------------------------------* 
17181      %em_getactionstatus(emlib =EMWS2, nodeid=Ids);
MPRINT(EM_DIAGRAM):   
MPRINT(EM_GETACTIONSTATUS):   proc display c=sashelp.emutil.getactionstatus.scl;
MPRINT(EM_GETACTIONSTATUS):   run;

17182      %let em_Train = Y;
17183      %let em_Report = Y;
17184      %let em_Score = Y;
17185      %let em_Run = Y;
NOTE: PROCEDURE DISPLAY used (Total process time):
      real time           0.00 seconds
      cpu time            0.00 seconds
      

MPRINT(EM_GETACTIONSTATUS):   
MPRINT(EM_DIAGRAM):  ;

17186      %let emloopmode =;
17187      %let emloopnumber =0;
17188      %let emloopId =Ids;
*------------------------------------------------------------* 
* 
* Ids : Running 
* datetime : 09DEC2019:17:27:37 
* 
*------------------------------------------------------------* 
17189      %let SYSCC =0;
17190      %let EMGROUPMODE =;
17191      %let EMGROUPID =;
MPRINT(EM_DIAGRAM):      filename temp catalog 'sashelp.emutil.em_vardist.source';
MPRINT(EM_DIAGRAM):   filename temp;
MPRINT(EM_DIAGRAM):   filename temp catalog 'sashelp.emutil.em_classdist.source';
MPRINT(EM_DIAGRAM):   filename temp;
MPRINT(EM_DIAGRAM):   filename temp catalog 'sashelp.emutil.em_checksetinit.source';
MPRINT(EM_DIAGRAM):   filename temp;
MPRINT(EM_DIAGRAM):   filename temp catalog 'sashelp.emutil.em_checkerror.source';
MPRINT(EM_DIAGRAM):   filename temp;
MPRINT(EM_DIAGRAM):   filename temp catalog 'sashelp.emutil.em_odsliston.source';
MPRINT(EM_DIAGRAM):   filename temp;
MPRINT(EM_DIAGRAM):   filename temp catalog 'sashelp.emutil.em_odslistoff.source';
MPRINT(EM_DIAGRAM):   filename temp;
MPRINT(EM_DIAGRAM):   filename temp catalog 'sashelp.emutil.em_getvarname.source';
MPRINT(EM_DIAGRAM):   filename temp;
MPRINT(EM_DIAGRAM):   filename temp catalog 'sashelp.emassmt.em_assess.source';
MPRINT(EM_DIAGRAM):   filename temp;
MPRINT(EM_DIAGRAM):    filename L0ET8GN3 "C:\Users\student\Desktop\AA 490\Final Project\AA490_Project\Base Model\Workspaces\EMWS2\Ids\EMTRAIN.log" encoding="UTF-8" NOBOM;
MPRINT(EM_DIAGRAM):   proc printto log=L0ET8GN3 new;
MPRINT(EM_DIAGRAM):   run;
