NOTE: PROCEDURE PRINTTO used (Total process time):
      real time           0.00 seconds
      cpu time            0.01 seconds
      

1 
Traverser: Traverser invoked.  MPCONNECT command is sas. 
Traverser: Beginning flow traversal 
*------------------------------------------------------------* 
* 
* Ids : Beginning Update 
* datetime : 21NOV2019:16:31:17 
* 
*------------------------------------------------------------* 
33362      %let _HPDMGRIDHOST=;
33363      %let _HPDMGRIDINSTALLLOC=;
33364      %let _HPDMGRIDDATASERVER=;
33365      %hpdm_gridSetOPtions;

NOTE: DATA statement used (Total process time):
      real time           0.00 seconds
      cpu time            0.00 seconds
      


*------------------------------------------------------------* 
* 
* Ids : End Update 
* datetime : 21NOV2019:16:31:17 
* 
*------------------------------------------------------------* 
Traverser: WaitingNode "PART" 
Traverser: WaitingNode "CNTRL" 
Traverser: WaitingNode "REG4" 
traverser_readyNode_note 
*------------------------------------------------------------* 
* 
* Stat : Beginning Update 
* datetime : 21NOV2019:16:31:18 
* 
*------------------------------------------------------------* 
33386      %let _HPDMGRIDHOST=;
33387      %let _HPDMGRIDINSTALLLOC=;
33388      %let _HPDMGRIDDATASERVER=;
33389      %hpdm_gridSetOPtions;

NOTE: DATA statement used (Total process time):
      real time           0.00 seconds
      cpu time            0.00 seconds
      


*------------------------------------------------------------* 
* 
* Stat : End Update 
* datetime : 21NOV2019:16:31:18 
* 
*------------------------------------------------------------* 
Traverser: WaitingNode "CNTRL" 
Traverser: WaitingNode "REG4" 
traverser_readyNode_note 
*------------------------------------------------------------* 
* 
* Part : Beginning Update 
* datetime : 21NOV2019:16:31:18 
* 
*------------------------------------------------------------* 
33408      %let _HPDMGRIDHOST=;
33409      %let _HPDMGRIDINSTALLLOC=;
33410      %let _HPDMGRIDDATASERVER=;
33411      %hpdm_gridSetOPtions;

NOTE: DATA statement used (Total process time):
      real time           0.00 seconds
      cpu time            0.00 seconds
      


*------------------------------------------------------------* 
* 
* Part : End Update 
* datetime : 21NOV2019:16:31:18 
* 
*------------------------------------------------------------* 
Traverser: WaitingNode "REG4" 
traverser_readyNode_note 
traverser_readyNode_note 
*------------------------------------------------------------* 
* 
* Reg4 : Beginning Update 
* datetime : 21NOV2019:16:31:19 
* 
*------------------------------------------------------------* 
33431      %let _HPDMGRIDHOST=;
33432      %let _HPDMGRIDINSTALLLOC=;
33433      %let _HPDMGRIDDATASERVER=;
33434      %hpdm_gridSetOPtions;

NOTE: DATA statement used (Total process time):
      real time           0.00 seconds
      cpu time            0.01 seconds
      


*------------------------------------------------------------* 
* 
* Reg4 : End Update 
* datetime : 21NOV2019:16:31:19 
* 
*------------------------------------------------------------* 
Traverser: Run Completed 
33435      proc printto;
33436      run;

