MPRINT(EM_DIAGRAM):    data _null_;
MPRINT(EM_DIAGRAM):   call symput('NLDATE', strip(put(date(), NLDATE.)));
MPRINT(EM_DIAGRAM):   call symput('NLTIME', strip(put(datetime(), NLTIME.)));
MPRINT(EM_DIAGRAM):   run;
MPRINT(EM_DIAGRAM):   data _null_;
MPRINT(EM_DIAGRAM):   nldate= sasmsg("sashelp.dmine", "log_date_note", 'N', "November 19, 2019" );
MPRINT(EM_DIAGRAM):   nltime= sasmsg("sashelp.dmine", "log_time_note", 'N', "16:08:34" );
MPRINT(EM_DIAGRAM):   put "*------------------------------------------------------------*";
MPRINT(EM_DIAGRAM):   put "* Training Log";
MPRINT(EM_DIAGRAM):   put nldate;
MPRINT(EM_DIAGRAM):   put nltime;
MPRINT(EM_DIAGRAM):   put "*------------------------------------------------------------*";
MPRINT(EM_DIAGRAM):   run;
*------------------------------------------------------------*
* Training Log
Date:                November 19, 2019
Time:                16:08:34
*------------------------------------------------------------*
MPRINT(EM_DIAGRAM):    filename O1RULIDK "C:\Users\student\Desktop\AA 490\Final Project\AA490_Project\Base Model\Workspaces\EMWS2\Stat2\EMTRAIN.out" encoding="UTF-8" NOBOM;
MPRINT(EM_DIAGRAM):   proc printto print=O1RULIDK new;
MPRINT(EM_DIAGRAM):   run;
MPRINT(EM_DIAGRAM):    filename _LOG "C:\Users\student\Desktop\AA 490\Final Project\AA490_Project\Base Model\Workspaces\EMWS2\Stat2\EMLOG.log" encoding="UTF-8" NOBOM;
MPRINT(EM_DIAGRAM):    data _null_;
MPRINT(EM_DIAGRAM):   call symput('NLDATE', strip(put(date(), NLDATE.)));
MPRINT(EM_DIAGRAM):   call symput('NLTIME', strip(put(datetime(), NLTIME.)));
MPRINT(EM_DIAGRAM):   run;
MPRINT(EM_DIAGRAM):   data _null_;
MPRINT(EM_DIAGRAM):   nldate= sasmsg("sashelp.dmine", "log_date_note", 'N', "November 19, 2019" );
MPRINT(EM_DIAGRAM):   nltime= sasmsg("sashelp.dmine", "log_time_note", 'N', "16:08:34" );
MPRINT(EM_DIAGRAM):   file _LOG;
MPRINT(EM_DIAGRAM):   put "*------------------------------------------------------------*";
MPRINT(EM_DIAGRAM):   put "User:                student";
MPRINT(EM_DIAGRAM):   put nldate;
MPRINT(EM_DIAGRAM):   put nltime;
MPRINT(EM_DIAGRAM):   put "Site:                70082322";
MPRINT(EM_DIAGRAM):   put "Platform:            X64_10PRO";
MPRINT(EM_DIAGRAM):   put "Maintenance Release: 9.04.01M4P110916";
MPRINT(EM_DIAGRAM):   put "EM Version:          14.2";
MPRINT(EM_DIAGRAM):   put "* ";
MPRINT(EM_DIAGRAM):   run;
MPRINT(EM_DIAGRAM):    filename _LOGIN "C:\Users\student\Desktop\AA 490\Final Project\AA490_Project\Base Model\Workspaces\EMWS2\Stat2\EMTRAIN.log" encoding="UTF-8" NOBOM;
MPRINT(EM_COPYFILE):   data _null_;
MPRINT(EM_COPYFILE):   length line $20000;
MPRINT(EM_COPYFILE):   file _LOG MOD lrecl=20000;
MPRINT(EM_COPYFILE):   fid=fopen("_LOGIN",'i',20000,'v');
MPRINT(EM_COPYFILE):   if fid > 0 then do;
MPRINT(EM_COPYFILE):   do while(^fread(fid));
MPRINT(EM_COPYFILE):   rlen = frlen(fid);
MPRINT(EM_COPYFILE):   rc= fget(fid,line,20000);
MPRINT(EM_COPYFILE):   start = length(line)-length(left(line))+1;
MPRINT(EM_COPYFILE):   line=strip(line);
MPRINT(EM_COPYFILE):   put @start line;
MPRINT(EM_COPYFILE):   end;
MPRINT(EM_COPYFILE):   if fid > 0 then rc=fclose(fid);
MPRINT(EM_COPYFILE):   end;
MPRINT(EM_COPYFILE):   run;
MPRINT(EM_DIAGRAM):  ;
MPRINT(EM_DIAGRAM):   filename _LOGIN;
MPRINT(EM_DIAGRAM):    data _null_;
MPRINT(EM_DIAGRAM):   file _LOG mod;
MPRINT(EM_DIAGRAM):   put _page_;
MPRINT(EM_DIAGRAM):   run;
MPRINT(EM_DIAGRAM):   filename _LOGIN "C:\Users\student\Desktop\AA 490\Final Project\AA490_Project\Base Model\Workspaces\EMWS2\Stat2\EMSCORE.log" encoding="UTF-8" NOBOM;
MPRINT(EM_DIAGRAM):  ;
MPRINT(EM_DIAGRAM):   data _null_;
MPRINT(EM_DIAGRAM):   file _LOG mod;
MPRINT(EM_DIAGRAM):   put _page_;
MPRINT(EM_DIAGRAM):   run;
MPRINT(EM_DIAGRAM):    filename _LOGIN "C:\Users\student\Desktop\AA 490\Final Project\AA490_Project\Base Model\Workspaces\EMWS2\Stat2\EMREPORT.log" encoding="UTF-8" NOBOM;
MPRINT(EM_DIAGRAM):  ;
MPRINT(EM_DIAGRAM):   filename _LOGIN;
MPRINT(EM_DIAGRAM):    filename _LOG;
MPRINT(EM_DIAGRAM):    filename _OUT "C:\Users\student\Desktop\AA 490\Final Project\AA490_Project\Base Model\Workspaces\EMWS2\Stat2\EMOUTPUT.out" encoding="UTF-8" NOBOM;
MPRINT(EM_DIAGRAM):    data _null_;
MPRINT(EM_DIAGRAM):   call symput('NLDATE', strip(put(date(), NLDATE.)));
MPRINT(EM_DIAGRAM):   call symput('NLTIME', strip(put(datetime(), NLTIME.)));
MPRINT(EM_DIAGRAM):   run;
MPRINT(EM_DIAGRAM):   data _null_;
MPRINT(EM_DIAGRAM):   nldate= sasmsg("sashelp.dmine", "log_date_note", 'N', "November 19, 2019" );
MPRINT(EM_DIAGRAM):   nltime= sasmsg("sashelp.dmine", "log_time_note", 'N', "16:08:34" );
MPRINT(EM_DIAGRAM):   file _OUT;
MPRINT(EM_DIAGRAM):   put "*------------------------------------------------------------*";
MPRINT(EM_DIAGRAM):   put "User:                student";
MPRINT(EM_DIAGRAM):   put nldate;
MPRINT(EM_DIAGRAM):   put nltime;
MPRINT(EM_DIAGRAM):   put "*------------------------------------------------------------*";
MPRINT(EM_DIAGRAM):   put "* Training Output";
MPRINT(EM_DIAGRAM):   put "*------------------------------------------------------------*";
MPRINT(EM_DIAGRAM):   run;
MPRINT(EM_DIAGRAM):    filename _OUTIN "C:\Users\student\Desktop\AA 490\Final Project\AA490_Project\Base Model\Workspaces\EMWS2\Stat2\EMTRAIN.out" encoding="UTF-8" NOBOM;
MPRINT(EM_DIAGRAM):   ;
MPRINT(EM_COPYFILE):   data _null_;
MPRINT(EM_COPYFILE):   length line $20000;
MPRINT(EM_COPYFILE):   file _OUT MOD lrecl=20000;
MPRINT(EM_COPYFILE):   fid=fopen("_OUTIN",'i',20000,'v');
MPRINT(EM_COPYFILE):   if fid > 0 then do;
MPRINT(EM_COPYFILE):   do while(^fread(fid));
MPRINT(EM_COPYFILE):   rlen = frlen(fid);
MPRINT(EM_COPYFILE):   rc= fget(fid,line,20000);
MPRINT(EM_COPYFILE):   start = length(line)-length(left(line))+1;
MPRINT(EM_COPYFILE):   line=strip(line);
MPRINT(EM_COPYFILE):   put @start line;
MPRINT(EM_COPYFILE):   end;
MPRINT(EM_COPYFILE):   if fid > 0 then rc=fclose(fid);
MPRINT(EM_COPYFILE):   end;
MPRINT(EM_COPYFILE):   run;
MPRINT(EM_DIAGRAM):  ;
MPRINT(EM_DIAGRAM):   filename _OUTIN;
MPRINT(EM_DIAGRAM):    data _null_;
MPRINT(EM_DIAGRAM):   file _OUT mod;
MPRINT(EM_DIAGRAM):   put _page_;
MPRINT(EM_DIAGRAM):   put // "*------------------------------------------------------------*";
MPRINT(EM_DIAGRAM):   put "* Score Output";
MPRINT(EM_DIAGRAM):   put "*------------------------------------------------------------*";
MPRINT(EM_DIAGRAM):   run;
MPRINT(EM_DIAGRAM):    filename _OUTIN "C:\Users\student\Desktop\AA 490\Final Project\AA490_Project\Base Model\Workspaces\EMWS2\Stat2\EMSCORE.out" encoding="UTF-8" NOBOM;
MPRINT(EM_DIAGRAM):  ;
MPRINT(EM_DIAGRAM):   filename _OUTIN;
MPRINT(EM_DIAGRAM):    data _null_;
MPRINT(EM_DIAGRAM):   file _OUT mod;
MPRINT(EM_DIAGRAM):   put _page_;
MPRINT(EM_DIAGRAM):   put // "*------------------------------------------------------------*";
MPRINT(EM_DIAGRAM):   put "* Report Output";
MPRINT(EM_DIAGRAM):   put "*------------------------------------------------------------*";
MPRINT(EM_DIAGRAM):   run;
MPRINT(EM_DIAGRAM):    filename _OUTIN "C:\Users\student\Desktop\AA 490\Final Project\AA490_Project\Base Model\Workspaces\EMWS2\Stat2\EMREPORT.out" encoding="UTF-8" NOBOM;
MPRINT(EM_DIAGRAM):  ;
MPRINT(EM_DIAGRAM):   filename _OUTIN;
MPRINT(EM_DIAGRAM):    filename _OUT;
MPRINT(EM_DIAGRAM):    filename _emtool_ 'C:\Users\student\Desktop\AA 490\Final Project\AA490_Project\Base Model\Workspaces\EMWS2\Stat2\EMRUNSTATUS.xml' encoding="UTF-8" NOBOM;
MPRINT(EM_DIAGRAM):    filename _emtool_ 'C:\Users\student\Desktop\AA 490\Final Project\AA490_Project\Base Model\Workspaces\EMWS2\Stat2\EMRUNSTATUS.xml' encoding="UTF-8" NOBOM;
22179      proc freq data=EMWS2.Stat2_VariableSet noprint;
MPRINT(EM_DIAGRAM):    proc freq data=EMWS2.Stat2_VariableSet noprint;
22180      table ROLE*LEVEL/out=WORK.Stat2META;
MPRINT(EM_DIAGRAM):   table ROLE*LEVEL/out=WORK.Stat2META;
22181      run;
MPRINT(EM_DIAGRAM):   run;

NOTE: There were 6 observations read from the data set EMWS2.STAT2_VARIABLESET.
NOTE: The data set WORK.STAT2META has 3 observations and 4 variables.
NOTE: PROCEDURE FREQ used (Total process time):
      real time           0.03 seconds
      cpu time            0.01 seconds
      

22182      proc print data=WORK.Stat2META label noobs;
MPRINT(EM_DIAGRAM):   proc print data=WORK.Stat2META label noobs;
22183      var ROLE LEVEL COUNT;
MPRINT(EM_DIAGRAM):   var ROLE LEVEL COUNT;
22184      label ROLE = "%sysfunc(sasmsg(sashelp.dmine, meta_role_vlabel, NOQUOTE))" LEVEL = "%sysfunc(sasmsg(sashelp.dmine, meta_level_vlabel, NOQUOTE))" COUNT = "%sysfunc(sasmsg(sashelp.dmine, rpt_count_vlabel, NOQUOTE))";
MPRINT(EM_DIAGRAM):   label ROLE = "Role" LEVEL = "Measurement Level" COUNT = "Frequency Count";
22185      title9 ' ';
MPRINT(EM_DIAGRAM):   title9 ' ';
22186      title10 "%sysfunc(sasmsg(sashelp.dmine, rpt_varSummary_title  , NOQUOTE))";
MPRINT(EM_DIAGRAM):   title10 "Variable Summary";
MPRINT(EM_DIAGRAM):   run;
22187      run;

NOTE: There were 3 observations read from the data set WORK.STAT2META.
NOTE: The PROCEDURE PRINT printed page 1.
NOTE: PROCEDURE PRINT used (Total process time):
      real time           0.01 seconds
      cpu time            0.00 seconds
      

22188      title10;
MPRINT(EM_DIAGRAM):   title10;
22189      data WORK.M0LCLEPS;
MPRINT(EM_DIAGRAM):    data WORK.M0LCLEPS;
22190      set WORK.M0LCLEPS;
MPRINT(EM_DIAGRAM):   set WORK.M0LCLEPS;
22191      where((role in('TARGET' 'FREQ' 'INPUT') and use in('D','Y')) or (role = 'REJECTED' and use = 'Y'));
MPRINT(EM_DIAGRAM):   where((role in('TARGET' 'FREQ' 'INPUT') and use in('D','Y')) or (role = 'REJECTED' and use = 'Y'));
22192      if ROLE = 'REJECTED' then role = 'INPUT';
MPRINT(EM_DIAGRAM):   if ROLE = 'REJECTED' then role = 'INPUT';
22193      run;
MPRINT(EM_DIAGRAM):   run;

NOTE: There were 5 observations read from the data set WORK.M0LCLEPS.
      WHERE (role in ('FREQ', 'INPUT', 'TARGET') and use in ('D', 'Y')) or ((role='REJECTED') and (use='Y'));
NOTE: The data set WORK.M0LCLEPS has 5 observations and 21 variables.
NOTE: DATA statement used (Total process time):
      real time           0.00 seconds
      cpu time            0.00 seconds
      

22194      *------------------------------------------------------------*;
MPRINT(EM_DIAGRAM):    *------------------------------------------------------------*;
22195      * Stat2: Determining Analysis Variables;
MPRINT(EM_DIAGRAM):   * Stat2: Determining Analysis Variables;
22196      *------------------------------------------------------------*;
MPRINT(EM_DIAGRAM):   *------------------------------------------------------------*;
22197      *------------------------------------------------------------*;
MPRINT(EM_DIAGRAM):   *------------------------------------------------------------*;
22198      * Stat2: Creating Macros for Variable Selection;
MPRINT(EM_DIAGRAM):   * Stat2: Creating Macros for Variable Selection;
22199      *------------------------------------------------------------*;
MPRINT(EM_DIAGRAM):   *------------------------------------------------------------*;
22200      *------------------------------------------------------------* ;
MPRINT(EM_DIAGRAM):   *------------------------------------------------------------* ;
22201      * Stat2: Interval Input Variables Macro ;
MPRINT(EM_DIAGRAM):   * Stat2: Interval Input Variables Macro ;
22202      *------------------------------------------------------------* ;
MPRINT(EM_DIAGRAM):   *------------------------------------------------------------* ;
22203      %macro INTINPUTS;
22204      
22205      %mend INTINPUTS;
22206      *------------------------------------------------------------*;
MPRINT(EM_DIAGRAM):   *------------------------------------------------------------*;
22207      * Stat2: Creating Macros for Variable Selection;
MPRINT(EM_DIAGRAM):   * Stat2: Creating Macros for Variable Selection;
22208      *------------------------------------------------------------*;
MPRINT(EM_DIAGRAM):   *------------------------------------------------------------*;
22209      *------------------------------------------------------------* ;
MPRINT(EM_DIAGRAM):   *------------------------------------------------------------* ;
22210      * Stat2: Binary and Nominal Input Variables Macro ;
MPRINT(EM_DIAGRAM):   * Stat2: Binary and Nominal Input Variables Macro ;
22211      *------------------------------------------------------------* ;
MPRINT(EM_DIAGRAM):   *------------------------------------------------------------* ;
22212      %macro NOMINPUTS;
22213          Age_group Date Gender
22214      %mend NOMINPUTS;
22215      *------------------------------------------------------------*;
MPRINT(EM_DIAGRAM):   *------------------------------------------------------------*;
22216      * Stat2: Creating Macros for Variable Selection;
MPRINT(EM_DIAGRAM):   * Stat2: Creating Macros for Variable Selection;
22217      *------------------------------------------------------------*;
MPRINT(EM_DIAGRAM):   *------------------------------------------------------------*;
22218      *------------------------------------------------------------* ;
MPRINT(EM_DIAGRAM):   *------------------------------------------------------------* ;
22219      * Stat2: Ordinal Input Variables Macro ;
MPRINT(EM_DIAGRAM):   * Stat2: Ordinal Input Variables Macro ;
22220      *------------------------------------------------------------* ;
MPRINT(EM_DIAGRAM):   *------------------------------------------------------------* ;
22221      %macro ORDINPUTS;
22222      
22223      %mend ORDINPUTS;
22224      data work.EM_Stat2_tree / view=work.EM_Stat2_tree;
MPRINT(EM_DIAGRAM):   data work.EM_Stat2_tree / view=work.EM_Stat2_tree;
22225      set EMWS2.Part_TRAIN(obs=100000
MPRINT(EM_DIAGRAM):   set EMWS2.Part_TRAIN(obs=100000 keep
22225    !                                 keep=%INTINPUTS %ORDINPUTS %NOMINPUTS Population_in_thousands);
MPRINT(EM_DIAGRAM):  = Age_group Date Gender Population_in_thousands);
22226      run;
MPRINT(EM_DIAGRAM):   run;

NOTE: DATA STEP view saved on file WORK.EM_STAT2_TREE.
NOTE: A stored DATA STEP view cannot run under a different operating system.
NOTE: DATA statement used (Total process time):
      real time           0.00 seconds
      cpu time            0.01 seconds
      

22227      proc arbor data=EMWS2.Part_TRAIN(obs=100000
MPRINT(EM_DIAGRAM):   proc arbor data=EMWS2.Part_TRAIN(obs=100000 keep
22227    !                                             keep=%INTINPUTS %ORDINPUTS %NOMINPUTS Population_in_thousands) Criterion=VARIANCE Leafsize=5 Mincatsize = 5 Maxbranch=5 Maxdepth=1 Padjust= NONE NORULELIMIT MAXRULES=3 MAXSURRS=0 Missing=USEINSEARCH
22228         Exhaustive=5000;
MPRINT(EM_DIAGRAM):  = Age_group Date Gender Population_in_thousands) Criterion=VARIANCE Leafsize=5 Mincatsize = 5 Maxbranch=5 Maxdepth=1 Padjust= NONE NORULELIMIT MAXRULES=3 MAXSURRS=0 Missing=USEINSEARCH Exhaustive=5000;
WARNING: PADJUST and PVAR options are ignored with this splitting criterion.
MPRINT(EM_DIAGRAM):   input
22229      input %NOMINPUTS / level=nominal;
MPRINT(NOMINPUTS):   Age_group Date Gender
MPRINT(EM_DIAGRAM):   / level=nominal;
22230      target Population_in_thousands / level=INTERVAL;
MPRINT(EM_DIAGRAM):   target Population_in_thousands / level=INTERVAL;
22231      Performance Disk NodeSize=10000;
MPRINT(EM_DIAGRAM):   Performance Disk NodeSize=10000;
22232      Assess NoValidata measure=ASE;
MPRINT(EM_DIAGRAM):   Assess NoValidata measure=ASE;
NOTE: 1645989 kilobytes of physical memory.
NOTE: Will use 336 out of 336 training cases.
NOTE: Using memory pool with 14148608 bytes.
NOTE: Passed training data 2 times.
NOTE: Training used 43960 bytes of work memory.
NOTE: The subtree sequence contains 2 subtrees. The largest has 4 nodes and 3 leaves.
NOTE: Using subtree with 4 nodes and 3 leaves.
22233      SUBTREE BEST;
MPRINT(EM_DIAGRAM):   SUBTREE BEST;
NOTE: Using subtree with 4 nodes and 3 leaves.
22234      save RULES=WORK.Stat2_RULE;
MPRINT(EM_DIAGRAM):   save RULES=WORK.Stat2_RULE;
NOTE: The data set WORK.STAT2_RULE has 36 observations and 6 variables.
22235      run;
MPRINT(EM_DIAGRAM):   run;

22236      quit;
MPRINT(EM_DIAGRAM):   quit;

NOTE: There were 336 observations read from the data set EMWS2.PART_TRAIN.
NOTE: PROCEDURE ARBOR used (Total process time):
      real time           0.01 seconds
      cpu time            0.01 seconds
      

22237      data WORK.Stat2_RULE(keep=Target Name Rank Numeric_Value StatVar rename=(numeric_value=Worth));
MPRINT(EM_DIAGRAM):    data WORK.Stat2_RULE(keep=Target Name Rank Numeric_Value StatVar rename=(numeric_value=Worth));
22238      label Target = "%sysfunc(sasmsg(sashelp.dmine, rpt_target_vlabel,      NOQUOTE))" Name = "%sysfunc(sasmsg(sashelp.dmine, rpt_variable_vlabel,    NOQUOTE))" Rank = "%sysfunc(sasmsg(sashelp.dmine, rpt_importance_vlabel,  NOQUOTE))" Numeric_Value =
22239         "%sysfunc(sasmsg(sashelp.dmine, rpt_worth_vlabel,       NOQUOTE))" StatVar = "%sysfunc(sasmsg(sashelp.dmine, rpt_analysisVar_vlabel, NOQUOTE))";
MPRINT(EM_DIAGRAM):   label Target = "Target" Name = "Variable" Rank = "Importance" Numeric_Value = "Worth" StatVar = "Analysis Variable";
22240      length Target $32 Name $32;
MPRINT(EM_DIAGRAM):   length Target $32 Name $32;
22241      retain TARGET "Population_in_thousands" Name;
MPRINT(EM_DIAGRAM):   retain TARGET "Population_in_thousands" Name;
22242      format STATVAR 6.0;
MPRINT(EM_DIAGRAM):   format STATVAR 6.0;
22243      set WORK.Stat2_RULE;
MPRINT(EM_DIAGRAM):   set WORK.Stat2_RULE;
22244      where stat in('VARIABLE','WORTH');
MPRINT(EM_DIAGRAM):   where stat in('VARIABLE','WORTH');
22245      if stat = 'VARIABLE' then Name = character_value;
MPRINT(EM_DIAGRAM):   if stat = 'VARIABLE' then Name = character_value;
22246      else do;
MPRINT(EM_DIAGRAM):   else do;
22247      if _N_<= 2*1000 then STATVAR=1;
MPRINT(EM_DIAGRAM):   if _N_<= 2*1000 then STATVAR=1;
22248      else STATVAR=0;
MPRINT(EM_DIAGRAM):   else STATVAR=0;
22249      output;
MPRINT(EM_DIAGRAM):   output;
22250      end;
MPRINT(EM_DIAGRAM):   end;
22251      run;
MPRINT(EM_DIAGRAM):   run;

NOTE: There were 6 observations read from the data set WORK.STAT2_RULE.
      WHERE stat in ('VARIABLE', 'WORTH');
NOTE: The data set WORK.STAT2_RULE has 3 observations and 5 variables.
NOTE: DATA statement used (Total process time):
      real time           0.01 seconds
      cpu time            0.01 seconds
      

22252      proc append base=EMWS2.Stat2_WORTH data=WORK.Stat2_RULE force;
MPRINT(EM_DIAGRAM):   proc append base=EMWS2.Stat2_WORTH data=WORK.Stat2_RULE force;
22253      run;
MPRINT(EM_DIAGRAM):   run;

NOTE: Appending WORK.STAT2_RULE to EMWS2.STAT2_WORTH.
NOTE: BASE data set does not exist. DATA file is being copied to BASE file.
NOTE: There were 3 observations read from the data set WORK.STAT2_RULE.
NOTE: The data set EMWS2.STAT2_WORTH has 3 observations and 5 variables.
NOTE: PROCEDURE APPEND used (Total process time):
      real time           0.00 seconds
      cpu time            0.01 seconds
      

22254      data work.EM_Stat2_tree / view=work.EM_Stat2_tree;
MPRINT(EM_DIAGRAM):    data work.EM_Stat2_tree / view=work.EM_Stat2_tree;
22255      set EMWS2.Part_TRAIN(obs=100000
MPRINT(EM_DIAGRAM):   set EMWS2.Part_TRAIN(obs=100000 keep
22255    !                                 keep=%INTINPUTS %ORDINPUTS %NOMINPUTS Sum_Labor_Force_Pop);
MPRINT(EM_DIAGRAM):  = Age_group Date Gender Sum_Labor_Force_Pop);
22256      run;
MPRINT(EM_DIAGRAM):   run;

NOTE: DATA STEP view saved on file WORK.EM_STAT2_TREE.
NOTE: A stored DATA STEP view cannot run under a different operating system.
NOTE: DATA statement used (Total process time):
      real time           0.00 seconds
      cpu time            0.00 seconds
      

22257      proc arbor data=EMWS2.Part_TRAIN(obs=100000
MPRINT(EM_DIAGRAM):   proc arbor data=EMWS2.Part_TRAIN(obs=100000 keep
22257    !                                             keep=%INTINPUTS %ORDINPUTS %NOMINPUTS Sum_Labor_Force_Pop) Criterion=VARIANCE Leafsize=5 Mincatsize = 5 Maxbranch=5 Maxdepth=1 Padjust= NONE NORULELIMIT MAXRULES=3 MAXSURRS=0 Missing=USEINSEARCH
22257    ! Exhaustive=5000;
MPRINT(EM_DIAGRAM):  = Age_group Date Gender Sum_Labor_Force_Pop) Criterion=VARIANCE Leafsize=5 Mincatsize = 5 Maxbranch=5 Maxdepth=1 Padjust= NONE NORULELIMIT MAXRULES=3 MAXSURRS=0 Missing=USEINSEARCH Exhaustive=5000;
WARNING: PADJUST and PVAR options are ignored with this splitting criterion.
MPRINT(EM_DIAGRAM):   input
22258      input %NOMINPUTS / level=nominal;
MPRINT(NOMINPUTS):   Age_group Date Gender
MPRINT(EM_DIAGRAM):   / level=nominal;
22259      target Sum_Labor_Force_Pop / level=INTERVAL;
MPRINT(EM_DIAGRAM):   target Sum_Labor_Force_Pop / level=INTERVAL;
22260      Performance Disk NodeSize=10000;
MPRINT(EM_DIAGRAM):   Performance Disk NodeSize=10000;
22261      Assess NoValidata measure=ASE;
MPRINT(EM_DIAGRAM):   Assess NoValidata measure=ASE;
NOTE: 1645580 kilobytes of physical memory.
NOTE: Will use 336 out of 336 training cases.
NOTE: Using memory pool with 14148608 bytes.
NOTE: Passed training data 2 times.
NOTE: Training used 43960 bytes of work memory.
NOTE: The subtree sequence contains 2 subtrees. The largest has 5 nodes and 4 leaves.
NOTE: Using subtree with 5 nodes and 4 leaves.
22262      SUBTREE BEST;
MPRINT(EM_DIAGRAM):   SUBTREE BEST;
NOTE: Using subtree with 5 nodes and 4 leaves.
22263      save RULES=WORK.Stat2_RULE;
MPRINT(EM_DIAGRAM):   save RULES=WORK.Stat2_RULE;
NOTE: The data set WORK.STAT2_RULE has 36 observations and 6 variables.
22264      run;
MPRINT(EM_DIAGRAM):   run;

22265      quit;
MPRINT(EM_DIAGRAM):   quit;

NOTE: There were 336 observations read from the data set EMWS2.PART_TRAIN.
NOTE: PROCEDURE ARBOR used (Total process time):
      real time           0.00 seconds
      cpu time            0.00 seconds
      

22266      data WORK.Stat2_RULE(keep=Target Name Rank Numeric_Value StatVar rename=(numeric_value=Worth));
MPRINT(EM_DIAGRAM):    data WORK.Stat2_RULE(keep=Target Name Rank Numeric_Value StatVar rename=(numeric_value=Worth));
22267      label Target = "%sysfunc(sasmsg(sashelp.dmine, rpt_target_vlabel,      NOQUOTE))" Name = "%sysfunc(sasmsg(sashelp.dmine, rpt_variable_vlabel,    NOQUOTE))" Rank = "%sysfunc(sasmsg(sashelp.dmine, rpt_importance_vlabel,  NOQUOTE))" Numeric_Value =
22268         "%sysfunc(sasmsg(sashelp.dmine, rpt_worth_vlabel,       NOQUOTE))" StatVar = "%sysfunc(sasmsg(sashelp.dmine, rpt_analysisVar_vlabel, NOQUOTE))";
MPRINT(EM_DIAGRAM):   label Target = "Target" Name = "Variable" Rank = "Importance" Numeric_Value = "Worth" StatVar = "Analysis Variable";
22269      length Target $32 Name $32;
MPRINT(EM_DIAGRAM):   length Target $32 Name $32;
22270      retain TARGET "Sum_Labor_Force_Pop" Name;
MPRINT(EM_DIAGRAM):   retain TARGET "Sum_Labor_Force_Pop" Name;
22271      format STATVAR 6.0;
MPRINT(EM_DIAGRAM):   format STATVAR 6.0;
22272      set WORK.Stat2_RULE;
MPRINT(EM_DIAGRAM):   set WORK.Stat2_RULE;
22273      where stat in('VARIABLE','WORTH');
MPRINT(EM_DIAGRAM):   where stat in('VARIABLE','WORTH');
22274      if stat = 'VARIABLE' then Name = character_value;
MPRINT(EM_DIAGRAM):   if stat = 'VARIABLE' then Name = character_value;
22275      else do;
MPRINT(EM_DIAGRAM):   else do;
22276      if _N_<= 2*1000 then STATVAR=1;
MPRINT(EM_DIAGRAM):   if _N_<= 2*1000 then STATVAR=1;
22277      else STATVAR=0;
MPRINT(EM_DIAGRAM):   else STATVAR=0;
22278      output;
MPRINT(EM_DIAGRAM):   output;
22279      end;
MPRINT(EM_DIAGRAM):   end;
22280      run;
MPRINT(EM_DIAGRAM):   run;

NOTE: There were 6 observations read from the data set WORK.STAT2_RULE.
      WHERE stat in ('VARIABLE', 'WORTH');
NOTE: The data set WORK.STAT2_RULE has 3 observations and 5 variables.
NOTE: DATA statement used (Total process time):
      real time           0.01 seconds
      cpu time            0.01 seconds
      

22281      proc append base=EMWS2.Stat2_WORTH data=WORK.Stat2_RULE force;
MPRINT(EM_DIAGRAM):   proc append base=EMWS2.Stat2_WORTH data=WORK.Stat2_RULE force;
22282      run;
MPRINT(EM_DIAGRAM):   run;

NOTE: Appending WORK.STAT2_RULE to EMWS2.STAT2_WORTH.
NOTE: There were 3 observations read from the data set WORK.STAT2_RULE.
NOTE: 3 observations added.
NOTE: The data set EMWS2.STAT2_WORTH has 6 observations and 5 variables.
NOTE: PROCEDURE APPEND used (Total process time):
      real time           0.00 seconds
      cpu time            0.00 seconds
      

22283      *------------------------------------------------------------*;
MPRINT(EM_DIAGRAM):    *------------------------------------------------------------*;
22284      * Stat2: Counting Levels;
MPRINT(EM_DIAGRAM):   * Stat2: Counting Levels;
22285      *------------------------------------------------------------*;
MPRINT(EM_DIAGRAM):   *------------------------------------------------------------*;
22286      proc sql;
MPRINT(EM_DIAGRAM):   proc sql;
22287      create view WORK.Stat2_distinct as select distinct _dataobs_ from EMWS2.Part_TRAIN(obs=100000);
MPRINT(EM_DIAGRAM):   create view WORK.Stat2_distinct as select distinct _dataobs_ from EMWS2.Part_TRAIN(obs=100000);
NOTE: SQL view WORK.STAT2_DISTINCT has been defined.
22288      quit;
MPRINT(EM_DIAGRAM):   quit;
NOTE: PROCEDURE SQL used (Total process time):
      real time           0.00 seconds
      cpu time            0.00 seconds
      

22289      proc sql;
MPRINT(EM_DIAGRAM):   proc sql;
22290      reset noprint;
MPRINT(EM_DIAGRAM):   reset noprint;
22291      select count(*) into :_tmpcount from WORK.Stat2_distinct;
MPRINT(EM_DIAGRAM):   select count(*) into :_tmpcount from WORK.Stat2_distinct;
22292      quit;
MPRINT(EM_DIAGRAM):   quit;
NOTE: PROCEDURE SQL used (Total process time):
      real time           0.00 seconds
      cpu time            0.00 seconds
      

22293      proc sort data=WORK.Stat2_count NOTHREADS;
MPRINT(EM_DIAGRAM):    proc sort data=WORK.Stat2_count NOTHREADS;
22294      by NAME ROLE DATA;
MPRINT(EM_DIAGRAM):   by NAME ROLE DATA;
22295      run;
MPRINT(EM_DIAGRAM):   run;

NOTE: There were 1 observations read from the data set WORK.STAT2_COUNT.
NOTE: The data set WORK.STAT2_COUNT has 1 observations and 4 variables.
NOTE: PROCEDURE SORT used (Total process time):
      real time           0.00 seconds
      cpu time            0.01 seconds
      

22296      proc print data=WORK.Stat2_count(obs=500) label noobs;
MPRINT(EM_DIAGRAM):   proc print data=WORK.Stat2_count(obs=500) label noobs;
22297      label NAME = "%sysfunc(sasmsg(sashelp.dmine, rpt_variable_vlabel,    NOQUOTE))" COUNT = "%sysfunc(sasmsg(sashelp.dmine, rpt_count_vlabel,       NOQUOTE))" ROLE = "%sysfunc(sasmsg(sashelp.dmine, meta_role_vlabel,       NOQUOTE))";
MPRINT(EM_DIAGRAM):   label NAME = "Variable" COUNT = "Frequency Count" ROLE = "Role";
22298      var NAME ROLE COUNT;
MPRINT(EM_DIAGRAM):   var NAME ROLE COUNT;
22299      title9 "%sysfunc(sasmsg(sashelp.dmine, rpt_varLevels_title, NOQUOTE))";
MPRINT(EM_DIAGRAM):   title9 "Variable Levels Summary";
22300      title10 "%sysfunc(sasmsg(sashelp.dmine, rpt_maxObsPrinted_title, NOQUOTE))";
MPRINT(EM_DIAGRAM):   title10 "(maximum 500 observations printed)";
MPRINT(EM_DIAGRAM):   run;
22301      run;

NOTE: There were 1 observations read from the data set WORK.STAT2_COUNT.
NOTE: The PROCEDURE PRINT printed page 2.
NOTE: PROCEDURE PRINT used (Total process time):
      real time           0.01 seconds
      cpu time            0.00 seconds
      

22302      title9;
MPRINT(EM_DIAGRAM):   title9;
22303      title10;
MPRINT(EM_DIAGRAM):   title10;
22304      proc sort data=EMWS2.Stat2_WORTH nodupkey out=WORK.Stat2_SELVAR(keep=Name StatVar);
MPRINT(EM_DIAGRAM):    proc sort data=EMWS2.Stat2_WORTH nodupkey out=WORK.Stat2_SELVAR(keep=Name StatVar);
22305      by NAME;
MPRINT(EM_DIAGRAM):   by NAME;
22306      where statvar=1;
MPRINT(EM_DIAGRAM):   where statvar=1;
22307      run;
MPRINT(EM_DIAGRAM):   run;

NOTE: There were 6 observations read from the data set EMWS2.STAT2_WORTH.
      WHERE statvar=1;
NOTE: 3 observations with duplicate key values were deleted.
NOTE: The data set WORK.STAT2_SELVAR has 3 observations and 2 variables.
NOTE: PROCEDURE SORT used (Total process time):
      real time           0.00 seconds
      cpu time            0.00 seconds
      

22308      proc sort data=EMWS2.Stat2_WORTH;
MPRINT(EM_DIAGRAM):    proc sort data=EMWS2.Stat2_WORTH;
22309      by Rank;
MPRINT(EM_DIAGRAM):   by Rank;
22310      where statvar=1;
MPRINT(EM_DIAGRAM):   where statvar=1;
22311      run;
MPRINT(EM_DIAGRAM):   run;

NOTE: There were 6 observations read from the data set EMWS2.STAT2_WORTH.
      WHERE statvar=1;
NOTE: The data set EMWS2.STAT2_WORTH has 6 observations and 5 variables.
NOTE: PROCEDURE SORT used (Total process time):
      real time           0.00 seconds
      cpu time            0.01 seconds
      

22312      proc sort data=WORK.M1Z9S7EJ;
MPRINT(EM_DIAGRAM):    proc sort data=WORK.M1Z9S7EJ;
22313      by name;
MPRINT(EM_DIAGRAM):   by name;
22314      run;
MPRINT(EM_DIAGRAM):   run;

NOTE: There were 6 observations read from the data set WORK.M1Z9S7EJ.
NOTE: The data set WORK.M1Z9S7EJ has 6 observations and 21 variables.
NOTE: PROCEDURE SORT used (Total process time):
      real time           0.00 seconds
      cpu time            0.00 seconds
      

22315      data WORK.Stat2_analysisMeta;
MPRINT(EM_DIAGRAM):   data WORK.Stat2_analysisMeta;
22316      merge WORK.M1Z9S7EJ WORK.Stat2_SELVAR(in=_a);
MPRINT(EM_DIAGRAM):   merge WORK.M1Z9S7EJ WORK.Stat2_SELVAR(in=_a);
22317      by name;
MPRINT(EM_DIAGRAM):   by name;
22318      if _a then STATVAR = 1;
MPRINT(EM_DIAGRAM):   if _a then STATVAR = 1;
22319      else if ROLE in('INPUT', 'REJECTED') and REPORT ne 'Y' then delete;
MPRINT(EM_DIAGRAM):   else if ROLE in('INPUT', 'REJECTED') and REPORT ne 'Y' then delete;
22320      if REPORT eq 'Y' then STATVAR = 1;
MPRINT(EM_DIAGRAM):   if REPORT eq 'Y' then STATVAR = 1;
22321      run;
MPRINT(EM_DIAGRAM):   run;

NOTE: There were 6 observations read from the data set WORK.M1Z9S7EJ.
NOTE: There were 3 observations read from the data set WORK.STAT2_SELVAR.
NOTE: The data set WORK.STAT2_ANALYSISMETA has 6 observations and 22 variables.
NOTE: DATA statement used (Total process time):
      real time           0.00 seconds
      cpu time            0.00 seconds
      

22322      data WORK.M077WCOE;
MPRINT(EM_DIAGRAM):    data WORK.M077WCOE;
22323      set WORK.M077WCOE;
MPRINT(EM_DIAGRAM):   set WORK.M077WCOE;
22324      where(use = 'Y' or Report='Y' or (role in('TARGET' 'FREQ' 'PREDICT' 'RESIDUAL' 'INPUT') and use = 'D'));
MPRINT(EM_DIAGRAM):   where(use = 'Y' or Report='Y' or (role in('TARGET' 'FREQ' 'PREDICT' 'RESIDUAL' 'INPUT') and use = 'D'));
22325      if ROLE = 'SEGMENT' then delete;
MPRINT(EM_DIAGRAM):   if ROLE = 'SEGMENT' then delete;
22326      else if ROLE ^in('FREQ','TARGET') then role = 'INPUT';
MPRINT(EM_DIAGRAM):   else if ROLE ^in('FREQ','TARGET') then role = 'INPUT';
22327      run;
MPRINT(EM_DIAGRAM):   run;

NOTE: There were 5 observations read from the data set WORK.M077WCOE.
      WHERE (use='Y') or (Report='Y') or (role in ('FREQ', 'INPUT', 'PREDICT', 'RESIDUAL', 'TARGET') and (use='D'));
NOTE: The data set WORK.M077WCOE has 5 observations and 22 variables.
NOTE: DATA statement used (Total process time):
      real time           0.00 seconds
      cpu time            0.00 seconds
      

22328      data WORK.M2HDGLSQ;
MPRINT(EM_DIAGRAM):    data WORK.M2HDGLSQ;
22329      set WORK.M2HDGLSQ;
MPRINT(EM_DIAGRAM):   set WORK.M2HDGLSQ;
22330      where(use = 'Y' or Report='Y' or (role in('SEGMENT', 'TARGET' 'FREQ' 'PREDICT' 'RESIDUAL' 'INPUT') and use = 'D'));
MPRINT(EM_DIAGRAM):   where(use = 'Y' or Report='Y' or (role in('SEGMENT', 'TARGET' 'FREQ' 'PREDICT' 'RESIDUAL' 'INPUT') and use = 'D'));
22331      if ROLE ne 'FREQ' then role = 'INPUT';
MPRINT(EM_DIAGRAM):   if ROLE ne 'FREQ' then role = 'INPUT';
22332      run;
MPRINT(EM_DIAGRAM):   run;

NOTE: There were 5 observations read from the data set WORK.M2HDGLSQ.
      WHERE (use='Y') or (Report='Y') or (role in ('FREQ', 'INPUT', 'PREDICT', 'RESIDUAL', 'SEGMENT', 'TARGET') and (use='D'));
NOTE: The data set WORK.M2HDGLSQ has 5 observations and 22 variables.
NOTE: DATA statement used (Total process time):
      real time           0.00 seconds
      cpu time            0.00 seconds
      

22333      *------------------------------------------------------------*;
MPRINT(EM_DIAGRAM):    *------------------------------------------------------------*;
22334      * Stat2: Computing Statistics for Interval Variables;
MPRINT(EM_DIAGRAM):   * Stat2: Computing Statistics for Interval Variables;
22335      *------------------------------------------------------------*;
MPRINT(EM_DIAGRAM):   *------------------------------------------------------------*;
22336      proc dmdb data=EMWS2.Part_TRAIN(obs=100000) nonorm maxlevel=513
22337      varout=work._DMDBVAR(RENAME=(NAME=VARIABLE))
22338      classout=WORK.Stat2CLASS(drop=NMISSPERCENT rename=(NAME=VARIABLE FREQUENCY=COUNT FREQPERCENT=PERCENT))
22339      ;
MPRINT(EM_DIAGRAM):   proc dmdb data=EMWS2.Part_TRAIN(obs=100000) nonorm maxlevel=513 varout=work._DMDBVAR(RENAME=(NAME=VARIABLE)) classout=WORK.Stat2CLASS(drop=NMISSPERCENT rename=(NAME=VARIABLE FREQUENCY=COUNT FREQPERCENT=PERCENT)) ;
22340      var
22341      Population_in_thousands Sum_Labor_Force_Pop
22342      ;
MPRINT(EM_DIAGRAM):   var Population_in_thousands Sum_Labor_Force_Pop ;
22343      class
22344      Age_group Date Gender
22345      ;
MPRINT(EM_DIAGRAM):   class Age_group Date Gender ;
22346      ;
MPRINT(EM_DIAGRAM):   ;
22347      run;
MPRINT(EM_DIAGRAM):   run;

NOTE: Records processed = 336   Memory used = 511K.
NOTE: There were 336 observations read from the data set EMWS2.PART_TRAIN.
NOTE: The data set WORK._DMDBVAR has 2 observations and 9 variables.
NOTE: The data set WORK.STAT2CLASS has 21 observations and 8 variables.
NOTE: PROCEDURE DMDB used (Total process time):
      real time           0.00 seconds
      cpu time            0.01 seconds
      

22348      proc stdize data = EMWS2.Part_TRAIN(obs=100000) out=_null_ outstat=work._STDIZE add=0 fuzz=1E-14 initial=MAD vardef=df method=STD mult=1 pctlmtd=ORD_STAT pctldef=2 pctlpts=(0 5 50 95 100);
MPRINT(EM_DIAGRAM):   proc stdize data = EMWS2.Part_TRAIN(obs=100000) out=_null_ outstat=work._STDIZE add=0 fuzz=1E-14 initial=MAD vardef=df method=STD mult=1 pctlmtd=ORD_STAT pctldef=2 pctlpts=(0 5 50 95 100);
22349      var
22350      Population_in_thousands Sum_Labor_Force_Pop
22351      ;
MPRINT(EM_DIAGRAM):   var Population_in_thousands Sum_Labor_Force_Pop ;
22352      run;
MPRINT(EM_DIAGRAM):   run;

NOTE: INITIAL= will be ignored.
NOTE: There were 336 observations read from the data set EMWS2.PART_TRAIN.
NOTE: The data set WORK._STDIZE has 13 observations and 3 variables.
NOTE: PROCEDURE STDIZE used (Total process time):
      real time           0.00 seconds
      cpu time            0.00 seconds
      

22353      proc transpose data=work._STDIZE out=work._TRANSSTDIZE(drop=_LABEL_ rename=(_NAME_=VARIABLE));
MPRINT(EM_DIAGRAM):   proc transpose data=work._STDIZE out=work._TRANSSTDIZE(drop=_LABEL_ rename=(_NAME_=VARIABLE));
22354      id _type_;
MPRINT(EM_DIAGRAM):   id _type_;
22355      where _TYPE_='P50';
MPRINT(EM_DIAGRAM):   where _TYPE_='P50';
22356      run;
MPRINT(EM_DIAGRAM):   run;

WARNING: The variable _LABEL_ in the DROP, KEEP, or RENAME list has never been referenced.
NOTE: There were 1 observations read from the data set WORK._STDIZE.
      WHERE _TYPE_='P50';
NOTE: The data set WORK._TRANSSTDIZE has 2 observations and 2 variables.
NOTE: PROCEDURE TRANSPOSE used (Total process time):
      real time           0.01 seconds
      cpu time            0.00 seconds
      

22357      proc sort data=work._TRANSSTDIZE;
MPRINT(EM_DIAGRAM):   proc sort data=work._TRANSSTDIZE;
22358      by VARIABLE;
MPRINT(EM_DIAGRAM):   by VARIABLE;
22359      run;
MPRINT(EM_DIAGRAM):   run;

NOTE: There were 2 observations read from the data set WORK._TRANSSTDIZE.
NOTE: The data set WORK._TRANSSTDIZE has 2 observations and 2 variables.
NOTE: PROCEDURE SORT used (Total process time):
      real time           0.00 seconds
      cpu time            0.01 seconds
      

22360      proc sort data=work._DMDBVAR;
MPRINT(EM_DIAGRAM):   proc sort data=work._DMDBVAR;
22361      by VARIABLE;
MPRINT(EM_DIAGRAM):   by VARIABLE;
22362      run;
MPRINT(EM_DIAGRAM):   run;

NOTE: There were 2 observations read from the data set WORK._DMDBVAR.
NOTE: The data set WORK._DMDBVAR has 2 observations and 9 variables.
NOTE: PROCEDURE SORT used (Total process time):
      real time           0.00 seconds
      cpu time            0.00 seconds
      

22363      data WORK.Stat2INTERVAL;
MPRINT(EM_DIAGRAM):   data WORK.Stat2INTERVAL;
22364      merge work._TRANSSTDIZE work._DMDBVAR;
MPRINT(EM_DIAGRAM):   merge work._TRANSSTDIZE work._DMDBVAR;
22365      format N NMISS 8. MIN MAX P50 MEAN STD SKEWNESS KURTOSIS BEST8.3;
MPRINT(EM_DIAGRAM):   format N NMISS 8. MIN MAX P50 MEAN STD SKEWNESS KURTOSIS BEST8.3;
22366      by VARIABLE;
MPRINT(EM_DIAGRAM):   by VARIABLE;
22367      run;
MPRINT(EM_DIAGRAM):   run;

WARNING: Multiple lengths were specified for the BY variable VARIABLE by input data sets. This might cause unexpected results.
NOTE: There were 2 observations read from the data set WORK._TRANSSTDIZE.
NOTE: There were 2 observations read from the data set WORK._DMDBVAR.
NOTE: The data set WORK.STAT2INTERVAL has 2 observations and 10 variables.
NOTE: DATA statement used (Total process time):
      real time           0.00 seconds
      cpu time            0.00 seconds
      

22368      proc sort data=WORK.Stat2CLASS;
MPRINT(EM_DIAGRAM):    proc sort data=WORK.Stat2CLASS;
22369      by Variable Level;
MPRINT(EM_DIAGRAM):   by Variable Level;
22370      run;
MPRINT(EM_DIAGRAM):   run;

NOTE: There were 21 observations read from the data set WORK.STAT2CLASS.
NOTE: The data set WORK.STAT2CLASS has 21 observations and 8 variables.
NOTE: PROCEDURE SORT used (Total process time):
      real time           0.00 seconds
      cpu time            0.01 seconds
      

NOTE: There were 13 observations read from the data set WORK._STDIZE.
NOTE: The data set EMWS2.STAT2_TRAINPCTLS has 13 observations and 3 variables.
22371      data colorindex;
MPRINT(EM_DIAGRAM):    data colorindex;
22372      retain LevelIndex 0;
MPRINT(EM_DIAGRAM):   retain LevelIndex 0;
22373      set WORK.Stat2CLASS(keep=Variable Level);
MPRINT(EM_DIAGRAM):   set WORK.Stat2CLASS(keep=Variable Level);
22374      by variable level;
MPRINT(EM_DIAGRAM):   by variable level;
22375      if first.variable then LevelIndex = 0;
MPRINT(EM_DIAGRAM):   if first.variable then LevelIndex = 0;
22376      if first.level then LevelIndex + 1;
MPRINT(EM_DIAGRAM):   if first.level then LevelIndex + 1;
22377      run;
MPRINT(EM_DIAGRAM):   run;

NOTE: There were 21 observations read from the data set WORK.STAT2CLASS.
NOTE: The data set WORK.COLORINDEX has 21 observations and 3 variables.
NOTE: DATA statement used (Total process time):
      real time           0.00 seconds
      cpu time            0.01 seconds
      

22378      data WORK.Stat2CLASS;
MPRINT(EM_DIAGRAM):    data WORK.Stat2CLASS;
22379      merge WORK.Stat2CLASS(in=_a) colorindex;
MPRINT(EM_DIAGRAM):   merge WORK.Stat2CLASS(in=_a) colorindex;
22380      by variable level;
MPRINT(EM_DIAGRAM):   by variable level;
22381      if _a then output;
MPRINT(EM_DIAGRAM):   if _a then output;
22382      run;
MPRINT(EM_DIAGRAM):   run;

NOTE: There were 21 observations read from the data set WORK.STAT2CLASS.
NOTE: There were 21 observations read from the data set WORK.COLORINDEX.
NOTE: The data set WORK.STAT2CLASS has 21 observations and 9 variables.
NOTE: DATA statement used (Total process time):
      real time           0.00 seconds
      cpu time            0.00 seconds
      

22383      data WORK.Stat2INTERVAL;
MPRINT(EM_DIAGRAM):    data WORK.Stat2INTERVAL;
22384      length DATAROLE $20;
MPRINT(EM_DIAGRAM):   length DATAROLE $20;
22385      retain DATAROLE "TRAIN";
MPRINT(EM_DIAGRAM):   retain DATAROLE "TRAIN";
22386      set WORK.Stat2INTERVAL;
MPRINT(EM_DIAGRAM):   set WORK.Stat2INTERVAL;
22387      run;
MPRINT(EM_DIAGRAM):   run;

NOTE: There were 2 observations read from the data set WORK.STAT2INTERVAL.
NOTE: The data set WORK.STAT2INTERVAL has 2 observations and 11 variables.
NOTE: DATA statement used (Total process time):
      real time           0.00 seconds
      cpu time            0.00 seconds
      

22388      proc append base=EMWS2.Stat2_INTERVAL data=WORK.Stat2INTERVAL force;
MPRINT(EM_DIAGRAM):   proc append base=EMWS2.Stat2_INTERVAL data=WORK.Stat2INTERVAL force;
22389      run;
MPRINT(EM_DIAGRAM):   run;

NOTE: Appending WORK.STAT2INTERVAL to EMWS2.STAT2_INTERVAL.
NOTE: BASE data set does not exist. DATA file is being copied to BASE file.
NOTE: There were 2 observations read from the data set WORK.STAT2INTERVAL.
NOTE: The data set EMWS2.STAT2_INTERVAL has 2 observations and 11 variables.
NOTE: PROCEDURE APPEND used (Total process time):
      real time           0.00 seconds
      cpu time            0.01 seconds
      

22390      data WORK.Stat2CLASS;
MPRINT(EM_DIAGRAM):    data WORK.Stat2CLASS;
22391      length DATAROLE $20;
MPRINT(EM_DIAGRAM):   length DATAROLE $20;
22392      retain DATAROLE "TRAIN";
MPRINT(EM_DIAGRAM):   retain DATAROLE "TRAIN";
22393      set WORK.Stat2CLASS;
MPRINT(EM_DIAGRAM):   set WORK.Stat2CLASS;
22394      run;
MPRINT(EM_DIAGRAM):   run;

NOTE: There were 21 observations read from the data set WORK.STAT2CLASS.
NOTE: The data set WORK.STAT2CLASS has 21 observations and 10 variables.
NOTE: DATA statement used (Total process time):
      real time           0.00 seconds
      cpu time            0.01 seconds
      

22395      proc append base=EMWS2.Stat2_CLASS data=WORK.Stat2CLASS force;
MPRINT(EM_DIAGRAM):   proc append base=EMWS2.Stat2_CLASS data=WORK.Stat2CLASS force;
22396      run;
MPRINT(EM_DIAGRAM):   run;

NOTE: Appending WORK.STAT2CLASS to EMWS2.STAT2_CLASS.
NOTE: BASE data set does not exist. DATA file is being copied to BASE file.
NOTE: There were 21 observations read from the data set WORK.STAT2CLASS.
NOTE: The data set EMWS2.STAT2_CLASS has 21 observations and 10 variables.
NOTE: PROCEDURE APPEND used (Total process time):
      real time           0.00 seconds
      cpu time            0.00 seconds
      

22397      proc sort data=EMWS2.Stat2_VariableSet out=tempVariable(keep=name label role rename=(name=variable));
MPRINT(EM_DIAGRAM):    proc sort data=EMWS2.Stat2_VariableSet out=tempVariable(keep=name label role rename=(name=variable));
22398      by name;
MPRINT(EM_DIAGRAM):   by name;
22399      run;
MPRINT(EM_DIAGRAM):   run;

NOTE: There were 6 observations read from the data set EMWS2.STAT2_VARIABLESET.
NOTE: The data set WORK.TEMPVARIABLE has 6 observations and 3 variables.
NOTE: PROCEDURE SORT used (Total process time):
      real time           0.00 seconds
      cpu time            0.00 seconds
      

22400      proc sort data=EMWS2.Stat2_CLASS;
MPRINT(EM_DIAGRAM):   proc sort data=EMWS2.Stat2_CLASS;
22401      by Variable;
MPRINT(EM_DIAGRAM):   by Variable;
22402      run;
MPRINT(EM_DIAGRAM):   run;

NOTE: There were 21 observations read from the data set EMWS2.STAT2_CLASS.
NOTE: The data set EMWS2.STAT2_CLASS has 21 observations and 10 variables.
NOTE: PROCEDURE SORT used (Total process time):
      real time           0.00 seconds
      cpu time            0.01 seconds
      

22403      data EMWS2.Stat2_CLASS;
MPRINT(EM_DIAGRAM):   data EMWS2.Stat2_CLASS;
22404      merge EMWS2.Stat2_CLASS(in=_a) tempVariable;
MPRINT(EM_DIAGRAM):   merge EMWS2.Stat2_CLASS(in=_a) tempVariable;
22405      by variable;
MPRINT(EM_DIAGRAM):   by variable;
22406      if label = '' then label=Variable;
MPRINT(EM_DIAGRAM):   if label = '' then label=Variable;
22407      if _a then output;
MPRINT(EM_DIAGRAM):   if _a then output;
22408      run;
MPRINT(EM_DIAGRAM):   run;

WARNING: Multiple lengths were specified for the BY variable VARIABLE by input data sets. This might cause unexpected results.
NOTE: There were 21 observations read from the data set EMWS2.STAT2_CLASS.
NOTE: There were 6 observations read from the data set WORK.TEMPVARIABLE.
NOTE: The data set EMWS2.STAT2_CLASS has 21 observations and 12 variables.
NOTE: DATA statement used (Total process time):
      real time           0.00 seconds
      cpu time            0.01 seconds
      

22409      run;
MPRINT(EM_DIAGRAM):    run;
22410      proc sort data=EMWS2.Stat2_VariableSet out=tempVariable(keep=name label role rename=(name=variable));
MPRINT(EM_DIAGRAM):   proc sort data=EMWS2.Stat2_VariableSet out=tempVariable(keep=name label role rename=(name=variable));
22411      by name;
MPRINT(EM_DIAGRAM):   by name;
22412      run;
MPRINT(EM_DIAGRAM):   run;

NOTE: There were 6 observations read from the data set EMWS2.STAT2_VARIABLESET.
NOTE: The data set WORK.TEMPVARIABLE has 6 observations and 3 variables.
NOTE: PROCEDURE SORT used (Total process time):
      real time           0.00 seconds
      cpu time            0.01 seconds
      

22413      proc sort data=EMWS2.Stat2_INTERVAL;
MPRINT(EM_DIAGRAM):   proc sort data=EMWS2.Stat2_INTERVAL;
22414      by Variable;
MPRINT(EM_DIAGRAM):   by Variable;
22415      run;
MPRINT(EM_DIAGRAM):   run;

NOTE: There were 2 observations read from the data set EMWS2.STAT2_INTERVAL.
NOTE: The data set EMWS2.STAT2_INTERVAL has 2 observations and 11 variables.
NOTE: PROCEDURE SORT used (Total process time):
      real time           0.00 seconds
      cpu time            0.00 seconds
      

22416      data EMWS2.Stat2_INTERVAL;
MPRINT(EM_DIAGRAM):   data EMWS2.Stat2_INTERVAL;
22417      merge EMWS2.Stat2_INTERVAL(in=_a) tempVariable;
MPRINT(EM_DIAGRAM):   merge EMWS2.Stat2_INTERVAL(in=_a) tempVariable;
22418      by variable;
MPRINT(EM_DIAGRAM):   by variable;
22419      if label = '' then label=Variable;
MPRINT(EM_DIAGRAM):   if label = '' then label=Variable;
22420      if _a then output;
MPRINT(EM_DIAGRAM):   if _a then output;
22421      run;
MPRINT(EM_DIAGRAM):   run;

WARNING: Multiple lengths were specified for the BY variable VARIABLE by input data sets. This might cause unexpected results.
NOTE: There were 2 observations read from the data set EMWS2.STAT2_INTERVAL.
NOTE: There were 6 observations read from the data set WORK.TEMPVARIABLE.
NOTE: The data set EMWS2.STAT2_INTERVAL has 2 observations and 13 variables.
NOTE: DATA statement used (Total process time):
      real time           0.01 seconds
      cpu time            0.01 seconds
      

22422      proc datasets library=EMWS2 nolist;
MPRINT(EM_DIAGRAM):   proc datasets library=EMWS2 nolist;
22423      modify Stat2_INTERVAL;
MPRINT(EM_DIAGRAM):   modify Stat2_INTERVAL;
MPRINT(EM_DIAGRAM):   label DATAROLE = "Data Role";
22424      label DATAROLE = "%sysfunc(sasmsg(sashelp.dmine, rpt_datarole_vlabel, NOQUOTE))";
MPRINT(EM_DIAGRAM):   label Variable = "Variable";
22425      label Variable = "%sysfunc(sasmsg(sashelp.dmine, rpt_variable_vlabel, NOQUOTE))";
MPRINT(EM_DIAGRAM):   label MEAN = "Mean";
22426      label MEAN = "%sysfunc(sasmsg(sashelp.dmine, rpt_mean_vlabel,    NOQUOTE))";
MPRINT(EM_DIAGRAM):   label N = "Non Missing";
22427      label N = "%sysfunc(sasmsg(sashelp.dmine, rpt_nonMiss_vlabel, NOQUOTE))";
MPRINT(EM_DIAGRAM):   label STD = "Standard Deviation";
22428      label STD = "%sysfunc(sasmsg(sashelp.dmine, rpt_std_vlabel,     NOQUOTE))";
MPRINT(EM_DIAGRAM):   label NMISS = "Missing";
22429      label NMISS = "%sysfunc(sasmsg(sashelp.dmine, rpt_missing_vlabel, NOQUOTE))";
MPRINT(EM_DIAGRAM):   label p50 = "Median";
22430      label p50 = "%sysfunc(sasmsg(sashelp.dmine, rpt_median_vlabel, NOQUOTE))";
MPRINT(EM_DIAGRAM):   label MIN = "Minimum";
22431      label MIN = "%sysfunc(sasmsg(sashelp.dmine, rpt_minimum_vlabel, NOQUOTE))";
MPRINT(EM_DIAGRAM):   label MAX = "Maximum";
22432      label MAX = "%sysfunc(sasmsg(sashelp.dmine, rpt_maximum_vlabel, NOQUOTE))";
MPRINT(EM_DIAGRAM):   label SKEWNESS = "Skewness";
22433      label SKEWNESS = "%sysfunc(sasmsg(sashelp.dmine, rpt_skewness_vlabel, NOQUOTE))";
MPRINT(EM_DIAGRAM):   label KURTOSIS = "Kurtosis";
22434      label KURTOSIS = "%sysfunc(sasmsg(sashelp.dmine, rpt_kurtosis_vlabel, NOQUOTE))";
MPRINT(EM_DIAGRAM):   run;
22435      run;

NOTE: MODIFY was successful for EMWS2.STAT2_INTERVAL.DATA.

NOTE: PROCEDURE DATASETS used (Total process time):
      real time           0.03 seconds
      cpu time            0.04 seconds
      

22436      proc sort data=EMWS2.Stat2_CLASS NOTHREADS;
MPRINT(EM_DIAGRAM):   proc sort data=EMWS2.Stat2_CLASS NOTHREADS;
22437      by DATAROLE ROLE Variable descending COUNT;
MPRINT(EM_DIAGRAM):   by DATAROLE ROLE Variable descending COUNT;
22438      run;
MPRINT(EM_DIAGRAM):   run;

NOTE: There were 21 observations read from the data set EMWS2.STAT2_CLASS.
NOTE: The data set EMWS2.STAT2_CLASS has 21 observations and 12 variables.
NOTE: PROCEDURE SORT used (Total process time):
      real time           0.00 seconds
      cpu time            0.00 seconds
      

22439      data WORK.Stat2CLASS(keep=DATAROLE Variable ROLE Numcat Nmiss Mode ModePct Mode2 Mode2Pct);
MPRINT(EM_DIAGRAM):   data WORK.Stat2CLASS(keep=DATAROLE Variable ROLE Numcat Nmiss Mode ModePct Mode2 Mode2Pct);
22440      set EMWS2.Stat2_CLASS;
MPRINT(EM_DIAGRAM):   set EMWS2.Stat2_CLASS;
22441      length Mode Mode2 $32;
MPRINT(EM_DIAGRAM):   length Mode Mode2 $32;
22442      retain NMiss 0 ModePct 0 Mode2Pct 0 Mode '' Mode2 '';
MPRINT(EM_DIAGRAM):   retain NMiss 0 ModePct 0 Mode2Pct 0 Mode '' Mode2 '';
22443      by DATAROLE ROLE Variable;
MPRINT(EM_DIAGRAM):   by DATAROLE ROLE Variable;
22444      if first.DATAROLE or first.variable then do;
MPRINT(EM_DIAGRAM):   if first.DATAROLE or first.variable then do;
22445      Numcat = 1;
MPRINT(EM_DIAGRAM):   Numcat = 1;
22446      NMiss = 0;
MPRINT(EM_DIAGRAM):   NMiss = 0;
22447      Mode = strip(LEVEL);
MPRINT(EM_DIAGRAM):   Mode = strip(LEVEL);
22448      ModePct = PERCENT;
MPRINT(EM_DIAGRAM):   ModePct = PERCENT;
22449      Mode2 = '';
MPRINT(EM_DIAGRAM):   Mode2 = '';
22450      Mode2Pct = 0;
MPRINT(EM_DIAGRAM):   Mode2Pct = 0;
22451      end;
MPRINT(EM_DIAGRAM):   end;
22452      else Numcat +1;
MPRINT(EM_DIAGRAM):   else Numcat +1;
22453      if Numcat =2 then do;
MPRINT(EM_DIAGRAM):   if Numcat =2 then do;
22454      Mode2 = strip(LEVEL);
MPRINT(EM_DIAGRAM):   Mode2 = strip(LEVEL);
22455      Mode2Pct = PERCENT;
MPRINT(EM_DIAGRAM):   Mode2Pct = PERCENT;
22456      end;
MPRINT(EM_DIAGRAM):   end;
22457      if NRAW=. and CRAW='' then NMiss= COUNT;
MPRINT(EM_DIAGRAM):   if NRAW=. and CRAW='' then NMiss= COUNT;
22458      if last.DATAROLE or last.variable then output;
MPRINT(EM_DIAGRAM):   if last.DATAROLE or last.variable then output;
22459      run;
MPRINT(EM_DIAGRAM):   run;

NOTE: There were 21 observations read from the data set EMWS2.STAT2_CLASS.
NOTE: The data set WORK.STAT2CLASS has 3 observations and 9 variables.
NOTE: DATA statement used (Total process time):
      real time           0.00 seconds
      cpu time            0.00 seconds
      

22460      %let _cn = %sysfunc(getoption(CENTER));
22461      %let _nb = %sysfunc(getoption(NUMBER));
22462      options nonumber nocenter;
MPRINT(EM_DIAGRAM):   options nonumber nocenter;
22463      title;
MPRINT(EM_DIAGRAM):   title;
22464      title9 ' ';
MPRINT(EM_DIAGRAM):   title9 ' ';
22465      proc print data=WORK.Stat2CLASS(obs=500) label noobs;
MPRINT(EM_DIAGRAM):   proc print data=WORK.Stat2CLASS(obs=500) label noobs;
22466      var DATAROLE VARIABLE ROLE NUMCAT NMISS Mode ModePct Mode2 Mode2Pct;
MPRINT(EM_DIAGRAM):   var DATAROLE VARIABLE ROLE NUMCAT NMISS Mode ModePct Mode2 Mode2Pct;
22467      label DATAROLE = "%sysfunc(sasmsg(sashelp.dmine, rpt_datarole_vlabel, NOQUOTE))" ROLE = "%sysfunc(sasmsg(sashelp.dmine, meta_role_vlabel, NOQUOTE))" NUMCAT = "%sysfunc(sasmsg(sashelp.dmine, rpt_numcat_vlabel,   NOQUOTE))" NMISS =
22468         "%sysfunc(sasmsg(sashelp.dmine, rpt_missing_vlabel,  NOQUOTE))" MODE = "%sysfunc(sasmsg(sashelp.dmine, rpt_mode_vlabel,     NOQUOTE))" MODEPCT = "%sysfunc(sasmsg(sashelp.dmine, rpt_modepct_vlabel,  NOQUOTE))" MODE2 =
22469         "%sysfunc(sasmsg(sashelp.dmine, rpt_mode2_vlabel,     NOQUOTE))" MODE2PCT = "%sysfunc(sasmsg(sashelp.dmine, rpt_mode2pct_vlabel, NOQUOTE))";
MPRINT(EM_DIAGRAM):   label DATAROLE = "Data Role" ROLE = "Role" NUMCAT = "Number of Levels" NMISS = "Missing" MODE = "Mode" MODEPCT = "Mode Percentage" MODE2 = "Mode2" MODE2PCT = "Mode2 Percentage";
22470      format ModePct Mode2Pct 5.2;
MPRINT(EM_DIAGRAM):   format ModePct Mode2Pct 5.2;
22471      by DATAROLE;
MPRINT(EM_DIAGRAM):   by DATAROLE;
22472      title9 "%sysfunc(sasmsg(sashelp.dmine, rpt_classStats_title,     NOQUOTE))";
MPRINT(EM_DIAGRAM):   title9 "Class Variable Summary Statistics";
22473      title10 "%sysfunc(sasmsg(sashelp.dmine, rpt_maxObsPrinted_title,  NOQUOTE))";
MPRINT(EM_DIAGRAM):   title10 "(maximum 500 observations printed)";
MPRINT(EM_DIAGRAM):   run;
22474      run;

NOTE: There were 3 observations read from the data set WORK.STAT2CLASS.
NOTE: The PROCEDURE PRINT printed page 3.
NOTE: PROCEDURE PRINT used (Total process time):
      real time           0.02 seconds
      cpu time            0.01 seconds
      

22475      title9;
MPRINT(EM_DIAGRAM):   title9;
22476      title10;
MPRINT(EM_DIAGRAM):   title10;
22477      options &_cn &_nb;
MPRINT(EM_DIAGRAM):   options NOCENTER NONUMBER;
22478      data WORK.Stat2INTERVALSUMMARY;
MPRINT(EM_DIAGRAM):    data WORK.Stat2INTERVALSUMMARY;
22479      set EMWS2.Stat2_INTERVAL;
MPRINT(EM_DIAGRAM):   set EMWS2.Stat2_INTERVAL;
22480      length ROLE $32;
MPRINT(EM_DIAGRAM):   length ROLE $32;
22481      if Variable = "Population_in_thousands" then ROLE="TARGET";
MPRINT(EM_DIAGRAM):   if Variable = "Population_in_thousands" then ROLE="TARGET";
22482      else
22483      if Variable = "Sum_Labor_Force_Pop" then ROLE="TARGET";
MPRINT(EM_DIAGRAM):   else if Variable = "Sum_Labor_Force_Pop" then ROLE="TARGET";
22484      else
22485      if Variable = "_dataobs_" then ROLE="ID";
MPRINT(EM_DIAGRAM):   else if Variable = "_dataobs_" then ROLE="ID";
22486      run;
MPRINT(EM_DIAGRAM):   run;

NOTE: There were 2 observations read from the data set EMWS2.STAT2_INTERVAL.
NOTE: The data set WORK.STAT2INTERVALSUMMARY has 2 observations and 13 variables.
NOTE: DATA statement used (Total process time):
      real time           0.00 seconds
      cpu time            0.00 seconds
      

22487      proc sort data=WORK.Stat2INTERVALSUMMARY NOTHREADS;
MPRINT(EM_DIAGRAM):    proc sort data=WORK.Stat2INTERVALSUMMARY NOTHREADS;
22488      by DATAROLE ROLE Variable;
MPRINT(EM_DIAGRAM):   by DATAROLE ROLE Variable;
22489      run;
MPRINT(EM_DIAGRAM):   run;

NOTE: There were 2 observations read from the data set WORK.STAT2INTERVALSUMMARY.
NOTE: The data set WORK.STAT2INTERVALSUMMARY has 2 observations and 13 variables.
NOTE: PROCEDURE SORT used (Total process time):
      real time           0.00 seconds
      cpu time            0.00 seconds
      

22490      %let _cn = %sysfunc(getoption(CENTER));
22491      %let _nb = %sysfunc(getoption(NUMBER));
22492      options nonumber nocenter;
MPRINT(EM_DIAGRAM):   options nonumber nocenter;
22493      title;
MPRINT(EM_DIAGRAM):   title;
22494      proc print data=WORK.Stat2INTERVALSUMMARY(obs=500) label noobs;
MPRINT(EM_DIAGRAM):   proc print data=WORK.Stat2INTERVALSUMMARY(obs=500) label noobs;
22495      var Variable ROLE MEAN STD N NMISS MIN P50 MAX SKEWNESS KURTOSIS;
MPRINT(EM_DIAGRAM):   var Variable ROLE MEAN STD N NMISS MIN P50 MAX SKEWNESS KURTOSIS;
22496      by DATAROLE;
MPRINT(EM_DIAGRAM):   by DATAROLE;
22497      title9 "%sysfunc(sasmsg(sashelp.dmine, rpt_intervalStats_title, NOQUOTE))";
MPRINT(EM_DIAGRAM):   title9 "Interval Variable Summary Statistics";
22498      title10 "%sysfunc(sasmsg(sashelp.dmine, rpt_maxObsPrinted_title, NOQUOTE))";
MPRINT(EM_DIAGRAM):   title10 "(maximum 500 observations printed)";
MPRINT(EM_DIAGRAM):   run;
22499      run;

NOTE: There were 2 observations read from the data set WORK.STAT2INTERVALSUMMARY.
NOTE: The PROCEDURE PRINT printed page 4.
NOTE: PROCEDURE PRINT used (Total process time):
      real time           0.00 seconds
      cpu time            0.01 seconds
      

22500      title9;
MPRINT(EM_DIAGRAM):   title9;
22501      title10;
MPRINT(EM_DIAGRAM):   title10;
22502      options &_cn &_nb;
MPRINT(EM_DIAGRAM):   options NOCENTER NONUMBER;
22503      proc sort data=WORK.M1Z9S7EJ;
MPRINT(EM_DIAGRAM):    proc sort data=WORK.M1Z9S7EJ;
22504      by name;
MPRINT(EM_DIAGRAM):   by name;
22505      run;
MPRINT(EM_DIAGRAM):   run;

NOTE: Input data set is already sorted, no sorting done.
NOTE: PROCEDURE SORT used (Total process time):
      real time           0.00 seconds
      cpu time            0.00 seconds
      

22506      proc means data=EMWS2.Stat2_CLASS noprint;
MPRINT(EM_DIAGRAM):    proc means data=EMWS2.Stat2_CLASS noprint;
22507      class DATAROLE Variable;
MPRINT(EM_DIAGRAM):   class DATAROLE Variable;
22508      var PERCENT;
MPRINT(EM_DIAGRAM):   var PERCENT;
22509      output out=EMWS2.Stat2_CLASSPLOT;
MPRINT(EM_DIAGRAM):   output out=EMWS2.Stat2_CLASSPLOT;
22510      run;
MPRINT(EM_DIAGRAM):   run;

NOTE: There were 21 observations read from the data set EMWS2.STAT2_CLASS.
NOTE: The data set EMWS2.STAT2_CLASSPLOT has 40 observations and 6 variables.
NOTE: PROCEDURE MEANS used (Total process time):
      real time           0.01 seconds
      cpu time            0.00 seconds
      

22511      proc transpose data=EMWS2.Stat2_CLASSPLOT out=EMWS2.Stat2_CLASSPLOT;
MPRINT(EM_DIAGRAM):   proc transpose data=EMWS2.Stat2_CLASSPLOT out=EMWS2.Stat2_CLASSPLOT;
22512      where _type_=3 and _STAT_ = 'STD';
MPRINT(EM_DIAGRAM):   where _type_=3 and _STAT_ = 'STD';
22513      var PERCENT;
MPRINT(EM_DIAGRAM):   var PERCENT;
22514      id _STAT_;
MPRINT(EM_DIAGRAM):   id _STAT_;
22515      by DATAROLE Variable;
MPRINT(EM_DIAGRAM):   by DATAROLE Variable;
22516      run;
MPRINT(EM_DIAGRAM):   run;

NOTE: There were 3 observations read from the data set EMWS2.STAT2_CLASSPLOT.
      WHERE (_type_=3) and (_STAT_='STD');
NOTE: The data set EMWS2.STAT2_CLASSPLOT has 3 observations and 4 variables.
NOTE: PROCEDURE TRANSPOSE used (Total process time):
      real time           0.01 seconds
      cpu time            0.00 seconds
      

22517      proc sort data=EMWS2.Stat2_CLASSPLOT;
MPRINT(EM_DIAGRAM):   proc sort data=EMWS2.Stat2_CLASSPLOT;
22518      by DATAROLE descending STD;
MPRINT(EM_DIAGRAM):   by DATAROLE descending STD;
22519      where STD ne .;
MPRINT(EM_DIAGRAM):   where STD ne .;
22520      run;
MPRINT(EM_DIAGRAM):   run;

NOTE: There were 3 observations read from the data set EMWS2.STAT2_CLASSPLOT.
      WHERE STD not = .;
NOTE: The data set EMWS2.STAT2_CLASSPLOT has 3 observations and 4 variables.
NOTE: PROCEDURE SORT used (Total process time):
      real time           0.00 seconds
      cpu time            0.00 seconds
      

22521      data EMWS2.Stat2_CLASSPLOT(keep=DATAROLE Variable STD OrderedInput);
MPRINT(EM_DIAGRAM):   data EMWS2.Stat2_CLASSPLOT(keep=DATAROLE Variable STD OrderedInput);
22522      label OrderedInput = "%sysfunc(sasmsg(sashelp.dmine, rpt_orderedInput_vlabel, NOQUOTE))";
MPRINT(EM_DIAGRAM):   label OrderedInput = "Ordered Inputs";
22523      format OrderedInput 5.0;
MPRINT(EM_DIAGRAM):   format OrderedInput 5.0;
22524      label STD = "%sysfunc(sasmsg(sashelp.dmine, rpt_pctVariability_vlabel, NOQUOTE))";
MPRINT(EM_DIAGRAM):   label STD = "Percent Variability";
22525      retain OrderedInput 0;
MPRINT(EM_DIAGRAM):   retain OrderedInput 0;
22526      set EMWS2.Stat2_CLASSPLOT;
MPRINT(EM_DIAGRAM):   set EMWS2.Stat2_CLASSPLOT;
22527      by DATAROLE;
MPRINT(EM_DIAGRAM):   by DATAROLE;
22528      if first.DATAROLE then OrderedInput = 1;
MPRINT(EM_DIAGRAM):   if first.DATAROLE then OrderedInput = 1;
22529      else OrderedInput + 1;
MPRINT(EM_DIAGRAM):   else OrderedInput + 1;
22530      run;
MPRINT(EM_DIAGRAM):   run;

NOTE: There were 3 observations read from the data set EMWS2.STAT2_CLASSPLOT.
NOTE: The data set EMWS2.STAT2_CLASSPLOT has 3 observations and 4 variables.
NOTE: DATA statement used (Total process time):
      real time           0.01 seconds
      cpu time            0.01 seconds
      

22531      proc sort data=EMWS2.Stat2_CLASSPLOT;
MPRINT(EM_DIAGRAM):   proc sort data=EMWS2.Stat2_CLASSPLOT;
22532      by Variable;
MPRINT(EM_DIAGRAM):   by Variable;
22533      run;
MPRINT(EM_DIAGRAM):   run;

NOTE: There were 3 observations read from the data set EMWS2.STAT2_CLASSPLOT.
NOTE: The data set EMWS2.STAT2_CLASSPLOT has 3 observations and 4 variables.
NOTE: PROCEDURE SORT used (Total process time):
      real time           0.00 seconds
      cpu time            0.01 seconds
      

22534      data EMWS2.Stat2_CLASSPLOT;
MPRINT(EM_DIAGRAM):   data EMWS2.Stat2_CLASSPLOT;
22535      merge EMWS2.Stat2_CLASSPLOT(in=_a) WORK.M1Z9S7EJ(rename=(NAME=VARIABLE) Keep=NAME ROLE LABEL REPORT);
MPRINT(EM_DIAGRAM):   merge EMWS2.Stat2_CLASSPLOT(in=_a) WORK.M1Z9S7EJ(rename=(NAME=VARIABLE) Keep=NAME ROLE LABEL REPORT);
22536      by Variable;
MPRINT(EM_DIAGRAM):   by Variable;
22537      if _a and (OrderedInput<100 or Report='Y') then output;
MPRINT(EM_DIAGRAM):   if _a and (OrderedInput<100 or Report='Y') then output;
22538      run;
MPRINT(EM_DIAGRAM):   run;

WARNING: Multiple lengths were specified for the BY variable VARIABLE by input data sets. This might cause unexpected results.
NOTE: There were 3 observations read from the data set EMWS2.STAT2_CLASSPLOT.
NOTE: There were 6 observations read from the data set WORK.M1Z9S7EJ.
NOTE: The data set EMWS2.STAT2_CLASSPLOT has 3 observations and 7 variables.
NOTE: DATA statement used (Total process time):
      real time           0.00 seconds
      cpu time            0.00 seconds
      

22539      data temp;
MPRINT(EM_DIAGRAM):   data temp;
22540      set EMWS2.Stat2_CLASSPLOT;
MPRINT(EM_DIAGRAM):   set EMWS2.Stat2_CLASSPLOT;
22541      where DATAROLE='TRAIN';
MPRINT(EM_DIAGRAM):   where DATAROLE='TRAIN';
22542      if OrderedInput<21 then plot = 1;
MPRINT(EM_DIAGRAM):   if OrderedInput<21 then plot = 1;
22543      else plot=0;
MPRINT(EM_DIAGRAM):   else plot=0;
22544      if LABEL = "" then LABEL = Variable;
MPRINT(EM_DIAGRAM):   if LABEL = "" then LABEL = Variable;
22545      keep Variable Label plot;
MPRINT(EM_DIAGRAM):   keep Variable Label plot;
22546      run;
MPRINT(EM_DIAGRAM):   run;

NOTE: There were 3 observations read from the data set EMWS2.STAT2_CLASSPLOT.
      WHERE DATAROLE='TRAIN';
NOTE: The data set WORK.TEMP has 3 observations and 3 variables.
NOTE: DATA statement used (Total process time):
      real time           0.00 seconds
      cpu time            0.01 seconds
      

22547      data EMWS2.Stat2_CLASSPLOT;
MPRINT(EM_DIAGRAM):   data EMWS2.Stat2_CLASSPLOT;
22548      merge EMWS2.Stat2_CLASSPLOT temp;
MPRINT(EM_DIAGRAM):   merge EMWS2.Stat2_CLASSPLOT temp;
22549      by Variable;
MPRINT(EM_DIAGRAM):   by Variable;
22550      label DATAROLE = "%sysfunc(sasmsg(sashelp.dmine,  rpt_datarole_vlabel, NOQUOTE))" ROLE = "%sysfunc(sasmsg(sashelp.dmine, meta_role_vlabel,          NOQUOTE))" PLOT = "%sysfunc(sasmsg(sashelp.dmine, rpt_plot_vlabel,           NOQUOTE))" REPORT =
22551         "%sysfunc(sasmsg(sashelp.dmine, meta_report_vlabel,         NOQUOTE))";
MPRINT(EM_DIAGRAM):   label DATAROLE = "Data Role" ROLE = "Role" PLOT = "Plot" REPORT = "Report";
22552      run;
MPRINT(EM_DIAGRAM):   run;

NOTE: There were 3 observations read from the data set EMWS2.STAT2_CLASSPLOT.
NOTE: There were 3 observations read from the data set WORK.TEMP.
NOTE: The data set EMWS2.STAT2_CLASSPLOT has 3 observations and 8 variables.
NOTE: DATA statement used (Total process time):
      real time           0.01 seconds
      cpu time            0.01 seconds
      

22553      proc sort data=EMWS2.Stat2_CLASSPLOT;
MPRINT(EM_DIAGRAM):   proc sort data=EMWS2.Stat2_CLASSPLOT;
22554      by DATAROLE Variable;
MPRINT(EM_DIAGRAM):   by DATAROLE Variable;
22555      run;
MPRINT(EM_DIAGRAM):   run;

NOTE: There were 3 observations read from the data set EMWS2.STAT2_CLASSPLOT.
NOTE: The data set EMWS2.STAT2_CLASSPLOT has 3 observations and 8 variables.
NOTE: PROCEDURE SORT used (Total process time):
      real time           0.00 seconds
      cpu time            0.01 seconds
      

22556      proc sort data=EMWS2.Stat2_CLASS;
MPRINT(EM_DIAGRAM):   proc sort data=EMWS2.Stat2_CLASS;
22557      by DATAROLE Variable;
MPRINT(EM_DIAGRAM):   by DATAROLE Variable;
22558      run;
MPRINT(EM_DIAGRAM):   run;

NOTE: There were 21 observations read from the data set EMWS2.STAT2_CLASS.
NOTE: The data set EMWS2.STAT2_CLASS has 21 observations and 12 variables.
NOTE: PROCEDURE SORT used (Total process time):
      real time           0.00 seconds
      cpu time            0.00 seconds
      

22559      data EMWS2.Stat2_CLASS;
MPRINT(EM_DIAGRAM):   data EMWS2.Stat2_CLASS;
22560      merge EMWS2.Stat2_CLASS(drop=NRAW CRAW) EMWS2.Stat2_CLASSPLOT(keep=DATAROLE Variable Plot);
MPRINT(EM_DIAGRAM):   merge EMWS2.Stat2_CLASS(drop=NRAW CRAW) EMWS2.Stat2_CLASSPLOT(keep=DATAROLE Variable Plot);
22561      by DATAROLE Variable;
MPRINT(EM_DIAGRAM):   by DATAROLE Variable;
22562      if plot eq . then delete;
MPRINT(EM_DIAGRAM):   if plot eq . then delete;
22563      label DATAROLE = "%sysfunc(sasmsg(sashelp.dmine, rpt_datarole_vlabel,       NOQUOTE))" LEVEL = "%sysfunc(sasmsg(sashelp.dmine, rpt_level_vlabel,          NOQUOTE))" TYPE = "%sysfunc(sasmsg(sashelp.dmine, rpt_type_vlabel,           NOQUOTE))"
22563    ! COUNT =
22564         "%sysfunc(sasmsg(sashelp.dmine, rpt_count_vlabel,          NOQUOTE))" ROLE = "%sysfunc(sasmsg(sashelp.dmine, meta_role_vlabel,          NOQUOTE))" PERCENT = "%sysfunc(sasmsg(sashelp.dmine, rpt_percent_vlabel,        NOQUOTE))" PLOT =
22565         "%sysfunc(sasmsg(sashelp.dmine, rpt_plot_vlabel,           NOQUOTE))" LEVELINDEX = "%sysfunc(sasmsg(sashelp.dmine, rpt_levelIndex_vlabel,     NOQUOTE))";
MPRINT(EM_DIAGRAM):   label DATAROLE = "Data Role" LEVEL = "Level" TYPE = "Type" COUNT = "Frequency Count" ROLE = "Role" PERCENT = "Percent" PLOT = "Plot" LEVELINDEX = "Level Index";
22566      run;
MPRINT(EM_DIAGRAM):   run;

NOTE: There were 21 observations read from the data set EMWS2.STAT2_CLASS.
NOTE: There were 3 observations read from the data set EMWS2.STAT2_CLASSPLOT.
NOTE: The data set EMWS2.STAT2_CLASS has 21 observations and 11 variables.
NOTE: DATA statement used (Total process time):
      real time           0.01 seconds
      cpu time            0.01 seconds
      

22567      data EMWS2.Stat2_INTERVAL;
MPRINT(EM_DIAGRAM):    data EMWS2.Stat2_INTERVAL;
22568      set EMWS2.Stat2_INTERVAL;
MPRINT(EM_DIAGRAM):   set EMWS2.Stat2_INTERVAL;
22569      label NMiss = "%sysfunc(sasmsg(sashelp.dmine, rpt_missing_vlabel, NOQUOTE))" absCV = "%sysfunc(sasmsg(sashelp.dmine, rpt_absCV_vlabel,   NOQUOTE))" CV = "%sysfunc(sasmsg(sashelp.dmine, rpt_cv_vlabel,      NOQUOTE))" Sign =
22570         "%sysfunc(sasmsg(sashelp.dmine, rpt_sign_vlabel,    NOQUOTE))";
MPRINT(EM_DIAGRAM):   label NMiss = "Missing" absCV = "Abs C.V." CV = "Coefficient of Variation" Sign = "Sign";
22571      if MEAN ne . then do;
MPRINT(EM_DIAGRAM):   if MEAN ne . then do;
22572      CV = STD/MEAN;
MPRINT(EM_DIAGRAM):   CV = STD/MEAN;
22573      absCV = abs(CV);
MPRINT(EM_DIAGRAM):   absCV = abs(CV);
22574      if absCV < 0 then Sign = '-';
MPRINT(EM_DIAGRAM):   if absCV < 0 then Sign = '-';
22575      else Sign = '+';
MPRINT(EM_DIAGRAM):   else Sign = '+';
22576      absCV = abs(absCV);
MPRINT(EM_DIAGRAM):   absCV = abs(absCV);
22577      end;
MPRINT(EM_DIAGRAM):   end;
22578      run;
MPRINT(EM_DIAGRAM):   run;

NOTE: There were 2 observations read from the data set EMWS2.STAT2_INTERVAL.
NOTE: The data set EMWS2.STAT2_INTERVAL has 2 observations and 16 variables.
NOTE: DATA statement used (Total process time):
      real time           0.01 seconds
      cpu time            0.01 seconds
      

22579      proc sort data = EMWS2.Stat2_INTERVAL;
MPRINT(EM_DIAGRAM):   proc sort data = EMWS2.Stat2_INTERVAL;
22580      by DATAROLE descending absCV;
MPRINT(EM_DIAGRAM):   by DATAROLE descending absCV;
22581      run;
MPRINT(EM_DIAGRAM):   run;

NOTE: There were 2 observations read from the data set EMWS2.STAT2_INTERVAL.
NOTE: The data set EMWS2.STAT2_INTERVAL has 2 observations and 16 variables.
NOTE: PROCEDURE SORT used (Total process time):
      real time           0.00 seconds
      cpu time            0.01 seconds
      

22582      data EMWS2.Stat2_INTERVAL;
MPRINT(EM_DIAGRAM):   data EMWS2.Stat2_INTERVAL;
22583      retain OrderedInput;
MPRINT(EM_DIAGRAM):   retain OrderedInput;
22584      set EMWS2.Stat2_INTERVAL;
MPRINT(EM_DIAGRAM):   set EMWS2.Stat2_INTERVAL;
22585      by DATAROLE;
MPRINT(EM_DIAGRAM):   by DATAROLE;
22586      label OrderedInput = "%sysfunc(sasmsg(sashelp.dmine, rpt_orderedInput_vlabel, NOQUOTE))";
MPRINT(EM_DIAGRAM):   label OrderedInput = "Ordered Inputs";
22587      format OrderedInput 5.0;
MPRINT(EM_DIAGRAM):   format OrderedInput 5.0;
22588      if first.DATAROLE then OrderedInput = 1;
MPRINT(EM_DIAGRAM):   if first.DATAROLE then OrderedInput = 1;
22589      else OrderedInput + 1;
MPRINT(EM_DIAGRAM):   else OrderedInput + 1;
22590      run;
MPRINT(EM_DIAGRAM):   run;

NOTE: There were 2 observations read from the data set EMWS2.STAT2_INTERVAL.
NOTE: The data set EMWS2.STAT2_INTERVAL has 2 observations and 17 variables.
NOTE: DATA statement used (Total process time):
      real time           0.00 seconds
      cpu time            0.00 seconds
      

22591      proc sort data=WORK.M1Z9S7EJ;
MPRINT(EM_DIAGRAM):    proc sort data=WORK.M1Z9S7EJ;
22592      by name;
MPRINT(EM_DIAGRAM):   by name;
22593      run;
MPRINT(EM_DIAGRAM):   run;

NOTE: Input data set is already sorted, no sorting done.
NOTE: PROCEDURE SORT used (Total process time):
      real time           0.00 seconds
      cpu time            0.00 seconds
      

22594      proc sort data=EMWS2.Stat2_WORTH;
MPRINT(EM_DIAGRAM):    proc sort data=EMWS2.Stat2_WORTH;
22595      by NAME;
MPRINT(EM_DIAGRAM):   by NAME;
22596      run;
MPRINT(EM_DIAGRAM):   run;

NOTE: There were 6 observations read from the data set EMWS2.STAT2_WORTH.
NOTE: The data set EMWS2.STAT2_WORTH has 6 observations and 5 variables.
NOTE: PROCEDURE SORT used (Total process time):
      real time           0.00 seconds
      cpu time            0.00 seconds
      

22597      data EMWS2.Stat2_WORTH;
MPRINT(EM_DIAGRAM):   data EMWS2.Stat2_WORTH;
22598      merge EMWS2.Stat2_WORTH(in=_a) WORK.M1Z9S7EJ(Keep=NAME LABEL REPORT);
MPRINT(EM_DIAGRAM):   merge EMWS2.Stat2_WORTH(in=_a) WORK.M1Z9S7EJ(Keep=NAME LABEL REPORT);
22599      by NAME;
MPRINT(EM_DIAGRAM):   by NAME;
22600      if REPORT = 'Y' then plot = 1;
MPRINT(EM_DIAGRAM):   if REPORT = 'Y' then plot = 1;
22601      if LABEL = "" then LABEL = NAME;
MPRINT(EM_DIAGRAM):   if LABEL = "" then LABEL = NAME;
22602      if _a then output;
MPRINT(EM_DIAGRAM):   if _a then output;
22603      drop report;
MPRINT(EM_DIAGRAM):   drop report;
22604      run;
MPRINT(EM_DIAGRAM):   run;

WARNING: Multiple lengths were specified for the BY variable Name by input data sets. This might cause unexpected results.
NOTE: There were 6 observations read from the data set EMWS2.STAT2_WORTH.
NOTE: There were 6 observations read from the data set WORK.M1Z9S7EJ.
NOTE: The data set EMWS2.STAT2_WORTH has 6 observations and 7 variables.
NOTE: DATA statement used (Total process time):
      real time           0.00 seconds
      cpu time            0.01 seconds
      

22605      proc sort data=EMWS2.Stat2_WORTH;
MPRINT(EM_DIAGRAM):   proc sort data=EMWS2.Stat2_WORTH;
22606      by rank;
MPRINT(EM_DIAGRAM):   by rank;
22607      run;
MPRINT(EM_DIAGRAM):   run;

NOTE: There were 6 observations read from the data set EMWS2.STAT2_WORTH.
NOTE: The data set EMWS2.STAT2_WORTH has 6 observations and 7 variables.
NOTE: PROCEDURE SORT used (Total process time):
      real time           0.00 seconds
      cpu time            0.01 seconds
      

MPRINT(EM_DIAGRAM):    proc printto;
MPRINT(EM_DIAGRAM):   run;
