 
                                                                                                                                                                                                                                                                
 
 
Fit Statistics

Target=Sum_Labor_Force_Pop Target Label=' '

   Fit
Statistics    Statistics Label                        Train     Validation

 _AIC_        Akaike's Information Criterion       15444.29            .  
 _ASE_        Average Squared Error             2.001611E13    2.010862E13
 _AVERR_      Average Error Function            2.001611E13    2.010862E13
 _DFE_        Degrees of Freedom for Error           500.00            .  
 _DFM_        Model Degrees of Freedom                 4.00            .  
 _DFT_        Total Degrees of Freedom               504.00            .  
 _DIV_        Divisor for ASE                        504.00         336.00
 _ERR_        Error Function                    1.008812E16    6.756498E15
 _FPE_        Final Prediction Error            2.033636E13            .  
 _MAX_        Maximum Absolute Error            13513290.32    13513290.32
 _MSE_        Mean Square Error                 2.017624E13    2.010862E13
 _NOBS_       Sum of Frequencies                     504.00         336.00
 _NW_         Number of Estimate Weights               4.00            .  
 _RASE_       Root Average Sum of Squares        4473936.43     4484264.13
 _RFPE_       Root Final Prediction Error        4509585.89            .  
 _RMSE_       Root Mean Squared Error            4491796.52     4484264.13
 _SBC_        Schwarz's Bayesian Criterion         15461.18            .  
 _SSE_        Sum of Squared Errors             1.008812E16    6.756498E15
 _SUMW_       Sum of Case Weights Times Freq         504.00         336.00
 
                                                                                                                                                                                                                                                                
 
 
Assessment Score Rankings

Data Role=TRAIN Target Variable=Sum_Labor_Force_Pop Target Label=' '

           Number of                        Mean
Depth    Observations    Mean Target     Predicted

   5          130        13019023.08    13019023.08
  30          124         9747709.68     9747709.68
  55          119         3739815.13     3739815.13
  75          131         1107916.03     1107916.03


Data Role=VALIDATE Target Variable=Sum_Labor_Force_Pop Target Label=' '

           Number of                        Mean
Depth    Observations    Mean Target     Predicted

   5          80         12547325.00    13019023.08
  25          86         11312186.05     9747709.68
  50          91          3878439.56     3739815.13
  80          79          1129936.71     1107916.03
 
                                                                                                                                                                                                                                                                
 
 
Assessment Score Distribution

Data Role=TRAIN Target Variable=Sum_Labor_Force_Pop Target Label=' '

                                                  Mean         Number of
    Range for Predicted        Mean Target     Predicted     Observations    Model Score

12423467.725 - 13019023.077    13019023.08    13019023.08         130        12721245.40
 9445690.963 - 10041246.315     9747709.68     9747709.68         124         9743468.64
 3490137.440 -  4085692.792     3739815.13     3739815.13         119         3787915.12
 1107916.031 -  1703471.383     1107916.03     1107916.03         131         1405693.71


Data Role=VALIDATE Target Variable=Sum_Labor_Force_Pop Target Label=' '

                                                  Mean         Number of
    Range for Predicted        Mean Target     Predicted     Observations    Model Score

12423467.725 - 13019023.077    12547325.00    13019023.08         80         12721245.40
 9445690.963 - 10041246.315    11312186.05     9747709.68         86          9743468.64
 3490137.440 -  4085692.792     3878439.56     3739815.13         91          3787915.12
 1107916.031 -  1703471.383     1129936.71     1107916.03         79          1405693.71
