MPRINT(EM_DIAGRAM):    data _null_;
MPRINT(EM_DIAGRAM):   call symput('NLDATE', strip(put(date(), NLDATE.)));
MPRINT(EM_DIAGRAM):   call symput('NLTIME', strip(put(datetime(), NLTIME.)));
MPRINT(EM_DIAGRAM):   run;
MPRINT(EM_DIAGRAM):   data _null_;
MPRINT(EM_DIAGRAM):   nldate= sasmsg("sashelp.dmine", "log_date_note", 'N', "November 19, 2019" );
MPRINT(EM_DIAGRAM):   nltime= sasmsg("sashelp.dmine", "log_time_note", 'N', "15:47:35" );
MPRINT(EM_DIAGRAM):   put "*------------------------------------------------------------*";
MPRINT(EM_DIAGRAM):   put "* Score Log";
MPRINT(EM_DIAGRAM):   put nldate;
MPRINT(EM_DIAGRAM):   put nltime;
MPRINT(EM_DIAGRAM):   put "*------------------------------------------------------------*";
MPRINT(EM_DIAGRAM):   run;
*------------------------------------------------------------*
* Score Log
Date:                November 19, 2019
Time:                15:47:35
*------------------------------------------------------------*
MPRINT(EM_DIAGRAM):    filename O1HKUPWY "C:\Users\student\Desktop\AA 490\Final Project\AA490_Project\Base Model\Workspaces\EMWS1\Reg2\EMSCORE.out" encoding="UTF-8" NOBOM;
MPRINT(EM_DIAGRAM):   proc printto print=O1HKUPWY new;
MPRINT(EM_DIAGRAM):   run;
57078      proc transpose data=EMWS1.Reg2_EMESTIMATE out=WORK.TEMPREG;
MPRINT(EM_DIAGRAM):    proc transpose data=EMWS1.Reg2_EMESTIMATE out=WORK.TEMPREG;
57079      where _CHOSEN_ ne '' and _TYPE_='PARMS';
MPRINT(EM_DIAGRAM):   where _CHOSEN_ ne '' and _TYPE_='PARMS';
57080      run;
MPRINT(EM_DIAGRAM):   run;

NOTE: There were 1 observations read from the data set EMWS1.REG2_EMESTIMATE.
      WHERE (_CHOSEN_ not = ' ') and (_TYPE_='PARMS');
NOTE: The data set WORK.TEMPREG has 50 observations and 3 variables.
NOTE: PROCEDURE TRANSPOSE used (Total process time):
      real time           0.01 seconds
      cpu time            0.00 seconds
      

57081      proc transpose data=EMWS1.Reg2_MAPDS out=WORK.TEMPREG2(rename=(TARGET=_TARGET_));
MPRINT(EM_DIAGRAM):   proc transpose data=EMWS1.Reg2_MAPDS out=WORK.TEMPREG2(rename=(TARGET=_TARGET_));
57082      var "Age_group16_TO_24"n--"GenderFEMALE"n;
MPRINT(EM_DIAGRAM):   var "Age_group16_TO_24"n--"GenderFEMALE"n;
57083      run;
MPRINT(EM_DIAGRAM):   run;

WARNING: The variable TARGET in the DROP, KEEP, or RENAME list has never been referenced.
NOTE: There were 2 observations read from the data set EMWS1.REG2_MAPDS.
NOTE: The data set WORK.TEMPREG2 has 18 observations and 4 variables.
NOTE: PROCEDURE TRANSPOSE used (Total process time):
      real time           0.01 seconds
      cpu time            0.00 seconds
      

57084      proc sort data=WORK.TEMPREG NOTHREADS;
MPRINT(EM_DIAGRAM):   proc sort data=WORK.TEMPREG NOTHREADS;
57085      by _NAME_;
MPRINT(EM_DIAGRAM):   by _NAME_;
57086      run;
MPRINT(EM_DIAGRAM):   run;

NOTE: There were 50 observations read from the data set WORK.TEMPREG.
NOTE: The data set WORK.TEMPREG has 50 observations and 3 variables.
NOTE: PROCEDURE SORT used (Total process time):
      real time           0.00 seconds
      cpu time            0.00 seconds
      

57087      proc sort data=WORK.TEMPREG2 NOTHREADS;
MPRINT(EM_DIAGRAM):   proc sort data=WORK.TEMPREG2 NOTHREADS;
57088      by _NAME_;
MPRINT(EM_DIAGRAM):   by _NAME_;
57089      run;
MPRINT(EM_DIAGRAM):   run;

NOTE: There were 18 observations read from the data set WORK.TEMPREG2.
NOTE: The data set WORK.TEMPREG2 has 18 observations and 4 variables.
NOTE: PROCEDURE SORT used (Total process time):
      real time           0.00 seconds
      cpu time            0.00 seconds
      

57090      data WORK.TEMPREG3;
MPRINT(EM_DIAGRAM):   data WORK.TEMPREG3;
57091      merge WORK.TEMPREG(in=ina) WORK.TEMPREG2(in=inb);
MPRINT(EM_DIAGRAM):   merge WORK.TEMPREG(in=ina) WORK.TEMPREG2(in=inb);
57092      by _NAME_;
MPRINT(EM_DIAGRAM):   by _NAME_;
57093      if (ina and inb) and Sum_Labor_Force_Pop ne . then output;
MPRINT(EM_DIAGRAM):   if (ina and inb) and Sum_Labor_Force_Pop ne . then output;
57094      run;
MPRINT(EM_DIAGRAM):   run;

NOTE: There were 50 observations read from the data set WORK.TEMPREG.
NOTE: There were 18 observations read from the data set WORK.TEMPREG2.
NOTE: The data set WORK.TEMPREG3 has 3 observations and 5 variables.
NOTE: DATA statement used (Total process time):
      real time           0.00 seconds
      cpu time            0.00 seconds
      

57095      data WORK.TEMPREG3(KEEP=TERM);
MPRINT(EM_DIAGRAM):   data WORK.TEMPREG3(KEEP=TERM);
57096      length term $32;
MPRINT(EM_DIAGRAM):   length term $32;
57097      set WORK.TEMPREG3;
MPRINT(EM_DIAGRAM):   set WORK.TEMPREG3;
57098      i=1;
MPRINT(EM_DIAGRAM):   i=1;
57099      do while( scan(input , i, '*') ne '' );
MPRINT(EM_DIAGRAM):   do while( scan(input , i, '*') ne '' );
57100      term= scan(input , i, '*');
MPRINT(EM_DIAGRAM):   term= scan(input , i, '*');
57101      i=i+1;
MPRINT(EM_DIAGRAM):   i=i+1;
57102      output;
MPRINT(EM_DIAGRAM):   output;
57103      end;
MPRINT(EM_DIAGRAM):   end;
57104      run;
MPRINT(EM_DIAGRAM):   run;

NOTE: There were 3 observations read from the data set WORK.TEMPREG3.
NOTE: The data set WORK.TEMPREG3 has 3 observations and 1 variables.
NOTE: DATA statement used (Total process time):
      real time           0.00 seconds
      cpu time            0.01 seconds
      

57105      proc sort data=WORK.TEMPREG3 nodupkey NOTHREADS;
MPRINT(EM_DIAGRAM):   proc sort data=WORK.TEMPREG3 nodupkey NOTHREADS;
57106      by TERM;
MPRINT(EM_DIAGRAM):   by TERM;
57107      run;
MPRINT(EM_DIAGRAM):   run;

NOTE: There were 3 observations read from the data set WORK.TEMPREG3.
NOTE: 2 observations with duplicate key values were deleted.
NOTE: The data set WORK.TEMPREG3 has 1 observations and 1 variables.
NOTE: PROCEDURE SORT used (Total process time):
      real time           0.00 seconds
      cpu time            0.00 seconds
      

57108      filename emflow "C:\Users\student\Desktop\AA 490\Final Project\AA490_Project\Base Model\Workspaces\EMWS1\Reg2\EMFLOWSCORE.sas";
MPRINT(EM_DIAGRAM):    filename emflow "C:\Users\student\Desktop\AA 490\Final Project\AA490_Project\Base Model\Workspaces\EMWS1\Reg2\EMFLOWSCORE.sas";
MPRINT(EM_DIAGRAM):   *------------------------------------------------------------*;
MPRINT(EM_DIAGRAM):   * Reg2: Scoring DATA data;
MPRINT(EM_DIAGRAM):   *------------------------------------------------------------*;
57109      *------------------------------------------------------------*;
57110      * Reg2: Scoring DATA data;
57111      *------------------------------------------------------------*;
57112      data EMWS1.Reg2_TRAIN
57113      / view=EMWS1.Reg2_TRAIN
57114      ;
MPRINT(EM_DIAGRAM):   data EMWS1.Reg2_TRAIN / view=EMWS1.Reg2_TRAIN ;
57115      set EMWS1.Part4_TRAIN
57116      ;
MPRINT(EM_DIAGRAM):   set EMWS1.Part4_TRAIN ;
57117      %inc emflow;
MPRINT(EM_DIAGRAM):   *************************************;
MPRINT(EM_DIAGRAM):   *** begin scoring code for regression;
MPRINT(EM_DIAGRAM):   *************************************;
MPRINT(EM_DIAGRAM):   length _WARN_ $4;
MPRINT(EM_DIAGRAM):   label _WARN_ = 'Warnings' ;
MPRINT(EM_DIAGRAM):   drop _Y;
MPRINT(EM_DIAGRAM):   _Y = Sum_Labor_Force_Pop ;
MPRINT(EM_DIAGRAM):   drop _DM_BAD;
MPRINT(EM_DIAGRAM):   _DM_BAD=0;
MPRINT(EM_DIAGRAM):   *** Generate dummy variables for Age_group ;
MPRINT(EM_DIAGRAM):   drop _0_0 _0_1 _0_2 ;
MPRINT(EM_DIAGRAM):   if missing( Age_group ) then do;
MPRINT(EM_DIAGRAM):   _0_0 = .;
MPRINT(EM_DIAGRAM):   _0_1 = .;
MPRINT(EM_DIAGRAM):   _0_2 = .;
MPRINT(EM_DIAGRAM):   substr(_warn_,1,1) = 'M';
MPRINT(EM_DIAGRAM):   _DM_BAD = 1;
MPRINT(EM_DIAGRAM):   end;
MPRINT(EM_DIAGRAM):   else do;
MPRINT(EM_DIAGRAM):   length _dm19 $ 19;
MPRINT(EM_DIAGRAM):   drop _dm19 ;
MPRINT(DMNORMCP):   _dm19=dmnorm(Age_group,
MPRINT(DMNORLEN):  32
MPRINT(DMNORMCP):  );
MPRINT(EM_DIAGRAM):   if _dm19 = '65+' then do;
MPRINT(EM_DIAGRAM):   _0_0 = -1;
MPRINT(EM_DIAGRAM):   _0_1 = -1;
MPRINT(EM_DIAGRAM):   _0_2 = -1;
MPRINT(EM_DIAGRAM):   end;
MPRINT(EM_DIAGRAM):   else if _dm19 = '25 TO 44' then do;
MPRINT(EM_DIAGRAM):   _0_0 = 0;
MPRINT(EM_DIAGRAM):   _0_1 = 1;
MPRINT(EM_DIAGRAM):   _0_2 = 0;
MPRINT(EM_DIAGRAM):   end;
MPRINT(EM_DIAGRAM):   else if _dm19 = '45 TO 64' then do;
MPRINT(EM_DIAGRAM):   _0_0 = 0;
MPRINT(EM_DIAGRAM):   _0_1 = 0;
MPRINT(EM_DIAGRAM):   _0_2 = 1;
MPRINT(EM_DIAGRAM):   end;
MPRINT(EM_DIAGRAM):   else if _dm19 = '16 TO 24' then do;
MPRINT(EM_DIAGRAM):   _0_0 = 1;
MPRINT(EM_DIAGRAM):   _0_1 = 0;
MPRINT(EM_DIAGRAM):   _0_2 = 0;
MPRINT(EM_DIAGRAM):   end;
MPRINT(EM_DIAGRAM):   else do;
MPRINT(EM_DIAGRAM):   _0_0 = .;
MPRINT(EM_DIAGRAM):   _0_1 = .;
MPRINT(EM_DIAGRAM):   _0_2 = .;
MPRINT(EM_DIAGRAM):   substr(_warn_,2,1) = 'U';
MPRINT(EM_DIAGRAM):   _DM_BAD = 1;
MPRINT(EM_DIAGRAM):   end;
MPRINT(EM_DIAGRAM):   end;
MPRINT(EM_DIAGRAM):   *** If missing inputs, use averages;
MPRINT(EM_DIAGRAM):   if _DM_BAD > 0 then do;
MPRINT(EM_DIAGRAM):   _LP0 = 6927309.52380952;
MPRINT(EM_DIAGRAM):   goto REG2DR1;
MPRINT(EM_DIAGRAM):   end;
MPRINT(EM_DIAGRAM):   *** Compute Linear Predictor;
MPRINT(EM_DIAGRAM):   drop _TEMP;
MPRINT(EM_DIAGRAM):   drop _LP0;
MPRINT(EM_DIAGRAM):   _LP0 = 0;
MPRINT(EM_DIAGRAM):   *** Effect: Age_group ;
MPRINT(EM_DIAGRAM):   _TEMP = 1;
MPRINT(EM_DIAGRAM):   _LP0 = _LP0 + ( -3163800.85168138) * _TEMP * _0_0;
MPRINT(EM_DIAGRAM):   _LP0 = _LP0 + ( 6115407.09919127) * _TEMP * _0_1;
MPRINT(EM_DIAGRAM):   _LP0 = _LP0 + ( 2844093.69968755) * _TEMP * _0_2;
MPRINT(EM_DIAGRAM):   *--- Intercept ---*;
MPRINT(EM_DIAGRAM):   _LP0 = _LP0 + ( 6903615.9777318);
MPRINT(EM_DIAGRAM):   REG2DR1: *** Predicted Value, Error, and Residual;
MPRINT(EM_DIAGRAM):   label P_Sum_Labor_Force_Pop = 'Predicted: Sum_Labor_Force_Pop' ;
MPRINT(EM_DIAGRAM):   P_Sum_Labor_Force_Pop = _LP0;
MPRINT(EM_DIAGRAM):   drop _R;
MPRINT(EM_DIAGRAM):   if _Y = . then do;
MPRINT(EM_DIAGRAM):   R_Sum_Labor_Force_Pop = .;
MPRINT(EM_DIAGRAM):   end;
MPRINT(EM_DIAGRAM):   else do;
MPRINT(EM_DIAGRAM):   _R = _Y - _LP0;
MPRINT(EM_DIAGRAM):   label R_Sum_Labor_Force_Pop = 'Residual: Sum_Labor_Force_Pop' ;
MPRINT(EM_DIAGRAM):   R_Sum_Labor_Force_Pop = _R;
MPRINT(EM_DIAGRAM):   end;
MPRINT(EM_DIAGRAM):   *************************************;
MPRINT(EM_DIAGRAM):   ***** end scoring code for regression;
MPRINT(EM_DIAGRAM):   *************************************;
57210      run;
MPRINT(EM_DIAGRAM):   run;

NOTE: DATA STEP view saved on file EMWS1.REG2_TRAIN.
NOTE: A stored DATA STEP view cannot run under a different operating system.
NOTE: DATA statement used (Total process time):
      real time           0.00 seconds
      cpu time            0.01 seconds
      

MPRINT(EM_DIAGRAM):   quit;
57211      quit;
57212      filename emflow;
MPRINT(EM_DIAGRAM):   filename emflow;
NOTE: Fileref EMFLOW has been deassigned.
57213      filename emflow "C:\Users\student\Desktop\AA 490\Final Project\AA490_Project\Base Model\Workspaces\EMWS1\Reg2\EMFLOWSCORE.sas";
MPRINT(EM_DIAGRAM):    filename emflow "C:\Users\student\Desktop\AA 490\Final Project\AA490_Project\Base Model\Workspaces\EMWS1\Reg2\EMFLOWSCORE.sas";
MPRINT(EM_DIAGRAM):   *------------------------------------------------------------*;
MPRINT(EM_DIAGRAM):   * Reg2: Scoring VALIDATE data;
MPRINT(EM_DIAGRAM):   *------------------------------------------------------------*;
57214      *------------------------------------------------------------*;
57215      * Reg2: Scoring VALIDATE data;
57216      *------------------------------------------------------------*;
57217      data EMWS1.Reg2_VALIDATE
57218      / view=EMWS1.Reg2_VALIDATE
57219      ;
MPRINT(EM_DIAGRAM):   data EMWS1.Reg2_VALIDATE / view=EMWS1.Reg2_VALIDATE ;
57220      set EMWS1.Part4_VALIDATE
57221      ;
MPRINT(EM_DIAGRAM):   set EMWS1.Part4_VALIDATE ;
57222      %inc emflow;
MPRINT(EM_DIAGRAM):   *************************************;
MPRINT(EM_DIAGRAM):   *** begin scoring code for regression;
MPRINT(EM_DIAGRAM):   *************************************;
MPRINT(EM_DIAGRAM):   length _WARN_ $4;
MPRINT(EM_DIAGRAM):   label _WARN_ = 'Warnings' ;
MPRINT(EM_DIAGRAM):   drop _Y;
MPRINT(EM_DIAGRAM):   _Y = Sum_Labor_Force_Pop ;
MPRINT(EM_DIAGRAM):   drop _DM_BAD;
MPRINT(EM_DIAGRAM):   _DM_BAD=0;
MPRINT(EM_DIAGRAM):   *** Generate dummy variables for Age_group ;
MPRINT(EM_DIAGRAM):   drop _0_0 _0_1 _0_2 ;
MPRINT(EM_DIAGRAM):   if missing( Age_group ) then do;
MPRINT(EM_DIAGRAM):   _0_0 = .;
MPRINT(EM_DIAGRAM):   _0_1 = .;
MPRINT(EM_DIAGRAM):   _0_2 = .;
MPRINT(EM_DIAGRAM):   substr(_warn_,1,1) = 'M';
MPRINT(EM_DIAGRAM):   _DM_BAD = 1;
MPRINT(EM_DIAGRAM):   end;
MPRINT(EM_DIAGRAM):   else do;
MPRINT(EM_DIAGRAM):   length _dm19 $ 19;
MPRINT(EM_DIAGRAM):   drop _dm19 ;
MPRINT(DMNORMCP):   _dm19=dmnorm(Age_group,
MPRINT(DMNORLEN):  32
MPRINT(DMNORMCP):  );
MPRINT(EM_DIAGRAM):   if _dm19 = '65+' then do;
MPRINT(EM_DIAGRAM):   _0_0 = -1;
MPRINT(EM_DIAGRAM):   _0_1 = -1;
MPRINT(EM_DIAGRAM):   _0_2 = -1;
MPRINT(EM_DIAGRAM):   end;
MPRINT(EM_DIAGRAM):   else if _dm19 = '25 TO 44' then do;
MPRINT(EM_DIAGRAM):   _0_0 = 0;
MPRINT(EM_DIAGRAM):   _0_1 = 1;
MPRINT(EM_DIAGRAM):   _0_2 = 0;
MPRINT(EM_DIAGRAM):   end;
MPRINT(EM_DIAGRAM):   else if _dm19 = '45 TO 64' then do;
MPRINT(EM_DIAGRAM):   _0_0 = 0;
MPRINT(EM_DIAGRAM):   _0_1 = 0;
MPRINT(EM_DIAGRAM):   _0_2 = 1;
MPRINT(EM_DIAGRAM):   end;
MPRINT(EM_DIAGRAM):   else if _dm19 = '16 TO 24' then do;
MPRINT(EM_DIAGRAM):   _0_0 = 1;
MPRINT(EM_DIAGRAM):   _0_1 = 0;
MPRINT(EM_DIAGRAM):   _0_2 = 0;
MPRINT(EM_DIAGRAM):   end;
MPRINT(EM_DIAGRAM):   else do;
MPRINT(EM_DIAGRAM):   _0_0 = .;
MPRINT(EM_DIAGRAM):   _0_1 = .;
MPRINT(EM_DIAGRAM):   _0_2 = .;
MPRINT(EM_DIAGRAM):   substr(_warn_,2,1) = 'U';
MPRINT(EM_DIAGRAM):   _DM_BAD = 1;
MPRINT(EM_DIAGRAM):   end;
MPRINT(EM_DIAGRAM):   end;
MPRINT(EM_DIAGRAM):   *** If missing inputs, use averages;
MPRINT(EM_DIAGRAM):   if _DM_BAD > 0 then do;
MPRINT(EM_DIAGRAM):   _LP0 = 6927309.52380952;
MPRINT(EM_DIAGRAM):   goto REG2DR1;
MPRINT(EM_DIAGRAM):   end;
MPRINT(EM_DIAGRAM):   *** Compute Linear Predictor;
MPRINT(EM_DIAGRAM):   drop _TEMP;
MPRINT(EM_DIAGRAM):   drop _LP0;
MPRINT(EM_DIAGRAM):   _LP0 = 0;
MPRINT(EM_DIAGRAM):   *** Effect: Age_group ;
MPRINT(EM_DIAGRAM):   _TEMP = 1;
MPRINT(EM_DIAGRAM):   _LP0 = _LP0 + ( -3163800.85168138) * _TEMP * _0_0;
MPRINT(EM_DIAGRAM):   _LP0 = _LP0 + ( 6115407.09919127) * _TEMP * _0_1;
MPRINT(EM_DIAGRAM):   _LP0 = _LP0 + ( 2844093.69968755) * _TEMP * _0_2;
MPRINT(EM_DIAGRAM):   *--- Intercept ---*;
MPRINT(EM_DIAGRAM):   _LP0 = _LP0 + ( 6903615.9777318);
MPRINT(EM_DIAGRAM):   REG2DR1: *** Predicted Value, Error, and Residual;
MPRINT(EM_DIAGRAM):   label P_Sum_Labor_Force_Pop = 'Predicted: Sum_Labor_Force_Pop' ;
MPRINT(EM_DIAGRAM):   P_Sum_Labor_Force_Pop = _LP0;
MPRINT(EM_DIAGRAM):   drop _R;
MPRINT(EM_DIAGRAM):   if _Y = . then do;
MPRINT(EM_DIAGRAM):   R_Sum_Labor_Force_Pop = .;
MPRINT(EM_DIAGRAM):   end;
MPRINT(EM_DIAGRAM):   else do;
MPRINT(EM_DIAGRAM):   _R = _Y - _LP0;
MPRINT(EM_DIAGRAM):   label R_Sum_Labor_Force_Pop = 'Residual: Sum_Labor_Force_Pop' ;
MPRINT(EM_DIAGRAM):   R_Sum_Labor_Force_Pop = _R;
MPRINT(EM_DIAGRAM):   end;
MPRINT(EM_DIAGRAM):   *************************************;
MPRINT(EM_DIAGRAM):   ***** end scoring code for regression;
MPRINT(EM_DIAGRAM):   *************************************;
57315      run;
MPRINT(EM_DIAGRAM):   run;

NOTE: DATA STEP view saved on file EMWS1.REG2_VALIDATE.
NOTE: A stored DATA STEP view cannot run under a different operating system.
NOTE: DATA statement used (Total process time):
      real time           0.00 seconds
      cpu time            0.01 seconds
      

MPRINT(EM_DIAGRAM):   quit;
57316      quit;
57317      filename emflow;
MPRINT(EM_DIAGRAM):   filename emflow;
NOTE: Fileref EMFLOW has been deassigned.
57318      *------------------------------------------------------------*;
MPRINT(EM_DIAGRAM):    *------------------------------------------------------------*;
57319      * Reg2: Computing metadata for TRAIN data;
MPRINT(EM_DIAGRAM):   * Reg2: Computing metadata for TRAIN data;
57320      *------------------------------------------------------------*;
MPRINT(EM_DIAGRAM):   *------------------------------------------------------------*;

NOTE: View EMWS1.REG2_TRAIN.VIEW used (Total process time):
      real time           0.02 seconds
      cpu time            0.01 seconds
      
MPRINT(EM_DIAGRAM):    *------------------------------------------------------------*;
MPRINT(EM_DIAGRAM):   * &nodeid: Computing Metadata for TRAIN data;
MPRINT(EM_DIAGRAM):   *------------------------------------------------------------*;
MPRINT(EM_DIAGRAM):   filename _delta "C:\Users\student\Desktop\AA 490\Final Project\AA490_Project\Base Model\Workspaces\EMWS1\Reg2\CDELTA_TRAIN.sas";
MPRINT(EMADVISECOLUMNS):   proc display c=sashelp.emmeta.advisecolumns.scl;
MPRINT(EMADVISECOLUMNS):   run;
MPRINT(EMADVISECOLUMNS):    options validvarname=any;
MPRINT(EMADVISECOLUMNS):   proc contents data=EMWS1.Reg2_TRAIN out=_tempAdvisor noprint;
MPRINT(EMADVISECOLUMNS):   run;
MPRINT(EMADVISECOLUMNS):   options validvarname=V7;
MPRINT(EMADVISECOLUMNS):    data _null_;
MPRINT(EMADVISECOLUMNS):   dsid = open('EMWS1.Reg2_TRAIN');
MPRINT(EMADVISECOLUMNS):   call symput('_dsidTable', strip(put(dsid, best.)));
MPRINT(EMADVISECOLUMNS):   if dsid then do;
MPRINT(EMADVISECOLUMNS):   call symput('_engineTable', attrc(dsid, 'ENGINE'));
MPRINT(EMADVISECOLUMNS):   dsid = close(dsid);
MPRINT(EMADVISECOLUMNS):   end;
MPRINT(EMADVISECOLUMNS):   run;
MPRINT(EMADVISECOLUMNS):    proc contents data=EMWS1.Reg2_TRAIN out=WORK.M0YM0N12 noprint;
MPRINT(EMADVISECOLUMNS):   run;
MPRINT(EMADVISECOLUMNS):    data WORK.M0YM0N12;
MPRINT(EMADVISECOLUMNS):   length NAME $ 64 TYPE $ 1 LABEL $ 200 FORMAT $ 36 INFORMAT $36 INDEX $ 1 INDEXTYPE $ 9;
MPRINT(EMADVISECOLUMNS):   label NAME =;
MPRINT(EMADVISECOLUMNS):   set WORK.M0YM0N12(keep=name type length label format formatl formatd informat informl informd idxusage rename=(type=itype));
MPRINT(EMADVISECOLUMNS):   if itype = 1 then type = 'N';
MPRINT(EMADVISECOLUMNS):   else type = 'C';
MPRINT(EMADVISECOLUMNS):   if formatl > 0 then do;
MPRINT(EMADVISECOLUMNS):   if format ne '' then do;
MPRINT(EMADVISECOLUMNS):   if type='N' then format = strip(format)!!strip(put(formatl, best12.))!!'.'!!strip(put(formatd, best12.));
MPRINT(EMADVISECOLUMNS):   else format = strip(format)!!strip(put(formatl, best12.))!!'.';
MPRINT(EMADVISECOLUMNS):   end;
MPRINT(EMADVISECOLUMNS):   else format = strip(put(formatl, best12.))!!'.'!!strip(put(formatd, best12.));
MPRINT(EMADVISECOLUMNS):   end;
MPRINT(EMADVISECOLUMNS):   else if format ne '' then format = strip(format)!!'.';
MPRINT(EMADVISECOLUMNS):   if informl > 0 then do;
MPRINT(EMADVISECOLUMNS):   if informat ne ' ' then do;
MPRINT(EMADVISECOLUMNS):   if type='N' then informat = strip(informat)!!strip(put(informl, best12.))!!'.'!!strip(put(informd, best12.));
MPRINT(EMADVISECOLUMNS):   else informat = strip(informat)!!strip(put(informl, best12.))!!'.';
MPRINT(EMADVISECOLUMNS):   end;
MPRINT(EMADVISECOLUMNS):   else informat = strip(put(informl, best12.))!!'.'!!strip(put(informd, best12.));
MPRINT(EMADVISECOLUMNS):   end;
MPRINT(EMADVISECOLUMNS):   else if informat ne '' then informat = strip(informat)!!'.';
MPRINT(EMADVISECOLUMNS):   if idxusage = 'NONE' then index ="N";
MPRINT(EMADVISECOLUMNS):   else index = "Y";
MPRINT(EMADVISECOLUMNS):   indextype = idxusage;
MPRINT(EMADVISECOLUMNS):   drop idxusage itype formatl formatd informl informd;
MPRINT(EMADVISECOLUMNS):   run;
MPRINT(EMADVISECOLUMNS):    data WORK.M0YM0N12;
MPRINT(EMADVISECOLUMNS):   length UNAME $64;
MPRINT(EMADVISECOLUMNS):   set WORK.M0YM0N12;
MPRINT(EMADVISECOLUMNS):   UNAME = upcase(NAME);
MPRINT(EMADVISECOLUMNS):   run;
MPRINT(EMADVISECOLUMNS):    proc sort data=WORK.M2UANIY_ NOTHREADS;
MPRINT(EMADVISECOLUMNS):   by UNAME;
MPRINT(EMADVISECOLUMNS):   run;
MPRINT(EMADVISECOLUMNS):    data WORK.M2UANIY_;
MPRINT(EMADVISECOLUMNS):   drop UNAME;
MPRINT(EMADVISECOLUMNS):   set WORK.M2UANIY_;
MPRINT(EMADVISECOLUMNS):   run;
MPRINT(EMADVISECOLUMNS):    data WORK.M11ITNR8(keep=NAME ATTR);
MPRINT(EMADVISECOLUMNS):   length ATTR $ 20;
MPRINT(EMADVISECOLUMNS):   set WORK.M2UANIY_;
MPRINT(EMADVISECOLUMNS):   if level ne "INTERVAL" then do;
MPRINT(EMADVISECOLUMNS):   if order = ' ' then do;
MPRINT(EMADVISECOLUMNS):   attr = 'ORDER';
MPRINT(EMADVISECOLUMNS):   output;
MPRINT(EMADVISECOLUMNS):   end;
MPRINT(EMADVISECOLUMNS):   end;
MPRINT(EMADVISECOLUMNS):   if format ne ' ' and formattype = ' ' then do;
MPRINT(EMADVISECOLUMNS):   attr = 'FORMATTYPE';
MPRINT(EMADVISECOLUMNS):   output;
MPRINT(EMADVISECOLUMNS):   end;
MPRINT(EMADVISECOLUMNS):   if role = ' ' then do;
MPRINT(EMADVISECOLUMNS):   attr = 'ROLE';
MPRINT(EMADVISECOLUMNS):   output;
MPRINT(EMADVISECOLUMNS):   end;
MPRINT(EMADVISECOLUMNS):   if level = ' ' then do;
MPRINT(EMADVISECOLUMNS):   attr = 'LEVEL';
MPRINT(EMADVISECOLUMNS):   output;
MPRINT(EMADVISECOLUMNS):   end;
MPRINT(EMADVISECOLUMNS):   if type = ' ' then do;
MPRINT(EMADVISECOLUMNS):   attr = 'TYPE';
MPRINT(EMADVISECOLUMNS):   output;
MPRINT(EMADVISECOLUMNS):   end;
MPRINT(EMADVISECOLUMNS):   if index = ' ' then do;
MPRINT(EMADVISECOLUMNS):   attr = 'INDEX';
MPRINT(EMADVISECOLUMNS):   output;
MPRINT(EMADVISECOLUMNS):   end;
MPRINT(EMADVISECOLUMNS):   if report = ' ' then do;
MPRINT(EMADVISECOLUMNS):   attr = 'REPORT';
MPRINT(EMADVISECOLUMNS):   output;
MPRINT(EMADVISECOLUMNS):   end;
MPRINT(EMADVISECOLUMNS):   run;
MPRINT(EMADVISECOLUMNS):   proc sort NOTHREADS;
MPRINT(EMADVISECOLUMNS):   by attr;
MPRINT(EMADVISECOLUMNS):   run;
MPRINT(EMADVISECOLUMNS):    data WORK.M2UANIY_;
MPRINT(EMADVISECOLUMNS):   length NAME $64 ROLE $ 32 LEVEL $ 10 ORDER $ 8 CREATOR $32 FORMATTYPE $ 10 FAMILY $ 10 LOWERLIMIT 8 UPPERLIMIT 8 REPORT $1 DISTRIBUTION $ 20 COMMENT $64;
MPRINT(EMADVISECOLUMNS):   length levelAssigned 8 roleAssigned 8 PRICE 8;
MPRINT(EMADVISECOLUMNS):   set WORK.M2UANIY_;
MPRINT(EMADVISECOLUMNS):   if formattype = ' ' then do;
MPRINT(EMADVISECOLUMNS):   if format ne ' ' then do;
MPRINT(EMADVISECOLUMNS):   if type = 'N' then do;
MPRINT(EMADVISECOLUMNS):   pos = indexc(format,'.1234567890');
MPRINT(EMADVISECOLUMNS):   if pos > 1 then tempfmt = substr(format,1, pos-1);
MPRINT(EMADVISECOLUMNS):   else tempfmt = ' ';
MPRINT(EMADVISECOLUMNS):   flen = length(tempfmt);
MPRINT(EMADVISECOLUMNS):   select;
MPRINT(EMADVISECOLUMNS):   when(tempfmt in ("DATE" "DAY" "DDMMYY" "DOWNAME" "JULDAY" "JULIAN" "MMDDYY" "MMDDYYD" "MMDDYYC" "MMDDYYN" "MMDDYYP" "MMDDYYS" "MONNAME" "MONTH" "MONYY" "NENGO" "QTR" "QTRR" "WEEKDATE" "WEEKDATX" "WEEKDAY" "WORDDATE" "WORDDATX" 
"YEAR" "YYMMDD" "YYMON" "YYMMDDC" "YYMMDDD" "YYMMDDN" "YYMMDDP" "YYMMDDS" "EURDFDE" "NJDATE" "NLDATE" "EURDFDD" "EURDFDWN" "EURDFMN" "EURDFMY" "EURDFWK" "EURDFWKX" "EURDFWDX" "EURDFDN" "EURDFDE" )) formattype = 'DATE';
MPRINT(EMADVISECOLUMNS):   when(tempfmt in ("DATETIME" "EURDFDT" "TOD" )) formattype = "DATETIME";
MPRINT(EMADVISECOLUMNS):   when(tempfmt in ("HHMM" "HOUR" "MMSS" "TIME" "TIMEAMPM" )) formattype = "TIME";
MPRINT(EMADVISECOLUMNS):   when(tempfmt in ("COMMA" "COMMAX" "DOLLAR" "DOLLARX" "E" "FRACT" "NEGPAREN" "PERCENT")) formattype="QUANTITY";
MPRINT(EMADVISECOLUMNS):   when(tempfmt in ("BINARY" "HEX" "IB" "OCTAL" "PD" "PIB" "PK" "RB" "SSN" "Z" "ZD")) formattype = "CODING";
MPRINT(EMADVISECOLUMNS):   otherwise do;
MPRINT(EMADVISECOLUMNS):   formattype = "USER";
MPRINT(EMADVISECOLUMNS):   if compress(tempfmt, '0123456789.', '') = '' then formattype='NUM';
MPRINT(EMADVISECOLUMNS):   else if substr(tempfmt, 1, 6)='NLDATE' then formattype = "DATE";
MPRINT(EMADVISECOLUMNS):   else if substr(tempfmt, 1, 6)='NLDATM' then formattype = "DATETIME";
MPRINT(EMADVISECOLUMNS):   else if substr(tempfmt, 1, 4)='NLTIM' then formattype = "TIME";
MPRINT(EMADVISECOLUMNS):   else if flen >= 4 then do;
MPRINT(EMADVISECOLUMNS):   str = substr(tempfmt,1,4);
MPRINT(EMADVISECOLUMNS):   if str in ("MMYY" "YYMM" "YYQR") then formattype ="DATE";
MPRINT(EMADVISECOLUMNS):   else if str = "S370" then formattype = "CODING";
MPRINT(EMADVISECOLUMNS):   else if str = "BEST" then formattype = "NUM";
MPRINT(EMADVISECOLUMNS):   drop str;
MPRINT(EMADVISECOLUMNS):   end;
MPRINT(EMADVISECOLUMNS):   else if flen >=3 and substr(tempfmt,1,3) = "YYQ" then formatType = "DATE";
MPRINT(EMADVISECOLUMNS):   end;
MPRINT(EMADVISECOLUMNS):   end;
MPRINT(EMADVISECOLUMNS):   drop flen tempfmt pos;
MPRINT(EMADVISECOLUMNS):   end;
MPRINT(EMADVISECOLUMNS):   else do;
MPRINT(EMADVISECOLUMNS):   formatType = "CATEGORY";
MPRINT(EMADVISECOLUMNS):   end;
MPRINT(EMADVISECOLUMNS):   end;
MPRINT(EMADVISECOLUMNS):   if formatType = "NUM" then do;
MPRINT(EMADVISECOLUMNS):   if index = "Y" then formatType = "DISCRETE";
MPRINT(EMADVISECOLUMNS):   else formatType = "QUANTITY";
MPRINT(EMADVISECOLUMNS):   end;
MPRINT(EMADVISECOLUMNS):   end;
MPRINT(EMADVISECOLUMNS):   if level = ' ' then do;
MPRINT(EMADVISECOLUMNS):   if formatType in ("CATEGORY", "CODING", "ID") or type = "C" then level = "NOMINAL";
MPRINT(EMADVISECOLUMNS):   else level = "INTERVAL";
MPRINT(EMADVISECOLUMNS):   levelAssigned = 1;
MPRINT(EMADVISECOLUMNS):   end;
MPRINT(EMADVISECOLUMNS):   else level = upcase(level);
MPRINT(EMADVISECOLUMNS):   if role = ' ' then do;
MPRINT(EMADVISECOLUMNS):   length name_prefix $8 _uname $64;
MPRINT(EMADVISECOLUMNS):   drop name_prefix _uname _freqflag;
MPRINT(EMADVISECOLUMNS):   retain _freqflag;
MPRINT(EMADVISECOLUMNS):   if LENGTH> 80 then ROLE = 'TEXT';
MPRINT(EMADVISECOLUMNS):   _uname = upcase(NAME);
MPRINT(EMADVISECOLUMNS):   select(_uname);
MPRINT(EMADVISECOLUMNS):   when('_PARTIND_') do;
MPRINT(EMADVISECOLUMNS):   ROLE = 'ID';
MPRINT(EMADVISECOLUMNS):   LEVEL = 'NOMINAL';
MPRINT(EMADVISECOLUMNS):   end;
MPRINT(EMADVISECOLUMNS):   when('_WARN_') ROLE = 'ASSESS';
MPRINT(EMADVISECOLUMNS):   when('EM_SEGMENT') do;
MPRINT(EMADVISECOLUMNS):   ROLE = 'SEGMENT';
MPRINT(EMADVISECOLUMNS):   LEVEL = 'NOMINAL';
MPRINT(EMADVISECOLUMNS):   end;
MPRINT(EMADVISECOLUMNS):   when('_NODE_') do;
MPRINT(EMADVISECOLUMNS):   ROLE = 'SEGMENT';
MPRINT(EMADVISECOLUMNS):   LEVEL = 'NOMINAL';
MPRINT(EMADVISECOLUMNS):   end;
MPRINT(EMADVISECOLUMNS):   when('EM_CLASSTARGET') ROLE = 'ASSESS';
MPRINT(EMADVISECOLUMNS):   when('EM_VALUETARGET') ROLE = 'ASSESS';
MPRINT(EMADVISECOLUMNS):   when('EM_PREDICTION') ROLE = 'PREDICT';
MPRINT(EMADVISECOLUMNS):   when('EM_PROBABILITY') ROLE = 'PREDICT';
MPRINT(EMADVISECOLUMNS):   when('EM_EVENTPROBABILITY') ROLE = 'PREDICT';
MPRINT(EMADVISECOLUMNS):   when('EM_CLASSIFICATION') ROLE = 'CLASSIFICATION';
MPRINT(EMADVISECOLUMNS):   when('EM_DECISION') ROLE = 'DECISION';
MPRINT(EMADVISECOLUMNS):   when('EM_PROFIT') ROLE = 'ASSESS';
MPRINT(EMADVISECOLUMNS):   when('EM_LOSS') ROLE = 'ASSESS';
MPRINT(EMADVISECOLUMNS):   when('EM_ROI') ROLE = 'ASSESS';
MPRINT(EMADVISECOLUMNS):   when('URI') ROLE = 'URL';
MPRINT(EMADVISECOLUMNS):   when('FILTERED') ROLE = 'TEXTLOC';
MPRINT(EMADVISECOLUMNS):   otherwise do;
MPRINT(EMADVISECOLUMNS):   if upcase(NAME) =: 'ZIP' then do;
MPRINT(EMADVISECOLUMNS):   ROLE = 'REJECTED';
MPRINT(EMADVISECOLUMNS):   LEVEL = 'NOMINAL';
MPRINT(EMADVISECOLUMNS):   COMMENT = 'Rejected by: Exceed the maximum class level of %s';
MPRINT(EMADVISECOLUMNS):   end;
MPRINT(EMADVISECOLUMNS):   else if upcase(NAME) in('FREQ', 'FREQUENCY') then do;
MPRINT(EMADVISECOLUMNS):   ROLE = 'FREQ';
MPRINT(EMADVISECOLUMNS):   if TYPE = 'C' then ROLE = 'INPUT';
MPRINT(EMADVISECOLUMNS):   else if _freqflag =1 then ROLE='REJECTED';
MPRINT(EMADVISECOLUMNS):   end;
MPRINT(EMADVISECOLUMNS):   else do;
MPRINT(EMADVISECOLUMNS):   name_prefix = scan(_uname, 1, '_');
MPRINT(EMADVISECOLUMNS):   if scan(_uname, 2, '_') = '' then name_prefix='';
MPRINT(EMADVISECOLUMNS):   if name_prefix in('F', 'I', 'U') then do;
MPRINT(EMADVISECOLUMNS):   ROLE = 'CLASSIFICATION';
MPRINT(EMADVISECOLUMNS):   LEVEL = 'NOMINAL';
MPRINT(EMADVISECOLUMNS):   end;
MPRINT(EMADVISECOLUMNS):   else if name_prefix in('Q') then ROLE = 'ASSESS';
MPRINT(EMADVISECOLUMNS):   else if name_prefix in('P', 'V') then ROLE = 'PREDICT';
MPRINT(EMADVISECOLUMNS):   else if name_prefix in('R', 'RS', 'RT', 'RD', 'RDS', 'RDT', 'RA', 'RAS', 'RAT') then ROLE = 'RESIDUAL';
MPRINT(EMADVISECOLUMNS):   else if name_prefix ='D' then do;
MPRINT(EMADVISECOLUMNS):   ROLE = 'DECISION';
MPRINT(EMADVISECOLUMNS):   LEVEL = 'NOMINAL';
MPRINT(EMADVISECOLUMNS):   end;
MPRINT(EMADVISECOLUMNS):   else if name_prefix ='B' then do;
MPRINT(EMADVISECOLUMNS):   ROLE = 'SEGMENT';
MPRINT(EMADVISECOLUMNS):   LEVEL = 'NOMINAL';
MPRINT(EMADVISECOLUMNS):   end;
MPRINT(EMADVISECOLUMNS):   else if name_prefix in('EP', 'BP', 'CP', 'EL', 'CL', 'BL', 'W', 'ROI', 'IC') then ROLE = 'ASSESS';
MPRINT(EMADVISECOLUMNS):   else do;
MPRINT(EMADVISECOLUMNS):   array _ROLE_ (19) $32 _TEMPORARY_ ('ASSESS','CLASSIFICATION','CENSOR', 'COST', 'CROSSID', 'DECISION', 'ID','INPUT', 'LABEL', 'MISSING','PREDICT','REFERRER','REJECTED', 'RESIDUAL','SEGMENT', 'SEQUENCE','TARGET', 'TEXT', 'TIMEID');
MPRINT(EMADVISECOLUMNS):   drop _found_ i;
MPRINT(EMADVISECOLUMNS):   _found_=0;
MPRINT(EMADVISECOLUMNS):   do i=1 to 19 until(_found_=1);
MPRINT(EMADVISECOLUMNS):   if index(_uname, trim(_ROLE_{i}))=1 then do;
MPRINT(EMADVISECOLUMNS):   ROLE=_ROLE_{i};
MPRINT(EMADVISECOLUMNS):   if ROLE = 'ID' then LEVEL = 'NOMINAL';
MPRINT(EMADVISECOLUMNS):   else if ROLE = 'SEGMENT' then LEVEL = 'NOMINAL';
MPRINT(EMADVISECOLUMNS):   else if ROLE = 'TIMEID' and TYPE='N' then LEVEL = 'INTERVAL';
MPRINT(EMADVISECOLUMNS):   _found_=1;
MPRINT(EMADVISECOLUMNS):   end;
MPRINT(EMADVISECOLUMNS):   end;
MPRINT(EMADVISECOLUMNS):   if length(_uname)>2 then do;
MPRINT(EMADVISECOLUMNS):   if substr(reverse(trim(_uname)), 1, 3) = 'DI_' then do;
MPRINT(EMADVISECOLUMNS):   ROLE = 'ID';
MPRINT(EMADVISECOLUMNS):   LEVEL = 'NOMINAL';
MPRINT(EMADVISECOLUMNS):   end;
MPRINT(EMADVISECOLUMNS):   end;
MPRINT(EMADVISECOLUMNS):   end;
MPRINT(EMADVISECOLUMNS):   end;
MPRINT(EMADVISECOLUMNS):   end;
MPRINT(EMADVISECOLUMNS):   end;
MPRINT(EMADVISECOLUMNS):   if ROLE='FREQ' then _freqflag=1;
MPRINT(EMADVISECOLUMNS):   else if ROLE = 'CLASSIFICATION' then LEVEL = 'NOMINAL';
MPRINT(EMADVISECOLUMNS):   if symexist('RATEMKG_ROLE') then do;
MPRINT(EMADVISECOLUMNS):   if upcase(symget('RATEMKG_ROLE')) in('Y', 'YES') then do;
MPRINT(EMADVISECOLUMNS):   if _uname =: 'POLICY' then ROLE = 'POLICYID';
MPRINT(EMADVISECOLUMNS):   else if _uname in ('PARTITION', '_PARTIND_') then ROLE = 'PARTITION';
MPRINT(EMADVISECOLUMNS):   else if type = 'N' then do;
MPRINT(EMADVISECOLUMNS):   if _uname = 'EXPOSURE' then ROLE = 'EXPOSURE';
MPRINT(EMADVISECOLUMNS):   else if _uname = 'YEAR' then ROLE = 'YEAR';
MPRINT(EMADVISECOLUMNS):   else if _uname = 'WEIGHT' then ROLE = 'WEIGHT';
MPRINT(EMADVISECOLUMNS):   else if _uname = 'OFFSET' then ROLE = 'OFFSET';
MPRINT(EMADVISECOLUMNS):   end;
MPRINT(EMADVISECOLUMNS):   end;
MPRINT(EMADVISECOLUMNS):   end;
MPRINT(EMADVISECOLUMNS):   end;
MPRINT(EMADVISECOLUMNS):   if role = ' ' then do;
MPRINT(EMADVISECOLUMNS):   if formattype in('DATE', 'DATETIME', 'TIME') then role = 'TIMEID';
MPRINT(EMADVISECOLUMNS):   else role = 'INPUT';
MPRINT(EMADVISECOLUMNS):   roleAssigned = 1;
MPRINT(EMADVISECOLUMNS):   end;
MPRINT(EMADVISECOLUMNS):   else role = upcase(role);
MPRINT(EMADVISECOLUMNS):   if REPORT = '' then REPORT = 'N';
MPRINT(EMADVISECOLUMNS):   if symexist('dmwb_product') then do;
MPRINT(EMADVISECOLUMNS):   if upcase(symget('dmwb_product')) = 'FACTORYMINER_DATASOURCE' then do;
MPRINT(EMADVISECOLUMNS):   if ROLE ^in('INPUT', 'TARGET', 'REJECTED', 'SEGMENT', 'FREQ', 'ID', 'KEY') then ROLE='REJECTED';
MPRINT(EMADVISECOLUMNS):   end;
MPRINT(EMADVISECOLUMNS):   end;
MPRINT(EMADVISECOLUMNS):   run;
MPRINT(EMADVISECOLUMNS):    data WORK.M2UANIY_;
MPRINT(EMADVISECOLUMNS):   set WORK.M2UANIY_;
MPRINT(EMADVISECOLUMNS):   label NAME = "Variable Name" TYPE = "Type" ROLE = "Role" LEVEL= "Measurement Level" ORDER= "Order" CREATOR= "Creator" FORMATTYPE= "Format Type" FAMILY= "Family" DISTRIBUTION= "Distribution" PRICE= "Price" LOWERLIMIT= "Lower 
limit" UPPERLIMIT= "Upper Limit" REPORT= "Report" COMMENT= "Comment" INDEX= "Index" INDEXTYPE= "IndexType" LABEL= "Label" LENGTH= "Length";
MPRINT(EMADVISECOLUMNS):   drop levelAssigned roleAssigned;
MPRINT(EMADVISECOLUMNS):   run;
MPRINT(EMADVISECOLUMNS):   
MPRINT(EM_DIAGRAM):  ;
MPRINT(EM_DIAGRAM):   proc sort data=WORK.COLUMNMETA;
MPRINT(EM_DIAGRAM):   by NAME;
MPRINT(EM_DIAGRAM):   run;
MPRINT(EM_DIAGRAM):   *------------------------------------------------------------*;
MPRINT(EM_DIAGRAM):   * &nodeid: Merge incoming metadata;
MPRINT(EM_DIAGRAM):   *------------------------------------------------------------*;
MPRINT(EM_DIAGRAM):   proc contents data=EMWS1.Part4_TRAIN noprint out=_temp2(keep=NAME);
MPRINT(EM_DIAGRAM):   run;
MPRINT(EM_DIAGRAM):   proc sort data=_temp2;
MPRINT(EM_DIAGRAM):   by NAME;
MPRINT(EM_DIAGRAM):   run;
MPRINT(EM_DIAGRAM):   proc sort data=EMWS1.Part4_CMeta_TRAIN out=_temp;
MPRINT(EM_DIAGRAM):   by NAME;
MPRINT(EM_DIAGRAM):   run;
MPRINT(EM_DIAGRAM):   data EMWS1.Reg2_CMeta_TRAIN;
MPRINT(EM_DIAGRAM):   merge WORK.COLUMNMETA(in=_a) _temp2(in=_b) _temp(drop=FORMAT INFORMAT LENGTH INDEX INDEXTYPE in=_c) end=_eof_;
MPRINT(EM_DIAGRAM):   by NAME;
MPRINT(EM_DIAGRAM):   if (^_a and _b) or (^_c and _a and _b) then delete;
MPRINT(EM_DIAGRAM):   if ^_b then CREATOR = "Reg2";
MPRINT(EM_DIAGRAM):   length model $200;
MPRINT(EM_DIAGRAM):   label MODEL = "Model Node";
MPRINT(EM_DIAGRAM):   select(upcase(name));
MPRINT(EM_DIAGRAM):   when("P_SUM_LABOR_FORCE_POP") creator = "Reg2";
MPRINT(EM_DIAGRAM):   when("R_SUM_LABOR_FORCE_POP") creator = "Reg2";
MPRINT(EM_DIAGRAM):   when("_WARN_") creator = "Reg2";
MPRINT(EM_DIAGRAM):   when("SUM_LABOR_FORCE_POP") model = "Reg2";
MPRINT(EM_DIAGRAM):   when('');
MPRINT(EM_DIAGRAM):   otherwise;
MPRINT(EM_DIAGRAM):   end;
MPRINT(EM_DIAGRAM):   *------------------------------------------------------------*;
MPRINT(EM_DIAGRAM):   * Reg2: Apply Delta Code;
MPRINT(EM_DIAGRAM):   *------------------------------------------------------------*;
MPRINT(EM_DIAGRAM):   if ROLE in('INPUT', 'REJECTED') then do;
MPRINT(EM_DIAGRAM):   if upcase(NAME) in( 'AGE_GROUP' ) then ROLE='INPUT';
MPRINT(EM_DIAGRAM):   else do;
MPRINT(EM_DIAGRAM):   ROLE='REJECTED';
MPRINT(EM_DIAGRAM):   COMMENT = "Reg2: Rejected using stepwise selection";
MPRINT(EM_DIAGRAM):   end;
MPRINT(EM_DIAGRAM):   end;
MPRINT(EM_DIAGRAM):   run;
MPRINT(EM_DIAGRAM):   filename _delta;
57677      data WORK.MODELTEMP_INFO;
MPRINT(EM_DIAGRAM):    data WORK.MODELTEMP_INFO;
57678      set EMWS1.Reg2_EMINFO;
MPRINT(EM_DIAGRAM):   set EMWS1.Reg2_EMINFO;
57679      where DATA='Reg2' and KEY ^in('DECDATA', 'DECMETA', 'IMPORTANCE', 'MODEL');
MPRINT(EM_DIAGRAM):   where DATA='Reg2' and KEY ^in('DECDATA', 'DECMETA', 'IMPORTANCE', 'MODEL');
57680      run;
MPRINT(EM_DIAGRAM):   run;

NOTE: There were 0 observations read from the data set EMWS1.REG2_EMINFO.
      WHERE (DATA='Reg2') and KEY not in ('DECDATA', 'DECMETA', 'IMPORTANCE', 'MODEL');
NOTE: The data set WORK.MODELTEMP_INFO has 0 observations and 3 variables.
NOTE: DATA statement used (Total process time):
      real time           0.00 seconds
      cpu time            0.00 seconds
      

57681      data EMWS1.Reg2_EMINFO;
MPRINT(EM_DIAGRAM):    data EMWS1.Reg2_EMINFO;
57682      length TARGET KEY $32 DATA $43;
MPRINT(EM_DIAGRAM):   length TARGET KEY $32 DATA $43;
57683      input TARGET KEY DATA $;
MPRINT(EM_DIAGRAM):   input TARGET KEY DATA $;
57684      cards;
MPRINT(EM_DIAGRAM):   cards;

NOTE: The data set EMWS1.REG2_EMINFO has 3 observations and 3 variables.
NOTE: DATA statement used (Total process time):
      real time           0.00 seconds
      cpu time            0.00 seconds
      

MPRINT(EM_DIAGRAM):   run;
57688      run;
57689      data EMWS1.Reg2_EMINFO;
MPRINT(EM_DIAGRAM):   data EMWS1.Reg2_EMINFO;
57690      set EMWS1.Reg2_EMINFO WORK.MODELTEMP_INFO;
MPRINT(EM_DIAGRAM):   set EMWS1.Reg2_EMINFO WORK.MODELTEMP_INFO;
57691      run;
MPRINT(EM_DIAGRAM):   run;

NOTE: There were 3 observations read from the data set EMWS1.REG2_EMINFO.
NOTE: There were 0 observations read from the data set WORK.MODELTEMP_INFO.
NOTE: The data set EMWS1.REG2_EMINFO has 3 observations and 3 variables.
NOTE: DATA statement used (Total process time):
      real time           0.00 seconds
      cpu time            0.01 seconds
      

57692      proc sort data = EMWS1.Reg2_EMINFO NOTHREADS;
MPRINT(EM_DIAGRAM):    proc sort data = EMWS1.Reg2_EMINFO NOTHREADS;
57693      by TARGET KEY;
MPRINT(EM_DIAGRAM):   by TARGET KEY;
57694      run;
MPRINT(EM_DIAGRAM):   run;

NOTE: There were 3 observations read from the data set EMWS1.REG2_EMINFO.
NOTE: The data set EMWS1.REG2_EMINFO has 3 observations and 3 variables.
NOTE: PROCEDURE SORT used (Total process time):
      real time           0.00 seconds
      cpu time            0.01 seconds
      

57695      proc sort data = EMWS1.Ids4_EMINFO OUT=WORK.SORTEDEMINFO NOTHREADS;
MPRINT(EM_DIAGRAM):    proc sort data = EMWS1.Ids4_EMINFO OUT=WORK.SORTEDEMINFO NOTHREADS;
57696      by TARGET KEY;
MPRINT(EM_DIAGRAM):   by TARGET KEY;
57697      run;
MPRINT(EM_DIAGRAM):   run;

NOTE: There were 5 observations read from the data set EMWS1.IDS4_EMINFO.
NOTE: The data set WORK.SORTEDEMINFO has 5 observations and 3 variables.
NOTE: PROCEDURE SORT used (Total process time):
      real time           0.00 seconds
      cpu time            0.01 seconds
      

57698      proc sort data = EMWS1.Reg2_EMINFO OUT=WORK.TEMP_INFO NOTHREADS;
MPRINT(EM_DIAGRAM):   proc sort data = EMWS1.Reg2_EMINFO OUT=WORK.TEMP_INFO NOTHREADS;
57699      by TARGET KEY;
MPRINT(EM_DIAGRAM):   by TARGET KEY;
57700      run;
MPRINT(EM_DIAGRAM):   run;

NOTE: Input data set is already sorted; it has been copied to the output data set.
NOTE: There were 3 observations read from the data set EMWS1.REG2_EMINFO.
NOTE: The data set WORK.TEMP_INFO has 3 observations and 3 variables.
NOTE: PROCEDURE SORT used (Total process time):
      real time           0.00 seconds
      cpu time            0.00 seconds
      

57701      data EMWS1.Reg2_EMINFO;
MPRINT(EM_DIAGRAM):   data EMWS1.Reg2_EMINFO;
57702      merge WORK.SORTEDEMINFO WORK.TEMP_INFO;
MPRINT(EM_DIAGRAM):   merge WORK.SORTEDEMINFO WORK.TEMP_INFO;
57703      by TARGET KEY;
MPRINT(EM_DIAGRAM):   by TARGET KEY;
57704      run;
MPRINT(EM_DIAGRAM):   run;

NOTE: There were 5 observations read from the data set WORK.SORTEDEMINFO.
NOTE: There were 3 observations read from the data set WORK.TEMP_INFO.
NOTE: The data set EMWS1.REG2_EMINFO has 6 observations and 3 variables.
NOTE: DATA statement used (Total process time):
      real time           0.00 seconds
      cpu time            0.00 seconds
      

57705      proc datasets lib=work nolist;
MPRINT(EM_DIAGRAM):   proc datasets lib=work nolist;
57706      delete TEMP_INFO SORTEDEMINFO;
MPRINT(EM_DIAGRAM):   delete TEMP_INFO SORTEDEMINFO;
57707      run;
MPRINT(EM_DIAGRAM):   run;

NOTE: Deleting WORK.TEMP_INFO (memtype=DATA).
NOTE: Deleting WORK.SORTEDEMINFO (memtype=DATA).
57708      quit;
MPRINT(EM_DIAGRAM):   quit;

NOTE: PROCEDURE DATASETS used (Total process time):
      real time           0.01 seconds
      cpu time            0.01 seconds
      

NOTE: View EMWS1.REG2_TRAIN.VIEW used (Total process time):
      real time           0.03 seconds
      cpu time            0.01 seconds
      
NOTE: View EMWS1.REG2_VALIDATE.VIEW used (Total process time):
      real time           0.02 seconds
      cpu time            0.03 seconds
      
MPRINT(EM_DIAGRAM):    proc printto;
MPRINT(EM_DIAGRAM):   run;
