 
                                                                                                                                                                                                                                                                
 
 
Variable Summary

          Measurement    Frequency
 Role        Level         Count

INPUT      NOMINAL           3    
TARGET     INTERVAL          2    
 
                                                                                                                                                                                                                                                                
 
 
Predicted and decision variables

Type               Variable                       Label

TARGET       Sum_Labor_Force_Pop                                    
PREDICTED    P_Sum_Labor_Force_Pop    Predicted: Sum_Labor_Force_Pop
RESIDUAL     R_Sum_Labor_Force_Pop    Residual: Sum_Labor_Force_Pop 
 
                                                                                                                                                                                                                                                                
 
 

The DMREG Procedure

                Model Information

Training Data Set             WORK.EM_DMREG.VIEW 
DMDB Catalog                  WORK.REG2_DMDB     
Target Variable               Sum_Labor_Force_Pop
Target Measurement Level      Interval           
Error                         Normal             
Link Function                 Identity           
Number of Model Parameters    19                 
Number of Observations        504                


Frequency Distribution of Input Class Variables
 
Class         Value             Total

Age_group     16 to 24            119
              25 to 44            130
              45 to 64            124
              65+                 131

Date          2000                 39
              2001                 33
              2002                 31
              2003                 38
              2004                 33
              2005                 38
              2006                 35
              2007                 35
              2008                 29
              2009                 37
              2010                 35
              2011                 43
              2012                 38
              2013                 40

Gender        both sexes          158
              female              174
              male                172






Stepwise Selection Procedure


Step 0: Intercept entered.


                             Analysis of Variance
 
                                   Sum of
Source                 DF         Squares     Mean Square    F Value    Pr > F

Model                   0               0               .        .       .    
Error                 503    2.1544076E16    4.2831165E13                     
Corrected Total       503    2.1544076E16                                     


              Model Fit Statistics

R-Square        0.0000     Adj R-Sq        0.0000
AIC         15820.6957     BIC         15821.1098
SBC         15824.9183     C(p)          550.7685




                Analysis of Maximum Likelihood Estimates
 
                                          Standard
Parameter               DF    Estimate       Error    t Value    Pr > |t|

Intercept                1     6927310      291518      23.76      <.0001


Estimated Correlation Matrix
 
Parameter      Intercept

Intercept        1.00000


Step 1: Effect Age_group entered.


                             Analysis of Variance
 
                                   Sum of
Source                 DF         Squares     Mean Square    F Value    Pr > F

Model                   3    1.1455958E16    3.8186527E15     189.26    <.0001
Error                 500    1.0088118E16    2.0176236E13                     
Corrected Total       503    2.1544076E16                                     


              Model Fit Statistics

R-Square        0.5317     Adj R-Sq        0.5289
AIC         15444.2894     BIC         15446.4675
SBC         15461.1798     C(p)           -3.0360


             Type 3 Analysis of Effects
 
                         Sum of
Effect         DF       Squares    F Value    Pr > F

Age_group       3     1.1456E16     189.26    <.0001


                Analysis of Maximum Likelihood Estimates
 
                                          Standard
Parameter               DF    Estimate       Error    t Value    Pr > |t|

Intercept                1     6903616      200231      34.48      <.0001
Age_group 16 to 24       1    -3163801      353365      -8.95      <.0001
Age_group 25 to 44       1     6115407      343065      17.83      <.0001
Age_group 45 to 64       1     2844094      348494       8.16      <.0001


                             Estimated Correlation Matrix
 
                                      Age_group16_      Age_group25_      Age_group45_
Parameter              Intercept             TO_24             TO_44             TO_64

Intercept                1.00000           0.03243          -0.01881           0.00839
Age_group16_TO_24        0.03243           1.00000          -0.33899          -0.34896
Age_group25_TO_44       -0.01881          -0.33899           1.00000          -0.32943
Age_group45_TO_64        0.00839          -0.34896          -0.32943           1.00000


NOTE: No (additional) effects met the 0.05 significance level for entry into the model.


                Summary of Stepwise Selection
 
             Effect              Number
    Step    Entered        DF        In    F Value    Pr > F

       1    Age_group       3         1     189.26    <.0001


The selected model is the model trained in the last step (Step 1). It consists of the following effects:

Intercept  Age_group  


                             Analysis of Variance
 
                                   Sum of
Source                 DF         Squares     Mean Square    F Value    Pr > F

Model                   3    1.1455958E16    3.8186527E15     189.26    <.0001
Error                 500    1.0088118E16    2.0176236E13                     
Corrected Total       503    2.1544076E16                                     


              Model Fit Statistics

R-Square        0.5317     Adj R-Sq        0.5289
AIC         15444.2894     BIC         15446.4675
SBC         15461.1798     C(p)           -3.0360


             Type 3 Analysis of Effects
 
                         Sum of
Effect         DF       Squares    F Value    Pr > F

Age_group       3     1.1456E16     189.26    <.0001


                Analysis of Maximum Likelihood Estimates
 
                                          Standard
Parameter               DF    Estimate       Error    t Value    Pr > |t|

Intercept                1     6903616      200231      34.48      <.0001
Age_group 16 to 24       1    -3163801      353365      -8.95      <.0001
Age_group 25 to 44       1     6115407      343065      17.83      <.0001
Age_group 45 to 64       1     2844094      348494       8.16      <.0001


                             Estimated Correlation Matrix
 
                                      Age_group16_      Age_group25_      Age_group45_
Parameter              Intercept             TO_24             TO_44             TO_64

Intercept                1.00000           0.03243          -0.01881           0.00839
Age_group16_TO_24        0.03243           1.00000          -0.33899          -0.34896
Age_group25_TO_44       -0.01881          -0.33899           1.00000          -0.32943
Age_group45_TO_64        0.00839          -0.34896          -0.32943           1.00000
