MPRINT(EM_DIAGRAM):    data _null_;
MPRINT(EM_DIAGRAM):   call symput('NLDATE', strip(put(date(), NLDATE.)));
MPRINT(EM_DIAGRAM):   call symput('NLTIME', strip(put(datetime(), NLTIME.)));
MPRINT(EM_DIAGRAM):   run;
MPRINT(EM_DIAGRAM):   data _null_;
MPRINT(EM_DIAGRAM):   nldate= sasmsg("sashelp.dmine", "log_date_note", 'N', "November 19, 2019" );
MPRINT(EM_DIAGRAM):   nltime= sasmsg("sashelp.dmine", "log_time_note", 'N', "15:47:34" );
MPRINT(EM_DIAGRAM):   put "*------------------------------------------------------------*";
MPRINT(EM_DIAGRAM):   put "* Training Log";
MPRINT(EM_DIAGRAM):   put nldate;
MPRINT(EM_DIAGRAM):   put nltime;
MPRINT(EM_DIAGRAM):   put "*------------------------------------------------------------*";
MPRINT(EM_DIAGRAM):   run;
*------------------------------------------------------------*
* Training Log
Date:                November 19, 2019
Time:                15:47:34
*------------------------------------------------------------*
MPRINT(EM_DIAGRAM):    filename O03GM6SS "C:\Users\student\Desktop\AA 490\Final Project\AA490_Project\Base Model\Workspaces\EMWS1\Reg2\EMTRAIN.out" encoding="UTF-8" NOBOM;
MPRINT(EM_DIAGRAM):   proc printto print=O03GM6SS new;
MPRINT(EM_DIAGRAM):   run;
MPRINT(EM_DIAGRAM):    filename _LOG "C:\Users\student\Desktop\AA 490\Final Project\AA490_Project\Base Model\Workspaces\EMWS1\Reg2\EMLOG.log" encoding="UTF-8" NOBOM;
MPRINT(EM_DIAGRAM):    data _null_;
MPRINT(EM_DIAGRAM):   call symput('NLDATE', strip(put(date(), NLDATE.)));
MPRINT(EM_DIAGRAM):   call symput('NLTIME', strip(put(datetime(), NLTIME.)));
MPRINT(EM_DIAGRAM):   run;
MPRINT(EM_DIAGRAM):   data _null_;
MPRINT(EM_DIAGRAM):   nldate= sasmsg("sashelp.dmine", "log_date_note", 'N', "November 19, 2019" );
MPRINT(EM_DIAGRAM):   nltime= sasmsg("sashelp.dmine", "log_time_note", 'N', "15:47:34" );
MPRINT(EM_DIAGRAM):   file _LOG;
MPRINT(EM_DIAGRAM):   put "*------------------------------------------------------------*";
MPRINT(EM_DIAGRAM):   put "User:                student";
MPRINT(EM_DIAGRAM):   put nldate;
MPRINT(EM_DIAGRAM):   put nltime;
MPRINT(EM_DIAGRAM):   put "Site:                70082322";
MPRINT(EM_DIAGRAM):   put "Platform:            X64_10PRO";
MPRINT(EM_DIAGRAM):   put "Maintenance Release: 9.04.01M4P110916";
MPRINT(EM_DIAGRAM):   put "EM Version:          14.2";
MPRINT(EM_DIAGRAM):   put "* ";
MPRINT(EM_DIAGRAM):   run;
MPRINT(EM_DIAGRAM):    filename _LOGIN "C:\Users\student\Desktop\AA 490\Final Project\AA490_Project\Base Model\Workspaces\EMWS1\Reg2\EMTRAIN.log" encoding="UTF-8" NOBOM;
MPRINT(EM_COPYFILE):   data _null_;
MPRINT(EM_COPYFILE):   length line $20000;
MPRINT(EM_COPYFILE):   file _LOG MOD lrecl=20000;
MPRINT(EM_COPYFILE):   fid=fopen("_LOGIN",'i',20000,'v');
MPRINT(EM_COPYFILE):   if fid > 0 then do;
MPRINT(EM_COPYFILE):   do while(^fread(fid));
MPRINT(EM_COPYFILE):   rlen = frlen(fid);
MPRINT(EM_COPYFILE):   rc= fget(fid,line,20000);
MPRINT(EM_COPYFILE):   start = length(line)-length(left(line))+1;
MPRINT(EM_COPYFILE):   line=strip(line);
MPRINT(EM_COPYFILE):   put @start line;
MPRINT(EM_COPYFILE):   end;
MPRINT(EM_COPYFILE):   if fid > 0 then rc=fclose(fid);
MPRINT(EM_COPYFILE):   end;
MPRINT(EM_COPYFILE):   run;
MPRINT(EM_DIAGRAM):  ;
MPRINT(EM_DIAGRAM):   filename _LOGIN;
MPRINT(EM_DIAGRAM):    data _null_;
MPRINT(EM_DIAGRAM):   file _LOG mod;
MPRINT(EM_DIAGRAM):   put _page_;
MPRINT(EM_DIAGRAM):   run;
MPRINT(EM_DIAGRAM):   filename _LOGIN "C:\Users\student\Desktop\AA 490\Final Project\AA490_Project\Base Model\Workspaces\EMWS1\Reg2\EMSCORE.log" encoding="UTF-8" NOBOM;
MPRINT(EM_DIAGRAM):  ;
MPRINT(EM_DIAGRAM):   data _null_;
MPRINT(EM_DIAGRAM):   file _LOG mod;
MPRINT(EM_DIAGRAM):   put _page_;
MPRINT(EM_DIAGRAM):   run;
MPRINT(EM_DIAGRAM):    filename _LOGIN "C:\Users\student\Desktop\AA 490\Final Project\AA490_Project\Base Model\Workspaces\EMWS1\Reg2\EMREPORT.log" encoding="UTF-8" NOBOM;
MPRINT(EM_DIAGRAM):  ;
MPRINT(EM_DIAGRAM):   filename _LOGIN;
MPRINT(EM_DIAGRAM):    filename _LOG;
MPRINT(EM_DIAGRAM):    filename _OUT "C:\Users\student\Desktop\AA 490\Final Project\AA490_Project\Base Model\Workspaces\EMWS1\Reg2\EMOUTPUT.out" encoding="UTF-8" NOBOM;
MPRINT(EM_DIAGRAM):    data _null_;
MPRINT(EM_DIAGRAM):   call symput('NLDATE', strip(put(date(), NLDATE.)));
MPRINT(EM_DIAGRAM):   call symput('NLTIME', strip(put(datetime(), NLTIME.)));
MPRINT(EM_DIAGRAM):   run;
MPRINT(EM_DIAGRAM):   data _null_;
MPRINT(EM_DIAGRAM):   nldate= sasmsg("sashelp.dmine", "log_date_note", 'N', "November 19, 2019" );
MPRINT(EM_DIAGRAM):   nltime= sasmsg("sashelp.dmine", "log_time_note", 'N', "15:47:34" );
MPRINT(EM_DIAGRAM):   file _OUT;
MPRINT(EM_DIAGRAM):   put "*------------------------------------------------------------*";
MPRINT(EM_DIAGRAM):   put "User:                student";
MPRINT(EM_DIAGRAM):   put nldate;
MPRINT(EM_DIAGRAM):   put nltime;
MPRINT(EM_DIAGRAM):   put "*------------------------------------------------------------*";
MPRINT(EM_DIAGRAM):   put "* Training Output";
MPRINT(EM_DIAGRAM):   put "*------------------------------------------------------------*";
MPRINT(EM_DIAGRAM):   run;
MPRINT(EM_DIAGRAM):    filename _OUTIN "C:\Users\student\Desktop\AA 490\Final Project\AA490_Project\Base Model\Workspaces\EMWS1\Reg2\EMTRAIN.out" encoding="UTF-8" NOBOM;
MPRINT(EM_DIAGRAM):   ;
MPRINT(EM_COPYFILE):   data _null_;
MPRINT(EM_COPYFILE):   length line $20000;
MPRINT(EM_COPYFILE):   file _OUT MOD lrecl=20000;
MPRINT(EM_COPYFILE):   fid=fopen("_OUTIN",'i',20000,'v');
MPRINT(EM_COPYFILE):   if fid > 0 then do;
MPRINT(EM_COPYFILE):   do while(^fread(fid));
MPRINT(EM_COPYFILE):   rlen = frlen(fid);
MPRINT(EM_COPYFILE):   rc= fget(fid,line,20000);
MPRINT(EM_COPYFILE):   start = length(line)-length(left(line))+1;
MPRINT(EM_COPYFILE):   line=strip(line);
MPRINT(EM_COPYFILE):   put @start line;
MPRINT(EM_COPYFILE):   end;
MPRINT(EM_COPYFILE):   if fid > 0 then rc=fclose(fid);
MPRINT(EM_COPYFILE):   end;
MPRINT(EM_COPYFILE):   run;
MPRINT(EM_DIAGRAM):  ;
MPRINT(EM_DIAGRAM):   filename _OUTIN;
MPRINT(EM_DIAGRAM):    data _null_;
MPRINT(EM_DIAGRAM):   file _OUT mod;
MPRINT(EM_DIAGRAM):   put _page_;
MPRINT(EM_DIAGRAM):   put // "*------------------------------------------------------------*";
MPRINT(EM_DIAGRAM):   put "* Score Output";
MPRINT(EM_DIAGRAM):   put "*------------------------------------------------------------*";
MPRINT(EM_DIAGRAM):   run;
MPRINT(EM_DIAGRAM):    filename _OUTIN "C:\Users\student\Desktop\AA 490\Final Project\AA490_Project\Base Model\Workspaces\EMWS1\Reg2\EMSCORE.out" encoding="UTF-8" NOBOM;
MPRINT(EM_DIAGRAM):  ;
MPRINT(EM_DIAGRAM):   filename _OUTIN;
MPRINT(EM_DIAGRAM):    data _null_;
MPRINT(EM_DIAGRAM):   file _OUT mod;
MPRINT(EM_DIAGRAM):   put _page_;
MPRINT(EM_DIAGRAM):   put // "*------------------------------------------------------------*";
MPRINT(EM_DIAGRAM):   put "* Report Output";
MPRINT(EM_DIAGRAM):   put "*------------------------------------------------------------*";
MPRINT(EM_DIAGRAM):   run;
MPRINT(EM_DIAGRAM):    filename _OUTIN "C:\Users\student\Desktop\AA 490\Final Project\AA490_Project\Base Model\Workspaces\EMWS1\Reg2\EMREPORT.out" encoding="UTF-8" NOBOM;
MPRINT(EM_DIAGRAM):  ;
MPRINT(EM_DIAGRAM):   filename _OUTIN;
MPRINT(EM_DIAGRAM):    filename _OUT;
MPRINT(EM_DIAGRAM):    filename _emtool_ 'C:\Users\student\Desktop\AA 490\Final Project\AA490_Project\Base Model\Workspaces\EMWS1\Reg2\EMRUNSTATUS.xml' encoding="UTF-8" NOBOM;
56767      proc freq data=EMWS1.Reg2_VariableSet noprint;
MPRINT(EM_DIAGRAM):    proc freq data=EMWS1.Reg2_VariableSet noprint;
56768      table ROLE*LEVEL/out=WORK.Reg2META;
MPRINT(EM_DIAGRAM):   table ROLE*LEVEL/out=WORK.Reg2META;
56769      run;
MPRINT(EM_DIAGRAM):   run;

NOTE: There were 5 observations read from the data set EMWS1.REG2_VARIABLESET.
NOTE: The data set WORK.REG2META has 2 observations and 4 variables.
NOTE: PROCEDURE FREQ used (Total process time):
      real time           0.01 seconds
      cpu time            0.01 seconds
      

56770      proc print data=WORK.Reg2META label noobs;
MPRINT(EM_DIAGRAM):   proc print data=WORK.Reg2META label noobs;
56771      var ROLE LEVEL COUNT;
MPRINT(EM_DIAGRAM):   var ROLE LEVEL COUNT;
56772      label ROLE = "%sysfunc(sasmsg(sashelp.dmine, meta_role_vlabel, NOQUOTE))" LEVEL = "%sysfunc(sasmsg(sashelp.dmine, meta_level_vlabel, NOQUOTE))" COUNT = "%sysfunc(sasmsg(sashelp.dmine, rpt_count_vlabel, NOQUOTE))";
MPRINT(EM_DIAGRAM):   label ROLE = "Role" LEVEL = "Measurement Level" COUNT = "Frequency Count";
56773      title9 ' ';
MPRINT(EM_DIAGRAM):   title9 ' ';
56774      title10 "%sysfunc(sasmsg(sashelp.dmine, rpt_varSummary_title  , NOQUOTE))";
MPRINT(EM_DIAGRAM):   title10 "Variable Summary";
MPRINT(EM_DIAGRAM):   run;
56775      run;

NOTE: There were 2 observations read from the data set WORK.REG2META.
NOTE: The PROCEDURE PRINT printed page 20.
NOTE: PROCEDURE PRINT used (Total process time):
      real time           0.00 seconds
      cpu time            0.01 seconds
      

56776      title10;
MPRINT(EM_DIAGRAM):   title10;
56777      %let EMNORLEN = %DMNORLEN;
MPRINT(EM_DIAGRAM):   
EMWS1.Part4_TRAIN EMWS1.Part4_TRAIN 
EMWS1.Part4_TRAIN EMWS1.Part4_TRAIN EMWS1 Part4_TRAIN 
EMWS1.Part4_TRAIN EMWS1.Part4_TRAIN 
EMWS1.Part4_TRAIN EMWS1.Part4_TRAIN EMWS1 Part4_TRAIN 
Executing  SASHELP.EMCORE.EMINFOITERATOR.SCL _INIT >> 
Executing  SASHELP.EMCORE.EMINFOITERATOR.SCL setMetaData >> 
Executing  SASHELP.EMCORE.EMINFOITERATOR.SCL next >> 
Executing  SASHELP.EMCORE.EMINFOITERATOR.SCL next >> 
Executing  SASHELP.EMCORE.EMINFOITERATOR.SCL setMetaData >> 
Executing  SASHELP.EMCORE.EMINFOITERATOR.SCL next >> 
Executing  SASHELP.EMCORE.EMINFOITERATOR.SCL next >> 
Executing  SASHELP.EMCORE.EMINFOITERATOR.SCL _term >> 
"No decisions defined for target "Sum_Labor_Force_Pop"." 
56778      proc print data = EMWS1.Ids4_Sum_Labor_Force__DM noobs label;
MPRINT(EM_DIAGRAM):    proc print data = EMWS1.Ids4_Sum_Labor_Force__DM noobs label;
56779      var _type_ variable label;
MPRINT(EM_DIAGRAM):   var _type_ variable label;
56780      where _type_ ^in('MATRIX', 'DECISION', 'TRAINPRIOR', 'DATAPRIOR', 'DECPRIOR');
MPRINT(EM_DIAGRAM):   where _type_ ^in('MATRIX', 'DECISION', 'TRAINPRIOR', 'DATAPRIOR', 'DECPRIOR');
56781      label _TYPE_ = "%sysfunc(sasmsg(sashelp.dmine, rpt_type_vlabel,     NOQUOTE))" VARIABLE = "%sysfunc(sasmsg(sashelp.dmine, rpt_variable_vlabel, NOQUOTE))" LABEL = "%sysfunc(sasmsg(sashelp.dmine, meta_label_vlabel, NOQUOTE))";
MPRINT(EM_DIAGRAM):   label _TYPE_ = "Type" VARIABLE = "Variable" LABEL = "Label";
56782      title9 ' ';
MPRINT(EM_DIAGRAM):   title9 ' ';
56783      title10 "%sysfunc(sasmsg(sashelp.dmine, rpt_predDecVars_title  , NOQUOTE))";
MPRINT(EM_DIAGRAM):   title10 "Predicted and decision variables";
MPRINT(EM_DIAGRAM):   run;
56784      run;

NOTE: There were 3 observations read from the data set EMWS1.IDS4_SUM_LABOR_FORCE__DM.
      WHERE _type_ not in ('DATAPRIOR', 'DECISION', 'DECPRIOR', 'MATRIX', 'TRAINPRIOR');
NOTE: The PROCEDURE PRINT printed page 21.
NOTE: PROCEDURE PRINT used (Total process time):
      real time           0.01 seconds
      cpu time            0.01 seconds
      

56785      title10;
MPRINT(EM_DIAGRAM):   title10;
MPRINT(EM_DIAGRAM):    *------------------------------------------------------------*;
MPRINT(EM_DIAGRAM):   * Reg2: Preparing metadata for Training *------------------------------------------------------------*;
MPRINT(EM_DIAGRAM):   data WORK.M0G42SUZ;
MPRINT(EM_DIAGRAM):   set WORK.M0G42SUZ;
MPRINT(EM_DIAGRAM):   where use = 'Y' or (role = 'INPUT' and use = 'D') ;
MPRINT(EM_DIAGRAM):   if (role = 'REJECTED') then role = 'INPUT';
MPRINT(EM_DIAGRAM):   if use = 'D' then use = 'Y';
MPRINT(EM_DIAGRAM):   run;
NOTE: There were 3 observations read from the data set EMWS1.IDS4_SUM_LABOR_FORCE__DD.
NOTE: The data set WORK.SUM_LABOR_FORCE_POP has 3 observations and 1 variables.
NOTE: There were 3 observations read from the data set EMWS1.IDS4_SUM_LABOR_FORCE__DD.
NOTE: The data set WORK.SUM_LABOR_FORCE_POP has 3 observations and 1 variables.
56795      *------------------------------------------------------------*;
MPRINT(EM_DIAGRAM):    *------------------------------------------------------------*;
56796      * Reg2: Create decision matrix;
MPRINT(EM_DIAGRAM):   * Reg2: Create decision matrix;
56797      *------------------------------------------------------------*;
MPRINT(EM_DIAGRAM):   *------------------------------------------------------------*;
56798      data WORK.Sum_Labor_Force_Pop(label="Sum_Labor_Force_Pop");
MPRINT(EM_DIAGRAM):   data WORK.Sum_Labor_Force_Pop(label="Sum_Labor_Force_Pop");
56799        length   Sum_Labor_Force_Pop                  8
56800                 ;
MPRINT(EM_DIAGRAM):   length Sum_Labor_Force_Pop 8 ;
56801      
56802       Sum_Labor_Force_Pop=225000;
MPRINT(EM_DIAGRAM):   Sum_Labor_Force_Pop=225000;
56803      output;
MPRINT(EM_DIAGRAM):   output;
56804       Sum_Labor_Force_Pop=25077000;
MPRINT(EM_DIAGRAM):   Sum_Labor_Force_Pop=25077000;
56805      output;
MPRINT(EM_DIAGRAM):   output;
56806       Sum_Labor_Force_Pop=12651000;
MPRINT(EM_DIAGRAM):   Sum_Labor_Force_Pop=12651000;
56807      output;
MPRINT(EM_DIAGRAM):   output;
56808      ;
MPRINT(EM_DIAGRAM):   ;
56809      run;
MPRINT(EM_DIAGRAM):   run;

NOTE: The data set WORK.SUM_LABOR_FORCE_POP has 3 observations and 1 variables.
NOTE: DATA statement used (Total process time):
      real time           0.00 seconds
      cpu time            0.00 seconds
      

56810      proc datasets lib=work nolist;
MPRINT(EM_DIAGRAM):   proc datasets lib=work nolist;
56811      modify Sum_Labor_Force_Pop(type=PROFIT label=Sum_Labor_Force_Pop);
MPRINT(EM_DIAGRAM):   modify Sum_Labor_Force_Pop(type=PROFIT label= Sum_Labor_Force_Pop);
MPRINT(EM_DIAGRAM):   run;
56812      run;

NOTE: MODIFY was successful for WORK.SUM_LABOR_FORCE_POP.DATA.
56813      quit;
MPRINT(EM_DIAGRAM):   quit;

NOTE: PROCEDURE DATASETS used (Total process time):
      real time           0.01 seconds
      cpu time            0.01 seconds
      

56814      data EM_DMREG / view=EM_DMREG;
MPRINT(EM_DIAGRAM):   data EM_DMREG / view=EM_DMREG;
56815      set EMWS1.Part4_TRAIN(keep=
56816      Age_group Date Gender Sum_Labor_Force_Pop);
MPRINT(EM_DIAGRAM):   set EMWS1.Part4_TRAIN(keep= Age_group Date Gender Sum_Labor_Force_Pop);
56817      run;
MPRINT(EM_DIAGRAM):   run;

NOTE: DATA STEP view saved on file WORK.EM_DMREG.
NOTE: A stored DATA STEP view cannot run under a different operating system.
NOTE: DATA statement used (Total process time):
      real time           0.00 seconds
      cpu time            0.00 seconds
      

MPRINT(EM_DIAGRAM):   *------------------------------------------------------------* ;
MPRINT(EM_DIAGRAM):   * Reg2: DMDBClass Macro ;
MPRINT(EM_DIAGRAM):   *------------------------------------------------------------* ;
56818      *------------------------------------------------------------* ;
56819      * Reg2: DMDBClass Macro ;
56820      *------------------------------------------------------------* ;
56821      %macro DMDBClass;
56822          Age_group(ASC) Date(ASC) Gender(ASC)
56823      %mend DMDBClass;
56824      *------------------------------------------------------------* ;
MPRINT(EM_DIAGRAM):   *------------------------------------------------------------* ;
56825      * Reg2: DMDBVar Macro ;
MPRINT(EM_DIAGRAM):   * Reg2: DMDBVar Macro ;
56826      *------------------------------------------------------------* ;
MPRINT(EM_DIAGRAM):   *------------------------------------------------------------* ;
56827      %macro DMDBVar;
56828          Sum_Labor_Force_Pop
56829      %mend DMDBVar;
56830      *------------------------------------------------------------*;
MPRINT(EM_DIAGRAM):   *------------------------------------------------------------*;
56831      * Reg2: Create DMDB;
MPRINT(EM_DIAGRAM):   * Reg2: Create DMDB;
56832      *------------------------------------------------------------*;
MPRINT(EM_DIAGRAM):   *------------------------------------------------------------*;
56833      proc dmdb batch data=WORK.EM_DMREG
56834      dmdbcat=WORK.Reg2_DMDB
56835      maxlevel = 513
56836      ;
MPRINT(EM_DIAGRAM):   proc dmdb batch data=WORK.EM_DMREG dmdbcat=WORK.Reg2_DMDB maxlevel = 513 ;
MPRINT(EM_DIAGRAM):   class
56837      class %DMDBClass;
MPRINT(DMDBCLASS):   Age_group(ASC) Date(ASC) Gender(ASC)
MPRINT(EM_DIAGRAM):  ;
MPRINT(EM_DIAGRAM):   var
56838      var %DMDBVar;
MPRINT(DMDBVAR):   Sum_Labor_Force_Pop
MPRINT(EM_DIAGRAM):  ;
56839      target
56840      Sum_Labor_Force_Pop
56841      ;
MPRINT(EM_DIAGRAM):   target Sum_Labor_Force_Pop ;
56842      run;
MPRINT(EM_DIAGRAM):   run;

NOTE: Records processed = 504   Memory used = 511K.
NOTE: View WORK.EM_DMREG.VIEW used (Total process time):
      real time           0.03 seconds
      cpu time            0.03 seconds
      
NOTE: There were 504 observations read from the data set EMWS1.PART4_TRAIN.
NOTE: There were 504 observations read from the data set WORK.EM_DMREG.
NOTE: PROCEDURE DMDB used (Total process time):
      real time           0.04 seconds
      cpu time            0.03 seconds
      

MPRINT(EM_DIAGRAM):   quit;
MPRINT(EM_DIAGRAM):   *--- end code ---*;
56843      quit;
56844      *--- end code ---*;

56845      *------------------------------------------------------------*;
MPRINT(EM_DIAGRAM):    *------------------------------------------------------------*;
56846      * Reg2: Run DMREG procedure;
MPRINT(EM_DIAGRAM):   * Reg2: Run DMREG procedure;
56847      *------------------------------------------------------------*;
MPRINT(EM_DIAGRAM):   *------------------------------------------------------------*;
56848      proc dmreg data=EM_DMREG dmdbcat=WORK.Reg2_DMDB
56849      validata = EMWS1.Part4_VALIDATE
56850      outest = EMWS1.Reg2_EMESTIMATE
56851      outterms = EMWS1.Reg2_OUTTERMS
56852      Simple
56853      outmap= EMWS1.Reg2_MAPDS namelen=200
56854      ;
MPRINT(EM_DIAGRAM):   proc dmreg data=EM_DMREG dmdbcat=WORK.Reg2_DMDB validata = EMWS1.Part4_VALIDATE outest = EMWS1.Reg2_EMESTIMATE outterms = EMWS1.Reg2_OUTTERMS Simple outmap= EMWS1.Reg2_MAPDS namelen=200 ;
56855      class
56856      Age_group
56857      Date
56858      Gender
56859      ;
MPRINT(EM_DIAGRAM):   class Age_group Date Gender ;
56860      model Sum_Labor_Force_Pop =
56861      Age_group
56862      Date
56863      Gender
56864      /error=normal
56865      coding=DEVIATION
56866      CorrB
56867      nodesignprint
56868      selection=STEPWISE choose=NONE
56869      Hierarchy=CLASS
56870      Rule=NONE
56871      ;
MPRINT(EM_DIAGRAM):   model Sum_Labor_Force_Pop = Age_group Date Gender /error=normal coding=DEVIATION CorrB nodesignprint selection=STEPWISE choose=NONE Hierarchy=CLASS Rule=NONE ;
56872      ;
MPRINT(EM_DIAGRAM):   ;
56873      code file="C:\Users\student\Desktop\AA 490\Final Project\AA490_Project\Base Model\Workspaces\EMWS1\Reg2\EMPUBLISHSCORE.sas"
56874      group=Reg2
56875      ;
MPRINT(EM_DIAGRAM):   code file="C:\Users\student\Desktop\AA 490\Final Project\AA490_Project\Base Model\Workspaces\EMWS1\Reg2\EMPUBLISHSCORE.sas" group=Reg2 ;
56876      code file="C:\Users\student\Desktop\AA 490\Final Project\AA490_Project\Base Model\Workspaces\EMWS1\Reg2\EMFLOWSCORE.sas"
56877      group=Reg2
56878      residual
56879      ;
MPRINT(EM_DIAGRAM):   code file="C:\Users\student\Desktop\AA 490\Final Project\AA490_Project\Base Model\Workspaces\EMWS1\Reg2\EMFLOWSCORE.sas" group=Reg2 residual ;
56880      run;
MPRINT(EM_DIAGRAM):   run;

NOTE: External file C:\Users\student\Desktop\AA 490\Final Project\AA490_Project\Base Model\Workspaces\EMWS1\Reg2\EMPUBLISHSCORE.sas opened.
NOTE: External file C:\Users\student\Desktop\AA 490\Final Project\AA490_Project\Base Model\Workspaces\EMWS1\Reg2\EMFLOWSCORE.sas opened.
NOTE: View WORK.EM_DMREG.VIEW used (Total process time):
      real time           0.11 seconds
      cpu time            0.09 seconds
      
NOTE: There were 504 observations read from the data set EMWS1.PART4_TRAIN.
NOTE: There were 504 observations read from the data set WORK.EM_DMREG.
NOTE: There were 336 observations read from the data set EMWS1.PART4_VALIDATE.
NOTE: The data set EMWS1.REG2_EMESTIMATE has 9 observations and 53 variables.
NOTE: The data set EMWS1.REG2_OUTTERMS has 4 observations and 6 variables.
NOTE: The data set EMWS1.REG2_MAPDS has 2 observations and 20 variables.
NOTE: The PROCEDURE DMREG printed page 22.
NOTE: PROCEDURE DMREG used (Total process time):
      real time           0.13 seconds
      cpu time            0.09 seconds
      

MPRINT(EM_DIAGRAM):   quit;
56881      quit;

56882      proc datasets lib=WORK nolist;
MPRINT(EM_DIAGRAM):    proc datasets lib=WORK nolist;
56883      delete Reg2_DMDB;
MPRINT(EM_DIAGRAM):   delete Reg2_DMDB;
56884      run;
MPRINT(EM_DIAGRAM):   run;

NOTE: The file WORK.REG2_DMDB (memtype=DATA) was not found, but appears on a DELETE statement.
56885      quit;
MPRINT(EM_DIAGRAM):   quit;

NOTE: PROCEDURE DATASETS used (Total process time):
      real time           0.00 seconds
      cpu time            0.01 seconds
      

56886      proc datasets lib=WORK nolist;
MPRINT(EM_DIAGRAM):    proc datasets lib=WORK nolist;
56887      delete Reg2_DMDB / memtype=catalog;
MPRINT(EM_DIAGRAM):   delete Reg2_DMDB / memtype=catalog;
56888      run;
MPRINT(EM_DIAGRAM):   run;

NOTE: Deleting WORK.REG2_DMDB (memtype=CATALOG).
56889      quit;
MPRINT(EM_DIAGRAM):   quit;

NOTE: PROCEDURE DATASETS used (Total process time):
      real time           0.01 seconds
      cpu time            0.01 seconds
      

56890      data WORK.ESTIMATE;
MPRINT(EM_DIAGRAM):    data WORK.ESTIMATE;
56891      length _NAME_ $32;
MPRINT(EM_DIAGRAM):   length _NAME_ $32;
56892      set EMWS1.Reg2_EMESTIMATE;
MPRINT(EM_DIAGRAM):   set EMWS1.Reg2_EMESTIMATE;
56893      drop _AIC_--_VSUMW_
56894      ;
MPRINT(EM_DIAGRAM):   drop _AIC_--_VSUMW_ ;
56895      where _CHOSEN_ ne '' and _TYPE_ in('PARMS', 'T', 'P');
MPRINT(EM_DIAGRAM):   where _CHOSEN_ ne '' and _TYPE_ in('PARMS', 'T', 'P');
56896      drop _STEP_ _CHOSEN_;
MPRINT(EM_DIAGRAM):   drop _STEP_ _CHOSEN_;
56897      select(_TYPE_);
MPRINT(EM_DIAGRAM):   select(_TYPE_);
56898      when('PARMS') _NAME_='Coefficient';
MPRINT(EM_DIAGRAM):   when('PARMS') _NAME_='Coefficient';
56899      when('T') _NAME_='tValue';
MPRINT(EM_DIAGRAM):   when('T') _NAME_='tValue';
56900      when('P') _NAME_='PValue';
MPRINT(EM_DIAGRAM):   when('P') _NAME_='PValue';
56901      otherwise;
MPRINT(EM_DIAGRAM):   otherwise;
56902      end;
MPRINT(EM_DIAGRAM):   end;
56903      run;
MPRINT(EM_DIAGRAM):   run;

NOTE: There were 3 observations read from the data set EMWS1.REG2_EMESTIMATE.
      WHERE (_CHOSEN_ not = ' ') and _TYPE_ in ('P', 'PARMS', 'T');
NOTE: The data set WORK.ESTIMATE has 3 observations and 21 variables.
NOTE: DATA statement used (Total process time):
      real time           0.00 seconds
      cpu time            0.00 seconds
      

56904      proc transpose data=WORK.ESTIMATE out=WORK.ESTIMATE(rename=(_NAME_=Effect));
MPRINT(EM_DIAGRAM):   proc transpose data=WORK.ESTIMATE out=WORK.ESTIMATE(rename=(_NAME_=Effect));
56905      run;
MPRINT(EM_DIAGRAM):   run;

NOTE: There were 3 observations read from the data set WORK.ESTIMATE.
NOTE: The data set WORK.ESTIMATE has 19 observations and 5 variables.
NOTE: PROCEDURE TRANSPOSE used (Total process time):
      real time           0.01 seconds
      cpu time            0.00 seconds
      

56906      proc transpose data=EMWS1.Reg2_MAPDS out=WORK.MAP(rename=(_NAME_=Effect INPUT=Variable
56907      ));
MPRINT(EM_DIAGRAM):   proc transpose data=EMWS1.Reg2_MAPDS out=WORK.MAP(rename=(_NAME_=Effect INPUT=Variable ));
56908      var 'Age_group16_TO_24'n--'GenderFEMALE'n;
MPRINT(EM_DIAGRAM):   var 'Age_group16_TO_24'n--'GenderFEMALE'n;
56909      run;
MPRINT(EM_DIAGRAM):   run;

NOTE: There were 2 observations read from the data set EMWS1.REG2_MAPDS.
NOTE: The data set WORK.MAP has 18 observations and 4 variables.
NOTE: PROCEDURE TRANSPOSE used (Total process time):
      real time           0.01 seconds
      cpu time            0.00 seconds
      

56910      proc sort data=WORK.MAP;
MPRINT(EM_DIAGRAM):   proc sort data=WORK.MAP;
56911      by Effect;
MPRINT(EM_DIAGRAM):   by Effect;
56912      run;
MPRINT(EM_DIAGRAM):   run;

NOTE: There were 18 observations read from the data set WORK.MAP.
NOTE: The data set WORK.MAP has 18 observations and 4 variables.
NOTE: PROCEDURE SORT used (Total process time):
      real time           0.00 seconds
      cpu time            0.00 seconds
      

56913      proc sort data=WORK.ESTIMATE;
MPRINT(EM_DIAGRAM):   proc sort data=WORK.ESTIMATE;
56914      by Effect;
MPRINT(EM_DIAGRAM):   by Effect;
56915      run;
MPRINT(EM_DIAGRAM):   run;

NOTE: There were 19 observations read from the data set WORK.ESTIMATE.
NOTE: The data set WORK.ESTIMATE has 19 observations and 5 variables.
NOTE: PROCEDURE SORT used (Total process time):
      real time           0.00 seconds
      cpu time            0.01 seconds
      

56916      data EMWS1.Reg2_EFFECTS(rename=(_LABEL_=EffectLabel));
MPRINT(EM_DIAGRAM):   data EMWS1.Reg2_EFFECTS(rename=(_LABEL_=EffectLabel));
56917      length Variable ClassLevel $32;
MPRINT(EM_DIAGRAM):   length Variable ClassLevel $32;
56918      merge WORK.ESTIMATE WORK.MAP;
MPRINT(EM_DIAGRAM):   merge WORK.ESTIMATE WORK.MAP;
56919      by Effect;
MPRINT(EM_DIAGRAM):   by Effect;
56920      label Effect = "%sysfunc(sasmsg(sashelp.dmine, rpt_effect_vlabel, NOQUOTE))" Variable = "%sysfunc(sasmsg(sashelp.dmine, rpt_variable_vlabel, NOQUOTE))" Sign = "%sysfunc(sasmsg(sashelp.dmine, rpt_sign_vlabel, NOQUOTE))" ClassLevel =
56921         "%sysfunc(sasmsg(sashelp.dmine, rpt_level_vlabel, NOQUOTE))" Abscoefficient = "%sysfunc(sasmsg(sashelp.dmine, rpt_abscoefficient_vlabel, NOQUOTE))" Coefficient = "%sysfunc(sasmsg(sashelp.dmine, rpt_coefficient_vlabel, NOQUOTE))" _LABEL_ =
56922         "%sysfunc(sasmsg(sashelp.dmine, rpt_effectLabel_vlabel, NOQUOTE))" CODE = "%sysfunc(sasmsg(sashelp.dmine, rpt_scorecodevar_vlabel, NOQUOTE))";
MPRINT(EM_DIAGRAM):   label Effect = "Effect" Variable = "Variable" Sign = "Sign" ClassLevel = "Level" Abscoefficient = "Absolute Coefficient" Coefficient = "Coefficient" _LABEL_ = "Effect Label" CODE = "Score Code Variable";
56923      label tvalue = "%sysfunc(sasmsg(sashelp.dmine, rpt_tvalue_vlabel,         NOQUOTE))" abstvalue = "%sysfunc(sasmsg(sashelp.dmine, rpt_absoluteTvalue_vlabel, NOQUOTE))" PValue = "%sysfunc(sasmsg(sashelp.dmine, rpt_pvalue_vlabel,         NOQUOTE))"
56923    ! ;
MPRINT(EM_DIAGRAM):   label tvalue = "T-value" abstvalue = "Absolute T-value" PValue = "P Value";
56924      abstvalue = abs(tValue);
MPRINT(EM_DIAGRAM):   abstvalue = abs(tValue);
56925      if index(Effect, 'Intercept') then do;
MPRINT(EM_DIAGRAM):   if index(Effect, 'Intercept') then do;
56926      variable = 'Intercept';
MPRINT(EM_DIAGRAM):   variable = 'Intercept';
56927      classLevel = scan(_LABEL_, 2, '=');
MPRINT(EM_DIAGRAM):   classLevel = scan(_LABEL_, 2, '=');
56928      end;
MPRINT(EM_DIAGRAM):   end;
56929      if ^indexc(variable, '*') then do;
MPRINT(EM_DIAGRAM):   if ^indexc(variable, '*') then do;
56930      if length(effect)>length(variable) then classlevel = substr(Effect, length(variable)+1);
MPRINT(EM_DIAGRAM):   if length(effect)>length(variable) then classlevel = substr(Effect, length(variable)+1);
56931      end;
MPRINT(EM_DIAGRAM):   end;
56932      if Effect eq '' then Effect = Variable;
MPRINT(EM_DIAGRAM):   if Effect eq '' then Effect = Variable;
56933      if coefficient < 0 then sign = '-';
MPRINT(EM_DIAGRAM):   if coefficient < 0 then sign = '-';
56934      else sign = '+';
MPRINT(EM_DIAGRAM):   else sign = '+';
56935      abscoefficient = abs(coefficient);
MPRINT(EM_DIAGRAM):   abscoefficient = abs(coefficient);
56936      if _LABEL_ = '' then _LABEL_ = Effect;
MPRINT(EM_DIAGRAM):   if _LABEL_ = '' then _LABEL_ = Effect;
56937      if coefficient ne . then output;
MPRINT(EM_DIAGRAM):   if coefficient ne . then output;
56938      run;
MPRINT(EM_DIAGRAM):   run;

NOTE: Missing values were generated as a result of performing an operation on missing values.
      Each place is given by: (Number of times) at (Line):(Column).
      15 at 56924:13   15 at 56935:18   
NOTE: There were 19 observations read from the data set WORK.ESTIMATE.
NOTE: There were 18 observations read from the data set WORK.MAP.
NOTE: The data set EMWS1.REG2_EFFECTS has 4 observations and 11 variables.
NOTE: DATA statement used (Total process time):
      real time           0.02 seconds
      cpu time            0.01 seconds
      

56939      proc sort data =EMWS1.Reg2_EFFECTS;
MPRINT(EM_DIAGRAM):    proc sort data =EMWS1.Reg2_EFFECTS;
56940      by
56941      descending abstvalue;
MPRINT(EM_DIAGRAM):   by descending abstvalue;
56942      run;
MPRINT(EM_DIAGRAM):   run;

NOTE: There were 4 observations read from the data set EMWS1.REG2_EFFECTS.
NOTE: The data set EMWS1.REG2_EFFECTS has 4 observations and 11 variables.
NOTE: PROCEDURE SORT used (Total process time):
      real time           0.00 seconds
      cpu time            0.00 seconds
      

56943      data EMWS1.Reg2_EFFECTS;
MPRINT(EM_DIAGRAM):   data EMWS1.Reg2_EFFECTS;
56944      set EMWS1.Reg2_EFFECTS;
MPRINT(EM_DIAGRAM):   set EMWS1.Reg2_EFFECTS;
56945      format TEffectNum 3.;
MPRINT(EM_DIAGRAM):   format TEffectNum 3.;
56946      label TEffectNum = "%sysfunc(sasmsg(sashelp.dmine, rpt_teffectnum_vlabel, NOQUOTE))";
MPRINT(EM_DIAGRAM):   label TEffectNum = "TScore Number";
56947      retain TEffectNum;
MPRINT(EM_DIAGRAM):   retain TEffectNum;
56948      TEffectNum = _N_;
MPRINT(EM_DIAGRAM):   TEffectNum = _N_;
56949      run;
MPRINT(EM_DIAGRAM):   run;

NOTE: There were 4 observations read from the data set EMWS1.REG2_EFFECTS.
NOTE: The data set EMWS1.REG2_EFFECTS has 4 observations and 12 variables.
NOTE: DATA statement used (Total process time):
      real time           0.00 seconds
      cpu time            0.00 seconds
      

56950      proc sort data =EMWS1.Reg2_EFFECTS;
MPRINT(EM_DIAGRAM):    proc sort data =EMWS1.Reg2_EFFECTS;
56951      by
56952      descending absCoefficient;
MPRINT(EM_DIAGRAM):   by descending absCoefficient;
56953      run;
MPRINT(EM_DIAGRAM):   run;

NOTE: There were 4 observations read from the data set EMWS1.REG2_EFFECTS.
NOTE: The data set EMWS1.REG2_EFFECTS has 4 observations and 12 variables.
NOTE: PROCEDURE SORT used (Total process time):
      real time           0.00 seconds
      cpu time            0.00 seconds
      

56954      data EMWS1.Reg2_EFFECTS;
MPRINT(EM_DIAGRAM):   data EMWS1.Reg2_EFFECTS;
56955      set EMWS1.Reg2_EFFECTS;
MPRINT(EM_DIAGRAM):   set EMWS1.Reg2_EFFECTS;
56956      format EffectNum 3.;
MPRINT(EM_DIAGRAM):   format EffectNum 3.;
56957      label EffectNum = "%sysfunc(sasmsg(sashelp.dmine, rpt_effectnum_vlabel, NOQUOTE))";
MPRINT(EM_DIAGRAM):   label EffectNum = "Effect Number";
56958      retain EffectNum;
MPRINT(EM_DIAGRAM):   retain EffectNum;
56959      EffectNum = _N_;
MPRINT(EM_DIAGRAM):   EffectNum = _N_;
56960      run;
MPRINT(EM_DIAGRAM):   run;

NOTE: There were 4 observations read from the data set EMWS1.REG2_EFFECTS.
NOTE: The data set EMWS1.REG2_EFFECTS has 4 observations and 13 variables.
NOTE: DATA statement used (Total process time):
      real time           0.00 seconds
      cpu time            0.00 seconds
      

56961      proc transpose data=EMWS1.Reg2_EMESTIMATE out=EMWS1.Reg2_ESTIMATEGRID(rename=(PARMS=Coefficient T=TValue _NAME_=Effect _LABEL_=EffectLabel));
MPRINT(EM_DIAGRAM):    proc transpose data=EMWS1.Reg2_EMESTIMATE out=EMWS1.Reg2_ESTIMATEGRID(rename=(PARMS=Coefficient T=TValue _NAME_=Effect _LABEL_=EffectLabel));
56962      where _CHOSEN_ eq '' and _TYPE_ in('PARMS', 'T', 'P');
MPRINT(EM_DIAGRAM):   where _CHOSEN_ eq '' and _TYPE_ in('PARMS', 'T', 'P');
56963      var 'Age_group16_TO_24'n--'GenderFEMALE'n;
MPRINT(EM_DIAGRAM):   var 'Age_group16_TO_24'n--'GenderFEMALE'n;
56964      by _STEP_;
MPRINT(EM_DIAGRAM):   by _STEP_;
56965      id _TYPE_;
MPRINT(EM_DIAGRAM):   id _TYPE_;
56966      run;
MPRINT(EM_DIAGRAM):   run;

NOTE: There were 6 observations read from the data set EMWS1.REG2_EMESTIMATE.
      WHERE (_CHOSEN_=' ') and _TYPE_ in ('P', 'PARMS', 'T');
NOTE: The data set EMWS1.REG2_ESTIMATEGRID has 36 observations and 6 variables.
NOTE: PROCEDURE TRANSPOSE used (Total process time):
      real time           0.01 seconds
      cpu time            0.01 seconds
      

56967      data EMWS1.Reg2_ESTIMATEGRID;
MPRINT(EM_DIAGRAM):    data EMWS1.Reg2_ESTIMATEGRID;
56968      set EMWS1.Reg2_ESTIMATEGRID;
MPRINT(EM_DIAGRAM):   set EMWS1.Reg2_ESTIMATEGRID;
56969      if EffectLabel eq '' then EffectLabel = Effect;
MPRINT(EM_DIAGRAM):   if EffectLabel eq '' then EffectLabel = Effect;
56970      label EffectLabel = "%sysfunc(sasmsg(sashelp.dmine, rpt_effectLabel_vlabel, NOQUOTE))" Effect = "%sysfunc(sasmsg(sashelp.dmine, rpt_effect_vlabel, NOQUOTE))" Abscoefficient = "%sysfunc(sasmsg(sashelp.dmine, rpt_abscoefficient_vlabel, NOQUOTE))"
56971         Coefficient = "%sysfunc(sasmsg(sashelp.dmine, rpt_coefficient_vlabel, NOQUOTE))" tvalue = "%sysfunc(sasmsg(sashelp.dmine, rpt_tvalue_vlabel,         NOQUOTE))" abstvalue = "%sysfunc(sasmsg(sashelp.dmine, rpt_absoluteTvalue_vlabel, NOQUOTE))"
56971    ! PValue =
56972         "%sysfunc(sasmsg(sashelp.dmine, rpt_pvalue_vlabel,         NOQUOTE))";
MPRINT(EM_DIAGRAM):   label EffectLabel = "Effect Label" Effect = "Effect" Abscoefficient = "Absolute Coefficient" Coefficient = "Coefficient" tvalue = "T-value" abstvalue = "Absolute T-value" PValue = "P Value";
56973      AbsCoefficient = abs(Coefficient);
MPRINT(EM_DIAGRAM):   AbsCoefficient = abs(Coefficient);
56974      AbsTValue = abs(TValue);
MPRINT(EM_DIAGRAM):   AbsTValue = abs(TValue);
56975      where coefficient ne .;
MPRINT(EM_DIAGRAM):   where coefficient ne .;
56976      run;
MPRINT(EM_DIAGRAM):   run;

NOTE: Variable PValue is uninitialized.
NOTE: There were 3 observations read from the data set EMWS1.REG2_ESTIMATEGRID.
      WHERE coefficient not = .;
NOTE: The data set EMWS1.REG2_ESTIMATEGRID has 3 observations and 8 variables.
NOTE: DATA statement used (Total process time):
      real time           0.02 seconds
      cpu time            0.01 seconds
      

MPRINT(EM_DIAGRAM):    proc printto;
MPRINT(EM_DIAGRAM):   run;
