 
                                                                                                                                                                                                                                                                
 
 
Fit Statistics

Target=OVERALL Target Label=' '

   Fit
Statistics    Statistics Label                         Train     Validation

 _DFT_        Total Degrees of Freedom               1008.00            .  
 _DFE_        Degrees of Freedom for Error            865.00            .  
 _DFM_        Model Degrees of Freedom                143.00            .  
 _NW_         Number of Estimated Weights             143.00            .  
 _AIC_        Akaike's Information Criterion        30433.81            .  
 _SBC_        Schwarz's Bayesian Criterion          31136.76            .  
 _ASE_        Average Squared Error              9.752491E12    1.158939E13
 _MAX_        Maximum Absolute Error             13957861.37    13616174.01
 _DIV_        Divisor for ASE                        1008.00         672.00
 _NOBS_       Sum of Frequencies                     1008.00         672.00
 _RASE_       Root Average Squared Error          3122897.93     3404318.75
 _SSE_        Sum of Squared Errors              9.830511E15    7.788067E15
 _SUMW_       Sum of Case Weights Times Freq         1008.00         672.00
 _FPE_        Final Prediction Error             1.297701E13            .  
 _MSE_        Mean Squared Error                 1.136475E13    1.158939E13
 _RFPE_       Root Final Prediction Error         3602362.38            .  
 _RMSE_       Root Mean Squared Error             3371164.95     3404318.75
 _AVERR_      Average Error Function             9.752491E12    1.158939E13
 _ERR_        Error Function                     9.830511E15    7.788067E15
 _MISC_       Misclassification Rate                     .              .  
 _WRONG_      Number of Wrong Classifications            .              .  


Target=Population_in_thousands Target Label=' '

   Fit
Statistics    Statistics Label                            Train        Validation

 _DFT_        Total Degrees of Freedom                   504.00               .  
 _DFE_        Degrees of Freedom for Error               361.00               .  
 _DFM_        Model Degrees of Freedom                   143.00               .  
 _NW_         Number of Estimated Weights                   .                 .  
 _AIC_        Akaike's Information Criterion                .                 .  
 _SBC_        Schwarz's Bayesian Criterion                  .                 .  
 _ASE_        Average Squared Error                112323768.29      105038994.50
 _MAX_        Maximum Absolute Error                   20653.72          20653.72
 _DIV_        Divisor for ASE                            504.00            336.00
 _NOBS_       Sum of Frequencies                         504.00            336.00
 _RASE_       Root Average Squared Error               10598.29          10248.85
 _SSE_        Sum of Squared Errors              56611179216.00    35293102153.55
 _SUMW_       Sum of Case Weights Times Freq             504.00            336.00
 _FPE_        Final Prediction Error               201311573.63               .  
 _MSE_        Mean Squared Error                   156817670.96      105038994.50
 _RFPE_       Root Final Prediction Error              14188.43               .  
 _RMSE_       Root Mean Squared Error                  12522.69          10248.85
 _AVERR_      Average Error Function               112323768.29      105038994.50
 _ERR_        Error Function                     56611179216.00    35293102153.55
 _MISC_       Misclassification Rate                        .                 .  
 _WRONG_      Number of Wrong Classifications               .                 .  


Target=Sum_Labor_Force_Pop Target Label=' '

   Fit
Statistics    Statistics Label                         Train     Validation

 _DFT_        Total Degrees of Freedom                504.00            .  
 _DFE_        Degrees of Freedom for Error            361.00            .  
 _DFM_        Model Degrees of Freedom                143.00            .  
 _NW_         Number of Estimated Weights                .              .  
 _AIC_        Akaike's Information Criterion             .              .  
 _SBC_        Schwarz's Bayesian Criterion               .              .  
 _ASE_        Average Squared Error              1.950487E13    2.317867E13
 _MAX_        Maximum Absolute Error             13957861.37    13616174.01
 _DIV_        Divisor for ASE                         504.00         336.00
 _NOBS_       Sum of Frequencies                      504.00         336.00
 _RASE_       Root Average Squared Error          4416431.89     4814422.83
 _SSE_        Sum of Squared Errors              9.830455E15    7.788032E15
 _SUMW_       Sum of Case Weights Times Freq          504.00         336.00
 _FPE_        Final Prediction Error             3.495748E13            .  
 _MSE_        Mean Squared Error                 2.723118E13    2.317867E13
 _RFPE_       Root Final Prediction Error         5912485.34            .  
 _RMSE_       Root Mean Squared Error             5218350.00     4814422.83
 _AVERR_      Average Error Function             1.950487E13    2.317867E13
 _ERR_        Error Function                     9.830455E15    7.788032E15
 _MISC_       Misclassification Rate                     .              .  
 _WRONG_      Number of Wrong Classifications            .              .  
 
                                                                                                                                                                                                                                                                
 
 
Assessment Score Rankings

Data Role=TRAIN Target Variable=Population_in_thousands Target Label=' '

           Number of       Mean         Mean
Depth    Observations     Target     Predicted

   5          27         82746.27     75383.01
  10          24         82436.91     70577.21
  15          26         66787.69     60998.16
  20          24         56493.79     57910.93
  25          25         41161.44     55239.79
  30          29         41634.83     53533.22
  35          22         38602.21     47998.35
  40          25         37733.10     46093.04
  45          26         38353.11     41854.35
  50          25         37786.54     40648.12
  55          28         39192.75     38070.61
  60          24         28339.32     31658.55
  65          23         22623.50     28966.13
  70          28         23996.37     26266.03
  75          24         24992.71     24138.38
  80          24         30724.85     23011.10
  85          25         26984.62     17217.53
  90          26         19728.46      8747.42
  95          26         17012.53      5029.02
 100          23         15795.26      3550.37


Data Role=TRAIN Target Variable=Sum_Labor_Force_Pop Target Label=' '

           Number of                            Mean
Depth    Observations    Mean Target       Predicted

   5          28         14519928.57     14153361.68
  10          24         12661041.67     13901281.84
  15          25         12990280.00     13607186.56
  20          27         13468555.56     13085358.01
  25          24         12542208.33     11841791.42
  30          24         11742875.00     11403029.57
  35          26         11123500.00     10524582.05
  40          25          9237360.00      9630544.37
  45          24          8526916.67      9261450.11
  50          27          7212037.04      8475562.53
  55          26          3900346.15      4772071.56
  60          24          3417708.33      4601116.78
  65          24          4003541.67      4485067.92
  70          27          3629666.67      4332202.92
  75          24          3155791.67      3045919.38
  80          25          1100040.00       139349.83
  85          25          1161800.00       -20109.18
  90          27          1075925.93      -153301.13
  95          26           998115.38      -293138.52
 100          22          1153136.36      -603607.16


Data Role=VALIDATE Target Variable=Population_in_thousands Target Label=' '

           Number of       Mean         Mean
Depth    Observations     Target     Predicted

   5          17         82706.12     74802.79
  10          20         82092.05     69908.47
  15          14         70381.84     60859.36
  20          19         53074.99     57163.39
  25          14         41492.11     54401.46
  30          17         39411.70     52561.78
  35          17         38954.08     47016.27
  40          17         38146.88     46124.67
  45          17         36143.98     43310.87
  50          18         39881.18     41516.21
  55          15         36932.07     40924.03
  60          17         38711.14     38532.25
  65          18         28735.91     31816.92
  70          17         19672.88     28792.68
  75          17         26955.27     24888.74
  80          15         26536.40     23880.57
  85          17         30897.70     19456.73
  90          17         19784.57      9000.67
  95          17         17948.11      6818.70
 100          16         15904.87      3730.63


Data Role=VALIDATE Target Variable=Sum_Labor_Force_Pop Target Label=' '

           Number of                            Mean
Depth    Observations    Mean Target       Predicted

   5          17          9686176.47     14203322.85
  10          17         13020705.88     13879816.57
  15          19         11726684.21     13355932.22
  20          18         11624777.78     12425711.23
  25          14          9975071.43     11750246.67
  30          18         12943111.11     11277173.89
  35          16         12145000.00     10483123.40
  40          17         12010470.59      9506709.12
  45          18         12948055.56      9073162.88
  50          14         11317785.71      7473919.77
  55          17          3324352.94      4771066.64
  60          18          4227277.78      4631860.67
  65          18          3833833.33      4517953.94
  70          16          4168812.50      4389194.30
  75          17          3816411.76      4159165.54
  80          17          1733529.41       863972.64
  85          15          1164866.67       102776.40
  90          17          1006588.24       -50103.75
  95          17          1129705.88      -224936.11
 100          16          1354625.00      -442063.75
 
                                                                                                                                                                                                                                                                
 
 
Assessment Score Distribution

Data Role=TRAIN Target Variable=Population_in_thousands Target Label=' '

                            Mean         Mean        Number of       Model
 Range for Predicted       Target     Predicted    Observations      Score

77185.214 -  81078.750    83297.03     80092.22          7         79131.98
73291.677 -  77185.214    82553.50     73734.78         20         75238.45
69398.140 -  73291.677    82575.05     72161.96         18         71344.91
65504.604 -  69398.140    82933.07     68103.47          2         67451.37
61611.067 -  65504.604    82280.74     63454.31          9         63557.84
57717.531 -  61611.067    64751.98     59930.42         35         59664.30
53823.994 -  57717.531    41437.05     55130.45         50         55770.76
49930.457 -  53823.994    39985.34     52601.65         18         51877.23
46036.921 -  49930.457    38948.94     46828.47         35         47983.69
42143.384 -  46036.921    36505.48     44177.88         15         44090.15
38249.848 -  42143.384    39015.60     40498.04         58         40196.62
34356.311 -  38249.848    38595.20     36810.87         22         36303.08
30462.774 -  34356.311    38338.21     33697.37          1         32409.54
26569.238 -  30462.774    20951.86     29001.79         48         28516.01
22675.701 -  26569.238    26610.13     24231.50         57         24622.47
18782.165 -  22675.701    33390.75     22028.79         23         20728.93
10995.091 -  14888.628    20432.57     14211.41          4         12941.86
7101.555 -  10995.091     19544.10      8806.26         39          9048.32
3208.018 -  7101.555      16178.34      3807.14         43          5154.79


Data Role=TRAIN Target Variable=Sum_Labor_Force_Pop Target Label=' '

                                                      Mean      Number of
    Range for Predicted        Mean Target       Predicted    Observations     Model Score

13833764.743 - 14611902.188    14001065.22     14070961.71         46          14222833.47
13055627.299 - 13833764.743    13060959.18     13514169.84         49          13444696.02
12277489.854 - 13055627.299    12755000.00     12661184.55          9          12666558.58
11499352.410 - 12277489.854    12754500.00     11796793.32         30          11888421.13
10721214.965 - 11499352.410    11620035.71     11213469.87         28          11110283.69
 9943077.521 - 10721214.965    10253562.50     10227117.56         16          10332146.24
 9164940.076 -  9943077.521     9245488.37      9490611.09         43           9554008.80
 8386802.631 -  9164940.076     7198608.70      9029800.63         23           8775871.35
 7608665.187 -  8386802.631     7097857.14      7835554.25          7           7997733.91
 6830527.742 -  7608665.187     5832000.00      7082676.41          3           7219596.46
 4496115.408 -  5274252.853     3722258.62      4668845.07         58           4885184.13
 3717977.964 -  4496115.408     3801228.07      4311321.28         57           4107046.69
 2939840.519 -  3717977.964     3119250.00      3549803.46          4           3328909.24
 -172709.259 -  605428.186      1118092.11        24331.02         76            216359.46
 -950846.704 -  -172709.259     1093854.55      -407853.36         55           -561777.98


Data Role=VALIDATE Target Variable=Population_in_thousands Target Label=' '

                            Mean         Mean        Number of       Model
 Range for Predicted       Target     Predicted    Observations      Score

77185.214 -  81078.750    83357.12     80503.27          3         79131.98
73291.677 -  77185.214    82533.88     73726.55         10         75238.45
69398.140 -  73291.677    83256.59     72196.95         17         71344.91
65504.604 -  69398.140    82933.07     68103.47          3         67451.37
61611.067 -  65504.604    79067.86     64773.27          6         63557.84
57717.531 -  61611.067    68693.07     59627.46         20         59664.30
53823.994 -  57717.531    41386.59     55118.00         25         55770.76
49930.457 -  53823.994    39411.70     52561.78         17         51877.23
46036.921 -  49930.457    38743.98     46650.53         30         47983.69
42143.384 -  46036.921    35382.58     44650.85         15         44090.15
38249.848 -  42143.384    39241.84     40658.53         52         40196.62
34356.311 -  38249.848    36208.60     36909.58          8         36303.08
30462.774 -  34356.311    38338.21     33697.37          4         32409.54
26569.238 -  30462.774    19634.27     29054.57         27         28516.01
22675.701 -  26569.238    27134.27     24365.83         33         24622.47
18782.165 -  22675.701    33789.07     22054.24         12         20728.93
10995.091 -  14888.628    20432.57     14211.41          1         12941.86
7101.555 -  10995.091     19558.11      8829.14         31          9048.32
3208.018 -  7101.555      15902.10      3821.04         22          5154.79


Data Role=VALIDATE Target Variable=Sum_Labor_Force_Pop Target Label=' '

                                                      Mean      Number of
    Range for Predicted        Mean Target       Predicted    Observations     Model Score

13833764.743 - 14611902.188    10771068.97     14096052.80         29          14222833.47
13055627.299 - 13833764.743    12430692.31     13410177.31         26          13444696.02
12277489.854 - 13055627.299    11291333.33     12808129.41          6          12666558.58
11499352.410 - 12277489.854    10381120.00     11866195.88         25          11888421.13
10721214.965 - 11499352.410    13299045.45     11194355.80         22          11110283.69
 9943077.521 - 10721214.965    11336777.78     10343884.84          9          10332146.24
 9164940.076 -  9943077.521    12254318.18      9505307.12         22           9554008.80
 8386802.631 -  9164940.076    13149529.41      9009102.21         17           8775871.35
 7608665.187 -  8386802.631    11718500.00      7870506.97          8           7997733.91
 6830527.742 -  7608665.187    16152000.00      7082676.41          2           7219596.46
 4496115.408 -  5274252.853     3809042.55      4677433.99         47           4885184.13
 3717977.964 -  4496115.408     3914697.67      4298848.08         43           4107046.69
 2939840.519 -  3717977.964     5581000.00      3549803.46          1           3328909.24
 -172709.259 -  605428.186      1070897.96        66937.02         49            216359.46
 -950846.704 -  -172709.259     1226366.67      -346652.76         30           -561777.98
