 
                                                                                                                                                                                                                                                                
 
 
Variable Summary

          Measurement    Frequency
 Role        Level         Count

INPUT      NOMINAL           3    
TARGET     INTERVAL          2    
 
                                                                                                                                                                                                                                                                
 
 
Predicted and decision variables

Type                 Variable                           Label

TARGET       Population_in_thousands                                        
PREDICTED    P_Population_in_thousands    Predicted: Population_in_thousands
RESIDUAL     R_Population_in_thousands    Residual: Population_in_thousands 
 
                                                                                                                                                                                                                                                                
 
 
Predicted and decision variables

Type               Variable                       Label

TARGET       Sum_Labor_Force_Pop                                    
PREDICTED    P_Sum_Labor_Force_Pop    Predicted: Sum_Labor_Force_Pop
RESIDUAL     R_Sum_Labor_Force_Pop    Residual: Sum_Labor_Force_Pop 
 
                                                                                                                                                                                                                                                                
 
 

The NEURAL Procedure

Preliminary       Starting         Objective         Number
 Training          Random           Function           of        Terminating
    Run             Seed             Value         Iterations     Criteria

        1               12345     9752491493927           10                
        2           595557366     9766307931114           10                
        3          1459673440     9896795281309           10                
        4           597562455    11457373961596           10                
        5           265526746    10197854960146           10                
 
                                                                                                                                                                                                                                                                
 
 

The NEURAL Procedure

                         Optimization Start
                         Parameter Estimates
                                                            Gradient
                                                           Objective
  N Parameter                               Estimate        Function

  1 Age_group16to24_H11                     2.804516      -614379385
  2 Age_group25to44_H11                     2.662576       -45091851
  3 Age_group45to64_H11                     2.274280      -353520756
  4 Date2000_H11                            0.471253       835473041
  5 Date2001_H11                            0.233119       831748085
  6 Date2002_H11                            0.549025       833850558
  7 Date2003_H11                           -0.153467       830680818
  8 Date2004_H11                            0.469447       838750742
  9 Date2005_H11                            0.376050       832433868
 10 Date2006_H11                            0.390614       832571119
 11 Date2007_H11                           -0.246952       835839439
 12 Date2008_H11                           -0.094099       827430343
 13 Date2009_H11                            0.022820       831912179
 14 Date2010_H11                            0.612521       838250467
 15 Date2011_H11                            0.165047       838244447
 16 Date2012_H11                            0.230860       834692202
 17 Genderbothsexes_H11                    -0.559734      -540459786
 18 Genderfemale_H11                       -0.527542      -600243864
 19 Age_group16to24_H12                    -6.529715     13677889016
 20 Age_group25to44_H12                     0.285699     12476657542
 21 Age_group45to64_H12                    -0.009823    -19618941934
 22 Date2000_H12                           -0.306252      8536663333
 23 Date2001_H12                           -1.211378     -3541357527
 24 Date2002_H12                           -1.516456     -1562536588
 25 Date2003_H12                            0.862995    -19419800896
 26 Date2004_H12                           -0.934988     -7296255331
 27 Date2005_H12                            0.624211    -32872827796
 28 Date2006_H12                           -2.368363      3622199043
 29 Date2007_H12                            1.124494     -6041830831
 30 Date2008_H12                            1.850477       984547833
 31 Date2009_H12                            1.707762    -13000525924
 32 Date2010_H12                           -1.419630     -2878684528
 33 Date2011_H12                            1.620833    -10419691478
 34 Date2012_H12                            1.487365      6844542344
 35 Genderbothsexes_H12                    -0.035192     10577191371
 36 Genderfemale_H12                       -2.395516    -45640401209
 37 Age_group16to24_H13                     7.061590     -3060529832
 38 Age_group25to44_H13                     0.570481      8352879101
 39 Age_group45to64_H13                     2.638958     -4112727462
 40 Date2000_H13                           -0.168283     -1518854826
 41 Date2001_H13                           -1.283322       992548943
 42 Date2002_H13                            0.501336     -4970017441
 43 Date2003_H13                           -0.775594     -2511694274
 44 Date2004_H13                            0.788133     -3386844389
 45 Date2005_H13                            0.412390     -4532117816
 46 Date2006_H13                           -0.596840     -2000824583
 47 Date2007_H13                           -0.660332     -2853061428
 48 Date2008_H13                           -1.370181      2294202947
 49 Date2009_H13                            0.083814     -6010218252
 50 Date2010_H13                           -0.755404     -1496163145
 51 Date2011_H13                           -0.028355     -6845986670
 52 Date2012_H13                           -0.498491      3477207863
 53 Genderbothsexes_H13                     1.131177     -9626161504
 54 Genderfemale_H13                        1.647361     -8122023818
 55 Age_group16to24_H14                     3.463087     -2934577899
 56 Age_group25to44_H14                     4.471367       871880296
 57 Age_group45to64_H14                     2.726053      -537322245
 58 Date2000_H14                            0.747033      2382290440
 59 Date2001_H14                            0.567684      2378870002
 60 Date2002_H14                            1.119490      2385023283
 61 Date2003_H14                            0.350575      2375642732
 62 Date2004_H14                            0.819470      2388319450
 63 Date2005_H14                            0.721107      2378363788
 64 Date2006_H14                            0.884349      2381446662
 65 Date2007_H14                           -0.069207      2377841722
 66 Date2008_H14                           -0.157617      2375058643
 67 Date2009_H14                            0.583736      2376693227
 68 Date2010_H14                            0.527613      2380125346
 69 Date2011_H14                            0.598354      2385355900
 70 Date2012_H14                           -0.035713      2378621751
 71 Genderbothsexes_H14                    -1.594769    -10127449322
 72 Genderfemale_H14                       -1.013980      5974429900
 73 Age_group16to24_H15                    -8.583380       827371286
 74 Age_group25to44_H15                     1.734311    -42425563951
 75 Age_group45to64_H15                    -2.509592    -14903836999
 76 Date2000_H15                           -2.010623       193795154
 77 Date2001_H15                           -1.657073     10996939443
 78 Date2002_H15                           -0.455389      8353898211
 79 Date2003_H15                           -1.164712     12237706601
 80 Date2004_H15                           -3.288791        80370556
 81 Date2005_H15                           -0.478624     11544790840
 82 Date2006_H15                           -1.010236     17976659095
 83 Date2007_H15                            1.293459     12515604993
 84 Date2008_H15                            3.005131      6628381004
 85 Date2009_H15                           -0.049354      6991154049
 86 Date2010_H15                            0.596927     11741595330
 87 Date2011_H15                            0.580896     12527835398
 88 Date2012_H15                            1.858543     25838779573
 89 Genderbothsexes_H15                    -0.840765    -80973691250
 90 Genderfemale_H15                        1.944107    -22311335308
 91 BIAS_H11                                2.480536      -772042502
 92 BIAS_H12                                1.790736      6263275238
 93 BIAS_H13                                2.853874     13421088823
 94 BIAS_H14                                3.494494     -2296547046
 95 BIAS_H15                                1.941999    -56502416687
 96 H11_Population_in_thousands          1205.297931      448.017967
 97 H12_Population_in_thousands          1161.954614    -4388.318706
 98 H13_Population_in_thousands         -3343.151032      703.514302
 99 H14_Population_in_thousands         -2016.506072     -227.302336
100 H15_Population_in_thousands          5915.280447     1083.215750
101 H11_Sum_Labor_Force_Pop                  -295060          587755
102 H12_Sum_Labor_Force_Pop                  1200951         -418182
103 H13_Sum_Labor_Force_Pop                  -622387          628851
104 H14_Sum_Labor_Force_Pop                  -467275          544810
105 H15_Sum_Labor_Force_Pop                  1356666         -621697
106 Age_group16to24_Population_in_th      728.718562     1431.160427
107 Age_group25to44_Population_in_th           13881      738.615011
108 Age_group45to64_Population_in_th           11891     -397.320980
109 Date2000_Population_in_thousands     -734.876070     -443.118440
110 Date2001_Population_in_thousands    -1005.449669     -422.423785
111 Date2002_Population_in_thousands     -196.729379     -390.577079
112 Date2003_Population_in_thousands     -548.124329     -486.653797
113 Date2004_Population_in_thousands     -706.153079     -669.652236
114 Date2005_Population_in_thousands     -393.473057     -473.649717
115 Date2006_Population_in_thousands     -450.137224     -490.864954
116 Date2007_Population_in_thousands     -554.783327     -450.842236
117 Date2008_Population_in_thousands     -258.442731     -373.900912
118 Date2009_Population_in_thousands     -103.620921     -500.546016
119 Date2010_Population_in_thousands     -200.510084     -520.588321
120 Date2011_Population_in_thousands      406.714770     -718.991838
121 Date2012_Population_in_thousands     -474.646386     -490.663893
122 Genderbothsexes_Population_in_th           18345     2436.550818
123 Genderfemale_Population_in_thous     1012.855170     6691.675054
124 Age_group16to24_Sum_Labor_Force_         1381576          498848
125 Age_group25to44_Sum_Labor_Force_         5606191          378393
126 Age_group45to64_Sum_Labor_Force_         4011211          369728
127 Date2000_Sum_Labor_Force_Pop              -25962           44111
128 Date2001_Sum_Labor_Force_Pop             -119892           24664
129 Date2002_Sum_Labor_Force_Pop               59716           62985
130 Date2003_Sum_Labor_Force_Pop              104897           11067
131 Date2004_Sum_Labor_Force_Pop              -71742           23577
132 Date2005_Sum_Labor_Force_Pop               71168           53447
133 Date2006_Sum_Labor_Force_Pop              -29647           43681
134 Date2007_Sum_Labor_Force_Pop              186858           15756
135 Date2008_Sum_Labor_Force_Pop              121124           16464
136 Date2009_Sum_Labor_Force_Pop              106128           24386
137 Date2010_Sum_Labor_Force_Pop              -10559           43471
138 Date2011_Sum_Labor_Force_Pop              129159           22730
139 Date2012_Sum_Labor_Force_Pop               76665           54047
140 Genderbothsexes_Sum_Labor_Force_          226995           43472
141 Genderfemale_Sum_Labor_Force_Pop    -3400.004641          -44996
142 BIAS_Population_in_thousands               38841     -784.739241
143 BIAS_Sum_Labor_Force_Pop                 6927310          -68267

Value of Objective Function = 9.7524915E12

 
                                                                                                                                                                                                                                                                
 
 

The NEURAL Procedure

Dual Quasi-Newton Optimization


Minimum Iterations                                0
Maximum Iterations                               50
Maximum Function Calls                   2147483647
Maximum CPU Time                              14400
ABSGCONV Gradient Criterion                 0.00001
GCONV Gradient Criterion                       1E-8
ABSFCONV Function Criterion                       0
FCONV Function Criterion                     0.0001
FCONV2 Function Criterion                         0
FSIZE Parameter                                   0
ABSXCONV Parameter Change Criterion               0
XCONV Parameter Change Criterion                  0
XSIZE Parameter                                   0
ABSCONV Function Criterion              21415789698
Line Search Method                                2
Starting Alpha for Line Search                    1
Line Search Precision LSPRECISION               0.4
DAMPSTEP Parameter for Line Search                .
Singularity Tolerance (SINGULAR)               1E-8

Dual Quasi-Newton Optimization

Dual Broyden - Fletcher - Goldfarb - Shanno Update (DBFGS)

Parameter Estimates             143

                                             Optimization Start

Active Constraints                                  0  Objective Function                       9.7524915E12
Max Abs Gradient Element                  80973691250                                                       


                                                                 Objective     Max Abs                Slope of
                     Function         Active        Objective     Function    Gradient       Step       Search
Iter     Restarts       Calls    Constraints         Function       Change     Element       Size    Direction

   1            0          28              0       9.69165E12     6.084E10    6.344E10    632E-12      -201E18
   2            0          44              0       9.66391E12     2.774E10    4.358E10    5.29E-7      -107E15
   3            0          59              0       9.64739E12     1.653E10    5.425E10    1.16E-6        -6E16
   4            0          72              0       9.62933E12     1.806E10    5.875E10     2.7E-6       -27E15
   5            0          87              0       9.58918E12     4.015E10    4.952E10    9.71E-7      -579E14
   6            0         102              0       9.57737E12     1.181E10    6.504E10    3.28E-7      -797E14
   7            0         115              0       9.56817E12     9.2026E9    5.209E10    2.04E-6      -231E14
   8            0         128              0       9.55337E12      1.48E10    4.885E10       4E-6       -24E15
   9            0         141              0       9.52757E12      2.58E10    5.264E10    3.76E-6      -133E14
  10            0         155              0       9.50436E12     2.321E10    4.747E10    2.04E-6      -353E14
  11            0         170              0        9.4726E12     3.175E10    4.411E10    3.57E-6      -236E14
  12            0         184              0       9.43905E12     3.355E10    2.634E10    8.21E-6       -16E15
  13            0         198              0       9.41734E12     2.171E10    1.669E10    3.62E-6      -171E14
  14            0         212              0       9.40338E12     1.396E10      1.7E10    3.16E-6      -127E14
  15            0         225              0       9.38845E12     1.493E10    8.3246E9    4.02E-6      -679E13
  16            0         236              0       9.38377E12     4.6764E9    1.416E10    8.34E-6      -175E13
  17            0         247              0       9.37571E12      8.063E9    1.248E10    0.00001       -18E14
  18            0         256              0       9.37098E12     4.7309E9    9.3946E9    0.00002      -972E12
  19            0         266              0       9.36748E12     3.5032E9    1.234E10    0.00002      -313E12
  20            0         276              0       9.36675E12     7.2813E8     1.19E10    7.21E-7      -141E13
  21            0         283              0       9.36482E12     1.9283E9    7.0255E9    0.00003      -279E12
  22            0         290              0       9.36171E12     3.1081E9    6.9894E9    0.00002      -252E12
  23            0         300              0       9.35881E12     2.9016E9    1.543E10    0.00001      -283E12
  24            0         314              0       9.35571E12     3.0969E9    3.403E10    2.65E-6       -14E14
  25            0         323              0       9.35538E12     3.3567E8    4.074E10     2.1E-6      -901E12
  26            0         331              0       9.35516E12     2.1577E8    4.072E10    1.67E-6      -194E12
  27            0         338              0       9.35474E12     4.2568E8     3.78E10    8.07E-6      -118E12
  28            0         345              0       9.35435E12     3.8153E8    4.003E10    8.14E-6      -823E11
  29            0         352              0       9.35376E12     5.9873E8    4.008E10    0.00001      -942E11
  30            0         359              0       9.35314E12     6.1866E8    3.952E10    7.37E-6      -142E12
  31            0         366              0       9.35256E12     5.7912E8    3.827E10    0.00001      -801E11
  32            0         378              0       9.34654E12     6.0159E9    3.616E10    0.00002      -213E12
  33            0         386              0        9.3465E12     43088980    3.608E10    7.96E-7      -176E12
  34            0         392              0       9.34621E12      2.879E8    3.573E10    0.00002       -26E12
  35            0         398              0       9.34602E12     1.8789E8    3.616E10    0.00002      -227E11
  36            0         404              0        9.3456E12     4.1899E8    3.783E10    0.00002       -37E12
  37            0         413              0       9.34447E12     1.1323E9    3.656E10    0.00003      -579E11
  38            0         422              0       9.34319E12     1.2833E9    3.392E10    0.00002      -141E12
  39            0         428              0       9.34297E12     2.2102E8    3.242E10    0.00001       -26E12
  40            0         434              0       9.34272E12      2.513E8    3.358E10    0.00003       -16E12
  41            0         440              0       9.34235E12     3.6871E8    3.273E10    0.00005      -145E11
  42            0         446              0         9.342E12     3.4465E8    3.304E10    0.00002      -275E11
  43            0         452              0       9.34171E12     2.9741E8    3.387E10    0.00004      -164E11
  44            0         458              0       9.34135E12     3.5233E8    3.137E10    0.00005      -154E11
  45            0         464              0       9.34127E12     81465285    3.106E10    0.00002      -7455E9
  46            0         469              0       9.34113E12     1.3717E8     3.17E10    0.00010      -4329E9
  47            0         474              0       9.34105E12     82803559    3.156E10    0.00010      -3314E9
  48            0         482              0       9.34091E12     1.3822E8    3.192E10    0.00003      -8811E9

                                            Optimization Results

Iterations                                         48  Function Calls                                    484
Gradient Calls                                     59  Active Constraints                                  0
Objective Function                       9.3409139E12  Max Abs Gradient Element                  31922212122
Slope of Search Direction                -8.810603E12                                                       

Convergence criterion (FCONV=0.0001) satisfied.                                                   

NOTE: At least one element of the gradient is greater than 1e-3.

 
                                                                                                                                                                                                                                                                
 
 

The NEURAL Procedure

                        Optimization Results
                         Parameter Estimates
                                                            Gradient
                                                           Objective
  N Parameter                               Estimate        Function

  1 Age_group16to24_H11                     8.380177      -444216170
  2 Age_group25to44_H11                     7.794893     -6407665485
  3 Age_group45to64_H11                     5.872923      2596968202
  4 Date2000_H11                            0.834556      4254898734
  5 Date2001_H11                            0.613466      4254895437
  6 Date2002_H11                            0.972146      4254897996
  7 Date2003_H11                            0.320215      4254893256
  8 Date2004_H11                            0.960443      4254895934
  9 Date2005_H11                            0.874321      4254896554
 10 Date2006_H11                            0.808055      4254898581
 11 Date2007_H11                            0.135289      4254899668
 12 Date2008_H11                            0.220798      4254899768
 13 Date2009_H11                            0.466128      4254896850
 14 Date2010_H11                            1.010936      4254899007
 15 Date2011_H11                            0.646089      4254897180
 16 Date2012_H11                            0.646812      4254901357
 17 Genderbothsexes_H11                    -1.249300    -11201359343
 18 Genderfemale_H11                        1.213338     -7852624099
 19 Age_group16to24_H12                   -20.648378     11337615211
 20 Age_group25to44_H12                     1.338810      2758485334
 21 Age_group45to64_H12                    -3.322387     17883408392
 22 Date2000_H12                           -6.388262    -21928884651
 23 Date2001_H12                           -6.081075    -20353724153
 24 Date2002_H12                           -9.187807    -16794169248
 25 Date2003_H12                            5.933629    -19317950766
 26 Date2004_H12                            2.446183    -26188644397
 27 Date2005_H12                            7.967577    -20108283537
 28 Date2006_H12                          -13.977551    -19844254491
 29 Date2007_H12                            6.790326    -23958304133
 30 Date2008_H12                           -0.486229    -19909804996
 31 Date2009_H12                            8.654483    -16480939913
 32 Date2010_H12                          -15.838196    -21842643347
 33 Date2011_H12                            8.366115    -18824857571
 34 Date2012_H12                            5.601750    -28642153911
 35 Genderbothsexes_H12                     5.862434     12802555821
 36 Genderfemale_H12                       -7.900524      8591173323
 37 Age_group16to24_H13                    26.901199       -61476757
 38 Age_group25to44_H13                    -4.361384    -11348936237
 39 Age_group45to64_H13                     6.391658       -50607616
 40 Date2000_H13                           -4.477020      1045169456
 41 Date2001_H13                           -4.128890       958089911
 42 Date2002_H13                            1.620394       964637336
 43 Date2003_H13                           -0.476144      1051121267
 44 Date2004_H13                            4.314011     -3280668780
 45 Date2005_H13                            5.423060       376216041
 46 Date2006_H13                           -9.194024      1091914424
 47 Date2007_H13                            3.479205       517454650
 48 Date2008_H13                          -13.572436       372222571
 49 Date2009_H13                            4.886703     -1223178168
 50 Date2010_H13                            2.068386      1816016309
 51 Date2011_H13                            4.902760     -1218726025
 52 Date2012_H13                           -0.599602      1054741300
 53 Genderbothsexes_H13                     4.253942     10819588376
 54 Genderfemale_H13                        7.537258      9530235100
 55 Age_group16to24_H14                     7.869569       -30517814
 56 Age_group25to44_H14                     7.760878       -30702921
 57 Age_group45to64_H14                    -1.903034     -1833086233
 58 Date2000_H14                            0.363091     -3884743798
 59 Date2001_H14                            1.018144     -4307508040
 60 Date2002_H14                            1.251968     -3933973417
 61 Date2003_H14                            0.381669     -5507267137
 62 Date2004_H14                            1.035467     -4710760863
 63 Date2005_H14                            0.993021     -4350114519
 64 Date2006_H14                            1.346369     -3756464699
 65 Date2007_H14                           -0.772158     -3331275248
 66 Date2008_H14                            0.486884     -3733311305
 67 Date2009_H14                            0.767510     -4211555845
 68 Date2010_H14                           -0.695058     -3151190189
 69 Date2011_H14                           -0.042235     -5136918976
 70 Date2012_H14                           -1.928584     -3832194742
 71 Genderbothsexes_H14                    -2.905357     -7028684701
 72 Genderfemale_H14                        3.284292     -2865904410
 73 Age_group16to24_H15                   -20.065815      7011074631
 74 Age_group25to44_H15                    10.760161      3652275700
 75 Age_group45to64_H15                    -5.029554     15451706699
 76 Date2000_H15                           -9.303939     -8771138977
 77 Date2001_H15                           -5.267443      -448669163
 78 Date2002_H15                           -1.403460     -2060805063
 79 Date2003_H15                            0.140913      8618001616
 80 Date2004_H15                           -9.137630      7761534483
 81 Date2005_H15                           -1.796434     -1947478105
 82 Date2006_H15                            0.570803      -504788409
 83 Date2007_H15                            1.605815     -2637958066
 84 Date2008_H15                           10.742266      2305570063
 85 Date2009_H15                           -1.206162     -1963182786
 86 Date2010_H15                            2.488685     -2317686638
 87 Date2011_H15                            0.633688      3388843512
 88 Date2012_H15                            1.651616     -6523121684
 89 Genderbothsexes_H15                     0.625741     11704965941
 90 Genderfemale_H15                        5.064125      4306077583
 91 BIAS_H11                                2.281488     -4254913453
 92 BIAS_H12                                5.271597     31922212122
 93 BIAS_H13                               12.173926    -11215113583
 94 BIAS_H14                                5.444245     -1772322304
 95 BIAS_H15                                3.841994     25417809461
 96 H11_Population_in_thousands          1205.297893      875.102145
 97 H12_Population_in_thousands          1161.954747    -2549.014984
 98 H13_Population_in_thousands         -3343.151082     1164.381353
 99 H14_Population_in_thousands         -2016.506111     1229.757767
100 H15_Population_in_thousands          5915.280381     1165.569215
101 H11_Sum_Labor_Force_Pop                  -295060          589003
102 H12_Sum_Labor_Force_Pop                  1200951         -480170
103 H13_Sum_Labor_Force_Pop                  -622387          724461
104 H14_Sum_Labor_Force_Pop                  -467275          630893
105 H15_Sum_Labor_Force_Pop                  1356666         -561692
106 Age_group16to24_Population_in_th      728.718489     1395.471603
107 Age_group25to44_Population_in_th           13881      976.356850
108 Age_group45to64_Population_in_th           11891     -243.081344
109 Date2000_Population_in_thousands     -734.876050     -404.551256
110 Date2001_Population_in_thousands    -1005.449649     -356.777262
111 Date2002_Population_in_thousands     -196.729361     -299.480202
112 Date2003_Population_in_thousands     -548.124309     -326.868583
113 Date2004_Population_in_thousands     -706.153050     -520.700308
114 Date2005_Population_in_thousands     -393.473036     -395.511717
115 Date2006_Population_in_thousands     -450.137205     -337.637494
116 Date2007_Population_in_thousands     -554.783308     -373.171267
117 Date2008_Population_in_thousands     -258.442716     -259.903673
118 Date2009_Population_in_thousands     -103.620897     -437.333026
119 Date2010_Population_in_thousands     -200.510062     -392.369431
120 Date2011_Population_in_thousands      406.714804     -611.242441
121 Date2012_Population_in_thousands     -474.646362     -446.760894
122 Genderbothsexes_Population_in_th           18345     2706.287213
123 Genderfemale_Population_in_thous     1012.854814     6695.110032
124 Age_group16to24_Sum_Labor_Force_         1381575          484529
125 Age_group25to44_Sum_Labor_Force_         5606191          415341
126 Age_group45to64_Sum_Labor_Force_         4011211          347062
127 Date2000_Sum_Labor_Force_Pop              -25962          -11460
128 Date2001_Sum_Labor_Force_Pop             -119892          -13657
129 Date2002_Sum_Labor_Force_Pop               59716           14456
130 Date2003_Sum_Labor_Force_Pop              104897     1919.681454
131 Date2004_Sum_Labor_Force_Pop              -71742           20704
132 Date2005_Sum_Labor_Force_Pop               71168           34774
133 Date2006_Sum_Labor_Force_Pop              -29647     5046.145506
134 Date2007_Sum_Labor_Force_Pop              186858    -7947.200694
135 Date2008_Sum_Labor_Force_Pop              121124          -20792
136 Date2009_Sum_Labor_Force_Pop              106128    -3552.574918
137 Date2010_Sum_Labor_Force_Pop              -10559    -6968.498778
138 Date2011_Sum_Labor_Force_Pop              129159     4381.464292
139 Date2012_Sum_Labor_Force_Pop               76665     8142.757845
140 Genderbothsexes_Sum_Labor_Force_          226995          220087
141 Genderfemale_Sum_Labor_Force_Pop    -3400.009106           79752
142 BIAS_Population_in_thousands               38841     -415.050639
143 BIAS_Sum_Labor_Force_Pop                 6927310          -65607

Value of Objective Function = 9.3409139E12

