NOTE: PROCEDURE PRINTTO used (Total process time):
      real time           0.00 seconds
      cpu time            0.00 seconds
      

1 
Traverser: Traverser invoked.  MPCONNECT command is sas. 
Traverser: Beginning flow traversal 
*------------------------------------------------------------* 
* 
* Ids3 : Beginning Update 
* datetime : 14NOV2019:16:16:27 
* 
*------------------------------------------------------------* 
12803      %let _HPDMGRIDHOST=;
12804      %let _HPDMGRIDINSTALLLOC=;
12805      %let _HPDMGRIDDATASERVER=;
12806      %hpdm_gridSetOPtions;

NOTE: DATA statement used (Total process time):
      real time           0.00 seconds
      cpu time            0.00 seconds
      


*------------------------------------------------------------* 
* 
* Ids3 : End Update 
* datetime : 14NOV2019:16:16:27 
* 
*------------------------------------------------------------* 
Traverser: WaitingNode "TRANS" 
traverser_readyNode_note 
*------------------------------------------------------------* 
* 
* Stat2 : Beginning Update 
* datetime : 14NOV2019:16:16:28 
* 
*------------------------------------------------------------* 
12827      %let _HPDMGRIDHOST=;
12828      %let _HPDMGRIDINSTALLLOC=;
12829      %let _HPDMGRIDDATASERVER=;
12830      %hpdm_gridSetOPtions;

NOTE: DATA statement used (Total process time):
      real time           0.00 seconds
      cpu time            0.00 seconds
      


*------------------------------------------------------------* 
* 
* Stat2 : End Update 
* datetime : 14NOV2019:16:16:28 
* 
*------------------------------------------------------------* 
traverser_readyNode_note 
*------------------------------------------------------------* 
* 
* Trans : Beginning Update 
* datetime : 14NOV2019:16:16:28 
* 
*------------------------------------------------------------* 
12850      %let _HPDMGRIDHOST=;
12851      %let _HPDMGRIDINSTALLLOC=;
12852      %let _HPDMGRIDDATASERVER=;
12853      %hpdm_gridSetOPtions;

NOTE: DATA statement used (Total process time):
      real time           0.00 seconds
      cpu time            0.00 seconds
      


*------------------------------------------------------------* 
* 
* Trans : End Update 
* datetime : 14NOV2019:16:16:28 
* 
*------------------------------------------------------------* 
Traverser: Run Completed 
12854      proc printto;
12855      run;

