 
                                                                                                                                                                                                                                                                
 
Variable Importance

                                                                                                                             Ratio of
                                                      Number of    Number of                                               Validation
                                                      Splitting    Surrogate                            Validation        to Training
Variable Name              Label                        Rules        Rules           Importance         Importance         Importance

Age_group                  Age_group                      2            0                 1.0000             1.0000             1.0000
Population_in_thousands                                   0            2                 0.9250             0.9243             0.9992
Date                       NAME OF FORMER VARIABLE        0            2                 0.7264             0.7265             1.0001
 
                                                                                                                                                                                                                                                                
 
Tree Leaf Report

Node               Training        Training      Validation      Validation     Training     Validation
 Id     Depth    Observations      Average      Observations      Average       Root ASE      Root ASE

  3       1           299        11279545.15         121        12439991.74    6244499.43    6401464.14
  5       2           154         1100870.13          56         1158357.14     715957.88     720893.14
  4       2           135         3696637.04          75         3985733.33    1757687.14    1960090.74
 
                                                                                                                                                                                                                                                                
 
 
Fit Statistics

Target=Sum_Labor_Force_Pop Target Label=' '

   Fit
Statistics    Statistics Label                    Train     Validation

  _NOBS_      Sum of Frequencies                 588.00         252.00
  _MAX_       Maximum Absolute Error        13797454.85    13797454.85
  _SSE_       Sum of Squared Errors         1.215516E16    5.275677E15
  _ASE_       Average Squared Error         2.067203E13    2.093523E13
  _RASE_      Root Average Squared Error     4546650.78     4575502.86
  _DIV_       Divisor for ASE                    588.00         252.00
  _DFT_       Total Degrees of Freedom           588.00            .  
 
                                                                                                                                                                                                                                                                
 
 
Assessment Score Rankings

Data Role=TRAIN Target Variable=Sum_Labor_Force_Pop Target Label=' '

           Number of                        Mean
Depth    Observations    Mean Target     Predicted

   5          299        11279545.15    11279545.15
  55          135         3696637.04     3696637.04
  75          154         1100870.13     1100870.13


Data Role=VALIDATE Target Variable=Sum_Labor_Force_Pop Target Label=' '

           Number of                        Mean
Depth    Observations    Mean Target     Predicted

   5          121        12439991.74    11279545.15
  50           75         3985733.33     3696637.04
  80           56         1158357.14     1100870.13
 
                                                                                                                                                                                                                                                                
 
 
Assessment Score Distribution

Data Role=TRAIN Target Variable=Sum_Labor_Force_Pop Target Label=' '

                                                  Mean         Number of
    Range for Predicted        Mean Target     Predicted     Observations    Model Score

10770611.400 - 11279545.151    11279545.15    11279545.15         299        11025078.28
 3645538.885 -  4154472.636     3696637.04     3696637.04         135         3900005.76
 1100870.130 -  1609803.881     1100870.13     1100870.13         154         1355337.01


Data Role=VALIDATE Target Variable=Sum_Labor_Force_Pop Target Label=' '

                                                  Mean         Number of
    Range for Predicted        Mean Target     Predicted     Observations    Model Score

10770611.400 - 11279545.151    12439991.74    11279545.15         121        11025078.28
 3645538.885 -  4154472.636     3985733.33     3696637.04          75         3900005.76
 1100870.130 -  1609803.881     1158357.14     1100870.13          56         1355337.01
